[2024-10-28T13:21:16.583+0000] {processor.py:186} INFO - Started process (PID=77) to work on /home/airflow/.local/lib/python3.12/site-packages/airflow/example_dags/example_short_circuit_decorator.py
[2024-10-28T13:21:16.584+0000] {processor.py:914} INFO - Processing file /home/airflow/.local/lib/python3.12/site-packages/airflow/example_dags/example_short_circuit_decorator.py for tasks to queue
[2024-10-28T13:21:16.586+0000] {logging_mixin.py:190} INFO - [2024-10-28T13:21:16.586+0000] {dagbag.py:588} INFO - Filling up the DagBag from /home/airflow/.local/lib/python3.12/site-packages/airflow/example_dags/example_short_circuit_decorator.py
[2024-10-28T13:21:16.597+0000] {processor.py:925} INFO - DAG(s) 'example_short_circuit_decorator' retrieved from /home/airflow/.local/lib/python3.12/site-packages/airflow/example_dags/example_short_circuit_decorator.py
[2024-10-28T13:21:16.699+0000] {logging_mixin.py:190} INFO - [2024-10-28T13:21:16.698+0000] {override.py:1900} INFO - Created Permission View: can delete on DAG:example_short_circuit_decorator
[2024-10-28T13:21:16.710+0000] {logging_mixin.py:190} INFO - [2024-10-28T13:21:16.710+0000] {override.py:1900} INFO - Created Permission View: can edit on DAG:example_short_circuit_decorator
[2024-10-28T13:21:16.718+0000] {logging_mixin.py:190} INFO - [2024-10-28T13:21:16.717+0000] {override.py:1900} INFO - Created Permission View: can read on DAG:example_short_circuit_decorator
[2024-10-28T13:21:16.729+0000] {logging_mixin.py:190} INFO - [2024-10-28T13:21:16.729+0000] {override.py:1900} INFO - Created Permission View: can create on DAG Run:example_short_circuit_decorator
[2024-10-28T13:21:16.737+0000] {logging_mixin.py:190} INFO - [2024-10-28T13:21:16.737+0000] {override.py:1900} INFO - Created Permission View: menu access on DAG Run:example_short_circuit_decorator
[2024-10-28T13:21:16.746+0000] {logging_mixin.py:190} INFO - [2024-10-28T13:21:16.746+0000] {override.py:1900} INFO - Created Permission View: can read on DAG Run:example_short_circuit_decorator
[2024-10-28T13:21:16.753+0000] {logging_mixin.py:190} INFO - [2024-10-28T13:21:16.753+0000] {override.py:1900} INFO - Created Permission View: can delete on DAG Run:example_short_circuit_decorator
[2024-10-28T13:21:16.754+0000] {logging_mixin.py:190} INFO - [2024-10-28T13:21:16.754+0000] {dag.py:3239} INFO - Sync 1 DAGs
[2024-10-28T13:21:16.766+0000] {logging_mixin.py:190} INFO - [2024-10-28T13:21:16.766+0000] {dag.py:3262} INFO - Creating ORM DAG for example_short_circuit_decorator
[2024-10-28T13:21:16.768+0000] {logging_mixin.py:190} INFO - [2024-10-28T13:21:16.767+0000] {dag.py:4180} INFO - Setting next_dagrun for example_short_circuit_decorator to None, run_after=None
[2024-10-28T13:21:16.783+0000] {processor.py:208} INFO - Processing /home/airflow/.local/lib/python3.12/site-packages/airflow/example_dags/example_short_circuit_decorator.py took 0.205 seconds
[2024-10-28T13:21:47.374+0000] {processor.py:186} INFO - Started process (PID=146) to work on /home/airflow/.local/lib/python3.12/site-packages/airflow/example_dags/example_short_circuit_decorator.py
[2024-10-28T13:21:47.375+0000] {processor.py:914} INFO - Processing file /home/airflow/.local/lib/python3.12/site-packages/airflow/example_dags/example_short_circuit_decorator.py for tasks to queue
[2024-10-28T13:21:47.377+0000] {logging_mixin.py:190} INFO - [2024-10-28T13:21:47.376+0000] {dagbag.py:588} INFO - Filling up the DagBag from /home/airflow/.local/lib/python3.12/site-packages/airflow/example_dags/example_short_circuit_decorator.py
[2024-10-28T13:21:47.384+0000] {processor.py:925} INFO - DAG(s) 'example_short_circuit_decorator' retrieved from /home/airflow/.local/lib/python3.12/site-packages/airflow/example_dags/example_short_circuit_decorator.py
[2024-10-28T13:21:47.399+0000] {logging_mixin.py:190} INFO - [2024-10-28T13:21:47.399+0000] {dag.py:3239} INFO - Sync 1 DAGs
[2024-10-28T13:21:47.410+0000] {logging_mixin.py:190} INFO - [2024-10-28T13:21:47.410+0000] {dag.py:4180} INFO - Setting next_dagrun for example_short_circuit_decorator to None, run_after=None
[2024-10-28T13:21:47.425+0000] {processor.py:208} INFO - Processing /home/airflow/.local/lib/python3.12/site-packages/airflow/example_dags/example_short_circuit_decorator.py took 0.055 seconds
[2024-10-28T13:25:00.267+0000] {processor.py:186} INFO - Started process (PID=77) to work on /home/airflow/.local/lib/python3.12/site-packages/airflow/example_dags/example_short_circuit_decorator.py
[2024-10-28T13:25:00.271+0000] {processor.py:914} INFO - Processing file /home/airflow/.local/lib/python3.12/site-packages/airflow/example_dags/example_short_circuit_decorator.py for tasks to queue
[2024-10-28T13:25:00.276+0000] {logging_mixin.py:190} INFO - [2024-10-28T13:25:00.276+0000] {dagbag.py:588} INFO - Filling up the DagBag from /home/airflow/.local/lib/python3.12/site-packages/airflow/example_dags/example_short_circuit_decorator.py
[2024-10-28T13:25:00.284+0000] {processor.py:925} INFO - DAG(s) 'example_short_circuit_decorator' retrieved from /home/airflow/.local/lib/python3.12/site-packages/airflow/example_dags/example_short_circuit_decorator.py
[2024-10-28T13:25:00.304+0000] {logging_mixin.py:190} INFO - [2024-10-28T13:25:00.303+0000] {dag.py:3239} INFO - Sync 1 DAGs
[2024-10-28T13:25:00.318+0000] {logging_mixin.py:190} INFO - [2024-10-28T13:25:00.317+0000] {dag.py:4180} INFO - Setting next_dagrun for example_short_circuit_decorator to None, run_after=None
[2024-10-28T13:25:00.335+0000] {processor.py:208} INFO - Processing /home/airflow/.local/lib/python3.12/site-packages/airflow/example_dags/example_short_circuit_decorator.py took 0.072 seconds
[2024-10-28T13:25:31.336+0000] {processor.py:186} INFO - Started process (PID=139) to work on /home/airflow/.local/lib/python3.12/site-packages/airflow/example_dags/example_short_circuit_decorator.py
[2024-10-28T13:25:31.337+0000] {processor.py:914} INFO - Processing file /home/airflow/.local/lib/python3.12/site-packages/airflow/example_dags/example_short_circuit_decorator.py for tasks to queue
[2024-10-28T13:25:31.340+0000] {logging_mixin.py:190} INFO - [2024-10-28T13:25:31.340+0000] {dagbag.py:588} INFO - Filling up the DagBag from /home/airflow/.local/lib/python3.12/site-packages/airflow/example_dags/example_short_circuit_decorator.py
[2024-10-28T13:25:31.352+0000] {processor.py:925} INFO - DAG(s) 'example_short_circuit_decorator' retrieved from /home/airflow/.local/lib/python3.12/site-packages/airflow/example_dags/example_short_circuit_decorator.py
[2024-10-28T13:25:31.368+0000] {logging_mixin.py:190} INFO - [2024-10-28T13:25:31.368+0000] {dag.py:3239} INFO - Sync 1 DAGs
[2024-10-28T13:25:31.379+0000] {logging_mixin.py:190} INFO - [2024-10-28T13:25:31.378+0000] {dag.py:4180} INFO - Setting next_dagrun for example_short_circuit_decorator to None, run_after=None
[2024-10-28T13:25:31.393+0000] {processor.py:208} INFO - Processing /home/airflow/.local/lib/python3.12/site-packages/airflow/example_dags/example_short_circuit_decorator.py took 0.061 seconds
[2024-10-28T13:26:02.312+0000] {processor.py:186} INFO - Started process (PID=208) to work on /home/airflow/.local/lib/python3.12/site-packages/airflow/example_dags/example_short_circuit_decorator.py
[2024-10-28T13:26:02.313+0000] {processor.py:914} INFO - Processing file /home/airflow/.local/lib/python3.12/site-packages/airflow/example_dags/example_short_circuit_decorator.py for tasks to queue
[2024-10-28T13:26:02.315+0000] {logging_mixin.py:190} INFO - [2024-10-28T13:26:02.315+0000] {dagbag.py:588} INFO - Filling up the DagBag from /home/airflow/.local/lib/python3.12/site-packages/airflow/example_dags/example_short_circuit_decorator.py
[2024-10-28T13:26:02.322+0000] {processor.py:925} INFO - DAG(s) 'example_short_circuit_decorator' retrieved from /home/airflow/.local/lib/python3.12/site-packages/airflow/example_dags/example_short_circuit_decorator.py
[2024-10-28T13:26:02.337+0000] {logging_mixin.py:190} INFO - [2024-10-28T13:26:02.337+0000] {dag.py:3239} INFO - Sync 1 DAGs
[2024-10-28T13:26:02.347+0000] {logging_mixin.py:190} INFO - [2024-10-28T13:26:02.347+0000] {dag.py:4180} INFO - Setting next_dagrun for example_short_circuit_decorator to None, run_after=None
[2024-10-28T13:26:02.361+0000] {processor.py:208} INFO - Processing /home/airflow/.local/lib/python3.12/site-packages/airflow/example_dags/example_short_circuit_decorator.py took 0.053 seconds
[2024-10-28T13:26:32.743+0000] {processor.py:186} INFO - Started process (PID=271) to work on /home/airflow/.local/lib/python3.12/site-packages/airflow/example_dags/example_short_circuit_decorator.py
[2024-10-28T13:26:32.744+0000] {processor.py:914} INFO - Processing file /home/airflow/.local/lib/python3.12/site-packages/airflow/example_dags/example_short_circuit_decorator.py for tasks to queue
[2024-10-28T13:26:32.746+0000] {logging_mixin.py:190} INFO - [2024-10-28T13:26:32.746+0000] {dagbag.py:588} INFO - Filling up the DagBag from /home/airflow/.local/lib/python3.12/site-packages/airflow/example_dags/example_short_circuit_decorator.py
[2024-10-28T13:26:32.754+0000] {processor.py:925} INFO - DAG(s) 'example_short_circuit_decorator' retrieved from /home/airflow/.local/lib/python3.12/site-packages/airflow/example_dags/example_short_circuit_decorator.py
[2024-10-28T13:26:32.772+0000] {logging_mixin.py:190} INFO - [2024-10-28T13:26:32.772+0000] {dag.py:3239} INFO - Sync 1 DAGs
[2024-10-28T13:26:32.782+0000] {logging_mixin.py:190} INFO - [2024-10-28T13:26:32.782+0000] {dag.py:4180} INFO - Setting next_dagrun for example_short_circuit_decorator to None, run_after=None
[2024-10-28T13:26:32.797+0000] {processor.py:208} INFO - Processing /home/airflow/.local/lib/python3.12/site-packages/airflow/example_dags/example_short_circuit_decorator.py took 0.059 seconds
[2024-10-28T13:27:02.956+0000] {processor.py:186} INFO - Started process (PID=334) to work on /home/airflow/.local/lib/python3.12/site-packages/airflow/example_dags/example_short_circuit_decorator.py
[2024-10-28T13:27:02.957+0000] {processor.py:914} INFO - Processing file /home/airflow/.local/lib/python3.12/site-packages/airflow/example_dags/example_short_circuit_decorator.py for tasks to queue
[2024-10-28T13:27:02.960+0000] {logging_mixin.py:190} INFO - [2024-10-28T13:27:02.960+0000] {dagbag.py:588} INFO - Filling up the DagBag from /home/airflow/.local/lib/python3.12/site-packages/airflow/example_dags/example_short_circuit_decorator.py
[2024-10-28T13:27:02.967+0000] {processor.py:925} INFO - DAG(s) 'example_short_circuit_decorator' retrieved from /home/airflow/.local/lib/python3.12/site-packages/airflow/example_dags/example_short_circuit_decorator.py
[2024-10-28T13:27:02.985+0000] {logging_mixin.py:190} INFO - [2024-10-28T13:27:02.985+0000] {dag.py:3239} INFO - Sync 1 DAGs
[2024-10-28T13:27:02.996+0000] {logging_mixin.py:190} INFO - [2024-10-28T13:27:02.996+0000] {dag.py:4180} INFO - Setting next_dagrun for example_short_circuit_decorator to None, run_after=None
[2024-10-28T13:27:03.010+0000] {processor.py:208} INFO - Processing /home/airflow/.local/lib/python3.12/site-packages/airflow/example_dags/example_short_circuit_decorator.py took 0.058 seconds
[2024-10-28T13:27:33.582+0000] {processor.py:186} INFO - Started process (PID=397) to work on /home/airflow/.local/lib/python3.12/site-packages/airflow/example_dags/example_short_circuit_decorator.py
[2024-10-28T13:27:33.583+0000] {processor.py:914} INFO - Processing file /home/airflow/.local/lib/python3.12/site-packages/airflow/example_dags/example_short_circuit_decorator.py for tasks to queue
[2024-10-28T13:27:33.585+0000] {logging_mixin.py:190} INFO - [2024-10-28T13:27:33.585+0000] {dagbag.py:588} INFO - Filling up the DagBag from /home/airflow/.local/lib/python3.12/site-packages/airflow/example_dags/example_short_circuit_decorator.py
[2024-10-28T13:27:33.592+0000] {processor.py:925} INFO - DAG(s) 'example_short_circuit_decorator' retrieved from /home/airflow/.local/lib/python3.12/site-packages/airflow/example_dags/example_short_circuit_decorator.py
[2024-10-28T13:27:33.608+0000] {logging_mixin.py:190} INFO - [2024-10-28T13:27:33.608+0000] {dag.py:3239} INFO - Sync 1 DAGs
[2024-10-28T13:27:33.618+0000] {logging_mixin.py:190} INFO - [2024-10-28T13:27:33.618+0000] {dag.py:4180} INFO - Setting next_dagrun for example_short_circuit_decorator to None, run_after=None
[2024-10-28T13:27:33.634+0000] {processor.py:208} INFO - Processing /home/airflow/.local/lib/python3.12/site-packages/airflow/example_dags/example_short_circuit_decorator.py took 0.056 seconds
[2024-10-28T13:28:04.064+0000] {processor.py:186} INFO - Started process (PID=460) to work on /home/airflow/.local/lib/python3.12/site-packages/airflow/example_dags/example_short_circuit_decorator.py
[2024-10-28T13:28:04.065+0000] {processor.py:914} INFO - Processing file /home/airflow/.local/lib/python3.12/site-packages/airflow/example_dags/example_short_circuit_decorator.py for tasks to queue
[2024-10-28T13:28:04.067+0000] {logging_mixin.py:190} INFO - [2024-10-28T13:28:04.066+0000] {dagbag.py:588} INFO - Filling up the DagBag from /home/airflow/.local/lib/python3.12/site-packages/airflow/example_dags/example_short_circuit_decorator.py
[2024-10-28T13:28:04.075+0000] {processor.py:925} INFO - DAG(s) 'example_short_circuit_decorator' retrieved from /home/airflow/.local/lib/python3.12/site-packages/airflow/example_dags/example_short_circuit_decorator.py
[2024-10-28T13:28:04.092+0000] {logging_mixin.py:190} INFO - [2024-10-28T13:28:04.092+0000] {dag.py:3239} INFO - Sync 1 DAGs
[2024-10-28T13:28:04.102+0000] {logging_mixin.py:190} INFO - [2024-10-28T13:28:04.102+0000] {dag.py:4180} INFO - Setting next_dagrun for example_short_circuit_decorator to None, run_after=None
[2024-10-28T13:28:04.117+0000] {processor.py:208} INFO - Processing /home/airflow/.local/lib/python3.12/site-packages/airflow/example_dags/example_short_circuit_decorator.py took 0.058 seconds
[2024-10-28T13:28:34.577+0000] {processor.py:186} INFO - Started process (PID=523) to work on /home/airflow/.local/lib/python3.12/site-packages/airflow/example_dags/example_short_circuit_decorator.py
[2024-10-28T13:28:34.578+0000] {processor.py:914} INFO - Processing file /home/airflow/.local/lib/python3.12/site-packages/airflow/example_dags/example_short_circuit_decorator.py for tasks to queue
[2024-10-28T13:28:34.580+0000] {logging_mixin.py:190} INFO - [2024-10-28T13:28:34.580+0000] {dagbag.py:588} INFO - Filling up the DagBag from /home/airflow/.local/lib/python3.12/site-packages/airflow/example_dags/example_short_circuit_decorator.py
[2024-10-28T13:28:34.587+0000] {processor.py:925} INFO - DAG(s) 'example_short_circuit_decorator' retrieved from /home/airflow/.local/lib/python3.12/site-packages/airflow/example_dags/example_short_circuit_decorator.py
[2024-10-28T13:28:34.603+0000] {logging_mixin.py:190} INFO - [2024-10-28T13:28:34.603+0000] {dag.py:3239} INFO - Sync 1 DAGs
[2024-10-28T13:28:34.613+0000] {logging_mixin.py:190} INFO - [2024-10-28T13:28:34.613+0000] {dag.py:4180} INFO - Setting next_dagrun for example_short_circuit_decorator to None, run_after=None
[2024-10-28T13:28:34.627+0000] {processor.py:208} INFO - Processing /home/airflow/.local/lib/python3.12/site-packages/airflow/example_dags/example_short_circuit_decorator.py took 0.055 seconds
[2024-10-28T13:29:05.233+0000] {processor.py:186} INFO - Started process (PID=586) to work on /home/airflow/.local/lib/python3.12/site-packages/airflow/example_dags/example_short_circuit_decorator.py
[2024-10-28T13:29:05.234+0000] {processor.py:914} INFO - Processing file /home/airflow/.local/lib/python3.12/site-packages/airflow/example_dags/example_short_circuit_decorator.py for tasks to queue
[2024-10-28T13:29:05.237+0000] {logging_mixin.py:190} INFO - [2024-10-28T13:29:05.237+0000] {dagbag.py:588} INFO - Filling up the DagBag from /home/airflow/.local/lib/python3.12/site-packages/airflow/example_dags/example_short_circuit_decorator.py
[2024-10-28T13:29:05.247+0000] {processor.py:925} INFO - DAG(s) 'example_short_circuit_decorator' retrieved from /home/airflow/.local/lib/python3.12/site-packages/airflow/example_dags/example_short_circuit_decorator.py
[2024-10-28T13:29:05.263+0000] {logging_mixin.py:190} INFO - [2024-10-28T13:29:05.263+0000] {dag.py:3239} INFO - Sync 1 DAGs
[2024-10-28T13:29:05.273+0000] {logging_mixin.py:190} INFO - [2024-10-28T13:29:05.273+0000] {dag.py:4180} INFO - Setting next_dagrun for example_short_circuit_decorator to None, run_after=None
[2024-10-28T13:29:05.288+0000] {processor.py:208} INFO - Processing /home/airflow/.local/lib/python3.12/site-packages/airflow/example_dags/example_short_circuit_decorator.py took 0.060 seconds
[2024-10-28T13:29:35.551+0000] {processor.py:186} INFO - Started process (PID=649) to work on /home/airflow/.local/lib/python3.12/site-packages/airflow/example_dags/example_short_circuit_decorator.py
[2024-10-28T13:29:35.554+0000] {processor.py:914} INFO - Processing file /home/airflow/.local/lib/python3.12/site-packages/airflow/example_dags/example_short_circuit_decorator.py for tasks to queue
[2024-10-28T13:29:35.557+0000] {logging_mixin.py:190} INFO - [2024-10-28T13:29:35.557+0000] {dagbag.py:588} INFO - Filling up the DagBag from /home/airflow/.local/lib/python3.12/site-packages/airflow/example_dags/example_short_circuit_decorator.py
[2024-10-28T13:29:35.566+0000] {processor.py:925} INFO - DAG(s) 'example_short_circuit_decorator' retrieved from /home/airflow/.local/lib/python3.12/site-packages/airflow/example_dags/example_short_circuit_decorator.py
[2024-10-28T13:29:35.583+0000] {logging_mixin.py:190} INFO - [2024-10-28T13:29:35.582+0000] {dag.py:3239} INFO - Sync 1 DAGs
[2024-10-28T13:29:35.592+0000] {logging_mixin.py:190} INFO - [2024-10-28T13:29:35.592+0000] {dag.py:4180} INFO - Setting next_dagrun for example_short_circuit_decorator to None, run_after=None
[2024-10-28T13:29:35.609+0000] {processor.py:208} INFO - Processing /home/airflow/.local/lib/python3.12/site-packages/airflow/example_dags/example_short_circuit_decorator.py took 0.063 seconds
[2024-10-28T13:30:06.353+0000] {processor.py:186} INFO - Started process (PID=712) to work on /home/airflow/.local/lib/python3.12/site-packages/airflow/example_dags/example_short_circuit_decorator.py
[2024-10-28T13:30:06.354+0000] {processor.py:914} INFO - Processing file /home/airflow/.local/lib/python3.12/site-packages/airflow/example_dags/example_short_circuit_decorator.py for tasks to queue
[2024-10-28T13:30:06.356+0000] {logging_mixin.py:190} INFO - [2024-10-28T13:30:06.356+0000] {dagbag.py:588} INFO - Filling up the DagBag from /home/airflow/.local/lib/python3.12/site-packages/airflow/example_dags/example_short_circuit_decorator.py
[2024-10-28T13:30:06.363+0000] {processor.py:925} INFO - DAG(s) 'example_short_circuit_decorator' retrieved from /home/airflow/.local/lib/python3.12/site-packages/airflow/example_dags/example_short_circuit_decorator.py
[2024-10-28T13:30:06.379+0000] {logging_mixin.py:190} INFO - [2024-10-28T13:30:06.378+0000] {dag.py:3239} INFO - Sync 1 DAGs
[2024-10-28T13:30:06.389+0000] {logging_mixin.py:190} INFO - [2024-10-28T13:30:06.389+0000] {dag.py:4180} INFO - Setting next_dagrun for example_short_circuit_decorator to None, run_after=None
[2024-10-28T13:30:06.407+0000] {processor.py:208} INFO - Processing /home/airflow/.local/lib/python3.12/site-packages/airflow/example_dags/example_short_circuit_decorator.py took 0.058 seconds
[2024-10-28T13:30:37.514+0000] {processor.py:186} INFO - Started process (PID=775) to work on /home/airflow/.local/lib/python3.12/site-packages/airflow/example_dags/example_short_circuit_decorator.py
[2024-10-28T13:30:37.515+0000] {processor.py:914} INFO - Processing file /home/airflow/.local/lib/python3.12/site-packages/airflow/example_dags/example_short_circuit_decorator.py for tasks to queue
[2024-10-28T13:30:37.517+0000] {logging_mixin.py:190} INFO - [2024-10-28T13:30:37.517+0000] {dagbag.py:588} INFO - Filling up the DagBag from /home/airflow/.local/lib/python3.12/site-packages/airflow/example_dags/example_short_circuit_decorator.py
[2024-10-28T13:30:37.524+0000] {processor.py:925} INFO - DAG(s) 'example_short_circuit_decorator' retrieved from /home/airflow/.local/lib/python3.12/site-packages/airflow/example_dags/example_short_circuit_decorator.py
[2024-10-28T13:30:37.540+0000] {logging_mixin.py:190} INFO - [2024-10-28T13:30:37.539+0000] {dag.py:3239} INFO - Sync 1 DAGs
[2024-10-28T13:30:37.550+0000] {logging_mixin.py:190} INFO - [2024-10-28T13:30:37.550+0000] {dag.py:4180} INFO - Setting next_dagrun for example_short_circuit_decorator to None, run_after=None
[2024-10-28T13:30:37.567+0000] {processor.py:208} INFO - Processing /home/airflow/.local/lib/python3.12/site-packages/airflow/example_dags/example_short_circuit_decorator.py took 0.057 seconds
[2024-10-28T13:31:08.590+0000] {processor.py:186} INFO - Started process (PID=838) to work on /home/airflow/.local/lib/python3.12/site-packages/airflow/example_dags/example_short_circuit_decorator.py
[2024-10-28T13:31:08.591+0000] {processor.py:914} INFO - Processing file /home/airflow/.local/lib/python3.12/site-packages/airflow/example_dags/example_short_circuit_decorator.py for tasks to queue
[2024-10-28T13:31:08.593+0000] {logging_mixin.py:190} INFO - [2024-10-28T13:31:08.593+0000] {dagbag.py:588} INFO - Filling up the DagBag from /home/airflow/.local/lib/python3.12/site-packages/airflow/example_dags/example_short_circuit_decorator.py
[2024-10-28T13:31:08.601+0000] {processor.py:925} INFO - DAG(s) 'example_short_circuit_decorator' retrieved from /home/airflow/.local/lib/python3.12/site-packages/airflow/example_dags/example_short_circuit_decorator.py
[2024-10-28T13:31:08.617+0000] {logging_mixin.py:190} INFO - [2024-10-28T13:31:08.617+0000] {dag.py:3239} INFO - Sync 1 DAGs
[2024-10-28T13:31:08.627+0000] {logging_mixin.py:190} INFO - [2024-10-28T13:31:08.627+0000] {dag.py:4180} INFO - Setting next_dagrun for example_short_circuit_decorator to None, run_after=None
[2024-10-28T13:31:08.642+0000] {processor.py:208} INFO - Processing /home/airflow/.local/lib/python3.12/site-packages/airflow/example_dags/example_short_circuit_decorator.py took 0.058 seconds
[2024-10-28T13:31:39.293+0000] {processor.py:186} INFO - Started process (PID=901) to work on /home/airflow/.local/lib/python3.12/site-packages/airflow/example_dags/example_short_circuit_decorator.py
[2024-10-28T13:31:39.294+0000] {processor.py:914} INFO - Processing file /home/airflow/.local/lib/python3.12/site-packages/airflow/example_dags/example_short_circuit_decorator.py for tasks to queue
[2024-10-28T13:31:39.297+0000] {logging_mixin.py:190} INFO - [2024-10-28T13:31:39.296+0000] {dagbag.py:588} INFO - Filling up the DagBag from /home/airflow/.local/lib/python3.12/site-packages/airflow/example_dags/example_short_circuit_decorator.py
[2024-10-28T13:31:39.303+0000] {processor.py:925} INFO - DAG(s) 'example_short_circuit_decorator' retrieved from /home/airflow/.local/lib/python3.12/site-packages/airflow/example_dags/example_short_circuit_decorator.py
[2024-10-28T13:31:39.319+0000] {logging_mixin.py:190} INFO - [2024-10-28T13:31:39.319+0000] {dag.py:3239} INFO - Sync 1 DAGs
[2024-10-28T13:31:39.330+0000] {logging_mixin.py:190} INFO - [2024-10-28T13:31:39.330+0000] {dag.py:4180} INFO - Setting next_dagrun for example_short_circuit_decorator to None, run_after=None
[2024-10-28T13:31:39.345+0000] {processor.py:208} INFO - Processing /home/airflow/.local/lib/python3.12/site-packages/airflow/example_dags/example_short_circuit_decorator.py took 0.057 seconds
[2024-10-28T13:32:10.017+0000] {processor.py:186} INFO - Started process (PID=964) to work on /home/airflow/.local/lib/python3.12/site-packages/airflow/example_dags/example_short_circuit_decorator.py
[2024-10-28T13:32:10.018+0000] {processor.py:914} INFO - Processing file /home/airflow/.local/lib/python3.12/site-packages/airflow/example_dags/example_short_circuit_decorator.py for tasks to queue
[2024-10-28T13:32:10.020+0000] {logging_mixin.py:190} INFO - [2024-10-28T13:32:10.019+0000] {dagbag.py:588} INFO - Filling up the DagBag from /home/airflow/.local/lib/python3.12/site-packages/airflow/example_dags/example_short_circuit_decorator.py
[2024-10-28T13:32:10.026+0000] {processor.py:925} INFO - DAG(s) 'example_short_circuit_decorator' retrieved from /home/airflow/.local/lib/python3.12/site-packages/airflow/example_dags/example_short_circuit_decorator.py
[2024-10-28T13:32:10.042+0000] {logging_mixin.py:190} INFO - [2024-10-28T13:32:10.042+0000] {dag.py:3239} INFO - Sync 1 DAGs
[2024-10-28T13:32:10.057+0000] {logging_mixin.py:190} INFO - [2024-10-28T13:32:10.057+0000] {dag.py:4180} INFO - Setting next_dagrun for example_short_circuit_decorator to None, run_after=None
[2024-10-28T13:32:10.075+0000] {processor.py:208} INFO - Processing /home/airflow/.local/lib/python3.12/site-packages/airflow/example_dags/example_short_circuit_decorator.py took 0.063 seconds
[2024-10-28T13:32:40.447+0000] {processor.py:186} INFO - Started process (PID=1027) to work on /home/airflow/.local/lib/python3.12/site-packages/airflow/example_dags/example_short_circuit_decorator.py
[2024-10-28T13:32:40.448+0000] {processor.py:914} INFO - Processing file /home/airflow/.local/lib/python3.12/site-packages/airflow/example_dags/example_short_circuit_decorator.py for tasks to queue
[2024-10-28T13:32:40.450+0000] {logging_mixin.py:190} INFO - [2024-10-28T13:32:40.449+0000] {dagbag.py:588} INFO - Filling up the DagBag from /home/airflow/.local/lib/python3.12/site-packages/airflow/example_dags/example_short_circuit_decorator.py
[2024-10-28T13:32:40.457+0000] {processor.py:925} INFO - DAG(s) 'example_short_circuit_decorator' retrieved from /home/airflow/.local/lib/python3.12/site-packages/airflow/example_dags/example_short_circuit_decorator.py
[2024-10-28T13:32:40.473+0000] {logging_mixin.py:190} INFO - [2024-10-28T13:32:40.473+0000] {dag.py:3239} INFO - Sync 1 DAGs
[2024-10-28T13:32:40.482+0000] {logging_mixin.py:190} INFO - [2024-10-28T13:32:40.482+0000] {dag.py:4180} INFO - Setting next_dagrun for example_short_circuit_decorator to None, run_after=None
[2024-10-28T13:32:40.499+0000] {processor.py:208} INFO - Processing /home/airflow/.local/lib/python3.12/site-packages/airflow/example_dags/example_short_circuit_decorator.py took 0.056 seconds
[2024-10-28T13:33:10.693+0000] {processor.py:186} INFO - Started process (PID=1090) to work on /home/airflow/.local/lib/python3.12/site-packages/airflow/example_dags/example_short_circuit_decorator.py
[2024-10-28T13:33:10.694+0000] {processor.py:914} INFO - Processing file /home/airflow/.local/lib/python3.12/site-packages/airflow/example_dags/example_short_circuit_decorator.py for tasks to queue
[2024-10-28T13:33:10.696+0000] {logging_mixin.py:190} INFO - [2024-10-28T13:33:10.695+0000] {dagbag.py:588} INFO - Filling up the DagBag from /home/airflow/.local/lib/python3.12/site-packages/airflow/example_dags/example_short_circuit_decorator.py
[2024-10-28T13:33:10.703+0000] {processor.py:925} INFO - DAG(s) 'example_short_circuit_decorator' retrieved from /home/airflow/.local/lib/python3.12/site-packages/airflow/example_dags/example_short_circuit_decorator.py
[2024-10-28T13:33:10.718+0000] {logging_mixin.py:190} INFO - [2024-10-28T13:33:10.717+0000] {dag.py:3239} INFO - Sync 1 DAGs
[2024-10-28T13:33:10.728+0000] {logging_mixin.py:190} INFO - [2024-10-28T13:33:10.727+0000] {dag.py:4180} INFO - Setting next_dagrun for example_short_circuit_decorator to None, run_after=None
[2024-10-28T13:33:10.746+0000] {processor.py:208} INFO - Processing /home/airflow/.local/lib/python3.12/site-packages/airflow/example_dags/example_short_circuit_decorator.py took 0.058 seconds
[2024-10-28T13:33:41.428+0000] {processor.py:186} INFO - Started process (PID=1153) to work on /home/airflow/.local/lib/python3.12/site-packages/airflow/example_dags/example_short_circuit_decorator.py
[2024-10-28T13:33:41.430+0000] {processor.py:914} INFO - Processing file /home/airflow/.local/lib/python3.12/site-packages/airflow/example_dags/example_short_circuit_decorator.py for tasks to queue
[2024-10-28T13:33:41.432+0000] {logging_mixin.py:190} INFO - [2024-10-28T13:33:41.432+0000] {dagbag.py:588} INFO - Filling up the DagBag from /home/airflow/.local/lib/python3.12/site-packages/airflow/example_dags/example_short_circuit_decorator.py
[2024-10-28T13:33:41.439+0000] {processor.py:925} INFO - DAG(s) 'example_short_circuit_decorator' retrieved from /home/airflow/.local/lib/python3.12/site-packages/airflow/example_dags/example_short_circuit_decorator.py
[2024-10-28T13:33:41.457+0000] {logging_mixin.py:190} INFO - [2024-10-28T13:33:41.457+0000] {dag.py:3239} INFO - Sync 1 DAGs
[2024-10-28T13:33:41.467+0000] {logging_mixin.py:190} INFO - [2024-10-28T13:33:41.467+0000] {dag.py:4180} INFO - Setting next_dagrun for example_short_circuit_decorator to None, run_after=None
[2024-10-28T13:33:41.484+0000] {processor.py:208} INFO - Processing /home/airflow/.local/lib/python3.12/site-packages/airflow/example_dags/example_short_circuit_decorator.py took 0.061 seconds
[2024-10-28T13:34:11.924+0000] {processor.py:186} INFO - Started process (PID=1216) to work on /home/airflow/.local/lib/python3.12/site-packages/airflow/example_dags/example_short_circuit_decorator.py
[2024-10-28T13:34:11.925+0000] {processor.py:914} INFO - Processing file /home/airflow/.local/lib/python3.12/site-packages/airflow/example_dags/example_short_circuit_decorator.py for tasks to queue
[2024-10-28T13:34:11.927+0000] {logging_mixin.py:190} INFO - [2024-10-28T13:34:11.927+0000] {dagbag.py:588} INFO - Filling up the DagBag from /home/airflow/.local/lib/python3.12/site-packages/airflow/example_dags/example_short_circuit_decorator.py
[2024-10-28T13:34:11.937+0000] {processor.py:925} INFO - DAG(s) 'example_short_circuit_decorator' retrieved from /home/airflow/.local/lib/python3.12/site-packages/airflow/example_dags/example_short_circuit_decorator.py
[2024-10-28T13:34:11.954+0000] {logging_mixin.py:190} INFO - [2024-10-28T13:34:11.954+0000] {dag.py:3239} INFO - Sync 1 DAGs
[2024-10-28T13:34:11.966+0000] {logging_mixin.py:190} INFO - [2024-10-28T13:34:11.966+0000] {dag.py:4180} INFO - Setting next_dagrun for example_short_circuit_decorator to None, run_after=None
[2024-10-28T13:34:11.984+0000] {processor.py:208} INFO - Processing /home/airflow/.local/lib/python3.12/site-packages/airflow/example_dags/example_short_circuit_decorator.py took 0.065 seconds
[2024-10-28T13:34:42.629+0000] {processor.py:186} INFO - Started process (PID=1279) to work on /home/airflow/.local/lib/python3.12/site-packages/airflow/example_dags/example_short_circuit_decorator.py
[2024-10-28T13:34:42.631+0000] {processor.py:914} INFO - Processing file /home/airflow/.local/lib/python3.12/site-packages/airflow/example_dags/example_short_circuit_decorator.py for tasks to queue
[2024-10-28T13:34:42.634+0000] {logging_mixin.py:190} INFO - [2024-10-28T13:34:42.633+0000] {dagbag.py:588} INFO - Filling up the DagBag from /home/airflow/.local/lib/python3.12/site-packages/airflow/example_dags/example_short_circuit_decorator.py
[2024-10-28T13:34:42.642+0000] {processor.py:925} INFO - DAG(s) 'example_short_circuit_decorator' retrieved from /home/airflow/.local/lib/python3.12/site-packages/airflow/example_dags/example_short_circuit_decorator.py
[2024-10-28T13:34:42.660+0000] {logging_mixin.py:190} INFO - [2024-10-28T13:34:42.660+0000] {dag.py:3239} INFO - Sync 1 DAGs
[2024-10-28T13:34:42.670+0000] {logging_mixin.py:190} INFO - [2024-10-28T13:34:42.670+0000] {dag.py:4180} INFO - Setting next_dagrun for example_short_circuit_decorator to None, run_after=None
[2024-10-28T13:34:42.686+0000] {processor.py:208} INFO - Processing /home/airflow/.local/lib/python3.12/site-packages/airflow/example_dags/example_short_circuit_decorator.py took 0.063 seconds
[2024-10-28T13:35:13.372+0000] {processor.py:186} INFO - Started process (PID=1342) to work on /home/airflow/.local/lib/python3.12/site-packages/airflow/example_dags/example_short_circuit_decorator.py
[2024-10-28T13:35:13.373+0000] {processor.py:914} INFO - Processing file /home/airflow/.local/lib/python3.12/site-packages/airflow/example_dags/example_short_circuit_decorator.py for tasks to queue
[2024-10-28T13:35:13.375+0000] {logging_mixin.py:190} INFO - [2024-10-28T13:35:13.375+0000] {dagbag.py:588} INFO - Filling up the DagBag from /home/airflow/.local/lib/python3.12/site-packages/airflow/example_dags/example_short_circuit_decorator.py
[2024-10-28T13:35:13.382+0000] {processor.py:925} INFO - DAG(s) 'example_short_circuit_decorator' retrieved from /home/airflow/.local/lib/python3.12/site-packages/airflow/example_dags/example_short_circuit_decorator.py
[2024-10-28T13:35:13.399+0000] {logging_mixin.py:190} INFO - [2024-10-28T13:35:13.398+0000] {dag.py:3239} INFO - Sync 1 DAGs
[2024-10-28T13:35:13.409+0000] {logging_mixin.py:190} INFO - [2024-10-28T13:35:13.408+0000] {dag.py:4180} INFO - Setting next_dagrun for example_short_circuit_decorator to None, run_after=None
[2024-10-28T13:35:13.423+0000] {processor.py:208} INFO - Processing /home/airflow/.local/lib/python3.12/site-packages/airflow/example_dags/example_short_circuit_decorator.py took 0.055 seconds
[2024-10-28T13:35:43.482+0000] {processor.py:186} INFO - Started process (PID=1405) to work on /home/airflow/.local/lib/python3.12/site-packages/airflow/example_dags/example_short_circuit_decorator.py
[2024-10-28T13:35:43.484+0000] {processor.py:914} INFO - Processing file /home/airflow/.local/lib/python3.12/site-packages/airflow/example_dags/example_short_circuit_decorator.py for tasks to queue
[2024-10-28T13:35:43.485+0000] {logging_mixin.py:190} INFO - [2024-10-28T13:35:43.485+0000] {dagbag.py:588} INFO - Filling up the DagBag from /home/airflow/.local/lib/python3.12/site-packages/airflow/example_dags/example_short_circuit_decorator.py
[2024-10-28T13:35:43.492+0000] {processor.py:925} INFO - DAG(s) 'example_short_circuit_decorator' retrieved from /home/airflow/.local/lib/python3.12/site-packages/airflow/example_dags/example_short_circuit_decorator.py
[2024-10-28T13:35:43.509+0000] {logging_mixin.py:190} INFO - [2024-10-28T13:35:43.508+0000] {dag.py:3239} INFO - Sync 1 DAGs
[2024-10-28T13:35:43.519+0000] {logging_mixin.py:190} INFO - [2024-10-28T13:35:43.519+0000] {dag.py:4180} INFO - Setting next_dagrun for example_short_circuit_decorator to None, run_after=None
[2024-10-28T13:35:43.536+0000] {processor.py:208} INFO - Processing /home/airflow/.local/lib/python3.12/site-packages/airflow/example_dags/example_short_circuit_decorator.py took 0.057 seconds
[2024-10-28T13:36:14.309+0000] {processor.py:186} INFO - Started process (PID=1468) to work on /home/airflow/.local/lib/python3.12/site-packages/airflow/example_dags/example_short_circuit_decorator.py
[2024-10-28T13:36:14.310+0000] {processor.py:914} INFO - Processing file /home/airflow/.local/lib/python3.12/site-packages/airflow/example_dags/example_short_circuit_decorator.py for tasks to queue
[2024-10-28T13:36:14.312+0000] {logging_mixin.py:190} INFO - [2024-10-28T13:36:14.312+0000] {dagbag.py:588} INFO - Filling up the DagBag from /home/airflow/.local/lib/python3.12/site-packages/airflow/example_dags/example_short_circuit_decorator.py
[2024-10-28T13:36:14.319+0000] {processor.py:925} INFO - DAG(s) 'example_short_circuit_decorator' retrieved from /home/airflow/.local/lib/python3.12/site-packages/airflow/example_dags/example_short_circuit_decorator.py
[2024-10-28T13:36:14.336+0000] {logging_mixin.py:190} INFO - [2024-10-28T13:36:14.336+0000] {dag.py:3239} INFO - Sync 1 DAGs
[2024-10-28T13:36:14.348+0000] {logging_mixin.py:190} INFO - [2024-10-28T13:36:14.348+0000] {dag.py:4180} INFO - Setting next_dagrun for example_short_circuit_decorator to None, run_after=None
[2024-10-28T13:36:14.363+0000] {processor.py:208} INFO - Processing /home/airflow/.local/lib/python3.12/site-packages/airflow/example_dags/example_short_circuit_decorator.py took 0.058 seconds
[2024-10-28T13:36:44.408+0000] {processor.py:186} INFO - Started process (PID=1531) to work on /home/airflow/.local/lib/python3.12/site-packages/airflow/example_dags/example_short_circuit_decorator.py
[2024-10-28T13:36:44.409+0000] {processor.py:914} INFO - Processing file /home/airflow/.local/lib/python3.12/site-packages/airflow/example_dags/example_short_circuit_decorator.py for tasks to queue
[2024-10-28T13:36:44.410+0000] {logging_mixin.py:190} INFO - [2024-10-28T13:36:44.410+0000] {dagbag.py:588} INFO - Filling up the DagBag from /home/airflow/.local/lib/python3.12/site-packages/airflow/example_dags/example_short_circuit_decorator.py
[2024-10-28T13:36:44.417+0000] {processor.py:925} INFO - DAG(s) 'example_short_circuit_decorator' retrieved from /home/airflow/.local/lib/python3.12/site-packages/airflow/example_dags/example_short_circuit_decorator.py
[2024-10-28T13:36:44.435+0000] {logging_mixin.py:190} INFO - [2024-10-28T13:36:44.435+0000] {dag.py:3239} INFO - Sync 1 DAGs
[2024-10-28T13:36:44.445+0000] {logging_mixin.py:190} INFO - [2024-10-28T13:36:44.445+0000] {dag.py:4180} INFO - Setting next_dagrun for example_short_circuit_decorator to None, run_after=None
[2024-10-28T13:36:44.459+0000] {processor.py:208} INFO - Processing /home/airflow/.local/lib/python3.12/site-packages/airflow/example_dags/example_short_circuit_decorator.py took 0.056 seconds
[2024-10-28T13:37:14.871+0000] {processor.py:186} INFO - Started process (PID=1594) to work on /home/airflow/.local/lib/python3.12/site-packages/airflow/example_dags/example_short_circuit_decorator.py
[2024-10-28T13:37:14.872+0000] {processor.py:914} INFO - Processing file /home/airflow/.local/lib/python3.12/site-packages/airflow/example_dags/example_short_circuit_decorator.py for tasks to queue
[2024-10-28T13:37:14.874+0000] {logging_mixin.py:190} INFO - [2024-10-28T13:37:14.873+0000] {dagbag.py:588} INFO - Filling up the DagBag from /home/airflow/.local/lib/python3.12/site-packages/airflow/example_dags/example_short_circuit_decorator.py
[2024-10-28T13:37:14.881+0000] {processor.py:925} INFO - DAG(s) 'example_short_circuit_decorator' retrieved from /home/airflow/.local/lib/python3.12/site-packages/airflow/example_dags/example_short_circuit_decorator.py
[2024-10-28T13:37:14.898+0000] {logging_mixin.py:190} INFO - [2024-10-28T13:37:14.898+0000] {dag.py:3239} INFO - Sync 1 DAGs
[2024-10-28T13:37:14.911+0000] {logging_mixin.py:190} INFO - [2024-10-28T13:37:14.911+0000] {dag.py:4180} INFO - Setting next_dagrun for example_short_circuit_decorator to None, run_after=None
[2024-10-28T13:37:14.928+0000] {processor.py:208} INFO - Processing /home/airflow/.local/lib/python3.12/site-packages/airflow/example_dags/example_short_circuit_decorator.py took 0.062 seconds
[2024-10-28T13:37:45.336+0000] {processor.py:186} INFO - Started process (PID=1657) to work on /home/airflow/.local/lib/python3.12/site-packages/airflow/example_dags/example_short_circuit_decorator.py
[2024-10-28T13:37:45.338+0000] {processor.py:914} INFO - Processing file /home/airflow/.local/lib/python3.12/site-packages/airflow/example_dags/example_short_circuit_decorator.py for tasks to queue
[2024-10-28T13:37:45.340+0000] {logging_mixin.py:190} INFO - [2024-10-28T13:37:45.339+0000] {dagbag.py:588} INFO - Filling up the DagBag from /home/airflow/.local/lib/python3.12/site-packages/airflow/example_dags/example_short_circuit_decorator.py
[2024-10-28T13:37:45.347+0000] {processor.py:925} INFO - DAG(s) 'example_short_circuit_decorator' retrieved from /home/airflow/.local/lib/python3.12/site-packages/airflow/example_dags/example_short_circuit_decorator.py
[2024-10-28T13:37:45.367+0000] {logging_mixin.py:190} INFO - [2024-10-28T13:37:45.366+0000] {dag.py:3239} INFO - Sync 1 DAGs
[2024-10-28T13:37:45.377+0000] {logging_mixin.py:190} INFO - [2024-10-28T13:37:45.377+0000] {dag.py:4180} INFO - Setting next_dagrun for example_short_circuit_decorator to None, run_after=None
[2024-10-28T13:37:45.395+0000] {processor.py:208} INFO - Processing /home/airflow/.local/lib/python3.12/site-packages/airflow/example_dags/example_short_circuit_decorator.py took 0.063 seconds
[2024-10-28T13:38:16.031+0000] {processor.py:186} INFO - Started process (PID=1720) to work on /home/airflow/.local/lib/python3.12/site-packages/airflow/example_dags/example_short_circuit_decorator.py
[2024-10-28T13:38:16.032+0000] {processor.py:914} INFO - Processing file /home/airflow/.local/lib/python3.12/site-packages/airflow/example_dags/example_short_circuit_decorator.py for tasks to queue
[2024-10-28T13:38:16.034+0000] {logging_mixin.py:190} INFO - [2024-10-28T13:38:16.034+0000] {dagbag.py:588} INFO - Filling up the DagBag from /home/airflow/.local/lib/python3.12/site-packages/airflow/example_dags/example_short_circuit_decorator.py
[2024-10-28T13:38:16.041+0000] {processor.py:925} INFO - DAG(s) 'example_short_circuit_decorator' retrieved from /home/airflow/.local/lib/python3.12/site-packages/airflow/example_dags/example_short_circuit_decorator.py
[2024-10-28T13:38:16.056+0000] {logging_mixin.py:190} INFO - [2024-10-28T13:38:16.056+0000] {dag.py:3239} INFO - Sync 1 DAGs
[2024-10-28T13:38:16.066+0000] {logging_mixin.py:190} INFO - [2024-10-28T13:38:16.066+0000] {dag.py:4180} INFO - Setting next_dagrun for example_short_circuit_decorator to None, run_after=None
[2024-10-28T13:38:16.081+0000] {processor.py:208} INFO - Processing /home/airflow/.local/lib/python3.12/site-packages/airflow/example_dags/example_short_circuit_decorator.py took 0.054 seconds
[2024-10-28T13:38:46.498+0000] {processor.py:186} INFO - Started process (PID=1783) to work on /home/airflow/.local/lib/python3.12/site-packages/airflow/example_dags/example_short_circuit_decorator.py
[2024-10-28T13:38:46.499+0000] {processor.py:914} INFO - Processing file /home/airflow/.local/lib/python3.12/site-packages/airflow/example_dags/example_short_circuit_decorator.py for tasks to queue
[2024-10-28T13:38:46.501+0000] {logging_mixin.py:190} INFO - [2024-10-28T13:38:46.500+0000] {dagbag.py:588} INFO - Filling up the DagBag from /home/airflow/.local/lib/python3.12/site-packages/airflow/example_dags/example_short_circuit_decorator.py
[2024-10-28T13:38:46.507+0000] {processor.py:925} INFO - DAG(s) 'example_short_circuit_decorator' retrieved from /home/airflow/.local/lib/python3.12/site-packages/airflow/example_dags/example_short_circuit_decorator.py
[2024-10-28T13:38:46.524+0000] {logging_mixin.py:190} INFO - [2024-10-28T13:38:46.523+0000] {dag.py:3239} INFO - Sync 1 DAGs
[2024-10-28T13:38:46.534+0000] {logging_mixin.py:190} INFO - [2024-10-28T13:38:46.534+0000] {dag.py:4180} INFO - Setting next_dagrun for example_short_circuit_decorator to None, run_after=None
[2024-10-28T13:38:46.552+0000] {processor.py:208} INFO - Processing /home/airflow/.local/lib/python3.12/site-packages/airflow/example_dags/example_short_circuit_decorator.py took 0.059 seconds
[2024-10-28T13:39:16.935+0000] {processor.py:186} INFO - Started process (PID=1846) to work on /home/airflow/.local/lib/python3.12/site-packages/airflow/example_dags/example_short_circuit_decorator.py
[2024-10-28T13:39:16.937+0000] {processor.py:914} INFO - Processing file /home/airflow/.local/lib/python3.12/site-packages/airflow/example_dags/example_short_circuit_decorator.py for tasks to queue
[2024-10-28T13:39:16.939+0000] {logging_mixin.py:190} INFO - [2024-10-28T13:39:16.938+0000] {dagbag.py:588} INFO - Filling up the DagBag from /home/airflow/.local/lib/python3.12/site-packages/airflow/example_dags/example_short_circuit_decorator.py
[2024-10-28T13:39:16.946+0000] {processor.py:925} INFO - DAG(s) 'example_short_circuit_decorator' retrieved from /home/airflow/.local/lib/python3.12/site-packages/airflow/example_dags/example_short_circuit_decorator.py
[2024-10-28T13:39:16.964+0000] {logging_mixin.py:190} INFO - [2024-10-28T13:39:16.964+0000] {dag.py:3239} INFO - Sync 1 DAGs
[2024-10-28T13:39:16.975+0000] {logging_mixin.py:190} INFO - [2024-10-28T13:39:16.974+0000] {dag.py:4180} INFO - Setting next_dagrun for example_short_circuit_decorator to None, run_after=None
[2024-10-28T13:39:16.989+0000] {processor.py:208} INFO - Processing /home/airflow/.local/lib/python3.12/site-packages/airflow/example_dags/example_short_circuit_decorator.py took 0.058 seconds
[2024-10-28T13:39:47.750+0000] {processor.py:186} INFO - Started process (PID=1909) to work on /home/airflow/.local/lib/python3.12/site-packages/airflow/example_dags/example_short_circuit_decorator.py
[2024-10-28T13:39:47.751+0000] {processor.py:914} INFO - Processing file /home/airflow/.local/lib/python3.12/site-packages/airflow/example_dags/example_short_circuit_decorator.py for tasks to queue
[2024-10-28T13:39:47.753+0000] {logging_mixin.py:190} INFO - [2024-10-28T13:39:47.753+0000] {dagbag.py:588} INFO - Filling up the DagBag from /home/airflow/.local/lib/python3.12/site-packages/airflow/example_dags/example_short_circuit_decorator.py
[2024-10-28T13:39:47.761+0000] {processor.py:925} INFO - DAG(s) 'example_short_circuit_decorator' retrieved from /home/airflow/.local/lib/python3.12/site-packages/airflow/example_dags/example_short_circuit_decorator.py
[2024-10-28T13:39:47.779+0000] {logging_mixin.py:190} INFO - [2024-10-28T13:39:47.779+0000] {dag.py:3239} INFO - Sync 1 DAGs
[2024-10-28T13:39:47.791+0000] {logging_mixin.py:190} INFO - [2024-10-28T13:39:47.791+0000] {dag.py:4180} INFO - Setting next_dagrun for example_short_circuit_decorator to None, run_after=None
[2024-10-28T13:39:47.815+0000] {processor.py:208} INFO - Processing /home/airflow/.local/lib/python3.12/site-packages/airflow/example_dags/example_short_circuit_decorator.py took 0.071 seconds
[2024-10-28T13:40:19.022+0000] {processor.py:186} INFO - Started process (PID=1972) to work on /home/airflow/.local/lib/python3.12/site-packages/airflow/example_dags/example_short_circuit_decorator.py
[2024-10-28T13:40:19.023+0000] {processor.py:914} INFO - Processing file /home/airflow/.local/lib/python3.12/site-packages/airflow/example_dags/example_short_circuit_decorator.py for tasks to queue
[2024-10-28T13:40:19.025+0000] {logging_mixin.py:190} INFO - [2024-10-28T13:40:19.025+0000] {dagbag.py:588} INFO - Filling up the DagBag from /home/airflow/.local/lib/python3.12/site-packages/airflow/example_dags/example_short_circuit_decorator.py
[2024-10-28T13:40:19.033+0000] {processor.py:925} INFO - DAG(s) 'example_short_circuit_decorator' retrieved from /home/airflow/.local/lib/python3.12/site-packages/airflow/example_dags/example_short_circuit_decorator.py
[2024-10-28T13:40:19.050+0000] {logging_mixin.py:190} INFO - [2024-10-28T13:40:19.049+0000] {dag.py:3239} INFO - Sync 1 DAGs
[2024-10-28T13:40:19.061+0000] {logging_mixin.py:190} INFO - [2024-10-28T13:40:19.061+0000] {dag.py:4180} INFO - Setting next_dagrun for example_short_circuit_decorator to None, run_after=None
[2024-10-28T13:40:19.080+0000] {processor.py:208} INFO - Processing /home/airflow/.local/lib/python3.12/site-packages/airflow/example_dags/example_short_circuit_decorator.py took 0.062 seconds
[2024-10-28T13:40:49.784+0000] {processor.py:186} INFO - Started process (PID=2035) to work on /home/airflow/.local/lib/python3.12/site-packages/airflow/example_dags/example_short_circuit_decorator.py
[2024-10-28T13:40:49.785+0000] {processor.py:914} INFO - Processing file /home/airflow/.local/lib/python3.12/site-packages/airflow/example_dags/example_short_circuit_decorator.py for tasks to queue
[2024-10-28T13:40:49.787+0000] {logging_mixin.py:190} INFO - [2024-10-28T13:40:49.787+0000] {dagbag.py:588} INFO - Filling up the DagBag from /home/airflow/.local/lib/python3.12/site-packages/airflow/example_dags/example_short_circuit_decorator.py
[2024-10-28T13:40:49.794+0000] {processor.py:925} INFO - DAG(s) 'example_short_circuit_decorator' retrieved from /home/airflow/.local/lib/python3.12/site-packages/airflow/example_dags/example_short_circuit_decorator.py
[2024-10-28T13:40:49.810+0000] {logging_mixin.py:190} INFO - [2024-10-28T13:40:49.810+0000] {dag.py:3239} INFO - Sync 1 DAGs
[2024-10-28T13:40:49.820+0000] {logging_mixin.py:190} INFO - [2024-10-28T13:40:49.820+0000] {dag.py:4180} INFO - Setting next_dagrun for example_short_circuit_decorator to None, run_after=None
[2024-10-28T13:40:49.835+0000] {processor.py:208} INFO - Processing /home/airflow/.local/lib/python3.12/site-packages/airflow/example_dags/example_short_circuit_decorator.py took 0.056 seconds
[2024-10-28T13:41:20.902+0000] {processor.py:186} INFO - Started process (PID=2098) to work on /home/airflow/.local/lib/python3.12/site-packages/airflow/example_dags/example_short_circuit_decorator.py
[2024-10-28T13:41:20.903+0000] {processor.py:914} INFO - Processing file /home/airflow/.local/lib/python3.12/site-packages/airflow/example_dags/example_short_circuit_decorator.py for tasks to queue
[2024-10-28T13:41:20.905+0000] {logging_mixin.py:190} INFO - [2024-10-28T13:41:20.905+0000] {dagbag.py:588} INFO - Filling up the DagBag from /home/airflow/.local/lib/python3.12/site-packages/airflow/example_dags/example_short_circuit_decorator.py
[2024-10-28T13:41:20.913+0000] {processor.py:925} INFO - DAG(s) 'example_short_circuit_decorator' retrieved from /home/airflow/.local/lib/python3.12/site-packages/airflow/example_dags/example_short_circuit_decorator.py
[2024-10-28T13:41:20.935+0000] {logging_mixin.py:190} INFO - [2024-10-28T13:41:20.935+0000] {dag.py:3239} INFO - Sync 1 DAGs
[2024-10-28T13:41:20.950+0000] {logging_mixin.py:190} INFO - [2024-10-28T13:41:20.950+0000] {dag.py:4180} INFO - Setting next_dagrun for example_short_circuit_decorator to None, run_after=None
[2024-10-28T13:41:20.977+0000] {processor.py:208} INFO - Processing /home/airflow/.local/lib/python3.12/site-packages/airflow/example_dags/example_short_circuit_decorator.py took 0.081 seconds
[2024-10-28T13:41:51.554+0000] {processor.py:186} INFO - Started process (PID=2161) to work on /home/airflow/.local/lib/python3.12/site-packages/airflow/example_dags/example_short_circuit_decorator.py
[2024-10-28T13:41:51.555+0000] {processor.py:914} INFO - Processing file /home/airflow/.local/lib/python3.12/site-packages/airflow/example_dags/example_short_circuit_decorator.py for tasks to queue
[2024-10-28T13:41:51.557+0000] {logging_mixin.py:190} INFO - [2024-10-28T13:41:51.557+0000] {dagbag.py:588} INFO - Filling up the DagBag from /home/airflow/.local/lib/python3.12/site-packages/airflow/example_dags/example_short_circuit_decorator.py
[2024-10-28T13:41:51.567+0000] {processor.py:925} INFO - DAG(s) 'example_short_circuit_decorator' retrieved from /home/airflow/.local/lib/python3.12/site-packages/airflow/example_dags/example_short_circuit_decorator.py
[2024-10-28T13:41:51.589+0000] {logging_mixin.py:190} INFO - [2024-10-28T13:41:51.589+0000] {dag.py:3239} INFO - Sync 1 DAGs
[2024-10-28T13:41:51.603+0000] {logging_mixin.py:190} INFO - [2024-10-28T13:41:51.603+0000] {dag.py:4180} INFO - Setting next_dagrun for example_short_circuit_decorator to None, run_after=None
[2024-10-28T13:41:51.622+0000] {processor.py:208} INFO - Processing /home/airflow/.local/lib/python3.12/site-packages/airflow/example_dags/example_short_circuit_decorator.py took 0.073 seconds
[2024-10-28T13:42:22.559+0000] {processor.py:186} INFO - Started process (PID=2224) to work on /home/airflow/.local/lib/python3.12/site-packages/airflow/example_dags/example_short_circuit_decorator.py
[2024-10-28T13:42:22.560+0000] {processor.py:914} INFO - Processing file /home/airflow/.local/lib/python3.12/site-packages/airflow/example_dags/example_short_circuit_decorator.py for tasks to queue
[2024-10-28T13:42:22.561+0000] {logging_mixin.py:190} INFO - [2024-10-28T13:42:22.561+0000] {dagbag.py:588} INFO - Filling up the DagBag from /home/airflow/.local/lib/python3.12/site-packages/airflow/example_dags/example_short_circuit_decorator.py
[2024-10-28T13:42:22.568+0000] {processor.py:925} INFO - DAG(s) 'example_short_circuit_decorator' retrieved from /home/airflow/.local/lib/python3.12/site-packages/airflow/example_dags/example_short_circuit_decorator.py
[2024-10-28T13:42:22.584+0000] {logging_mixin.py:190} INFO - [2024-10-28T13:42:22.584+0000] {dag.py:3239} INFO - Sync 1 DAGs
[2024-10-28T13:42:22.601+0000] {logging_mixin.py:190} INFO - [2024-10-28T13:42:22.601+0000] {dag.py:4180} INFO - Setting next_dagrun for example_short_circuit_decorator to None, run_after=None
[2024-10-28T13:42:22.615+0000] {processor.py:208} INFO - Processing /home/airflow/.local/lib/python3.12/site-packages/airflow/example_dags/example_short_circuit_decorator.py took 0.061 seconds
[2024-10-28T13:42:53.711+0000] {processor.py:186} INFO - Started process (PID=2286) to work on /home/airflow/.local/lib/python3.12/site-packages/airflow/example_dags/example_short_circuit_decorator.py
[2024-10-28T13:42:53.712+0000] {processor.py:914} INFO - Processing file /home/airflow/.local/lib/python3.12/site-packages/airflow/example_dags/example_short_circuit_decorator.py for tasks to queue
[2024-10-28T13:42:53.713+0000] {logging_mixin.py:190} INFO - [2024-10-28T13:42:53.713+0000] {dagbag.py:588} INFO - Filling up the DagBag from /home/airflow/.local/lib/python3.12/site-packages/airflow/example_dags/example_short_circuit_decorator.py
[2024-10-28T13:42:53.721+0000] {processor.py:925} INFO - DAG(s) 'example_short_circuit_decorator' retrieved from /home/airflow/.local/lib/python3.12/site-packages/airflow/example_dags/example_short_circuit_decorator.py
[2024-10-28T13:42:53.737+0000] {logging_mixin.py:190} INFO - [2024-10-28T13:42:53.737+0000] {dag.py:3239} INFO - Sync 1 DAGs
[2024-10-28T13:42:53.750+0000] {logging_mixin.py:190} INFO - [2024-10-28T13:42:53.750+0000] {dag.py:4180} INFO - Setting next_dagrun for example_short_circuit_decorator to None, run_after=None
[2024-10-28T13:42:53.766+0000] {processor.py:208} INFO - Processing /home/airflow/.local/lib/python3.12/site-packages/airflow/example_dags/example_short_circuit_decorator.py took 0.060 seconds
[2024-10-28T13:43:24.405+0000] {processor.py:186} INFO - Started process (PID=2348) to work on /home/airflow/.local/lib/python3.12/site-packages/airflow/example_dags/example_short_circuit_decorator.py
[2024-10-28T13:43:24.406+0000] {processor.py:914} INFO - Processing file /home/airflow/.local/lib/python3.12/site-packages/airflow/example_dags/example_short_circuit_decorator.py for tasks to queue
[2024-10-28T13:43:24.408+0000] {logging_mixin.py:190} INFO - [2024-10-28T13:43:24.407+0000] {dagbag.py:588} INFO - Filling up the DagBag from /home/airflow/.local/lib/python3.12/site-packages/airflow/example_dags/example_short_circuit_decorator.py
[2024-10-28T13:43:24.416+0000] {processor.py:925} INFO - DAG(s) 'example_short_circuit_decorator' retrieved from /home/airflow/.local/lib/python3.12/site-packages/airflow/example_dags/example_short_circuit_decorator.py
[2024-10-28T13:43:24.432+0000] {logging_mixin.py:190} INFO - [2024-10-28T13:43:24.432+0000] {dag.py:3239} INFO - Sync 1 DAGs
[2024-10-28T13:43:24.443+0000] {logging_mixin.py:190} INFO - [2024-10-28T13:43:24.442+0000] {dag.py:4180} INFO - Setting next_dagrun for example_short_circuit_decorator to None, run_after=None
[2024-10-28T13:43:24.457+0000] {processor.py:208} INFO - Processing /home/airflow/.local/lib/python3.12/site-packages/airflow/example_dags/example_short_circuit_decorator.py took 0.060 seconds
[2024-10-28T13:43:54.929+0000] {processor.py:186} INFO - Started process (PID=2410) to work on /home/airflow/.local/lib/python3.12/site-packages/airflow/example_dags/example_short_circuit_decorator.py
[2024-10-28T13:43:54.930+0000] {processor.py:914} INFO - Processing file /home/airflow/.local/lib/python3.12/site-packages/airflow/example_dags/example_short_circuit_decorator.py for tasks to queue
[2024-10-28T13:43:54.932+0000] {logging_mixin.py:190} INFO - [2024-10-28T13:43:54.931+0000] {dagbag.py:588} INFO - Filling up the DagBag from /home/airflow/.local/lib/python3.12/site-packages/airflow/example_dags/example_short_circuit_decorator.py
[2024-10-28T13:43:54.939+0000] {processor.py:925} INFO - DAG(s) 'example_short_circuit_decorator' retrieved from /home/airflow/.local/lib/python3.12/site-packages/airflow/example_dags/example_short_circuit_decorator.py
[2024-10-28T13:43:54.956+0000] {logging_mixin.py:190} INFO - [2024-10-28T13:43:54.956+0000] {dag.py:3239} INFO - Sync 1 DAGs
[2024-10-28T13:43:54.968+0000] {logging_mixin.py:190} INFO - [2024-10-28T13:43:54.967+0000] {dag.py:4180} INFO - Setting next_dagrun for example_short_circuit_decorator to None, run_after=None
[2024-10-28T13:43:54.984+0000] {processor.py:208} INFO - Processing /home/airflow/.local/lib/python3.12/site-packages/airflow/example_dags/example_short_circuit_decorator.py took 0.060 seconds
