[2024-10-28T13:21:18.686+0000] {processor.py:186} INFO - Started process (PID=100) to work on /home/airflow/.local/lib/python3.12/site-packages/airflow/example_dags/example_inlet_event_extra.py
[2024-10-28T13:21:18.687+0000] {processor.py:914} INFO - Processing file /home/airflow/.local/lib/python3.12/site-packages/airflow/example_dags/example_inlet_event_extra.py for tasks to queue
[2024-10-28T13:21:18.689+0000] {logging_mixin.py:190} INFO - [2024-10-28T13:21:18.689+0000] {dagbag.py:588} INFO - Filling up the DagBag from /home/airflow/.local/lib/python3.12/site-packages/airflow/example_dags/example_inlet_event_extra.py
[2024-10-28T13:21:18.804+0000] {processor.py:925} INFO - DAG(s) 'read_dataset_event_from_classic', 'read_dataset_event' retrieved from /home/airflow/.local/lib/python3.12/site-packages/airflow/example_dags/example_inlet_event_extra.py
[2024-10-28T13:21:18.884+0000] {logging_mixin.py:190} INFO - [2024-10-28T13:21:18.884+0000] {override.py:1900} INFO - Created Permission View: can delete on DAG:read_dataset_event_from_classic
[2024-10-28T13:21:18.893+0000] {logging_mixin.py:190} INFO - [2024-10-28T13:21:18.893+0000] {override.py:1900} INFO - Created Permission View: can edit on DAG:read_dataset_event_from_classic
[2024-10-28T13:21:18.899+0000] {logging_mixin.py:190} INFO - [2024-10-28T13:21:18.899+0000] {override.py:1900} INFO - Created Permission View: can read on DAG:read_dataset_event_from_classic
[2024-10-28T13:21:18.907+0000] {logging_mixin.py:190} INFO - [2024-10-28T13:21:18.907+0000] {override.py:1900} INFO - Created Permission View: can create on DAG Run:read_dataset_event_from_classic
[2024-10-28T13:21:18.914+0000] {logging_mixin.py:190} INFO - [2024-10-28T13:21:18.913+0000] {override.py:1900} INFO - Created Permission View: menu access on DAG Run:read_dataset_event_from_classic
[2024-10-28T13:21:18.922+0000] {logging_mixin.py:190} INFO - [2024-10-28T13:21:18.922+0000] {override.py:1900} INFO - Created Permission View: can read on DAG Run:read_dataset_event_from_classic
[2024-10-28T13:21:18.929+0000] {logging_mixin.py:190} INFO - [2024-10-28T13:21:18.928+0000] {override.py:1900} INFO - Created Permission View: can delete on DAG Run:read_dataset_event_from_classic
[2024-10-28T13:21:18.941+0000] {logging_mixin.py:190} INFO - [2024-10-28T13:21:18.940+0000] {override.py:1900} INFO - Created Permission View: can delete on DAG:read_dataset_event
[2024-10-28T13:21:18.947+0000] {logging_mixin.py:190} INFO - [2024-10-28T13:21:18.947+0000] {override.py:1900} INFO - Created Permission View: can edit on DAG:read_dataset_event
[2024-10-28T13:21:18.953+0000] {logging_mixin.py:190} INFO - [2024-10-28T13:21:18.953+0000] {override.py:1900} INFO - Created Permission View: can read on DAG:read_dataset_event
[2024-10-28T13:21:18.961+0000] {logging_mixin.py:190} INFO - [2024-10-28T13:21:18.961+0000] {override.py:1900} INFO - Created Permission View: can create on DAG Run:read_dataset_event
[2024-10-28T13:21:18.971+0000] {logging_mixin.py:190} INFO - [2024-10-28T13:21:18.971+0000] {override.py:1900} INFO - Created Permission View: menu access on DAG Run:read_dataset_event
[2024-10-28T13:21:18.979+0000] {logging_mixin.py:190} INFO - [2024-10-28T13:21:18.979+0000] {override.py:1900} INFO - Created Permission View: can read on DAG Run:read_dataset_event
[2024-10-28T13:21:18.985+0000] {logging_mixin.py:190} INFO - [2024-10-28T13:21:18.985+0000] {override.py:1900} INFO - Created Permission View: can delete on DAG Run:read_dataset_event
[2024-10-28T13:21:18.986+0000] {logging_mixin.py:190} INFO - [2024-10-28T13:21:18.986+0000] {dag.py:3239} INFO - Sync 2 DAGs
[2024-10-28T13:21:18.996+0000] {logging_mixin.py:190} INFO - [2024-10-28T13:21:18.995+0000] {dag.py:3262} INFO - Creating ORM DAG for read_dataset_event_from_classic
[2024-10-28T13:21:18.997+0000] {logging_mixin.py:190} INFO - [2024-10-28T13:21:18.997+0000] {dag.py:3262} INFO - Creating ORM DAG for read_dataset_event
[2024-10-28T13:21:19.004+0000] {logging_mixin.py:190} INFO - [2024-10-28T13:21:19.004+0000] {dag.py:4180} INFO - Setting next_dagrun for read_dataset_event to 2024-10-27 00:00:00+00:00, run_after=2024-10-28 00:00:00+00:00
[2024-10-28T13:21:19.006+0000] {logging_mixin.py:190} INFO - [2024-10-28T13:21:19.006+0000] {dag.py:4180} INFO - Setting next_dagrun for read_dataset_event_from_classic to 2024-10-27 00:00:00+00:00, run_after=2024-10-28 00:00:00+00:00
[2024-10-28T13:21:19.021+0000] {processor.py:208} INFO - Processing /home/airflow/.local/lib/python3.12/site-packages/airflow/example_dags/example_inlet_event_extra.py took 0.339 seconds
[2024-10-28T13:21:49.228+0000] {processor.py:186} INFO - Started process (PID=163) to work on /home/airflow/.local/lib/python3.12/site-packages/airflow/example_dags/example_inlet_event_extra.py
[2024-10-28T13:21:49.228+0000] {processor.py:914} INFO - Processing file /home/airflow/.local/lib/python3.12/site-packages/airflow/example_dags/example_inlet_event_extra.py for tasks to queue
[2024-10-28T13:21:49.230+0000] {logging_mixin.py:190} INFO - [2024-10-28T13:21:49.230+0000] {dagbag.py:588} INFO - Filling up the DagBag from /home/airflow/.local/lib/python3.12/site-packages/airflow/example_dags/example_inlet_event_extra.py
[2024-10-28T13:21:49.325+0000] {processor.py:925} INFO - DAG(s) 'read_dataset_event', 'read_dataset_event_from_classic' retrieved from /home/airflow/.local/lib/python3.12/site-packages/airflow/example_dags/example_inlet_event_extra.py
[2024-10-28T13:21:49.341+0000] {logging_mixin.py:190} INFO - [2024-10-28T13:21:49.341+0000] {dag.py:3239} INFO - Sync 2 DAGs
[2024-10-28T13:21:49.360+0000] {logging_mixin.py:190} INFO - [2024-10-28T13:21:49.359+0000] {dag.py:4180} INFO - Setting next_dagrun for read_dataset_event to 2024-10-27 00:00:00+00:00, run_after=2024-10-28 00:00:00+00:00
[2024-10-28T13:21:49.367+0000] {logging_mixin.py:190} INFO - [2024-10-28T13:21:49.367+0000] {dag.py:4180} INFO - Setting next_dagrun for read_dataset_event_from_classic to 2024-10-27 00:00:00+00:00, run_after=2024-10-28 00:00:00+00:00
[2024-10-28T13:21:49.385+0000] {processor.py:208} INFO - Processing /home/airflow/.local/lib/python3.12/site-packages/airflow/example_dags/example_inlet_event_extra.py took 0.162 seconds
[2024-10-28T13:25:01.481+0000] {processor.py:186} INFO - Started process (PID=94) to work on /home/airflow/.local/lib/python3.12/site-packages/airflow/example_dags/example_inlet_event_extra.py
[2024-10-28T13:25:01.482+0000] {processor.py:914} INFO - Processing file /home/airflow/.local/lib/python3.12/site-packages/airflow/example_dags/example_inlet_event_extra.py for tasks to queue
[2024-10-28T13:25:01.484+0000] {logging_mixin.py:190} INFO - [2024-10-28T13:25:01.484+0000] {dagbag.py:588} INFO - Filling up the DagBag from /home/airflow/.local/lib/python3.12/site-packages/airflow/example_dags/example_inlet_event_extra.py
[2024-10-28T13:25:01.600+0000] {processor.py:925} INFO - DAG(s) 'read_dataset_event', 'read_dataset_event_from_classic' retrieved from /home/airflow/.local/lib/python3.12/site-packages/airflow/example_dags/example_inlet_event_extra.py
[2024-10-28T13:25:01.619+0000] {logging_mixin.py:190} INFO - [2024-10-28T13:25:01.619+0000] {dag.py:3239} INFO - Sync 2 DAGs
[2024-10-28T13:25:01.641+0000] {logging_mixin.py:190} INFO - [2024-10-28T13:25:01.640+0000] {dag.py:4180} INFO - Setting next_dagrun for read_dataset_event to 2024-10-27 00:00:00+00:00, run_after=2024-10-28 00:00:00+00:00
[2024-10-28T13:25:01.645+0000] {logging_mixin.py:190} INFO - [2024-10-28T13:25:01.644+0000] {dag.py:4180} INFO - Setting next_dagrun for read_dataset_event_from_classic to 2024-10-27 00:00:00+00:00, run_after=2024-10-28 00:00:00+00:00
[2024-10-28T13:25:01.660+0000] {processor.py:208} INFO - Processing /home/airflow/.local/lib/python3.12/site-packages/airflow/example_dags/example_inlet_event_extra.py took 0.183 seconds
[2024-10-28T13:25:32.380+0000] {processor.py:186} INFO - Started process (PID=162) to work on /home/airflow/.local/lib/python3.12/site-packages/airflow/example_dags/example_inlet_event_extra.py
[2024-10-28T13:25:32.381+0000] {processor.py:914} INFO - Processing file /home/airflow/.local/lib/python3.12/site-packages/airflow/example_dags/example_inlet_event_extra.py for tasks to queue
[2024-10-28T13:25:32.383+0000] {logging_mixin.py:190} INFO - [2024-10-28T13:25:32.383+0000] {dagbag.py:588} INFO - Filling up the DagBag from /home/airflow/.local/lib/python3.12/site-packages/airflow/example_dags/example_inlet_event_extra.py
[2024-10-28T13:25:32.480+0000] {processor.py:925} INFO - DAG(s) 'read_dataset_event_from_classic', 'read_dataset_event' retrieved from /home/airflow/.local/lib/python3.12/site-packages/airflow/example_dags/example_inlet_event_extra.py
[2024-10-28T13:25:32.497+0000] {logging_mixin.py:190} INFO - [2024-10-28T13:25:32.497+0000] {dag.py:3239} INFO - Sync 2 DAGs
[2024-10-28T13:25:32.514+0000] {logging_mixin.py:190} INFO - [2024-10-28T13:25:32.514+0000] {dag.py:4180} INFO - Setting next_dagrun for read_dataset_event to 2024-10-27 00:00:00+00:00, run_after=2024-10-28 00:00:00+00:00
[2024-10-28T13:25:32.519+0000] {logging_mixin.py:190} INFO - [2024-10-28T13:25:32.518+0000] {dag.py:4180} INFO - Setting next_dagrun for read_dataset_event_from_classic to 2024-10-27 00:00:00+00:00, run_after=2024-10-28 00:00:00+00:00
[2024-10-28T13:25:32.533+0000] {processor.py:208} INFO - Processing /home/airflow/.local/lib/python3.12/site-packages/airflow/example_dags/example_inlet_event_extra.py took 0.157 seconds
[2024-10-28T13:26:03.271+0000] {processor.py:186} INFO - Started process (PID=225) to work on /home/airflow/.local/lib/python3.12/site-packages/airflow/example_dags/example_inlet_event_extra.py
[2024-10-28T13:26:03.272+0000] {processor.py:914} INFO - Processing file /home/airflow/.local/lib/python3.12/site-packages/airflow/example_dags/example_inlet_event_extra.py for tasks to queue
[2024-10-28T13:26:03.273+0000] {logging_mixin.py:190} INFO - [2024-10-28T13:26:03.273+0000] {dagbag.py:588} INFO - Filling up the DagBag from /home/airflow/.local/lib/python3.12/site-packages/airflow/example_dags/example_inlet_event_extra.py
[2024-10-28T13:26:03.371+0000] {processor.py:925} INFO - DAG(s) 'read_dataset_event_from_classic', 'read_dataset_event' retrieved from /home/airflow/.local/lib/python3.12/site-packages/airflow/example_dags/example_inlet_event_extra.py
[2024-10-28T13:26:03.385+0000] {logging_mixin.py:190} INFO - [2024-10-28T13:26:03.385+0000] {dag.py:3239} INFO - Sync 2 DAGs
[2024-10-28T13:26:03.402+0000] {logging_mixin.py:190} INFO - [2024-10-28T13:26:03.401+0000] {dag.py:4180} INFO - Setting next_dagrun for read_dataset_event to 2024-10-27 00:00:00+00:00, run_after=2024-10-28 00:00:00+00:00
[2024-10-28T13:26:03.406+0000] {logging_mixin.py:190} INFO - [2024-10-28T13:26:03.406+0000] {dag.py:4180} INFO - Setting next_dagrun for read_dataset_event_from_classic to 2024-10-27 00:00:00+00:00, run_after=2024-10-28 00:00:00+00:00
[2024-10-28T13:26:03.417+0000] {processor.py:208} INFO - Processing /home/airflow/.local/lib/python3.12/site-packages/airflow/example_dags/example_inlet_event_extra.py took 0.151 seconds
[2024-10-28T13:26:33.566+0000] {processor.py:186} INFO - Started process (PID=288) to work on /home/airflow/.local/lib/python3.12/site-packages/airflow/example_dags/example_inlet_event_extra.py
[2024-10-28T13:26:33.567+0000] {processor.py:914} INFO - Processing file /home/airflow/.local/lib/python3.12/site-packages/airflow/example_dags/example_inlet_event_extra.py for tasks to queue
[2024-10-28T13:26:33.569+0000] {logging_mixin.py:190} INFO - [2024-10-28T13:26:33.568+0000] {dagbag.py:588} INFO - Filling up the DagBag from /home/airflow/.local/lib/python3.12/site-packages/airflow/example_dags/example_inlet_event_extra.py
[2024-10-28T13:26:33.667+0000] {processor.py:925} INFO - DAG(s) 'read_dataset_event_from_classic', 'read_dataset_event' retrieved from /home/airflow/.local/lib/python3.12/site-packages/airflow/example_dags/example_inlet_event_extra.py
[2024-10-28T13:26:33.683+0000] {logging_mixin.py:190} INFO - [2024-10-28T13:26:33.683+0000] {dag.py:3239} INFO - Sync 2 DAGs
[2024-10-28T13:26:33.702+0000] {logging_mixin.py:190} INFO - [2024-10-28T13:26:33.702+0000] {dag.py:4180} INFO - Setting next_dagrun for read_dataset_event to 2024-10-27 00:00:00+00:00, run_after=2024-10-28 00:00:00+00:00
[2024-10-28T13:26:33.707+0000] {logging_mixin.py:190} INFO - [2024-10-28T13:26:33.707+0000] {dag.py:4180} INFO - Setting next_dagrun for read_dataset_event_from_classic to 2024-10-27 00:00:00+00:00, run_after=2024-10-28 00:00:00+00:00
[2024-10-28T13:26:33.721+0000] {processor.py:208} INFO - Processing /home/airflow/.local/lib/python3.12/site-packages/airflow/example_dags/example_inlet_event_extra.py took 0.160 seconds
[2024-10-28T13:27:03.839+0000] {processor.py:186} INFO - Started process (PID=352) to work on /home/airflow/.local/lib/python3.12/site-packages/airflow/example_dags/example_inlet_event_extra.py
[2024-10-28T13:27:03.840+0000] {processor.py:914} INFO - Processing file /home/airflow/.local/lib/python3.12/site-packages/airflow/example_dags/example_inlet_event_extra.py for tasks to queue
[2024-10-28T13:27:03.843+0000] {logging_mixin.py:190} INFO - [2024-10-28T13:27:03.842+0000] {dagbag.py:588} INFO - Filling up the DagBag from /home/airflow/.local/lib/python3.12/site-packages/airflow/example_dags/example_inlet_event_extra.py
[2024-10-28T13:27:03.962+0000] {processor.py:925} INFO - DAG(s) 'read_dataset_event', 'read_dataset_event_from_classic' retrieved from /home/airflow/.local/lib/python3.12/site-packages/airflow/example_dags/example_inlet_event_extra.py
[2024-10-28T13:27:03.980+0000] {logging_mixin.py:190} INFO - [2024-10-28T13:27:03.979+0000] {dag.py:3239} INFO - Sync 2 DAGs
[2024-10-28T13:27:04.001+0000] {logging_mixin.py:190} INFO - [2024-10-28T13:27:04.001+0000] {dag.py:4180} INFO - Setting next_dagrun for read_dataset_event to 2024-10-27 00:00:00+00:00, run_after=2024-10-28 00:00:00+00:00
[2024-10-28T13:27:04.005+0000] {logging_mixin.py:190} INFO - [2024-10-28T13:27:04.005+0000] {dag.py:4180} INFO - Setting next_dagrun for read_dataset_event_from_classic to 2024-10-27 00:00:00+00:00, run_after=2024-10-28 00:00:00+00:00
[2024-10-28T13:27:04.019+0000] {processor.py:208} INFO - Processing /home/airflow/.local/lib/python3.12/site-packages/airflow/example_dags/example_inlet_event_extra.py took 0.185 seconds
[2024-10-28T13:27:34.576+0000] {processor.py:186} INFO - Started process (PID=415) to work on /home/airflow/.local/lib/python3.12/site-packages/airflow/example_dags/example_inlet_event_extra.py
[2024-10-28T13:27:34.577+0000] {processor.py:914} INFO - Processing file /home/airflow/.local/lib/python3.12/site-packages/airflow/example_dags/example_inlet_event_extra.py for tasks to queue
[2024-10-28T13:27:34.579+0000] {logging_mixin.py:190} INFO - [2024-10-28T13:27:34.579+0000] {dagbag.py:588} INFO - Filling up the DagBag from /home/airflow/.local/lib/python3.12/site-packages/airflow/example_dags/example_inlet_event_extra.py
[2024-10-28T13:27:34.679+0000] {processor.py:925} INFO - DAG(s) 'read_dataset_event', 'read_dataset_event_from_classic' retrieved from /home/airflow/.local/lib/python3.12/site-packages/airflow/example_dags/example_inlet_event_extra.py
[2024-10-28T13:27:34.693+0000] {logging_mixin.py:190} INFO - [2024-10-28T13:27:34.693+0000] {dag.py:3239} INFO - Sync 2 DAGs
[2024-10-28T13:27:34.710+0000] {logging_mixin.py:190} INFO - [2024-10-28T13:27:34.710+0000] {dag.py:4180} INFO - Setting next_dagrun for read_dataset_event to 2024-10-27 00:00:00+00:00, run_after=2024-10-28 00:00:00+00:00
[2024-10-28T13:27:34.714+0000] {logging_mixin.py:190} INFO - [2024-10-28T13:27:34.714+0000] {dag.py:4180} INFO - Setting next_dagrun for read_dataset_event_from_classic to 2024-10-27 00:00:00+00:00, run_after=2024-10-28 00:00:00+00:00
[2024-10-28T13:27:34.727+0000] {processor.py:208} INFO - Processing /home/airflow/.local/lib/python3.12/site-packages/airflow/example_dags/example_inlet_event_extra.py took 0.156 seconds
[2024-10-28T13:28:05.153+0000] {processor.py:186} INFO - Started process (PID=477) to work on /home/airflow/.local/lib/python3.12/site-packages/airflow/example_dags/example_inlet_event_extra.py
[2024-10-28T13:28:05.156+0000] {processor.py:914} INFO - Processing file /home/airflow/.local/lib/python3.12/site-packages/airflow/example_dags/example_inlet_event_extra.py for tasks to queue
[2024-10-28T13:28:05.158+0000] {logging_mixin.py:190} INFO - [2024-10-28T13:28:05.158+0000] {dagbag.py:588} INFO - Filling up the DagBag from /home/airflow/.local/lib/python3.12/site-packages/airflow/example_dags/example_inlet_event_extra.py
[2024-10-28T13:28:05.251+0000] {processor.py:925} INFO - DAG(s) 'read_dataset_event', 'read_dataset_event_from_classic' retrieved from /home/airflow/.local/lib/python3.12/site-packages/airflow/example_dags/example_inlet_event_extra.py
[2024-10-28T13:28:05.266+0000] {logging_mixin.py:190} INFO - [2024-10-28T13:28:05.266+0000] {dag.py:3239} INFO - Sync 2 DAGs
[2024-10-28T13:28:05.283+0000] {logging_mixin.py:190} INFO - [2024-10-28T13:28:05.283+0000] {dag.py:4180} INFO - Setting next_dagrun for read_dataset_event to 2024-10-27 00:00:00+00:00, run_after=2024-10-28 00:00:00+00:00
[2024-10-28T13:28:05.286+0000] {logging_mixin.py:190} INFO - [2024-10-28T13:28:05.286+0000] {dag.py:4180} INFO - Setting next_dagrun for read_dataset_event_from_classic to 2024-10-27 00:00:00+00:00, run_after=2024-10-28 00:00:00+00:00
[2024-10-28T13:28:05.298+0000] {processor.py:208} INFO - Processing /home/airflow/.local/lib/python3.12/site-packages/airflow/example_dags/example_inlet_event_extra.py took 0.150 seconds
[2024-10-28T13:28:35.367+0000] {processor.py:186} INFO - Started process (PID=540) to work on /home/airflow/.local/lib/python3.12/site-packages/airflow/example_dags/example_inlet_event_extra.py
[2024-10-28T13:28:35.368+0000] {processor.py:914} INFO - Processing file /home/airflow/.local/lib/python3.12/site-packages/airflow/example_dags/example_inlet_event_extra.py for tasks to queue
[2024-10-28T13:28:35.371+0000] {logging_mixin.py:190} INFO - [2024-10-28T13:28:35.371+0000] {dagbag.py:588} INFO - Filling up the DagBag from /home/airflow/.local/lib/python3.12/site-packages/airflow/example_dags/example_inlet_event_extra.py
[2024-10-28T13:28:35.475+0000] {processor.py:925} INFO - DAG(s) 'read_dataset_event', 'read_dataset_event_from_classic' retrieved from /home/airflow/.local/lib/python3.12/site-packages/airflow/example_dags/example_inlet_event_extra.py
[2024-10-28T13:28:35.493+0000] {logging_mixin.py:190} INFO - [2024-10-28T13:28:35.492+0000] {dag.py:3239} INFO - Sync 2 DAGs
[2024-10-28T13:28:35.511+0000] {logging_mixin.py:190} INFO - [2024-10-28T13:28:35.511+0000] {dag.py:4180} INFO - Setting next_dagrun for read_dataset_event to 2024-10-27 00:00:00+00:00, run_after=2024-10-28 00:00:00+00:00
[2024-10-28T13:28:35.515+0000] {logging_mixin.py:190} INFO - [2024-10-28T13:28:35.515+0000] {dag.py:4180} INFO - Setting next_dagrun for read_dataset_event_from_classic to 2024-10-27 00:00:00+00:00, run_after=2024-10-28 00:00:00+00:00
[2024-10-28T13:28:35.530+0000] {processor.py:208} INFO - Processing /home/airflow/.local/lib/python3.12/site-packages/airflow/example_dags/example_inlet_event_extra.py took 0.167 seconds
[2024-10-28T13:29:06.417+0000] {processor.py:186} INFO - Started process (PID=603) to work on /home/airflow/.local/lib/python3.12/site-packages/airflow/example_dags/example_inlet_event_extra.py
[2024-10-28T13:29:06.418+0000] {processor.py:914} INFO - Processing file /home/airflow/.local/lib/python3.12/site-packages/airflow/example_dags/example_inlet_event_extra.py for tasks to queue
[2024-10-28T13:29:06.421+0000] {logging_mixin.py:190} INFO - [2024-10-28T13:29:06.420+0000] {dagbag.py:588} INFO - Filling up the DagBag from /home/airflow/.local/lib/python3.12/site-packages/airflow/example_dags/example_inlet_event_extra.py
[2024-10-28T13:29:06.590+0000] {processor.py:925} INFO - DAG(s) 'read_dataset_event', 'read_dataset_event_from_classic' retrieved from /home/airflow/.local/lib/python3.12/site-packages/airflow/example_dags/example_inlet_event_extra.py
[2024-10-28T13:29:06.608+0000] {logging_mixin.py:190} INFO - [2024-10-28T13:29:06.608+0000] {dag.py:3239} INFO - Sync 2 DAGs
[2024-10-28T13:29:06.626+0000] {logging_mixin.py:190} INFO - [2024-10-28T13:29:06.626+0000] {dag.py:4180} INFO - Setting next_dagrun for read_dataset_event to 2024-10-27 00:00:00+00:00, run_after=2024-10-28 00:00:00+00:00
[2024-10-28T13:29:06.630+0000] {logging_mixin.py:190} INFO - [2024-10-28T13:29:06.630+0000] {dag.py:4180} INFO - Setting next_dagrun for read_dataset_event_from_classic to 2024-10-27 00:00:00+00:00, run_after=2024-10-28 00:00:00+00:00
[2024-10-28T13:29:06.646+0000] {processor.py:208} INFO - Processing /home/airflow/.local/lib/python3.12/site-packages/airflow/example_dags/example_inlet_event_extra.py took 0.234 seconds
[2024-10-28T13:29:37.579+0000] {processor.py:186} INFO - Started process (PID=666) to work on /home/airflow/.local/lib/python3.12/site-packages/airflow/example_dags/example_inlet_event_extra.py
[2024-10-28T13:29:37.580+0000] {processor.py:914} INFO - Processing file /home/airflow/.local/lib/python3.12/site-packages/airflow/example_dags/example_inlet_event_extra.py for tasks to queue
[2024-10-28T13:29:37.583+0000] {logging_mixin.py:190} INFO - [2024-10-28T13:29:37.583+0000] {dagbag.py:588} INFO - Filling up the DagBag from /home/airflow/.local/lib/python3.12/site-packages/airflow/example_dags/example_inlet_event_extra.py
[2024-10-28T13:29:37.680+0000] {processor.py:925} INFO - DAG(s) 'read_dataset_event', 'read_dataset_event_from_classic' retrieved from /home/airflow/.local/lib/python3.12/site-packages/airflow/example_dags/example_inlet_event_extra.py
[2024-10-28T13:29:37.694+0000] {logging_mixin.py:190} INFO - [2024-10-28T13:29:37.694+0000] {dag.py:3239} INFO - Sync 2 DAGs
[2024-10-28T13:29:37.712+0000] {logging_mixin.py:190} INFO - [2024-10-28T13:29:37.712+0000] {dag.py:4180} INFO - Setting next_dagrun for read_dataset_event to 2024-10-27 00:00:00+00:00, run_after=2024-10-28 00:00:00+00:00
[2024-10-28T13:29:37.717+0000] {logging_mixin.py:190} INFO - [2024-10-28T13:29:37.717+0000] {dag.py:4180} INFO - Setting next_dagrun for read_dataset_event_from_classic to 2024-10-27 00:00:00+00:00, run_after=2024-10-28 00:00:00+00:00
[2024-10-28T13:29:37.731+0000] {processor.py:208} INFO - Processing /home/airflow/.local/lib/python3.12/site-packages/airflow/example_dags/example_inlet_event_extra.py took 0.157 seconds
[2024-10-28T13:30:08.229+0000] {processor.py:186} INFO - Started process (PID=729) to work on /home/airflow/.local/lib/python3.12/site-packages/airflow/example_dags/example_inlet_event_extra.py
[2024-10-28T13:30:08.230+0000] {processor.py:914} INFO - Processing file /home/airflow/.local/lib/python3.12/site-packages/airflow/example_dags/example_inlet_event_extra.py for tasks to queue
[2024-10-28T13:30:08.232+0000] {logging_mixin.py:190} INFO - [2024-10-28T13:30:08.232+0000] {dagbag.py:588} INFO - Filling up the DagBag from /home/airflow/.local/lib/python3.12/site-packages/airflow/example_dags/example_inlet_event_extra.py
[2024-10-28T13:30:08.325+0000] {processor.py:925} INFO - DAG(s) 'read_dataset_event_from_classic', 'read_dataset_event' retrieved from /home/airflow/.local/lib/python3.12/site-packages/airflow/example_dags/example_inlet_event_extra.py
[2024-10-28T13:30:08.342+0000] {logging_mixin.py:190} INFO - [2024-10-28T13:30:08.342+0000] {dag.py:3239} INFO - Sync 2 DAGs
[2024-10-28T13:30:08.360+0000] {logging_mixin.py:190} INFO - [2024-10-28T13:30:08.360+0000] {dag.py:4180} INFO - Setting next_dagrun for read_dataset_event to 2024-10-27 00:00:00+00:00, run_after=2024-10-28 00:00:00+00:00
[2024-10-28T13:30:08.365+0000] {logging_mixin.py:190} INFO - [2024-10-28T13:30:08.365+0000] {dag.py:4180} INFO - Setting next_dagrun for read_dataset_event_from_classic to 2024-10-27 00:00:00+00:00, run_after=2024-10-28 00:00:00+00:00
[2024-10-28T13:30:08.379+0000] {processor.py:208} INFO - Processing /home/airflow/.local/lib/python3.12/site-packages/airflow/example_dags/example_inlet_event_extra.py took 0.154 seconds
[2024-10-28T13:30:38.446+0000] {processor.py:186} INFO - Started process (PID=792) to work on /home/airflow/.local/lib/python3.12/site-packages/airflow/example_dags/example_inlet_event_extra.py
[2024-10-28T13:30:38.448+0000] {processor.py:914} INFO - Processing file /home/airflow/.local/lib/python3.12/site-packages/airflow/example_dags/example_inlet_event_extra.py for tasks to queue
[2024-10-28T13:30:38.450+0000] {logging_mixin.py:190} INFO - [2024-10-28T13:30:38.450+0000] {dagbag.py:588} INFO - Filling up the DagBag from /home/airflow/.local/lib/python3.12/site-packages/airflow/example_dags/example_inlet_event_extra.py
[2024-10-28T13:30:38.546+0000] {processor.py:925} INFO - DAG(s) 'read_dataset_event', 'read_dataset_event_from_classic' retrieved from /home/airflow/.local/lib/python3.12/site-packages/airflow/example_dags/example_inlet_event_extra.py
[2024-10-28T13:30:38.561+0000] {logging_mixin.py:190} INFO - [2024-10-28T13:30:38.561+0000] {dag.py:3239} INFO - Sync 2 DAGs
[2024-10-28T13:30:38.577+0000] {logging_mixin.py:190} INFO - [2024-10-28T13:30:38.577+0000] {dag.py:4180} INFO - Setting next_dagrun for read_dataset_event to 2024-10-27 00:00:00+00:00, run_after=2024-10-28 00:00:00+00:00
[2024-10-28T13:30:38.581+0000] {logging_mixin.py:190} INFO - [2024-10-28T13:30:38.581+0000] {dag.py:4180} INFO - Setting next_dagrun for read_dataset_event_from_classic to 2024-10-27 00:00:00+00:00, run_after=2024-10-28 00:00:00+00:00
[2024-10-28T13:30:38.593+0000] {processor.py:208} INFO - Processing /home/airflow/.local/lib/python3.12/site-packages/airflow/example_dags/example_inlet_event_extra.py took 0.152 seconds
[2024-10-28T13:31:09.533+0000] {processor.py:186} INFO - Started process (PID=855) to work on /home/airflow/.local/lib/python3.12/site-packages/airflow/example_dags/example_inlet_event_extra.py
[2024-10-28T13:31:09.534+0000] {processor.py:914} INFO - Processing file /home/airflow/.local/lib/python3.12/site-packages/airflow/example_dags/example_inlet_event_extra.py for tasks to queue
[2024-10-28T13:31:09.536+0000] {logging_mixin.py:190} INFO - [2024-10-28T13:31:09.536+0000] {dagbag.py:588} INFO - Filling up the DagBag from /home/airflow/.local/lib/python3.12/site-packages/airflow/example_dags/example_inlet_event_extra.py
[2024-10-28T13:31:09.629+0000] {processor.py:925} INFO - DAG(s) 'read_dataset_event_from_classic', 'read_dataset_event' retrieved from /home/airflow/.local/lib/python3.12/site-packages/airflow/example_dags/example_inlet_event_extra.py
[2024-10-28T13:31:09.644+0000] {logging_mixin.py:190} INFO - [2024-10-28T13:31:09.643+0000] {dag.py:3239} INFO - Sync 2 DAGs
[2024-10-28T13:31:09.660+0000] {logging_mixin.py:190} INFO - [2024-10-28T13:31:09.660+0000] {dag.py:4180} INFO - Setting next_dagrun for read_dataset_event to 2024-10-27 00:00:00+00:00, run_after=2024-10-28 00:00:00+00:00
[2024-10-28T13:31:09.663+0000] {logging_mixin.py:190} INFO - [2024-10-28T13:31:09.663+0000] {dag.py:4180} INFO - Setting next_dagrun for read_dataset_event_from_classic to 2024-10-27 00:00:00+00:00, run_after=2024-10-28 00:00:00+00:00
[2024-10-28T13:31:09.676+0000] {processor.py:208} INFO - Processing /home/airflow/.local/lib/python3.12/site-packages/airflow/example_dags/example_inlet_event_extra.py took 0.147 seconds
[2024-10-28T13:31:40.246+0000] {processor.py:186} INFO - Started process (PID=918) to work on /home/airflow/.local/lib/python3.12/site-packages/airflow/example_dags/example_inlet_event_extra.py
[2024-10-28T13:31:40.246+0000] {processor.py:914} INFO - Processing file /home/airflow/.local/lib/python3.12/site-packages/airflow/example_dags/example_inlet_event_extra.py for tasks to queue
[2024-10-28T13:31:40.248+0000] {logging_mixin.py:190} INFO - [2024-10-28T13:31:40.248+0000] {dagbag.py:588} INFO - Filling up the DagBag from /home/airflow/.local/lib/python3.12/site-packages/airflow/example_dags/example_inlet_event_extra.py
[2024-10-28T13:31:40.340+0000] {processor.py:925} INFO - DAG(s) 'read_dataset_event', 'read_dataset_event_from_classic' retrieved from /home/airflow/.local/lib/python3.12/site-packages/airflow/example_dags/example_inlet_event_extra.py
[2024-10-28T13:31:40.355+0000] {logging_mixin.py:190} INFO - [2024-10-28T13:31:40.355+0000] {dag.py:3239} INFO - Sync 2 DAGs
[2024-10-28T13:31:40.371+0000] {logging_mixin.py:190} INFO - [2024-10-28T13:31:40.371+0000] {dag.py:4180} INFO - Setting next_dagrun for read_dataset_event to 2024-10-27 00:00:00+00:00, run_after=2024-10-28 00:00:00+00:00
[2024-10-28T13:31:40.374+0000] {logging_mixin.py:190} INFO - [2024-10-28T13:31:40.374+0000] {dag.py:4180} INFO - Setting next_dagrun for read_dataset_event_from_classic to 2024-10-27 00:00:00+00:00, run_after=2024-10-28 00:00:00+00:00
[2024-10-28T13:31:40.386+0000] {processor.py:208} INFO - Processing /home/airflow/.local/lib/python3.12/site-packages/airflow/example_dags/example_inlet_event_extra.py took 0.145 seconds
[2024-10-28T13:32:11.096+0000] {processor.py:186} INFO - Started process (PID=981) to work on /home/airflow/.local/lib/python3.12/site-packages/airflow/example_dags/example_inlet_event_extra.py
[2024-10-28T13:32:11.097+0000] {processor.py:914} INFO - Processing file /home/airflow/.local/lib/python3.12/site-packages/airflow/example_dags/example_inlet_event_extra.py for tasks to queue
[2024-10-28T13:32:11.099+0000] {logging_mixin.py:190} INFO - [2024-10-28T13:32:11.098+0000] {dagbag.py:588} INFO - Filling up the DagBag from /home/airflow/.local/lib/python3.12/site-packages/airflow/example_dags/example_inlet_event_extra.py
[2024-10-28T13:32:11.195+0000] {processor.py:925} INFO - DAG(s) 'read_dataset_event_from_classic', 'read_dataset_event' retrieved from /home/airflow/.local/lib/python3.12/site-packages/airflow/example_dags/example_inlet_event_extra.py
[2024-10-28T13:32:11.213+0000] {logging_mixin.py:190} INFO - [2024-10-28T13:32:11.213+0000] {dag.py:3239} INFO - Sync 2 DAGs
[2024-10-28T13:32:11.230+0000] {logging_mixin.py:190} INFO - [2024-10-28T13:32:11.230+0000] {dag.py:4180} INFO - Setting next_dagrun for read_dataset_event to 2024-10-27 00:00:00+00:00, run_after=2024-10-28 00:00:00+00:00
[2024-10-28T13:32:11.234+0000] {logging_mixin.py:190} INFO - [2024-10-28T13:32:11.234+0000] {dag.py:4180} INFO - Setting next_dagrun for read_dataset_event_from_classic to 2024-10-27 00:00:00+00:00, run_after=2024-10-28 00:00:00+00:00
[2024-10-28T13:32:11.248+0000] {processor.py:208} INFO - Processing /home/airflow/.local/lib/python3.12/site-packages/airflow/example_dags/example_inlet_event_extra.py took 0.156 seconds
[2024-10-28T13:32:41.272+0000] {processor.py:186} INFO - Started process (PID=1044) to work on /home/airflow/.local/lib/python3.12/site-packages/airflow/example_dags/example_inlet_event_extra.py
[2024-10-28T13:32:41.273+0000] {processor.py:914} INFO - Processing file /home/airflow/.local/lib/python3.12/site-packages/airflow/example_dags/example_inlet_event_extra.py for tasks to queue
[2024-10-28T13:32:41.274+0000] {logging_mixin.py:190} INFO - [2024-10-28T13:32:41.274+0000] {dagbag.py:588} INFO - Filling up the DagBag from /home/airflow/.local/lib/python3.12/site-packages/airflow/example_dags/example_inlet_event_extra.py
[2024-10-28T13:32:41.369+0000] {processor.py:925} INFO - DAG(s) 'read_dataset_event', 'read_dataset_event_from_classic' retrieved from /home/airflow/.local/lib/python3.12/site-packages/airflow/example_dags/example_inlet_event_extra.py
[2024-10-28T13:32:41.383+0000] {logging_mixin.py:190} INFO - [2024-10-28T13:32:41.383+0000] {dag.py:3239} INFO - Sync 2 DAGs
[2024-10-28T13:32:41.401+0000] {logging_mixin.py:190} INFO - [2024-10-28T13:32:41.401+0000] {dag.py:4180} INFO - Setting next_dagrun for read_dataset_event to 2024-10-27 00:00:00+00:00, run_after=2024-10-28 00:00:00+00:00
[2024-10-28T13:32:41.405+0000] {logging_mixin.py:190} INFO - [2024-10-28T13:32:41.405+0000] {dag.py:4180} INFO - Setting next_dagrun for read_dataset_event_from_classic to 2024-10-27 00:00:00+00:00, run_after=2024-10-28 00:00:00+00:00
[2024-10-28T13:32:41.419+0000] {processor.py:208} INFO - Processing /home/airflow/.local/lib/python3.12/site-packages/airflow/example_dags/example_inlet_event_extra.py took 0.152 seconds
[2024-10-28T13:33:11.718+0000] {processor.py:186} INFO - Started process (PID=1107) to work on /home/airflow/.local/lib/python3.12/site-packages/airflow/example_dags/example_inlet_event_extra.py
[2024-10-28T13:33:11.718+0000] {processor.py:914} INFO - Processing file /home/airflow/.local/lib/python3.12/site-packages/airflow/example_dags/example_inlet_event_extra.py for tasks to queue
[2024-10-28T13:33:11.720+0000] {logging_mixin.py:190} INFO - [2024-10-28T13:33:11.720+0000] {dagbag.py:588} INFO - Filling up the DagBag from /home/airflow/.local/lib/python3.12/site-packages/airflow/example_dags/example_inlet_event_extra.py
[2024-10-28T13:33:11.813+0000] {processor.py:925} INFO - DAG(s) 'read_dataset_event_from_classic', 'read_dataset_event' retrieved from /home/airflow/.local/lib/python3.12/site-packages/airflow/example_dags/example_inlet_event_extra.py
[2024-10-28T13:33:11.827+0000] {logging_mixin.py:190} INFO - [2024-10-28T13:33:11.827+0000] {dag.py:3239} INFO - Sync 2 DAGs
[2024-10-28T13:33:11.844+0000] {logging_mixin.py:190} INFO - [2024-10-28T13:33:11.844+0000] {dag.py:4180} INFO - Setting next_dagrun for read_dataset_event to 2024-10-27 00:00:00+00:00, run_after=2024-10-28 00:00:00+00:00
[2024-10-28T13:33:11.848+0000] {logging_mixin.py:190} INFO - [2024-10-28T13:33:11.848+0000] {dag.py:4180} INFO - Setting next_dagrun for read_dataset_event_from_classic to 2024-10-27 00:00:00+00:00, run_after=2024-10-28 00:00:00+00:00
[2024-10-28T13:33:11.865+0000] {processor.py:208} INFO - Processing /home/airflow/.local/lib/python3.12/site-packages/airflow/example_dags/example_inlet_event_extra.py took 0.151 seconds
[2024-10-28T13:33:42.439+0000] {processor.py:186} INFO - Started process (PID=1170) to work on /home/airflow/.local/lib/python3.12/site-packages/airflow/example_dags/example_inlet_event_extra.py
[2024-10-28T13:33:42.440+0000] {processor.py:914} INFO - Processing file /home/airflow/.local/lib/python3.12/site-packages/airflow/example_dags/example_inlet_event_extra.py for tasks to queue
[2024-10-28T13:33:42.442+0000] {logging_mixin.py:190} INFO - [2024-10-28T13:33:42.442+0000] {dagbag.py:588} INFO - Filling up the DagBag from /home/airflow/.local/lib/python3.12/site-packages/airflow/example_dags/example_inlet_event_extra.py
[2024-10-28T13:33:42.562+0000] {processor.py:925} INFO - DAG(s) 'read_dataset_event_from_classic', 'read_dataset_event' retrieved from /home/airflow/.local/lib/python3.12/site-packages/airflow/example_dags/example_inlet_event_extra.py
[2024-10-28T13:33:42.597+0000] {logging_mixin.py:190} INFO - [2024-10-28T13:33:42.597+0000] {dag.py:3239} INFO - Sync 2 DAGs
[2024-10-28T13:33:42.621+0000] {logging_mixin.py:190} INFO - [2024-10-28T13:33:42.620+0000] {dag.py:4180} INFO - Setting next_dagrun for read_dataset_event to 2024-10-27 00:00:00+00:00, run_after=2024-10-28 00:00:00+00:00
[2024-10-28T13:33:42.625+0000] {logging_mixin.py:190} INFO - [2024-10-28T13:33:42.624+0000] {dag.py:4180} INFO - Setting next_dagrun for read_dataset_event_from_classic to 2024-10-27 00:00:00+00:00, run_after=2024-10-28 00:00:00+00:00
[2024-10-28T13:33:42.640+0000] {processor.py:208} INFO - Processing /home/airflow/.local/lib/python3.12/site-packages/airflow/example_dags/example_inlet_event_extra.py took 0.207 seconds
[2024-10-28T13:34:13.219+0000] {processor.py:186} INFO - Started process (PID=1233) to work on /home/airflow/.local/lib/python3.12/site-packages/airflow/example_dags/example_inlet_event_extra.py
[2024-10-28T13:34:13.220+0000] {processor.py:914} INFO - Processing file /home/airflow/.local/lib/python3.12/site-packages/airflow/example_dags/example_inlet_event_extra.py for tasks to queue
[2024-10-28T13:34:13.226+0000] {logging_mixin.py:190} INFO - [2024-10-28T13:34:13.226+0000] {dagbag.py:588} INFO - Filling up the DagBag from /home/airflow/.local/lib/python3.12/site-packages/airflow/example_dags/example_inlet_event_extra.py
[2024-10-28T13:34:13.335+0000] {processor.py:925} INFO - DAG(s) 'read_dataset_event', 'read_dataset_event_from_classic' retrieved from /home/airflow/.local/lib/python3.12/site-packages/airflow/example_dags/example_inlet_event_extra.py
[2024-10-28T13:34:13.352+0000] {logging_mixin.py:190} INFO - [2024-10-28T13:34:13.352+0000] {dag.py:3239} INFO - Sync 2 DAGs
[2024-10-28T13:34:13.369+0000] {logging_mixin.py:190} INFO - [2024-10-28T13:34:13.369+0000] {dag.py:4180} INFO - Setting next_dagrun for read_dataset_event to 2024-10-27 00:00:00+00:00, run_after=2024-10-28 00:00:00+00:00
[2024-10-28T13:34:13.373+0000] {logging_mixin.py:190} INFO - [2024-10-28T13:34:13.373+0000] {dag.py:4180} INFO - Setting next_dagrun for read_dataset_event_from_classic to 2024-10-27 00:00:00+00:00, run_after=2024-10-28 00:00:00+00:00
[2024-10-28T13:34:13.389+0000] {processor.py:208} INFO - Processing /home/airflow/.local/lib/python3.12/site-packages/airflow/example_dags/example_inlet_event_extra.py took 0.174 seconds
[2024-10-28T13:34:43.972+0000] {processor.py:186} INFO - Started process (PID=1296) to work on /home/airflow/.local/lib/python3.12/site-packages/airflow/example_dags/example_inlet_event_extra.py
[2024-10-28T13:34:43.973+0000] {processor.py:914} INFO - Processing file /home/airflow/.local/lib/python3.12/site-packages/airflow/example_dags/example_inlet_event_extra.py for tasks to queue
[2024-10-28T13:34:43.976+0000] {logging_mixin.py:190} INFO - [2024-10-28T13:34:43.976+0000] {dagbag.py:588} INFO - Filling up the DagBag from /home/airflow/.local/lib/python3.12/site-packages/airflow/example_dags/example_inlet_event_extra.py
[2024-10-28T13:34:44.077+0000] {processor.py:925} INFO - DAG(s) 'read_dataset_event_from_classic', 'read_dataset_event' retrieved from /home/airflow/.local/lib/python3.12/site-packages/airflow/example_dags/example_inlet_event_extra.py
[2024-10-28T13:34:44.093+0000] {logging_mixin.py:190} INFO - [2024-10-28T13:34:44.093+0000] {dag.py:3239} INFO - Sync 2 DAGs
[2024-10-28T13:34:44.110+0000] {logging_mixin.py:190} INFO - [2024-10-28T13:34:44.110+0000] {dag.py:4180} INFO - Setting next_dagrun for read_dataset_event to 2024-10-27 00:00:00+00:00, run_after=2024-10-28 00:00:00+00:00
[2024-10-28T13:34:44.117+0000] {logging_mixin.py:190} INFO - [2024-10-28T13:34:44.116+0000] {dag.py:4180} INFO - Setting next_dagrun for read_dataset_event_from_classic to 2024-10-27 00:00:00+00:00, run_after=2024-10-28 00:00:00+00:00
[2024-10-28T13:34:44.131+0000] {processor.py:208} INFO - Processing /home/airflow/.local/lib/python3.12/site-packages/airflow/example_dags/example_inlet_event_extra.py took 0.163 seconds
[2024-10-28T13:35:14.863+0000] {processor.py:186} INFO - Started process (PID=1359) to work on /home/airflow/.local/lib/python3.12/site-packages/airflow/example_dags/example_inlet_event_extra.py
[2024-10-28T13:35:14.864+0000] {processor.py:914} INFO - Processing file /home/airflow/.local/lib/python3.12/site-packages/airflow/example_dags/example_inlet_event_extra.py for tasks to queue
[2024-10-28T13:35:14.866+0000] {logging_mixin.py:190} INFO - [2024-10-28T13:35:14.866+0000] {dagbag.py:588} INFO - Filling up the DagBag from /home/airflow/.local/lib/python3.12/site-packages/airflow/example_dags/example_inlet_event_extra.py
[2024-10-28T13:35:14.965+0000] {processor.py:925} INFO - DAG(s) 'read_dataset_event', 'read_dataset_event_from_classic' retrieved from /home/airflow/.local/lib/python3.12/site-packages/airflow/example_dags/example_inlet_event_extra.py
[2024-10-28T13:35:14.982+0000] {logging_mixin.py:190} INFO - [2024-10-28T13:35:14.982+0000] {dag.py:3239} INFO - Sync 2 DAGs
[2024-10-28T13:35:15.000+0000] {logging_mixin.py:190} INFO - [2024-10-28T13:35:15.000+0000] {dag.py:4180} INFO - Setting next_dagrun for read_dataset_event to 2024-10-27 00:00:00+00:00, run_after=2024-10-28 00:00:00+00:00
[2024-10-28T13:35:15.003+0000] {logging_mixin.py:190} INFO - [2024-10-28T13:35:15.003+0000] {dag.py:4180} INFO - Setting next_dagrun for read_dataset_event_from_classic to 2024-10-27 00:00:00+00:00, run_after=2024-10-28 00:00:00+00:00
[2024-10-28T13:35:15.036+0000] {processor.py:208} INFO - Processing /home/airflow/.local/lib/python3.12/site-packages/airflow/example_dags/example_inlet_event_extra.py took 0.177 seconds
[2024-10-28T13:35:45.334+0000] {processor.py:186} INFO - Started process (PID=1422) to work on /home/airflow/.local/lib/python3.12/site-packages/airflow/example_dags/example_inlet_event_extra.py
[2024-10-28T13:35:45.335+0000] {processor.py:914} INFO - Processing file /home/airflow/.local/lib/python3.12/site-packages/airflow/example_dags/example_inlet_event_extra.py for tasks to queue
[2024-10-28T13:35:45.337+0000] {logging_mixin.py:190} INFO - [2024-10-28T13:35:45.337+0000] {dagbag.py:588} INFO - Filling up the DagBag from /home/airflow/.local/lib/python3.12/site-packages/airflow/example_dags/example_inlet_event_extra.py
[2024-10-28T13:35:45.425+0000] {processor.py:925} INFO - DAG(s) 'read_dataset_event', 'read_dataset_event_from_classic' retrieved from /home/airflow/.local/lib/python3.12/site-packages/airflow/example_dags/example_inlet_event_extra.py
[2024-10-28T13:35:45.443+0000] {logging_mixin.py:190} INFO - [2024-10-28T13:35:45.442+0000] {dag.py:3239} INFO - Sync 2 DAGs
[2024-10-28T13:35:45.460+0000] {logging_mixin.py:190} INFO - [2024-10-28T13:35:45.460+0000] {dag.py:4180} INFO - Setting next_dagrun for read_dataset_event to 2024-10-27 00:00:00+00:00, run_after=2024-10-28 00:00:00+00:00
[2024-10-28T13:35:45.465+0000] {logging_mixin.py:190} INFO - [2024-10-28T13:35:45.465+0000] {dag.py:4180} INFO - Setting next_dagrun for read_dataset_event_from_classic to 2024-10-27 00:00:00+00:00, run_after=2024-10-28 00:00:00+00:00
[2024-10-28T13:35:45.480+0000] {processor.py:208} INFO - Processing /home/airflow/.local/lib/python3.12/site-packages/airflow/example_dags/example_inlet_event_extra.py took 0.150 seconds
[2024-10-28T13:36:16.149+0000] {processor.py:186} INFO - Started process (PID=1485) to work on /home/airflow/.local/lib/python3.12/site-packages/airflow/example_dags/example_inlet_event_extra.py
[2024-10-28T13:36:16.150+0000] {processor.py:914} INFO - Processing file /home/airflow/.local/lib/python3.12/site-packages/airflow/example_dags/example_inlet_event_extra.py for tasks to queue
[2024-10-28T13:36:16.152+0000] {logging_mixin.py:190} INFO - [2024-10-28T13:36:16.151+0000] {dagbag.py:588} INFO - Filling up the DagBag from /home/airflow/.local/lib/python3.12/site-packages/airflow/example_dags/example_inlet_event_extra.py
[2024-10-28T13:36:16.246+0000] {processor.py:925} INFO - DAG(s) 'read_dataset_event_from_classic', 'read_dataset_event' retrieved from /home/airflow/.local/lib/python3.12/site-packages/airflow/example_dags/example_inlet_event_extra.py
[2024-10-28T13:36:16.258+0000] {logging_mixin.py:190} INFO - [2024-10-28T13:36:16.258+0000] {dag.py:3239} INFO - Sync 2 DAGs
[2024-10-28T13:36:16.275+0000] {logging_mixin.py:190} INFO - [2024-10-28T13:36:16.275+0000] {dag.py:4180} INFO - Setting next_dagrun for read_dataset_event to 2024-10-27 00:00:00+00:00, run_after=2024-10-28 00:00:00+00:00
[2024-10-28T13:36:16.278+0000] {logging_mixin.py:190} INFO - [2024-10-28T13:36:16.278+0000] {dag.py:4180} INFO - Setting next_dagrun for read_dataset_event_from_classic to 2024-10-27 00:00:00+00:00, run_after=2024-10-28 00:00:00+00:00
[2024-10-28T13:36:16.290+0000] {processor.py:208} INFO - Processing /home/airflow/.local/lib/python3.12/site-packages/airflow/example_dags/example_inlet_event_extra.py took 0.146 seconds
[2024-10-28T13:36:47.202+0000] {processor.py:186} INFO - Started process (PID=1548) to work on /home/airflow/.local/lib/python3.12/site-packages/airflow/example_dags/example_inlet_event_extra.py
[2024-10-28T13:36:47.203+0000] {processor.py:914} INFO - Processing file /home/airflow/.local/lib/python3.12/site-packages/airflow/example_dags/example_inlet_event_extra.py for tasks to queue
[2024-10-28T13:36:47.205+0000] {logging_mixin.py:190} INFO - [2024-10-28T13:36:47.205+0000] {dagbag.py:588} INFO - Filling up the DagBag from /home/airflow/.local/lib/python3.12/site-packages/airflow/example_dags/example_inlet_event_extra.py
[2024-10-28T13:36:47.297+0000] {processor.py:925} INFO - DAG(s) 'read_dataset_event_from_classic', 'read_dataset_event' retrieved from /home/airflow/.local/lib/python3.12/site-packages/airflow/example_dags/example_inlet_event_extra.py
[2024-10-28T13:36:47.312+0000] {logging_mixin.py:190} INFO - [2024-10-28T13:36:47.312+0000] {dag.py:3239} INFO - Sync 2 DAGs
[2024-10-28T13:36:47.329+0000] {logging_mixin.py:190} INFO - [2024-10-28T13:36:47.329+0000] {dag.py:4180} INFO - Setting next_dagrun for read_dataset_event to 2024-10-27 00:00:00+00:00, run_after=2024-10-28 00:00:00+00:00
[2024-10-28T13:36:47.333+0000] {logging_mixin.py:190} INFO - [2024-10-28T13:36:47.332+0000] {dag.py:4180} INFO - Setting next_dagrun for read_dataset_event_from_classic to 2024-10-27 00:00:00+00:00, run_after=2024-10-28 00:00:00+00:00
[2024-10-28T13:36:47.345+0000] {processor.py:208} INFO - Processing /home/airflow/.local/lib/python3.12/site-packages/airflow/example_dags/example_inlet_event_extra.py took 0.148 seconds
[2024-10-28T13:37:17.647+0000] {processor.py:186} INFO - Started process (PID=1611) to work on /home/airflow/.local/lib/python3.12/site-packages/airflow/example_dags/example_inlet_event_extra.py
[2024-10-28T13:37:17.647+0000] {processor.py:914} INFO - Processing file /home/airflow/.local/lib/python3.12/site-packages/airflow/example_dags/example_inlet_event_extra.py for tasks to queue
[2024-10-28T13:37:17.649+0000] {logging_mixin.py:190} INFO - [2024-10-28T13:37:17.649+0000] {dagbag.py:588} INFO - Filling up the DagBag from /home/airflow/.local/lib/python3.12/site-packages/airflow/example_dags/example_inlet_event_extra.py
[2024-10-28T13:37:17.751+0000] {processor.py:925} INFO - DAG(s) 'read_dataset_event', 'read_dataset_event_from_classic' retrieved from /home/airflow/.local/lib/python3.12/site-packages/airflow/example_dags/example_inlet_event_extra.py
[2024-10-28T13:37:17.765+0000] {logging_mixin.py:190} INFO - [2024-10-28T13:37:17.765+0000] {dag.py:3239} INFO - Sync 2 DAGs
[2024-10-28T13:37:17.781+0000] {logging_mixin.py:190} INFO - [2024-10-28T13:37:17.781+0000] {dag.py:4180} INFO - Setting next_dagrun for read_dataset_event to 2024-10-27 00:00:00+00:00, run_after=2024-10-28 00:00:00+00:00
[2024-10-28T13:37:17.785+0000] {logging_mixin.py:190} INFO - [2024-10-28T13:37:17.785+0000] {dag.py:4180} INFO - Setting next_dagrun for read_dataset_event_from_classic to 2024-10-27 00:00:00+00:00, run_after=2024-10-28 00:00:00+00:00
[2024-10-28T13:37:17.927+0000] {processor.py:208} INFO - Processing /home/airflow/.local/lib/python3.12/site-packages/airflow/example_dags/example_inlet_event_extra.py took 0.285 seconds
[2024-10-28T13:37:48.288+0000] {processor.py:186} INFO - Started process (PID=1674) to work on /home/airflow/.local/lib/python3.12/site-packages/airflow/example_dags/example_inlet_event_extra.py
[2024-10-28T13:37:48.289+0000] {processor.py:914} INFO - Processing file /home/airflow/.local/lib/python3.12/site-packages/airflow/example_dags/example_inlet_event_extra.py for tasks to queue
[2024-10-28T13:37:48.291+0000] {logging_mixin.py:190} INFO - [2024-10-28T13:37:48.291+0000] {dagbag.py:588} INFO - Filling up the DagBag from /home/airflow/.local/lib/python3.12/site-packages/airflow/example_dags/example_inlet_event_extra.py
[2024-10-28T13:37:48.388+0000] {processor.py:925} INFO - DAG(s) 'read_dataset_event', 'read_dataset_event_from_classic' retrieved from /home/airflow/.local/lib/python3.12/site-packages/airflow/example_dags/example_inlet_event_extra.py
[2024-10-28T13:37:48.401+0000] {logging_mixin.py:190} INFO - [2024-10-28T13:37:48.401+0000] {dag.py:3239} INFO - Sync 2 DAGs
[2024-10-28T13:37:48.417+0000] {logging_mixin.py:190} INFO - [2024-10-28T13:37:48.417+0000] {dag.py:4180} INFO - Setting next_dagrun for read_dataset_event to 2024-10-27 00:00:00+00:00, run_after=2024-10-28 00:00:00+00:00
[2024-10-28T13:37:48.420+0000] {logging_mixin.py:190} INFO - [2024-10-28T13:37:48.420+0000] {dag.py:4180} INFO - Setting next_dagrun for read_dataset_event_from_classic to 2024-10-27 00:00:00+00:00, run_after=2024-10-28 00:00:00+00:00
[2024-10-28T13:37:48.433+0000] {processor.py:208} INFO - Processing /home/airflow/.local/lib/python3.12/site-packages/airflow/example_dags/example_inlet_event_extra.py took 0.149 seconds
[2024-10-28T13:38:18.809+0000] {processor.py:186} INFO - Started process (PID=1737) to work on /home/airflow/.local/lib/python3.12/site-packages/airflow/example_dags/example_inlet_event_extra.py
[2024-10-28T13:38:18.810+0000] {processor.py:914} INFO - Processing file /home/airflow/.local/lib/python3.12/site-packages/airflow/example_dags/example_inlet_event_extra.py for tasks to queue
[2024-10-28T13:38:18.812+0000] {logging_mixin.py:190} INFO - [2024-10-28T13:38:18.812+0000] {dagbag.py:588} INFO - Filling up the DagBag from /home/airflow/.local/lib/python3.12/site-packages/airflow/example_dags/example_inlet_event_extra.py
[2024-10-28T13:38:18.910+0000] {processor.py:925} INFO - DAG(s) 'read_dataset_event', 'read_dataset_event_from_classic' retrieved from /home/airflow/.local/lib/python3.12/site-packages/airflow/example_dags/example_inlet_event_extra.py
[2024-10-28T13:38:18.925+0000] {logging_mixin.py:190} INFO - [2024-10-28T13:38:18.925+0000] {dag.py:3239} INFO - Sync 2 DAGs
[2024-10-28T13:38:18.942+0000] {logging_mixin.py:190} INFO - [2024-10-28T13:38:18.942+0000] {dag.py:4180} INFO - Setting next_dagrun for read_dataset_event to 2024-10-27 00:00:00+00:00, run_after=2024-10-28 00:00:00+00:00
[2024-10-28T13:38:18.945+0000] {logging_mixin.py:190} INFO - [2024-10-28T13:38:18.945+0000] {dag.py:4180} INFO - Setting next_dagrun for read_dataset_event_from_classic to 2024-10-27 00:00:00+00:00, run_after=2024-10-28 00:00:00+00:00
[2024-10-28T13:38:18.957+0000] {processor.py:208} INFO - Processing /home/airflow/.local/lib/python3.12/site-packages/airflow/example_dags/example_inlet_event_extra.py took 0.153 seconds
[2024-10-28T13:38:49.447+0000] {processor.py:186} INFO - Started process (PID=1800) to work on /home/airflow/.local/lib/python3.12/site-packages/airflow/example_dags/example_inlet_event_extra.py
[2024-10-28T13:38:49.448+0000] {processor.py:914} INFO - Processing file /home/airflow/.local/lib/python3.12/site-packages/airflow/example_dags/example_inlet_event_extra.py for tasks to queue
[2024-10-28T13:38:49.450+0000] {logging_mixin.py:190} INFO - [2024-10-28T13:38:49.450+0000] {dagbag.py:588} INFO - Filling up the DagBag from /home/airflow/.local/lib/python3.12/site-packages/airflow/example_dags/example_inlet_event_extra.py
[2024-10-28T13:38:49.549+0000] {processor.py:925} INFO - DAG(s) 'read_dataset_event_from_classic', 'read_dataset_event' retrieved from /home/airflow/.local/lib/python3.12/site-packages/airflow/example_dags/example_inlet_event_extra.py
[2024-10-28T13:38:49.564+0000] {logging_mixin.py:190} INFO - [2024-10-28T13:38:49.564+0000] {dag.py:3239} INFO - Sync 2 DAGs
[2024-10-28T13:38:49.582+0000] {logging_mixin.py:190} INFO - [2024-10-28T13:38:49.582+0000] {dag.py:4180} INFO - Setting next_dagrun for read_dataset_event to 2024-10-27 00:00:00+00:00, run_after=2024-10-28 00:00:00+00:00
[2024-10-28T13:38:49.586+0000] {logging_mixin.py:190} INFO - [2024-10-28T13:38:49.586+0000] {dag.py:4180} INFO - Setting next_dagrun for read_dataset_event_from_classic to 2024-10-27 00:00:00+00:00, run_after=2024-10-28 00:00:00+00:00
[2024-10-28T13:38:49.603+0000] {processor.py:208} INFO - Processing /home/airflow/.local/lib/python3.12/site-packages/airflow/example_dags/example_inlet_event_extra.py took 0.160 seconds
[2024-10-28T13:39:20.037+0000] {processor.py:186} INFO - Started process (PID=1864) to work on /home/airflow/.local/lib/python3.12/site-packages/airflow/example_dags/example_inlet_event_extra.py
[2024-10-28T13:39:20.038+0000] {processor.py:914} INFO - Processing file /home/airflow/.local/lib/python3.12/site-packages/airflow/example_dags/example_inlet_event_extra.py for tasks to queue
[2024-10-28T13:39:20.040+0000] {logging_mixin.py:190} INFO - [2024-10-28T13:39:20.039+0000] {dagbag.py:588} INFO - Filling up the DagBag from /home/airflow/.local/lib/python3.12/site-packages/airflow/example_dags/example_inlet_event_extra.py
[2024-10-28T13:39:20.139+0000] {processor.py:925} INFO - DAG(s) 'read_dataset_event', 'read_dataset_event_from_classic' retrieved from /home/airflow/.local/lib/python3.12/site-packages/airflow/example_dags/example_inlet_event_extra.py
[2024-10-28T13:39:20.153+0000] {logging_mixin.py:190} INFO - [2024-10-28T13:39:20.153+0000] {dag.py:3239} INFO - Sync 2 DAGs
[2024-10-28T13:39:20.170+0000] {logging_mixin.py:190} INFO - [2024-10-28T13:39:20.170+0000] {dag.py:4180} INFO - Setting next_dagrun for read_dataset_event to 2024-10-27 00:00:00+00:00, run_after=2024-10-28 00:00:00+00:00
[2024-10-28T13:39:20.174+0000] {logging_mixin.py:190} INFO - [2024-10-28T13:39:20.173+0000] {dag.py:4180} INFO - Setting next_dagrun for read_dataset_event_from_classic to 2024-10-27 00:00:00+00:00, run_after=2024-10-28 00:00:00+00:00
[2024-10-28T13:39:20.187+0000] {processor.py:208} INFO - Processing /home/airflow/.local/lib/python3.12/site-packages/airflow/example_dags/example_inlet_event_extra.py took 0.155 seconds
[2024-10-28T13:39:50.729+0000] {processor.py:186} INFO - Started process (PID=1926) to work on /home/airflow/.local/lib/python3.12/site-packages/airflow/example_dags/example_inlet_event_extra.py
[2024-10-28T13:39:50.730+0000] {processor.py:914} INFO - Processing file /home/airflow/.local/lib/python3.12/site-packages/airflow/example_dags/example_inlet_event_extra.py for tasks to queue
[2024-10-28T13:39:50.732+0000] {logging_mixin.py:190} INFO - [2024-10-28T13:39:50.732+0000] {dagbag.py:588} INFO - Filling up the DagBag from /home/airflow/.local/lib/python3.12/site-packages/airflow/example_dags/example_inlet_event_extra.py
[2024-10-28T13:39:50.841+0000] {processor.py:925} INFO - DAG(s) 'read_dataset_event', 'read_dataset_event_from_classic' retrieved from /home/airflow/.local/lib/python3.12/site-packages/airflow/example_dags/example_inlet_event_extra.py
[2024-10-28T13:39:50.858+0000] {logging_mixin.py:190} INFO - [2024-10-28T13:39:50.858+0000] {dag.py:3239} INFO - Sync 2 DAGs
[2024-10-28T13:39:50.877+0000] {logging_mixin.py:190} INFO - [2024-10-28T13:39:50.877+0000] {dag.py:4180} INFO - Setting next_dagrun for read_dataset_event to 2024-10-27 00:00:00+00:00, run_after=2024-10-28 00:00:00+00:00
[2024-10-28T13:39:50.881+0000] {logging_mixin.py:190} INFO - [2024-10-28T13:39:50.881+0000] {dag.py:4180} INFO - Setting next_dagrun for read_dataset_event_from_classic to 2024-10-27 00:00:00+00:00, run_after=2024-10-28 00:00:00+00:00
[2024-10-28T13:39:50.895+0000] {processor.py:208} INFO - Processing /home/airflow/.local/lib/python3.12/site-packages/airflow/example_dags/example_inlet_event_extra.py took 0.170 seconds
[2024-10-28T13:40:21.114+0000] {processor.py:186} INFO - Started process (PID=1989) to work on /home/airflow/.local/lib/python3.12/site-packages/airflow/example_dags/example_inlet_event_extra.py
[2024-10-28T13:40:21.115+0000] {processor.py:914} INFO - Processing file /home/airflow/.local/lib/python3.12/site-packages/airflow/example_dags/example_inlet_event_extra.py for tasks to queue
[2024-10-28T13:40:21.117+0000] {logging_mixin.py:190} INFO - [2024-10-28T13:40:21.117+0000] {dagbag.py:588} INFO - Filling up the DagBag from /home/airflow/.local/lib/python3.12/site-packages/airflow/example_dags/example_inlet_event_extra.py
[2024-10-28T13:40:21.209+0000] {processor.py:925} INFO - DAG(s) 'read_dataset_event', 'read_dataset_event_from_classic' retrieved from /home/airflow/.local/lib/python3.12/site-packages/airflow/example_dags/example_inlet_event_extra.py
[2024-10-28T13:40:21.223+0000] {logging_mixin.py:190} INFO - [2024-10-28T13:40:21.223+0000] {dag.py:3239} INFO - Sync 2 DAGs
[2024-10-28T13:40:21.240+0000] {logging_mixin.py:190} INFO - [2024-10-28T13:40:21.240+0000] {dag.py:4180} INFO - Setting next_dagrun for read_dataset_event to 2024-10-27 00:00:00+00:00, run_after=2024-10-28 00:00:00+00:00
[2024-10-28T13:40:21.243+0000] {logging_mixin.py:190} INFO - [2024-10-28T13:40:21.243+0000] {dag.py:4180} INFO - Setting next_dagrun for read_dataset_event_from_classic to 2024-10-27 00:00:00+00:00, run_after=2024-10-28 00:00:00+00:00
[2024-10-28T13:40:21.259+0000] {processor.py:208} INFO - Processing /home/airflow/.local/lib/python3.12/site-packages/airflow/example_dags/example_inlet_event_extra.py took 0.150 seconds
[2024-10-28T13:40:51.678+0000] {processor.py:186} INFO - Started process (PID=2052) to work on /home/airflow/.local/lib/python3.12/site-packages/airflow/example_dags/example_inlet_event_extra.py
[2024-10-28T13:40:51.679+0000] {processor.py:914} INFO - Processing file /home/airflow/.local/lib/python3.12/site-packages/airflow/example_dags/example_inlet_event_extra.py for tasks to queue
[2024-10-28T13:40:51.681+0000] {logging_mixin.py:190} INFO - [2024-10-28T13:40:51.681+0000] {dagbag.py:588} INFO - Filling up the DagBag from /home/airflow/.local/lib/python3.12/site-packages/airflow/example_dags/example_inlet_event_extra.py
[2024-10-28T13:40:51.782+0000] {processor.py:925} INFO - DAG(s) 'read_dataset_event', 'read_dataset_event_from_classic' retrieved from /home/airflow/.local/lib/python3.12/site-packages/airflow/example_dags/example_inlet_event_extra.py
[2024-10-28T13:40:51.975+0000] {logging_mixin.py:190} INFO - [2024-10-28T13:40:51.974+0000] {dag.py:3239} INFO - Sync 2 DAGs
[2024-10-28T13:40:52.013+0000] {logging_mixin.py:190} INFO - [2024-10-28T13:40:52.012+0000] {dag.py:4180} INFO - Setting next_dagrun for read_dataset_event to 2024-10-27 00:00:00+00:00, run_after=2024-10-28 00:00:00+00:00
[2024-10-28T13:40:52.018+0000] {logging_mixin.py:190} INFO - [2024-10-28T13:40:52.018+0000] {dag.py:4180} INFO - Setting next_dagrun for read_dataset_event_from_classic to 2024-10-27 00:00:00+00:00, run_after=2024-10-28 00:00:00+00:00
[2024-10-28T13:40:52.035+0000] {processor.py:208} INFO - Processing /home/airflow/.local/lib/python3.12/site-packages/airflow/example_dags/example_inlet_event_extra.py took 0.361 seconds
[2024-10-28T13:41:22.085+0000] {processor.py:186} INFO - Started process (PID=2117) to work on /home/airflow/.local/lib/python3.12/site-packages/airflow/example_dags/example_inlet_event_extra.py
[2024-10-28T13:41:22.086+0000] {processor.py:914} INFO - Processing file /home/airflow/.local/lib/python3.12/site-packages/airflow/example_dags/example_inlet_event_extra.py for tasks to queue
[2024-10-28T13:41:22.088+0000] {logging_mixin.py:190} INFO - [2024-10-28T13:41:22.088+0000] {dagbag.py:588} INFO - Filling up the DagBag from /home/airflow/.local/lib/python3.12/site-packages/airflow/example_dags/example_inlet_event_extra.py
[2024-10-28T13:41:22.186+0000] {processor.py:925} INFO - DAG(s) 'read_dataset_event_from_classic', 'read_dataset_event' retrieved from /home/airflow/.local/lib/python3.12/site-packages/airflow/example_dags/example_inlet_event_extra.py
[2024-10-28T13:41:22.205+0000] {logging_mixin.py:190} INFO - [2024-10-28T13:41:22.205+0000] {dag.py:3239} INFO - Sync 2 DAGs
[2024-10-28T13:41:22.368+0000] {logging_mixin.py:190} INFO - [2024-10-28T13:41:22.368+0000] {dag.py:4180} INFO - Setting next_dagrun for read_dataset_event to 2024-10-27 00:00:00+00:00, run_after=2024-10-28 00:00:00+00:00
[2024-10-28T13:41:22.372+0000] {logging_mixin.py:190} INFO - [2024-10-28T13:41:22.372+0000] {dag.py:4180} INFO - Setting next_dagrun for read_dataset_event_from_classic to 2024-10-27 00:00:00+00:00, run_after=2024-10-28 00:00:00+00:00
[2024-10-28T13:41:22.388+0000] {processor.py:208} INFO - Processing /home/airflow/.local/lib/python3.12/site-packages/airflow/example_dags/example_inlet_event_extra.py took 0.307 seconds
[2024-10-28T13:41:52.800+0000] {processor.py:186} INFO - Started process (PID=2181) to work on /home/airflow/.local/lib/python3.12/site-packages/airflow/example_dags/example_inlet_event_extra.py
[2024-10-28T13:41:52.801+0000] {processor.py:914} INFO - Processing file /home/airflow/.local/lib/python3.12/site-packages/airflow/example_dags/example_inlet_event_extra.py for tasks to queue
[2024-10-28T13:41:52.803+0000] {logging_mixin.py:190} INFO - [2024-10-28T13:41:52.803+0000] {dagbag.py:588} INFO - Filling up the DagBag from /home/airflow/.local/lib/python3.12/site-packages/airflow/example_dags/example_inlet_event_extra.py
[2024-10-28T13:41:52.905+0000] {processor.py:925} INFO - DAG(s) 'read_dataset_event', 'read_dataset_event_from_classic' retrieved from /home/airflow/.local/lib/python3.12/site-packages/airflow/example_dags/example_inlet_event_extra.py
[2024-10-28T13:41:52.925+0000] {logging_mixin.py:190} INFO - [2024-10-28T13:41:52.925+0000] {dag.py:3239} INFO - Sync 2 DAGs
[2024-10-28T13:41:52.947+0000] {logging_mixin.py:190} INFO - [2024-10-28T13:41:52.947+0000] {dag.py:4180} INFO - Setting next_dagrun for read_dataset_event to 2024-10-27 00:00:00+00:00, run_after=2024-10-28 00:00:00+00:00
[2024-10-28T13:41:53.122+0000] {logging_mixin.py:190} INFO - [2024-10-28T13:41:53.121+0000] {dag.py:4180} INFO - Setting next_dagrun for read_dataset_event_from_classic to 2024-10-27 00:00:00+00:00, run_after=2024-10-28 00:00:00+00:00
[2024-10-28T13:41:53.148+0000] {processor.py:208} INFO - Processing /home/airflow/.local/lib/python3.12/site-packages/airflow/example_dags/example_inlet_event_extra.py took 0.353 seconds
[2024-10-28T13:42:23.436+0000] {processor.py:186} INFO - Started process (PID=2242) to work on /home/airflow/.local/lib/python3.12/site-packages/airflow/example_dags/example_inlet_event_extra.py
[2024-10-28T13:42:23.437+0000] {processor.py:914} INFO - Processing file /home/airflow/.local/lib/python3.12/site-packages/airflow/example_dags/example_inlet_event_extra.py for tasks to queue
[2024-10-28T13:42:23.438+0000] {logging_mixin.py:190} INFO - [2024-10-28T13:42:23.438+0000] {dagbag.py:588} INFO - Filling up the DagBag from /home/airflow/.local/lib/python3.12/site-packages/airflow/example_dags/example_inlet_event_extra.py
[2024-10-28T13:42:23.679+0000] {processor.py:925} INFO - DAG(s) 'read_dataset_event_from_classic', 'read_dataset_event' retrieved from /home/airflow/.local/lib/python3.12/site-packages/airflow/example_dags/example_inlet_event_extra.py
[2024-10-28T13:42:23.693+0000] {logging_mixin.py:190} INFO - [2024-10-28T13:42:23.692+0000] {dag.py:3239} INFO - Sync 2 DAGs
[2024-10-28T13:42:23.709+0000] {logging_mixin.py:190} INFO - [2024-10-28T13:42:23.709+0000] {dag.py:4180} INFO - Setting next_dagrun for read_dataset_event to 2024-10-27 00:00:00+00:00, run_after=2024-10-28 00:00:00+00:00
[2024-10-28T13:42:23.713+0000] {logging_mixin.py:190} INFO - [2024-10-28T13:42:23.712+0000] {dag.py:4180} INFO - Setting next_dagrun for read_dataset_event_from_classic to 2024-10-27 00:00:00+00:00, run_after=2024-10-28 00:00:00+00:00
[2024-10-28T13:42:23.724+0000] {processor.py:208} INFO - Processing /home/airflow/.local/lib/python3.12/site-packages/airflow/example_dags/example_inlet_event_extra.py took 0.295 seconds
[2024-10-28T13:42:54.694+0000] {processor.py:186} INFO - Started process (PID=2303) to work on /home/airflow/.local/lib/python3.12/site-packages/airflow/example_dags/example_inlet_event_extra.py
[2024-10-28T13:42:54.695+0000] {processor.py:914} INFO - Processing file /home/airflow/.local/lib/python3.12/site-packages/airflow/example_dags/example_inlet_event_extra.py for tasks to queue
[2024-10-28T13:42:54.696+0000] {logging_mixin.py:190} INFO - [2024-10-28T13:42:54.696+0000] {dagbag.py:588} INFO - Filling up the DagBag from /home/airflow/.local/lib/python3.12/site-packages/airflow/example_dags/example_inlet_event_extra.py
[2024-10-28T13:42:54.945+0000] {processor.py:925} INFO - DAG(s) 'read_dataset_event_from_classic', 'read_dataset_event' retrieved from /home/airflow/.local/lib/python3.12/site-packages/airflow/example_dags/example_inlet_event_extra.py
[2024-10-28T13:42:54.962+0000] {logging_mixin.py:190} INFO - [2024-10-28T13:42:54.962+0000] {dag.py:3239} INFO - Sync 2 DAGs
[2024-10-28T13:42:54.983+0000] {logging_mixin.py:190} INFO - [2024-10-28T13:42:54.983+0000] {dag.py:4180} INFO - Setting next_dagrun for read_dataset_event to 2024-10-27 00:00:00+00:00, run_after=2024-10-28 00:00:00+00:00
[2024-10-28T13:42:54.988+0000] {logging_mixin.py:190} INFO - [2024-10-28T13:42:54.988+0000] {dag.py:4180} INFO - Setting next_dagrun for read_dataset_event_from_classic to 2024-10-27 00:00:00+00:00, run_after=2024-10-28 00:00:00+00:00
[2024-10-28T13:42:55.005+0000] {processor.py:208} INFO - Processing /home/airflow/.local/lib/python3.12/site-packages/airflow/example_dags/example_inlet_event_extra.py took 0.315 seconds
[2024-10-28T13:43:25.473+0000] {processor.py:186} INFO - Started process (PID=2366) to work on /home/airflow/.local/lib/python3.12/site-packages/airflow/example_dags/example_inlet_event_extra.py
[2024-10-28T13:43:25.478+0000] {processor.py:914} INFO - Processing file /home/airflow/.local/lib/python3.12/site-packages/airflow/example_dags/example_inlet_event_extra.py for tasks to queue
[2024-10-28T13:43:25.480+0000] {logging_mixin.py:190} INFO - [2024-10-28T13:43:25.479+0000] {dagbag.py:588} INFO - Filling up the DagBag from /home/airflow/.local/lib/python3.12/site-packages/airflow/example_dags/example_inlet_event_extra.py
[2024-10-28T13:43:25.711+0000] {processor.py:925} INFO - DAG(s) 'read_dataset_event', 'read_dataset_event_from_classic' retrieved from /home/airflow/.local/lib/python3.12/site-packages/airflow/example_dags/example_inlet_event_extra.py
[2024-10-28T13:43:25.724+0000] {logging_mixin.py:190} INFO - [2024-10-28T13:43:25.724+0000] {dag.py:3239} INFO - Sync 2 DAGs
[2024-10-28T13:43:25.740+0000] {logging_mixin.py:190} INFO - [2024-10-28T13:43:25.739+0000] {dag.py:4180} INFO - Setting next_dagrun for read_dataset_event to 2024-10-27 00:00:00+00:00, run_after=2024-10-28 00:00:00+00:00
[2024-10-28T13:43:25.743+0000] {logging_mixin.py:190} INFO - [2024-10-28T13:43:25.743+0000] {dag.py:4180} INFO - Setting next_dagrun for read_dataset_event_from_classic to 2024-10-27 00:00:00+00:00, run_after=2024-10-28 00:00:00+00:00
[2024-10-28T13:43:25.754+0000] {processor.py:208} INFO - Processing /home/airflow/.local/lib/python3.12/site-packages/airflow/example_dags/example_inlet_event_extra.py took 0.286 seconds
[2024-10-28T13:43:56.002+0000] {processor.py:186} INFO - Started process (PID=2429) to work on /home/airflow/.local/lib/python3.12/site-packages/airflow/example_dags/example_inlet_event_extra.py
[2024-10-28T13:43:56.003+0000] {processor.py:914} INFO - Processing file /home/airflow/.local/lib/python3.12/site-packages/airflow/example_dags/example_inlet_event_extra.py for tasks to queue
[2024-10-28T13:43:56.004+0000] {logging_mixin.py:190} INFO - [2024-10-28T13:43:56.004+0000] {dagbag.py:588} INFO - Filling up the DagBag from /home/airflow/.local/lib/python3.12/site-packages/airflow/example_dags/example_inlet_event_extra.py
[2024-10-28T13:43:56.187+0000] {processor.py:925} INFO - DAG(s) 'read_dataset_event_from_classic', 'read_dataset_event' retrieved from /home/airflow/.local/lib/python3.12/site-packages/airflow/example_dags/example_inlet_event_extra.py
[2024-10-28T13:43:56.368+0000] {logging_mixin.py:190} INFO - [2024-10-28T13:43:56.368+0000] {dag.py:3239} INFO - Sync 2 DAGs
[2024-10-28T13:43:56.386+0000] {logging_mixin.py:190} INFO - [2024-10-28T13:43:56.385+0000] {dag.py:4180} INFO - Setting next_dagrun for read_dataset_event to 2024-10-27 00:00:00+00:00, run_after=2024-10-28 00:00:00+00:00
[2024-10-28T13:43:56.389+0000] {logging_mixin.py:190} INFO - [2024-10-28T13:43:56.389+0000] {dag.py:4180} INFO - Setting next_dagrun for read_dataset_event_from_classic to 2024-10-27 00:00:00+00:00, run_after=2024-10-28 00:00:00+00:00
[2024-10-28T13:43:56.402+0000] {processor.py:208} INFO - Processing /home/airflow/.local/lib/python3.12/site-packages/airflow/example_dags/example_inlet_event_extra.py took 0.405 seconds
