[2024-10-28T13:21:19.053+0000] {processor.py:186} INFO - Started process (PID=103) to work on /home/airflow/.local/lib/python3.12/site-packages/airflow/example_dags/example_xcom.py
[2024-10-28T13:21:19.054+0000] {processor.py:914} INFO - Processing file /home/airflow/.local/lib/python3.12/site-packages/airflow/example_dags/example_xcom.py for tasks to queue
[2024-10-28T13:21:19.056+0000] {logging_mixin.py:190} INFO - [2024-10-28T13:21:19.056+0000] {dagbag.py:588} INFO - Filling up the DagBag from /home/airflow/.local/lib/python3.12/site-packages/airflow/example_dags/example_xcom.py
[2024-10-28T13:21:19.072+0000] {processor.py:925} INFO - DAG(s) 'example_xcom' retrieved from /home/airflow/.local/lib/python3.12/site-packages/airflow/example_dags/example_xcom.py
[2024-10-28T13:21:19.161+0000] {logging_mixin.py:190} INFO - [2024-10-28T13:21:19.160+0000] {override.py:1900} INFO - Created Permission View: can delete on DAG:example_xcom
[2024-10-28T13:21:19.170+0000] {logging_mixin.py:190} INFO - [2024-10-28T13:21:19.170+0000] {override.py:1900} INFO - Created Permission View: can edit on DAG:example_xcom
[2024-10-28T13:21:19.179+0000] {logging_mixin.py:190} INFO - [2024-10-28T13:21:19.178+0000] {override.py:1900} INFO - Created Permission View: can read on DAG:example_xcom
[2024-10-28T13:21:19.187+0000] {logging_mixin.py:190} INFO - [2024-10-28T13:21:19.187+0000] {override.py:1900} INFO - Created Permission View: can create on DAG Run:example_xcom
[2024-10-28T13:21:19.194+0000] {logging_mixin.py:190} INFO - [2024-10-28T13:21:19.194+0000] {override.py:1900} INFO - Created Permission View: menu access on DAG Run:example_xcom
[2024-10-28T13:21:19.202+0000] {logging_mixin.py:190} INFO - [2024-10-28T13:21:19.202+0000] {override.py:1900} INFO - Created Permission View: can read on DAG Run:example_xcom
[2024-10-28T13:21:19.211+0000] {logging_mixin.py:190} INFO - [2024-10-28T13:21:19.211+0000] {override.py:1900} INFO - Created Permission View: can delete on DAG Run:example_xcom
[2024-10-28T13:21:19.212+0000] {logging_mixin.py:190} INFO - [2024-10-28T13:21:19.212+0000] {dag.py:3239} INFO - Sync 1 DAGs
[2024-10-28T13:21:19.226+0000] {logging_mixin.py:190} INFO - [2024-10-28T13:21:19.225+0000] {dag.py:3262} INFO - Creating ORM DAG for example_xcom
[2024-10-28T13:21:19.232+0000] {logging_mixin.py:190} INFO - [2024-10-28T13:21:19.232+0000] {dag.py:4180} INFO - Setting next_dagrun for example_xcom to 2021-01-01 00:00:00+00:00, run_after=2021-01-01 00:00:00+00:00
[2024-10-28T13:21:19.245+0000] {processor.py:208} INFO - Processing /home/airflow/.local/lib/python3.12/site-packages/airflow/example_dags/example_xcom.py took 0.197 seconds
[2024-10-28T13:21:49.420+0000] {processor.py:186} INFO - Started process (PID=166) to work on /home/airflow/.local/lib/python3.12/site-packages/airflow/example_dags/example_xcom.py
[2024-10-28T13:21:49.421+0000] {processor.py:914} INFO - Processing file /home/airflow/.local/lib/python3.12/site-packages/airflow/example_dags/example_xcom.py for tasks to queue
[2024-10-28T13:21:49.423+0000] {logging_mixin.py:190} INFO - [2024-10-28T13:21:49.423+0000] {dagbag.py:588} INFO - Filling up the DagBag from /home/airflow/.local/lib/python3.12/site-packages/airflow/example_dags/example_xcom.py
[2024-10-28T13:21:49.430+0000] {processor.py:925} INFO - DAG(s) 'example_xcom' retrieved from /home/airflow/.local/lib/python3.12/site-packages/airflow/example_dags/example_xcom.py
[2024-10-28T13:21:49.444+0000] {logging_mixin.py:190} INFO - [2024-10-28T13:21:49.444+0000] {dag.py:3239} INFO - Sync 1 DAGs
[2024-10-28T13:21:49.460+0000] {logging_mixin.py:190} INFO - [2024-10-28T13:21:49.460+0000] {dag.py:4180} INFO - Setting next_dagrun for example_xcom to 2021-01-01 00:00:00+00:00, run_after=2021-01-01 00:00:00+00:00
[2024-10-28T13:21:49.474+0000] {processor.py:208} INFO - Processing /home/airflow/.local/lib/python3.12/site-packages/airflow/example_dags/example_xcom.py took 0.058 seconds
[2024-10-28T13:25:01.692+0000] {processor.py:186} INFO - Started process (PID=97) to work on /home/airflow/.local/lib/python3.12/site-packages/airflow/example_dags/example_xcom.py
[2024-10-28T13:25:01.694+0000] {processor.py:914} INFO - Processing file /home/airflow/.local/lib/python3.12/site-packages/airflow/example_dags/example_xcom.py for tasks to queue
[2024-10-28T13:25:01.696+0000] {logging_mixin.py:190} INFO - [2024-10-28T13:25:01.696+0000] {dagbag.py:588} INFO - Filling up the DagBag from /home/airflow/.local/lib/python3.12/site-packages/airflow/example_dags/example_xcom.py
[2024-10-28T13:25:01.704+0000] {processor.py:925} INFO - DAG(s) 'example_xcom' retrieved from /home/airflow/.local/lib/python3.12/site-packages/airflow/example_dags/example_xcom.py
[2024-10-28T13:25:01.722+0000] {logging_mixin.py:190} INFO - [2024-10-28T13:25:01.722+0000] {dag.py:3239} INFO - Sync 1 DAGs
[2024-10-28T13:25:01.747+0000] {logging_mixin.py:190} INFO - [2024-10-28T13:25:01.746+0000] {dag.py:4180} INFO - Setting next_dagrun for example_xcom to 2021-01-01 00:00:00+00:00, run_after=2021-01-01 00:00:00+00:00
[2024-10-28T13:25:01.768+0000] {processor.py:208} INFO - Processing /home/airflow/.local/lib/python3.12/site-packages/airflow/example_dags/example_xcom.py took 0.081 seconds
[2024-10-28T13:25:32.662+0000] {processor.py:186} INFO - Started process (PID=165) to work on /home/airflow/.local/lib/python3.12/site-packages/airflow/example_dags/example_xcom.py
[2024-10-28T13:25:32.663+0000] {processor.py:914} INFO - Processing file /home/airflow/.local/lib/python3.12/site-packages/airflow/example_dags/example_xcom.py for tasks to queue
[2024-10-28T13:25:32.665+0000] {logging_mixin.py:190} INFO - [2024-10-28T13:25:32.665+0000] {dagbag.py:588} INFO - Filling up the DagBag from /home/airflow/.local/lib/python3.12/site-packages/airflow/example_dags/example_xcom.py
[2024-10-28T13:25:32.672+0000] {processor.py:925} INFO - DAG(s) 'example_xcom' retrieved from /home/airflow/.local/lib/python3.12/site-packages/airflow/example_dags/example_xcom.py
[2024-10-28T13:25:32.687+0000] {logging_mixin.py:190} INFO - [2024-10-28T13:25:32.687+0000] {dag.py:3239} INFO - Sync 1 DAGs
[2024-10-28T13:25:32.704+0000] {logging_mixin.py:190} INFO - [2024-10-28T13:25:32.704+0000] {dag.py:4180} INFO - Setting next_dagrun for example_xcom to 2021-01-01 00:00:00+00:00, run_after=2021-01-01 00:00:00+00:00
[2024-10-28T13:25:32.721+0000] {processor.py:208} INFO - Processing /home/airflow/.local/lib/python3.12/site-packages/airflow/example_dags/example_xcom.py took 0.063 seconds
[2024-10-28T13:26:03.452+0000] {processor.py:186} INFO - Started process (PID=228) to work on /home/airflow/.local/lib/python3.12/site-packages/airflow/example_dags/example_xcom.py
[2024-10-28T13:26:03.454+0000] {processor.py:914} INFO - Processing file /home/airflow/.local/lib/python3.12/site-packages/airflow/example_dags/example_xcom.py for tasks to queue
[2024-10-28T13:26:03.456+0000] {logging_mixin.py:190} INFO - [2024-10-28T13:26:03.456+0000] {dagbag.py:588} INFO - Filling up the DagBag from /home/airflow/.local/lib/python3.12/site-packages/airflow/example_dags/example_xcom.py
[2024-10-28T13:26:03.464+0000] {processor.py:925} INFO - DAG(s) 'example_xcom' retrieved from /home/airflow/.local/lib/python3.12/site-packages/airflow/example_dags/example_xcom.py
[2024-10-28T13:26:03.479+0000] {logging_mixin.py:190} INFO - [2024-10-28T13:26:03.479+0000] {dag.py:3239} INFO - Sync 1 DAGs
[2024-10-28T13:26:03.496+0000] {logging_mixin.py:190} INFO - [2024-10-28T13:26:03.496+0000] {dag.py:4180} INFO - Setting next_dagrun for example_xcom to 2021-01-01 00:00:00+00:00, run_after=2021-01-01 00:00:00+00:00
[2024-10-28T13:26:03.512+0000] {processor.py:208} INFO - Processing /home/airflow/.local/lib/python3.12/site-packages/airflow/example_dags/example_xcom.py took 0.064 seconds
[2024-10-28T13:26:33.750+0000] {processor.py:186} INFO - Started process (PID=291) to work on /home/airflow/.local/lib/python3.12/site-packages/airflow/example_dags/example_xcom.py
[2024-10-28T13:26:33.751+0000] {processor.py:914} INFO - Processing file /home/airflow/.local/lib/python3.12/site-packages/airflow/example_dags/example_xcom.py for tasks to queue
[2024-10-28T13:26:33.753+0000] {logging_mixin.py:190} INFO - [2024-10-28T13:26:33.753+0000] {dagbag.py:588} INFO - Filling up the DagBag from /home/airflow/.local/lib/python3.12/site-packages/airflow/example_dags/example_xcom.py
[2024-10-28T13:26:33.760+0000] {processor.py:925} INFO - DAG(s) 'example_xcom' retrieved from /home/airflow/.local/lib/python3.12/site-packages/airflow/example_dags/example_xcom.py
[2024-10-28T13:26:33.775+0000] {logging_mixin.py:190} INFO - [2024-10-28T13:26:33.775+0000] {dag.py:3239} INFO - Sync 1 DAGs
[2024-10-28T13:26:33.791+0000] {logging_mixin.py:190} INFO - [2024-10-28T13:26:33.791+0000] {dag.py:4180} INFO - Setting next_dagrun for example_xcom to 2021-01-01 00:00:00+00:00, run_after=2021-01-01 00:00:00+00:00
[2024-10-28T13:26:33.804+0000] {processor.py:208} INFO - Processing /home/airflow/.local/lib/python3.12/site-packages/airflow/example_dags/example_xcom.py took 0.058 seconds
[2024-10-28T13:27:03.954+0000] {processor.py:186} INFO - Started process (PID=354) to work on /home/airflow/.local/lib/python3.12/site-packages/airflow/example_dags/example_xcom.py
[2024-10-28T13:27:03.955+0000] {processor.py:914} INFO - Processing file /home/airflow/.local/lib/python3.12/site-packages/airflow/example_dags/example_xcom.py for tasks to queue
[2024-10-28T13:27:03.958+0000] {logging_mixin.py:190} INFO - [2024-10-28T13:27:03.957+0000] {dagbag.py:588} INFO - Filling up the DagBag from /home/airflow/.local/lib/python3.12/site-packages/airflow/example_dags/example_xcom.py
[2024-10-28T13:27:03.964+0000] {processor.py:925} INFO - DAG(s) 'example_xcom' retrieved from /home/airflow/.local/lib/python3.12/site-packages/airflow/example_dags/example_xcom.py
[2024-10-28T13:27:03.982+0000] {logging_mixin.py:190} INFO - [2024-10-28T13:27:03.981+0000] {dag.py:3239} INFO - Sync 1 DAGs
[2024-10-28T13:27:04.000+0000] {logging_mixin.py:190} INFO - [2024-10-28T13:27:04.000+0000] {dag.py:4180} INFO - Setting next_dagrun for example_xcom to 2021-01-01 00:00:00+00:00, run_after=2021-01-01 00:00:00+00:00
[2024-10-28T13:27:04.016+0000] {processor.py:208} INFO - Processing /home/airflow/.local/lib/python3.12/site-packages/airflow/example_dags/example_xcom.py took 0.067 seconds
[2024-10-28T13:27:34.691+0000] {processor.py:186} INFO - Started process (PID=417) to work on /home/airflow/.local/lib/python3.12/site-packages/airflow/example_dags/example_xcom.py
[2024-10-28T13:27:34.691+0000] {processor.py:914} INFO - Processing file /home/airflow/.local/lib/python3.12/site-packages/airflow/example_dags/example_xcom.py for tasks to queue
[2024-10-28T13:27:34.694+0000] {logging_mixin.py:190} INFO - [2024-10-28T13:27:34.694+0000] {dagbag.py:588} INFO - Filling up the DagBag from /home/airflow/.local/lib/python3.12/site-packages/airflow/example_dags/example_xcom.py
[2024-10-28T13:27:34.703+0000] {processor.py:925} INFO - DAG(s) 'example_xcom' retrieved from /home/airflow/.local/lib/python3.12/site-packages/airflow/example_dags/example_xcom.py
[2024-10-28T13:27:34.718+0000] {logging_mixin.py:190} INFO - [2024-10-28T13:27:34.718+0000] {dag.py:3239} INFO - Sync 1 DAGs
[2024-10-28T13:27:34.735+0000] {logging_mixin.py:190} INFO - [2024-10-28T13:27:34.735+0000] {dag.py:4180} INFO - Setting next_dagrun for example_xcom to 2021-01-01 00:00:00+00:00, run_after=2021-01-01 00:00:00+00:00
[2024-10-28T13:27:34.749+0000] {processor.py:208} INFO - Processing /home/airflow/.local/lib/python3.12/site-packages/airflow/example_dags/example_xcom.py took 0.063 seconds
[2024-10-28T13:28:05.327+0000] {processor.py:186} INFO - Started process (PID=480) to work on /home/airflow/.local/lib/python3.12/site-packages/airflow/example_dags/example_xcom.py
[2024-10-28T13:28:05.328+0000] {processor.py:914} INFO - Processing file /home/airflow/.local/lib/python3.12/site-packages/airflow/example_dags/example_xcom.py for tasks to queue
[2024-10-28T13:28:05.330+0000] {logging_mixin.py:190} INFO - [2024-10-28T13:28:05.330+0000] {dagbag.py:588} INFO - Filling up the DagBag from /home/airflow/.local/lib/python3.12/site-packages/airflow/example_dags/example_xcom.py
[2024-10-28T13:28:05.337+0000] {processor.py:925} INFO - DAG(s) 'example_xcom' retrieved from /home/airflow/.local/lib/python3.12/site-packages/airflow/example_dags/example_xcom.py
[2024-10-28T13:28:05.352+0000] {logging_mixin.py:190} INFO - [2024-10-28T13:28:05.352+0000] {dag.py:3239} INFO - Sync 1 DAGs
[2024-10-28T13:28:05.373+0000] {logging_mixin.py:190} INFO - [2024-10-28T13:28:05.372+0000] {dag.py:4180} INFO - Setting next_dagrun for example_xcom to 2021-01-01 00:00:00+00:00, run_after=2021-01-01 00:00:00+00:00
[2024-10-28T13:28:05.387+0000] {processor.py:208} INFO - Processing /home/airflow/.local/lib/python3.12/site-packages/airflow/example_dags/example_xcom.py took 0.065 seconds
[2024-10-28T13:28:35.564+0000] {processor.py:186} INFO - Started process (PID=543) to work on /home/airflow/.local/lib/python3.12/site-packages/airflow/example_dags/example_xcom.py
[2024-10-28T13:28:35.565+0000] {processor.py:914} INFO - Processing file /home/airflow/.local/lib/python3.12/site-packages/airflow/example_dags/example_xcom.py for tasks to queue
[2024-10-28T13:28:35.568+0000] {logging_mixin.py:190} INFO - [2024-10-28T13:28:35.567+0000] {dagbag.py:588} INFO - Filling up the DagBag from /home/airflow/.local/lib/python3.12/site-packages/airflow/example_dags/example_xcom.py
[2024-10-28T13:28:35.575+0000] {processor.py:925} INFO - DAG(s) 'example_xcom' retrieved from /home/airflow/.local/lib/python3.12/site-packages/airflow/example_dags/example_xcom.py
[2024-10-28T13:28:35.590+0000] {logging_mixin.py:190} INFO - [2024-10-28T13:28:35.590+0000] {dag.py:3239} INFO - Sync 1 DAGs
[2024-10-28T13:28:35.606+0000] {logging_mixin.py:190} INFO - [2024-10-28T13:28:35.606+0000] {dag.py:4180} INFO - Setting next_dagrun for example_xcom to 2021-01-01 00:00:00+00:00, run_after=2021-01-01 00:00:00+00:00
[2024-10-28T13:28:35.620+0000] {processor.py:208} INFO - Processing /home/airflow/.local/lib/python3.12/site-packages/airflow/example_dags/example_xcom.py took 0.061 seconds
[2024-10-28T13:29:06.838+0000] {processor.py:186} INFO - Started process (PID=606) to work on /home/airflow/.local/lib/python3.12/site-packages/airflow/example_dags/example_xcom.py
[2024-10-28T13:29:06.839+0000] {processor.py:914} INFO - Processing file /home/airflow/.local/lib/python3.12/site-packages/airflow/example_dags/example_xcom.py for tasks to queue
[2024-10-28T13:29:06.842+0000] {logging_mixin.py:190} INFO - [2024-10-28T13:29:06.841+0000] {dagbag.py:588} INFO - Filling up the DagBag from /home/airflow/.local/lib/python3.12/site-packages/airflow/example_dags/example_xcom.py
[2024-10-28T13:29:06.856+0000] {processor.py:925} INFO - DAG(s) 'example_xcom' retrieved from /home/airflow/.local/lib/python3.12/site-packages/airflow/example_dags/example_xcom.py
[2024-10-28T13:29:06.875+0000] {logging_mixin.py:190} INFO - [2024-10-28T13:29:06.875+0000] {dag.py:3239} INFO - Sync 1 DAGs
[2024-10-28T13:29:06.892+0000] {logging_mixin.py:190} INFO - [2024-10-28T13:29:06.891+0000] {dag.py:4180} INFO - Setting next_dagrun for example_xcom to 2021-01-01 00:00:00+00:00, run_after=2021-01-01 00:00:00+00:00
[2024-10-28T13:29:06.908+0000] {processor.py:208} INFO - Processing /home/airflow/.local/lib/python3.12/site-packages/airflow/example_dags/example_xcom.py took 0.074 seconds
[2024-10-28T13:29:37.729+0000] {processor.py:186} INFO - Started process (PID=669) to work on /home/airflow/.local/lib/python3.12/site-packages/airflow/example_dags/example_xcom.py
[2024-10-28T13:29:37.730+0000] {processor.py:914} INFO - Processing file /home/airflow/.local/lib/python3.12/site-packages/airflow/example_dags/example_xcom.py for tasks to queue
[2024-10-28T13:29:37.731+0000] {logging_mixin.py:190} INFO - [2024-10-28T13:29:37.731+0000] {dagbag.py:588} INFO - Filling up the DagBag from /home/airflow/.local/lib/python3.12/site-packages/airflow/example_dags/example_xcom.py
[2024-10-28T13:29:37.738+0000] {processor.py:925} INFO - DAG(s) 'example_xcom' retrieved from /home/airflow/.local/lib/python3.12/site-packages/airflow/example_dags/example_xcom.py
[2024-10-28T13:29:37.755+0000] {logging_mixin.py:190} INFO - [2024-10-28T13:29:37.754+0000] {dag.py:3239} INFO - Sync 1 DAGs
[2024-10-28T13:29:37.770+0000] {logging_mixin.py:190} INFO - [2024-10-28T13:29:37.770+0000] {dag.py:4180} INFO - Setting next_dagrun for example_xcom to 2021-01-01 00:00:00+00:00, run_after=2021-01-01 00:00:00+00:00
[2024-10-28T13:29:37.784+0000] {processor.py:208} INFO - Processing /home/airflow/.local/lib/python3.12/site-packages/airflow/example_dags/example_xcom.py took 0.060 seconds
[2024-10-28T13:30:08.459+0000] {processor.py:186} INFO - Started process (PID=732) to work on /home/airflow/.local/lib/python3.12/site-packages/airflow/example_dags/example_xcom.py
[2024-10-28T13:30:08.462+0000] {processor.py:914} INFO - Processing file /home/airflow/.local/lib/python3.12/site-packages/airflow/example_dags/example_xcom.py for tasks to queue
[2024-10-28T13:30:08.467+0000] {logging_mixin.py:190} INFO - [2024-10-28T13:30:08.467+0000] {dagbag.py:588} INFO - Filling up the DagBag from /home/airflow/.local/lib/python3.12/site-packages/airflow/example_dags/example_xcom.py
[2024-10-28T13:30:08.478+0000] {processor.py:925} INFO - DAG(s) 'example_xcom' retrieved from /home/airflow/.local/lib/python3.12/site-packages/airflow/example_dags/example_xcom.py
[2024-10-28T13:30:08.497+0000] {logging_mixin.py:190} INFO - [2024-10-28T13:30:08.497+0000] {dag.py:3239} INFO - Sync 1 DAGs
[2024-10-28T13:30:08.513+0000] {logging_mixin.py:190} INFO - [2024-10-28T13:30:08.513+0000] {dag.py:4180} INFO - Setting next_dagrun for example_xcom to 2021-01-01 00:00:00+00:00, run_after=2021-01-01 00:00:00+00:00
[2024-10-28T13:30:08.529+0000] {processor.py:208} INFO - Processing /home/airflow/.local/lib/python3.12/site-packages/airflow/example_dags/example_xcom.py took 0.080 seconds
[2024-10-28T13:30:38.719+0000] {processor.py:186} INFO - Started process (PID=795) to work on /home/airflow/.local/lib/python3.12/site-packages/airflow/example_dags/example_xcom.py
[2024-10-28T13:30:38.720+0000] {processor.py:914} INFO - Processing file /home/airflow/.local/lib/python3.12/site-packages/airflow/example_dags/example_xcom.py for tasks to queue
[2024-10-28T13:30:38.722+0000] {logging_mixin.py:190} INFO - [2024-10-28T13:30:38.722+0000] {dagbag.py:588} INFO - Filling up the DagBag from /home/airflow/.local/lib/python3.12/site-packages/airflow/example_dags/example_xcom.py
[2024-10-28T13:30:38.729+0000] {processor.py:925} INFO - DAG(s) 'example_xcom' retrieved from /home/airflow/.local/lib/python3.12/site-packages/airflow/example_dags/example_xcom.py
[2024-10-28T13:30:38.744+0000] {logging_mixin.py:190} INFO - [2024-10-28T13:30:38.744+0000] {dag.py:3239} INFO - Sync 1 DAGs
[2024-10-28T13:30:38.761+0000] {logging_mixin.py:190} INFO - [2024-10-28T13:30:38.760+0000] {dag.py:4180} INFO - Setting next_dagrun for example_xcom to 2021-01-01 00:00:00+00:00, run_after=2021-01-01 00:00:00+00:00
[2024-10-28T13:30:38.775+0000] {processor.py:208} INFO - Processing /home/airflow/.local/lib/python3.12/site-packages/airflow/example_dags/example_xcom.py took 0.062 seconds
[2024-10-28T13:31:09.717+0000] {processor.py:186} INFO - Started process (PID=858) to work on /home/airflow/.local/lib/python3.12/site-packages/airflow/example_dags/example_xcom.py
[2024-10-28T13:31:09.718+0000] {processor.py:914} INFO - Processing file /home/airflow/.local/lib/python3.12/site-packages/airflow/example_dags/example_xcom.py for tasks to queue
[2024-10-28T13:31:09.720+0000] {logging_mixin.py:190} INFO - [2024-10-28T13:31:09.719+0000] {dagbag.py:588} INFO - Filling up the DagBag from /home/airflow/.local/lib/python3.12/site-packages/airflow/example_dags/example_xcom.py
[2024-10-28T13:31:09.727+0000] {processor.py:925} INFO - DAG(s) 'example_xcom' retrieved from /home/airflow/.local/lib/python3.12/site-packages/airflow/example_dags/example_xcom.py
[2024-10-28T13:31:09.742+0000] {logging_mixin.py:190} INFO - [2024-10-28T13:31:09.742+0000] {dag.py:3239} INFO - Sync 1 DAGs
[2024-10-28T13:31:09.758+0000] {logging_mixin.py:190} INFO - [2024-10-28T13:31:09.758+0000] {dag.py:4180} INFO - Setting next_dagrun for example_xcom to 2021-01-01 00:00:00+00:00, run_after=2021-01-01 00:00:00+00:00
[2024-10-28T13:31:09.773+0000] {processor.py:208} INFO - Processing /home/airflow/.local/lib/python3.12/site-packages/airflow/example_dags/example_xcom.py took 0.060 seconds
[2024-10-28T13:31:40.410+0000] {processor.py:186} INFO - Started process (PID=921) to work on /home/airflow/.local/lib/python3.12/site-packages/airflow/example_dags/example_xcom.py
[2024-10-28T13:31:40.413+0000] {processor.py:914} INFO - Processing file /home/airflow/.local/lib/python3.12/site-packages/airflow/example_dags/example_xcom.py for tasks to queue
[2024-10-28T13:31:40.422+0000] {logging_mixin.py:190} INFO - [2024-10-28T13:31:40.421+0000] {dagbag.py:588} INFO - Filling up the DagBag from /home/airflow/.local/lib/python3.12/site-packages/airflow/example_dags/example_xcom.py
[2024-10-28T13:31:40.428+0000] {processor.py:925} INFO - DAG(s) 'example_xcom' retrieved from /home/airflow/.local/lib/python3.12/site-packages/airflow/example_dags/example_xcom.py
[2024-10-28T13:31:40.442+0000] {logging_mixin.py:190} INFO - [2024-10-28T13:31:40.442+0000] {dag.py:3239} INFO - Sync 1 DAGs
[2024-10-28T13:31:40.457+0000] {logging_mixin.py:190} INFO - [2024-10-28T13:31:40.457+0000] {dag.py:4180} INFO - Setting next_dagrun for example_xcom to 2021-01-01 00:00:00+00:00, run_after=2021-01-01 00:00:00+00:00
[2024-10-28T13:31:40.472+0000] {processor.py:208} INFO - Processing /home/airflow/.local/lib/python3.12/site-packages/airflow/example_dags/example_xcom.py took 0.066 seconds
[2024-10-28T13:32:11.278+0000] {processor.py:186} INFO - Started process (PID=984) to work on /home/airflow/.local/lib/python3.12/site-packages/airflow/example_dags/example_xcom.py
[2024-10-28T13:32:11.279+0000] {processor.py:914} INFO - Processing file /home/airflow/.local/lib/python3.12/site-packages/airflow/example_dags/example_xcom.py for tasks to queue
[2024-10-28T13:32:11.280+0000] {logging_mixin.py:190} INFO - [2024-10-28T13:32:11.280+0000] {dagbag.py:588} INFO - Filling up the DagBag from /home/airflow/.local/lib/python3.12/site-packages/airflow/example_dags/example_xcom.py
[2024-10-28T13:32:11.287+0000] {processor.py:925} INFO - DAG(s) 'example_xcom' retrieved from /home/airflow/.local/lib/python3.12/site-packages/airflow/example_dags/example_xcom.py
[2024-10-28T13:32:11.302+0000] {logging_mixin.py:190} INFO - [2024-10-28T13:32:11.302+0000] {dag.py:3239} INFO - Sync 1 DAGs
[2024-10-28T13:32:11.318+0000] {logging_mixin.py:190} INFO - [2024-10-28T13:32:11.317+0000] {dag.py:4180} INFO - Setting next_dagrun for example_xcom to 2021-01-01 00:00:00+00:00, run_after=2021-01-01 00:00:00+00:00
[2024-10-28T13:32:11.332+0000] {processor.py:208} INFO - Processing /home/airflow/.local/lib/python3.12/site-packages/airflow/example_dags/example_xcom.py took 0.059 seconds
[2024-10-28T13:32:41.450+0000] {processor.py:186} INFO - Started process (PID=1047) to work on /home/airflow/.local/lib/python3.12/site-packages/airflow/example_dags/example_xcom.py
[2024-10-28T13:32:41.451+0000] {processor.py:914} INFO - Processing file /home/airflow/.local/lib/python3.12/site-packages/airflow/example_dags/example_xcom.py for tasks to queue
[2024-10-28T13:32:41.454+0000] {logging_mixin.py:190} INFO - [2024-10-28T13:32:41.454+0000] {dagbag.py:588} INFO - Filling up the DagBag from /home/airflow/.local/lib/python3.12/site-packages/airflow/example_dags/example_xcom.py
[2024-10-28T13:32:41.461+0000] {processor.py:925} INFO - DAG(s) 'example_xcom' retrieved from /home/airflow/.local/lib/python3.12/site-packages/airflow/example_dags/example_xcom.py
[2024-10-28T13:32:41.475+0000] {logging_mixin.py:190} INFO - [2024-10-28T13:32:41.475+0000] {dag.py:3239} INFO - Sync 1 DAGs
[2024-10-28T13:32:41.492+0000] {logging_mixin.py:190} INFO - [2024-10-28T13:32:41.492+0000] {dag.py:4180} INFO - Setting next_dagrun for example_xcom to 2021-01-01 00:00:00+00:00, run_after=2021-01-01 00:00:00+00:00
[2024-10-28T13:32:41.506+0000] {processor.py:208} INFO - Processing /home/airflow/.local/lib/python3.12/site-packages/airflow/example_dags/example_xcom.py took 0.060 seconds
[2024-10-28T13:33:11.890+0000] {processor.py:186} INFO - Started process (PID=1110) to work on /home/airflow/.local/lib/python3.12/site-packages/airflow/example_dags/example_xcom.py
[2024-10-28T13:33:11.891+0000] {processor.py:914} INFO - Processing file /home/airflow/.local/lib/python3.12/site-packages/airflow/example_dags/example_xcom.py for tasks to queue
[2024-10-28T13:33:11.893+0000] {logging_mixin.py:190} INFO - [2024-10-28T13:33:11.893+0000] {dagbag.py:588} INFO - Filling up the DagBag from /home/airflow/.local/lib/python3.12/site-packages/airflow/example_dags/example_xcom.py
[2024-10-28T13:33:11.900+0000] {processor.py:925} INFO - DAG(s) 'example_xcom' retrieved from /home/airflow/.local/lib/python3.12/site-packages/airflow/example_dags/example_xcom.py
[2024-10-28T13:33:11.914+0000] {logging_mixin.py:190} INFO - [2024-10-28T13:33:11.914+0000] {dag.py:3239} INFO - Sync 1 DAGs
[2024-10-28T13:33:11.929+0000] {logging_mixin.py:190} INFO - [2024-10-28T13:33:11.929+0000] {dag.py:4180} INFO - Setting next_dagrun for example_xcom to 2021-01-01 00:00:00+00:00, run_after=2021-01-01 00:00:00+00:00
[2024-10-28T13:33:11.947+0000] {processor.py:208} INFO - Processing /home/airflow/.local/lib/python3.12/site-packages/airflow/example_dags/example_xcom.py took 0.061 seconds
[2024-10-28T13:33:42.683+0000] {processor.py:186} INFO - Started process (PID=1173) to work on /home/airflow/.local/lib/python3.12/site-packages/airflow/example_dags/example_xcom.py
[2024-10-28T13:33:42.688+0000] {processor.py:914} INFO - Processing file /home/airflow/.local/lib/python3.12/site-packages/airflow/example_dags/example_xcom.py for tasks to queue
[2024-10-28T13:33:42.693+0000] {logging_mixin.py:190} INFO - [2024-10-28T13:33:42.692+0000] {dagbag.py:588} INFO - Filling up the DagBag from /home/airflow/.local/lib/python3.12/site-packages/airflow/example_dags/example_xcom.py
[2024-10-28T13:33:42.706+0000] {processor.py:925} INFO - DAG(s) 'example_xcom' retrieved from /home/airflow/.local/lib/python3.12/site-packages/airflow/example_dags/example_xcom.py
[2024-10-28T13:33:42.745+0000] {logging_mixin.py:190} INFO - [2024-10-28T13:33:42.745+0000] {dag.py:3239} INFO - Sync 1 DAGs
[2024-10-28T13:33:42.764+0000] {logging_mixin.py:190} INFO - [2024-10-28T13:33:42.764+0000] {dag.py:4180} INFO - Setting next_dagrun for example_xcom to 2021-01-01 00:00:00+00:00, run_after=2021-01-01 00:00:00+00:00
[2024-10-28T13:33:42.781+0000] {processor.py:208} INFO - Processing /home/airflow/.local/lib/python3.12/site-packages/airflow/example_dags/example_xcom.py took 0.103 seconds
[2024-10-28T13:34:13.476+0000] {processor.py:186} INFO - Started process (PID=1236) to work on /home/airflow/.local/lib/python3.12/site-packages/airflow/example_dags/example_xcom.py
[2024-10-28T13:34:13.477+0000] {processor.py:914} INFO - Processing file /home/airflow/.local/lib/python3.12/site-packages/airflow/example_dags/example_xcom.py for tasks to queue
[2024-10-28T13:34:13.479+0000] {logging_mixin.py:190} INFO - [2024-10-28T13:34:13.479+0000] {dagbag.py:588} INFO - Filling up the DagBag from /home/airflow/.local/lib/python3.12/site-packages/airflow/example_dags/example_xcom.py
[2024-10-28T13:34:13.487+0000] {processor.py:925} INFO - DAG(s) 'example_xcom' retrieved from /home/airflow/.local/lib/python3.12/site-packages/airflow/example_dags/example_xcom.py
[2024-10-28T13:34:13.503+0000] {logging_mixin.py:190} INFO - [2024-10-28T13:34:13.502+0000] {dag.py:3239} INFO - Sync 1 DAGs
[2024-10-28T13:34:13.520+0000] {logging_mixin.py:190} INFO - [2024-10-28T13:34:13.520+0000] {dag.py:4180} INFO - Setting next_dagrun for example_xcom to 2021-01-01 00:00:00+00:00, run_after=2021-01-01 00:00:00+00:00
[2024-10-28T13:34:13.536+0000] {processor.py:208} INFO - Processing /home/airflow/.local/lib/python3.12/site-packages/airflow/example_dags/example_xcom.py took 0.064 seconds
[2024-10-28T13:34:44.189+0000] {processor.py:186} INFO - Started process (PID=1299) to work on /home/airflow/.local/lib/python3.12/site-packages/airflow/example_dags/example_xcom.py
[2024-10-28T13:34:44.190+0000] {processor.py:914} INFO - Processing file /home/airflow/.local/lib/python3.12/site-packages/airflow/example_dags/example_xcom.py for tasks to queue
[2024-10-28T13:34:44.192+0000] {logging_mixin.py:190} INFO - [2024-10-28T13:34:44.192+0000] {dagbag.py:588} INFO - Filling up the DagBag from /home/airflow/.local/lib/python3.12/site-packages/airflow/example_dags/example_xcom.py
[2024-10-28T13:34:44.199+0000] {processor.py:925} INFO - DAG(s) 'example_xcom' retrieved from /home/airflow/.local/lib/python3.12/site-packages/airflow/example_dags/example_xcom.py
[2024-10-28T13:34:44.215+0000] {logging_mixin.py:190} INFO - [2024-10-28T13:34:44.215+0000] {dag.py:3239} INFO - Sync 1 DAGs
[2024-10-28T13:34:44.234+0000] {logging_mixin.py:190} INFO - [2024-10-28T13:34:44.234+0000] {dag.py:4180} INFO - Setting next_dagrun for example_xcom to 2021-01-01 00:00:00+00:00, run_after=2021-01-01 00:00:00+00:00
[2024-10-28T13:34:44.249+0000] {processor.py:208} INFO - Processing /home/airflow/.local/lib/python3.12/site-packages/airflow/example_dags/example_xcom.py took 0.065 seconds
[2024-10-28T13:35:15.154+0000] {processor.py:186} INFO - Started process (PID=1362) to work on /home/airflow/.local/lib/python3.12/site-packages/airflow/example_dags/example_xcom.py
[2024-10-28T13:35:15.155+0000] {processor.py:914} INFO - Processing file /home/airflow/.local/lib/python3.12/site-packages/airflow/example_dags/example_xcom.py for tasks to queue
[2024-10-28T13:35:15.157+0000] {logging_mixin.py:190} INFO - [2024-10-28T13:35:15.157+0000] {dagbag.py:588} INFO - Filling up the DagBag from /home/airflow/.local/lib/python3.12/site-packages/airflow/example_dags/example_xcom.py
[2024-10-28T13:35:15.163+0000] {processor.py:925} INFO - DAG(s) 'example_xcom' retrieved from /home/airflow/.local/lib/python3.12/site-packages/airflow/example_dags/example_xcom.py
[2024-10-28T13:35:15.189+0000] {logging_mixin.py:190} INFO - [2024-10-28T13:35:15.189+0000] {dag.py:3239} INFO - Sync 1 DAGs
[2024-10-28T13:35:15.237+0000] {logging_mixin.py:190} INFO - [2024-10-28T13:35:15.237+0000] {dag.py:4180} INFO - Setting next_dagrun for example_xcom to 2021-01-01 00:00:00+00:00, run_after=2021-01-01 00:00:00+00:00
[2024-10-28T13:35:15.291+0000] {processor.py:208} INFO - Processing /home/airflow/.local/lib/python3.12/site-packages/airflow/example_dags/example_xcom.py took 0.141 seconds
[2024-10-28T13:35:45.505+0000] {processor.py:186} INFO - Started process (PID=1425) to work on /home/airflow/.local/lib/python3.12/site-packages/airflow/example_dags/example_xcom.py
[2024-10-28T13:35:45.506+0000] {processor.py:914} INFO - Processing file /home/airflow/.local/lib/python3.12/site-packages/airflow/example_dags/example_xcom.py for tasks to queue
[2024-10-28T13:35:45.508+0000] {logging_mixin.py:190} INFO - [2024-10-28T13:35:45.508+0000] {dagbag.py:588} INFO - Filling up the DagBag from /home/airflow/.local/lib/python3.12/site-packages/airflow/example_dags/example_xcom.py
[2024-10-28T13:35:45.514+0000] {processor.py:925} INFO - DAG(s) 'example_xcom' retrieved from /home/airflow/.local/lib/python3.12/site-packages/airflow/example_dags/example_xcom.py
[2024-10-28T13:35:45.530+0000] {logging_mixin.py:190} INFO - [2024-10-28T13:35:45.530+0000] {dag.py:3239} INFO - Sync 1 DAGs
[2024-10-28T13:35:45.547+0000] {logging_mixin.py:190} INFO - [2024-10-28T13:35:45.547+0000] {dag.py:4180} INFO - Setting next_dagrun for example_xcom to 2021-01-01 00:00:00+00:00, run_after=2021-01-01 00:00:00+00:00
[2024-10-28T13:35:45.560+0000] {processor.py:208} INFO - Processing /home/airflow/.local/lib/python3.12/site-packages/airflow/example_dags/example_xcom.py took 0.059 seconds
[2024-10-28T13:36:16.317+0000] {processor.py:186} INFO - Started process (PID=1488) to work on /home/airflow/.local/lib/python3.12/site-packages/airflow/example_dags/example_xcom.py
[2024-10-28T13:36:16.318+0000] {processor.py:914} INFO - Processing file /home/airflow/.local/lib/python3.12/site-packages/airflow/example_dags/example_xcom.py for tasks to queue
[2024-10-28T13:36:16.320+0000] {logging_mixin.py:190} INFO - [2024-10-28T13:36:16.320+0000] {dagbag.py:588} INFO - Filling up the DagBag from /home/airflow/.local/lib/python3.12/site-packages/airflow/example_dags/example_xcom.py
[2024-10-28T13:36:16.327+0000] {processor.py:925} INFO - DAG(s) 'example_xcom' retrieved from /home/airflow/.local/lib/python3.12/site-packages/airflow/example_dags/example_xcom.py
[2024-10-28T13:36:16.341+0000] {logging_mixin.py:190} INFO - [2024-10-28T13:36:16.340+0000] {dag.py:3239} INFO - Sync 1 DAGs
[2024-10-28T13:36:16.356+0000] {logging_mixin.py:190} INFO - [2024-10-28T13:36:16.356+0000] {dag.py:4180} INFO - Setting next_dagrun for example_xcom to 2021-01-01 00:00:00+00:00, run_after=2021-01-01 00:00:00+00:00
[2024-10-28T13:36:16.372+0000] {processor.py:208} INFO - Processing /home/airflow/.local/lib/python3.12/site-packages/airflow/example_dags/example_xcom.py took 0.059 seconds
[2024-10-28T13:36:47.377+0000] {processor.py:186} INFO - Started process (PID=1551) to work on /home/airflow/.local/lib/python3.12/site-packages/airflow/example_dags/example_xcom.py
[2024-10-28T13:36:47.379+0000] {processor.py:914} INFO - Processing file /home/airflow/.local/lib/python3.12/site-packages/airflow/example_dags/example_xcom.py for tasks to queue
[2024-10-28T13:36:47.385+0000] {logging_mixin.py:190} INFO - [2024-10-28T13:36:47.385+0000] {dagbag.py:588} INFO - Filling up the DagBag from /home/airflow/.local/lib/python3.12/site-packages/airflow/example_dags/example_xcom.py
[2024-10-28T13:36:47.395+0000] {processor.py:925} INFO - DAG(s) 'example_xcom' retrieved from /home/airflow/.local/lib/python3.12/site-packages/airflow/example_dags/example_xcom.py
[2024-10-28T13:36:47.413+0000] {logging_mixin.py:190} INFO - [2024-10-28T13:36:47.413+0000] {dag.py:3239} INFO - Sync 1 DAGs
[2024-10-28T13:36:47.428+0000] {logging_mixin.py:190} INFO - [2024-10-28T13:36:47.428+0000] {dag.py:4180} INFO - Setting next_dagrun for example_xcom to 2021-01-01 00:00:00+00:00, run_after=2021-01-01 00:00:00+00:00
[2024-10-28T13:36:47.442+0000] {processor.py:208} INFO - Processing /home/airflow/.local/lib/python3.12/site-packages/airflow/example_dags/example_xcom.py took 0.069 seconds
[2024-10-28T13:37:18.066+0000] {processor.py:186} INFO - Started process (PID=1614) to work on /home/airflow/.local/lib/python3.12/site-packages/airflow/example_dags/example_xcom.py
[2024-10-28T13:37:18.067+0000] {processor.py:914} INFO - Processing file /home/airflow/.local/lib/python3.12/site-packages/airflow/example_dags/example_xcom.py for tasks to queue
[2024-10-28T13:37:18.069+0000] {logging_mixin.py:190} INFO - [2024-10-28T13:37:18.069+0000] {dagbag.py:588} INFO - Filling up the DagBag from /home/airflow/.local/lib/python3.12/site-packages/airflow/example_dags/example_xcom.py
[2024-10-28T13:37:18.075+0000] {processor.py:925} INFO - DAG(s) 'example_xcom' retrieved from /home/airflow/.local/lib/python3.12/site-packages/airflow/example_dags/example_xcom.py
[2024-10-28T13:37:18.090+0000] {logging_mixin.py:190} INFO - [2024-10-28T13:37:18.090+0000] {dag.py:3239} INFO - Sync 1 DAGs
[2024-10-28T13:37:18.106+0000] {logging_mixin.py:190} INFO - [2024-10-28T13:37:18.105+0000] {dag.py:4180} INFO - Setting next_dagrun for example_xcom to 2021-01-01 00:00:00+00:00, run_after=2021-01-01 00:00:00+00:00
[2024-10-28T13:37:18.119+0000] {processor.py:208} INFO - Processing /home/airflow/.local/lib/python3.12/site-packages/airflow/example_dags/example_xcom.py took 0.058 seconds
[2024-10-28T13:37:48.469+0000] {processor.py:186} INFO - Started process (PID=1677) to work on /home/airflow/.local/lib/python3.12/site-packages/airflow/example_dags/example_xcom.py
[2024-10-28T13:37:48.470+0000] {processor.py:914} INFO - Processing file /home/airflow/.local/lib/python3.12/site-packages/airflow/example_dags/example_xcom.py for tasks to queue
[2024-10-28T13:37:48.471+0000] {logging_mixin.py:190} INFO - [2024-10-28T13:37:48.471+0000] {dagbag.py:588} INFO - Filling up the DagBag from /home/airflow/.local/lib/python3.12/site-packages/airflow/example_dags/example_xcom.py
[2024-10-28T13:37:48.478+0000] {processor.py:925} INFO - DAG(s) 'example_xcom' retrieved from /home/airflow/.local/lib/python3.12/site-packages/airflow/example_dags/example_xcom.py
[2024-10-28T13:37:48.492+0000] {logging_mixin.py:190} INFO - [2024-10-28T13:37:48.492+0000] {dag.py:3239} INFO - Sync 1 DAGs
[2024-10-28T13:37:48.508+0000] {logging_mixin.py:190} INFO - [2024-10-28T13:37:48.508+0000] {dag.py:4180} INFO - Setting next_dagrun for example_xcom to 2021-01-01 00:00:00+00:00, run_after=2021-01-01 00:00:00+00:00
[2024-10-28T13:37:48.522+0000] {processor.py:208} INFO - Processing /home/airflow/.local/lib/python3.12/site-packages/airflow/example_dags/example_xcom.py took 0.057 seconds
[2024-10-28T13:38:18.989+0000] {processor.py:186} INFO - Started process (PID=1740) to work on /home/airflow/.local/lib/python3.12/site-packages/airflow/example_dags/example_xcom.py
[2024-10-28T13:38:18.990+0000] {processor.py:914} INFO - Processing file /home/airflow/.local/lib/python3.12/site-packages/airflow/example_dags/example_xcom.py for tasks to queue
[2024-10-28T13:38:18.992+0000] {logging_mixin.py:190} INFO - [2024-10-28T13:38:18.992+0000] {dagbag.py:588} INFO - Filling up the DagBag from /home/airflow/.local/lib/python3.12/site-packages/airflow/example_dags/example_xcom.py
[2024-10-28T13:38:18.999+0000] {processor.py:925} INFO - DAG(s) 'example_xcom' retrieved from /home/airflow/.local/lib/python3.12/site-packages/airflow/example_dags/example_xcom.py
[2024-10-28T13:38:19.019+0000] {logging_mixin.py:190} INFO - [2024-10-28T13:38:19.019+0000] {dag.py:3239} INFO - Sync 1 DAGs
[2024-10-28T13:38:19.035+0000] {logging_mixin.py:190} INFO - [2024-10-28T13:38:19.035+0000] {dag.py:4180} INFO - Setting next_dagrun for example_xcom to 2021-01-01 00:00:00+00:00, run_after=2021-01-01 00:00:00+00:00
[2024-10-28T13:38:19.050+0000] {processor.py:208} INFO - Processing /home/airflow/.local/lib/python3.12/site-packages/airflow/example_dags/example_xcom.py took 0.065 seconds
[2024-10-28T13:38:49.615+0000] {processor.py:186} INFO - Started process (PID=1803) to work on /home/airflow/.local/lib/python3.12/site-packages/airflow/example_dags/example_xcom.py
[2024-10-28T13:38:49.616+0000] {processor.py:914} INFO - Processing file /home/airflow/.local/lib/python3.12/site-packages/airflow/example_dags/example_xcom.py for tasks to queue
[2024-10-28T13:38:49.618+0000] {logging_mixin.py:190} INFO - [2024-10-28T13:38:49.618+0000] {dagbag.py:588} INFO - Filling up the DagBag from /home/airflow/.local/lib/python3.12/site-packages/airflow/example_dags/example_xcom.py
[2024-10-28T13:38:49.625+0000] {processor.py:925} INFO - DAG(s) 'example_xcom' retrieved from /home/airflow/.local/lib/python3.12/site-packages/airflow/example_dags/example_xcom.py
[2024-10-28T13:38:49.639+0000] {logging_mixin.py:190} INFO - [2024-10-28T13:38:49.638+0000] {dag.py:3239} INFO - Sync 1 DAGs
[2024-10-28T13:38:49.654+0000] {logging_mixin.py:190} INFO - [2024-10-28T13:38:49.654+0000] {dag.py:4180} INFO - Setting next_dagrun for example_xcom to 2021-01-01 00:00:00+00:00, run_after=2021-01-01 00:00:00+00:00
[2024-10-28T13:38:49.671+0000] {processor.py:208} INFO - Processing /home/airflow/.local/lib/python3.12/site-packages/airflow/example_dags/example_xcom.py took 0.060 seconds
[2024-10-28T13:39:20.122+0000] {processor.py:186} INFO - Started process (PID=1866) to work on /home/airflow/.local/lib/python3.12/site-packages/airflow/example_dags/example_xcom.py
[2024-10-28T13:39:20.123+0000] {processor.py:914} INFO - Processing file /home/airflow/.local/lib/python3.12/site-packages/airflow/example_dags/example_xcom.py for tasks to queue
[2024-10-28T13:39:20.125+0000] {logging_mixin.py:190} INFO - [2024-10-28T13:39:20.125+0000] {dagbag.py:588} INFO - Filling up the DagBag from /home/airflow/.local/lib/python3.12/site-packages/airflow/example_dags/example_xcom.py
[2024-10-28T13:39:20.132+0000] {processor.py:925} INFO - DAG(s) 'example_xcom' retrieved from /home/airflow/.local/lib/python3.12/site-packages/airflow/example_dags/example_xcom.py
[2024-10-28T13:39:20.148+0000] {logging_mixin.py:190} INFO - [2024-10-28T13:39:20.147+0000] {dag.py:3239} INFO - Sync 1 DAGs
[2024-10-28T13:39:20.164+0000] {logging_mixin.py:190} INFO - [2024-10-28T13:39:20.164+0000] {dag.py:4180} INFO - Setting next_dagrun for example_xcom to 2021-01-01 00:00:00+00:00, run_after=2021-01-01 00:00:00+00:00
[2024-10-28T13:39:20.179+0000] {processor.py:208} INFO - Processing /home/airflow/.local/lib/python3.12/site-packages/airflow/example_dags/example_xcom.py took 0.061 seconds
[2024-10-28T13:39:51.039+0000] {processor.py:186} INFO - Started process (PID=1929) to work on /home/airflow/.local/lib/python3.12/site-packages/airflow/example_dags/example_xcom.py
[2024-10-28T13:39:51.040+0000] {processor.py:914} INFO - Processing file /home/airflow/.local/lib/python3.12/site-packages/airflow/example_dags/example_xcom.py for tasks to queue
[2024-10-28T13:39:51.043+0000] {logging_mixin.py:190} INFO - [2024-10-28T13:39:51.043+0000] {dagbag.py:588} INFO - Filling up the DagBag from /home/airflow/.local/lib/python3.12/site-packages/airflow/example_dags/example_xcom.py
[2024-10-28T13:39:51.054+0000] {processor.py:925} INFO - DAG(s) 'example_xcom' retrieved from /home/airflow/.local/lib/python3.12/site-packages/airflow/example_dags/example_xcom.py
[2024-10-28T13:39:51.075+0000] {logging_mixin.py:190} INFO - [2024-10-28T13:39:51.075+0000] {dag.py:3239} INFO - Sync 1 DAGs
[2024-10-28T13:39:51.092+0000] {logging_mixin.py:190} INFO - [2024-10-28T13:39:51.092+0000] {dag.py:4180} INFO - Setting next_dagrun for example_xcom to 2021-01-01 00:00:00+00:00, run_after=2021-01-01 00:00:00+00:00
[2024-10-28T13:39:51.109+0000] {processor.py:208} INFO - Processing /home/airflow/.local/lib/python3.12/site-packages/airflow/example_dags/example_xcom.py took 0.076 seconds
[2024-10-28T13:40:21.375+0000] {processor.py:186} INFO - Started process (PID=1992) to work on /home/airflow/.local/lib/python3.12/site-packages/airflow/example_dags/example_xcom.py
[2024-10-28T13:40:21.375+0000] {processor.py:914} INFO - Processing file /home/airflow/.local/lib/python3.12/site-packages/airflow/example_dags/example_xcom.py for tasks to queue
[2024-10-28T13:40:21.377+0000] {logging_mixin.py:190} INFO - [2024-10-28T13:40:21.377+0000] {dagbag.py:588} INFO - Filling up the DagBag from /home/airflow/.local/lib/python3.12/site-packages/airflow/example_dags/example_xcom.py
[2024-10-28T13:40:21.385+0000] {processor.py:925} INFO - DAG(s) 'example_xcom' retrieved from /home/airflow/.local/lib/python3.12/site-packages/airflow/example_dags/example_xcom.py
[2024-10-28T13:40:21.400+0000] {logging_mixin.py:190} INFO - [2024-10-28T13:40:21.399+0000] {dag.py:3239} INFO - Sync 1 DAGs
[2024-10-28T13:40:21.416+0000] {logging_mixin.py:190} INFO - [2024-10-28T13:40:21.415+0000] {dag.py:4180} INFO - Setting next_dagrun for example_xcom to 2021-01-01 00:00:00+00:00, run_after=2021-01-01 00:00:00+00:00
[2024-10-28T13:40:21.429+0000] {processor.py:208} INFO - Processing /home/airflow/.local/lib/python3.12/site-packages/airflow/example_dags/example_xcom.py took 0.059 seconds
[2024-10-28T13:40:51.929+0000] {processor.py:186} INFO - Started process (PID=2055) to work on /home/airflow/.local/lib/python3.12/site-packages/airflow/example_dags/example_xcom.py
[2024-10-28T13:40:51.930+0000] {processor.py:914} INFO - Processing file /home/airflow/.local/lib/python3.12/site-packages/airflow/example_dags/example_xcom.py for tasks to queue
[2024-10-28T13:40:51.932+0000] {logging_mixin.py:190} INFO - [2024-10-28T13:40:51.932+0000] {dagbag.py:588} INFO - Filling up the DagBag from /home/airflow/.local/lib/python3.12/site-packages/airflow/example_dags/example_xcom.py
[2024-10-28T13:40:51.939+0000] {processor.py:925} INFO - DAG(s) 'example_xcom' retrieved from /home/airflow/.local/lib/python3.12/site-packages/airflow/example_dags/example_xcom.py
[2024-10-28T13:40:51.975+0000] {logging_mixin.py:190} INFO - [2024-10-28T13:40:51.973+0000] {dag.py:3239} INFO - Sync 1 DAGs
[2024-10-28T13:40:52.012+0000] {logging_mixin.py:190} INFO - [2024-10-28T13:40:52.012+0000] {dag.py:4180} INFO - Setting next_dagrun for example_xcom to 2021-01-01 00:00:00+00:00, run_after=2021-01-01 00:00:00+00:00
[2024-10-28T13:40:52.033+0000] {processor.py:208} INFO - Processing /home/airflow/.local/lib/python3.12/site-packages/airflow/example_dags/example_xcom.py took 0.109 seconds
[2024-10-28T13:41:22.085+0000] {processor.py:186} INFO - Started process (PID=2118) to work on /home/airflow/.local/lib/python3.12/site-packages/airflow/example_dags/example_xcom.py
[2024-10-28T13:41:22.087+0000] {processor.py:914} INFO - Processing file /home/airflow/.local/lib/python3.12/site-packages/airflow/example_dags/example_xcom.py for tasks to queue
[2024-10-28T13:41:22.088+0000] {logging_mixin.py:190} INFO - [2024-10-28T13:41:22.088+0000] {dagbag.py:588} INFO - Filling up the DagBag from /home/airflow/.local/lib/python3.12/site-packages/airflow/example_dags/example_xcom.py
[2024-10-28T13:41:22.095+0000] {processor.py:925} INFO - DAG(s) 'example_xcom' retrieved from /home/airflow/.local/lib/python3.12/site-packages/airflow/example_dags/example_xcom.py
[2024-10-28T13:41:22.111+0000] {logging_mixin.py:190} INFO - [2024-10-28T13:41:22.111+0000] {dag.py:3239} INFO - Sync 1 DAGs
[2024-10-28T13:41:22.128+0000] {logging_mixin.py:190} INFO - [2024-10-28T13:41:22.128+0000] {dag.py:4180} INFO - Setting next_dagrun for example_xcom to 2021-01-01 00:00:00+00:00, run_after=2021-01-01 00:00:00+00:00
[2024-10-28T13:41:22.147+0000] {processor.py:208} INFO - Processing /home/airflow/.local/lib/python3.12/site-packages/airflow/example_dags/example_xcom.py took 0.067 seconds
[2024-10-28T13:41:52.713+0000] {processor.py:186} INFO - Started process (PID=2180) to work on /home/airflow/.local/lib/python3.12/site-packages/airflow/example_dags/example_xcom.py
[2024-10-28T13:41:52.714+0000] {processor.py:914} INFO - Processing file /home/airflow/.local/lib/python3.12/site-packages/airflow/example_dags/example_xcom.py for tasks to queue
[2024-10-28T13:41:52.716+0000] {logging_mixin.py:190} INFO - [2024-10-28T13:41:52.715+0000] {dagbag.py:588} INFO - Filling up the DagBag from /home/airflow/.local/lib/python3.12/site-packages/airflow/example_dags/example_xcom.py
[2024-10-28T13:41:52.723+0000] {processor.py:925} INFO - DAG(s) 'example_xcom' retrieved from /home/airflow/.local/lib/python3.12/site-packages/airflow/example_dags/example_xcom.py
[2024-10-28T13:41:52.739+0000] {logging_mixin.py:190} INFO - [2024-10-28T13:41:52.739+0000] {dag.py:3239} INFO - Sync 1 DAGs
[2024-10-28T13:41:52.755+0000] {logging_mixin.py:190} INFO - [2024-10-28T13:41:52.755+0000] {dag.py:4180} INFO - Setting next_dagrun for example_xcom to 2021-01-01 00:00:00+00:00, run_after=2021-01-01 00:00:00+00:00
[2024-10-28T13:41:52.772+0000] {processor.py:208} INFO - Processing /home/airflow/.local/lib/python3.12/site-packages/airflow/example_dags/example_xcom.py took 0.063 seconds
[2024-10-28T13:42:23.765+0000] {processor.py:186} INFO - Started process (PID=2244) to work on /home/airflow/.local/lib/python3.12/site-packages/airflow/example_dags/example_xcom.py
[2024-10-28T13:42:23.766+0000] {processor.py:914} INFO - Processing file /home/airflow/.local/lib/python3.12/site-packages/airflow/example_dags/example_xcom.py for tasks to queue
[2024-10-28T13:42:23.767+0000] {logging_mixin.py:190} INFO - [2024-10-28T13:42:23.767+0000] {dagbag.py:588} INFO - Filling up the DagBag from /home/airflow/.local/lib/python3.12/site-packages/airflow/example_dags/example_xcom.py
[2024-10-28T13:42:23.774+0000] {processor.py:925} INFO - DAG(s) 'example_xcom' retrieved from /home/airflow/.local/lib/python3.12/site-packages/airflow/example_dags/example_xcom.py
[2024-10-28T13:42:23.790+0000] {logging_mixin.py:190} INFO - [2024-10-28T13:42:23.789+0000] {dag.py:3239} INFO - Sync 1 DAGs
[2024-10-28T13:42:23.805+0000] {logging_mixin.py:190} INFO - [2024-10-28T13:42:23.805+0000] {dag.py:4180} INFO - Setting next_dagrun for example_xcom to 2021-01-01 00:00:00+00:00, run_after=2021-01-01 00:00:00+00:00
[2024-10-28T13:42:23.818+0000] {processor.py:208} INFO - Processing /home/airflow/.local/lib/python3.12/site-packages/airflow/example_dags/example_xcom.py took 0.058 seconds
[2024-10-28T13:42:54.883+0000] {processor.py:186} INFO - Started process (PID=2306) to work on /home/airflow/.local/lib/python3.12/site-packages/airflow/example_dags/example_xcom.py
[2024-10-28T13:42:54.885+0000] {processor.py:914} INFO - Processing file /home/airflow/.local/lib/python3.12/site-packages/airflow/example_dags/example_xcom.py for tasks to queue
[2024-10-28T13:42:54.886+0000] {logging_mixin.py:190} INFO - [2024-10-28T13:42:54.886+0000] {dagbag.py:588} INFO - Filling up the DagBag from /home/airflow/.local/lib/python3.12/site-packages/airflow/example_dags/example_xcom.py
[2024-10-28T13:42:54.897+0000] {processor.py:925} INFO - DAG(s) 'example_xcom' retrieved from /home/airflow/.local/lib/python3.12/site-packages/airflow/example_dags/example_xcom.py
[2024-10-28T13:42:54.913+0000] {logging_mixin.py:190} INFO - [2024-10-28T13:42:54.913+0000] {dag.py:3239} INFO - Sync 1 DAGs
[2024-10-28T13:42:54.930+0000] {logging_mixin.py:190} INFO - [2024-10-28T13:42:54.930+0000] {dag.py:4180} INFO - Setting next_dagrun for example_xcom to 2021-01-01 00:00:00+00:00, run_after=2021-01-01 00:00:00+00:00
[2024-10-28T13:42:54.949+0000] {processor.py:208} INFO - Processing /home/airflow/.local/lib/python3.12/site-packages/airflow/example_dags/example_xcom.py took 0.071 seconds
[2024-10-28T13:43:25.565+0000] {processor.py:186} INFO - Started process (PID=2368) to work on /home/airflow/.local/lib/python3.12/site-packages/airflow/example_dags/example_xcom.py
[2024-10-28T13:43:25.566+0000] {processor.py:914} INFO - Processing file /home/airflow/.local/lib/python3.12/site-packages/airflow/example_dags/example_xcom.py for tasks to queue
[2024-10-28T13:43:25.567+0000] {logging_mixin.py:190} INFO - [2024-10-28T13:43:25.567+0000] {dagbag.py:588} INFO - Filling up the DagBag from /home/airflow/.local/lib/python3.12/site-packages/airflow/example_dags/example_xcom.py
[2024-10-28T13:43:25.574+0000] {processor.py:925} INFO - DAG(s) 'example_xcom' retrieved from /home/airflow/.local/lib/python3.12/site-packages/airflow/example_dags/example_xcom.py
[2024-10-28T13:43:25.590+0000] {logging_mixin.py:190} INFO - [2024-10-28T13:43:25.590+0000] {dag.py:3239} INFO - Sync 1 DAGs
[2024-10-28T13:43:25.607+0000] {logging_mixin.py:190} INFO - [2024-10-28T13:43:25.606+0000] {dag.py:4180} INFO - Setting next_dagrun for example_xcom to 2021-01-01 00:00:00+00:00, run_after=2021-01-01 00:00:00+00:00
[2024-10-28T13:43:25.621+0000] {processor.py:208} INFO - Processing /home/airflow/.local/lib/python3.12/site-packages/airflow/example_dags/example_xcom.py took 0.060 seconds
[2024-10-28T13:43:56.510+0000] {processor.py:186} INFO - Started process (PID=2430) to work on /home/airflow/.local/lib/python3.12/site-packages/airflow/example_dags/example_xcom.py
[2024-10-28T13:43:56.512+0000] {processor.py:914} INFO - Processing file /home/airflow/.local/lib/python3.12/site-packages/airflow/example_dags/example_xcom.py for tasks to queue
[2024-10-28T13:43:56.515+0000] {logging_mixin.py:190} INFO - [2024-10-28T13:43:56.514+0000] {dagbag.py:588} INFO - Filling up the DagBag from /home/airflow/.local/lib/python3.12/site-packages/airflow/example_dags/example_xcom.py
[2024-10-28T13:43:56.532+0000] {processor.py:925} INFO - DAG(s) 'example_xcom' retrieved from /home/airflow/.local/lib/python3.12/site-packages/airflow/example_dags/example_xcom.py
[2024-10-28T13:43:56.561+0000] {logging_mixin.py:190} INFO - [2024-10-28T13:43:56.561+0000] {dag.py:3239} INFO - Sync 1 DAGs
[2024-10-28T13:43:56.578+0000] {logging_mixin.py:190} INFO - [2024-10-28T13:43:56.578+0000] {dag.py:4180} INFO - Setting next_dagrun for example_xcom to 2021-01-01 00:00:00+00:00, run_after=2021-01-01 00:00:00+00:00
[2024-10-28T13:43:56.593+0000] {processor.py:208} INFO - Processing /home/airflow/.local/lib/python3.12/site-packages/airflow/example_dags/example_xcom.py took 0.094 seconds
