[2024-10-28T13:21:20.106+0000] {processor.py:186} INFO - Started process (PID=113) to work on /home/airflow/.local/lib/python3.12/site-packages/airflow/example_dags/example_python_operator.py
[2024-10-28T13:21:20.107+0000] {processor.py:914} INFO - Processing file /home/airflow/.local/lib/python3.12/site-packages/airflow/example_dags/example_python_operator.py for tasks to queue
[2024-10-28T13:21:20.109+0000] {logging_mixin.py:190} INFO - [2024-10-28T13:21:20.109+0000] {dagbag.py:588} INFO - Filling up the DagBag from /home/airflow/.local/lib/python3.12/site-packages/airflow/example_dags/example_python_operator.py
[2024-10-28T13:21:20.120+0000] {processor.py:925} INFO - DAG(s) 'example_python_operator' retrieved from /home/airflow/.local/lib/python3.12/site-packages/airflow/example_dags/example_python_operator.py
[2024-10-28T13:21:20.200+0000] {logging_mixin.py:190} INFO - [2024-10-28T13:21:20.200+0000] {override.py:1900} INFO - Created Permission View: can delete on DAG:example_python_operator
[2024-10-28T13:21:20.211+0000] {logging_mixin.py:190} INFO - [2024-10-28T13:21:20.211+0000] {override.py:1900} INFO - Created Permission View: can edit on DAG:example_python_operator
[2024-10-28T13:21:20.218+0000] {logging_mixin.py:190} INFO - [2024-10-28T13:21:20.218+0000] {override.py:1900} INFO - Created Permission View: can read on DAG:example_python_operator
[2024-10-28T13:21:20.228+0000] {logging_mixin.py:190} INFO - [2024-10-28T13:21:20.228+0000] {override.py:1900} INFO - Created Permission View: can create on DAG Run:example_python_operator
[2024-10-28T13:21:20.238+0000] {logging_mixin.py:190} INFO - [2024-10-28T13:21:20.238+0000] {override.py:1900} INFO - Created Permission View: menu access on DAG Run:example_python_operator
[2024-10-28T13:21:20.252+0000] {logging_mixin.py:190} INFO - [2024-10-28T13:21:20.252+0000] {override.py:1900} INFO - Created Permission View: can read on DAG Run:example_python_operator
[2024-10-28T13:21:20.259+0000] {logging_mixin.py:190} INFO - [2024-10-28T13:21:20.258+0000] {override.py:1900} INFO - Created Permission View: can delete on DAG Run:example_python_operator
[2024-10-28T13:21:20.263+0000] {logging_mixin.py:190} INFO - [2024-10-28T13:21:20.263+0000] {dag.py:3239} INFO - Sync 1 DAGs
[2024-10-28T13:21:20.274+0000] {logging_mixin.py:190} INFO - [2024-10-28T13:21:20.274+0000] {dag.py:3262} INFO - Creating ORM DAG for example_python_operator
[2024-10-28T13:21:20.276+0000] {logging_mixin.py:190} INFO - [2024-10-28T13:21:20.275+0000] {dag.py:4180} INFO - Setting next_dagrun for example_python_operator to None, run_after=None
[2024-10-28T13:21:20.291+0000] {processor.py:208} INFO - Processing /home/airflow/.local/lib/python3.12/site-packages/airflow/example_dags/example_python_operator.py took 0.189 seconds
[2024-10-28T13:21:50.993+0000] {processor.py:186} INFO - Started process (PID=176) to work on /home/airflow/.local/lib/python3.12/site-packages/airflow/example_dags/example_python_operator.py
[2024-10-28T13:21:50.994+0000] {processor.py:914} INFO - Processing file /home/airflow/.local/lib/python3.12/site-packages/airflow/example_dags/example_python_operator.py for tasks to queue
[2024-10-28T13:21:50.996+0000] {logging_mixin.py:190} INFO - [2024-10-28T13:21:50.995+0000] {dagbag.py:588} INFO - Filling up the DagBag from /home/airflow/.local/lib/python3.12/site-packages/airflow/example_dags/example_python_operator.py
[2024-10-28T13:21:51.004+0000] {processor.py:925} INFO - DAG(s) 'example_python_operator' retrieved from /home/airflow/.local/lib/python3.12/site-packages/airflow/example_dags/example_python_operator.py
[2024-10-28T13:21:51.018+0000] {logging_mixin.py:190} INFO - [2024-10-28T13:21:51.018+0000] {dag.py:3239} INFO - Sync 1 DAGs
[2024-10-28T13:21:51.028+0000] {logging_mixin.py:190} INFO - [2024-10-28T13:21:51.028+0000] {dag.py:4180} INFO - Setting next_dagrun for example_python_operator to None, run_after=None
[2024-10-28T13:21:51.043+0000] {processor.py:208} INFO - Processing /home/airflow/.local/lib/python3.12/site-packages/airflow/example_dags/example_python_operator.py took 0.054 seconds
[2024-10-28T13:25:02.205+0000] {processor.py:186} INFO - Started process (PID=107) to work on /home/airflow/.local/lib/python3.12/site-packages/airflow/example_dags/example_python_operator.py
[2024-10-28T13:25:02.206+0000] {processor.py:914} INFO - Processing file /home/airflow/.local/lib/python3.12/site-packages/airflow/example_dags/example_python_operator.py for tasks to queue
[2024-10-28T13:25:02.208+0000] {logging_mixin.py:190} INFO - [2024-10-28T13:25:02.208+0000] {dagbag.py:588} INFO - Filling up the DagBag from /home/airflow/.local/lib/python3.12/site-packages/airflow/example_dags/example_python_operator.py
[2024-10-28T13:25:02.219+0000] {processor.py:925} INFO - DAG(s) 'example_python_operator' retrieved from /home/airflow/.local/lib/python3.12/site-packages/airflow/example_dags/example_python_operator.py
[2024-10-28T13:25:02.303+0000] {logging_mixin.py:190} INFO - [2024-10-28T13:25:02.302+0000] {dag.py:3239} INFO - Sync 1 DAGs
[2024-10-28T13:25:02.313+0000] {logging_mixin.py:190} INFO - [2024-10-28T13:25:02.312+0000] {dag.py:4180} INFO - Setting next_dagrun for example_python_operator to None, run_after=None
[2024-10-28T13:25:02.329+0000] {processor.py:208} INFO - Processing /home/airflow/.local/lib/python3.12/site-packages/airflow/example_dags/example_python_operator.py took 0.129 seconds
[2024-10-28T13:25:33.360+0000] {processor.py:186} INFO - Started process (PID=175) to work on /home/airflow/.local/lib/python3.12/site-packages/airflow/example_dags/example_python_operator.py
[2024-10-28T13:25:33.361+0000] {processor.py:914} INFO - Processing file /home/airflow/.local/lib/python3.12/site-packages/airflow/example_dags/example_python_operator.py for tasks to queue
[2024-10-28T13:25:33.363+0000] {logging_mixin.py:190} INFO - [2024-10-28T13:25:33.362+0000] {dagbag.py:588} INFO - Filling up the DagBag from /home/airflow/.local/lib/python3.12/site-packages/airflow/example_dags/example_python_operator.py
[2024-10-28T13:25:33.372+0000] {processor.py:925} INFO - DAG(s) 'example_python_operator' retrieved from /home/airflow/.local/lib/python3.12/site-packages/airflow/example_dags/example_python_operator.py
[2024-10-28T13:25:33.389+0000] {logging_mixin.py:190} INFO - [2024-10-28T13:25:33.388+0000] {dag.py:3239} INFO - Sync 1 DAGs
[2024-10-28T13:25:33.400+0000] {logging_mixin.py:190} INFO - [2024-10-28T13:25:33.400+0000] {dag.py:4180} INFO - Setting next_dagrun for example_python_operator to None, run_after=None
[2024-10-28T13:25:33.417+0000] {processor.py:208} INFO - Processing /home/airflow/.local/lib/python3.12/site-packages/airflow/example_dags/example_python_operator.py took 0.062 seconds
[2024-10-28T13:26:03.989+0000] {processor.py:186} INFO - Started process (PID=238) to work on /home/airflow/.local/lib/python3.12/site-packages/airflow/example_dags/example_python_operator.py
[2024-10-28T13:26:03.990+0000] {processor.py:914} INFO - Processing file /home/airflow/.local/lib/python3.12/site-packages/airflow/example_dags/example_python_operator.py for tasks to queue
[2024-10-28T13:26:03.992+0000] {logging_mixin.py:190} INFO - [2024-10-28T13:26:03.992+0000] {dagbag.py:588} INFO - Filling up the DagBag from /home/airflow/.local/lib/python3.12/site-packages/airflow/example_dags/example_python_operator.py
[2024-10-28T13:26:04.001+0000] {processor.py:925} INFO - DAG(s) 'example_python_operator' retrieved from /home/airflow/.local/lib/python3.12/site-packages/airflow/example_dags/example_python_operator.py
[2024-10-28T13:26:04.018+0000] {logging_mixin.py:190} INFO - [2024-10-28T13:26:04.018+0000] {dag.py:3239} INFO - Sync 1 DAGs
[2024-10-28T13:26:04.028+0000] {logging_mixin.py:190} INFO - [2024-10-28T13:26:04.028+0000] {dag.py:4180} INFO - Setting next_dagrun for example_python_operator to None, run_after=None
[2024-10-28T13:26:04.045+0000] {processor.py:208} INFO - Processing /home/airflow/.local/lib/python3.12/site-packages/airflow/example_dags/example_python_operator.py took 0.060 seconds
[2024-10-28T13:26:34.176+0000] {processor.py:186} INFO - Started process (PID=301) to work on /home/airflow/.local/lib/python3.12/site-packages/airflow/example_dags/example_python_operator.py
[2024-10-28T13:26:34.176+0000] {processor.py:914} INFO - Processing file /home/airflow/.local/lib/python3.12/site-packages/airflow/example_dags/example_python_operator.py for tasks to queue
[2024-10-28T13:26:34.178+0000] {logging_mixin.py:190} INFO - [2024-10-28T13:26:34.178+0000] {dagbag.py:588} INFO - Filling up the DagBag from /home/airflow/.local/lib/python3.12/site-packages/airflow/example_dags/example_python_operator.py
[2024-10-28T13:26:34.188+0000] {processor.py:925} INFO - DAG(s) 'example_python_operator' retrieved from /home/airflow/.local/lib/python3.12/site-packages/airflow/example_dags/example_python_operator.py
[2024-10-28T13:26:34.203+0000] {logging_mixin.py:190} INFO - [2024-10-28T13:26:34.203+0000] {dag.py:3239} INFO - Sync 1 DAGs
[2024-10-28T13:26:34.213+0000] {logging_mixin.py:190} INFO - [2024-10-28T13:26:34.213+0000] {dag.py:4180} INFO - Setting next_dagrun for example_python_operator to None, run_after=None
[2024-10-28T13:26:34.228+0000] {processor.py:208} INFO - Processing /home/airflow/.local/lib/python3.12/site-packages/airflow/example_dags/example_python_operator.py took 0.057 seconds
[2024-10-28T13:27:04.492+0000] {processor.py:186} INFO - Started process (PID=364) to work on /home/airflow/.local/lib/python3.12/site-packages/airflow/example_dags/example_python_operator.py
[2024-10-28T13:27:04.493+0000] {processor.py:914} INFO - Processing file /home/airflow/.local/lib/python3.12/site-packages/airflow/example_dags/example_python_operator.py for tasks to queue
[2024-10-28T13:27:04.495+0000] {logging_mixin.py:190} INFO - [2024-10-28T13:27:04.494+0000] {dagbag.py:588} INFO - Filling up the DagBag from /home/airflow/.local/lib/python3.12/site-packages/airflow/example_dags/example_python_operator.py
[2024-10-28T13:27:04.504+0000] {processor.py:925} INFO - DAG(s) 'example_python_operator' retrieved from /home/airflow/.local/lib/python3.12/site-packages/airflow/example_dags/example_python_operator.py
[2024-10-28T13:27:04.521+0000] {logging_mixin.py:190} INFO - [2024-10-28T13:27:04.520+0000] {dag.py:3239} INFO - Sync 1 DAGs
[2024-10-28T13:27:04.532+0000] {logging_mixin.py:190} INFO - [2024-10-28T13:27:04.531+0000] {dag.py:4180} INFO - Setting next_dagrun for example_python_operator to None, run_after=None
[2024-10-28T13:27:04.548+0000] {processor.py:208} INFO - Processing /home/airflow/.local/lib/python3.12/site-packages/airflow/example_dags/example_python_operator.py took 0.061 seconds
[2024-10-28T13:27:35.154+0000] {processor.py:186} INFO - Started process (PID=427) to work on /home/airflow/.local/lib/python3.12/site-packages/airflow/example_dags/example_python_operator.py
[2024-10-28T13:27:35.155+0000] {processor.py:914} INFO - Processing file /home/airflow/.local/lib/python3.12/site-packages/airflow/example_dags/example_python_operator.py for tasks to queue
[2024-10-28T13:27:35.160+0000] {logging_mixin.py:190} INFO - [2024-10-28T13:27:35.160+0000] {dagbag.py:588} INFO - Filling up the DagBag from /home/airflow/.local/lib/python3.12/site-packages/airflow/example_dags/example_python_operator.py
[2024-10-28T13:27:35.172+0000] {processor.py:925} INFO - DAG(s) 'example_python_operator' retrieved from /home/airflow/.local/lib/python3.12/site-packages/airflow/example_dags/example_python_operator.py
[2024-10-28T13:27:35.188+0000] {logging_mixin.py:190} INFO - [2024-10-28T13:27:35.187+0000] {dag.py:3239} INFO - Sync 1 DAGs
[2024-10-28T13:27:35.201+0000] {logging_mixin.py:190} INFO - [2024-10-28T13:27:35.200+0000] {dag.py:4180} INFO - Setting next_dagrun for example_python_operator to None, run_after=None
[2024-10-28T13:27:35.215+0000] {processor.py:208} INFO - Processing /home/airflow/.local/lib/python3.12/site-packages/airflow/example_dags/example_python_operator.py took 0.066 seconds
[2024-10-28T13:28:05.857+0000] {processor.py:186} INFO - Started process (PID=490) to work on /home/airflow/.local/lib/python3.12/site-packages/airflow/example_dags/example_python_operator.py
[2024-10-28T13:28:05.858+0000] {processor.py:914} INFO - Processing file /home/airflow/.local/lib/python3.12/site-packages/airflow/example_dags/example_python_operator.py for tasks to queue
[2024-10-28T13:28:05.860+0000] {logging_mixin.py:190} INFO - [2024-10-28T13:28:05.860+0000] {dagbag.py:588} INFO - Filling up the DagBag from /home/airflow/.local/lib/python3.12/site-packages/airflow/example_dags/example_python_operator.py
[2024-10-28T13:28:05.870+0000] {processor.py:925} INFO - DAG(s) 'example_python_operator' retrieved from /home/airflow/.local/lib/python3.12/site-packages/airflow/example_dags/example_python_operator.py
[2024-10-28T13:28:05.887+0000] {logging_mixin.py:190} INFO - [2024-10-28T13:28:05.887+0000] {dag.py:3239} INFO - Sync 1 DAGs
[2024-10-28T13:28:05.899+0000] {logging_mixin.py:190} INFO - [2024-10-28T13:28:05.899+0000] {dag.py:4180} INFO - Setting next_dagrun for example_python_operator to None, run_after=None
[2024-10-28T13:28:05.914+0000] {processor.py:208} INFO - Processing /home/airflow/.local/lib/python3.12/site-packages/airflow/example_dags/example_python_operator.py took 0.061 seconds
[2024-10-28T13:28:36.404+0000] {processor.py:186} INFO - Started process (PID=553) to work on /home/airflow/.local/lib/python3.12/site-packages/airflow/example_dags/example_python_operator.py
[2024-10-28T13:28:36.406+0000] {processor.py:914} INFO - Processing file /home/airflow/.local/lib/python3.12/site-packages/airflow/example_dags/example_python_operator.py for tasks to queue
[2024-10-28T13:28:36.409+0000] {logging_mixin.py:190} INFO - [2024-10-28T13:28:36.408+0000] {dagbag.py:588} INFO - Filling up the DagBag from /home/airflow/.local/lib/python3.12/site-packages/airflow/example_dags/example_python_operator.py
[2024-10-28T13:28:36.428+0000] {processor.py:925} INFO - DAG(s) 'example_python_operator' retrieved from /home/airflow/.local/lib/python3.12/site-packages/airflow/example_dags/example_python_operator.py
[2024-10-28T13:28:36.459+0000] {logging_mixin.py:190} INFO - [2024-10-28T13:28:36.459+0000] {dag.py:3239} INFO - Sync 1 DAGs
[2024-10-28T13:28:36.473+0000] {logging_mixin.py:190} INFO - [2024-10-28T13:28:36.472+0000] {dag.py:4180} INFO - Setting next_dagrun for example_python_operator to None, run_after=None
[2024-10-28T13:28:36.492+0000] {processor.py:208} INFO - Processing /home/airflow/.local/lib/python3.12/site-packages/airflow/example_dags/example_python_operator.py took 0.094 seconds
[2024-10-28T13:29:07.620+0000] {processor.py:186} INFO - Started process (PID=616) to work on /home/airflow/.local/lib/python3.12/site-packages/airflow/example_dags/example_python_operator.py
[2024-10-28T13:29:07.621+0000] {processor.py:914} INFO - Processing file /home/airflow/.local/lib/python3.12/site-packages/airflow/example_dags/example_python_operator.py for tasks to queue
[2024-10-28T13:29:07.623+0000] {logging_mixin.py:190} INFO - [2024-10-28T13:29:07.623+0000] {dagbag.py:588} INFO - Filling up the DagBag from /home/airflow/.local/lib/python3.12/site-packages/airflow/example_dags/example_python_operator.py
[2024-10-28T13:29:07.632+0000] {processor.py:925} INFO - DAG(s) 'example_python_operator' retrieved from /home/airflow/.local/lib/python3.12/site-packages/airflow/example_dags/example_python_operator.py
[2024-10-28T13:29:07.648+0000] {logging_mixin.py:190} INFO - [2024-10-28T13:29:07.648+0000] {dag.py:3239} INFO - Sync 1 DAGs
[2024-10-28T13:29:07.660+0000] {logging_mixin.py:190} INFO - [2024-10-28T13:29:07.660+0000] {dag.py:4180} INFO - Setting next_dagrun for example_python_operator to None, run_after=None
[2024-10-28T13:29:07.675+0000] {processor.py:208} INFO - Processing /home/airflow/.local/lib/python3.12/site-packages/airflow/example_dags/example_python_operator.py took 0.058 seconds
[2024-10-28T13:29:38.358+0000] {processor.py:186} INFO - Started process (PID=679) to work on /home/airflow/.local/lib/python3.12/site-packages/airflow/example_dags/example_python_operator.py
[2024-10-28T13:29:38.361+0000] {processor.py:914} INFO - Processing file /home/airflow/.local/lib/python3.12/site-packages/airflow/example_dags/example_python_operator.py for tasks to queue
[2024-10-28T13:29:38.364+0000] {logging_mixin.py:190} INFO - [2024-10-28T13:29:38.364+0000] {dagbag.py:588} INFO - Filling up the DagBag from /home/airflow/.local/lib/python3.12/site-packages/airflow/example_dags/example_python_operator.py
[2024-10-28T13:29:38.373+0000] {processor.py:925} INFO - DAG(s) 'example_python_operator' retrieved from /home/airflow/.local/lib/python3.12/site-packages/airflow/example_dags/example_python_operator.py
[2024-10-28T13:29:38.392+0000] {logging_mixin.py:190} INFO - [2024-10-28T13:29:38.392+0000] {dag.py:3239} INFO - Sync 1 DAGs
[2024-10-28T13:29:38.408+0000] {logging_mixin.py:190} INFO - [2024-10-28T13:29:38.408+0000] {dag.py:4180} INFO - Setting next_dagrun for example_python_operator to None, run_after=None
[2024-10-28T13:29:38.428+0000] {processor.py:208} INFO - Processing /home/airflow/.local/lib/python3.12/site-packages/airflow/example_dags/example_python_operator.py took 0.076 seconds
[2024-10-28T13:30:09.286+0000] {processor.py:186} INFO - Started process (PID=742) to work on /home/airflow/.local/lib/python3.12/site-packages/airflow/example_dags/example_python_operator.py
[2024-10-28T13:30:09.294+0000] {processor.py:914} INFO - Processing file /home/airflow/.local/lib/python3.12/site-packages/airflow/example_dags/example_python_operator.py for tasks to queue
[2024-10-28T13:30:09.298+0000] {logging_mixin.py:190} INFO - [2024-10-28T13:30:09.298+0000] {dagbag.py:588} INFO - Filling up the DagBag from /home/airflow/.local/lib/python3.12/site-packages/airflow/example_dags/example_python_operator.py
[2024-10-28T13:30:09.311+0000] {processor.py:925} INFO - DAG(s) 'example_python_operator' retrieved from /home/airflow/.local/lib/python3.12/site-packages/airflow/example_dags/example_python_operator.py
[2024-10-28T13:30:09.330+0000] {logging_mixin.py:190} INFO - [2024-10-28T13:30:09.330+0000] {dag.py:3239} INFO - Sync 1 DAGs
[2024-10-28T13:30:09.341+0000] {logging_mixin.py:190} INFO - [2024-10-28T13:30:09.341+0000] {dag.py:4180} INFO - Setting next_dagrun for example_python_operator to None, run_after=None
[2024-10-28T13:30:09.356+0000] {processor.py:208} INFO - Processing /home/airflow/.local/lib/python3.12/site-packages/airflow/example_dags/example_python_operator.py took 0.076 seconds
[2024-10-28T13:30:39.453+0000] {processor.py:186} INFO - Started process (PID=805) to work on /home/airflow/.local/lib/python3.12/site-packages/airflow/example_dags/example_python_operator.py
[2024-10-28T13:30:39.454+0000] {processor.py:914} INFO - Processing file /home/airflow/.local/lib/python3.12/site-packages/airflow/example_dags/example_python_operator.py for tasks to queue
[2024-10-28T13:30:39.456+0000] {logging_mixin.py:190} INFO - [2024-10-28T13:30:39.455+0000] {dagbag.py:588} INFO - Filling up the DagBag from /home/airflow/.local/lib/python3.12/site-packages/airflow/example_dags/example_python_operator.py
[2024-10-28T13:30:39.464+0000] {processor.py:925} INFO - DAG(s) 'example_python_operator' retrieved from /home/airflow/.local/lib/python3.12/site-packages/airflow/example_dags/example_python_operator.py
[2024-10-28T13:30:39.482+0000] {logging_mixin.py:190} INFO - [2024-10-28T13:30:39.481+0000] {dag.py:3239} INFO - Sync 1 DAGs
[2024-10-28T13:30:39.492+0000] {logging_mixin.py:190} INFO - [2024-10-28T13:30:39.492+0000] {dag.py:4180} INFO - Setting next_dagrun for example_python_operator to None, run_after=None
[2024-10-28T13:30:39.507+0000] {processor.py:208} INFO - Processing /home/airflow/.local/lib/python3.12/site-packages/airflow/example_dags/example_python_operator.py took 0.058 seconds
[2024-10-28T13:31:10.237+0000] {processor.py:186} INFO - Started process (PID=868) to work on /home/airflow/.local/lib/python3.12/site-packages/airflow/example_dags/example_python_operator.py
[2024-10-28T13:31:10.238+0000] {processor.py:914} INFO - Processing file /home/airflow/.local/lib/python3.12/site-packages/airflow/example_dags/example_python_operator.py for tasks to queue
[2024-10-28T13:31:10.240+0000] {logging_mixin.py:190} INFO - [2024-10-28T13:31:10.239+0000] {dagbag.py:588} INFO - Filling up the DagBag from /home/airflow/.local/lib/python3.12/site-packages/airflow/example_dags/example_python_operator.py
[2024-10-28T13:31:10.248+0000] {processor.py:925} INFO - DAG(s) 'example_python_operator' retrieved from /home/airflow/.local/lib/python3.12/site-packages/airflow/example_dags/example_python_operator.py
[2024-10-28T13:31:10.263+0000] {logging_mixin.py:190} INFO - [2024-10-28T13:31:10.263+0000] {dag.py:3239} INFO - Sync 1 DAGs
[2024-10-28T13:31:10.276+0000] {logging_mixin.py:190} INFO - [2024-10-28T13:31:10.275+0000] {dag.py:4180} INFO - Setting next_dagrun for example_python_operator to None, run_after=None
[2024-10-28T13:31:10.292+0000] {processor.py:208} INFO - Processing /home/airflow/.local/lib/python3.12/site-packages/airflow/example_dags/example_python_operator.py took 0.059 seconds
[2024-10-28T13:31:40.979+0000] {processor.py:186} INFO - Started process (PID=931) to work on /home/airflow/.local/lib/python3.12/site-packages/airflow/example_dags/example_python_operator.py
[2024-10-28T13:31:40.980+0000] {processor.py:914} INFO - Processing file /home/airflow/.local/lib/python3.12/site-packages/airflow/example_dags/example_python_operator.py for tasks to queue
[2024-10-28T13:31:40.982+0000] {logging_mixin.py:190} INFO - [2024-10-28T13:31:40.982+0000] {dagbag.py:588} INFO - Filling up the DagBag from /home/airflow/.local/lib/python3.12/site-packages/airflow/example_dags/example_python_operator.py
[2024-10-28T13:31:40.991+0000] {processor.py:925} INFO - DAG(s) 'example_python_operator' retrieved from /home/airflow/.local/lib/python3.12/site-packages/airflow/example_dags/example_python_operator.py
[2024-10-28T13:31:41.006+0000] {logging_mixin.py:190} INFO - [2024-10-28T13:31:41.006+0000] {dag.py:3239} INFO - Sync 1 DAGs
[2024-10-28T13:31:41.016+0000] {logging_mixin.py:190} INFO - [2024-10-28T13:31:41.016+0000] {dag.py:4180} INFO - Setting next_dagrun for example_python_operator to None, run_after=None
[2024-10-28T13:31:41.030+0000] {processor.py:208} INFO - Processing /home/airflow/.local/lib/python3.12/site-packages/airflow/example_dags/example_python_operator.py took 0.055 seconds
[2024-10-28T13:32:11.697+0000] {processor.py:186} INFO - Started process (PID=994) to work on /home/airflow/.local/lib/python3.12/site-packages/airflow/example_dags/example_python_operator.py
[2024-10-28T13:32:11.698+0000] {processor.py:914} INFO - Processing file /home/airflow/.local/lib/python3.12/site-packages/airflow/example_dags/example_python_operator.py for tasks to queue
[2024-10-28T13:32:11.700+0000] {logging_mixin.py:190} INFO - [2024-10-28T13:32:11.699+0000] {dagbag.py:588} INFO - Filling up the DagBag from /home/airflow/.local/lib/python3.12/site-packages/airflow/example_dags/example_python_operator.py
[2024-10-28T13:32:11.709+0000] {processor.py:925} INFO - DAG(s) 'example_python_operator' retrieved from /home/airflow/.local/lib/python3.12/site-packages/airflow/example_dags/example_python_operator.py
[2024-10-28T13:32:11.723+0000] {logging_mixin.py:190} INFO - [2024-10-28T13:32:11.723+0000] {dag.py:3239} INFO - Sync 1 DAGs
[2024-10-28T13:32:11.733+0000] {logging_mixin.py:190} INFO - [2024-10-28T13:32:11.733+0000] {dag.py:4180} INFO - Setting next_dagrun for example_python_operator to None, run_after=None
[2024-10-28T13:32:11.746+0000] {processor.py:208} INFO - Processing /home/airflow/.local/lib/python3.12/site-packages/airflow/example_dags/example_python_operator.py took 0.054 seconds
[2024-10-28T13:32:41.861+0000] {processor.py:186} INFO - Started process (PID=1057) to work on /home/airflow/.local/lib/python3.12/site-packages/airflow/example_dags/example_python_operator.py
[2024-10-28T13:32:41.862+0000] {processor.py:914} INFO - Processing file /home/airflow/.local/lib/python3.12/site-packages/airflow/example_dags/example_python_operator.py for tasks to queue
[2024-10-28T13:32:41.865+0000] {logging_mixin.py:190} INFO - [2024-10-28T13:32:41.865+0000] {dagbag.py:588} INFO - Filling up the DagBag from /home/airflow/.local/lib/python3.12/site-packages/airflow/example_dags/example_python_operator.py
[2024-10-28T13:32:41.873+0000] {processor.py:925} INFO - DAG(s) 'example_python_operator' retrieved from /home/airflow/.local/lib/python3.12/site-packages/airflow/example_dags/example_python_operator.py
[2024-10-28T13:32:41.890+0000] {logging_mixin.py:190} INFO - [2024-10-28T13:32:41.890+0000] {dag.py:3239} INFO - Sync 1 DAGs
[2024-10-28T13:32:41.901+0000] {logging_mixin.py:190} INFO - [2024-10-28T13:32:41.901+0000] {dag.py:4180} INFO - Setting next_dagrun for example_python_operator to None, run_after=None
[2024-10-28T13:32:41.915+0000] {processor.py:208} INFO - Processing /home/airflow/.local/lib/python3.12/site-packages/airflow/example_dags/example_python_operator.py took 0.058 seconds
[2024-10-28T13:33:12.419+0000] {processor.py:186} INFO - Started process (PID=1120) to work on /home/airflow/.local/lib/python3.12/site-packages/airflow/example_dags/example_python_operator.py
[2024-10-28T13:33:12.422+0000] {processor.py:914} INFO - Processing file /home/airflow/.local/lib/python3.12/site-packages/airflow/example_dags/example_python_operator.py for tasks to queue
[2024-10-28T13:33:12.426+0000] {logging_mixin.py:190} INFO - [2024-10-28T13:33:12.425+0000] {dagbag.py:588} INFO - Filling up the DagBag from /home/airflow/.local/lib/python3.12/site-packages/airflow/example_dags/example_python_operator.py
[2024-10-28T13:33:12.435+0000] {processor.py:925} INFO - DAG(s) 'example_python_operator' retrieved from /home/airflow/.local/lib/python3.12/site-packages/airflow/example_dags/example_python_operator.py
[2024-10-28T13:33:12.453+0000] {logging_mixin.py:190} INFO - [2024-10-28T13:33:12.452+0000] {dag.py:3239} INFO - Sync 1 DAGs
[2024-10-28T13:33:12.462+0000] {logging_mixin.py:190} INFO - [2024-10-28T13:33:12.462+0000] {dag.py:4180} INFO - Setting next_dagrun for example_python_operator to None, run_after=None
[2024-10-28T13:33:12.476+0000] {processor.py:208} INFO - Processing /home/airflow/.local/lib/python3.12/site-packages/airflow/example_dags/example_python_operator.py took 0.061 seconds
[2024-10-28T13:33:43.506+0000] {processor.py:186} INFO - Started process (PID=1183) to work on /home/airflow/.local/lib/python3.12/site-packages/airflow/example_dags/example_python_operator.py
[2024-10-28T13:33:43.507+0000] {processor.py:914} INFO - Processing file /home/airflow/.local/lib/python3.12/site-packages/airflow/example_dags/example_python_operator.py for tasks to queue
[2024-10-28T13:33:43.511+0000] {logging_mixin.py:190} INFO - [2024-10-28T13:33:43.510+0000] {dagbag.py:588} INFO - Filling up the DagBag from /home/airflow/.local/lib/python3.12/site-packages/airflow/example_dags/example_python_operator.py
[2024-10-28T13:33:43.520+0000] {processor.py:925} INFO - DAG(s) 'example_python_operator' retrieved from /home/airflow/.local/lib/python3.12/site-packages/airflow/example_dags/example_python_operator.py
[2024-10-28T13:33:43.537+0000] {logging_mixin.py:190} INFO - [2024-10-28T13:33:43.537+0000] {dag.py:3239} INFO - Sync 1 DAGs
[2024-10-28T13:33:43.548+0000] {logging_mixin.py:190} INFO - [2024-10-28T13:33:43.548+0000] {dag.py:4180} INFO - Setting next_dagrun for example_python_operator to None, run_after=None
[2024-10-28T13:33:43.565+0000] {processor.py:208} INFO - Processing /home/airflow/.local/lib/python3.12/site-packages/airflow/example_dags/example_python_operator.py took 0.063 seconds
[2024-10-28T13:34:14.263+0000] {processor.py:186} INFO - Started process (PID=1246) to work on /home/airflow/.local/lib/python3.12/site-packages/airflow/example_dags/example_python_operator.py
[2024-10-28T13:34:14.266+0000] {processor.py:914} INFO - Processing file /home/airflow/.local/lib/python3.12/site-packages/airflow/example_dags/example_python_operator.py for tasks to queue
[2024-10-28T13:34:14.271+0000] {logging_mixin.py:190} INFO - [2024-10-28T13:34:14.270+0000] {dagbag.py:588} INFO - Filling up the DagBag from /home/airflow/.local/lib/python3.12/site-packages/airflow/example_dags/example_python_operator.py
[2024-10-28T13:34:14.282+0000] {processor.py:925} INFO - DAG(s) 'example_python_operator' retrieved from /home/airflow/.local/lib/python3.12/site-packages/airflow/example_dags/example_python_operator.py
[2024-10-28T13:34:14.301+0000] {logging_mixin.py:190} INFO - [2024-10-28T13:34:14.301+0000] {dag.py:3239} INFO - Sync 1 DAGs
[2024-10-28T13:34:14.313+0000] {logging_mixin.py:190} INFO - [2024-10-28T13:34:14.312+0000] {dag.py:4180} INFO - Setting next_dagrun for example_python_operator to None, run_after=None
[2024-10-28T13:34:14.331+0000] {processor.py:208} INFO - Processing /home/airflow/.local/lib/python3.12/site-packages/airflow/example_dags/example_python_operator.py took 0.075 seconds
[2024-10-28T13:34:44.877+0000] {processor.py:186} INFO - Started process (PID=1309) to work on /home/airflow/.local/lib/python3.12/site-packages/airflow/example_dags/example_python_operator.py
[2024-10-28T13:34:44.881+0000] {processor.py:914} INFO - Processing file /home/airflow/.local/lib/python3.12/site-packages/airflow/example_dags/example_python_operator.py for tasks to queue
[2024-10-28T13:34:44.883+0000] {logging_mixin.py:190} INFO - [2024-10-28T13:34:44.883+0000] {dagbag.py:588} INFO - Filling up the DagBag from /home/airflow/.local/lib/python3.12/site-packages/airflow/example_dags/example_python_operator.py
[2024-10-28T13:34:44.893+0000] {processor.py:925} INFO - DAG(s) 'example_python_operator' retrieved from /home/airflow/.local/lib/python3.12/site-packages/airflow/example_dags/example_python_operator.py
[2024-10-28T13:34:44.910+0000] {logging_mixin.py:190} INFO - [2024-10-28T13:34:44.910+0000] {dag.py:3239} INFO - Sync 1 DAGs
[2024-10-28T13:34:44.922+0000] {logging_mixin.py:190} INFO - [2024-10-28T13:34:44.922+0000] {dag.py:4180} INFO - Setting next_dagrun for example_python_operator to None, run_after=None
[2024-10-28T13:34:44.940+0000] {processor.py:208} INFO - Processing /home/airflow/.local/lib/python3.12/site-packages/airflow/example_dags/example_python_operator.py took 0.067 seconds
[2024-10-28T13:35:16.390+0000] {processor.py:186} INFO - Started process (PID=1372) to work on /home/airflow/.local/lib/python3.12/site-packages/airflow/example_dags/example_python_operator.py
[2024-10-28T13:35:16.393+0000] {processor.py:914} INFO - Processing file /home/airflow/.local/lib/python3.12/site-packages/airflow/example_dags/example_python_operator.py for tasks to queue
[2024-10-28T13:35:16.395+0000] {logging_mixin.py:190} INFO - [2024-10-28T13:35:16.395+0000] {dagbag.py:588} INFO - Filling up the DagBag from /home/airflow/.local/lib/python3.12/site-packages/airflow/example_dags/example_python_operator.py
[2024-10-28T13:35:16.441+0000] {processor.py:925} INFO - DAG(s) 'example_python_operator' retrieved from /home/airflow/.local/lib/python3.12/site-packages/airflow/example_dags/example_python_operator.py
[2024-10-28T13:35:16.458+0000] {logging_mixin.py:190} INFO - [2024-10-28T13:35:16.458+0000] {dag.py:3239} INFO - Sync 1 DAGs
[2024-10-28T13:35:16.471+0000] {logging_mixin.py:190} INFO - [2024-10-28T13:35:16.471+0000] {dag.py:4180} INFO - Setting next_dagrun for example_python_operator to None, run_after=None
[2024-10-28T13:35:16.503+0000] {processor.py:208} INFO - Processing /home/airflow/.local/lib/python3.12/site-packages/airflow/example_dags/example_python_operator.py took 0.121 seconds
[2024-10-28T13:35:47.081+0000] {processor.py:186} INFO - Started process (PID=1435) to work on /home/airflow/.local/lib/python3.12/site-packages/airflow/example_dags/example_python_operator.py
[2024-10-28T13:35:47.084+0000] {processor.py:914} INFO - Processing file /home/airflow/.local/lib/python3.12/site-packages/airflow/example_dags/example_python_operator.py for tasks to queue
[2024-10-28T13:35:47.087+0000] {logging_mixin.py:190} INFO - [2024-10-28T13:35:47.087+0000] {dagbag.py:588} INFO - Filling up the DagBag from /home/airflow/.local/lib/python3.12/site-packages/airflow/example_dags/example_python_operator.py
[2024-10-28T13:35:47.095+0000] {processor.py:925} INFO - DAG(s) 'example_python_operator' retrieved from /home/airflow/.local/lib/python3.12/site-packages/airflow/example_dags/example_python_operator.py
[2024-10-28T13:35:47.114+0000] {logging_mixin.py:190} INFO - [2024-10-28T13:35:47.114+0000] {dag.py:3239} INFO - Sync 1 DAGs
[2024-10-28T13:35:47.128+0000] {logging_mixin.py:190} INFO - [2024-10-28T13:35:47.128+0000] {dag.py:4180} INFO - Setting next_dagrun for example_python_operator to None, run_after=None
[2024-10-28T13:35:47.145+0000] {processor.py:208} INFO - Processing /home/airflow/.local/lib/python3.12/site-packages/airflow/example_dags/example_python_operator.py took 0.070 seconds
[2024-10-28T13:36:17.805+0000] {processor.py:186} INFO - Started process (PID=1498) to work on /home/airflow/.local/lib/python3.12/site-packages/airflow/example_dags/example_python_operator.py
[2024-10-28T13:36:17.806+0000] {processor.py:914} INFO - Processing file /home/airflow/.local/lib/python3.12/site-packages/airflow/example_dags/example_python_operator.py for tasks to queue
[2024-10-28T13:36:17.807+0000] {logging_mixin.py:190} INFO - [2024-10-28T13:36:17.807+0000] {dagbag.py:588} INFO - Filling up the DagBag from /home/airflow/.local/lib/python3.12/site-packages/airflow/example_dags/example_python_operator.py
[2024-10-28T13:36:17.816+0000] {processor.py:925} INFO - DAG(s) 'example_python_operator' retrieved from /home/airflow/.local/lib/python3.12/site-packages/airflow/example_dags/example_python_operator.py
[2024-10-28T13:36:17.832+0000] {logging_mixin.py:190} INFO - [2024-10-28T13:36:17.832+0000] {dag.py:3239} INFO - Sync 1 DAGs
[2024-10-28T13:36:17.842+0000] {logging_mixin.py:190} INFO - [2024-10-28T13:36:17.842+0000] {dag.py:4180} INFO - Setting next_dagrun for example_python_operator to None, run_after=None
[2024-10-28T13:36:17.860+0000] {processor.py:208} INFO - Processing /home/airflow/.local/lib/python3.12/site-packages/airflow/example_dags/example_python_operator.py took 0.060 seconds
[2024-10-28T13:36:47.958+0000] {processor.py:186} INFO - Started process (PID=1561) to work on /home/airflow/.local/lib/python3.12/site-packages/airflow/example_dags/example_python_operator.py
[2024-10-28T13:36:47.959+0000] {processor.py:914} INFO - Processing file /home/airflow/.local/lib/python3.12/site-packages/airflow/example_dags/example_python_operator.py for tasks to queue
[2024-10-28T13:36:47.961+0000] {logging_mixin.py:190} INFO - [2024-10-28T13:36:47.961+0000] {dagbag.py:588} INFO - Filling up the DagBag from /home/airflow/.local/lib/python3.12/site-packages/airflow/example_dags/example_python_operator.py
[2024-10-28T13:36:47.970+0000] {processor.py:925} INFO - DAG(s) 'example_python_operator' retrieved from /home/airflow/.local/lib/python3.12/site-packages/airflow/example_dags/example_python_operator.py
[2024-10-28T13:36:47.985+0000] {logging_mixin.py:190} INFO - [2024-10-28T13:36:47.985+0000] {dag.py:3239} INFO - Sync 1 DAGs
[2024-10-28T13:36:47.994+0000] {logging_mixin.py:190} INFO - [2024-10-28T13:36:47.994+0000] {dag.py:4180} INFO - Setting next_dagrun for example_python_operator to None, run_after=None
[2024-10-28T13:36:48.008+0000] {processor.py:208} INFO - Processing /home/airflow/.local/lib/python3.12/site-packages/airflow/example_dags/example_python_operator.py took 0.055 seconds
[2024-10-28T13:37:18.570+0000] {processor.py:186} INFO - Started process (PID=1624) to work on /home/airflow/.local/lib/python3.12/site-packages/airflow/example_dags/example_python_operator.py
[2024-10-28T13:37:18.571+0000] {processor.py:914} INFO - Processing file /home/airflow/.local/lib/python3.12/site-packages/airflow/example_dags/example_python_operator.py for tasks to queue
[2024-10-28T13:37:18.573+0000] {logging_mixin.py:190} INFO - [2024-10-28T13:37:18.573+0000] {dagbag.py:588} INFO - Filling up the DagBag from /home/airflow/.local/lib/python3.12/site-packages/airflow/example_dags/example_python_operator.py
[2024-10-28T13:37:18.583+0000] {processor.py:925} INFO - DAG(s) 'example_python_operator' retrieved from /home/airflow/.local/lib/python3.12/site-packages/airflow/example_dags/example_python_operator.py
[2024-10-28T13:37:18.597+0000] {logging_mixin.py:190} INFO - [2024-10-28T13:37:18.597+0000] {dag.py:3239} INFO - Sync 1 DAGs
[2024-10-28T13:37:18.607+0000] {logging_mixin.py:190} INFO - [2024-10-28T13:37:18.606+0000] {dag.py:4180} INFO - Setting next_dagrun for example_python_operator to None, run_after=None
[2024-10-28T13:37:18.621+0000] {processor.py:208} INFO - Processing /home/airflow/.local/lib/python3.12/site-packages/airflow/example_dags/example_python_operator.py took 0.054 seconds
[2024-10-28T13:37:49.059+0000] {processor.py:186} INFO - Started process (PID=1686) to work on /home/airflow/.local/lib/python3.12/site-packages/airflow/example_dags/example_python_operator.py
[2024-10-28T13:37:49.060+0000] {processor.py:914} INFO - Processing file /home/airflow/.local/lib/python3.12/site-packages/airflow/example_dags/example_python_operator.py for tasks to queue
[2024-10-28T13:37:49.062+0000] {logging_mixin.py:190} INFO - [2024-10-28T13:37:49.062+0000] {dagbag.py:588} INFO - Filling up the DagBag from /home/airflow/.local/lib/python3.12/site-packages/airflow/example_dags/example_python_operator.py
[2024-10-28T13:37:49.071+0000] {processor.py:925} INFO - DAG(s) 'example_python_operator' retrieved from /home/airflow/.local/lib/python3.12/site-packages/airflow/example_dags/example_python_operator.py
[2024-10-28T13:37:49.087+0000] {logging_mixin.py:190} INFO - [2024-10-28T13:37:49.087+0000] {dag.py:3239} INFO - Sync 1 DAGs
[2024-10-28T13:37:49.098+0000] {logging_mixin.py:190} INFO - [2024-10-28T13:37:49.098+0000] {dag.py:4180} INFO - Setting next_dagrun for example_python_operator to None, run_after=None
[2024-10-28T13:37:49.114+0000] {processor.py:208} INFO - Processing /home/airflow/.local/lib/python3.12/site-packages/airflow/example_dags/example_python_operator.py took 0.061 seconds
[2024-10-28T13:38:19.397+0000] {processor.py:186} INFO - Started process (PID=1750) to work on /home/airflow/.local/lib/python3.12/site-packages/airflow/example_dags/example_python_operator.py
[2024-10-28T13:38:19.398+0000] {processor.py:914} INFO - Processing file /home/airflow/.local/lib/python3.12/site-packages/airflow/example_dags/example_python_operator.py for tasks to queue
[2024-10-28T13:38:19.400+0000] {logging_mixin.py:190} INFO - [2024-10-28T13:38:19.400+0000] {dagbag.py:588} INFO - Filling up the DagBag from /home/airflow/.local/lib/python3.12/site-packages/airflow/example_dags/example_python_operator.py
[2024-10-28T13:38:19.408+0000] {processor.py:925} INFO - DAG(s) 'example_python_operator' retrieved from /home/airflow/.local/lib/python3.12/site-packages/airflow/example_dags/example_python_operator.py
[2024-10-28T13:38:19.424+0000] {logging_mixin.py:190} INFO - [2024-10-28T13:38:19.424+0000] {dag.py:3239} INFO - Sync 1 DAGs
[2024-10-28T13:38:19.434+0000] {logging_mixin.py:190} INFO - [2024-10-28T13:38:19.434+0000] {dag.py:4180} INFO - Setting next_dagrun for example_python_operator to None, run_after=None
[2024-10-28T13:38:19.448+0000] {processor.py:208} INFO - Processing /home/airflow/.local/lib/python3.12/site-packages/airflow/example_dags/example_python_operator.py took 0.056 seconds
[2024-10-28T13:38:50.069+0000] {processor.py:186} INFO - Started process (PID=1813) to work on /home/airflow/.local/lib/python3.12/site-packages/airflow/example_dags/example_python_operator.py
[2024-10-28T13:38:50.070+0000] {processor.py:914} INFO - Processing file /home/airflow/.local/lib/python3.12/site-packages/airflow/example_dags/example_python_operator.py for tasks to queue
[2024-10-28T13:38:50.072+0000] {logging_mixin.py:190} INFO - [2024-10-28T13:38:50.072+0000] {dagbag.py:588} INFO - Filling up the DagBag from /home/airflow/.local/lib/python3.12/site-packages/airflow/example_dags/example_python_operator.py
[2024-10-28T13:38:50.082+0000] {processor.py:925} INFO - DAG(s) 'example_python_operator' retrieved from /home/airflow/.local/lib/python3.12/site-packages/airflow/example_dags/example_python_operator.py
[2024-10-28T13:38:50.100+0000] {logging_mixin.py:190} INFO - [2024-10-28T13:38:50.099+0000] {dag.py:3239} INFO - Sync 1 DAGs
[2024-10-28T13:38:50.111+0000] {logging_mixin.py:190} INFO - [2024-10-28T13:38:50.110+0000] {dag.py:4180} INFO - Setting next_dagrun for example_python_operator to None, run_after=None
[2024-10-28T13:38:50.134+0000] {processor.py:208} INFO - Processing /home/airflow/.local/lib/python3.12/site-packages/airflow/example_dags/example_python_operator.py took 0.069 seconds
[2024-10-28T13:39:20.554+0000] {processor.py:186} INFO - Started process (PID=1876) to work on /home/airflow/.local/lib/python3.12/site-packages/airflow/example_dags/example_python_operator.py
[2024-10-28T13:39:20.555+0000] {processor.py:914} INFO - Processing file /home/airflow/.local/lib/python3.12/site-packages/airflow/example_dags/example_python_operator.py for tasks to queue
[2024-10-28T13:39:20.557+0000] {logging_mixin.py:190} INFO - [2024-10-28T13:39:20.557+0000] {dagbag.py:588} INFO - Filling up the DagBag from /home/airflow/.local/lib/python3.12/site-packages/airflow/example_dags/example_python_operator.py
[2024-10-28T13:39:20.566+0000] {processor.py:925} INFO - DAG(s) 'example_python_operator' retrieved from /home/airflow/.local/lib/python3.12/site-packages/airflow/example_dags/example_python_operator.py
[2024-10-28T13:39:20.583+0000] {logging_mixin.py:190} INFO - [2024-10-28T13:39:20.583+0000] {dag.py:3239} INFO - Sync 1 DAGs
[2024-10-28T13:39:20.594+0000] {logging_mixin.py:190} INFO - [2024-10-28T13:39:20.594+0000] {dag.py:4180} INFO - Setting next_dagrun for example_python_operator to None, run_after=None
[2024-10-28T13:39:20.610+0000] {processor.py:208} INFO - Processing /home/airflow/.local/lib/python3.12/site-packages/airflow/example_dags/example_python_operator.py took 0.060 seconds
[2024-10-28T13:39:51.508+0000] {processor.py:186} INFO - Started process (PID=1939) to work on /home/airflow/.local/lib/python3.12/site-packages/airflow/example_dags/example_python_operator.py
[2024-10-28T13:39:51.509+0000] {processor.py:914} INFO - Processing file /home/airflow/.local/lib/python3.12/site-packages/airflow/example_dags/example_python_operator.py for tasks to queue
[2024-10-28T13:39:51.511+0000] {logging_mixin.py:190} INFO - [2024-10-28T13:39:51.511+0000] {dagbag.py:588} INFO - Filling up the DagBag from /home/airflow/.local/lib/python3.12/site-packages/airflow/example_dags/example_python_operator.py
[2024-10-28T13:39:51.520+0000] {processor.py:925} INFO - DAG(s) 'example_python_operator' retrieved from /home/airflow/.local/lib/python3.12/site-packages/airflow/example_dags/example_python_operator.py
[2024-10-28T13:39:51.538+0000] {logging_mixin.py:190} INFO - [2024-10-28T13:39:51.537+0000] {dag.py:3239} INFO - Sync 1 DAGs
[2024-10-28T13:39:51.549+0000] {logging_mixin.py:190} INFO - [2024-10-28T13:39:51.549+0000] {dag.py:4180} INFO - Setting next_dagrun for example_python_operator to None, run_after=None
[2024-10-28T13:39:51.565+0000] {processor.py:208} INFO - Processing /home/airflow/.local/lib/python3.12/site-packages/airflow/example_dags/example_python_operator.py took 0.062 seconds
[2024-10-28T13:40:21.840+0000] {processor.py:186} INFO - Started process (PID=2002) to work on /home/airflow/.local/lib/python3.12/site-packages/airflow/example_dags/example_python_operator.py
[2024-10-28T13:40:21.841+0000] {processor.py:914} INFO - Processing file /home/airflow/.local/lib/python3.12/site-packages/airflow/example_dags/example_python_operator.py for tasks to queue
[2024-10-28T13:40:21.846+0000] {logging_mixin.py:190} INFO - [2024-10-28T13:40:21.845+0000] {dagbag.py:588} INFO - Filling up the DagBag from /home/airflow/.local/lib/python3.12/site-packages/airflow/example_dags/example_python_operator.py
[2024-10-28T13:40:21.858+0000] {processor.py:925} INFO - DAG(s) 'example_python_operator' retrieved from /home/airflow/.local/lib/python3.12/site-packages/airflow/example_dags/example_python_operator.py
[2024-10-28T13:40:21.873+0000] {logging_mixin.py:190} INFO - [2024-10-28T13:40:21.873+0000] {dag.py:3239} INFO - Sync 1 DAGs
[2024-10-28T13:40:21.885+0000] {logging_mixin.py:190} INFO - [2024-10-28T13:40:21.885+0000] {dag.py:4180} INFO - Setting next_dagrun for example_python_operator to None, run_after=None
[2024-10-28T13:40:21.902+0000] {processor.py:208} INFO - Processing /home/airflow/.local/lib/python3.12/site-packages/airflow/example_dags/example_python_operator.py took 0.067 seconds
[2024-10-28T13:40:52.510+0000] {processor.py:186} INFO - Started process (PID=2065) to work on /home/airflow/.local/lib/python3.12/site-packages/airflow/example_dags/example_python_operator.py
[2024-10-28T13:40:52.512+0000] {processor.py:914} INFO - Processing file /home/airflow/.local/lib/python3.12/site-packages/airflow/example_dags/example_python_operator.py for tasks to queue
[2024-10-28T13:40:52.513+0000] {logging_mixin.py:190} INFO - [2024-10-28T13:40:52.513+0000] {dagbag.py:588} INFO - Filling up the DagBag from /home/airflow/.local/lib/python3.12/site-packages/airflow/example_dags/example_python_operator.py
[2024-10-28T13:40:52.523+0000] {processor.py:925} INFO - DAG(s) 'example_python_operator' retrieved from /home/airflow/.local/lib/python3.12/site-packages/airflow/example_dags/example_python_operator.py
[2024-10-28T13:40:52.539+0000] {logging_mixin.py:190} INFO - [2024-10-28T13:40:52.538+0000] {dag.py:3239} INFO - Sync 1 DAGs
[2024-10-28T13:40:52.549+0000] {logging_mixin.py:190} INFO - [2024-10-28T13:40:52.549+0000] {dag.py:4180} INFO - Setting next_dagrun for example_python_operator to None, run_after=None
[2024-10-28T13:40:52.566+0000] {processor.py:208} INFO - Processing /home/airflow/.local/lib/python3.12/site-packages/airflow/example_dags/example_python_operator.py took 0.060 seconds
[2024-10-28T13:41:22.862+0000] {processor.py:186} INFO - Started process (PID=2128) to work on /home/airflow/.local/lib/python3.12/site-packages/airflow/example_dags/example_python_operator.py
[2024-10-28T13:41:22.863+0000] {processor.py:914} INFO - Processing file /home/airflow/.local/lib/python3.12/site-packages/airflow/example_dags/example_python_operator.py for tasks to queue
[2024-10-28T13:41:22.866+0000] {logging_mixin.py:190} INFO - [2024-10-28T13:41:22.866+0000] {dagbag.py:588} INFO - Filling up the DagBag from /home/airflow/.local/lib/python3.12/site-packages/airflow/example_dags/example_python_operator.py
[2024-10-28T13:41:22.876+0000] {processor.py:925} INFO - DAG(s) 'example_python_operator' retrieved from /home/airflow/.local/lib/python3.12/site-packages/airflow/example_dags/example_python_operator.py
[2024-10-28T13:41:22.895+0000] {logging_mixin.py:190} INFO - [2024-10-28T13:41:22.895+0000] {dag.py:3239} INFO - Sync 1 DAGs
[2024-10-28T13:41:22.909+0000] {logging_mixin.py:190} INFO - [2024-10-28T13:41:22.908+0000] {dag.py:4180} INFO - Setting next_dagrun for example_python_operator to None, run_after=None
[2024-10-28T13:41:22.927+0000] {processor.py:208} INFO - Processing /home/airflow/.local/lib/python3.12/site-packages/airflow/example_dags/example_python_operator.py took 0.069 seconds
[2024-10-28T13:41:53.743+0000] {processor.py:186} INFO - Started process (PID=2191) to work on /home/airflow/.local/lib/python3.12/site-packages/airflow/example_dags/example_python_operator.py
[2024-10-28T13:41:53.745+0000] {processor.py:914} INFO - Processing file /home/airflow/.local/lib/python3.12/site-packages/airflow/example_dags/example_python_operator.py for tasks to queue
[2024-10-28T13:41:53.747+0000] {logging_mixin.py:190} INFO - [2024-10-28T13:41:53.747+0000] {dagbag.py:588} INFO - Filling up the DagBag from /home/airflow/.local/lib/python3.12/site-packages/airflow/example_dags/example_python_operator.py
[2024-10-28T13:41:53.760+0000] {processor.py:925} INFO - DAG(s) 'example_python_operator' retrieved from /home/airflow/.local/lib/python3.12/site-packages/airflow/example_dags/example_python_operator.py
[2024-10-28T13:41:53.777+0000] {logging_mixin.py:190} INFO - [2024-10-28T13:41:53.776+0000] {dag.py:3239} INFO - Sync 1 DAGs
[2024-10-28T13:41:53.787+0000] {logging_mixin.py:190} INFO - [2024-10-28T13:41:53.787+0000] {dag.py:4180} INFO - Setting next_dagrun for example_python_operator to None, run_after=None
[2024-10-28T13:41:53.805+0000] {processor.py:208} INFO - Processing /home/airflow/.local/lib/python3.12/site-packages/airflow/example_dags/example_python_operator.py took 0.069 seconds
[2024-10-28T13:42:24.317+0000] {processor.py:186} INFO - Started process (PID=2254) to work on /home/airflow/.local/lib/python3.12/site-packages/airflow/example_dags/example_python_operator.py
[2024-10-28T13:42:24.318+0000] {processor.py:914} INFO - Processing file /home/airflow/.local/lib/python3.12/site-packages/airflow/example_dags/example_python_operator.py for tasks to queue
[2024-10-28T13:42:24.319+0000] {logging_mixin.py:190} INFO - [2024-10-28T13:42:24.319+0000] {dagbag.py:588} INFO - Filling up the DagBag from /home/airflow/.local/lib/python3.12/site-packages/airflow/example_dags/example_python_operator.py
[2024-10-28T13:42:24.328+0000] {processor.py:925} INFO - DAG(s) 'example_python_operator' retrieved from /home/airflow/.local/lib/python3.12/site-packages/airflow/example_dags/example_python_operator.py
[2024-10-28T13:42:24.343+0000] {logging_mixin.py:190} INFO - [2024-10-28T13:42:24.343+0000] {dag.py:3239} INFO - Sync 1 DAGs
[2024-10-28T13:42:24.354+0000] {logging_mixin.py:190} INFO - [2024-10-28T13:42:24.354+0000] {dag.py:4180} INFO - Setting next_dagrun for example_python_operator to None, run_after=None
[2024-10-28T13:42:24.367+0000] {processor.py:208} INFO - Processing /home/airflow/.local/lib/python3.12/site-packages/airflow/example_dags/example_python_operator.py took 0.055 seconds
[2024-10-28T13:42:55.575+0000] {processor.py:186} INFO - Started process (PID=2316) to work on /home/airflow/.local/lib/python3.12/site-packages/airflow/example_dags/example_python_operator.py
[2024-10-28T13:42:55.576+0000] {processor.py:914} INFO - Processing file /home/airflow/.local/lib/python3.12/site-packages/airflow/example_dags/example_python_operator.py for tasks to queue
[2024-10-28T13:42:55.578+0000] {logging_mixin.py:190} INFO - [2024-10-28T13:42:55.577+0000] {dagbag.py:588} INFO - Filling up the DagBag from /home/airflow/.local/lib/python3.12/site-packages/airflow/example_dags/example_python_operator.py
[2024-10-28T13:42:55.589+0000] {processor.py:925} INFO - DAG(s) 'example_python_operator' retrieved from /home/airflow/.local/lib/python3.12/site-packages/airflow/example_dags/example_python_operator.py
[2024-10-28T13:42:55.608+0000] {logging_mixin.py:190} INFO - [2024-10-28T13:42:55.608+0000] {dag.py:3239} INFO - Sync 1 DAGs
[2024-10-28T13:42:55.620+0000] {logging_mixin.py:190} INFO - [2024-10-28T13:42:55.620+0000] {dag.py:4180} INFO - Setting next_dagrun for example_python_operator to None, run_after=None
[2024-10-28T13:42:55.637+0000] {processor.py:208} INFO - Processing /home/airflow/.local/lib/python3.12/site-packages/airflow/example_dags/example_python_operator.py took 0.068 seconds
[2024-10-28T13:43:26.147+0000] {processor.py:186} INFO - Started process (PID=2378) to work on /home/airflow/.local/lib/python3.12/site-packages/airflow/example_dags/example_python_operator.py
[2024-10-28T13:43:26.147+0000] {processor.py:914} INFO - Processing file /home/airflow/.local/lib/python3.12/site-packages/airflow/example_dags/example_python_operator.py for tasks to queue
[2024-10-28T13:43:26.148+0000] {logging_mixin.py:190} INFO - [2024-10-28T13:43:26.148+0000] {dagbag.py:588} INFO - Filling up the DagBag from /home/airflow/.local/lib/python3.12/site-packages/airflow/example_dags/example_python_operator.py
[2024-10-28T13:43:26.158+0000] {processor.py:925} INFO - DAG(s) 'example_python_operator' retrieved from /home/airflow/.local/lib/python3.12/site-packages/airflow/example_dags/example_python_operator.py
[2024-10-28T13:43:26.174+0000] {logging_mixin.py:190} INFO - [2024-10-28T13:43:26.174+0000] {dag.py:3239} INFO - Sync 1 DAGs
[2024-10-28T13:43:26.185+0000] {logging_mixin.py:190} INFO - [2024-10-28T13:43:26.185+0000] {dag.py:4180} INFO - Setting next_dagrun for example_python_operator to None, run_after=None
[2024-10-28T13:43:26.199+0000] {processor.py:208} INFO - Processing /home/airflow/.local/lib/python3.12/site-packages/airflow/example_dags/example_python_operator.py took 0.057 seconds
[2024-10-28T13:43:57.076+0000] {processor.py:186} INFO - Started process (PID=2440) to work on /home/airflow/.local/lib/python3.12/site-packages/airflow/example_dags/example_python_operator.py
[2024-10-28T13:43:57.077+0000] {processor.py:914} INFO - Processing file /home/airflow/.local/lib/python3.12/site-packages/airflow/example_dags/example_python_operator.py for tasks to queue
[2024-10-28T13:43:57.078+0000] {logging_mixin.py:190} INFO - [2024-10-28T13:43:57.078+0000] {dagbag.py:588} INFO - Filling up the DagBag from /home/airflow/.local/lib/python3.12/site-packages/airflow/example_dags/example_python_operator.py
[2024-10-28T13:43:57.087+0000] {processor.py:925} INFO - DAG(s) 'example_python_operator' retrieved from /home/airflow/.local/lib/python3.12/site-packages/airflow/example_dags/example_python_operator.py
[2024-10-28T13:43:57.102+0000] {logging_mixin.py:190} INFO - [2024-10-28T13:43:57.102+0000] {dag.py:3239} INFO - Sync 1 DAGs
[2024-10-28T13:43:57.112+0000] {logging_mixin.py:190} INFO - [2024-10-28T13:43:57.112+0000] {dag.py:4180} INFO - Setting next_dagrun for example_python_operator to None, run_after=None
[2024-10-28T13:43:57.130+0000] {processor.py:208} INFO - Processing /home/airflow/.local/lib/python3.12/site-packages/airflow/example_dags/example_python_operator.py took 0.058 seconds
