[2024-10-28T13:21:18.759+0000] {processor.py:186} INFO - Started process (PID=101) to work on /home/airflow/.local/lib/python3.12/site-packages/airflow/example_dags/example_task_group.py
[2024-10-28T13:21:18.760+0000] {processor.py:914} INFO - Processing file /home/airflow/.local/lib/python3.12/site-packages/airflow/example_dags/example_task_group.py for tasks to queue
[2024-10-28T13:21:18.763+0000] {logging_mixin.py:190} INFO - [2024-10-28T13:21:18.763+0000] {dagbag.py:588} INFO - Filling up the DagBag from /home/airflow/.local/lib/python3.12/site-packages/airflow/example_dags/example_task_group.py
[2024-10-28T13:21:18.772+0000] {processor.py:925} INFO - DAG(s) 'example_task_group' retrieved from /home/airflow/.local/lib/python3.12/site-packages/airflow/example_dags/example_task_group.py
[2024-10-28T13:21:18.851+0000] {logging_mixin.py:190} INFO - [2024-10-28T13:21:18.850+0000] {override.py:1900} INFO - Created Permission View: can delete on DAG:example_task_group
[2024-10-28T13:21:18.860+0000] {logging_mixin.py:190} INFO - [2024-10-28T13:21:18.860+0000] {override.py:1900} INFO - Created Permission View: can edit on DAG:example_task_group
[2024-10-28T13:21:18.867+0000] {logging_mixin.py:190} INFO - [2024-10-28T13:21:18.867+0000] {override.py:1900} INFO - Created Permission View: can read on DAG:example_task_group
[2024-10-28T13:21:18.881+0000] {logging_mixin.py:190} INFO - [2024-10-28T13:21:18.881+0000] {override.py:1900} INFO - Created Permission View: can create on DAG Run:example_task_group
[2024-10-28T13:21:18.889+0000] {logging_mixin.py:190} INFO - [2024-10-28T13:21:18.888+0000] {override.py:1900} INFO - Created Permission View: menu access on DAG Run:example_task_group
[2024-10-28T13:21:18.895+0000] {logging_mixin.py:190} INFO - [2024-10-28T13:21:18.895+0000] {override.py:1900} INFO - Created Permission View: can read on DAG Run:example_task_group
[2024-10-28T13:21:18.901+0000] {logging_mixin.py:190} INFO - [2024-10-28T13:21:18.901+0000] {override.py:1900} INFO - Created Permission View: can delete on DAG Run:example_task_group
[2024-10-28T13:21:18.902+0000] {logging_mixin.py:190} INFO - [2024-10-28T13:21:18.902+0000] {dag.py:3239} INFO - Sync 1 DAGs
[2024-10-28T13:21:18.910+0000] {logging_mixin.py:190} INFO - [2024-10-28T13:21:18.910+0000] {dag.py:3262} INFO - Creating ORM DAG for example_task_group
[2024-10-28T13:21:18.911+0000] {logging_mixin.py:190} INFO - [2024-10-28T13:21:18.911+0000] {dag.py:4180} INFO - Setting next_dagrun for example_task_group to None, run_after=None
[2024-10-28T13:21:18.925+0000] {processor.py:208} INFO - Processing /home/airflow/.local/lib/python3.12/site-packages/airflow/example_dags/example_task_group.py took 0.171 seconds
[2024-10-28T13:21:49.297+0000] {processor.py:186} INFO - Started process (PID=164) to work on /home/airflow/.local/lib/python3.12/site-packages/airflow/example_dags/example_task_group.py
[2024-10-28T13:21:49.298+0000] {processor.py:914} INFO - Processing file /home/airflow/.local/lib/python3.12/site-packages/airflow/example_dags/example_task_group.py for tasks to queue
[2024-10-28T13:21:49.299+0000] {logging_mixin.py:190} INFO - [2024-10-28T13:21:49.299+0000] {dagbag.py:588} INFO - Filling up the DagBag from /home/airflow/.local/lib/python3.12/site-packages/airflow/example_dags/example_task_group.py
[2024-10-28T13:21:49.306+0000] {processor.py:925} INFO - DAG(s) 'example_task_group' retrieved from /home/airflow/.local/lib/python3.12/site-packages/airflow/example_dags/example_task_group.py
[2024-10-28T13:21:49.320+0000] {logging_mixin.py:190} INFO - [2024-10-28T13:21:49.320+0000] {dag.py:3239} INFO - Sync 1 DAGs
[2024-10-28T13:21:49.332+0000] {logging_mixin.py:190} INFO - [2024-10-28T13:21:49.331+0000] {dag.py:4180} INFO - Setting next_dagrun for example_task_group to None, run_after=None
[2024-10-28T13:21:49.345+0000] {processor.py:208} INFO - Processing /home/airflow/.local/lib/python3.12/site-packages/airflow/example_dags/example_task_group.py took 0.053 seconds
[2024-10-28T13:25:01.573+0000] {processor.py:186} INFO - Started process (PID=95) to work on /home/airflow/.local/lib/python3.12/site-packages/airflow/example_dags/example_task_group.py
[2024-10-28T13:25:01.575+0000] {processor.py:914} INFO - Processing file /home/airflow/.local/lib/python3.12/site-packages/airflow/example_dags/example_task_group.py for tasks to queue
[2024-10-28T13:25:01.578+0000] {logging_mixin.py:190} INFO - [2024-10-28T13:25:01.578+0000] {dagbag.py:588} INFO - Filling up the DagBag from /home/airflow/.local/lib/python3.12/site-packages/airflow/example_dags/example_task_group.py
[2024-10-28T13:25:01.588+0000] {processor.py:925} INFO - DAG(s) 'example_task_group' retrieved from /home/airflow/.local/lib/python3.12/site-packages/airflow/example_dags/example_task_group.py
[2024-10-28T13:25:01.606+0000] {logging_mixin.py:190} INFO - [2024-10-28T13:25:01.606+0000] {dag.py:3239} INFO - Sync 1 DAGs
[2024-10-28T13:25:01.620+0000] {logging_mixin.py:190} INFO - [2024-10-28T13:25:01.619+0000] {dag.py:4180} INFO - Setting next_dagrun for example_task_group to None, run_after=None
[2024-10-28T13:25:01.640+0000] {processor.py:208} INFO - Processing /home/airflow/.local/lib/python3.12/site-packages/airflow/example_dags/example_task_group.py took 0.072 seconds
[2024-10-28T13:25:32.572+0000] {processor.py:186} INFO - Started process (PID=163) to work on /home/airflow/.local/lib/python3.12/site-packages/airflow/example_dags/example_task_group.py
[2024-10-28T13:25:32.573+0000] {processor.py:914} INFO - Processing file /home/airflow/.local/lib/python3.12/site-packages/airflow/example_dags/example_task_group.py for tasks to queue
[2024-10-28T13:25:32.575+0000] {logging_mixin.py:190} INFO - [2024-10-28T13:25:32.575+0000] {dagbag.py:588} INFO - Filling up the DagBag from /home/airflow/.local/lib/python3.12/site-packages/airflow/example_dags/example_task_group.py
[2024-10-28T13:25:32.583+0000] {processor.py:925} INFO - DAG(s) 'example_task_group' retrieved from /home/airflow/.local/lib/python3.12/site-packages/airflow/example_dags/example_task_group.py
[2024-10-28T13:25:32.600+0000] {logging_mixin.py:190} INFO - [2024-10-28T13:25:32.599+0000] {dag.py:3239} INFO - Sync 1 DAGs
[2024-10-28T13:25:32.609+0000] {logging_mixin.py:190} INFO - [2024-10-28T13:25:32.609+0000] {dag.py:4180} INFO - Setting next_dagrun for example_task_group to None, run_after=None
[2024-10-28T13:25:32.625+0000] {processor.py:208} INFO - Processing /home/airflow/.local/lib/python3.12/site-packages/airflow/example_dags/example_task_group.py took 0.057 seconds
[2024-10-28T13:26:03.271+0000] {processor.py:186} INFO - Started process (PID=226) to work on /home/airflow/.local/lib/python3.12/site-packages/airflow/example_dags/example_task_group.py
[2024-10-28T13:26:03.272+0000] {processor.py:914} INFO - Processing file /home/airflow/.local/lib/python3.12/site-packages/airflow/example_dags/example_task_group.py for tasks to queue
[2024-10-28T13:26:03.274+0000] {logging_mixin.py:190} INFO - [2024-10-28T13:26:03.274+0000] {dagbag.py:588} INFO - Filling up the DagBag from /home/airflow/.local/lib/python3.12/site-packages/airflow/example_dags/example_task_group.py
[2024-10-28T13:26:03.280+0000] {processor.py:925} INFO - DAG(s) 'example_task_group' retrieved from /home/airflow/.local/lib/python3.12/site-packages/airflow/example_dags/example_task_group.py
[2024-10-28T13:26:03.296+0000] {logging_mixin.py:190} INFO - [2024-10-28T13:26:03.296+0000] {dag.py:3239} INFO - Sync 1 DAGs
[2024-10-28T13:26:03.307+0000] {logging_mixin.py:190} INFO - [2024-10-28T13:26:03.307+0000] {dag.py:4180} INFO - Setting next_dagrun for example_task_group to None, run_after=None
[2024-10-28T13:26:03.321+0000] {processor.py:208} INFO - Processing /home/airflow/.local/lib/python3.12/site-packages/airflow/example_dags/example_task_group.py took 0.055 seconds
[2024-10-28T13:26:33.635+0000] {processor.py:186} INFO - Started process (PID=289) to work on /home/airflow/.local/lib/python3.12/site-packages/airflow/example_dags/example_task_group.py
[2024-10-28T13:26:33.636+0000] {processor.py:914} INFO - Processing file /home/airflow/.local/lib/python3.12/site-packages/airflow/example_dags/example_task_group.py for tasks to queue
[2024-10-28T13:26:33.638+0000] {logging_mixin.py:190} INFO - [2024-10-28T13:26:33.638+0000] {dagbag.py:588} INFO - Filling up the DagBag from /home/airflow/.local/lib/python3.12/site-packages/airflow/example_dags/example_task_group.py
[2024-10-28T13:26:33.645+0000] {processor.py:925} INFO - DAG(s) 'example_task_group' retrieved from /home/airflow/.local/lib/python3.12/site-packages/airflow/example_dags/example_task_group.py
[2024-10-28T13:26:33.662+0000] {logging_mixin.py:190} INFO - [2024-10-28T13:26:33.662+0000] {dag.py:3239} INFO - Sync 1 DAGs
[2024-10-28T13:26:33.674+0000] {logging_mixin.py:190} INFO - [2024-10-28T13:26:33.674+0000] {dag.py:4180} INFO - Setting next_dagrun for example_task_group to None, run_after=None
[2024-10-28T13:26:33.691+0000] {processor.py:208} INFO - Processing /home/airflow/.local/lib/python3.12/site-packages/airflow/example_dags/example_task_group.py took 0.060 seconds
[2024-10-28T13:27:03.775+0000] {processor.py:186} INFO - Started process (PID=351) to work on /home/airflow/.local/lib/python3.12/site-packages/airflow/example_dags/example_task_group.py
[2024-10-28T13:27:03.776+0000] {processor.py:914} INFO - Processing file /home/airflow/.local/lib/python3.12/site-packages/airflow/example_dags/example_task_group.py for tasks to queue
[2024-10-28T13:27:03.778+0000] {logging_mixin.py:190} INFO - [2024-10-28T13:27:03.778+0000] {dagbag.py:588} INFO - Filling up the DagBag from /home/airflow/.local/lib/python3.12/site-packages/airflow/example_dags/example_task_group.py
[2024-10-28T13:27:03.786+0000] {processor.py:925} INFO - DAG(s) 'example_task_group' retrieved from /home/airflow/.local/lib/python3.12/site-packages/airflow/example_dags/example_task_group.py
[2024-10-28T13:27:03.802+0000] {logging_mixin.py:190} INFO - [2024-10-28T13:27:03.801+0000] {dag.py:3239} INFO - Sync 1 DAGs
[2024-10-28T13:27:03.812+0000] {logging_mixin.py:190} INFO - [2024-10-28T13:27:03.811+0000] {dag.py:4180} INFO - Setting next_dagrun for example_task_group to None, run_after=None
[2024-10-28T13:27:03.827+0000] {processor.py:208} INFO - Processing /home/airflow/.local/lib/python3.12/site-packages/airflow/example_dags/example_task_group.py took 0.057 seconds
[2024-10-28T13:27:34.530+0000] {processor.py:186} INFO - Started process (PID=414) to work on /home/airflow/.local/lib/python3.12/site-packages/airflow/example_dags/example_task_group.py
[2024-10-28T13:27:34.531+0000] {processor.py:914} INFO - Processing file /home/airflow/.local/lib/python3.12/site-packages/airflow/example_dags/example_task_group.py for tasks to queue
[2024-10-28T13:27:34.533+0000] {logging_mixin.py:190} INFO - [2024-10-28T13:27:34.533+0000] {dagbag.py:588} INFO - Filling up the DagBag from /home/airflow/.local/lib/python3.12/site-packages/airflow/example_dags/example_task_group.py
[2024-10-28T13:27:34.539+0000] {processor.py:925} INFO - DAG(s) 'example_task_group' retrieved from /home/airflow/.local/lib/python3.12/site-packages/airflow/example_dags/example_task_group.py
[2024-10-28T13:27:34.557+0000] {logging_mixin.py:190} INFO - [2024-10-28T13:27:34.557+0000] {dag.py:3239} INFO - Sync 1 DAGs
[2024-10-28T13:27:34.569+0000] {logging_mixin.py:190} INFO - [2024-10-28T13:27:34.569+0000] {dag.py:4180} INFO - Setting next_dagrun for example_task_group to None, run_after=None
[2024-10-28T13:27:34.585+0000] {processor.py:208} INFO - Processing /home/airflow/.local/lib/python3.12/site-packages/airflow/example_dags/example_task_group.py took 0.061 seconds
[2024-10-28T13:28:05.199+0000] {processor.py:186} INFO - Started process (PID=478) to work on /home/airflow/.local/lib/python3.12/site-packages/airflow/example_dags/example_task_group.py
[2024-10-28T13:28:05.200+0000] {processor.py:914} INFO - Processing file /home/airflow/.local/lib/python3.12/site-packages/airflow/example_dags/example_task_group.py for tasks to queue
[2024-10-28T13:28:05.202+0000] {logging_mixin.py:190} INFO - [2024-10-28T13:28:05.201+0000] {dagbag.py:588} INFO - Filling up the DagBag from /home/airflow/.local/lib/python3.12/site-packages/airflow/example_dags/example_task_group.py
[2024-10-28T13:28:05.208+0000] {processor.py:925} INFO - DAG(s) 'example_task_group' retrieved from /home/airflow/.local/lib/python3.12/site-packages/airflow/example_dags/example_task_group.py
[2024-10-28T13:28:05.223+0000] {logging_mixin.py:190} INFO - [2024-10-28T13:28:05.223+0000] {dag.py:3239} INFO - Sync 1 DAGs
[2024-10-28T13:28:05.233+0000] {logging_mixin.py:190} INFO - [2024-10-28T13:28:05.232+0000] {dag.py:4180} INFO - Setting next_dagrun for example_task_group to None, run_after=None
[2024-10-28T13:28:05.248+0000] {processor.py:208} INFO - Processing /home/airflow/.local/lib/python3.12/site-packages/airflow/example_dags/example_task_group.py took 0.053 seconds
[2024-10-28T13:28:35.388+0000] {processor.py:186} INFO - Started process (PID=541) to work on /home/airflow/.local/lib/python3.12/site-packages/airflow/example_dags/example_task_group.py
[2024-10-28T13:28:35.389+0000] {processor.py:914} INFO - Processing file /home/airflow/.local/lib/python3.12/site-packages/airflow/example_dags/example_task_group.py for tasks to queue
[2024-10-28T13:28:35.391+0000] {logging_mixin.py:190} INFO - [2024-10-28T13:28:35.391+0000] {dagbag.py:588} INFO - Filling up the DagBag from /home/airflow/.local/lib/python3.12/site-packages/airflow/example_dags/example_task_group.py
[2024-10-28T13:28:35.398+0000] {processor.py:925} INFO - DAG(s) 'example_task_group' retrieved from /home/airflow/.local/lib/python3.12/site-packages/airflow/example_dags/example_task_group.py
[2024-10-28T13:28:35.417+0000] {logging_mixin.py:190} INFO - [2024-10-28T13:28:35.417+0000] {dag.py:3239} INFO - Sync 1 DAGs
[2024-10-28T13:28:35.429+0000] {logging_mixin.py:190} INFO - [2024-10-28T13:28:35.429+0000] {dag.py:4180} INFO - Setting next_dagrun for example_task_group to None, run_after=None
[2024-10-28T13:28:35.446+0000] {processor.py:208} INFO - Processing /home/airflow/.local/lib/python3.12/site-packages/airflow/example_dags/example_task_group.py took 0.062 seconds
[2024-10-28T13:29:06.731+0000] {processor.py:186} INFO - Started process (PID=604) to work on /home/airflow/.local/lib/python3.12/site-packages/airflow/example_dags/example_task_group.py
[2024-10-28T13:29:06.732+0000] {processor.py:914} INFO - Processing file /home/airflow/.local/lib/python3.12/site-packages/airflow/example_dags/example_task_group.py for tasks to queue
[2024-10-28T13:29:06.734+0000] {logging_mixin.py:190} INFO - [2024-10-28T13:29:06.734+0000] {dagbag.py:588} INFO - Filling up the DagBag from /home/airflow/.local/lib/python3.12/site-packages/airflow/example_dags/example_task_group.py
[2024-10-28T13:29:06.741+0000] {processor.py:925} INFO - DAG(s) 'example_task_group' retrieved from /home/airflow/.local/lib/python3.12/site-packages/airflow/example_dags/example_task_group.py
[2024-10-28T13:29:06.756+0000] {logging_mixin.py:190} INFO - [2024-10-28T13:29:06.756+0000] {dag.py:3239} INFO - Sync 1 DAGs
[2024-10-28T13:29:06.766+0000] {logging_mixin.py:190} INFO - [2024-10-28T13:29:06.766+0000] {dag.py:4180} INFO - Setting next_dagrun for example_task_group to None, run_after=None
[2024-10-28T13:29:06.784+0000] {processor.py:208} INFO - Processing /home/airflow/.local/lib/python3.12/site-packages/airflow/example_dags/example_task_group.py took 0.059 seconds
[2024-10-28T13:29:37.579+0000] {processor.py:186} INFO - Started process (PID=667) to work on /home/airflow/.local/lib/python3.12/site-packages/airflow/example_dags/example_task_group.py
[2024-10-28T13:29:37.580+0000] {processor.py:914} INFO - Processing file /home/airflow/.local/lib/python3.12/site-packages/airflow/example_dags/example_task_group.py for tasks to queue
[2024-10-28T13:29:37.583+0000] {logging_mixin.py:190} INFO - [2024-10-28T13:29:37.583+0000] {dagbag.py:588} INFO - Filling up the DagBag from /home/airflow/.local/lib/python3.12/site-packages/airflow/example_dags/example_task_group.py
[2024-10-28T13:29:37.591+0000] {processor.py:925} INFO - DAG(s) 'example_task_group' retrieved from /home/airflow/.local/lib/python3.12/site-packages/airflow/example_dags/example_task_group.py
[2024-10-28T13:29:37.606+0000] {logging_mixin.py:190} INFO - [2024-10-28T13:29:37.606+0000] {dag.py:3239} INFO - Sync 1 DAGs
[2024-10-28T13:29:37.616+0000] {logging_mixin.py:190} INFO - [2024-10-28T13:29:37.616+0000] {dag.py:4180} INFO - Setting next_dagrun for example_task_group to None, run_after=None
[2024-10-28T13:29:37.631+0000] {processor.py:208} INFO - Processing /home/airflow/.local/lib/python3.12/site-packages/airflow/example_dags/example_task_group.py took 0.056 seconds
[2024-10-28T13:30:08.229+0000] {processor.py:186} INFO - Started process (PID=730) to work on /home/airflow/.local/lib/python3.12/site-packages/airflow/example_dags/example_task_group.py
[2024-10-28T13:30:08.230+0000] {processor.py:914} INFO - Processing file /home/airflow/.local/lib/python3.12/site-packages/airflow/example_dags/example_task_group.py for tasks to queue
[2024-10-28T13:30:08.232+0000] {logging_mixin.py:190} INFO - [2024-10-28T13:30:08.232+0000] {dagbag.py:588} INFO - Filling up the DagBag from /home/airflow/.local/lib/python3.12/site-packages/airflow/example_dags/example_task_group.py
[2024-10-28T13:30:08.239+0000] {processor.py:925} INFO - DAG(s) 'example_task_group' retrieved from /home/airflow/.local/lib/python3.12/site-packages/airflow/example_dags/example_task_group.py
[2024-10-28T13:30:08.257+0000] {logging_mixin.py:190} INFO - [2024-10-28T13:30:08.257+0000] {dag.py:3239} INFO - Sync 1 DAGs
[2024-10-28T13:30:08.268+0000] {logging_mixin.py:190} INFO - [2024-10-28T13:30:08.268+0000] {dag.py:4180} INFO - Setting next_dagrun for example_task_group to None, run_after=None
[2024-10-28T13:30:08.291+0000] {processor.py:208} INFO - Processing /home/airflow/.local/lib/python3.12/site-packages/airflow/example_dags/example_task_group.py took 0.066 seconds
[2024-10-28T13:30:38.634+0000] {processor.py:186} INFO - Started process (PID=793) to work on /home/airflow/.local/lib/python3.12/site-packages/airflow/example_dags/example_task_group.py
[2024-10-28T13:30:38.635+0000] {processor.py:914} INFO - Processing file /home/airflow/.local/lib/python3.12/site-packages/airflow/example_dags/example_task_group.py for tasks to queue
[2024-10-28T13:30:38.637+0000] {logging_mixin.py:190} INFO - [2024-10-28T13:30:38.636+0000] {dagbag.py:588} INFO - Filling up the DagBag from /home/airflow/.local/lib/python3.12/site-packages/airflow/example_dags/example_task_group.py
[2024-10-28T13:30:38.643+0000] {processor.py:925} INFO - DAG(s) 'example_task_group' retrieved from /home/airflow/.local/lib/python3.12/site-packages/airflow/example_dags/example_task_group.py
[2024-10-28T13:30:38.659+0000] {logging_mixin.py:190} INFO - [2024-10-28T13:30:38.659+0000] {dag.py:3239} INFO - Sync 1 DAGs
[2024-10-28T13:30:38.669+0000] {logging_mixin.py:190} INFO - [2024-10-28T13:30:38.668+0000] {dag.py:4180} INFO - Setting next_dagrun for example_task_group to None, run_after=None
[2024-10-28T13:30:38.684+0000] {processor.py:208} INFO - Processing /home/airflow/.local/lib/python3.12/site-packages/airflow/example_dags/example_task_group.py took 0.054 seconds
[2024-10-28T13:31:09.619+0000] {processor.py:186} INFO - Started process (PID=856) to work on /home/airflow/.local/lib/python3.12/site-packages/airflow/example_dags/example_task_group.py
[2024-10-28T13:31:09.620+0000] {processor.py:914} INFO - Processing file /home/airflow/.local/lib/python3.12/site-packages/airflow/example_dags/example_task_group.py for tasks to queue
[2024-10-28T13:31:09.622+0000] {logging_mixin.py:190} INFO - [2024-10-28T13:31:09.622+0000] {dagbag.py:588} INFO - Filling up the DagBag from /home/airflow/.local/lib/python3.12/site-packages/airflow/example_dags/example_task_group.py
[2024-10-28T13:31:09.628+0000] {processor.py:925} INFO - DAG(s) 'example_task_group' retrieved from /home/airflow/.local/lib/python3.12/site-packages/airflow/example_dags/example_task_group.py
[2024-10-28T13:31:09.643+0000] {logging_mixin.py:190} INFO - [2024-10-28T13:31:09.643+0000] {dag.py:3239} INFO - Sync 1 DAGs
[2024-10-28T13:31:09.654+0000] {logging_mixin.py:190} INFO - [2024-10-28T13:31:09.654+0000] {dag.py:4180} INFO - Setting next_dagrun for example_task_group to None, run_after=None
[2024-10-28T13:31:09.669+0000] {processor.py:208} INFO - Processing /home/airflow/.local/lib/python3.12/site-packages/airflow/example_dags/example_task_group.py took 0.055 seconds
[2024-10-28T13:31:40.286+0000] {processor.py:186} INFO - Started process (PID=919) to work on /home/airflow/.local/lib/python3.12/site-packages/airflow/example_dags/example_task_group.py
[2024-10-28T13:31:40.287+0000] {processor.py:914} INFO - Processing file /home/airflow/.local/lib/python3.12/site-packages/airflow/example_dags/example_task_group.py for tasks to queue
[2024-10-28T13:31:40.289+0000] {logging_mixin.py:190} INFO - [2024-10-28T13:31:40.289+0000] {dagbag.py:588} INFO - Filling up the DagBag from /home/airflow/.local/lib/python3.12/site-packages/airflow/example_dags/example_task_group.py
[2024-10-28T13:31:40.295+0000] {processor.py:925} INFO - DAG(s) 'example_task_group' retrieved from /home/airflow/.local/lib/python3.12/site-packages/airflow/example_dags/example_task_group.py
[2024-10-28T13:31:40.310+0000] {logging_mixin.py:190} INFO - [2024-10-28T13:31:40.310+0000] {dag.py:3239} INFO - Sync 1 DAGs
[2024-10-28T13:31:40.320+0000] {logging_mixin.py:190} INFO - [2024-10-28T13:31:40.320+0000] {dag.py:4180} INFO - Setting next_dagrun for example_task_group to None, run_after=None
[2024-10-28T13:31:40.334+0000] {processor.py:208} INFO - Processing /home/airflow/.local/lib/python3.12/site-packages/airflow/example_dags/example_task_group.py took 0.052 seconds
[2024-10-28T13:32:11.177+0000] {processor.py:186} INFO - Started process (PID=982) to work on /home/airflow/.local/lib/python3.12/site-packages/airflow/example_dags/example_task_group.py
[2024-10-28T13:32:11.178+0000] {processor.py:914} INFO - Processing file /home/airflow/.local/lib/python3.12/site-packages/airflow/example_dags/example_task_group.py for tasks to queue
[2024-10-28T13:32:11.180+0000] {logging_mixin.py:190} INFO - [2024-10-28T13:32:11.179+0000] {dagbag.py:588} INFO - Filling up the DagBag from /home/airflow/.local/lib/python3.12/site-packages/airflow/example_dags/example_task_group.py
[2024-10-28T13:32:11.186+0000] {processor.py:925} INFO - DAG(s) 'example_task_group' retrieved from /home/airflow/.local/lib/python3.12/site-packages/airflow/example_dags/example_task_group.py
[2024-10-28T13:32:11.201+0000] {logging_mixin.py:190} INFO - [2024-10-28T13:32:11.201+0000] {dag.py:3239} INFO - Sync 1 DAGs
[2024-10-28T13:32:11.211+0000] {logging_mixin.py:190} INFO - [2024-10-28T13:32:11.211+0000] {dag.py:4180} INFO - Setting next_dagrun for example_task_group to None, run_after=None
[2024-10-28T13:32:11.225+0000] {processor.py:208} INFO - Processing /home/airflow/.local/lib/python3.12/site-packages/airflow/example_dags/example_task_group.py took 0.053 seconds
[2024-10-28T13:32:41.341+0000] {processor.py:186} INFO - Started process (PID=1045) to work on /home/airflow/.local/lib/python3.12/site-packages/airflow/example_dags/example_task_group.py
[2024-10-28T13:32:41.342+0000] {processor.py:914} INFO - Processing file /home/airflow/.local/lib/python3.12/site-packages/airflow/example_dags/example_task_group.py for tasks to queue
[2024-10-28T13:32:41.346+0000] {logging_mixin.py:190} INFO - [2024-10-28T13:32:41.346+0000] {dagbag.py:588} INFO - Filling up the DagBag from /home/airflow/.local/lib/python3.12/site-packages/airflow/example_dags/example_task_group.py
[2024-10-28T13:32:41.352+0000] {processor.py:925} INFO - DAG(s) 'example_task_group' retrieved from /home/airflow/.local/lib/python3.12/site-packages/airflow/example_dags/example_task_group.py
[2024-10-28T13:32:41.367+0000] {logging_mixin.py:190} INFO - [2024-10-28T13:32:41.367+0000] {dag.py:3239} INFO - Sync 1 DAGs
[2024-10-28T13:32:41.378+0000] {logging_mixin.py:190} INFO - [2024-10-28T13:32:41.377+0000] {dag.py:4180} INFO - Setting next_dagrun for example_task_group to None, run_after=None
[2024-10-28T13:32:41.392+0000] {processor.py:208} INFO - Processing /home/airflow/.local/lib/python3.12/site-packages/airflow/example_dags/example_task_group.py took 0.055 seconds
[2024-10-28T13:33:11.773+0000] {processor.py:186} INFO - Started process (PID=1108) to work on /home/airflow/.local/lib/python3.12/site-packages/airflow/example_dags/example_task_group.py
[2024-10-28T13:33:11.774+0000] {processor.py:914} INFO - Processing file /home/airflow/.local/lib/python3.12/site-packages/airflow/example_dags/example_task_group.py for tasks to queue
[2024-10-28T13:33:11.776+0000] {logging_mixin.py:190} INFO - [2024-10-28T13:33:11.775+0000] {dagbag.py:588} INFO - Filling up the DagBag from /home/airflow/.local/lib/python3.12/site-packages/airflow/example_dags/example_task_group.py
[2024-10-28T13:33:11.782+0000] {processor.py:925} INFO - DAG(s) 'example_task_group' retrieved from /home/airflow/.local/lib/python3.12/site-packages/airflow/example_dags/example_task_group.py
[2024-10-28T13:33:11.797+0000] {logging_mixin.py:190} INFO - [2024-10-28T13:33:11.797+0000] {dag.py:3239} INFO - Sync 1 DAGs
[2024-10-28T13:33:11.807+0000] {logging_mixin.py:190} INFO - [2024-10-28T13:33:11.807+0000] {dag.py:4180} INFO - Setting next_dagrun for example_task_group to None, run_after=None
[2024-10-28T13:33:11.825+0000] {processor.py:208} INFO - Processing /home/airflow/.local/lib/python3.12/site-packages/airflow/example_dags/example_task_group.py took 0.057 seconds
[2024-10-28T13:33:42.441+0000] {processor.py:186} INFO - Started process (PID=1171) to work on /home/airflow/.local/lib/python3.12/site-packages/airflow/example_dags/example_task_group.py
[2024-10-28T13:33:42.442+0000] {processor.py:914} INFO - Processing file /home/airflow/.local/lib/python3.12/site-packages/airflow/example_dags/example_task_group.py for tasks to queue
[2024-10-28T13:33:42.445+0000] {logging_mixin.py:190} INFO - [2024-10-28T13:33:42.444+0000] {dagbag.py:588} INFO - Filling up the DagBag from /home/airflow/.local/lib/python3.12/site-packages/airflow/example_dags/example_task_group.py
[2024-10-28T13:33:42.453+0000] {processor.py:925} INFO - DAG(s) 'example_task_group' retrieved from /home/airflow/.local/lib/python3.12/site-packages/airflow/example_dags/example_task_group.py
[2024-10-28T13:33:42.475+0000] {logging_mixin.py:190} INFO - [2024-10-28T13:33:42.475+0000] {dag.py:3239} INFO - Sync 1 DAGs
[2024-10-28T13:33:42.488+0000] {logging_mixin.py:190} INFO - [2024-10-28T13:33:42.488+0000] {dag.py:4180} INFO - Setting next_dagrun for example_task_group to None, run_after=None
[2024-10-28T13:33:42.510+0000] {processor.py:208} INFO - Processing /home/airflow/.local/lib/python3.12/site-packages/airflow/example_dags/example_task_group.py took 0.076 seconds
[2024-10-28T13:34:13.307+0000] {processor.py:186} INFO - Started process (PID=1234) to work on /home/airflow/.local/lib/python3.12/site-packages/airflow/example_dags/example_task_group.py
[2024-10-28T13:34:13.308+0000] {processor.py:914} INFO - Processing file /home/airflow/.local/lib/python3.12/site-packages/airflow/example_dags/example_task_group.py for tasks to queue
[2024-10-28T13:34:13.313+0000] {logging_mixin.py:190} INFO - [2024-10-28T13:34:13.313+0000] {dagbag.py:588} INFO - Filling up the DagBag from /home/airflow/.local/lib/python3.12/site-packages/airflow/example_dags/example_task_group.py
[2024-10-28T13:34:13.322+0000] {processor.py:925} INFO - DAG(s) 'example_task_group' retrieved from /home/airflow/.local/lib/python3.12/site-packages/airflow/example_dags/example_task_group.py
[2024-10-28T13:34:13.341+0000] {logging_mixin.py:190} INFO - [2024-10-28T13:34:13.341+0000] {dag.py:3239} INFO - Sync 1 DAGs
[2024-10-28T13:34:13.355+0000] {logging_mixin.py:190} INFO - [2024-10-28T13:34:13.355+0000] {dag.py:4180} INFO - Setting next_dagrun for example_task_group to None, run_after=None
[2024-10-28T13:34:13.372+0000] {processor.py:208} INFO - Processing /home/airflow/.local/lib/python3.12/site-packages/airflow/example_dags/example_task_group.py took 0.070 seconds
[2024-10-28T13:34:44.054+0000] {processor.py:186} INFO - Started process (PID=1297) to work on /home/airflow/.local/lib/python3.12/site-packages/airflow/example_dags/example_task_group.py
[2024-10-28T13:34:44.055+0000] {processor.py:914} INFO - Processing file /home/airflow/.local/lib/python3.12/site-packages/airflow/example_dags/example_task_group.py for tasks to queue
[2024-10-28T13:34:44.057+0000] {logging_mixin.py:190} INFO - [2024-10-28T13:34:44.057+0000] {dagbag.py:588} INFO - Filling up the DagBag from /home/airflow/.local/lib/python3.12/site-packages/airflow/example_dags/example_task_group.py
[2024-10-28T13:34:44.063+0000] {processor.py:925} INFO - DAG(s) 'example_task_group' retrieved from /home/airflow/.local/lib/python3.12/site-packages/airflow/example_dags/example_task_group.py
[2024-10-28T13:34:44.080+0000] {logging_mixin.py:190} INFO - [2024-10-28T13:34:44.080+0000] {dag.py:3239} INFO - Sync 1 DAGs
[2024-10-28T13:34:44.090+0000] {logging_mixin.py:190} INFO - [2024-10-28T13:34:44.090+0000] {dag.py:4180} INFO - Setting next_dagrun for example_task_group to None, run_after=None
[2024-10-28T13:34:44.106+0000] {processor.py:208} INFO - Processing /home/airflow/.local/lib/python3.12/site-packages/airflow/example_dags/example_task_group.py took 0.056 seconds
[2024-10-28T13:35:15.032+0000] {processor.py:186} INFO - Started process (PID=1360) to work on /home/airflow/.local/lib/python3.12/site-packages/airflow/example_dags/example_task_group.py
[2024-10-28T13:35:15.033+0000] {processor.py:914} INFO - Processing file /home/airflow/.local/lib/python3.12/site-packages/airflow/example_dags/example_task_group.py for tasks to queue
[2024-10-28T13:35:15.036+0000] {logging_mixin.py:190} INFO - [2024-10-28T13:35:15.036+0000] {dagbag.py:588} INFO - Filling up the DagBag from /home/airflow/.local/lib/python3.12/site-packages/airflow/example_dags/example_task_group.py
[2024-10-28T13:35:15.045+0000] {processor.py:925} INFO - DAG(s) 'example_task_group' retrieved from /home/airflow/.local/lib/python3.12/site-packages/airflow/example_dags/example_task_group.py
[2024-10-28T13:35:15.060+0000] {logging_mixin.py:190} INFO - [2024-10-28T13:35:15.060+0000] {dag.py:3239} INFO - Sync 1 DAGs
[2024-10-28T13:35:15.070+0000] {logging_mixin.py:190} INFO - [2024-10-28T13:35:15.070+0000] {dag.py:4180} INFO - Setting next_dagrun for example_task_group to None, run_after=None
[2024-10-28T13:35:15.112+0000] {processor.py:208} INFO - Processing /home/airflow/.local/lib/python3.12/site-packages/airflow/example_dags/example_task_group.py took 0.086 seconds
[2024-10-28T13:35:45.402+0000] {processor.py:186} INFO - Started process (PID=1423) to work on /home/airflow/.local/lib/python3.12/site-packages/airflow/example_dags/example_task_group.py
[2024-10-28T13:35:45.403+0000] {processor.py:914} INFO - Processing file /home/airflow/.local/lib/python3.12/site-packages/airflow/example_dags/example_task_group.py for tasks to queue
[2024-10-28T13:35:45.405+0000] {logging_mixin.py:190} INFO - [2024-10-28T13:35:45.404+0000] {dagbag.py:588} INFO - Filling up the DagBag from /home/airflow/.local/lib/python3.12/site-packages/airflow/example_dags/example_task_group.py
[2024-10-28T13:35:45.410+0000] {processor.py:925} INFO - DAG(s) 'example_task_group' retrieved from /home/airflow/.local/lib/python3.12/site-packages/airflow/example_dags/example_task_group.py
[2024-10-28T13:35:45.425+0000] {logging_mixin.py:190} INFO - [2024-10-28T13:35:45.425+0000] {dag.py:3239} INFO - Sync 1 DAGs
[2024-10-28T13:35:45.434+0000] {logging_mixin.py:190} INFO - [2024-10-28T13:35:45.434+0000] {dag.py:4180} INFO - Setting next_dagrun for example_task_group to None, run_after=None
[2024-10-28T13:35:45.450+0000] {processor.py:208} INFO - Processing /home/airflow/.local/lib/python3.12/site-packages/airflow/example_dags/example_task_group.py took 0.052 seconds
[2024-10-28T13:36:16.232+0000] {processor.py:186} INFO - Started process (PID=1486) to work on /home/airflow/.local/lib/python3.12/site-packages/airflow/example_dags/example_task_group.py
[2024-10-28T13:36:16.233+0000] {processor.py:914} INFO - Processing file /home/airflow/.local/lib/python3.12/site-packages/airflow/example_dags/example_task_group.py for tasks to queue
[2024-10-28T13:36:16.235+0000] {logging_mixin.py:190} INFO - [2024-10-28T13:36:16.234+0000] {dagbag.py:588} INFO - Filling up the DagBag from /home/airflow/.local/lib/python3.12/site-packages/airflow/example_dags/example_task_group.py
[2024-10-28T13:36:16.241+0000] {processor.py:925} INFO - DAG(s) 'example_task_group' retrieved from /home/airflow/.local/lib/python3.12/site-packages/airflow/example_dags/example_task_group.py
[2024-10-28T13:36:16.255+0000] {logging_mixin.py:190} INFO - [2024-10-28T13:36:16.255+0000] {dag.py:3239} INFO - Sync 1 DAGs
[2024-10-28T13:36:16.266+0000] {logging_mixin.py:190} INFO - [2024-10-28T13:36:16.266+0000] {dag.py:4180} INFO - Setting next_dagrun for example_task_group to None, run_after=None
[2024-10-28T13:36:16.280+0000] {processor.py:208} INFO - Processing /home/airflow/.local/lib/python3.12/site-packages/airflow/example_dags/example_task_group.py took 0.053 seconds
[2024-10-28T13:36:47.246+0000] {processor.py:186} INFO - Started process (PID=1549) to work on /home/airflow/.local/lib/python3.12/site-packages/airflow/example_dags/example_task_group.py
[2024-10-28T13:36:47.247+0000] {processor.py:914} INFO - Processing file /home/airflow/.local/lib/python3.12/site-packages/airflow/example_dags/example_task_group.py for tasks to queue
[2024-10-28T13:36:47.249+0000] {logging_mixin.py:190} INFO - [2024-10-28T13:36:47.249+0000] {dagbag.py:588} INFO - Filling up the DagBag from /home/airflow/.local/lib/python3.12/site-packages/airflow/example_dags/example_task_group.py
[2024-10-28T13:36:47.256+0000] {processor.py:925} INFO - DAG(s) 'example_task_group' retrieved from /home/airflow/.local/lib/python3.12/site-packages/airflow/example_dags/example_task_group.py
[2024-10-28T13:36:47.271+0000] {logging_mixin.py:190} INFO - [2024-10-28T13:36:47.271+0000] {dag.py:3239} INFO - Sync 1 DAGs
[2024-10-28T13:36:47.281+0000] {logging_mixin.py:190} INFO - [2024-10-28T13:36:47.280+0000] {dag.py:4180} INFO - Setting next_dagrun for example_task_group to None, run_after=None
[2024-10-28T13:36:47.296+0000] {processor.py:208} INFO - Processing /home/airflow/.local/lib/python3.12/site-packages/airflow/example_dags/example_task_group.py took 0.054 seconds
[2024-10-28T13:37:17.974+0000] {processor.py:186} INFO - Started process (PID=1612) to work on /home/airflow/.local/lib/python3.12/site-packages/airflow/example_dags/example_task_group.py
[2024-10-28T13:37:17.976+0000] {processor.py:914} INFO - Processing file /home/airflow/.local/lib/python3.12/site-packages/airflow/example_dags/example_task_group.py for tasks to queue
[2024-10-28T13:37:17.978+0000] {logging_mixin.py:190} INFO - [2024-10-28T13:37:17.978+0000] {dagbag.py:588} INFO - Filling up the DagBag from /home/airflow/.local/lib/python3.12/site-packages/airflow/example_dags/example_task_group.py
[2024-10-28T13:37:17.984+0000] {processor.py:925} INFO - DAG(s) 'example_task_group' retrieved from /home/airflow/.local/lib/python3.12/site-packages/airflow/example_dags/example_task_group.py
[2024-10-28T13:37:18.000+0000] {logging_mixin.py:190} INFO - [2024-10-28T13:37:17.999+0000] {dag.py:3239} INFO - Sync 1 DAGs
[2024-10-28T13:37:18.009+0000] {logging_mixin.py:190} INFO - [2024-10-28T13:37:18.009+0000] {dag.py:4180} INFO - Setting next_dagrun for example_task_group to None, run_after=None
[2024-10-28T13:37:18.022+0000] {processor.py:208} INFO - Processing /home/airflow/.local/lib/python3.12/site-packages/airflow/example_dags/example_task_group.py took 0.052 seconds
[2024-10-28T13:37:48.294+0000] {processor.py:186} INFO - Started process (PID=1675) to work on /home/airflow/.local/lib/python3.12/site-packages/airflow/example_dags/example_task_group.py
[2024-10-28T13:37:48.295+0000] {processor.py:914} INFO - Processing file /home/airflow/.local/lib/python3.12/site-packages/airflow/example_dags/example_task_group.py for tasks to queue
[2024-10-28T13:37:48.297+0000] {logging_mixin.py:190} INFO - [2024-10-28T13:37:48.297+0000] {dagbag.py:588} INFO - Filling up the DagBag from /home/airflow/.local/lib/python3.12/site-packages/airflow/example_dags/example_task_group.py
[2024-10-28T13:37:48.303+0000] {processor.py:925} INFO - DAG(s) 'example_task_group' retrieved from /home/airflow/.local/lib/python3.12/site-packages/airflow/example_dags/example_task_group.py
[2024-10-28T13:37:48.318+0000] {logging_mixin.py:190} INFO - [2024-10-28T13:37:48.318+0000] {dag.py:3239} INFO - Sync 1 DAGs
[2024-10-28T13:37:48.328+0000] {logging_mixin.py:190} INFO - [2024-10-28T13:37:48.328+0000] {dag.py:4180} INFO - Setting next_dagrun for example_task_group to None, run_after=None
[2024-10-28T13:37:48.342+0000] {processor.py:208} INFO - Processing /home/airflow/.local/lib/python3.12/site-packages/airflow/example_dags/example_task_group.py took 0.052 seconds
[2024-10-28T13:38:18.875+0000] {processor.py:186} INFO - Started process (PID=1738) to work on /home/airflow/.local/lib/python3.12/site-packages/airflow/example_dags/example_task_group.py
[2024-10-28T13:38:18.876+0000] {processor.py:914} INFO - Processing file /home/airflow/.local/lib/python3.12/site-packages/airflow/example_dags/example_task_group.py for tasks to queue
[2024-10-28T13:38:18.878+0000] {logging_mixin.py:190} INFO - [2024-10-28T13:38:18.878+0000] {dagbag.py:588} INFO - Filling up the DagBag from /home/airflow/.local/lib/python3.12/site-packages/airflow/example_dags/example_task_group.py
[2024-10-28T13:38:18.885+0000] {processor.py:925} INFO - DAG(s) 'example_task_group' retrieved from /home/airflow/.local/lib/python3.12/site-packages/airflow/example_dags/example_task_group.py
[2024-10-28T13:38:18.900+0000] {logging_mixin.py:190} INFO - [2024-10-28T13:38:18.900+0000] {dag.py:3239} INFO - Sync 1 DAGs
[2024-10-28T13:38:18.911+0000] {logging_mixin.py:190} INFO - [2024-10-28T13:38:18.911+0000] {dag.py:4180} INFO - Setting next_dagrun for example_task_group to None, run_after=None
[2024-10-28T13:38:18.926+0000] {processor.py:208} INFO - Processing /home/airflow/.local/lib/python3.12/site-packages/airflow/example_dags/example_task_group.py took 0.055 seconds
[2024-10-28T13:38:49.449+0000] {processor.py:186} INFO - Started process (PID=1801) to work on /home/airflow/.local/lib/python3.12/site-packages/airflow/example_dags/example_task_group.py
[2024-10-28T13:38:49.450+0000] {processor.py:914} INFO - Processing file /home/airflow/.local/lib/python3.12/site-packages/airflow/example_dags/example_task_group.py for tasks to queue
[2024-10-28T13:38:49.452+0000] {logging_mixin.py:190} INFO - [2024-10-28T13:38:49.451+0000] {dagbag.py:588} INFO - Filling up the DagBag from /home/airflow/.local/lib/python3.12/site-packages/airflow/example_dags/example_task_group.py
[2024-10-28T13:38:49.457+0000] {processor.py:925} INFO - DAG(s) 'example_task_group' retrieved from /home/airflow/.local/lib/python3.12/site-packages/airflow/example_dags/example_task_group.py
[2024-10-28T13:38:49.474+0000] {logging_mixin.py:190} INFO - [2024-10-28T13:38:49.474+0000] {dag.py:3239} INFO - Sync 1 DAGs
[2024-10-28T13:38:49.485+0000] {logging_mixin.py:190} INFO - [2024-10-28T13:38:49.485+0000] {dag.py:4180} INFO - Setting next_dagrun for example_task_group to None, run_after=None
[2024-10-28T13:38:49.499+0000] {processor.py:208} INFO - Processing /home/airflow/.local/lib/python3.12/site-packages/airflow/example_dags/example_task_group.py took 0.055 seconds
[2024-10-28T13:39:19.956+0000] {processor.py:186} INFO - Started process (PID=1863) to work on /home/airflow/.local/lib/python3.12/site-packages/airflow/example_dags/example_task_group.py
[2024-10-28T13:39:19.957+0000] {processor.py:914} INFO - Processing file /home/airflow/.local/lib/python3.12/site-packages/airflow/example_dags/example_task_group.py for tasks to queue
[2024-10-28T13:39:19.959+0000] {logging_mixin.py:190} INFO - [2024-10-28T13:39:19.959+0000] {dagbag.py:588} INFO - Filling up the DagBag from /home/airflow/.local/lib/python3.12/site-packages/airflow/example_dags/example_task_group.py
[2024-10-28T13:39:19.965+0000] {processor.py:925} INFO - DAG(s) 'example_task_group' retrieved from /home/airflow/.local/lib/python3.12/site-packages/airflow/example_dags/example_task_group.py
[2024-10-28T13:39:19.980+0000] {logging_mixin.py:190} INFO - [2024-10-28T13:39:19.980+0000] {dag.py:3239} INFO - Sync 1 DAGs
[2024-10-28T13:39:19.990+0000] {logging_mixin.py:190} INFO - [2024-10-28T13:39:19.990+0000] {dag.py:4180} INFO - Setting next_dagrun for example_task_group to None, run_after=None
[2024-10-28T13:39:20.006+0000] {processor.py:208} INFO - Processing /home/airflow/.local/lib/python3.12/site-packages/airflow/example_dags/example_task_group.py took 0.056 seconds
[2024-10-28T13:39:50.935+0000] {processor.py:186} INFO - Started process (PID=1927) to work on /home/airflow/.local/lib/python3.12/site-packages/airflow/example_dags/example_task_group.py
[2024-10-28T13:39:50.936+0000] {processor.py:914} INFO - Processing file /home/airflow/.local/lib/python3.12/site-packages/airflow/example_dags/example_task_group.py for tasks to queue
[2024-10-28T13:39:50.940+0000] {logging_mixin.py:190} INFO - [2024-10-28T13:39:50.939+0000] {dagbag.py:588} INFO - Filling up the DagBag from /home/airflow/.local/lib/python3.12/site-packages/airflow/example_dags/example_task_group.py
[2024-10-28T13:39:50.947+0000] {processor.py:925} INFO - DAG(s) 'example_task_group' retrieved from /home/airflow/.local/lib/python3.12/site-packages/airflow/example_dags/example_task_group.py
[2024-10-28T13:39:50.963+0000] {logging_mixin.py:190} INFO - [2024-10-28T13:39:50.963+0000] {dag.py:3239} INFO - Sync 1 DAGs
[2024-10-28T13:39:50.974+0000] {logging_mixin.py:190} INFO - [2024-10-28T13:39:50.974+0000] {dag.py:4180} INFO - Setting next_dagrun for example_task_group to None, run_after=None
[2024-10-28T13:39:50.993+0000] {processor.py:208} INFO - Processing /home/airflow/.local/lib/python3.12/site-packages/airflow/example_dags/example_task_group.py took 0.062 seconds
[2024-10-28T13:40:21.374+0000] {processor.py:186} INFO - Started process (PID=1991) to work on /home/airflow/.local/lib/python3.12/site-packages/airflow/example_dags/example_task_group.py
[2024-10-28T13:40:21.375+0000] {processor.py:914} INFO - Processing file /home/airflow/.local/lib/python3.12/site-packages/airflow/example_dags/example_task_group.py for tasks to queue
[2024-10-28T13:40:21.377+0000] {logging_mixin.py:190} INFO - [2024-10-28T13:40:21.377+0000] {dagbag.py:588} INFO - Filling up the DagBag from /home/airflow/.local/lib/python3.12/site-packages/airflow/example_dags/example_task_group.py
[2024-10-28T13:40:21.385+0000] {processor.py:925} INFO - DAG(s) 'example_task_group' retrieved from /home/airflow/.local/lib/python3.12/site-packages/airflow/example_dags/example_task_group.py
[2024-10-28T13:40:21.400+0000] {logging_mixin.py:190} INFO - [2024-10-28T13:40:21.399+0000] {dag.py:3239} INFO - Sync 1 DAGs
[2024-10-28T13:40:21.410+0000] {logging_mixin.py:190} INFO - [2024-10-28T13:40:21.410+0000] {dag.py:4180} INFO - Setting next_dagrun for example_task_group to None, run_after=None
[2024-10-28T13:40:21.427+0000] {processor.py:208} INFO - Processing /home/airflow/.local/lib/python3.12/site-packages/airflow/example_dags/example_task_group.py took 0.057 seconds
[2024-10-28T13:40:51.823+0000] {processor.py:186} INFO - Started process (PID=2054) to work on /home/airflow/.local/lib/python3.12/site-packages/airflow/example_dags/example_task_group.py
[2024-10-28T13:40:51.824+0000] {processor.py:914} INFO - Processing file /home/airflow/.local/lib/python3.12/site-packages/airflow/example_dags/example_task_group.py for tasks to queue
[2024-10-28T13:40:51.826+0000] {logging_mixin.py:190} INFO - [2024-10-28T13:40:51.826+0000] {dagbag.py:588} INFO - Filling up the DagBag from /home/airflow/.local/lib/python3.12/site-packages/airflow/example_dags/example_task_group.py
[2024-10-28T13:40:51.837+0000] {processor.py:925} INFO - DAG(s) 'example_task_group' retrieved from /home/airflow/.local/lib/python3.12/site-packages/airflow/example_dags/example_task_group.py
[2024-10-28T13:40:51.858+0000] {logging_mixin.py:190} INFO - [2024-10-28T13:40:51.858+0000] {dag.py:3239} INFO - Sync 1 DAGs
[2024-10-28T13:40:51.869+0000] {logging_mixin.py:190} INFO - [2024-10-28T13:40:51.869+0000] {dag.py:4180} INFO - Setting next_dagrun for example_task_group to None, run_after=None
[2024-10-28T13:40:51.886+0000] {processor.py:208} INFO - Processing /home/airflow/.local/lib/python3.12/site-packages/airflow/example_dags/example_task_group.py took 0.070 seconds
[2024-10-28T13:41:21.985+0000] {processor.py:186} INFO - Started process (PID=2116) to work on /home/airflow/.local/lib/python3.12/site-packages/airflow/example_dags/example_task_group.py
[2024-10-28T13:41:21.986+0000] {processor.py:914} INFO - Processing file /home/airflow/.local/lib/python3.12/site-packages/airflow/example_dags/example_task_group.py for tasks to queue
[2024-10-28T13:41:21.988+0000] {logging_mixin.py:190} INFO - [2024-10-28T13:41:21.988+0000] {dagbag.py:588} INFO - Filling up the DagBag from /home/airflow/.local/lib/python3.12/site-packages/airflow/example_dags/example_task_group.py
[2024-10-28T13:41:21.995+0000] {processor.py:925} INFO - DAG(s) 'example_task_group' retrieved from /home/airflow/.local/lib/python3.12/site-packages/airflow/example_dags/example_task_group.py
[2024-10-28T13:41:22.012+0000] {logging_mixin.py:190} INFO - [2024-10-28T13:41:22.012+0000] {dag.py:3239} INFO - Sync 1 DAGs
[2024-10-28T13:41:22.024+0000] {logging_mixin.py:190} INFO - [2024-10-28T13:41:22.024+0000] {dag.py:4180} INFO - Setting next_dagrun for example_task_group to None, run_after=None
[2024-10-28T13:41:22.042+0000] {processor.py:208} INFO - Processing /home/airflow/.local/lib/python3.12/site-packages/airflow/example_dags/example_task_group.py took 0.064 seconds
[2024-10-28T13:41:52.610+0000] {processor.py:186} INFO - Started process (PID=2178) to work on /home/airflow/.local/lib/python3.12/site-packages/airflow/example_dags/example_task_group.py
[2024-10-28T13:41:52.614+0000] {processor.py:914} INFO - Processing file /home/airflow/.local/lib/python3.12/site-packages/airflow/example_dags/example_task_group.py for tasks to queue
[2024-10-28T13:41:52.617+0000] {logging_mixin.py:190} INFO - [2024-10-28T13:41:52.616+0000] {dagbag.py:588} INFO - Filling up the DagBag from /home/airflow/.local/lib/python3.12/site-packages/airflow/example_dags/example_task_group.py
[2024-10-28T13:41:52.636+0000] {processor.py:925} INFO - DAG(s) 'example_task_group' retrieved from /home/airflow/.local/lib/python3.12/site-packages/airflow/example_dags/example_task_group.py
[2024-10-28T13:41:52.656+0000] {logging_mixin.py:190} INFO - [2024-10-28T13:41:52.655+0000] {dag.py:3239} INFO - Sync 1 DAGs
[2024-10-28T13:41:52.667+0000] {logging_mixin.py:190} INFO - [2024-10-28T13:41:52.667+0000] {dag.py:4180} INFO - Setting next_dagrun for example_task_group to None, run_after=None
[2024-10-28T13:41:52.685+0000] {processor.py:208} INFO - Processing /home/airflow/.local/lib/python3.12/site-packages/airflow/example_dags/example_task_group.py took 0.080 seconds
[2024-10-28T13:42:23.325+0000] {processor.py:186} INFO - Started process (PID=2241) to work on /home/airflow/.local/lib/python3.12/site-packages/airflow/example_dags/example_task_group.py
[2024-10-28T13:42:23.327+0000] {processor.py:914} INFO - Processing file /home/airflow/.local/lib/python3.12/site-packages/airflow/example_dags/example_task_group.py for tasks to queue
[2024-10-28T13:42:23.328+0000] {logging_mixin.py:190} INFO - [2024-10-28T13:42:23.328+0000] {dagbag.py:588} INFO - Filling up the DagBag from /home/airflow/.local/lib/python3.12/site-packages/airflow/example_dags/example_task_group.py
[2024-10-28T13:42:23.335+0000] {processor.py:925} INFO - DAG(s) 'example_task_group' retrieved from /home/airflow/.local/lib/python3.12/site-packages/airflow/example_dags/example_task_group.py
[2024-10-28T13:42:23.352+0000] {logging_mixin.py:190} INFO - [2024-10-28T13:42:23.351+0000] {dag.py:3239} INFO - Sync 1 DAGs
[2024-10-28T13:42:23.363+0000] {logging_mixin.py:190} INFO - [2024-10-28T13:42:23.363+0000] {dag.py:4180} INFO - Setting next_dagrun for example_task_group to None, run_after=None
[2024-10-28T13:42:23.379+0000] {processor.py:208} INFO - Processing /home/airflow/.local/lib/python3.12/site-packages/airflow/example_dags/example_task_group.py took 0.058 seconds
[2024-10-28T13:42:54.704+0000] {processor.py:186} INFO - Started process (PID=2304) to work on /home/airflow/.local/lib/python3.12/site-packages/airflow/example_dags/example_task_group.py
[2024-10-28T13:42:54.705+0000] {processor.py:914} INFO - Processing file /home/airflow/.local/lib/python3.12/site-packages/airflow/example_dags/example_task_group.py for tasks to queue
[2024-10-28T13:42:54.707+0000] {logging_mixin.py:190} INFO - [2024-10-28T13:42:54.706+0000] {dagbag.py:588} INFO - Filling up the DagBag from /home/airflow/.local/lib/python3.12/site-packages/airflow/example_dags/example_task_group.py
[2024-10-28T13:42:54.713+0000] {processor.py:925} INFO - DAG(s) 'example_task_group' retrieved from /home/airflow/.local/lib/python3.12/site-packages/airflow/example_dags/example_task_group.py
[2024-10-28T13:42:54.731+0000] {logging_mixin.py:190} INFO - [2024-10-28T13:42:54.731+0000] {dag.py:3239} INFO - Sync 1 DAGs
[2024-10-28T13:42:54.743+0000] {logging_mixin.py:190} INFO - [2024-10-28T13:42:54.743+0000] {dag.py:4180} INFO - Setting next_dagrun for example_task_group to None, run_after=None
[2024-10-28T13:42:54.760+0000] {processor.py:208} INFO - Processing /home/airflow/.local/lib/python3.12/site-packages/airflow/example_dags/example_task_group.py took 0.060 seconds
[2024-10-28T13:43:25.333+0000] {processor.py:186} INFO - Started process (PID=2365) to work on /home/airflow/.local/lib/python3.12/site-packages/airflow/example_dags/example_task_group.py
[2024-10-28T13:43:25.337+0000] {processor.py:914} INFO - Processing file /home/airflow/.local/lib/python3.12/site-packages/airflow/example_dags/example_task_group.py for tasks to queue
[2024-10-28T13:43:25.340+0000] {logging_mixin.py:190} INFO - [2024-10-28T13:43:25.340+0000] {dagbag.py:588} INFO - Filling up the DagBag from /home/airflow/.local/lib/python3.12/site-packages/airflow/example_dags/example_task_group.py
[2024-10-28T13:43:25.348+0000] {processor.py:925} INFO - DAG(s) 'example_task_group' retrieved from /home/airflow/.local/lib/python3.12/site-packages/airflow/example_dags/example_task_group.py
[2024-10-28T13:43:25.365+0000] {logging_mixin.py:190} INFO - [2024-10-28T13:43:25.365+0000] {dag.py:3239} INFO - Sync 1 DAGs
[2024-10-28T13:43:25.377+0000] {logging_mixin.py:190} INFO - [2024-10-28T13:43:25.376+0000] {dag.py:4180} INFO - Setting next_dagrun for example_task_group to None, run_after=None
[2024-10-28T13:43:25.392+0000] {processor.py:208} INFO - Processing /home/airflow/.local/lib/python3.12/site-packages/airflow/example_dags/example_task_group.py took 0.065 seconds
[2024-10-28T13:43:55.911+0000] {processor.py:186} INFO - Started process (PID=2427) to work on /home/airflow/.local/lib/python3.12/site-packages/airflow/example_dags/example_task_group.py
[2024-10-28T13:43:55.913+0000] {processor.py:914} INFO - Processing file /home/airflow/.local/lib/python3.12/site-packages/airflow/example_dags/example_task_group.py for tasks to queue
[2024-10-28T13:43:55.914+0000] {logging_mixin.py:190} INFO - [2024-10-28T13:43:55.913+0000] {dagbag.py:588} INFO - Filling up the DagBag from /home/airflow/.local/lib/python3.12/site-packages/airflow/example_dags/example_task_group.py
[2024-10-28T13:43:55.920+0000] {processor.py:925} INFO - DAG(s) 'example_task_group' retrieved from /home/airflow/.local/lib/python3.12/site-packages/airflow/example_dags/example_task_group.py
[2024-10-28T13:43:55.938+0000] {logging_mixin.py:190} INFO - [2024-10-28T13:43:55.937+0000] {dag.py:3239} INFO - Sync 1 DAGs
[2024-10-28T13:43:55.951+0000] {logging_mixin.py:190} INFO - [2024-10-28T13:43:55.951+0000] {dag.py:4180} INFO - Setting next_dagrun for example_task_group to None, run_after=None
[2024-10-28T13:43:55.968+0000] {processor.py:208} INFO - Processing /home/airflow/.local/lib/python3.12/site-packages/airflow/example_dags/example_task_group.py took 0.061 seconds
