[2024-10-28T13:21:17.992+0000] {processor.py:186} INFO - Started process (PID=94) to work on /home/airflow/.local/lib/python3.12/site-packages/airflow/example_dags/example_latest_only_with_trigger.py
[2024-10-28T13:21:17.996+0000] {processor.py:914} INFO - Processing file /home/airflow/.local/lib/python3.12/site-packages/airflow/example_dags/example_latest_only_with_trigger.py for tasks to queue
[2024-10-28T13:21:18.002+0000] {logging_mixin.py:190} INFO - [2024-10-28T13:21:18.002+0000] {dagbag.py:588} INFO - Filling up the DagBag from /home/airflow/.local/lib/python3.12/site-packages/airflow/example_dags/example_latest_only_with_trigger.py
[2024-10-28T13:21:18.026+0000] {processor.py:925} INFO - DAG(s) 'latest_only_with_trigger' retrieved from /home/airflow/.local/lib/python3.12/site-packages/airflow/example_dags/example_latest_only_with_trigger.py
[2024-10-28T13:21:18.116+0000] {logging_mixin.py:190} INFO - [2024-10-28T13:21:18.116+0000] {override.py:1900} INFO - Created Permission View: can delete on DAG:latest_only_with_trigger
[2024-10-28T13:21:18.145+0000] {logging_mixin.py:190} INFO - [2024-10-28T13:21:18.144+0000] {override.py:1900} INFO - Created Permission View: can edit on DAG:latest_only_with_trigger
[2024-10-28T13:21:18.155+0000] {logging_mixin.py:190} INFO - [2024-10-28T13:21:18.155+0000] {override.py:1900} INFO - Created Permission View: can read on DAG:latest_only_with_trigger
[2024-10-28T13:21:18.186+0000] {logging_mixin.py:190} INFO - [2024-10-28T13:21:18.186+0000] {override.py:1900} INFO - Created Permission View: can create on DAG Run:latest_only_with_trigger
[2024-10-28T13:21:18.196+0000] {logging_mixin.py:190} INFO - [2024-10-28T13:21:18.196+0000] {override.py:1900} INFO - Created Permission View: menu access on DAG Run:latest_only_with_trigger
[2024-10-28T13:21:18.204+0000] {logging_mixin.py:190} INFO - [2024-10-28T13:21:18.203+0000] {override.py:1900} INFO - Created Permission View: can read on DAG Run:latest_only_with_trigger
[2024-10-28T13:21:18.212+0000] {logging_mixin.py:190} INFO - [2024-10-28T13:21:18.212+0000] {override.py:1900} INFO - Created Permission View: can delete on DAG Run:latest_only_with_trigger
[2024-10-28T13:21:18.213+0000] {logging_mixin.py:190} INFO - [2024-10-28T13:21:18.213+0000] {dag.py:3239} INFO - Sync 1 DAGs
[2024-10-28T13:21:18.223+0000] {logging_mixin.py:190} INFO - [2024-10-28T13:21:18.223+0000] {dag.py:3262} INFO - Creating ORM DAG for latest_only_with_trigger
[2024-10-28T13:21:18.233+0000] {logging_mixin.py:190} INFO - [2024-10-28T13:21:18.233+0000] {dag.py:4180} INFO - Setting next_dagrun for latest_only_with_trigger to 2024-10-28 08:00:00+00:00, run_after=2024-10-28 12:00:00+00:00
[2024-10-28T13:21:18.250+0000] {processor.py:208} INFO - Processing /home/airflow/.local/lib/python3.12/site-packages/airflow/example_dags/example_latest_only_with_trigger.py took 0.263 seconds
[2024-10-28T13:21:48.882+0000] {processor.py:186} INFO - Started process (PID=157) to work on /home/airflow/.local/lib/python3.12/site-packages/airflow/example_dags/example_latest_only_with_trigger.py
[2024-10-28T13:21:48.883+0000] {processor.py:914} INFO - Processing file /home/airflow/.local/lib/python3.12/site-packages/airflow/example_dags/example_latest_only_with_trigger.py for tasks to queue
[2024-10-28T13:21:48.884+0000] {logging_mixin.py:190} INFO - [2024-10-28T13:21:48.884+0000] {dagbag.py:588} INFO - Filling up the DagBag from /home/airflow/.local/lib/python3.12/site-packages/airflow/example_dags/example_latest_only_with_trigger.py
[2024-10-28T13:21:48.890+0000] {processor.py:925} INFO - DAG(s) 'latest_only_with_trigger' retrieved from /home/airflow/.local/lib/python3.12/site-packages/airflow/example_dags/example_latest_only_with_trigger.py
[2024-10-28T13:21:48.904+0000] {logging_mixin.py:190} INFO - [2024-10-28T13:21:48.904+0000] {dag.py:3239} INFO - Sync 1 DAGs
[2024-10-28T13:21:48.920+0000] {logging_mixin.py:190} INFO - [2024-10-28T13:21:48.919+0000] {dag.py:4180} INFO - Setting next_dagrun for latest_only_with_trigger to 2024-10-28 08:00:00+00:00, run_after=2024-10-28 12:00:00+00:00
[2024-10-28T13:21:48.934+0000] {processor.py:208} INFO - Processing /home/airflow/.local/lib/python3.12/site-packages/airflow/example_dags/example_latest_only_with_trigger.py took 0.058 seconds
[2024-10-28T13:25:01.095+0000] {processor.py:186} INFO - Started process (PID=88) to work on /home/airflow/.local/lib/python3.12/site-packages/airflow/example_dags/example_latest_only_with_trigger.py
[2024-10-28T13:25:01.100+0000] {processor.py:914} INFO - Processing file /home/airflow/.local/lib/python3.12/site-packages/airflow/example_dags/example_latest_only_with_trigger.py for tasks to queue
[2024-10-28T13:25:01.105+0000] {logging_mixin.py:190} INFO - [2024-10-28T13:25:01.104+0000] {dagbag.py:588} INFO - Filling up the DagBag from /home/airflow/.local/lib/python3.12/site-packages/airflow/example_dags/example_latest_only_with_trigger.py
[2024-10-28T13:25:01.113+0000] {processor.py:925} INFO - DAG(s) 'latest_only_with_trigger' retrieved from /home/airflow/.local/lib/python3.12/site-packages/airflow/example_dags/example_latest_only_with_trigger.py
[2024-10-28T13:25:01.130+0000] {logging_mixin.py:190} INFO - [2024-10-28T13:25:01.129+0000] {dag.py:3239} INFO - Sync 1 DAGs
[2024-10-28T13:25:01.148+0000] {logging_mixin.py:190} INFO - [2024-10-28T13:25:01.147+0000] {dag.py:4180} INFO - Setting next_dagrun for latest_only_with_trigger to 2024-10-28 08:00:00+00:00, run_after=2024-10-28 12:00:00+00:00
[2024-10-28T13:25:01.171+0000] {processor.py:208} INFO - Processing /home/airflow/.local/lib/python3.12/site-packages/airflow/example_dags/example_latest_only_with_trigger.py took 0.080 seconds
[2024-10-28T13:25:31.907+0000] {processor.py:186} INFO - Started process (PID=150) to work on /home/airflow/.local/lib/python3.12/site-packages/airflow/example_dags/example_latest_only_with_trigger.py
[2024-10-28T13:25:31.907+0000] {processor.py:914} INFO - Processing file /home/airflow/.local/lib/python3.12/site-packages/airflow/example_dags/example_latest_only_with_trigger.py for tasks to queue
[2024-10-28T13:25:31.909+0000] {logging_mixin.py:190} INFO - [2024-10-28T13:25:31.909+0000] {dagbag.py:588} INFO - Filling up the DagBag from /home/airflow/.local/lib/python3.12/site-packages/airflow/example_dags/example_latest_only_with_trigger.py
[2024-10-28T13:25:31.915+0000] {processor.py:925} INFO - DAG(s) 'latest_only_with_trigger' retrieved from /home/airflow/.local/lib/python3.12/site-packages/airflow/example_dags/example_latest_only_with_trigger.py
[2024-10-28T13:25:31.929+0000] {logging_mixin.py:190} INFO - [2024-10-28T13:25:31.929+0000] {dag.py:3239} INFO - Sync 1 DAGs
[2024-10-28T13:25:31.945+0000] {logging_mixin.py:190} INFO - [2024-10-28T13:25:31.945+0000] {dag.py:4180} INFO - Setting next_dagrun for latest_only_with_trigger to 2024-10-28 08:00:00+00:00, run_after=2024-10-28 12:00:00+00:00
[2024-10-28T13:25:31.964+0000] {processor.py:208} INFO - Processing /home/airflow/.local/lib/python3.12/site-packages/airflow/example_dags/example_latest_only_with_trigger.py took 0.061 seconds
[2024-10-28T13:26:02.871+0000] {processor.py:186} INFO - Started process (PID=219) to work on /home/airflow/.local/lib/python3.12/site-packages/airflow/example_dags/example_latest_only_with_trigger.py
[2024-10-28T13:26:02.872+0000] {processor.py:914} INFO - Processing file /home/airflow/.local/lib/python3.12/site-packages/airflow/example_dags/example_latest_only_with_trigger.py for tasks to queue
[2024-10-28T13:26:02.874+0000] {logging_mixin.py:190} INFO - [2024-10-28T13:26:02.874+0000] {dagbag.py:588} INFO - Filling up the DagBag from /home/airflow/.local/lib/python3.12/site-packages/airflow/example_dags/example_latest_only_with_trigger.py
[2024-10-28T13:26:02.879+0000] {processor.py:925} INFO - DAG(s) 'latest_only_with_trigger' retrieved from /home/airflow/.local/lib/python3.12/site-packages/airflow/example_dags/example_latest_only_with_trigger.py
[2024-10-28T13:26:02.894+0000] {logging_mixin.py:190} INFO - [2024-10-28T13:26:02.893+0000] {dag.py:3239} INFO - Sync 1 DAGs
[2024-10-28T13:26:02.910+0000] {logging_mixin.py:190} INFO - [2024-10-28T13:26:02.910+0000] {dag.py:4180} INFO - Setting next_dagrun for latest_only_with_trigger to 2024-10-28 08:00:00+00:00, run_after=2024-10-28 12:00:00+00:00
[2024-10-28T13:26:02.924+0000] {processor.py:208} INFO - Processing /home/airflow/.local/lib/python3.12/site-packages/airflow/example_dags/example_latest_only_with_trigger.py took 0.058 seconds
[2024-10-28T13:26:33.258+0000] {processor.py:186} INFO - Started process (PID=282) to work on /home/airflow/.local/lib/python3.12/site-packages/airflow/example_dags/example_latest_only_with_trigger.py
[2024-10-28T13:26:33.259+0000] {processor.py:914} INFO - Processing file /home/airflow/.local/lib/python3.12/site-packages/airflow/example_dags/example_latest_only_with_trigger.py for tasks to queue
[2024-10-28T13:26:33.260+0000] {logging_mixin.py:190} INFO - [2024-10-28T13:26:33.260+0000] {dagbag.py:588} INFO - Filling up the DagBag from /home/airflow/.local/lib/python3.12/site-packages/airflow/example_dags/example_latest_only_with_trigger.py
[2024-10-28T13:26:33.266+0000] {processor.py:925} INFO - DAG(s) 'latest_only_with_trigger' retrieved from /home/airflow/.local/lib/python3.12/site-packages/airflow/example_dags/example_latest_only_with_trigger.py
[2024-10-28T13:26:33.284+0000] {logging_mixin.py:190} INFO - [2024-10-28T13:26:33.284+0000] {dag.py:3239} INFO - Sync 1 DAGs
[2024-10-28T13:26:33.304+0000] {logging_mixin.py:190} INFO - [2024-10-28T13:26:33.304+0000] {dag.py:4180} INFO - Setting next_dagrun for latest_only_with_trigger to 2024-10-28 08:00:00+00:00, run_after=2024-10-28 12:00:00+00:00
[2024-10-28T13:26:33.320+0000] {processor.py:208} INFO - Processing /home/airflow/.local/lib/python3.12/site-packages/airflow/example_dags/example_latest_only_with_trigger.py took 0.067 seconds
[2024-10-28T13:27:03.451+0000] {processor.py:186} INFO - Started process (PID=345) to work on /home/airflow/.local/lib/python3.12/site-packages/airflow/example_dags/example_latest_only_with_trigger.py
[2024-10-28T13:27:03.452+0000] {processor.py:914} INFO - Processing file /home/airflow/.local/lib/python3.12/site-packages/airflow/example_dags/example_latest_only_with_trigger.py for tasks to queue
[2024-10-28T13:27:03.454+0000] {logging_mixin.py:190} INFO - [2024-10-28T13:27:03.453+0000] {dagbag.py:588} INFO - Filling up the DagBag from /home/airflow/.local/lib/python3.12/site-packages/airflow/example_dags/example_latest_only_with_trigger.py
[2024-10-28T13:27:03.459+0000] {processor.py:925} INFO - DAG(s) 'latest_only_with_trigger' retrieved from /home/airflow/.local/lib/python3.12/site-packages/airflow/example_dags/example_latest_only_with_trigger.py
[2024-10-28T13:27:03.474+0000] {logging_mixin.py:190} INFO - [2024-10-28T13:27:03.474+0000] {dag.py:3239} INFO - Sync 1 DAGs
[2024-10-28T13:27:03.491+0000] {logging_mixin.py:190} INFO - [2024-10-28T13:27:03.491+0000] {dag.py:4180} INFO - Setting next_dagrun for latest_only_with_trigger to 2024-10-28 08:00:00+00:00, run_after=2024-10-28 12:00:00+00:00
[2024-10-28T13:27:03.507+0000] {processor.py:208} INFO - Processing /home/airflow/.local/lib/python3.12/site-packages/airflow/example_dags/example_latest_only_with_trigger.py took 0.061 seconds
[2024-10-28T13:27:34.182+0000] {processor.py:186} INFO - Started process (PID=408) to work on /home/airflow/.local/lib/python3.12/site-packages/airflow/example_dags/example_latest_only_with_trigger.py
[2024-10-28T13:27:34.183+0000] {processor.py:914} INFO - Processing file /home/airflow/.local/lib/python3.12/site-packages/airflow/example_dags/example_latest_only_with_trigger.py for tasks to queue
[2024-10-28T13:27:34.185+0000] {logging_mixin.py:190} INFO - [2024-10-28T13:27:34.185+0000] {dagbag.py:588} INFO - Filling up the DagBag from /home/airflow/.local/lib/python3.12/site-packages/airflow/example_dags/example_latest_only_with_trigger.py
[2024-10-28T13:27:34.191+0000] {processor.py:925} INFO - DAG(s) 'latest_only_with_trigger' retrieved from /home/airflow/.local/lib/python3.12/site-packages/airflow/example_dags/example_latest_only_with_trigger.py
[2024-10-28T13:27:34.205+0000] {logging_mixin.py:190} INFO - [2024-10-28T13:27:34.205+0000] {dag.py:3239} INFO - Sync 1 DAGs
[2024-10-28T13:27:34.222+0000] {logging_mixin.py:190} INFO - [2024-10-28T13:27:34.222+0000] {dag.py:4180} INFO - Setting next_dagrun for latest_only_with_trigger to 2024-10-28 08:00:00+00:00, run_after=2024-10-28 12:00:00+00:00
[2024-10-28T13:27:34.239+0000] {processor.py:208} INFO - Processing /home/airflow/.local/lib/python3.12/site-packages/airflow/example_dags/example_latest_only_with_trigger.py took 0.060 seconds
[2024-10-28T13:28:04.816+0000] {processor.py:186} INFO - Started process (PID=471) to work on /home/airflow/.local/lib/python3.12/site-packages/airflow/example_dags/example_latest_only_with_trigger.py
[2024-10-28T13:28:04.818+0000] {processor.py:914} INFO - Processing file /home/airflow/.local/lib/python3.12/site-packages/airflow/example_dags/example_latest_only_with_trigger.py for tasks to queue
[2024-10-28T13:28:04.820+0000] {logging_mixin.py:190} INFO - [2024-10-28T13:28:04.820+0000] {dagbag.py:588} INFO - Filling up the DagBag from /home/airflow/.local/lib/python3.12/site-packages/airflow/example_dags/example_latest_only_with_trigger.py
[2024-10-28T13:28:04.825+0000] {processor.py:925} INFO - DAG(s) 'latest_only_with_trigger' retrieved from /home/airflow/.local/lib/python3.12/site-packages/airflow/example_dags/example_latest_only_with_trigger.py
[2024-10-28T13:28:04.842+0000] {logging_mixin.py:190} INFO - [2024-10-28T13:28:04.842+0000] {dag.py:3239} INFO - Sync 1 DAGs
[2024-10-28T13:28:04.859+0000] {logging_mixin.py:190} INFO - [2024-10-28T13:28:04.859+0000] {dag.py:4180} INFO - Setting next_dagrun for latest_only_with_trigger to 2024-10-28 08:00:00+00:00, run_after=2024-10-28 12:00:00+00:00
[2024-10-28T13:28:04.874+0000] {processor.py:208} INFO - Processing /home/airflow/.local/lib/python3.12/site-packages/airflow/example_dags/example_latest_only_with_trigger.py took 0.064 seconds
[2024-10-28T13:28:35.037+0000] {processor.py:186} INFO - Started process (PID=534) to work on /home/airflow/.local/lib/python3.12/site-packages/airflow/example_dags/example_latest_only_with_trigger.py
[2024-10-28T13:28:35.038+0000] {processor.py:914} INFO - Processing file /home/airflow/.local/lib/python3.12/site-packages/airflow/example_dags/example_latest_only_with_trigger.py for tasks to queue
[2024-10-28T13:28:35.040+0000] {logging_mixin.py:190} INFO - [2024-10-28T13:28:35.040+0000] {dagbag.py:588} INFO - Filling up the DagBag from /home/airflow/.local/lib/python3.12/site-packages/airflow/example_dags/example_latest_only_with_trigger.py
[2024-10-28T13:28:35.045+0000] {processor.py:925} INFO - DAG(s) 'latest_only_with_trigger' retrieved from /home/airflow/.local/lib/python3.12/site-packages/airflow/example_dags/example_latest_only_with_trigger.py
[2024-10-28T13:28:35.061+0000] {logging_mixin.py:190} INFO - [2024-10-28T13:28:35.060+0000] {dag.py:3239} INFO - Sync 1 DAGs
[2024-10-28T13:28:35.078+0000] {logging_mixin.py:190} INFO - [2024-10-28T13:28:35.077+0000] {dag.py:4180} INFO - Setting next_dagrun for latest_only_with_trigger to 2024-10-28 08:00:00+00:00, run_after=2024-10-28 12:00:00+00:00
[2024-10-28T13:28:35.096+0000] {processor.py:208} INFO - Processing /home/airflow/.local/lib/python3.12/site-packages/airflow/example_dags/example_latest_only_with_trigger.py took 0.063 seconds
[2024-10-28T13:29:05.893+0000] {processor.py:186} INFO - Started process (PID=597) to work on /home/airflow/.local/lib/python3.12/site-packages/airflow/example_dags/example_latest_only_with_trigger.py
[2024-10-28T13:29:05.894+0000] {processor.py:914} INFO - Processing file /home/airflow/.local/lib/python3.12/site-packages/airflow/example_dags/example_latest_only_with_trigger.py for tasks to queue
[2024-10-28T13:29:05.896+0000] {logging_mixin.py:190} INFO - [2024-10-28T13:29:05.895+0000] {dagbag.py:588} INFO - Filling up the DagBag from /home/airflow/.local/lib/python3.12/site-packages/airflow/example_dags/example_latest_only_with_trigger.py
[2024-10-28T13:29:05.901+0000] {processor.py:925} INFO - DAG(s) 'latest_only_with_trigger' retrieved from /home/airflow/.local/lib/python3.12/site-packages/airflow/example_dags/example_latest_only_with_trigger.py
[2024-10-28T13:29:05.915+0000] {logging_mixin.py:190} INFO - [2024-10-28T13:29:05.915+0000] {dag.py:3239} INFO - Sync 1 DAGs
[2024-10-28T13:29:05.931+0000] {logging_mixin.py:190} INFO - [2024-10-28T13:29:05.931+0000] {dag.py:4180} INFO - Setting next_dagrun for latest_only_with_trigger to 2024-10-28 08:00:00+00:00, run_after=2024-10-28 12:00:00+00:00
[2024-10-28T13:29:05.945+0000] {processor.py:208} INFO - Processing /home/airflow/.local/lib/python3.12/site-packages/airflow/example_dags/example_latest_only_with_trigger.py took 0.056 seconds
[2024-10-28T13:29:36.153+0000] {processor.py:186} INFO - Started process (PID=660) to work on /home/airflow/.local/lib/python3.12/site-packages/airflow/example_dags/example_latest_only_with_trigger.py
[2024-10-28T13:29:36.154+0000] {processor.py:914} INFO - Processing file /home/airflow/.local/lib/python3.12/site-packages/airflow/example_dags/example_latest_only_with_trigger.py for tasks to queue
[2024-10-28T13:29:36.156+0000] {logging_mixin.py:190} INFO - [2024-10-28T13:29:36.156+0000] {dagbag.py:588} INFO - Filling up the DagBag from /home/airflow/.local/lib/python3.12/site-packages/airflow/example_dags/example_latest_only_with_trigger.py
[2024-10-28T13:29:36.162+0000] {processor.py:925} INFO - DAG(s) 'latest_only_with_trigger' retrieved from /home/airflow/.local/lib/python3.12/site-packages/airflow/example_dags/example_latest_only_with_trigger.py
[2024-10-28T13:29:36.176+0000] {logging_mixin.py:190} INFO - [2024-10-28T13:29:36.176+0000] {dag.py:3239} INFO - Sync 1 DAGs
[2024-10-28T13:29:36.191+0000] {logging_mixin.py:190} INFO - [2024-10-28T13:29:36.191+0000] {dag.py:4180} INFO - Setting next_dagrun for latest_only_with_trigger to 2024-10-28 08:00:00+00:00, run_after=2024-10-28 12:00:00+00:00
[2024-10-28T13:29:36.205+0000] {processor.py:208} INFO - Processing /home/airflow/.local/lib/python3.12/site-packages/airflow/example_dags/example_latest_only_with_trigger.py took 0.056 seconds
[2024-10-28T13:30:06.927+0000] {processor.py:186} INFO - Started process (PID=723) to work on /home/airflow/.local/lib/python3.12/site-packages/airflow/example_dags/example_latest_only_with_trigger.py
[2024-10-28T13:30:06.928+0000] {processor.py:914} INFO - Processing file /home/airflow/.local/lib/python3.12/site-packages/airflow/example_dags/example_latest_only_with_trigger.py for tasks to queue
[2024-10-28T13:30:06.931+0000] {logging_mixin.py:190} INFO - [2024-10-28T13:30:06.930+0000] {dagbag.py:588} INFO - Filling up the DagBag from /home/airflow/.local/lib/python3.12/site-packages/airflow/example_dags/example_latest_only_with_trigger.py
[2024-10-28T13:30:06.938+0000] {processor.py:925} INFO - DAG(s) 'latest_only_with_trigger' retrieved from /home/airflow/.local/lib/python3.12/site-packages/airflow/example_dags/example_latest_only_with_trigger.py
[2024-10-28T13:30:06.953+0000] {logging_mixin.py:190} INFO - [2024-10-28T13:30:06.953+0000] {dag.py:3239} INFO - Sync 1 DAGs
[2024-10-28T13:30:06.969+0000] {logging_mixin.py:190} INFO - [2024-10-28T13:30:06.969+0000] {dag.py:4180} INFO - Setting next_dagrun for latest_only_with_trigger to 2024-10-28 08:00:00+00:00, run_after=2024-10-28 12:00:00+00:00
[2024-10-28T13:30:06.986+0000] {processor.py:208} INFO - Processing /home/airflow/.local/lib/python3.12/site-packages/airflow/example_dags/example_latest_only_with_trigger.py took 0.064 seconds
[2024-10-28T13:30:37.984+0000] {processor.py:186} INFO - Started process (PID=786) to work on /home/airflow/.local/lib/python3.12/site-packages/airflow/example_dags/example_latest_only_with_trigger.py
[2024-10-28T13:30:37.986+0000] {processor.py:914} INFO - Processing file /home/airflow/.local/lib/python3.12/site-packages/airflow/example_dags/example_latest_only_with_trigger.py for tasks to queue
[2024-10-28T13:30:37.988+0000] {logging_mixin.py:190} INFO - [2024-10-28T13:30:37.988+0000] {dagbag.py:588} INFO - Filling up the DagBag from /home/airflow/.local/lib/python3.12/site-packages/airflow/example_dags/example_latest_only_with_trigger.py
[2024-10-28T13:30:37.994+0000] {processor.py:925} INFO - DAG(s) 'latest_only_with_trigger' retrieved from /home/airflow/.local/lib/python3.12/site-packages/airflow/example_dags/example_latest_only_with_trigger.py
[2024-10-28T13:30:38.009+0000] {logging_mixin.py:190} INFO - [2024-10-28T13:30:38.009+0000] {dag.py:3239} INFO - Sync 1 DAGs
[2024-10-28T13:30:38.025+0000] {logging_mixin.py:190} INFO - [2024-10-28T13:30:38.025+0000] {dag.py:4180} INFO - Setting next_dagrun for latest_only_with_trigger to 2024-10-28 08:00:00+00:00, run_after=2024-10-28 12:00:00+00:00
[2024-10-28T13:30:38.040+0000] {processor.py:208} INFO - Processing /home/airflow/.local/lib/python3.12/site-packages/airflow/example_dags/example_latest_only_with_trigger.py took 0.059 seconds
[2024-10-28T13:31:09.151+0000] {processor.py:186} INFO - Started process (PID=849) to work on /home/airflow/.local/lib/python3.12/site-packages/airflow/example_dags/example_latest_only_with_trigger.py
[2024-10-28T13:31:09.152+0000] {processor.py:914} INFO - Processing file /home/airflow/.local/lib/python3.12/site-packages/airflow/example_dags/example_latest_only_with_trigger.py for tasks to queue
[2024-10-28T13:31:09.154+0000] {logging_mixin.py:190} INFO - [2024-10-28T13:31:09.153+0000] {dagbag.py:588} INFO - Filling up the DagBag from /home/airflow/.local/lib/python3.12/site-packages/airflow/example_dags/example_latest_only_with_trigger.py
[2024-10-28T13:31:09.159+0000] {processor.py:925} INFO - DAG(s) 'latest_only_with_trigger' retrieved from /home/airflow/.local/lib/python3.12/site-packages/airflow/example_dags/example_latest_only_with_trigger.py
[2024-10-28T13:31:09.173+0000] {logging_mixin.py:190} INFO - [2024-10-28T13:31:09.172+0000] {dag.py:3239} INFO - Sync 1 DAGs
[2024-10-28T13:31:09.188+0000] {logging_mixin.py:190} INFO - [2024-10-28T13:31:09.187+0000] {dag.py:4180} INFO - Setting next_dagrun for latest_only_with_trigger to 2024-10-28 08:00:00+00:00, run_after=2024-10-28 12:00:00+00:00
[2024-10-28T13:31:09.202+0000] {processor.py:208} INFO - Processing /home/airflow/.local/lib/python3.12/site-packages/airflow/example_dags/example_latest_only_with_trigger.py took 0.056 seconds
[2024-10-28T13:31:39.828+0000] {processor.py:186} INFO - Started process (PID=912) to work on /home/airflow/.local/lib/python3.12/site-packages/airflow/example_dags/example_latest_only_with_trigger.py
[2024-10-28T13:31:39.829+0000] {processor.py:914} INFO - Processing file /home/airflow/.local/lib/python3.12/site-packages/airflow/example_dags/example_latest_only_with_trigger.py for tasks to queue
[2024-10-28T13:31:39.831+0000] {logging_mixin.py:190} INFO - [2024-10-28T13:31:39.831+0000] {dagbag.py:588} INFO - Filling up the DagBag from /home/airflow/.local/lib/python3.12/site-packages/airflow/example_dags/example_latest_only_with_trigger.py
[2024-10-28T13:31:39.836+0000] {processor.py:925} INFO - DAG(s) 'latest_only_with_trigger' retrieved from /home/airflow/.local/lib/python3.12/site-packages/airflow/example_dags/example_latest_only_with_trigger.py
[2024-10-28T13:31:39.853+0000] {logging_mixin.py:190} INFO - [2024-10-28T13:31:39.853+0000] {dag.py:3239} INFO - Sync 1 DAGs
[2024-10-28T13:31:39.869+0000] {logging_mixin.py:190} INFO - [2024-10-28T13:31:39.869+0000] {dag.py:4180} INFO - Setting next_dagrun for latest_only_with_trigger to 2024-10-28 08:00:00+00:00, run_after=2024-10-28 12:00:00+00:00
[2024-10-28T13:31:39.885+0000] {processor.py:208} INFO - Processing /home/airflow/.local/lib/python3.12/site-packages/airflow/example_dags/example_latest_only_with_trigger.py took 0.062 seconds
[2024-10-28T13:32:10.831+0000] {processor.py:186} INFO - Started process (PID=975) to work on /home/airflow/.local/lib/python3.12/site-packages/airflow/example_dags/example_latest_only_with_trigger.py
[2024-10-28T13:32:10.832+0000] {processor.py:914} INFO - Processing file /home/airflow/.local/lib/python3.12/site-packages/airflow/example_dags/example_latest_only_with_trigger.py for tasks to queue
[2024-10-28T13:32:10.834+0000] {logging_mixin.py:190} INFO - [2024-10-28T13:32:10.834+0000] {dagbag.py:588} INFO - Filling up the DagBag from /home/airflow/.local/lib/python3.12/site-packages/airflow/example_dags/example_latest_only_with_trigger.py
[2024-10-28T13:32:10.839+0000] {processor.py:925} INFO - DAG(s) 'latest_only_with_trigger' retrieved from /home/airflow/.local/lib/python3.12/site-packages/airflow/example_dags/example_latest_only_with_trigger.py
[2024-10-28T13:32:10.859+0000] {logging_mixin.py:190} INFO - [2024-10-28T13:32:10.858+0000] {dag.py:3239} INFO - Sync 1 DAGs
[2024-10-28T13:32:10.874+0000] {logging_mixin.py:190} INFO - [2024-10-28T13:32:10.874+0000] {dag.py:4180} INFO - Setting next_dagrun for latest_only_with_trigger to 2024-10-28 08:00:00+00:00, run_after=2024-10-28 12:00:00+00:00
[2024-10-28T13:32:10.888+0000] {processor.py:208} INFO - Processing /home/airflow/.local/lib/python3.12/site-packages/airflow/example_dags/example_latest_only_with_trigger.py took 0.062 seconds
[2024-10-28T13:32:40.989+0000] {processor.py:186} INFO - Started process (PID=1038) to work on /home/airflow/.local/lib/python3.12/site-packages/airflow/example_dags/example_latest_only_with_trigger.py
[2024-10-28T13:32:40.990+0000] {processor.py:914} INFO - Processing file /home/airflow/.local/lib/python3.12/site-packages/airflow/example_dags/example_latest_only_with_trigger.py for tasks to queue
[2024-10-28T13:32:40.992+0000] {logging_mixin.py:190} INFO - [2024-10-28T13:32:40.991+0000] {dagbag.py:588} INFO - Filling up the DagBag from /home/airflow/.local/lib/python3.12/site-packages/airflow/example_dags/example_latest_only_with_trigger.py
[2024-10-28T13:32:40.997+0000] {processor.py:925} INFO - DAG(s) 'latest_only_with_trigger' retrieved from /home/airflow/.local/lib/python3.12/site-packages/airflow/example_dags/example_latest_only_with_trigger.py
[2024-10-28T13:32:41.011+0000] {logging_mixin.py:190} INFO - [2024-10-28T13:32:41.010+0000] {dag.py:3239} INFO - Sync 1 DAGs
[2024-10-28T13:32:41.026+0000] {logging_mixin.py:190} INFO - [2024-10-28T13:32:41.026+0000] {dag.py:4180} INFO - Setting next_dagrun for latest_only_with_trigger to 2024-10-28 08:00:00+00:00, run_after=2024-10-28 12:00:00+00:00
[2024-10-28T13:32:41.042+0000] {processor.py:208} INFO - Processing /home/airflow/.local/lib/python3.12/site-packages/airflow/example_dags/example_latest_only_with_trigger.py took 0.057 seconds
[2024-10-28T13:33:11.272+0000] {processor.py:186} INFO - Started process (PID=1101) to work on /home/airflow/.local/lib/python3.12/site-packages/airflow/example_dags/example_latest_only_with_trigger.py
[2024-10-28T13:33:11.272+0000] {processor.py:914} INFO - Processing file /home/airflow/.local/lib/python3.12/site-packages/airflow/example_dags/example_latest_only_with_trigger.py for tasks to queue
[2024-10-28T13:33:11.274+0000] {logging_mixin.py:190} INFO - [2024-10-28T13:33:11.274+0000] {dagbag.py:588} INFO - Filling up the DagBag from /home/airflow/.local/lib/python3.12/site-packages/airflow/example_dags/example_latest_only_with_trigger.py
[2024-10-28T13:33:11.279+0000] {processor.py:925} INFO - DAG(s) 'latest_only_with_trigger' retrieved from /home/airflow/.local/lib/python3.12/site-packages/airflow/example_dags/example_latest_only_with_trigger.py
[2024-10-28T13:33:11.293+0000] {logging_mixin.py:190} INFO - [2024-10-28T13:33:11.293+0000] {dag.py:3239} INFO - Sync 1 DAGs
[2024-10-28T13:33:11.308+0000] {logging_mixin.py:190} INFO - [2024-10-28T13:33:11.308+0000] {dag.py:4180} INFO - Setting next_dagrun for latest_only_with_trigger to 2024-10-28 08:00:00+00:00, run_after=2024-10-28 12:00:00+00:00
[2024-10-28T13:33:11.326+0000] {processor.py:208} INFO - Processing /home/airflow/.local/lib/python3.12/site-packages/airflow/example_dags/example_latest_only_with_trigger.py took 0.058 seconds
[2024-10-28T13:33:42.035+0000] {processor.py:186} INFO - Started process (PID=1164) to work on /home/airflow/.local/lib/python3.12/site-packages/airflow/example_dags/example_latest_only_with_trigger.py
[2024-10-28T13:33:42.037+0000] {processor.py:914} INFO - Processing file /home/airflow/.local/lib/python3.12/site-packages/airflow/example_dags/example_latest_only_with_trigger.py for tasks to queue
[2024-10-28T13:33:42.040+0000] {logging_mixin.py:190} INFO - [2024-10-28T13:33:42.040+0000] {dagbag.py:588} INFO - Filling up the DagBag from /home/airflow/.local/lib/python3.12/site-packages/airflow/example_dags/example_latest_only_with_trigger.py
[2024-10-28T13:33:42.047+0000] {processor.py:925} INFO - DAG(s) 'latest_only_with_trigger' retrieved from /home/airflow/.local/lib/python3.12/site-packages/airflow/example_dags/example_latest_only_with_trigger.py
[2024-10-28T13:33:42.062+0000] {logging_mixin.py:190} INFO - [2024-10-28T13:33:42.062+0000] {dag.py:3239} INFO - Sync 1 DAGs
[2024-10-28T13:33:42.078+0000] {logging_mixin.py:190} INFO - [2024-10-28T13:33:42.078+0000] {dag.py:4180} INFO - Setting next_dagrun for latest_only_with_trigger to 2024-10-28 08:00:00+00:00, run_after=2024-10-28 12:00:00+00:00
[2024-10-28T13:33:42.094+0000] {processor.py:208} INFO - Processing /home/airflow/.local/lib/python3.12/site-packages/airflow/example_dags/example_latest_only_with_trigger.py took 0.063 seconds
[2024-10-28T13:34:12.721+0000] {processor.py:186} INFO - Started process (PID=1227) to work on /home/airflow/.local/lib/python3.12/site-packages/airflow/example_dags/example_latest_only_with_trigger.py
[2024-10-28T13:34:12.724+0000] {processor.py:914} INFO - Processing file /home/airflow/.local/lib/python3.12/site-packages/airflow/example_dags/example_latest_only_with_trigger.py for tasks to queue
[2024-10-28T13:34:12.726+0000] {logging_mixin.py:190} INFO - [2024-10-28T13:34:12.726+0000] {dagbag.py:588} INFO - Filling up the DagBag from /home/airflow/.local/lib/python3.12/site-packages/airflow/example_dags/example_latest_only_with_trigger.py
[2024-10-28T13:34:12.732+0000] {processor.py:925} INFO - DAG(s) 'latest_only_with_trigger' retrieved from /home/airflow/.local/lib/python3.12/site-packages/airflow/example_dags/example_latest_only_with_trigger.py
[2024-10-28T13:34:12.748+0000] {logging_mixin.py:190} INFO - [2024-10-28T13:34:12.748+0000] {dag.py:3239} INFO - Sync 1 DAGs
[2024-10-28T13:34:12.763+0000] {logging_mixin.py:190} INFO - [2024-10-28T13:34:12.763+0000] {dag.py:4180} INFO - Setting next_dagrun for latest_only_with_trigger to 2024-10-28 08:00:00+00:00, run_after=2024-10-28 12:00:00+00:00
[2024-10-28T13:34:12.781+0000] {processor.py:208} INFO - Processing /home/airflow/.local/lib/python3.12/site-packages/airflow/example_dags/example_latest_only_with_trigger.py took 0.064 seconds
[2024-10-28T13:34:43.387+0000] {processor.py:186} INFO - Started process (PID=1290) to work on /home/airflow/.local/lib/python3.12/site-packages/airflow/example_dags/example_latest_only_with_trigger.py
[2024-10-28T13:34:43.390+0000] {processor.py:914} INFO - Processing file /home/airflow/.local/lib/python3.12/site-packages/airflow/example_dags/example_latest_only_with_trigger.py for tasks to queue
[2024-10-28T13:34:43.392+0000] {logging_mixin.py:190} INFO - [2024-10-28T13:34:43.392+0000] {dagbag.py:588} INFO - Filling up the DagBag from /home/airflow/.local/lib/python3.12/site-packages/airflow/example_dags/example_latest_only_with_trigger.py
[2024-10-28T13:34:43.399+0000] {processor.py:925} INFO - DAG(s) 'latest_only_with_trigger' retrieved from /home/airflow/.local/lib/python3.12/site-packages/airflow/example_dags/example_latest_only_with_trigger.py
[2024-10-28T13:34:43.418+0000] {logging_mixin.py:190} INFO - [2024-10-28T13:34:43.417+0000] {dag.py:3239} INFO - Sync 1 DAGs
[2024-10-28T13:34:43.436+0000] {logging_mixin.py:190} INFO - [2024-10-28T13:34:43.435+0000] {dag.py:4180} INFO - Setting next_dagrun for latest_only_with_trigger to 2024-10-28 08:00:00+00:00, run_after=2024-10-28 12:00:00+00:00
[2024-10-28T13:34:43.455+0000] {processor.py:208} INFO - Processing /home/airflow/.local/lib/python3.12/site-packages/airflow/example_dags/example_latest_only_with_trigger.py took 0.077 seconds
[2024-10-28T13:35:14.377+0000] {processor.py:186} INFO - Started process (PID=1353) to work on /home/airflow/.local/lib/python3.12/site-packages/airflow/example_dags/example_latest_only_with_trigger.py
[2024-10-28T13:35:14.380+0000] {processor.py:914} INFO - Processing file /home/airflow/.local/lib/python3.12/site-packages/airflow/example_dags/example_latest_only_with_trigger.py for tasks to queue
[2024-10-28T13:35:14.384+0000] {logging_mixin.py:190} INFO - [2024-10-28T13:35:14.383+0000] {dagbag.py:588} INFO - Filling up the DagBag from /home/airflow/.local/lib/python3.12/site-packages/airflow/example_dags/example_latest_only_with_trigger.py
[2024-10-28T13:35:14.394+0000] {processor.py:925} INFO - DAG(s) 'latest_only_with_trigger' retrieved from /home/airflow/.local/lib/python3.12/site-packages/airflow/example_dags/example_latest_only_with_trigger.py
[2024-10-28T13:35:14.410+0000] {logging_mixin.py:190} INFO - [2024-10-28T13:35:14.409+0000] {dag.py:3239} INFO - Sync 1 DAGs
[2024-10-28T13:35:14.425+0000] {logging_mixin.py:190} INFO - [2024-10-28T13:35:14.425+0000] {dag.py:4180} INFO - Setting next_dagrun for latest_only_with_trigger to 2024-10-28 08:00:00+00:00, run_after=2024-10-28 12:00:00+00:00
[2024-10-28T13:35:14.475+0000] {processor.py:208} INFO - Processing /home/airflow/.local/lib/python3.12/site-packages/airflow/example_dags/example_latest_only_with_trigger.py took 0.103 seconds
[2024-10-28T13:35:45.089+0000] {processor.py:186} INFO - Started process (PID=1416) to work on /home/airflow/.local/lib/python3.12/site-packages/airflow/example_dags/example_latest_only_with_trigger.py
[2024-10-28T13:35:45.090+0000] {processor.py:914} INFO - Processing file /home/airflow/.local/lib/python3.12/site-packages/airflow/example_dags/example_latest_only_with_trigger.py for tasks to queue
[2024-10-28T13:35:45.092+0000] {logging_mixin.py:190} INFO - [2024-10-28T13:35:45.092+0000] {dagbag.py:588} INFO - Filling up the DagBag from /home/airflow/.local/lib/python3.12/site-packages/airflow/example_dags/example_latest_only_with_trigger.py
[2024-10-28T13:35:45.100+0000] {processor.py:925} INFO - DAG(s) 'latest_only_with_trigger' retrieved from /home/airflow/.local/lib/python3.12/site-packages/airflow/example_dags/example_latest_only_with_trigger.py
[2024-10-28T13:35:45.120+0000] {logging_mixin.py:190} INFO - [2024-10-28T13:35:45.119+0000] {dag.py:3239} INFO - Sync 1 DAGs
[2024-10-28T13:35:45.138+0000] {logging_mixin.py:190} INFO - [2024-10-28T13:35:45.138+0000] {dag.py:4180} INFO - Setting next_dagrun for latest_only_with_trigger to 2024-10-28 08:00:00+00:00, run_after=2024-10-28 12:00:00+00:00
[2024-10-28T13:35:45.151+0000] {processor.py:208} INFO - Processing /home/airflow/.local/lib/python3.12/site-packages/airflow/example_dags/example_latest_only_with_trigger.py took 0.067 seconds
[2024-10-28T13:36:15.791+0000] {processor.py:186} INFO - Started process (PID=1479) to work on /home/airflow/.local/lib/python3.12/site-packages/airflow/example_dags/example_latest_only_with_trigger.py
[2024-10-28T13:36:15.792+0000] {processor.py:914} INFO - Processing file /home/airflow/.local/lib/python3.12/site-packages/airflow/example_dags/example_latest_only_with_trigger.py for tasks to queue
[2024-10-28T13:36:15.794+0000] {logging_mixin.py:190} INFO - [2024-10-28T13:36:15.793+0000] {dagbag.py:588} INFO - Filling up the DagBag from /home/airflow/.local/lib/python3.12/site-packages/airflow/example_dags/example_latest_only_with_trigger.py
[2024-10-28T13:36:15.799+0000] {processor.py:925} INFO - DAG(s) 'latest_only_with_trigger' retrieved from /home/airflow/.local/lib/python3.12/site-packages/airflow/example_dags/example_latest_only_with_trigger.py
[2024-10-28T13:36:15.813+0000] {logging_mixin.py:190} INFO - [2024-10-28T13:36:15.813+0000] {dag.py:3239} INFO - Sync 1 DAGs
[2024-10-28T13:36:15.829+0000] {logging_mixin.py:190} INFO - [2024-10-28T13:36:15.829+0000] {dag.py:4180} INFO - Setting next_dagrun for latest_only_with_trigger to 2024-10-28 08:00:00+00:00, run_after=2024-10-28 12:00:00+00:00
[2024-10-28T13:36:15.843+0000] {processor.py:208} INFO - Processing /home/airflow/.local/lib/python3.12/site-packages/airflow/example_dags/example_latest_only_with_trigger.py took 0.056 seconds
[2024-10-28T13:36:45.899+0000] {processor.py:186} INFO - Started process (PID=1542) to work on /home/airflow/.local/lib/python3.12/site-packages/airflow/example_dags/example_latest_only_with_trigger.py
[2024-10-28T13:36:45.900+0000] {processor.py:914} INFO - Processing file /home/airflow/.local/lib/python3.12/site-packages/airflow/example_dags/example_latest_only_with_trigger.py for tasks to queue
[2024-10-28T13:36:45.902+0000] {logging_mixin.py:190} INFO - [2024-10-28T13:36:45.902+0000] {dagbag.py:588} INFO - Filling up the DagBag from /home/airflow/.local/lib/python3.12/site-packages/airflow/example_dags/example_latest_only_with_trigger.py
[2024-10-28T13:36:45.907+0000] {processor.py:925} INFO - DAG(s) 'latest_only_with_trigger' retrieved from /home/airflow/.local/lib/python3.12/site-packages/airflow/example_dags/example_latest_only_with_trigger.py
[2024-10-28T13:36:45.922+0000] {logging_mixin.py:190} INFO - [2024-10-28T13:36:45.922+0000] {dag.py:3239} INFO - Sync 1 DAGs
[2024-10-28T13:36:45.938+0000] {logging_mixin.py:190} INFO - [2024-10-28T13:36:45.938+0000] {dag.py:4180} INFO - Setting next_dagrun for latest_only_with_trigger to 2024-10-28 08:00:00+00:00, run_after=2024-10-28 12:00:00+00:00
[2024-10-28T13:36:45.954+0000] {processor.py:208} INFO - Processing /home/airflow/.local/lib/python3.12/site-packages/airflow/example_dags/example_latest_only_with_trigger.py took 0.059 seconds
[2024-10-28T13:37:16.309+0000] {processor.py:186} INFO - Started process (PID=1605) to work on /home/airflow/.local/lib/python3.12/site-packages/airflow/example_dags/example_latest_only_with_trigger.py
[2024-10-28T13:37:16.310+0000] {processor.py:914} INFO - Processing file /home/airflow/.local/lib/python3.12/site-packages/airflow/example_dags/example_latest_only_with_trigger.py for tasks to queue
[2024-10-28T13:37:16.313+0000] {logging_mixin.py:190} INFO - [2024-10-28T13:37:16.312+0000] {dagbag.py:588} INFO - Filling up the DagBag from /home/airflow/.local/lib/python3.12/site-packages/airflow/example_dags/example_latest_only_with_trigger.py
[2024-10-28T13:37:16.318+0000] {processor.py:925} INFO - DAG(s) 'latest_only_with_trigger' retrieved from /home/airflow/.local/lib/python3.12/site-packages/airflow/example_dags/example_latest_only_with_trigger.py
[2024-10-28T13:37:16.332+0000] {logging_mixin.py:190} INFO - [2024-10-28T13:37:16.331+0000] {dag.py:3239} INFO - Sync 1 DAGs
[2024-10-28T13:37:16.348+0000] {logging_mixin.py:190} INFO - [2024-10-28T13:37:16.347+0000] {dag.py:4180} INFO - Setting next_dagrun for latest_only_with_trigger to 2024-10-28 08:00:00+00:00, run_after=2024-10-28 12:00:00+00:00
[2024-10-28T13:37:16.362+0000] {processor.py:208} INFO - Processing /home/airflow/.local/lib/python3.12/site-packages/airflow/example_dags/example_latest_only_with_trigger.py took 0.059 seconds
[2024-10-28T13:37:46.892+0000] {processor.py:186} INFO - Started process (PID=1668) to work on /home/airflow/.local/lib/python3.12/site-packages/airflow/example_dags/example_latest_only_with_trigger.py
[2024-10-28T13:37:46.893+0000] {processor.py:914} INFO - Processing file /home/airflow/.local/lib/python3.12/site-packages/airflow/example_dags/example_latest_only_with_trigger.py for tasks to queue
[2024-10-28T13:37:46.895+0000] {logging_mixin.py:190} INFO - [2024-10-28T13:37:46.895+0000] {dagbag.py:588} INFO - Filling up the DagBag from /home/airflow/.local/lib/python3.12/site-packages/airflow/example_dags/example_latest_only_with_trigger.py
[2024-10-28T13:37:46.901+0000] {processor.py:925} INFO - DAG(s) 'latest_only_with_trigger' retrieved from /home/airflow/.local/lib/python3.12/site-packages/airflow/example_dags/example_latest_only_with_trigger.py
[2024-10-28T13:37:46.915+0000] {logging_mixin.py:190} INFO - [2024-10-28T13:37:46.915+0000] {dag.py:3239} INFO - Sync 1 DAGs
[2024-10-28T13:37:46.932+0000] {logging_mixin.py:190} INFO - [2024-10-28T13:37:46.931+0000] {dag.py:4180} INFO - Setting next_dagrun for latest_only_with_trigger to 2024-10-28 08:00:00+00:00, run_after=2024-10-28 12:00:00+00:00
[2024-10-28T13:37:46.946+0000] {processor.py:208} INFO - Processing /home/airflow/.local/lib/python3.12/site-packages/airflow/example_dags/example_latest_only_with_trigger.py took 0.058 seconds
[2024-10-28T13:38:17.514+0000] {processor.py:186} INFO - Started process (PID=1731) to work on /home/airflow/.local/lib/python3.12/site-packages/airflow/example_dags/example_latest_only_with_trigger.py
[2024-10-28T13:38:17.515+0000] {processor.py:914} INFO - Processing file /home/airflow/.local/lib/python3.12/site-packages/airflow/example_dags/example_latest_only_with_trigger.py for tasks to queue
[2024-10-28T13:38:17.517+0000] {logging_mixin.py:190} INFO - [2024-10-28T13:38:17.517+0000] {dagbag.py:588} INFO - Filling up the DagBag from /home/airflow/.local/lib/python3.12/site-packages/airflow/example_dags/example_latest_only_with_trigger.py
[2024-10-28T13:38:17.522+0000] {processor.py:925} INFO - DAG(s) 'latest_only_with_trigger' retrieved from /home/airflow/.local/lib/python3.12/site-packages/airflow/example_dags/example_latest_only_with_trigger.py
[2024-10-28T13:38:17.538+0000] {logging_mixin.py:190} INFO - [2024-10-28T13:38:17.538+0000] {dag.py:3239} INFO - Sync 1 DAGs
[2024-10-28T13:38:17.555+0000] {logging_mixin.py:190} INFO - [2024-10-28T13:38:17.555+0000] {dag.py:4180} INFO - Setting next_dagrun for latest_only_with_trigger to 2024-10-28 08:00:00+00:00, run_after=2024-10-28 12:00:00+00:00
[2024-10-28T13:38:17.570+0000] {processor.py:208} INFO - Processing /home/airflow/.local/lib/python3.12/site-packages/airflow/example_dags/example_latest_only_with_trigger.py took 0.060 seconds
[2024-10-28T13:38:47.984+0000] {processor.py:186} INFO - Started process (PID=1794) to work on /home/airflow/.local/lib/python3.12/site-packages/airflow/example_dags/example_latest_only_with_trigger.py
[2024-10-28T13:38:47.985+0000] {processor.py:914} INFO - Processing file /home/airflow/.local/lib/python3.12/site-packages/airflow/example_dags/example_latest_only_with_trigger.py for tasks to queue
[2024-10-28T13:38:47.987+0000] {logging_mixin.py:190} INFO - [2024-10-28T13:38:47.986+0000] {dagbag.py:588} INFO - Filling up the DagBag from /home/airflow/.local/lib/python3.12/site-packages/airflow/example_dags/example_latest_only_with_trigger.py
[2024-10-28T13:38:47.992+0000] {processor.py:925} INFO - DAG(s) 'latest_only_with_trigger' retrieved from /home/airflow/.local/lib/python3.12/site-packages/airflow/example_dags/example_latest_only_with_trigger.py
[2024-10-28T13:38:48.006+0000] {logging_mixin.py:190} INFO - [2024-10-28T13:38:48.006+0000] {dag.py:3239} INFO - Sync 1 DAGs
[2024-10-28T13:38:48.021+0000] {logging_mixin.py:190} INFO - [2024-10-28T13:38:48.020+0000] {dag.py:4180} INFO - Setting next_dagrun for latest_only_with_trigger to 2024-10-28 08:00:00+00:00, run_after=2024-10-28 12:00:00+00:00
[2024-10-28T13:38:48.036+0000] {processor.py:208} INFO - Processing /home/airflow/.local/lib/python3.12/site-packages/airflow/example_dags/example_latest_only_with_trigger.py took 0.056 seconds
[2024-10-28T13:39:18.507+0000] {processor.py:186} INFO - Started process (PID=1857) to work on /home/airflow/.local/lib/python3.12/site-packages/airflow/example_dags/example_latest_only_with_trigger.py
[2024-10-28T13:39:18.507+0000] {processor.py:914} INFO - Processing file /home/airflow/.local/lib/python3.12/site-packages/airflow/example_dags/example_latest_only_with_trigger.py for tasks to queue
[2024-10-28T13:39:18.509+0000] {logging_mixin.py:190} INFO - [2024-10-28T13:39:18.509+0000] {dagbag.py:588} INFO - Filling up the DagBag from /home/airflow/.local/lib/python3.12/site-packages/airflow/example_dags/example_latest_only_with_trigger.py
[2024-10-28T13:39:18.515+0000] {processor.py:925} INFO - DAG(s) 'latest_only_with_trigger' retrieved from /home/airflow/.local/lib/python3.12/site-packages/airflow/example_dags/example_latest_only_with_trigger.py
[2024-10-28T13:39:18.528+0000] {logging_mixin.py:190} INFO - [2024-10-28T13:39:18.528+0000] {dag.py:3239} INFO - Sync 1 DAGs
[2024-10-28T13:39:18.544+0000] {logging_mixin.py:190} INFO - [2024-10-28T13:39:18.544+0000] {dag.py:4180} INFO - Setting next_dagrun for latest_only_with_trigger to 2024-10-28 08:00:00+00:00, run_after=2024-10-28 12:00:00+00:00
[2024-10-28T13:39:18.557+0000] {processor.py:208} INFO - Processing /home/airflow/.local/lib/python3.12/site-packages/airflow/example_dags/example_latest_only_with_trigger.py took 0.055 seconds
[2024-10-28T13:39:49.272+0000] {processor.py:186} INFO - Started process (PID=1920) to work on /home/airflow/.local/lib/python3.12/site-packages/airflow/example_dags/example_latest_only_with_trigger.py
[2024-10-28T13:39:49.273+0000] {processor.py:914} INFO - Processing file /home/airflow/.local/lib/python3.12/site-packages/airflow/example_dags/example_latest_only_with_trigger.py for tasks to queue
[2024-10-28T13:39:49.276+0000] {logging_mixin.py:190} INFO - [2024-10-28T13:39:49.276+0000] {dagbag.py:588} INFO - Filling up the DagBag from /home/airflow/.local/lib/python3.12/site-packages/airflow/example_dags/example_latest_only_with_trigger.py
[2024-10-28T13:39:49.282+0000] {processor.py:925} INFO - DAG(s) 'latest_only_with_trigger' retrieved from /home/airflow/.local/lib/python3.12/site-packages/airflow/example_dags/example_latest_only_with_trigger.py
[2024-10-28T13:39:49.298+0000] {logging_mixin.py:190} INFO - [2024-10-28T13:39:49.298+0000] {dag.py:3239} INFO - Sync 1 DAGs
[2024-10-28T13:39:49.317+0000] {logging_mixin.py:190} INFO - [2024-10-28T13:39:49.316+0000] {dag.py:4180} INFO - Setting next_dagrun for latest_only_with_trigger to 2024-10-28 08:00:00+00:00, run_after=2024-10-28 12:00:00+00:00
[2024-10-28T13:39:49.332+0000] {processor.py:208} INFO - Processing /home/airflow/.local/lib/python3.12/site-packages/airflow/example_dags/example_latest_only_with_trigger.py took 0.065 seconds
[2024-10-28T13:40:19.627+0000] {processor.py:186} INFO - Started process (PID=1983) to work on /home/airflow/.local/lib/python3.12/site-packages/airflow/example_dags/example_latest_only_with_trigger.py
[2024-10-28T13:40:19.628+0000] {processor.py:914} INFO - Processing file /home/airflow/.local/lib/python3.12/site-packages/airflow/example_dags/example_latest_only_with_trigger.py for tasks to queue
[2024-10-28T13:40:19.630+0000] {logging_mixin.py:190} INFO - [2024-10-28T13:40:19.630+0000] {dagbag.py:588} INFO - Filling up the DagBag from /home/airflow/.local/lib/python3.12/site-packages/airflow/example_dags/example_latest_only_with_trigger.py
[2024-10-28T13:40:19.636+0000] {processor.py:925} INFO - DAG(s) 'latest_only_with_trigger' retrieved from /home/airflow/.local/lib/python3.12/site-packages/airflow/example_dags/example_latest_only_with_trigger.py
[2024-10-28T13:40:19.650+0000] {logging_mixin.py:190} INFO - [2024-10-28T13:40:19.650+0000] {dag.py:3239} INFO - Sync 1 DAGs
[2024-10-28T13:40:19.665+0000] {logging_mixin.py:190} INFO - [2024-10-28T13:40:19.665+0000] {dag.py:4180} INFO - Setting next_dagrun for latest_only_with_trigger to 2024-10-28 08:00:00+00:00, run_after=2024-10-28 12:00:00+00:00
[2024-10-28T13:40:19.679+0000] {processor.py:208} INFO - Processing /home/airflow/.local/lib/python3.12/site-packages/airflow/example_dags/example_latest_only_with_trigger.py took 0.056 seconds
[2024-10-28T13:40:50.353+0000] {processor.py:186} INFO - Started process (PID=2046) to work on /home/airflow/.local/lib/python3.12/site-packages/airflow/example_dags/example_latest_only_with_trigger.py
[2024-10-28T13:40:50.354+0000] {processor.py:914} INFO - Processing file /home/airflow/.local/lib/python3.12/site-packages/airflow/example_dags/example_latest_only_with_trigger.py for tasks to queue
[2024-10-28T13:40:50.356+0000] {logging_mixin.py:190} INFO - [2024-10-28T13:40:50.356+0000] {dagbag.py:588} INFO - Filling up the DagBag from /home/airflow/.local/lib/python3.12/site-packages/airflow/example_dags/example_latest_only_with_trigger.py
[2024-10-28T13:40:50.362+0000] {processor.py:925} INFO - DAG(s) 'latest_only_with_trigger' retrieved from /home/airflow/.local/lib/python3.12/site-packages/airflow/example_dags/example_latest_only_with_trigger.py
[2024-10-28T13:40:50.381+0000] {logging_mixin.py:190} INFO - [2024-10-28T13:40:50.381+0000] {dag.py:3239} INFO - Sync 1 DAGs
[2024-10-28T13:40:50.398+0000] {logging_mixin.py:190} INFO - [2024-10-28T13:40:50.398+0000] {dag.py:4180} INFO - Setting next_dagrun for latest_only_with_trigger to 2024-10-28 08:00:00+00:00, run_after=2024-10-28 12:00:00+00:00
[2024-10-28T13:40:50.413+0000] {processor.py:208} INFO - Processing /home/airflow/.local/lib/python3.12/site-packages/airflow/example_dags/example_latest_only_with_trigger.py took 0.066 seconds
[2024-10-28T13:41:21.441+0000] {processor.py:186} INFO - Started process (PID=2109) to work on /home/airflow/.local/lib/python3.12/site-packages/airflow/example_dags/example_latest_only_with_trigger.py
[2024-10-28T13:41:21.442+0000] {processor.py:914} INFO - Processing file /home/airflow/.local/lib/python3.12/site-packages/airflow/example_dags/example_latest_only_with_trigger.py for tasks to queue
[2024-10-28T13:41:21.445+0000] {logging_mixin.py:190} INFO - [2024-10-28T13:41:21.444+0000] {dagbag.py:588} INFO - Filling up the DagBag from /home/airflow/.local/lib/python3.12/site-packages/airflow/example_dags/example_latest_only_with_trigger.py
[2024-10-28T13:41:21.452+0000] {processor.py:925} INFO - DAG(s) 'latest_only_with_trigger' retrieved from /home/airflow/.local/lib/python3.12/site-packages/airflow/example_dags/example_latest_only_with_trigger.py
[2024-10-28T13:41:21.469+0000] {logging_mixin.py:190} INFO - [2024-10-28T13:41:21.469+0000] {dag.py:3239} INFO - Sync 1 DAGs
[2024-10-28T13:41:21.489+0000] {logging_mixin.py:190} INFO - [2024-10-28T13:41:21.489+0000] {dag.py:4180} INFO - Setting next_dagrun for latest_only_with_trigger to 2024-10-28 08:00:00+00:00, run_after=2024-10-28 12:00:00+00:00
[2024-10-28T13:41:21.508+0000] {processor.py:208} INFO - Processing /home/airflow/.local/lib/python3.12/site-packages/airflow/example_dags/example_latest_only_with_trigger.py took 0.073 seconds
[2024-10-28T13:41:52.181+0000] {processor.py:186} INFO - Started process (PID=2172) to work on /home/airflow/.local/lib/python3.12/site-packages/airflow/example_dags/example_latest_only_with_trigger.py
[2024-10-28T13:41:52.181+0000] {processor.py:914} INFO - Processing file /home/airflow/.local/lib/python3.12/site-packages/airflow/example_dags/example_latest_only_with_trigger.py for tasks to queue
[2024-10-28T13:41:52.184+0000] {logging_mixin.py:190} INFO - [2024-10-28T13:41:52.184+0000] {dagbag.py:588} INFO - Filling up the DagBag from /home/airflow/.local/lib/python3.12/site-packages/airflow/example_dags/example_latest_only_with_trigger.py
[2024-10-28T13:41:52.191+0000] {processor.py:925} INFO - DAG(s) 'latest_only_with_trigger' retrieved from /home/airflow/.local/lib/python3.12/site-packages/airflow/example_dags/example_latest_only_with_trigger.py
[2024-10-28T13:41:52.207+0000] {logging_mixin.py:190} INFO - [2024-10-28T13:41:52.207+0000] {dag.py:3239} INFO - Sync 1 DAGs
[2024-10-28T13:41:52.226+0000] {logging_mixin.py:190} INFO - [2024-10-28T13:41:52.226+0000] {dag.py:4180} INFO - Setting next_dagrun for latest_only_with_trigger to 2024-10-28 08:00:00+00:00, run_after=2024-10-28 12:00:00+00:00
[2024-10-28T13:41:52.243+0000] {processor.py:208} INFO - Processing /home/airflow/.local/lib/python3.12/site-packages/airflow/example_dags/example_latest_only_with_trigger.py took 0.067 seconds
[2024-10-28T13:42:23.025+0000] {processor.py:186} INFO - Started process (PID=2235) to work on /home/airflow/.local/lib/python3.12/site-packages/airflow/example_dags/example_latest_only_with_trigger.py
[2024-10-28T13:42:23.026+0000] {processor.py:914} INFO - Processing file /home/airflow/.local/lib/python3.12/site-packages/airflow/example_dags/example_latest_only_with_trigger.py for tasks to queue
[2024-10-28T13:42:23.027+0000] {logging_mixin.py:190} INFO - [2024-10-28T13:42:23.027+0000] {dagbag.py:588} INFO - Filling up the DagBag from /home/airflow/.local/lib/python3.12/site-packages/airflow/example_dags/example_latest_only_with_trigger.py
[2024-10-28T13:42:23.033+0000] {processor.py:925} INFO - DAG(s) 'latest_only_with_trigger' retrieved from /home/airflow/.local/lib/python3.12/site-packages/airflow/example_dags/example_latest_only_with_trigger.py
[2024-10-28T13:42:23.048+0000] {logging_mixin.py:190} INFO - [2024-10-28T13:42:23.048+0000] {dag.py:3239} INFO - Sync 1 DAGs
[2024-10-28T13:42:23.065+0000] {logging_mixin.py:190} INFO - [2024-10-28T13:42:23.065+0000] {dag.py:4180} INFO - Setting next_dagrun for latest_only_with_trigger to 2024-10-28 08:00:00+00:00, run_after=2024-10-28 12:00:00+00:00
[2024-10-28T13:42:23.079+0000] {processor.py:208} INFO - Processing /home/airflow/.local/lib/python3.12/site-packages/airflow/example_dags/example_latest_only_with_trigger.py took 0.058 seconds
[2024-10-28T13:42:54.243+0000] {processor.py:186} INFO - Started process (PID=2297) to work on /home/airflow/.local/lib/python3.12/site-packages/airflow/example_dags/example_latest_only_with_trigger.py
[2024-10-28T13:42:54.244+0000] {processor.py:914} INFO - Processing file /home/airflow/.local/lib/python3.12/site-packages/airflow/example_dags/example_latest_only_with_trigger.py for tasks to queue
[2024-10-28T13:42:54.245+0000] {logging_mixin.py:190} INFO - [2024-10-28T13:42:54.245+0000] {dagbag.py:588} INFO - Filling up the DagBag from /home/airflow/.local/lib/python3.12/site-packages/airflow/example_dags/example_latest_only_with_trigger.py
[2024-10-28T13:42:54.251+0000] {processor.py:925} INFO - DAG(s) 'latest_only_with_trigger' retrieved from /home/airflow/.local/lib/python3.12/site-packages/airflow/example_dags/example_latest_only_with_trigger.py
[2024-10-28T13:42:54.266+0000] {logging_mixin.py:190} INFO - [2024-10-28T13:42:54.265+0000] {dag.py:3239} INFO - Sync 1 DAGs
[2024-10-28T13:42:54.282+0000] {logging_mixin.py:190} INFO - [2024-10-28T13:42:54.282+0000] {dag.py:4180} INFO - Setting next_dagrun for latest_only_with_trigger to 2024-10-28 08:00:00+00:00, run_after=2024-10-28 12:00:00+00:00
[2024-10-28T13:42:54.297+0000] {processor.py:208} INFO - Processing /home/airflow/.local/lib/python3.12/site-packages/airflow/example_dags/example_latest_only_with_trigger.py took 0.058 seconds
[2024-10-28T13:43:24.912+0000] {processor.py:186} INFO - Started process (PID=2359) to work on /home/airflow/.local/lib/python3.12/site-packages/airflow/example_dags/example_latest_only_with_trigger.py
[2024-10-28T13:43:24.913+0000] {processor.py:914} INFO - Processing file /home/airflow/.local/lib/python3.12/site-packages/airflow/example_dags/example_latest_only_with_trigger.py for tasks to queue
[2024-10-28T13:43:24.914+0000] {logging_mixin.py:190} INFO - [2024-10-28T13:43:24.914+0000] {dagbag.py:588} INFO - Filling up the DagBag from /home/airflow/.local/lib/python3.12/site-packages/airflow/example_dags/example_latest_only_with_trigger.py
[2024-10-28T13:43:24.921+0000] {processor.py:925} INFO - DAG(s) 'latest_only_with_trigger' retrieved from /home/airflow/.local/lib/python3.12/site-packages/airflow/example_dags/example_latest_only_with_trigger.py
[2024-10-28T13:43:24.935+0000] {logging_mixin.py:190} INFO - [2024-10-28T13:43:24.935+0000] {dag.py:3239} INFO - Sync 1 DAGs
[2024-10-28T13:43:24.952+0000] {logging_mixin.py:190} INFO - [2024-10-28T13:43:24.952+0000] {dag.py:4180} INFO - Setting next_dagrun for latest_only_with_trigger to 2024-10-28 08:00:00+00:00, run_after=2024-10-28 12:00:00+00:00
[2024-10-28T13:43:24.967+0000] {processor.py:208} INFO - Processing /home/airflow/.local/lib/python3.12/site-packages/airflow/example_dags/example_latest_only_with_trigger.py took 0.059 seconds
[2024-10-28T13:43:55.509+0000] {processor.py:186} INFO - Started process (PID=2421) to work on /home/airflow/.local/lib/python3.12/site-packages/airflow/example_dags/example_latest_only_with_trigger.py
[2024-10-28T13:43:55.510+0000] {processor.py:914} INFO - Processing file /home/airflow/.local/lib/python3.12/site-packages/airflow/example_dags/example_latest_only_with_trigger.py for tasks to queue
[2024-10-28T13:43:55.517+0000] {logging_mixin.py:190} INFO - [2024-10-28T13:43:55.517+0000] {dagbag.py:588} INFO - Filling up the DagBag from /home/airflow/.local/lib/python3.12/site-packages/airflow/example_dags/example_latest_only_with_trigger.py
[2024-10-28T13:43:55.529+0000] {processor.py:925} INFO - DAG(s) 'latest_only_with_trigger' retrieved from /home/airflow/.local/lib/python3.12/site-packages/airflow/example_dags/example_latest_only_with_trigger.py
[2024-10-28T13:43:55.544+0000] {logging_mixin.py:190} INFO - [2024-10-28T13:43:55.544+0000] {dag.py:3239} INFO - Sync 1 DAGs
[2024-10-28T13:43:55.561+0000] {logging_mixin.py:190} INFO - [2024-10-28T13:43:55.561+0000] {dag.py:4180} INFO - Setting next_dagrun for latest_only_with_trigger to 2024-10-28 08:00:00+00:00, run_after=2024-10-28 12:00:00+00:00
[2024-10-28T13:43:55.578+0000] {processor.py:208} INFO - Processing /home/airflow/.local/lib/python3.12/site-packages/airflow/example_dags/example_latest_only_with_trigger.py took 0.074 seconds
