[2024-10-28T13:21:14.170+0000] {processor.py:186} INFO - Started process (PID=64) to work on /home/airflow/.local/lib/python3.12/site-packages/airflow/example_dags/example_subdag_operator.py
[2024-10-28T13:21:14.171+0000] {processor.py:914} INFO - Processing file /home/airflow/.local/lib/python3.12/site-packages/airflow/example_dags/example_subdag_operator.py for tasks to queue
[2024-10-28T13:21:14.173+0000] {logging_mixin.py:190} INFO - [2024-10-28T13:21:14.173+0000] {dagbag.py:588} INFO - Filling up the DagBag from /home/airflow/.local/lib/python3.12/site-packages/airflow/example_dags/example_subdag_operator.py
[2024-10-28T13:21:14.194+0000] {processor.py:925} INFO - DAG(s) 'example_subdag_operator.section-1', 'example_subdag_operator.section-2', 'example_subdag_operator' retrieved from /home/airflow/.local/lib/python3.12/site-packages/airflow/example_dags/example_subdag_operator.py
[2024-10-28T13:21:14.274+0000] {logging_mixin.py:190} INFO - [2024-10-28T13:21:14.273+0000] {override.py:1900} INFO - Created Permission View: can delete on DAG:example_subdag_operator
[2024-10-28T13:21:14.284+0000] {logging_mixin.py:190} INFO - [2024-10-28T13:21:14.284+0000] {override.py:1900} INFO - Created Permission View: can edit on DAG:example_subdag_operator
[2024-10-28T13:21:14.292+0000] {logging_mixin.py:190} INFO - [2024-10-28T13:21:14.292+0000] {override.py:1900} INFO - Created Permission View: can read on DAG:example_subdag_operator
[2024-10-28T13:21:14.302+0000] {logging_mixin.py:190} INFO - [2024-10-28T13:21:14.301+0000] {override.py:1900} INFO - Created Permission View: can create on DAG Run:example_subdag_operator
[2024-10-28T13:21:14.307+0000] {logging_mixin.py:190} INFO - [2024-10-28T13:21:14.307+0000] {override.py:1900} INFO - Created Permission View: menu access on DAG Run:example_subdag_operator
[2024-10-28T13:21:14.314+0000] {logging_mixin.py:190} INFO - [2024-10-28T13:21:14.314+0000] {override.py:1900} INFO - Created Permission View: can read on DAG Run:example_subdag_operator
[2024-10-28T13:21:14.319+0000] {logging_mixin.py:190} INFO - [2024-10-28T13:21:14.319+0000] {override.py:1900} INFO - Created Permission View: can delete on DAG Run:example_subdag_operator
[2024-10-28T13:21:14.320+0000] {logging_mixin.py:190} INFO - [2024-10-28T13:21:14.320+0000] {dag.py:3239} INFO - Sync 3 DAGs
[2024-10-28T13:21:14.329+0000] {logging_mixin.py:190} INFO - [2024-10-28T13:21:14.329+0000] {dag.py:3262} INFO - Creating ORM DAG for example_subdag_operator
[2024-10-28T13:21:14.330+0000] {logging_mixin.py:190} INFO - [2024-10-28T13:21:14.330+0000] {dag.py:3262} INFO - Creating ORM DAG for example_subdag_operator.section-1
[2024-10-28T13:21:14.330+0000] {logging_mixin.py:190} INFO - [2024-10-28T13:21:14.330+0000] {dag.py:3262} INFO - Creating ORM DAG for example_subdag_operator.section-2
[2024-10-28T13:21:14.337+0000] {logging_mixin.py:190} INFO - [2024-10-28T13:21:14.336+0000] {dag.py:4180} INFO - Setting next_dagrun for example_subdag_operator to 2022-01-01 00:00:00+00:00, run_after=2022-01-01 00:00:00+00:00
[2024-10-28T13:21:14.337+0000] {logging_mixin.py:190} INFO - [2024-10-28T13:21:14.337+0000] {dag.py:4180} INFO - Setting next_dagrun for example_subdag_operator.section-1 to None, run_after=None
[2024-10-28T13:21:14.338+0000] {logging_mixin.py:190} INFO - [2024-10-28T13:21:14.338+0000] {dag.py:4180} INFO - Setting next_dagrun for example_subdag_operator.section-2 to None, run_after=None
[2024-10-28T13:21:14.348+0000] {logging_mixin.py:190} INFO - [2024-10-28T13:21:14.347+0000] {dag.py:3239} INFO - Sync 2 DAGs
[2024-10-28T13:21:14.352+0000] {logging_mixin.py:190} INFO - [2024-10-28T13:21:14.352+0000] {dag.py:4180} INFO - Setting next_dagrun for example_subdag_operator.section-1 to None, run_after=None
[2024-10-28T13:21:14.354+0000] {logging_mixin.py:190} INFO - [2024-10-28T13:21:14.354+0000] {dag.py:4180} INFO - Setting next_dagrun for example_subdag_operator.section-2 to None, run_after=None
[2024-10-28T13:21:14.366+0000] {processor.py:208} INFO - Processing /home/airflow/.local/lib/python3.12/site-packages/airflow/example_dags/example_subdag_operator.py took 0.200 seconds
[2024-10-28T13:21:44.533+0000] {processor.py:186} INFO - Started process (PID=127) to work on /home/airflow/.local/lib/python3.12/site-packages/airflow/example_dags/example_subdag_operator.py
[2024-10-28T13:21:44.534+0000] {processor.py:914} INFO - Processing file /home/airflow/.local/lib/python3.12/site-packages/airflow/example_dags/example_subdag_operator.py for tasks to queue
[2024-10-28T13:21:44.536+0000] {logging_mixin.py:190} INFO - [2024-10-28T13:21:44.536+0000] {dagbag.py:588} INFO - Filling up the DagBag from /home/airflow/.local/lib/python3.12/site-packages/airflow/example_dags/example_subdag_operator.py
[2024-10-28T13:21:44.555+0000] {processor.py:925} INFO - DAG(s) 'example_subdag_operator.section-1', 'example_subdag_operator.section-2', 'example_subdag_operator' retrieved from /home/airflow/.local/lib/python3.12/site-packages/airflow/example_dags/example_subdag_operator.py
[2024-10-28T13:21:44.567+0000] {logging_mixin.py:190} INFO - [2024-10-28T13:21:44.566+0000] {dag.py:3239} INFO - Sync 3 DAGs
[2024-10-28T13:21:44.586+0000] {logging_mixin.py:190} INFO - [2024-10-28T13:21:44.586+0000] {dag.py:4180} INFO - Setting next_dagrun for example_subdag_operator to 2022-01-01 00:00:00+00:00, run_after=2022-01-01 00:00:00+00:00
[2024-10-28T13:21:44.589+0000] {logging_mixin.py:190} INFO - [2024-10-28T13:21:44.588+0000] {dag.py:4180} INFO - Setting next_dagrun for example_subdag_operator.section-1 to None, run_after=None
[2024-10-28T13:21:44.590+0000] {logging_mixin.py:190} INFO - [2024-10-28T13:21:44.589+0000] {dag.py:4180} INFO - Setting next_dagrun for example_subdag_operator.section-2 to None, run_after=None
[2024-10-28T13:21:44.595+0000] {logging_mixin.py:190} INFO - [2024-10-28T13:21:44.594+0000] {dag.py:3239} INFO - Sync 2 DAGs
[2024-10-28T13:21:44.598+0000] {logging_mixin.py:190} INFO - [2024-10-28T13:21:44.598+0000] {dag.py:4180} INFO - Setting next_dagrun for example_subdag_operator.section-1 to None, run_after=None
[2024-10-28T13:21:44.599+0000] {logging_mixin.py:190} INFO - [2024-10-28T13:21:44.599+0000] {dag.py:4180} INFO - Setting next_dagrun for example_subdag_operator.section-2 to None, run_after=None
[2024-10-28T13:21:44.608+0000] {processor.py:208} INFO - Processing /home/airflow/.local/lib/python3.12/site-packages/airflow/example_dags/example_subdag_operator.py took 0.079 seconds
[2024-10-28T13:22:15.165+0000] {processor.py:186} INFO - Started process (PID=190) to work on /home/airflow/.local/lib/python3.12/site-packages/airflow/example_dags/example_subdag_operator.py
[2024-10-28T13:22:15.166+0000] {processor.py:914} INFO - Processing file /home/airflow/.local/lib/python3.12/site-packages/airflow/example_dags/example_subdag_operator.py for tasks to queue
[2024-10-28T13:22:15.170+0000] {logging_mixin.py:190} INFO - [2024-10-28T13:22:15.169+0000] {dagbag.py:588} INFO - Filling up the DagBag from /home/airflow/.local/lib/python3.12/site-packages/airflow/example_dags/example_subdag_operator.py
[2024-10-28T13:22:15.203+0000] {processor.py:925} INFO - DAG(s) 'example_subdag_operator.section-1', 'example_subdag_operator.section-2', 'example_subdag_operator' retrieved from /home/airflow/.local/lib/python3.12/site-packages/airflow/example_dags/example_subdag_operator.py
[2024-10-28T13:22:15.227+0000] {logging_mixin.py:190} INFO - [2024-10-28T13:22:15.227+0000] {dag.py:3239} INFO - Sync 3 DAGs
[2024-10-28T13:22:15.255+0000] {logging_mixin.py:190} INFO - [2024-10-28T13:22:15.255+0000] {dag.py:4180} INFO - Setting next_dagrun for example_subdag_operator to 2022-01-01 00:00:00+00:00, run_after=2022-01-01 00:00:00+00:00
[2024-10-28T13:22:15.261+0000] {logging_mixin.py:190} INFO - [2024-10-28T13:22:15.260+0000] {dag.py:4180} INFO - Setting next_dagrun for example_subdag_operator.section-1 to None, run_after=None
[2024-10-28T13:22:15.263+0000] {logging_mixin.py:190} INFO - [2024-10-28T13:22:15.262+0000] {dag.py:4180} INFO - Setting next_dagrun for example_subdag_operator.section-2 to None, run_after=None
[2024-10-28T13:22:15.271+0000] {logging_mixin.py:190} INFO - [2024-10-28T13:22:15.271+0000] {dag.py:3239} INFO - Sync 2 DAGs
[2024-10-28T13:22:15.278+0000] {logging_mixin.py:190} INFO - [2024-10-28T13:22:15.278+0000] {dag.py:4180} INFO - Setting next_dagrun for example_subdag_operator.section-1 to None, run_after=None
[2024-10-28T13:22:15.279+0000] {logging_mixin.py:190} INFO - [2024-10-28T13:22:15.278+0000] {dag.py:4180} INFO - Setting next_dagrun for example_subdag_operator.section-2 to None, run_after=None
[2024-10-28T13:22:15.292+0000] {processor.py:208} INFO - Processing /home/airflow/.local/lib/python3.12/site-packages/airflow/example_dags/example_subdag_operator.py took 0.133 seconds
[2024-10-28T13:24:58.919+0000] {processor.py:186} INFO - Started process (PID=64) to work on /home/airflow/.local/lib/python3.12/site-packages/airflow/example_dags/example_subdag_operator.py
[2024-10-28T13:24:58.920+0000] {processor.py:914} INFO - Processing file /home/airflow/.local/lib/python3.12/site-packages/airflow/example_dags/example_subdag_operator.py for tasks to queue
[2024-10-28T13:24:58.922+0000] {logging_mixin.py:190} INFO - [2024-10-28T13:24:58.922+0000] {dagbag.py:588} INFO - Filling up the DagBag from /home/airflow/.local/lib/python3.12/site-packages/airflow/example_dags/example_subdag_operator.py
[2024-10-28T13:24:58.945+0000] {processor.py:925} INFO - DAG(s) 'example_subdag_operator.section-1', 'example_subdag_operator.section-2', 'example_subdag_operator' retrieved from /home/airflow/.local/lib/python3.12/site-packages/airflow/example_dags/example_subdag_operator.py
[2024-10-28T13:24:58.963+0000] {logging_mixin.py:190} INFO - [2024-10-28T13:24:58.963+0000] {dag.py:3239} INFO - Sync 3 DAGs
[2024-10-28T13:24:58.983+0000] {logging_mixin.py:190} INFO - [2024-10-28T13:24:58.982+0000] {dag.py:4180} INFO - Setting next_dagrun for example_subdag_operator to 2022-01-01 00:00:00+00:00, run_after=2022-01-01 00:00:00+00:00
[2024-10-28T13:24:58.985+0000] {logging_mixin.py:190} INFO - [2024-10-28T13:24:58.985+0000] {dag.py:4180} INFO - Setting next_dagrun for example_subdag_operator.section-1 to None, run_after=None
[2024-10-28T13:24:58.987+0000] {logging_mixin.py:190} INFO - [2024-10-28T13:24:58.987+0000] {dag.py:4180} INFO - Setting next_dagrun for example_subdag_operator.section-2 to None, run_after=None
[2024-10-28T13:24:58.993+0000] {logging_mixin.py:190} INFO - [2024-10-28T13:24:58.993+0000] {dag.py:3239} INFO - Sync 2 DAGs
[2024-10-28T13:24:58.998+0000] {logging_mixin.py:190} INFO - [2024-10-28T13:24:58.998+0000] {dag.py:4180} INFO - Setting next_dagrun for example_subdag_operator.section-1 to None, run_after=None
[2024-10-28T13:24:58.999+0000] {logging_mixin.py:190} INFO - [2024-10-28T13:24:58.999+0000] {dag.py:4180} INFO - Setting next_dagrun for example_subdag_operator.section-2 to None, run_after=None
[2024-10-28T13:24:59.011+0000] {processor.py:208} INFO - Processing /home/airflow/.local/lib/python3.12/site-packages/airflow/example_dags/example_subdag_operator.py took 0.096 seconds
[2024-10-28T13:25:29.423+0000] {processor.py:186} INFO - Started process (PID=126) to work on /home/airflow/.local/lib/python3.12/site-packages/airflow/example_dags/example_subdag_operator.py
[2024-10-28T13:25:29.424+0000] {processor.py:914} INFO - Processing file /home/airflow/.local/lib/python3.12/site-packages/airflow/example_dags/example_subdag_operator.py for tasks to queue
[2024-10-28T13:25:29.426+0000] {logging_mixin.py:190} INFO - [2024-10-28T13:25:29.426+0000] {dagbag.py:588} INFO - Filling up the DagBag from /home/airflow/.local/lib/python3.12/site-packages/airflow/example_dags/example_subdag_operator.py
[2024-10-28T13:25:29.446+0000] {processor.py:925} INFO - DAG(s) 'example_subdag_operator.section-1', 'example_subdag_operator.section-2', 'example_subdag_operator' retrieved from /home/airflow/.local/lib/python3.12/site-packages/airflow/example_dags/example_subdag_operator.py
[2024-10-28T13:25:29.457+0000] {logging_mixin.py:190} INFO - [2024-10-28T13:25:29.456+0000] {dag.py:3239} INFO - Sync 3 DAGs
[2024-10-28T13:25:29.474+0000] {logging_mixin.py:190} INFO - [2024-10-28T13:25:29.474+0000] {dag.py:4180} INFO - Setting next_dagrun for example_subdag_operator to 2022-01-01 00:00:00+00:00, run_after=2022-01-01 00:00:00+00:00
[2024-10-28T13:25:29.477+0000] {logging_mixin.py:190} INFO - [2024-10-28T13:25:29.477+0000] {dag.py:4180} INFO - Setting next_dagrun for example_subdag_operator.section-1 to None, run_after=None
[2024-10-28T13:25:29.479+0000] {logging_mixin.py:190} INFO - [2024-10-28T13:25:29.479+0000] {dag.py:4180} INFO - Setting next_dagrun for example_subdag_operator.section-2 to None, run_after=None
[2024-10-28T13:25:29.485+0000] {logging_mixin.py:190} INFO - [2024-10-28T13:25:29.485+0000] {dag.py:3239} INFO - Sync 2 DAGs
[2024-10-28T13:25:29.490+0000] {logging_mixin.py:190} INFO - [2024-10-28T13:25:29.489+0000] {dag.py:4180} INFO - Setting next_dagrun for example_subdag_operator.section-1 to None, run_after=None
[2024-10-28T13:25:29.491+0000] {logging_mixin.py:190} INFO - [2024-10-28T13:25:29.491+0000] {dag.py:4180} INFO - Setting next_dagrun for example_subdag_operator.section-2 to None, run_after=None
[2024-10-28T13:25:29.501+0000] {processor.py:208} INFO - Processing /home/airflow/.local/lib/python3.12/site-packages/airflow/example_dags/example_subdag_operator.py took 0.082 seconds
[2024-10-28T13:26:00.351+0000] {processor.py:186} INFO - Started process (PID=189) to work on /home/airflow/.local/lib/python3.12/site-packages/airflow/example_dags/example_subdag_operator.py
[2024-10-28T13:26:00.352+0000] {processor.py:914} INFO - Processing file /home/airflow/.local/lib/python3.12/site-packages/airflow/example_dags/example_subdag_operator.py for tasks to queue
[2024-10-28T13:26:00.354+0000] {logging_mixin.py:190} INFO - [2024-10-28T13:26:00.353+0000] {dagbag.py:588} INFO - Filling up the DagBag from /home/airflow/.local/lib/python3.12/site-packages/airflow/example_dags/example_subdag_operator.py
[2024-10-28T13:26:00.372+0000] {processor.py:925} INFO - DAG(s) 'example_subdag_operator.section-1', 'example_subdag_operator.section-2', 'example_subdag_operator' retrieved from /home/airflow/.local/lib/python3.12/site-packages/airflow/example_dags/example_subdag_operator.py
[2024-10-28T13:26:00.385+0000] {logging_mixin.py:190} INFO - [2024-10-28T13:26:00.385+0000] {dag.py:3239} INFO - Sync 3 DAGs
[2024-10-28T13:26:00.402+0000] {logging_mixin.py:190} INFO - [2024-10-28T13:26:00.402+0000] {dag.py:4180} INFO - Setting next_dagrun for example_subdag_operator to 2022-01-01 00:00:00+00:00, run_after=2022-01-01 00:00:00+00:00
[2024-10-28T13:26:00.405+0000] {logging_mixin.py:190} INFO - [2024-10-28T13:26:00.405+0000] {dag.py:4180} INFO - Setting next_dagrun for example_subdag_operator.section-1 to None, run_after=None
[2024-10-28T13:26:00.407+0000] {logging_mixin.py:190} INFO - [2024-10-28T13:26:00.406+0000] {dag.py:4180} INFO - Setting next_dagrun for example_subdag_operator.section-2 to None, run_after=None
[2024-10-28T13:26:00.411+0000] {logging_mixin.py:190} INFO - [2024-10-28T13:26:00.411+0000] {dag.py:3239} INFO - Sync 2 DAGs
[2024-10-28T13:26:00.415+0000] {logging_mixin.py:190} INFO - [2024-10-28T13:26:00.415+0000] {dag.py:4180} INFO - Setting next_dagrun for example_subdag_operator.section-1 to None, run_after=None
[2024-10-28T13:26:00.417+0000] {logging_mixin.py:190} INFO - [2024-10-28T13:26:00.417+0000] {dag.py:4180} INFO - Setting next_dagrun for example_subdag_operator.section-2 to None, run_after=None
[2024-10-28T13:26:00.426+0000] {processor.py:208} INFO - Processing /home/airflow/.local/lib/python3.12/site-packages/airflow/example_dags/example_subdag_operator.py took 0.080 seconds
[2024-10-28T13:26:30.969+0000] {processor.py:186} INFO - Started process (PID=252) to work on /home/airflow/.local/lib/python3.12/site-packages/airflow/example_dags/example_subdag_operator.py
[2024-10-28T13:26:30.970+0000] {processor.py:914} INFO - Processing file /home/airflow/.local/lib/python3.12/site-packages/airflow/example_dags/example_subdag_operator.py for tasks to queue
[2024-10-28T13:26:30.972+0000] {logging_mixin.py:190} INFO - [2024-10-28T13:26:30.972+0000] {dagbag.py:588} INFO - Filling up the DagBag from /home/airflow/.local/lib/python3.12/site-packages/airflow/example_dags/example_subdag_operator.py
[2024-10-28T13:26:30.990+0000] {processor.py:925} INFO - DAG(s) 'example_subdag_operator.section-1', 'example_subdag_operator.section-2', 'example_subdag_operator' retrieved from /home/airflow/.local/lib/python3.12/site-packages/airflow/example_dags/example_subdag_operator.py
[2024-10-28T13:26:31.001+0000] {logging_mixin.py:190} INFO - [2024-10-28T13:26:31.000+0000] {dag.py:3239} INFO - Sync 3 DAGs
[2024-10-28T13:26:31.017+0000] {logging_mixin.py:190} INFO - [2024-10-28T13:26:31.017+0000] {dag.py:4180} INFO - Setting next_dagrun for example_subdag_operator to 2022-01-01 00:00:00+00:00, run_after=2022-01-01 00:00:00+00:00
[2024-10-28T13:26:31.020+0000] {logging_mixin.py:190} INFO - [2024-10-28T13:26:31.020+0000] {dag.py:4180} INFO - Setting next_dagrun for example_subdag_operator.section-1 to None, run_after=None
[2024-10-28T13:26:31.021+0000] {logging_mixin.py:190} INFO - [2024-10-28T13:26:31.021+0000] {dag.py:4180} INFO - Setting next_dagrun for example_subdag_operator.section-2 to None, run_after=None
[2024-10-28T13:26:31.027+0000] {logging_mixin.py:190} INFO - [2024-10-28T13:26:31.027+0000] {dag.py:3239} INFO - Sync 2 DAGs
[2024-10-28T13:26:31.031+0000] {logging_mixin.py:190} INFO - [2024-10-28T13:26:31.031+0000] {dag.py:4180} INFO - Setting next_dagrun for example_subdag_operator.section-1 to None, run_after=None
[2024-10-28T13:26:31.032+0000] {logging_mixin.py:190} INFO - [2024-10-28T13:26:31.031+0000] {dag.py:4180} INFO - Setting next_dagrun for example_subdag_operator.section-2 to None, run_after=None
[2024-10-28T13:26:31.042+0000] {processor.py:208} INFO - Processing /home/airflow/.local/lib/python3.12/site-packages/airflow/example_dags/example_subdag_operator.py took 0.078 seconds
[2024-10-28T13:27:01.084+0000] {processor.py:186} INFO - Started process (PID=315) to work on /home/airflow/.local/lib/python3.12/site-packages/airflow/example_dags/example_subdag_operator.py
[2024-10-28T13:27:01.086+0000] {processor.py:914} INFO - Processing file /home/airflow/.local/lib/python3.12/site-packages/airflow/example_dags/example_subdag_operator.py for tasks to queue
[2024-10-28T13:27:01.088+0000] {logging_mixin.py:190} INFO - [2024-10-28T13:27:01.088+0000] {dagbag.py:588} INFO - Filling up the DagBag from /home/airflow/.local/lib/python3.12/site-packages/airflow/example_dags/example_subdag_operator.py
[2024-10-28T13:27:01.107+0000] {processor.py:925} INFO - DAG(s) 'example_subdag_operator.section-1', 'example_subdag_operator.section-2', 'example_subdag_operator' retrieved from /home/airflow/.local/lib/python3.12/site-packages/airflow/example_dags/example_subdag_operator.py
[2024-10-28T13:27:01.118+0000] {logging_mixin.py:190} INFO - [2024-10-28T13:27:01.117+0000] {dag.py:3239} INFO - Sync 3 DAGs
[2024-10-28T13:27:01.134+0000] {logging_mixin.py:190} INFO - [2024-10-28T13:27:01.134+0000] {dag.py:4180} INFO - Setting next_dagrun for example_subdag_operator to 2022-01-01 00:00:00+00:00, run_after=2022-01-01 00:00:00+00:00
[2024-10-28T13:27:01.141+0000] {logging_mixin.py:190} INFO - [2024-10-28T13:27:01.141+0000] {dag.py:4180} INFO - Setting next_dagrun for example_subdag_operator.section-1 to None, run_after=None
[2024-10-28T13:27:01.144+0000] {logging_mixin.py:190} INFO - [2024-10-28T13:27:01.144+0000] {dag.py:4180} INFO - Setting next_dagrun for example_subdag_operator.section-2 to None, run_after=None
[2024-10-28T13:27:01.150+0000] {logging_mixin.py:190} INFO - [2024-10-28T13:27:01.150+0000] {dag.py:3239} INFO - Sync 2 DAGs
[2024-10-28T13:27:01.154+0000] {logging_mixin.py:190} INFO - [2024-10-28T13:27:01.154+0000] {dag.py:4180} INFO - Setting next_dagrun for example_subdag_operator.section-1 to None, run_after=None
[2024-10-28T13:27:01.155+0000] {logging_mixin.py:190} INFO - [2024-10-28T13:27:01.155+0000] {dag.py:4180} INFO - Setting next_dagrun for example_subdag_operator.section-2 to None, run_after=None
[2024-10-28T13:27:01.165+0000] {processor.py:208} INFO - Processing /home/airflow/.local/lib/python3.12/site-packages/airflow/example_dags/example_subdag_operator.py took 0.085 seconds
[2024-10-28T13:27:31.534+0000] {processor.py:186} INFO - Started process (PID=378) to work on /home/airflow/.local/lib/python3.12/site-packages/airflow/example_dags/example_subdag_operator.py
[2024-10-28T13:27:31.535+0000] {processor.py:914} INFO - Processing file /home/airflow/.local/lib/python3.12/site-packages/airflow/example_dags/example_subdag_operator.py for tasks to queue
[2024-10-28T13:27:31.537+0000] {logging_mixin.py:190} INFO - [2024-10-28T13:27:31.537+0000] {dagbag.py:588} INFO - Filling up the DagBag from /home/airflow/.local/lib/python3.12/site-packages/airflow/example_dags/example_subdag_operator.py
[2024-10-28T13:27:31.554+0000] {processor.py:925} INFO - DAG(s) 'example_subdag_operator.section-1', 'example_subdag_operator.section-2', 'example_subdag_operator' retrieved from /home/airflow/.local/lib/python3.12/site-packages/airflow/example_dags/example_subdag_operator.py
[2024-10-28T13:27:31.566+0000] {logging_mixin.py:190} INFO - [2024-10-28T13:27:31.565+0000] {dag.py:3239} INFO - Sync 3 DAGs
[2024-10-28T13:27:31.581+0000] {logging_mixin.py:190} INFO - [2024-10-28T13:27:31.581+0000] {dag.py:4180} INFO - Setting next_dagrun for example_subdag_operator to 2022-01-01 00:00:00+00:00, run_after=2022-01-01 00:00:00+00:00
[2024-10-28T13:27:31.584+0000] {logging_mixin.py:190} INFO - [2024-10-28T13:27:31.584+0000] {dag.py:4180} INFO - Setting next_dagrun for example_subdag_operator.section-1 to None, run_after=None
[2024-10-28T13:27:31.585+0000] {logging_mixin.py:190} INFO - [2024-10-28T13:27:31.585+0000] {dag.py:4180} INFO - Setting next_dagrun for example_subdag_operator.section-2 to None, run_after=None
[2024-10-28T13:27:31.591+0000] {logging_mixin.py:190} INFO - [2024-10-28T13:27:31.591+0000] {dag.py:3239} INFO - Sync 2 DAGs
[2024-10-28T13:27:31.595+0000] {logging_mixin.py:190} INFO - [2024-10-28T13:27:31.595+0000] {dag.py:4180} INFO - Setting next_dagrun for example_subdag_operator.section-1 to None, run_after=None
[2024-10-28T13:27:31.595+0000] {logging_mixin.py:190} INFO - [2024-10-28T13:27:31.595+0000] {dag.py:4180} INFO - Setting next_dagrun for example_subdag_operator.section-2 to None, run_after=None
[2024-10-28T13:27:31.631+0000] {processor.py:208} INFO - Processing /home/airflow/.local/lib/python3.12/site-packages/airflow/example_dags/example_subdag_operator.py took 0.102 seconds
[2024-10-28T13:28:02.075+0000] {processor.py:186} INFO - Started process (PID=441) to work on /home/airflow/.local/lib/python3.12/site-packages/airflow/example_dags/example_subdag_operator.py
[2024-10-28T13:28:02.076+0000] {processor.py:914} INFO - Processing file /home/airflow/.local/lib/python3.12/site-packages/airflow/example_dags/example_subdag_operator.py for tasks to queue
[2024-10-28T13:28:02.078+0000] {logging_mixin.py:190} INFO - [2024-10-28T13:28:02.078+0000] {dagbag.py:588} INFO - Filling up the DagBag from /home/airflow/.local/lib/python3.12/site-packages/airflow/example_dags/example_subdag_operator.py
[2024-10-28T13:28:02.097+0000] {processor.py:925} INFO - DAG(s) 'example_subdag_operator.section-1', 'example_subdag_operator.section-2', 'example_subdag_operator' retrieved from /home/airflow/.local/lib/python3.12/site-packages/airflow/example_dags/example_subdag_operator.py
[2024-10-28T13:28:02.108+0000] {logging_mixin.py:190} INFO - [2024-10-28T13:28:02.108+0000] {dag.py:3239} INFO - Sync 3 DAGs
[2024-10-28T13:28:02.124+0000] {logging_mixin.py:190} INFO - [2024-10-28T13:28:02.124+0000] {dag.py:4180} INFO - Setting next_dagrun for example_subdag_operator to 2022-01-01 00:00:00+00:00, run_after=2022-01-01 00:00:00+00:00
[2024-10-28T13:28:02.127+0000] {logging_mixin.py:190} INFO - [2024-10-28T13:28:02.126+0000] {dag.py:4180} INFO - Setting next_dagrun for example_subdag_operator.section-1 to None, run_after=None
[2024-10-28T13:28:02.128+0000] {logging_mixin.py:190} INFO - [2024-10-28T13:28:02.128+0000] {dag.py:4180} INFO - Setting next_dagrun for example_subdag_operator.section-2 to None, run_after=None
[2024-10-28T13:28:02.134+0000] {logging_mixin.py:190} INFO - [2024-10-28T13:28:02.133+0000] {dag.py:3239} INFO - Sync 2 DAGs
[2024-10-28T13:28:02.138+0000] {logging_mixin.py:190} INFO - [2024-10-28T13:28:02.138+0000] {dag.py:4180} INFO - Setting next_dagrun for example_subdag_operator.section-1 to None, run_after=None
[2024-10-28T13:28:02.140+0000] {logging_mixin.py:190} INFO - [2024-10-28T13:28:02.140+0000] {dag.py:4180} INFO - Setting next_dagrun for example_subdag_operator.section-2 to None, run_after=None
[2024-10-28T13:28:02.152+0000] {processor.py:208} INFO - Processing /home/airflow/.local/lib/python3.12/site-packages/airflow/example_dags/example_subdag_operator.py took 0.082 seconds
[2024-10-28T13:28:32.859+0000] {processor.py:186} INFO - Started process (PID=510) to work on /home/airflow/.local/lib/python3.12/site-packages/airflow/example_dags/example_subdag_operator.py
[2024-10-28T13:28:32.860+0000] {processor.py:914} INFO - Processing file /home/airflow/.local/lib/python3.12/site-packages/airflow/example_dags/example_subdag_operator.py for tasks to queue
[2024-10-28T13:28:32.861+0000] {logging_mixin.py:190} INFO - [2024-10-28T13:28:32.861+0000] {dagbag.py:588} INFO - Filling up the DagBag from /home/airflow/.local/lib/python3.12/site-packages/airflow/example_dags/example_subdag_operator.py
[2024-10-28T13:28:32.880+0000] {processor.py:925} INFO - DAG(s) 'example_subdag_operator.section-1', 'example_subdag_operator.section-2', 'example_subdag_operator' retrieved from /home/airflow/.local/lib/python3.12/site-packages/airflow/example_dags/example_subdag_operator.py
[2024-10-28T13:28:32.891+0000] {logging_mixin.py:190} INFO - [2024-10-28T13:28:32.891+0000] {dag.py:3239} INFO - Sync 3 DAGs
[2024-10-28T13:28:32.906+0000] {logging_mixin.py:190} INFO - [2024-10-28T13:28:32.906+0000] {dag.py:4180} INFO - Setting next_dagrun for example_subdag_operator to 2022-01-01 00:00:00+00:00, run_after=2022-01-01 00:00:00+00:00
[2024-10-28T13:28:32.909+0000] {logging_mixin.py:190} INFO - [2024-10-28T13:28:32.909+0000] {dag.py:4180} INFO - Setting next_dagrun for example_subdag_operator.section-1 to None, run_after=None
[2024-10-28T13:28:32.911+0000] {logging_mixin.py:190} INFO - [2024-10-28T13:28:32.911+0000] {dag.py:4180} INFO - Setting next_dagrun for example_subdag_operator.section-2 to None, run_after=None
[2024-10-28T13:28:32.917+0000] {logging_mixin.py:190} INFO - [2024-10-28T13:28:32.916+0000] {dag.py:3239} INFO - Sync 2 DAGs
[2024-10-28T13:28:32.921+0000] {logging_mixin.py:190} INFO - [2024-10-28T13:28:32.921+0000] {dag.py:4180} INFO - Setting next_dagrun for example_subdag_operator.section-1 to None, run_after=None
[2024-10-28T13:28:32.922+0000] {logging_mixin.py:190} INFO - [2024-10-28T13:28:32.921+0000] {dag.py:4180} INFO - Setting next_dagrun for example_subdag_operator.section-2 to None, run_after=None
[2024-10-28T13:28:32.931+0000] {processor.py:208} INFO - Processing /home/airflow/.local/lib/python3.12/site-packages/airflow/example_dags/example_subdag_operator.py took 0.077 seconds
[2024-10-28T13:29:03.345+0000] {processor.py:186} INFO - Started process (PID=573) to work on /home/airflow/.local/lib/python3.12/site-packages/airflow/example_dags/example_subdag_operator.py
[2024-10-28T13:29:03.346+0000] {processor.py:914} INFO - Processing file /home/airflow/.local/lib/python3.12/site-packages/airflow/example_dags/example_subdag_operator.py for tasks to queue
[2024-10-28T13:29:03.348+0000] {logging_mixin.py:190} INFO - [2024-10-28T13:29:03.348+0000] {dagbag.py:588} INFO - Filling up the DagBag from /home/airflow/.local/lib/python3.12/site-packages/airflow/example_dags/example_subdag_operator.py
[2024-10-28T13:29:03.366+0000] {processor.py:925} INFO - DAG(s) 'example_subdag_operator.section-1', 'example_subdag_operator.section-2', 'example_subdag_operator' retrieved from /home/airflow/.local/lib/python3.12/site-packages/airflow/example_dags/example_subdag_operator.py
[2024-10-28T13:29:03.376+0000] {logging_mixin.py:190} INFO - [2024-10-28T13:29:03.376+0000] {dag.py:3239} INFO - Sync 3 DAGs
[2024-10-28T13:29:03.392+0000] {logging_mixin.py:190} INFO - [2024-10-28T13:29:03.392+0000] {dag.py:4180} INFO - Setting next_dagrun for example_subdag_operator to 2022-01-01 00:00:00+00:00, run_after=2022-01-01 00:00:00+00:00
[2024-10-28T13:29:03.395+0000] {logging_mixin.py:190} INFO - [2024-10-28T13:29:03.395+0000] {dag.py:4180} INFO - Setting next_dagrun for example_subdag_operator.section-1 to None, run_after=None
[2024-10-28T13:29:03.397+0000] {logging_mixin.py:190} INFO - [2024-10-28T13:29:03.397+0000] {dag.py:4180} INFO - Setting next_dagrun for example_subdag_operator.section-2 to None, run_after=None
[2024-10-28T13:29:03.402+0000] {logging_mixin.py:190} INFO - [2024-10-28T13:29:03.401+0000] {dag.py:3239} INFO - Sync 2 DAGs
[2024-10-28T13:29:03.406+0000] {logging_mixin.py:190} INFO - [2024-10-28T13:29:03.405+0000] {dag.py:4180} INFO - Setting next_dagrun for example_subdag_operator.section-1 to None, run_after=None
[2024-10-28T13:29:03.407+0000] {logging_mixin.py:190} INFO - [2024-10-28T13:29:03.407+0000] {dag.py:4180} INFO - Setting next_dagrun for example_subdag_operator.section-2 to None, run_after=None
[2024-10-28T13:29:03.417+0000] {processor.py:208} INFO - Processing /home/airflow/.local/lib/python3.12/site-packages/airflow/example_dags/example_subdag_operator.py took 0.076 seconds
[2024-10-28T13:29:33.624+0000] {processor.py:186} INFO - Started process (PID=636) to work on /home/airflow/.local/lib/python3.12/site-packages/airflow/example_dags/example_subdag_operator.py
[2024-10-28T13:29:33.625+0000] {processor.py:914} INFO - Processing file /home/airflow/.local/lib/python3.12/site-packages/airflow/example_dags/example_subdag_operator.py for tasks to queue
[2024-10-28T13:29:33.627+0000] {logging_mixin.py:190} INFO - [2024-10-28T13:29:33.627+0000] {dagbag.py:588} INFO - Filling up the DagBag from /home/airflow/.local/lib/python3.12/site-packages/airflow/example_dags/example_subdag_operator.py
[2024-10-28T13:29:33.646+0000] {processor.py:925} INFO - DAG(s) 'example_subdag_operator.section-1', 'example_subdag_operator.section-2', 'example_subdag_operator' retrieved from /home/airflow/.local/lib/python3.12/site-packages/airflow/example_dags/example_subdag_operator.py
[2024-10-28T13:29:33.657+0000] {logging_mixin.py:190} INFO - [2024-10-28T13:29:33.657+0000] {dag.py:3239} INFO - Sync 3 DAGs
[2024-10-28T13:29:33.673+0000] {logging_mixin.py:190} INFO - [2024-10-28T13:29:33.673+0000] {dag.py:4180} INFO - Setting next_dagrun for example_subdag_operator to 2022-01-01 00:00:00+00:00, run_after=2022-01-01 00:00:00+00:00
[2024-10-28T13:29:33.676+0000] {logging_mixin.py:190} INFO - [2024-10-28T13:29:33.676+0000] {dag.py:4180} INFO - Setting next_dagrun for example_subdag_operator.section-1 to None, run_after=None
[2024-10-28T13:29:33.677+0000] {logging_mixin.py:190} INFO - [2024-10-28T13:29:33.677+0000] {dag.py:4180} INFO - Setting next_dagrun for example_subdag_operator.section-2 to None, run_after=None
[2024-10-28T13:29:33.682+0000] {logging_mixin.py:190} INFO - [2024-10-28T13:29:33.682+0000] {dag.py:3239} INFO - Sync 2 DAGs
[2024-10-28T13:29:33.686+0000] {logging_mixin.py:190} INFO - [2024-10-28T13:29:33.686+0000] {dag.py:4180} INFO - Setting next_dagrun for example_subdag_operator.section-1 to None, run_after=None
[2024-10-28T13:29:33.687+0000] {logging_mixin.py:190} INFO - [2024-10-28T13:29:33.687+0000] {dag.py:4180} INFO - Setting next_dagrun for example_subdag_operator.section-2 to None, run_after=None
[2024-10-28T13:29:33.696+0000] {processor.py:208} INFO - Processing /home/airflow/.local/lib/python3.12/site-packages/airflow/example_dags/example_subdag_operator.py took 0.075 seconds
[2024-10-28T13:30:04.501+0000] {processor.py:186} INFO - Started process (PID=699) to work on /home/airflow/.local/lib/python3.12/site-packages/airflow/example_dags/example_subdag_operator.py
[2024-10-28T13:30:04.502+0000] {processor.py:914} INFO - Processing file /home/airflow/.local/lib/python3.12/site-packages/airflow/example_dags/example_subdag_operator.py for tasks to queue
[2024-10-28T13:30:04.504+0000] {logging_mixin.py:190} INFO - [2024-10-28T13:30:04.503+0000] {dagbag.py:588} INFO - Filling up the DagBag from /home/airflow/.local/lib/python3.12/site-packages/airflow/example_dags/example_subdag_operator.py
[2024-10-28T13:30:04.521+0000] {processor.py:925} INFO - DAG(s) 'example_subdag_operator.section-1', 'example_subdag_operator.section-2', 'example_subdag_operator' retrieved from /home/airflow/.local/lib/python3.12/site-packages/airflow/example_dags/example_subdag_operator.py
[2024-10-28T13:30:04.534+0000] {logging_mixin.py:190} INFO - [2024-10-28T13:30:04.534+0000] {dag.py:3239} INFO - Sync 3 DAGs
[2024-10-28T13:30:04.552+0000] {logging_mixin.py:190} INFO - [2024-10-28T13:30:04.552+0000] {dag.py:4180} INFO - Setting next_dagrun for example_subdag_operator to 2022-01-01 00:00:00+00:00, run_after=2022-01-01 00:00:00+00:00
[2024-10-28T13:30:04.556+0000] {logging_mixin.py:190} INFO - [2024-10-28T13:30:04.556+0000] {dag.py:4180} INFO - Setting next_dagrun for example_subdag_operator.section-1 to None, run_after=None
[2024-10-28T13:30:04.557+0000] {logging_mixin.py:190} INFO - [2024-10-28T13:30:04.557+0000] {dag.py:4180} INFO - Setting next_dagrun for example_subdag_operator.section-2 to None, run_after=None
[2024-10-28T13:30:04.563+0000] {logging_mixin.py:190} INFO - [2024-10-28T13:30:04.563+0000] {dag.py:3239} INFO - Sync 2 DAGs
[2024-10-28T13:30:04.566+0000] {logging_mixin.py:190} INFO - [2024-10-28T13:30:04.566+0000] {dag.py:4180} INFO - Setting next_dagrun for example_subdag_operator.section-1 to None, run_after=None
[2024-10-28T13:30:04.567+0000] {logging_mixin.py:190} INFO - [2024-10-28T13:30:04.567+0000] {dag.py:4180} INFO - Setting next_dagrun for example_subdag_operator.section-2 to None, run_after=None
[2024-10-28T13:30:04.577+0000] {processor.py:208} INFO - Processing /home/airflow/.local/lib/python3.12/site-packages/airflow/example_dags/example_subdag_operator.py took 0.080 seconds
[2024-10-28T13:30:35.425+0000] {processor.py:186} INFO - Started process (PID=762) to work on /home/airflow/.local/lib/python3.12/site-packages/airflow/example_dags/example_subdag_operator.py
[2024-10-28T13:30:35.426+0000] {processor.py:914} INFO - Processing file /home/airflow/.local/lib/python3.12/site-packages/airflow/example_dags/example_subdag_operator.py for tasks to queue
[2024-10-28T13:30:35.428+0000] {logging_mixin.py:190} INFO - [2024-10-28T13:30:35.428+0000] {dagbag.py:588} INFO - Filling up the DagBag from /home/airflow/.local/lib/python3.12/site-packages/airflow/example_dags/example_subdag_operator.py
[2024-10-28T13:30:35.449+0000] {processor.py:925} INFO - DAG(s) 'example_subdag_operator.section-1', 'example_subdag_operator.section-2', 'example_subdag_operator' retrieved from /home/airflow/.local/lib/python3.12/site-packages/airflow/example_dags/example_subdag_operator.py
[2024-10-28T13:30:35.460+0000] {logging_mixin.py:190} INFO - [2024-10-28T13:30:35.460+0000] {dag.py:3239} INFO - Sync 3 DAGs
[2024-10-28T13:30:35.483+0000] {logging_mixin.py:190} INFO - [2024-10-28T13:30:35.482+0000] {dag.py:4180} INFO - Setting next_dagrun for example_subdag_operator to 2022-01-01 00:00:00+00:00, run_after=2022-01-01 00:00:00+00:00
[2024-10-28T13:30:35.487+0000] {logging_mixin.py:190} INFO - [2024-10-28T13:30:35.487+0000] {dag.py:4180} INFO - Setting next_dagrun for example_subdag_operator.section-1 to None, run_after=None
[2024-10-28T13:30:35.489+0000] {logging_mixin.py:190} INFO - [2024-10-28T13:30:35.489+0000] {dag.py:4180} INFO - Setting next_dagrun for example_subdag_operator.section-2 to None, run_after=None
[2024-10-28T13:30:35.498+0000] {logging_mixin.py:190} INFO - [2024-10-28T13:30:35.498+0000] {dag.py:3239} INFO - Sync 2 DAGs
[2024-10-28T13:30:35.508+0000] {logging_mixin.py:190} INFO - [2024-10-28T13:30:35.508+0000] {dag.py:4180} INFO - Setting next_dagrun for example_subdag_operator.section-1 to None, run_after=None
[2024-10-28T13:30:35.509+0000] {logging_mixin.py:190} INFO - [2024-10-28T13:30:35.509+0000] {dag.py:4180} INFO - Setting next_dagrun for example_subdag_operator.section-2 to None, run_after=None
[2024-10-28T13:30:35.565+0000] {processor.py:208} INFO - Processing /home/airflow/.local/lib/python3.12/site-packages/airflow/example_dags/example_subdag_operator.py took 0.146 seconds
[2024-10-28T13:31:05.778+0000] {processor.py:186} INFO - Started process (PID=825) to work on /home/airflow/.local/lib/python3.12/site-packages/airflow/example_dags/example_subdag_operator.py
[2024-10-28T13:31:05.779+0000] {processor.py:914} INFO - Processing file /home/airflow/.local/lib/python3.12/site-packages/airflow/example_dags/example_subdag_operator.py for tasks to queue
[2024-10-28T13:31:05.781+0000] {logging_mixin.py:190} INFO - [2024-10-28T13:31:05.781+0000] {dagbag.py:588} INFO - Filling up the DagBag from /home/airflow/.local/lib/python3.12/site-packages/airflow/example_dags/example_subdag_operator.py
[2024-10-28T13:31:05.798+0000] {processor.py:925} INFO - DAG(s) 'example_subdag_operator.section-1', 'example_subdag_operator.section-2', 'example_subdag_operator' retrieved from /home/airflow/.local/lib/python3.12/site-packages/airflow/example_dags/example_subdag_operator.py
[2024-10-28T13:31:05.809+0000] {logging_mixin.py:190} INFO - [2024-10-28T13:31:05.809+0000] {dag.py:3239} INFO - Sync 3 DAGs
[2024-10-28T13:31:05.824+0000] {logging_mixin.py:190} INFO - [2024-10-28T13:31:05.824+0000] {dag.py:4180} INFO - Setting next_dagrun for example_subdag_operator to 2022-01-01 00:00:00+00:00, run_after=2022-01-01 00:00:00+00:00
[2024-10-28T13:31:05.827+0000] {logging_mixin.py:190} INFO - [2024-10-28T13:31:05.827+0000] {dag.py:4180} INFO - Setting next_dagrun for example_subdag_operator.section-1 to None, run_after=None
[2024-10-28T13:31:05.828+0000] {logging_mixin.py:190} INFO - [2024-10-28T13:31:05.828+0000] {dag.py:4180} INFO - Setting next_dagrun for example_subdag_operator.section-2 to None, run_after=None
[2024-10-28T13:31:05.832+0000] {logging_mixin.py:190} INFO - [2024-10-28T13:31:05.832+0000] {dag.py:3239} INFO - Sync 2 DAGs
[2024-10-28T13:31:05.837+0000] {logging_mixin.py:190} INFO - [2024-10-28T13:31:05.837+0000] {dag.py:4180} INFO - Setting next_dagrun for example_subdag_operator.section-1 to None, run_after=None
[2024-10-28T13:31:05.837+0000] {logging_mixin.py:190} INFO - [2024-10-28T13:31:05.837+0000] {dag.py:4180} INFO - Setting next_dagrun for example_subdag_operator.section-2 to None, run_after=None
[2024-10-28T13:31:05.846+0000] {processor.py:208} INFO - Processing /home/airflow/.local/lib/python3.12/site-packages/airflow/example_dags/example_subdag_operator.py took 0.072 seconds
[2024-10-28T13:31:36.392+0000] {processor.py:186} INFO - Started process (PID=888) to work on /home/airflow/.local/lib/python3.12/site-packages/airflow/example_dags/example_subdag_operator.py
[2024-10-28T13:31:36.392+0000] {processor.py:914} INFO - Processing file /home/airflow/.local/lib/python3.12/site-packages/airflow/example_dags/example_subdag_operator.py for tasks to queue
[2024-10-28T13:31:36.394+0000] {logging_mixin.py:190} INFO - [2024-10-28T13:31:36.394+0000] {dagbag.py:588} INFO - Filling up the DagBag from /home/airflow/.local/lib/python3.12/site-packages/airflow/example_dags/example_subdag_operator.py
[2024-10-28T13:31:36.412+0000] {processor.py:925} INFO - DAG(s) 'example_subdag_operator.section-1', 'example_subdag_operator.section-2', 'example_subdag_operator' retrieved from /home/airflow/.local/lib/python3.12/site-packages/airflow/example_dags/example_subdag_operator.py
[2024-10-28T13:31:36.422+0000] {logging_mixin.py:190} INFO - [2024-10-28T13:31:36.422+0000] {dag.py:3239} INFO - Sync 3 DAGs
[2024-10-28T13:31:36.438+0000] {logging_mixin.py:190} INFO - [2024-10-28T13:31:36.438+0000] {dag.py:4180} INFO - Setting next_dagrun for example_subdag_operator to 2022-01-01 00:00:00+00:00, run_after=2022-01-01 00:00:00+00:00
[2024-10-28T13:31:36.441+0000] {logging_mixin.py:190} INFO - [2024-10-28T13:31:36.441+0000] {dag.py:4180} INFO - Setting next_dagrun for example_subdag_operator.section-1 to None, run_after=None
[2024-10-28T13:31:36.443+0000] {logging_mixin.py:190} INFO - [2024-10-28T13:31:36.443+0000] {dag.py:4180} INFO - Setting next_dagrun for example_subdag_operator.section-2 to None, run_after=None
[2024-10-28T13:31:36.448+0000] {logging_mixin.py:190} INFO - [2024-10-28T13:31:36.448+0000] {dag.py:3239} INFO - Sync 2 DAGs
[2024-10-28T13:31:36.452+0000] {logging_mixin.py:190} INFO - [2024-10-28T13:31:36.451+0000] {dag.py:4180} INFO - Setting next_dagrun for example_subdag_operator.section-1 to None, run_after=None
[2024-10-28T13:31:36.454+0000] {logging_mixin.py:190} INFO - [2024-10-28T13:31:36.454+0000] {dag.py:4180} INFO - Setting next_dagrun for example_subdag_operator.section-2 to None, run_after=None
[2024-10-28T13:31:36.463+0000] {processor.py:208} INFO - Processing /home/airflow/.local/lib/python3.12/site-packages/airflow/example_dags/example_subdag_operator.py took 0.076 seconds
[2024-10-28T13:32:07.211+0000] {processor.py:186} INFO - Started process (PID=951) to work on /home/airflow/.local/lib/python3.12/site-packages/airflow/example_dags/example_subdag_operator.py
[2024-10-28T13:32:07.212+0000] {processor.py:914} INFO - Processing file /home/airflow/.local/lib/python3.12/site-packages/airflow/example_dags/example_subdag_operator.py for tasks to queue
[2024-10-28T13:32:07.214+0000] {logging_mixin.py:190} INFO - [2024-10-28T13:32:07.214+0000] {dagbag.py:588} INFO - Filling up the DagBag from /home/airflow/.local/lib/python3.12/site-packages/airflow/example_dags/example_subdag_operator.py
[2024-10-28T13:32:07.231+0000] {processor.py:925} INFO - DAG(s) 'example_subdag_operator.section-1', 'example_subdag_operator.section-2', 'example_subdag_operator' retrieved from /home/airflow/.local/lib/python3.12/site-packages/airflow/example_dags/example_subdag_operator.py
[2024-10-28T13:32:07.241+0000] {logging_mixin.py:190} INFO - [2024-10-28T13:32:07.241+0000] {dag.py:3239} INFO - Sync 3 DAGs
[2024-10-28T13:32:07.256+0000] {logging_mixin.py:190} INFO - [2024-10-28T13:32:07.256+0000] {dag.py:4180} INFO - Setting next_dagrun for example_subdag_operator to 2022-01-01 00:00:00+00:00, run_after=2022-01-01 00:00:00+00:00
[2024-10-28T13:32:07.259+0000] {logging_mixin.py:190} INFO - [2024-10-28T13:32:07.258+0000] {dag.py:4180} INFO - Setting next_dagrun for example_subdag_operator.section-1 to None, run_after=None
[2024-10-28T13:32:07.260+0000] {logging_mixin.py:190} INFO - [2024-10-28T13:32:07.259+0000] {dag.py:4180} INFO - Setting next_dagrun for example_subdag_operator.section-2 to None, run_after=None
[2024-10-28T13:32:07.264+0000] {logging_mixin.py:190} INFO - [2024-10-28T13:32:07.264+0000] {dag.py:3239} INFO - Sync 2 DAGs
[2024-10-28T13:32:07.281+0000] {logging_mixin.py:190} INFO - [2024-10-28T13:32:07.280+0000] {dag.py:4180} INFO - Setting next_dagrun for example_subdag_operator.section-1 to None, run_after=None
[2024-10-28T13:32:07.282+0000] {logging_mixin.py:190} INFO - [2024-10-28T13:32:07.281+0000] {dag.py:4180} INFO - Setting next_dagrun for example_subdag_operator.section-2 to None, run_after=None
[2024-10-28T13:32:07.298+0000] {processor.py:208} INFO - Processing /home/airflow/.local/lib/python3.12/site-packages/airflow/example_dags/example_subdag_operator.py took 0.090 seconds
[2024-10-28T13:32:37.628+0000] {processor.py:186} INFO - Started process (PID=1014) to work on /home/airflow/.local/lib/python3.12/site-packages/airflow/example_dags/example_subdag_operator.py
[2024-10-28T13:32:37.629+0000] {processor.py:914} INFO - Processing file /home/airflow/.local/lib/python3.12/site-packages/airflow/example_dags/example_subdag_operator.py for tasks to queue
[2024-10-28T13:32:37.631+0000] {logging_mixin.py:190} INFO - [2024-10-28T13:32:37.630+0000] {dagbag.py:588} INFO - Filling up the DagBag from /home/airflow/.local/lib/python3.12/site-packages/airflow/example_dags/example_subdag_operator.py
[2024-10-28T13:32:37.648+0000] {processor.py:925} INFO - DAG(s) 'example_subdag_operator.section-1', 'example_subdag_operator.section-2', 'example_subdag_operator' retrieved from /home/airflow/.local/lib/python3.12/site-packages/airflow/example_dags/example_subdag_operator.py
[2024-10-28T13:32:37.659+0000] {logging_mixin.py:190} INFO - [2024-10-28T13:32:37.659+0000] {dag.py:3239} INFO - Sync 3 DAGs
[2024-10-28T13:32:37.674+0000] {logging_mixin.py:190} INFO - [2024-10-28T13:32:37.673+0000] {dag.py:4180} INFO - Setting next_dagrun for example_subdag_operator to 2022-01-01 00:00:00+00:00, run_after=2022-01-01 00:00:00+00:00
[2024-10-28T13:32:37.676+0000] {logging_mixin.py:190} INFO - [2024-10-28T13:32:37.676+0000] {dag.py:4180} INFO - Setting next_dagrun for example_subdag_operator.section-1 to None, run_after=None
[2024-10-28T13:32:37.677+0000] {logging_mixin.py:190} INFO - [2024-10-28T13:32:37.677+0000] {dag.py:4180} INFO - Setting next_dagrun for example_subdag_operator.section-2 to None, run_after=None
[2024-10-28T13:32:37.682+0000] {logging_mixin.py:190} INFO - [2024-10-28T13:32:37.682+0000] {dag.py:3239} INFO - Sync 2 DAGs
[2024-10-28T13:32:37.686+0000] {logging_mixin.py:190} INFO - [2024-10-28T13:32:37.685+0000] {dag.py:4180} INFO - Setting next_dagrun for example_subdag_operator.section-1 to None, run_after=None
[2024-10-28T13:32:37.686+0000] {logging_mixin.py:190} INFO - [2024-10-28T13:32:37.686+0000] {dag.py:4180} INFO - Setting next_dagrun for example_subdag_operator.section-2 to None, run_after=None
[2024-10-28T13:32:37.695+0000] {processor.py:208} INFO - Processing /home/airflow/.local/lib/python3.12/site-packages/airflow/example_dags/example_subdag_operator.py took 0.071 seconds
[2024-10-28T13:33:07.827+0000] {processor.py:186} INFO - Started process (PID=1077) to work on /home/airflow/.local/lib/python3.12/site-packages/airflow/example_dags/example_subdag_operator.py
[2024-10-28T13:33:07.828+0000] {processor.py:914} INFO - Processing file /home/airflow/.local/lib/python3.12/site-packages/airflow/example_dags/example_subdag_operator.py for tasks to queue
[2024-10-28T13:33:07.830+0000] {logging_mixin.py:190} INFO - [2024-10-28T13:33:07.830+0000] {dagbag.py:588} INFO - Filling up the DagBag from /home/airflow/.local/lib/python3.12/site-packages/airflow/example_dags/example_subdag_operator.py
[2024-10-28T13:33:07.847+0000] {processor.py:925} INFO - DAG(s) 'example_subdag_operator.section-1', 'example_subdag_operator.section-2', 'example_subdag_operator' retrieved from /home/airflow/.local/lib/python3.12/site-packages/airflow/example_dags/example_subdag_operator.py
[2024-10-28T13:33:07.857+0000] {logging_mixin.py:190} INFO - [2024-10-28T13:33:07.857+0000] {dag.py:3239} INFO - Sync 3 DAGs
[2024-10-28T13:33:07.872+0000] {logging_mixin.py:190} INFO - [2024-10-28T13:33:07.872+0000] {dag.py:4180} INFO - Setting next_dagrun for example_subdag_operator to 2022-01-01 00:00:00+00:00, run_after=2022-01-01 00:00:00+00:00
[2024-10-28T13:33:07.875+0000] {logging_mixin.py:190} INFO - [2024-10-28T13:33:07.875+0000] {dag.py:4180} INFO - Setting next_dagrun for example_subdag_operator.section-1 to None, run_after=None
[2024-10-28T13:33:07.876+0000] {logging_mixin.py:190} INFO - [2024-10-28T13:33:07.876+0000] {dag.py:4180} INFO - Setting next_dagrun for example_subdag_operator.section-2 to None, run_after=None
[2024-10-28T13:33:07.880+0000] {logging_mixin.py:190} INFO - [2024-10-28T13:33:07.880+0000] {dag.py:3239} INFO - Sync 2 DAGs
[2024-10-28T13:33:07.884+0000] {logging_mixin.py:190} INFO - [2024-10-28T13:33:07.884+0000] {dag.py:4180} INFO - Setting next_dagrun for example_subdag_operator.section-1 to None, run_after=None
[2024-10-28T13:33:07.884+0000] {logging_mixin.py:190} INFO - [2024-10-28T13:33:07.884+0000] {dag.py:4180} INFO - Setting next_dagrun for example_subdag_operator.section-2 to None, run_after=None
[2024-10-28T13:33:07.894+0000] {processor.py:208} INFO - Processing /home/airflow/.local/lib/python3.12/site-packages/airflow/example_dags/example_subdag_operator.py took 0.071 seconds
[2024-10-28T13:33:38.424+0000] {processor.py:186} INFO - Started process (PID=1140) to work on /home/airflow/.local/lib/python3.12/site-packages/airflow/example_dags/example_subdag_operator.py
[2024-10-28T13:33:38.427+0000] {processor.py:914} INFO - Processing file /home/airflow/.local/lib/python3.12/site-packages/airflow/example_dags/example_subdag_operator.py for tasks to queue
[2024-10-28T13:33:38.432+0000] {logging_mixin.py:190} INFO - [2024-10-28T13:33:38.431+0000] {dagbag.py:588} INFO - Filling up the DagBag from /home/airflow/.local/lib/python3.12/site-packages/airflow/example_dags/example_subdag_operator.py
[2024-10-28T13:33:38.457+0000] {processor.py:925} INFO - DAG(s) 'example_subdag_operator.section-1', 'example_subdag_operator.section-2', 'example_subdag_operator' retrieved from /home/airflow/.local/lib/python3.12/site-packages/airflow/example_dags/example_subdag_operator.py
[2024-10-28T13:33:38.469+0000] {logging_mixin.py:190} INFO - [2024-10-28T13:33:38.469+0000] {dag.py:3239} INFO - Sync 3 DAGs
[2024-10-28T13:33:38.489+0000] {logging_mixin.py:190} INFO - [2024-10-28T13:33:38.489+0000] {dag.py:4180} INFO - Setting next_dagrun for example_subdag_operator to 2022-01-01 00:00:00+00:00, run_after=2022-01-01 00:00:00+00:00
[2024-10-28T13:33:38.493+0000] {logging_mixin.py:190} INFO - [2024-10-28T13:33:38.493+0000] {dag.py:4180} INFO - Setting next_dagrun for example_subdag_operator.section-1 to None, run_after=None
[2024-10-28T13:33:38.494+0000] {logging_mixin.py:190} INFO - [2024-10-28T13:33:38.494+0000] {dag.py:4180} INFO - Setting next_dagrun for example_subdag_operator.section-2 to None, run_after=None
[2024-10-28T13:33:38.500+0000] {logging_mixin.py:190} INFO - [2024-10-28T13:33:38.500+0000] {dag.py:3239} INFO - Sync 2 DAGs
[2024-10-28T13:33:38.504+0000] {logging_mixin.py:190} INFO - [2024-10-28T13:33:38.504+0000] {dag.py:4180} INFO - Setting next_dagrun for example_subdag_operator.section-1 to None, run_after=None
[2024-10-28T13:33:38.506+0000] {logging_mixin.py:190} INFO - [2024-10-28T13:33:38.505+0000] {dag.py:4180} INFO - Setting next_dagrun for example_subdag_operator.section-2 to None, run_after=None
[2024-10-28T13:33:38.517+0000] {processor.py:208} INFO - Processing /home/airflow/.local/lib/python3.12/site-packages/airflow/example_dags/example_subdag_operator.py took 0.099 seconds
[2024-10-28T13:34:08.819+0000] {processor.py:186} INFO - Started process (PID=1203) to work on /home/airflow/.local/lib/python3.12/site-packages/airflow/example_dags/example_subdag_operator.py
[2024-10-28T13:34:08.820+0000] {processor.py:914} INFO - Processing file /home/airflow/.local/lib/python3.12/site-packages/airflow/example_dags/example_subdag_operator.py for tasks to queue
[2024-10-28T13:34:08.824+0000] {logging_mixin.py:190} INFO - [2024-10-28T13:34:08.824+0000] {dagbag.py:588} INFO - Filling up the DagBag from /home/airflow/.local/lib/python3.12/site-packages/airflow/example_dags/example_subdag_operator.py
[2024-10-28T13:34:08.845+0000] {processor.py:925} INFO - DAG(s) 'example_subdag_operator.section-1', 'example_subdag_operator.section-2', 'example_subdag_operator' retrieved from /home/airflow/.local/lib/python3.12/site-packages/airflow/example_dags/example_subdag_operator.py
[2024-10-28T13:34:08.855+0000] {logging_mixin.py:190} INFO - [2024-10-28T13:34:08.855+0000] {dag.py:3239} INFO - Sync 3 DAGs
[2024-10-28T13:34:08.871+0000] {logging_mixin.py:190} INFO - [2024-10-28T13:34:08.871+0000] {dag.py:4180} INFO - Setting next_dagrun for example_subdag_operator to 2022-01-01 00:00:00+00:00, run_after=2022-01-01 00:00:00+00:00
[2024-10-28T13:34:08.875+0000] {logging_mixin.py:190} INFO - [2024-10-28T13:34:08.874+0000] {dag.py:4180} INFO - Setting next_dagrun for example_subdag_operator.section-1 to None, run_after=None
[2024-10-28T13:34:08.877+0000] {logging_mixin.py:190} INFO - [2024-10-28T13:34:08.876+0000] {dag.py:4180} INFO - Setting next_dagrun for example_subdag_operator.section-2 to None, run_after=None
[2024-10-28T13:34:08.882+0000] {logging_mixin.py:190} INFO - [2024-10-28T13:34:08.882+0000] {dag.py:3239} INFO - Sync 2 DAGs
[2024-10-28T13:34:08.890+0000] {logging_mixin.py:190} INFO - [2024-10-28T13:34:08.890+0000] {dag.py:4180} INFO - Setting next_dagrun for example_subdag_operator.section-1 to None, run_after=None
[2024-10-28T13:34:08.891+0000] {logging_mixin.py:190} INFO - [2024-10-28T13:34:08.891+0000] {dag.py:4180} INFO - Setting next_dagrun for example_subdag_operator.section-2 to None, run_after=None
[2024-10-28T13:34:08.901+0000] {processor.py:208} INFO - Processing /home/airflow/.local/lib/python3.12/site-packages/airflow/example_dags/example_subdag_operator.py took 0.088 seconds
[2024-10-28T13:34:39.538+0000] {processor.py:186} INFO - Started process (PID=1266) to work on /home/airflow/.local/lib/python3.12/site-packages/airflow/example_dags/example_subdag_operator.py
[2024-10-28T13:34:39.539+0000] {processor.py:914} INFO - Processing file /home/airflow/.local/lib/python3.12/site-packages/airflow/example_dags/example_subdag_operator.py for tasks to queue
[2024-10-28T13:34:39.541+0000] {logging_mixin.py:190} INFO - [2024-10-28T13:34:39.540+0000] {dagbag.py:588} INFO - Filling up the DagBag from /home/airflow/.local/lib/python3.12/site-packages/airflow/example_dags/example_subdag_operator.py
[2024-10-28T13:34:39.563+0000] {processor.py:925} INFO - DAG(s) 'example_subdag_operator.section-1', 'example_subdag_operator.section-2', 'example_subdag_operator' retrieved from /home/airflow/.local/lib/python3.12/site-packages/airflow/example_dags/example_subdag_operator.py
[2024-10-28T13:34:39.575+0000] {logging_mixin.py:190} INFO - [2024-10-28T13:34:39.575+0000] {dag.py:3239} INFO - Sync 3 DAGs
[2024-10-28T13:34:39.591+0000] {logging_mixin.py:190} INFO - [2024-10-28T13:34:39.591+0000] {dag.py:4180} INFO - Setting next_dagrun for example_subdag_operator to 2022-01-01 00:00:00+00:00, run_after=2022-01-01 00:00:00+00:00
[2024-10-28T13:34:39.594+0000] {logging_mixin.py:190} INFO - [2024-10-28T13:34:39.594+0000] {dag.py:4180} INFO - Setting next_dagrun for example_subdag_operator.section-1 to None, run_after=None
[2024-10-28T13:34:39.595+0000] {logging_mixin.py:190} INFO - [2024-10-28T13:34:39.595+0000] {dag.py:4180} INFO - Setting next_dagrun for example_subdag_operator.section-2 to None, run_after=None
[2024-10-28T13:34:39.600+0000] {logging_mixin.py:190} INFO - [2024-10-28T13:34:39.600+0000] {dag.py:3239} INFO - Sync 2 DAGs
[2024-10-28T13:34:39.604+0000] {logging_mixin.py:190} INFO - [2024-10-28T13:34:39.604+0000] {dag.py:4180} INFO - Setting next_dagrun for example_subdag_operator.section-1 to None, run_after=None
[2024-10-28T13:34:39.605+0000] {logging_mixin.py:190} INFO - [2024-10-28T13:34:39.605+0000] {dag.py:4180} INFO - Setting next_dagrun for example_subdag_operator.section-2 to None, run_after=None
[2024-10-28T13:34:39.616+0000] {processor.py:208} INFO - Processing /home/airflow/.local/lib/python3.12/site-packages/airflow/example_dags/example_subdag_operator.py took 0.082 seconds
[2024-10-28T13:35:10.363+0000] {processor.py:186} INFO - Started process (PID=1329) to work on /home/airflow/.local/lib/python3.12/site-packages/airflow/example_dags/example_subdag_operator.py
[2024-10-28T13:35:10.366+0000] {processor.py:914} INFO - Processing file /home/airflow/.local/lib/python3.12/site-packages/airflow/example_dags/example_subdag_operator.py for tasks to queue
[2024-10-28T13:35:10.369+0000] {logging_mixin.py:190} INFO - [2024-10-28T13:35:10.368+0000] {dagbag.py:588} INFO - Filling up the DagBag from /home/airflow/.local/lib/python3.12/site-packages/airflow/example_dags/example_subdag_operator.py
[2024-10-28T13:35:10.388+0000] {processor.py:925} INFO - DAG(s) 'example_subdag_operator.section-1', 'example_subdag_operator.section-2', 'example_subdag_operator' retrieved from /home/airflow/.local/lib/python3.12/site-packages/airflow/example_dags/example_subdag_operator.py
[2024-10-28T13:35:10.398+0000] {logging_mixin.py:190} INFO - [2024-10-28T13:35:10.398+0000] {dag.py:3239} INFO - Sync 3 DAGs
[2024-10-28T13:35:10.414+0000] {logging_mixin.py:190} INFO - [2024-10-28T13:35:10.414+0000] {dag.py:4180} INFO - Setting next_dagrun for example_subdag_operator to 2022-01-01 00:00:00+00:00, run_after=2022-01-01 00:00:00+00:00
[2024-10-28T13:35:10.417+0000] {logging_mixin.py:190} INFO - [2024-10-28T13:35:10.416+0000] {dag.py:4180} INFO - Setting next_dagrun for example_subdag_operator.section-1 to None, run_after=None
[2024-10-28T13:35:10.418+0000] {logging_mixin.py:190} INFO - [2024-10-28T13:35:10.418+0000] {dag.py:4180} INFO - Setting next_dagrun for example_subdag_operator.section-2 to None, run_after=None
[2024-10-28T13:35:10.423+0000] {logging_mixin.py:190} INFO - [2024-10-28T13:35:10.423+0000] {dag.py:3239} INFO - Sync 2 DAGs
[2024-10-28T13:35:10.427+0000] {logging_mixin.py:190} INFO - [2024-10-28T13:35:10.427+0000] {dag.py:4180} INFO - Setting next_dagrun for example_subdag_operator.section-1 to None, run_after=None
[2024-10-28T13:35:10.428+0000] {logging_mixin.py:190} INFO - [2024-10-28T13:35:10.428+0000] {dag.py:4180} INFO - Setting next_dagrun for example_subdag_operator.section-2 to None, run_after=None
[2024-10-28T13:35:10.437+0000] {processor.py:208} INFO - Processing /home/airflow/.local/lib/python3.12/site-packages/airflow/example_dags/example_subdag_operator.py took 0.078 seconds
[2024-10-28T13:35:40.628+0000] {processor.py:186} INFO - Started process (PID=1392) to work on /home/airflow/.local/lib/python3.12/site-packages/airflow/example_dags/example_subdag_operator.py
[2024-10-28T13:35:40.629+0000] {processor.py:914} INFO - Processing file /home/airflow/.local/lib/python3.12/site-packages/airflow/example_dags/example_subdag_operator.py for tasks to queue
[2024-10-28T13:35:40.631+0000] {logging_mixin.py:190} INFO - [2024-10-28T13:35:40.630+0000] {dagbag.py:588} INFO - Filling up the DagBag from /home/airflow/.local/lib/python3.12/site-packages/airflow/example_dags/example_subdag_operator.py
[2024-10-28T13:35:40.648+0000] {processor.py:925} INFO - DAG(s) 'example_subdag_operator.section-1', 'example_subdag_operator.section-2', 'example_subdag_operator' retrieved from /home/airflow/.local/lib/python3.12/site-packages/airflow/example_dags/example_subdag_operator.py
[2024-10-28T13:35:40.658+0000] {logging_mixin.py:190} INFO - [2024-10-28T13:35:40.658+0000] {dag.py:3239} INFO - Sync 3 DAGs
[2024-10-28T13:35:40.676+0000] {logging_mixin.py:190} INFO - [2024-10-28T13:35:40.675+0000] {dag.py:4180} INFO - Setting next_dagrun for example_subdag_operator to 2022-01-01 00:00:00+00:00, run_after=2022-01-01 00:00:00+00:00
[2024-10-28T13:35:40.678+0000] {logging_mixin.py:190} INFO - [2024-10-28T13:35:40.678+0000] {dag.py:4180} INFO - Setting next_dagrun for example_subdag_operator.section-1 to None, run_after=None
[2024-10-28T13:35:40.679+0000] {logging_mixin.py:190} INFO - [2024-10-28T13:35:40.679+0000] {dag.py:4180} INFO - Setting next_dagrun for example_subdag_operator.section-2 to None, run_after=None
[2024-10-28T13:35:40.685+0000] {logging_mixin.py:190} INFO - [2024-10-28T13:35:40.684+0000] {dag.py:3239} INFO - Sync 2 DAGs
[2024-10-28T13:35:40.688+0000] {logging_mixin.py:190} INFO - [2024-10-28T13:35:40.688+0000] {dag.py:4180} INFO - Setting next_dagrun for example_subdag_operator.section-1 to None, run_after=None
[2024-10-28T13:35:40.689+0000] {logging_mixin.py:190} INFO - [2024-10-28T13:35:40.689+0000] {dag.py:4180} INFO - Setting next_dagrun for example_subdag_operator.section-2 to None, run_after=None
[2024-10-28T13:35:40.698+0000] {processor.py:208} INFO - Processing /home/airflow/.local/lib/python3.12/site-packages/airflow/example_dags/example_subdag_operator.py took 0.074 seconds
[2024-10-28T13:36:11.411+0000] {processor.py:186} INFO - Started process (PID=1455) to work on /home/airflow/.local/lib/python3.12/site-packages/airflow/example_dags/example_subdag_operator.py
[2024-10-28T13:36:11.412+0000] {processor.py:914} INFO - Processing file /home/airflow/.local/lib/python3.12/site-packages/airflow/example_dags/example_subdag_operator.py for tasks to queue
[2024-10-28T13:36:11.414+0000] {logging_mixin.py:190} INFO - [2024-10-28T13:36:11.413+0000] {dagbag.py:588} INFO - Filling up the DagBag from /home/airflow/.local/lib/python3.12/site-packages/airflow/example_dags/example_subdag_operator.py
[2024-10-28T13:36:11.430+0000] {processor.py:925} INFO - DAG(s) 'example_subdag_operator.section-1', 'example_subdag_operator.section-2', 'example_subdag_operator' retrieved from /home/airflow/.local/lib/python3.12/site-packages/airflow/example_dags/example_subdag_operator.py
[2024-10-28T13:36:11.441+0000] {logging_mixin.py:190} INFO - [2024-10-28T13:36:11.441+0000] {dag.py:3239} INFO - Sync 3 DAGs
[2024-10-28T13:36:11.457+0000] {logging_mixin.py:190} INFO - [2024-10-28T13:36:11.456+0000] {dag.py:4180} INFO - Setting next_dagrun for example_subdag_operator to 2022-01-01 00:00:00+00:00, run_after=2022-01-01 00:00:00+00:00
[2024-10-28T13:36:11.459+0000] {logging_mixin.py:190} INFO - [2024-10-28T13:36:11.459+0000] {dag.py:4180} INFO - Setting next_dagrun for example_subdag_operator.section-1 to None, run_after=None
[2024-10-28T13:36:11.461+0000] {logging_mixin.py:190} INFO - [2024-10-28T13:36:11.460+0000] {dag.py:4180} INFO - Setting next_dagrun for example_subdag_operator.section-2 to None, run_after=None
[2024-10-28T13:36:11.466+0000] {logging_mixin.py:190} INFO - [2024-10-28T13:36:11.466+0000] {dag.py:3239} INFO - Sync 2 DAGs
[2024-10-28T13:36:11.469+0000] {logging_mixin.py:190} INFO - [2024-10-28T13:36:11.469+0000] {dag.py:4180} INFO - Setting next_dagrun for example_subdag_operator.section-1 to None, run_after=None
[2024-10-28T13:36:11.470+0000] {logging_mixin.py:190} INFO - [2024-10-28T13:36:11.470+0000] {dag.py:4180} INFO - Setting next_dagrun for example_subdag_operator.section-2 to None, run_after=None
[2024-10-28T13:36:11.480+0000] {processor.py:208} INFO - Processing /home/airflow/.local/lib/python3.12/site-packages/airflow/example_dags/example_subdag_operator.py took 0.073 seconds
[2024-10-28T13:36:41.679+0000] {processor.py:186} INFO - Started process (PID=1518) to work on /home/airflow/.local/lib/python3.12/site-packages/airflow/example_dags/example_subdag_operator.py
[2024-10-28T13:36:41.680+0000] {processor.py:914} INFO - Processing file /home/airflow/.local/lib/python3.12/site-packages/airflow/example_dags/example_subdag_operator.py for tasks to queue
[2024-10-28T13:36:41.682+0000] {logging_mixin.py:190} INFO - [2024-10-28T13:36:41.682+0000] {dagbag.py:588} INFO - Filling up the DagBag from /home/airflow/.local/lib/python3.12/site-packages/airflow/example_dags/example_subdag_operator.py
[2024-10-28T13:36:41.699+0000] {processor.py:925} INFO - DAG(s) 'example_subdag_operator.section-1', 'example_subdag_operator.section-2', 'example_subdag_operator' retrieved from /home/airflow/.local/lib/python3.12/site-packages/airflow/example_dags/example_subdag_operator.py
[2024-10-28T13:36:41.710+0000] {logging_mixin.py:190} INFO - [2024-10-28T13:36:41.710+0000] {dag.py:3239} INFO - Sync 3 DAGs
[2024-10-28T13:36:41.728+0000] {logging_mixin.py:190} INFO - [2024-10-28T13:36:41.727+0000] {dag.py:4180} INFO - Setting next_dagrun for example_subdag_operator to 2022-01-01 00:00:00+00:00, run_after=2022-01-01 00:00:00+00:00
[2024-10-28T13:36:41.730+0000] {logging_mixin.py:190} INFO - [2024-10-28T13:36:41.730+0000] {dag.py:4180} INFO - Setting next_dagrun for example_subdag_operator.section-1 to None, run_after=None
[2024-10-28T13:36:41.732+0000] {logging_mixin.py:190} INFO - [2024-10-28T13:36:41.731+0000] {dag.py:4180} INFO - Setting next_dagrun for example_subdag_operator.section-2 to None, run_after=None
[2024-10-28T13:36:41.737+0000] {logging_mixin.py:190} INFO - [2024-10-28T13:36:41.737+0000] {dag.py:3239} INFO - Sync 2 DAGs
[2024-10-28T13:36:41.742+0000] {logging_mixin.py:190} INFO - [2024-10-28T13:36:41.742+0000] {dag.py:4180} INFO - Setting next_dagrun for example_subdag_operator.section-1 to None, run_after=None
[2024-10-28T13:36:41.746+0000] {logging_mixin.py:190} INFO - [2024-10-28T13:36:41.746+0000] {dag.py:4180} INFO - Setting next_dagrun for example_subdag_operator.section-2 to None, run_after=None
[2024-10-28T13:36:41.759+0000] {processor.py:208} INFO - Processing /home/airflow/.local/lib/python3.12/site-packages/airflow/example_dags/example_subdag_operator.py took 0.084 seconds
[2024-10-28T13:37:12.102+0000] {processor.py:186} INFO - Started process (PID=1581) to work on /home/airflow/.local/lib/python3.12/site-packages/airflow/example_dags/example_subdag_operator.py
[2024-10-28T13:37:12.103+0000] {processor.py:914} INFO - Processing file /home/airflow/.local/lib/python3.12/site-packages/airflow/example_dags/example_subdag_operator.py for tasks to queue
[2024-10-28T13:37:12.105+0000] {logging_mixin.py:190} INFO - [2024-10-28T13:37:12.105+0000] {dagbag.py:588} INFO - Filling up the DagBag from /home/airflow/.local/lib/python3.12/site-packages/airflow/example_dags/example_subdag_operator.py
[2024-10-28T13:37:12.123+0000] {processor.py:925} INFO - DAG(s) 'example_subdag_operator.section-1', 'example_subdag_operator.section-2', 'example_subdag_operator' retrieved from /home/airflow/.local/lib/python3.12/site-packages/airflow/example_dags/example_subdag_operator.py
[2024-10-28T13:37:12.134+0000] {logging_mixin.py:190} INFO - [2024-10-28T13:37:12.133+0000] {dag.py:3239} INFO - Sync 3 DAGs
[2024-10-28T13:37:12.150+0000] {logging_mixin.py:190} INFO - [2024-10-28T13:37:12.149+0000] {dag.py:4180} INFO - Setting next_dagrun for example_subdag_operator to 2022-01-01 00:00:00+00:00, run_after=2022-01-01 00:00:00+00:00
[2024-10-28T13:37:12.152+0000] {logging_mixin.py:190} INFO - [2024-10-28T13:37:12.152+0000] {dag.py:4180} INFO - Setting next_dagrun for example_subdag_operator.section-1 to None, run_after=None
[2024-10-28T13:37:12.153+0000] {logging_mixin.py:190} INFO - [2024-10-28T13:37:12.153+0000] {dag.py:4180} INFO - Setting next_dagrun for example_subdag_operator.section-2 to None, run_after=None
[2024-10-28T13:37:12.157+0000] {logging_mixin.py:190} INFO - [2024-10-28T13:37:12.157+0000] {dag.py:3239} INFO - Sync 2 DAGs
[2024-10-28T13:37:12.161+0000] {logging_mixin.py:190} INFO - [2024-10-28T13:37:12.161+0000] {dag.py:4180} INFO - Setting next_dagrun for example_subdag_operator.section-1 to None, run_after=None
[2024-10-28T13:37:12.162+0000] {logging_mixin.py:190} INFO - [2024-10-28T13:37:12.162+0000] {dag.py:4180} INFO - Setting next_dagrun for example_subdag_operator.section-2 to None, run_after=None
[2024-10-28T13:37:12.170+0000] {processor.py:208} INFO - Processing /home/airflow/.local/lib/python3.12/site-packages/airflow/example_dags/example_subdag_operator.py took 0.072 seconds
[2024-10-28T13:37:42.591+0000] {processor.py:186} INFO - Started process (PID=1644) to work on /home/airflow/.local/lib/python3.12/site-packages/airflow/example_dags/example_subdag_operator.py
[2024-10-28T13:37:42.591+0000] {processor.py:914} INFO - Processing file /home/airflow/.local/lib/python3.12/site-packages/airflow/example_dags/example_subdag_operator.py for tasks to queue
[2024-10-28T13:37:42.593+0000] {logging_mixin.py:190} INFO - [2024-10-28T13:37:42.593+0000] {dagbag.py:588} INFO - Filling up the DagBag from /home/airflow/.local/lib/python3.12/site-packages/airflow/example_dags/example_subdag_operator.py
[2024-10-28T13:37:42.611+0000] {processor.py:925} INFO - DAG(s) 'example_subdag_operator.section-1', 'example_subdag_operator.section-2', 'example_subdag_operator' retrieved from /home/airflow/.local/lib/python3.12/site-packages/airflow/example_dags/example_subdag_operator.py
[2024-10-28T13:37:42.621+0000] {logging_mixin.py:190} INFO - [2024-10-28T13:37:42.620+0000] {dag.py:3239} INFO - Sync 3 DAGs
[2024-10-28T13:37:42.635+0000] {logging_mixin.py:190} INFO - [2024-10-28T13:37:42.635+0000] {dag.py:4180} INFO - Setting next_dagrun for example_subdag_operator to 2022-01-01 00:00:00+00:00, run_after=2022-01-01 00:00:00+00:00
[2024-10-28T13:37:42.638+0000] {logging_mixin.py:190} INFO - [2024-10-28T13:37:42.638+0000] {dag.py:4180} INFO - Setting next_dagrun for example_subdag_operator.section-1 to None, run_after=None
[2024-10-28T13:37:42.639+0000] {logging_mixin.py:190} INFO - [2024-10-28T13:37:42.639+0000] {dag.py:4180} INFO - Setting next_dagrun for example_subdag_operator.section-2 to None, run_after=None
[2024-10-28T13:37:42.644+0000] {logging_mixin.py:190} INFO - [2024-10-28T13:37:42.644+0000] {dag.py:3239} INFO - Sync 2 DAGs
[2024-10-28T13:37:42.648+0000] {logging_mixin.py:190} INFO - [2024-10-28T13:37:42.648+0000] {dag.py:4180} INFO - Setting next_dagrun for example_subdag_operator.section-1 to None, run_after=None
[2024-10-28T13:37:42.648+0000] {logging_mixin.py:190} INFO - [2024-10-28T13:37:42.648+0000] {dag.py:4180} INFO - Setting next_dagrun for example_subdag_operator.section-2 to None, run_after=None
[2024-10-28T13:37:42.658+0000] {processor.py:208} INFO - Processing /home/airflow/.local/lib/python3.12/site-packages/airflow/example_dags/example_subdag_operator.py took 0.071 seconds
[2024-10-28T13:38:13.102+0000] {processor.py:186} INFO - Started process (PID=1707) to work on /home/airflow/.local/lib/python3.12/site-packages/airflow/example_dags/example_subdag_operator.py
[2024-10-28T13:38:13.103+0000] {processor.py:914} INFO - Processing file /home/airflow/.local/lib/python3.12/site-packages/airflow/example_dags/example_subdag_operator.py for tasks to queue
[2024-10-28T13:38:13.105+0000] {logging_mixin.py:190} INFO - [2024-10-28T13:38:13.105+0000] {dagbag.py:588} INFO - Filling up the DagBag from /home/airflow/.local/lib/python3.12/site-packages/airflow/example_dags/example_subdag_operator.py
[2024-10-28T13:38:13.123+0000] {processor.py:925} INFO - DAG(s) 'example_subdag_operator.section-1', 'example_subdag_operator.section-2', 'example_subdag_operator' retrieved from /home/airflow/.local/lib/python3.12/site-packages/airflow/example_dags/example_subdag_operator.py
[2024-10-28T13:38:13.133+0000] {logging_mixin.py:190} INFO - [2024-10-28T13:38:13.133+0000] {dag.py:3239} INFO - Sync 3 DAGs
[2024-10-28T13:38:13.148+0000] {logging_mixin.py:190} INFO - [2024-10-28T13:38:13.147+0000] {dag.py:4180} INFO - Setting next_dagrun for example_subdag_operator to 2022-01-01 00:00:00+00:00, run_after=2022-01-01 00:00:00+00:00
[2024-10-28T13:38:13.151+0000] {logging_mixin.py:190} INFO - [2024-10-28T13:38:13.150+0000] {dag.py:4180} INFO - Setting next_dagrun for example_subdag_operator.section-1 to None, run_after=None
[2024-10-28T13:38:13.152+0000] {logging_mixin.py:190} INFO - [2024-10-28T13:38:13.152+0000] {dag.py:4180} INFO - Setting next_dagrun for example_subdag_operator.section-2 to None, run_after=None
[2024-10-28T13:38:13.157+0000] {logging_mixin.py:190} INFO - [2024-10-28T13:38:13.156+0000] {dag.py:3239} INFO - Sync 2 DAGs
[2024-10-28T13:38:13.160+0000] {logging_mixin.py:190} INFO - [2024-10-28T13:38:13.160+0000] {dag.py:4180} INFO - Setting next_dagrun for example_subdag_operator.section-1 to None, run_after=None
[2024-10-28T13:38:13.161+0000] {logging_mixin.py:190} INFO - [2024-10-28T13:38:13.161+0000] {dag.py:4180} INFO - Setting next_dagrun for example_subdag_operator.section-2 to None, run_after=None
[2024-10-28T13:38:13.169+0000] {processor.py:208} INFO - Processing /home/airflow/.local/lib/python3.12/site-packages/airflow/example_dags/example_subdag_operator.py took 0.071 seconds
[2024-10-28T13:38:43.626+0000] {processor.py:186} INFO - Started process (PID=1770) to work on /home/airflow/.local/lib/python3.12/site-packages/airflow/example_dags/example_subdag_operator.py
[2024-10-28T13:38:43.627+0000] {processor.py:914} INFO - Processing file /home/airflow/.local/lib/python3.12/site-packages/airflow/example_dags/example_subdag_operator.py for tasks to queue
[2024-10-28T13:38:43.629+0000] {logging_mixin.py:190} INFO - [2024-10-28T13:38:43.629+0000] {dagbag.py:588} INFO - Filling up the DagBag from /home/airflow/.local/lib/python3.12/site-packages/airflow/example_dags/example_subdag_operator.py
[2024-10-28T13:38:43.648+0000] {processor.py:925} INFO - DAG(s) 'example_subdag_operator.section-1', 'example_subdag_operator.section-2', 'example_subdag_operator' retrieved from /home/airflow/.local/lib/python3.12/site-packages/airflow/example_dags/example_subdag_operator.py
[2024-10-28T13:38:43.658+0000] {logging_mixin.py:190} INFO - [2024-10-28T13:38:43.658+0000] {dag.py:3239} INFO - Sync 3 DAGs
[2024-10-28T13:38:43.673+0000] {logging_mixin.py:190} INFO - [2024-10-28T13:38:43.672+0000] {dag.py:4180} INFO - Setting next_dagrun for example_subdag_operator to 2022-01-01 00:00:00+00:00, run_after=2022-01-01 00:00:00+00:00
[2024-10-28T13:38:43.675+0000] {logging_mixin.py:190} INFO - [2024-10-28T13:38:43.675+0000] {dag.py:4180} INFO - Setting next_dagrun for example_subdag_operator.section-1 to None, run_after=None
[2024-10-28T13:38:43.676+0000] {logging_mixin.py:190} INFO - [2024-10-28T13:38:43.676+0000] {dag.py:4180} INFO - Setting next_dagrun for example_subdag_operator.section-2 to None, run_after=None
[2024-10-28T13:38:43.681+0000] {logging_mixin.py:190} INFO - [2024-10-28T13:38:43.681+0000] {dag.py:3239} INFO - Sync 2 DAGs
[2024-10-28T13:38:43.685+0000] {logging_mixin.py:190} INFO - [2024-10-28T13:38:43.685+0000] {dag.py:4180} INFO - Setting next_dagrun for example_subdag_operator.section-1 to None, run_after=None
[2024-10-28T13:38:43.685+0000] {logging_mixin.py:190} INFO - [2024-10-28T13:38:43.685+0000] {dag.py:4180} INFO - Setting next_dagrun for example_subdag_operator.section-2 to None, run_after=None
[2024-10-28T13:38:43.695+0000] {processor.py:208} INFO - Processing /home/airflow/.local/lib/python3.12/site-packages/airflow/example_dags/example_subdag_operator.py took 0.073 seconds
[2024-10-28T13:39:14.138+0000] {processor.py:186} INFO - Started process (PID=1833) to work on /home/airflow/.local/lib/python3.12/site-packages/airflow/example_dags/example_subdag_operator.py
[2024-10-28T13:39:14.139+0000] {processor.py:914} INFO - Processing file /home/airflow/.local/lib/python3.12/site-packages/airflow/example_dags/example_subdag_operator.py for tasks to queue
[2024-10-28T13:39:14.141+0000] {logging_mixin.py:190} INFO - [2024-10-28T13:39:14.141+0000] {dagbag.py:588} INFO - Filling up the DagBag from /home/airflow/.local/lib/python3.12/site-packages/airflow/example_dags/example_subdag_operator.py
[2024-10-28T13:39:14.159+0000] {processor.py:925} INFO - DAG(s) 'example_subdag_operator.section-1', 'example_subdag_operator.section-2', 'example_subdag_operator' retrieved from /home/airflow/.local/lib/python3.12/site-packages/airflow/example_dags/example_subdag_operator.py
[2024-10-28T13:39:14.171+0000] {logging_mixin.py:190} INFO - [2024-10-28T13:39:14.171+0000] {dag.py:3239} INFO - Sync 3 DAGs
[2024-10-28T13:39:14.187+0000] {logging_mixin.py:190} INFO - [2024-10-28T13:39:14.187+0000] {dag.py:4180} INFO - Setting next_dagrun for example_subdag_operator to 2022-01-01 00:00:00+00:00, run_after=2022-01-01 00:00:00+00:00
[2024-10-28T13:39:14.190+0000] {logging_mixin.py:190} INFO - [2024-10-28T13:39:14.190+0000] {dag.py:4180} INFO - Setting next_dagrun for example_subdag_operator.section-1 to None, run_after=None
[2024-10-28T13:39:14.192+0000] {logging_mixin.py:190} INFO - [2024-10-28T13:39:14.192+0000] {dag.py:4180} INFO - Setting next_dagrun for example_subdag_operator.section-2 to None, run_after=None
[2024-10-28T13:39:14.203+0000] {logging_mixin.py:190} INFO - [2024-10-28T13:39:14.203+0000] {dag.py:3239} INFO - Sync 2 DAGs
[2024-10-28T13:39:14.207+0000] {logging_mixin.py:190} INFO - [2024-10-28T13:39:14.207+0000] {dag.py:4180} INFO - Setting next_dagrun for example_subdag_operator.section-1 to None, run_after=None
[2024-10-28T13:39:14.207+0000] {logging_mixin.py:190} INFO - [2024-10-28T13:39:14.207+0000] {dag.py:4180} INFO - Setting next_dagrun for example_subdag_operator.section-2 to None, run_after=None
[2024-10-28T13:39:14.217+0000] {processor.py:208} INFO - Processing /home/airflow/.local/lib/python3.12/site-packages/airflow/example_dags/example_subdag_operator.py took 0.083 seconds
[2024-10-28T13:39:44.605+0000] {processor.py:186} INFO - Started process (PID=1896) to work on /home/airflow/.local/lib/python3.12/site-packages/airflow/example_dags/example_subdag_operator.py
[2024-10-28T13:39:44.607+0000] {processor.py:914} INFO - Processing file /home/airflow/.local/lib/python3.12/site-packages/airflow/example_dags/example_subdag_operator.py for tasks to queue
[2024-10-28T13:39:44.609+0000] {logging_mixin.py:190} INFO - [2024-10-28T13:39:44.609+0000] {dagbag.py:588} INFO - Filling up the DagBag from /home/airflow/.local/lib/python3.12/site-packages/airflow/example_dags/example_subdag_operator.py
[2024-10-28T13:39:44.628+0000] {processor.py:925} INFO - DAG(s) 'example_subdag_operator.section-1', 'example_subdag_operator.section-2', 'example_subdag_operator' retrieved from /home/airflow/.local/lib/python3.12/site-packages/airflow/example_dags/example_subdag_operator.py
[2024-10-28T13:39:44.640+0000] {logging_mixin.py:190} INFO - [2024-10-28T13:39:44.640+0000] {dag.py:3239} INFO - Sync 3 DAGs
[2024-10-28T13:39:44.658+0000] {logging_mixin.py:190} INFO - [2024-10-28T13:39:44.658+0000] {dag.py:4180} INFO - Setting next_dagrun for example_subdag_operator to 2022-01-01 00:00:00+00:00, run_after=2022-01-01 00:00:00+00:00
[2024-10-28T13:39:44.661+0000] {logging_mixin.py:190} INFO - [2024-10-28T13:39:44.661+0000] {dag.py:4180} INFO - Setting next_dagrun for example_subdag_operator.section-1 to None, run_after=None
[2024-10-28T13:39:44.662+0000] {logging_mixin.py:190} INFO - [2024-10-28T13:39:44.662+0000] {dag.py:4180} INFO - Setting next_dagrun for example_subdag_operator.section-2 to None, run_after=None
[2024-10-28T13:39:44.668+0000] {logging_mixin.py:190} INFO - [2024-10-28T13:39:44.668+0000] {dag.py:3239} INFO - Sync 2 DAGs
[2024-10-28T13:39:44.673+0000] {logging_mixin.py:190} INFO - [2024-10-28T13:39:44.672+0000] {dag.py:4180} INFO - Setting next_dagrun for example_subdag_operator.section-1 to None, run_after=None
[2024-10-28T13:39:44.674+0000] {logging_mixin.py:190} INFO - [2024-10-28T13:39:44.673+0000] {dag.py:4180} INFO - Setting next_dagrun for example_subdag_operator.section-2 to None, run_after=None
[2024-10-28T13:39:44.685+0000] {processor.py:208} INFO - Processing /home/airflow/.local/lib/python3.12/site-packages/airflow/example_dags/example_subdag_operator.py took 0.085 seconds
[2024-10-28T13:40:14.973+0000] {processor.py:186} INFO - Started process (PID=1959) to work on /home/airflow/.local/lib/python3.12/site-packages/airflow/example_dags/example_subdag_operator.py
[2024-10-28T13:40:14.974+0000] {processor.py:914} INFO - Processing file /home/airflow/.local/lib/python3.12/site-packages/airflow/example_dags/example_subdag_operator.py for tasks to queue
[2024-10-28T13:40:14.976+0000] {logging_mixin.py:190} INFO - [2024-10-28T13:40:14.976+0000] {dagbag.py:588} INFO - Filling up the DagBag from /home/airflow/.local/lib/python3.12/site-packages/airflow/example_dags/example_subdag_operator.py
[2024-10-28T13:40:14.995+0000] {processor.py:925} INFO - DAG(s) 'example_subdag_operator.section-1', 'example_subdag_operator.section-2', 'example_subdag_operator' retrieved from /home/airflow/.local/lib/python3.12/site-packages/airflow/example_dags/example_subdag_operator.py
[2024-10-28T13:40:15.006+0000] {logging_mixin.py:190} INFO - [2024-10-28T13:40:15.006+0000] {dag.py:3239} INFO - Sync 3 DAGs
[2024-10-28T13:40:15.022+0000] {logging_mixin.py:190} INFO - [2024-10-28T13:40:15.022+0000] {dag.py:4180} INFO - Setting next_dagrun for example_subdag_operator to 2022-01-01 00:00:00+00:00, run_after=2022-01-01 00:00:00+00:00
[2024-10-28T13:40:15.025+0000] {logging_mixin.py:190} INFO - [2024-10-28T13:40:15.024+0000] {dag.py:4180} INFO - Setting next_dagrun for example_subdag_operator.section-1 to None, run_after=None
[2024-10-28T13:40:15.026+0000] {logging_mixin.py:190} INFO - [2024-10-28T13:40:15.026+0000] {dag.py:4180} INFO - Setting next_dagrun for example_subdag_operator.section-2 to None, run_after=None
[2024-10-28T13:40:15.031+0000] {logging_mixin.py:190} INFO - [2024-10-28T13:40:15.031+0000] {dag.py:3239} INFO - Sync 2 DAGs
[2024-10-28T13:40:15.036+0000] {logging_mixin.py:190} INFO - [2024-10-28T13:40:15.035+0000] {dag.py:4180} INFO - Setting next_dagrun for example_subdag_operator.section-1 to None, run_after=None
[2024-10-28T13:40:15.036+0000] {logging_mixin.py:190} INFO - [2024-10-28T13:40:15.036+0000] {dag.py:4180} INFO - Setting next_dagrun for example_subdag_operator.section-2 to None, run_after=None
[2024-10-28T13:40:15.047+0000] {processor.py:208} INFO - Processing /home/airflow/.local/lib/python3.12/site-packages/airflow/example_dags/example_subdag_operator.py took 0.078 seconds
[2024-10-28T13:40:45.751+0000] {processor.py:186} INFO - Started process (PID=2022) to work on /home/airflow/.local/lib/python3.12/site-packages/airflow/example_dags/example_subdag_operator.py
[2024-10-28T13:40:45.752+0000] {processor.py:914} INFO - Processing file /home/airflow/.local/lib/python3.12/site-packages/airflow/example_dags/example_subdag_operator.py for tasks to queue
[2024-10-28T13:40:45.753+0000] {logging_mixin.py:190} INFO - [2024-10-28T13:40:45.753+0000] {dagbag.py:588} INFO - Filling up the DagBag from /home/airflow/.local/lib/python3.12/site-packages/airflow/example_dags/example_subdag_operator.py
[2024-10-28T13:40:45.771+0000] {processor.py:925} INFO - DAG(s) 'example_subdag_operator.section-1', 'example_subdag_operator.section-2', 'example_subdag_operator' retrieved from /home/airflow/.local/lib/python3.12/site-packages/airflow/example_dags/example_subdag_operator.py
[2024-10-28T13:40:45.781+0000] {logging_mixin.py:190} INFO - [2024-10-28T13:40:45.781+0000] {dag.py:3239} INFO - Sync 3 DAGs
[2024-10-28T13:40:45.797+0000] {logging_mixin.py:190} INFO - [2024-10-28T13:40:45.797+0000] {dag.py:4180} INFO - Setting next_dagrun for example_subdag_operator to 2022-01-01 00:00:00+00:00, run_after=2022-01-01 00:00:00+00:00
[2024-10-28T13:40:45.799+0000] {logging_mixin.py:190} INFO - [2024-10-28T13:40:45.799+0000] {dag.py:4180} INFO - Setting next_dagrun for example_subdag_operator.section-1 to None, run_after=None
[2024-10-28T13:40:45.800+0000] {logging_mixin.py:190} INFO - [2024-10-28T13:40:45.800+0000] {dag.py:4180} INFO - Setting next_dagrun for example_subdag_operator.section-2 to None, run_after=None
[2024-10-28T13:40:45.805+0000] {logging_mixin.py:190} INFO - [2024-10-28T13:40:45.805+0000] {dag.py:3239} INFO - Sync 2 DAGs
[2024-10-28T13:40:45.809+0000] {logging_mixin.py:190} INFO - [2024-10-28T13:40:45.809+0000] {dag.py:4180} INFO - Setting next_dagrun for example_subdag_operator.section-1 to None, run_after=None
[2024-10-28T13:40:45.810+0000] {logging_mixin.py:190} INFO - [2024-10-28T13:40:45.810+0000] {dag.py:4180} INFO - Setting next_dagrun for example_subdag_operator.section-2 to None, run_after=None
[2024-10-28T13:40:45.820+0000] {processor.py:208} INFO - Processing /home/airflow/.local/lib/python3.12/site-packages/airflow/example_dags/example_subdag_operator.py took 0.074 seconds
[2024-10-28T13:41:16.010+0000] {processor.py:186} INFO - Started process (PID=2085) to work on /home/airflow/.local/lib/python3.12/site-packages/airflow/example_dags/example_subdag_operator.py
[2024-10-28T13:41:16.010+0000] {processor.py:914} INFO - Processing file /home/airflow/.local/lib/python3.12/site-packages/airflow/example_dags/example_subdag_operator.py for tasks to queue
[2024-10-28T13:41:16.012+0000] {logging_mixin.py:190} INFO - [2024-10-28T13:41:16.012+0000] {dagbag.py:588} INFO - Filling up the DagBag from /home/airflow/.local/lib/python3.12/site-packages/airflow/example_dags/example_subdag_operator.py
[2024-10-28T13:41:16.030+0000] {processor.py:925} INFO - DAG(s) 'example_subdag_operator.section-1', 'example_subdag_operator.section-2', 'example_subdag_operator' retrieved from /home/airflow/.local/lib/python3.12/site-packages/airflow/example_dags/example_subdag_operator.py
[2024-10-28T13:41:16.041+0000] {logging_mixin.py:190} INFO - [2024-10-28T13:41:16.041+0000] {dag.py:3239} INFO - Sync 3 DAGs
[2024-10-28T13:41:16.057+0000] {logging_mixin.py:190} INFO - [2024-10-28T13:41:16.057+0000] {dag.py:4180} INFO - Setting next_dagrun for example_subdag_operator to 2022-01-01 00:00:00+00:00, run_after=2022-01-01 00:00:00+00:00
[2024-10-28T13:41:16.060+0000] {logging_mixin.py:190} INFO - [2024-10-28T13:41:16.059+0000] {dag.py:4180} INFO - Setting next_dagrun for example_subdag_operator.section-1 to None, run_after=None
[2024-10-28T13:41:16.061+0000] {logging_mixin.py:190} INFO - [2024-10-28T13:41:16.060+0000] {dag.py:4180} INFO - Setting next_dagrun for example_subdag_operator.section-2 to None, run_after=None
[2024-10-28T13:41:16.067+0000] {logging_mixin.py:190} INFO - [2024-10-28T13:41:16.066+0000] {dag.py:3239} INFO - Sync 2 DAGs
[2024-10-28T13:41:16.071+0000] {logging_mixin.py:190} INFO - [2024-10-28T13:41:16.070+0000] {dag.py:4180} INFO - Setting next_dagrun for example_subdag_operator.section-1 to None, run_after=None
[2024-10-28T13:41:16.071+0000] {logging_mixin.py:190} INFO - [2024-10-28T13:41:16.071+0000] {dag.py:4180} INFO - Setting next_dagrun for example_subdag_operator.section-2 to None, run_after=None
[2024-10-28T13:41:16.081+0000] {processor.py:208} INFO - Processing /home/airflow/.local/lib/python3.12/site-packages/airflow/example_dags/example_subdag_operator.py took 0.076 seconds
[2024-10-28T13:41:46.320+0000] {processor.py:186} INFO - Started process (PID=2148) to work on /home/airflow/.local/lib/python3.12/site-packages/airflow/example_dags/example_subdag_operator.py
[2024-10-28T13:41:46.321+0000] {processor.py:914} INFO - Processing file /home/airflow/.local/lib/python3.12/site-packages/airflow/example_dags/example_subdag_operator.py for tasks to queue
[2024-10-28T13:41:46.323+0000] {logging_mixin.py:190} INFO - [2024-10-28T13:41:46.323+0000] {dagbag.py:588} INFO - Filling up the DagBag from /home/airflow/.local/lib/python3.12/site-packages/airflow/example_dags/example_subdag_operator.py
[2024-10-28T13:41:46.343+0000] {processor.py:925} INFO - DAG(s) 'example_subdag_operator.section-1', 'example_subdag_operator.section-2', 'example_subdag_operator' retrieved from /home/airflow/.local/lib/python3.12/site-packages/airflow/example_dags/example_subdag_operator.py
[2024-10-28T13:41:46.356+0000] {logging_mixin.py:190} INFO - [2024-10-28T13:41:46.356+0000] {dag.py:3239} INFO - Sync 3 DAGs
[2024-10-28T13:41:46.374+0000] {logging_mixin.py:190} INFO - [2024-10-28T13:41:46.373+0000] {dag.py:4180} INFO - Setting next_dagrun for example_subdag_operator to 2022-01-01 00:00:00+00:00, run_after=2022-01-01 00:00:00+00:00
[2024-10-28T13:41:46.377+0000] {logging_mixin.py:190} INFO - [2024-10-28T13:41:46.377+0000] {dag.py:4180} INFO - Setting next_dagrun for example_subdag_operator.section-1 to None, run_after=None
[2024-10-28T13:41:46.379+0000] {logging_mixin.py:190} INFO - [2024-10-28T13:41:46.378+0000] {dag.py:4180} INFO - Setting next_dagrun for example_subdag_operator.section-2 to None, run_after=None
[2024-10-28T13:41:46.385+0000] {logging_mixin.py:190} INFO - [2024-10-28T13:41:46.384+0000] {dag.py:3239} INFO - Sync 2 DAGs
[2024-10-28T13:41:46.389+0000] {logging_mixin.py:190} INFO - [2024-10-28T13:41:46.389+0000] {dag.py:4180} INFO - Setting next_dagrun for example_subdag_operator.section-1 to None, run_after=None
[2024-10-28T13:41:46.390+0000] {logging_mixin.py:190} INFO - [2024-10-28T13:41:46.390+0000] {dag.py:4180} INFO - Setting next_dagrun for example_subdag_operator.section-2 to None, run_after=None
[2024-10-28T13:41:46.402+0000] {processor.py:208} INFO - Processing /home/airflow/.local/lib/python3.12/site-packages/airflow/example_dags/example_subdag_operator.py took 0.087 seconds
[2024-10-28T13:42:16.546+0000] {processor.py:186} INFO - Started process (PID=2211) to work on /home/airflow/.local/lib/python3.12/site-packages/airflow/example_dags/example_subdag_operator.py
[2024-10-28T13:42:16.548+0000] {processor.py:914} INFO - Processing file /home/airflow/.local/lib/python3.12/site-packages/airflow/example_dags/example_subdag_operator.py for tasks to queue
[2024-10-28T13:42:16.550+0000] {logging_mixin.py:190} INFO - [2024-10-28T13:42:16.549+0000] {dagbag.py:588} INFO - Filling up the DagBag from /home/airflow/.local/lib/python3.12/site-packages/airflow/example_dags/example_subdag_operator.py
[2024-10-28T13:42:16.569+0000] {processor.py:925} INFO - DAG(s) 'example_subdag_operator.section-1', 'example_subdag_operator.section-2', 'example_subdag_operator' retrieved from /home/airflow/.local/lib/python3.12/site-packages/airflow/example_dags/example_subdag_operator.py
[2024-10-28T13:42:16.588+0000] {logging_mixin.py:190} INFO - [2024-10-28T13:42:16.588+0000] {dag.py:3239} INFO - Sync 3 DAGs
[2024-10-28T13:42:16.622+0000] {logging_mixin.py:190} INFO - [2024-10-28T13:42:16.622+0000] {dag.py:4180} INFO - Setting next_dagrun for example_subdag_operator to 2022-01-01 00:00:00+00:00, run_after=2022-01-01 00:00:00+00:00
[2024-10-28T13:42:16.628+0000] {logging_mixin.py:190} INFO - [2024-10-28T13:42:16.627+0000] {dag.py:4180} INFO - Setting next_dagrun for example_subdag_operator.section-1 to None, run_after=None
[2024-10-28T13:42:16.630+0000] {logging_mixin.py:190} INFO - [2024-10-28T13:42:16.630+0000] {dag.py:4180} INFO - Setting next_dagrun for example_subdag_operator.section-2 to None, run_after=None
[2024-10-28T13:42:16.641+0000] {logging_mixin.py:190} INFO - [2024-10-28T13:42:16.641+0000] {dag.py:3239} INFO - Sync 2 DAGs
[2024-10-28T13:42:16.647+0000] {logging_mixin.py:190} INFO - [2024-10-28T13:42:16.647+0000] {dag.py:4180} INFO - Setting next_dagrun for example_subdag_operator.section-1 to None, run_after=None
[2024-10-28T13:42:16.648+0000] {logging_mixin.py:190} INFO - [2024-10-28T13:42:16.648+0000] {dag.py:4180} INFO - Setting next_dagrun for example_subdag_operator.section-2 to None, run_after=None
[2024-10-28T13:42:16.658+0000] {processor.py:208} INFO - Processing /home/airflow/.local/lib/python3.12/site-packages/airflow/example_dags/example_subdag_operator.py took 0.117 seconds
[2024-10-28T13:42:46.721+0000] {processor.py:186} INFO - Started process (PID=2273) to work on /home/airflow/.local/lib/python3.12/site-packages/airflow/example_dags/example_subdag_operator.py
[2024-10-28T13:42:46.722+0000] {processor.py:914} INFO - Processing file /home/airflow/.local/lib/python3.12/site-packages/airflow/example_dags/example_subdag_operator.py for tasks to queue
[2024-10-28T13:42:46.723+0000] {logging_mixin.py:190} INFO - [2024-10-28T13:42:46.723+0000] {dagbag.py:588} INFO - Filling up the DagBag from /home/airflow/.local/lib/python3.12/site-packages/airflow/example_dags/example_subdag_operator.py
[2024-10-28T13:42:46.740+0000] {processor.py:925} INFO - DAG(s) 'example_subdag_operator.section-1', 'example_subdag_operator.section-2', 'example_subdag_operator' retrieved from /home/airflow/.local/lib/python3.12/site-packages/airflow/example_dags/example_subdag_operator.py
[2024-10-28T13:42:46.750+0000] {logging_mixin.py:190} INFO - [2024-10-28T13:42:46.750+0000] {dag.py:3239} INFO - Sync 3 DAGs
[2024-10-28T13:42:46.766+0000] {logging_mixin.py:190} INFO - [2024-10-28T13:42:46.766+0000] {dag.py:4180} INFO - Setting next_dagrun for example_subdag_operator to 2022-01-01 00:00:00+00:00, run_after=2022-01-01 00:00:00+00:00
[2024-10-28T13:42:46.769+0000] {logging_mixin.py:190} INFO - [2024-10-28T13:42:46.769+0000] {dag.py:4180} INFO - Setting next_dagrun for example_subdag_operator.section-1 to None, run_after=None
[2024-10-28T13:42:46.770+0000] {logging_mixin.py:190} INFO - [2024-10-28T13:42:46.770+0000] {dag.py:4180} INFO - Setting next_dagrun for example_subdag_operator.section-2 to None, run_after=None
[2024-10-28T13:42:46.775+0000] {logging_mixin.py:190} INFO - [2024-10-28T13:42:46.775+0000] {dag.py:3239} INFO - Sync 2 DAGs
[2024-10-28T13:42:46.779+0000] {logging_mixin.py:190} INFO - [2024-10-28T13:42:46.779+0000] {dag.py:4180} INFO - Setting next_dagrun for example_subdag_operator.section-1 to None, run_after=None
[2024-10-28T13:42:46.780+0000] {logging_mixin.py:190} INFO - [2024-10-28T13:42:46.780+0000] {dag.py:4180} INFO - Setting next_dagrun for example_subdag_operator.section-2 to None, run_after=None
[2024-10-28T13:42:46.789+0000] {processor.py:208} INFO - Processing /home/airflow/.local/lib/python3.12/site-packages/airflow/example_dags/example_subdag_operator.py took 0.072 seconds
[2024-10-28T13:43:17.369+0000] {processor.py:186} INFO - Started process (PID=2335) to work on /home/airflow/.local/lib/python3.12/site-packages/airflow/example_dags/example_subdag_operator.py
[2024-10-28T13:43:17.370+0000] {processor.py:914} INFO - Processing file /home/airflow/.local/lib/python3.12/site-packages/airflow/example_dags/example_subdag_operator.py for tasks to queue
[2024-10-28T13:43:17.371+0000] {logging_mixin.py:190} INFO - [2024-10-28T13:43:17.371+0000] {dagbag.py:588} INFO - Filling up the DagBag from /home/airflow/.local/lib/python3.12/site-packages/airflow/example_dags/example_subdag_operator.py
[2024-10-28T13:43:17.389+0000] {processor.py:925} INFO - DAG(s) 'example_subdag_operator.section-1', 'example_subdag_operator.section-2', 'example_subdag_operator' retrieved from /home/airflow/.local/lib/python3.12/site-packages/airflow/example_dags/example_subdag_operator.py
[2024-10-28T13:43:17.400+0000] {logging_mixin.py:190} INFO - [2024-10-28T13:43:17.400+0000] {dag.py:3239} INFO - Sync 3 DAGs
[2024-10-28T13:43:17.417+0000] {logging_mixin.py:190} INFO - [2024-10-28T13:43:17.417+0000] {dag.py:4180} INFO - Setting next_dagrun for example_subdag_operator to 2022-01-01 00:00:00+00:00, run_after=2022-01-01 00:00:00+00:00
[2024-10-28T13:43:17.420+0000] {logging_mixin.py:190} INFO - [2024-10-28T13:43:17.420+0000] {dag.py:4180} INFO - Setting next_dagrun for example_subdag_operator.section-1 to None, run_after=None
[2024-10-28T13:43:17.421+0000] {logging_mixin.py:190} INFO - [2024-10-28T13:43:17.421+0000] {dag.py:4180} INFO - Setting next_dagrun for example_subdag_operator.section-2 to None, run_after=None
[2024-10-28T13:43:17.426+0000] {logging_mixin.py:190} INFO - [2024-10-28T13:43:17.426+0000] {dag.py:3239} INFO - Sync 2 DAGs
[2024-10-28T13:43:17.430+0000] {logging_mixin.py:190} INFO - [2024-10-28T13:43:17.430+0000] {dag.py:4180} INFO - Setting next_dagrun for example_subdag_operator.section-1 to None, run_after=None
[2024-10-28T13:43:17.430+0000] {logging_mixin.py:190} INFO - [2024-10-28T13:43:17.430+0000] {dag.py:4180} INFO - Setting next_dagrun for example_subdag_operator.section-2 to None, run_after=None
[2024-10-28T13:43:17.440+0000] {processor.py:208} INFO - Processing /home/airflow/.local/lib/python3.12/site-packages/airflow/example_dags/example_subdag_operator.py took 0.075 seconds
[2024-10-28T13:43:47.880+0000] {processor.py:186} INFO - Started process (PID=2397) to work on /home/airflow/.local/lib/python3.12/site-packages/airflow/example_dags/example_subdag_operator.py
[2024-10-28T13:43:47.881+0000] {processor.py:914} INFO - Processing file /home/airflow/.local/lib/python3.12/site-packages/airflow/example_dags/example_subdag_operator.py for tasks to queue
[2024-10-28T13:43:47.883+0000] {logging_mixin.py:190} INFO - [2024-10-28T13:43:47.882+0000] {dagbag.py:588} INFO - Filling up the DagBag from /home/airflow/.local/lib/python3.12/site-packages/airflow/example_dags/example_subdag_operator.py
[2024-10-28T13:43:47.904+0000] {processor.py:925} INFO - DAG(s) 'example_subdag_operator.section-1', 'example_subdag_operator.section-2', 'example_subdag_operator' retrieved from /home/airflow/.local/lib/python3.12/site-packages/airflow/example_dags/example_subdag_operator.py
[2024-10-28T13:43:47.916+0000] {logging_mixin.py:190} INFO - [2024-10-28T13:43:47.916+0000] {dag.py:3239} INFO - Sync 3 DAGs
[2024-10-28T13:43:47.934+0000] {logging_mixin.py:190} INFO - [2024-10-28T13:43:47.934+0000] {dag.py:4180} INFO - Setting next_dagrun for example_subdag_operator to 2022-01-01 00:00:00+00:00, run_after=2022-01-01 00:00:00+00:00
[2024-10-28T13:43:47.937+0000] {logging_mixin.py:190} INFO - [2024-10-28T13:43:47.937+0000] {dag.py:4180} INFO - Setting next_dagrun for example_subdag_operator.section-1 to None, run_after=None
[2024-10-28T13:43:47.938+0000] {logging_mixin.py:190} INFO - [2024-10-28T13:43:47.938+0000] {dag.py:4180} INFO - Setting next_dagrun for example_subdag_operator.section-2 to None, run_after=None
[2024-10-28T13:43:47.945+0000] {logging_mixin.py:190} INFO - [2024-10-28T13:43:47.945+0000] {dag.py:3239} INFO - Sync 2 DAGs
[2024-10-28T13:43:47.949+0000] {logging_mixin.py:190} INFO - [2024-10-28T13:43:47.949+0000] {dag.py:4180} INFO - Setting next_dagrun for example_subdag_operator.section-1 to None, run_after=None
[2024-10-28T13:43:47.950+0000] {logging_mixin.py:190} INFO - [2024-10-28T13:43:47.950+0000] {dag.py:4180} INFO - Setting next_dagrun for example_subdag_operator.section-2 to None, run_after=None
[2024-10-28T13:43:47.962+0000] {processor.py:208} INFO - Processing /home/airflow/.local/lib/python3.12/site-packages/airflow/example_dags/example_subdag_operator.py took 0.088 seconds
