[2024-10-28T13:21:16.598+0000] {processor.py:186} INFO - Started process (PID=78) to work on /home/airflow/.local/lib/python3.12/site-packages/airflow/example_dags/example_setup_teardown_taskflow.py
[2024-10-28T13:21:16.599+0000] {processor.py:914} INFO - Processing file /home/airflow/.local/lib/python3.12/site-packages/airflow/example_dags/example_setup_teardown_taskflow.py for tasks to queue
[2024-10-28T13:21:16.601+0000] {logging_mixin.py:190} INFO - [2024-10-28T13:21:16.601+0000] {dagbag.py:588} INFO - Filling up the DagBag from /home/airflow/.local/lib/python3.12/site-packages/airflow/example_dags/example_setup_teardown_taskflow.py
[2024-10-28T13:21:16.611+0000] {processor.py:925} INFO - DAG(s) 'example_setup_teardown_taskflow' retrieved from /home/airflow/.local/lib/python3.12/site-packages/airflow/example_dags/example_setup_teardown_taskflow.py
[2024-10-28T13:21:16.703+0000] {logging_mixin.py:190} INFO - [2024-10-28T13:21:16.702+0000] {override.py:1900} INFO - Created Permission View: can delete on DAG:example_setup_teardown_taskflow
[2024-10-28T13:21:16.713+0000] {logging_mixin.py:190} INFO - [2024-10-28T13:21:16.713+0000] {override.py:1900} INFO - Created Permission View: can edit on DAG:example_setup_teardown_taskflow
[2024-10-28T13:21:16.721+0000] {logging_mixin.py:190} INFO - [2024-10-28T13:21:16.720+0000] {override.py:1900} INFO - Created Permission View: can read on DAG:example_setup_teardown_taskflow
[2024-10-28T13:21:16.731+0000] {logging_mixin.py:190} INFO - [2024-10-28T13:21:16.731+0000] {override.py:1900} INFO - Created Permission View: can create on DAG Run:example_setup_teardown_taskflow
[2024-10-28T13:21:16.739+0000] {logging_mixin.py:190} INFO - [2024-10-28T13:21:16.739+0000] {override.py:1900} INFO - Created Permission View: menu access on DAG Run:example_setup_teardown_taskflow
[2024-10-28T13:21:16.748+0000] {logging_mixin.py:190} INFO - [2024-10-28T13:21:16.748+0000] {override.py:1900} INFO - Created Permission View: can read on DAG Run:example_setup_teardown_taskflow
[2024-10-28T13:21:16.756+0000] {logging_mixin.py:190} INFO - [2024-10-28T13:21:16.755+0000] {override.py:1900} INFO - Created Permission View: can delete on DAG Run:example_setup_teardown_taskflow
[2024-10-28T13:21:16.756+0000] {logging_mixin.py:190} INFO - [2024-10-28T13:21:16.756+0000] {dag.py:3239} INFO - Sync 1 DAGs
[2024-10-28T13:21:16.769+0000] {logging_mixin.py:190} INFO - [2024-10-28T13:21:16.769+0000] {dag.py:3262} INFO - Creating ORM DAG for example_setup_teardown_taskflow
[2024-10-28T13:21:16.770+0000] {logging_mixin.py:190} INFO - [2024-10-28T13:21:16.770+0000] {dag.py:4180} INFO - Setting next_dagrun for example_setup_teardown_taskflow to None, run_after=None
[2024-10-28T13:21:16.786+0000] {processor.py:208} INFO - Processing /home/airflow/.local/lib/python3.12/site-packages/airflow/example_dags/example_setup_teardown_taskflow.py took 0.193 seconds
[2024-10-28T13:21:47.455+0000] {processor.py:186} INFO - Started process (PID=147) to work on /home/airflow/.local/lib/python3.12/site-packages/airflow/example_dags/example_setup_teardown_taskflow.py
[2024-10-28T13:21:47.456+0000] {processor.py:914} INFO - Processing file /home/airflow/.local/lib/python3.12/site-packages/airflow/example_dags/example_setup_teardown_taskflow.py for tasks to queue
[2024-10-28T13:21:47.458+0000] {logging_mixin.py:190} INFO - [2024-10-28T13:21:47.458+0000] {dagbag.py:588} INFO - Filling up the DagBag from /home/airflow/.local/lib/python3.12/site-packages/airflow/example_dags/example_setup_teardown_taskflow.py
[2024-10-28T13:21:47.465+0000] {processor.py:925} INFO - DAG(s) 'example_setup_teardown_taskflow' retrieved from /home/airflow/.local/lib/python3.12/site-packages/airflow/example_dags/example_setup_teardown_taskflow.py
[2024-10-28T13:21:47.479+0000] {logging_mixin.py:190} INFO - [2024-10-28T13:21:47.479+0000] {dag.py:3239} INFO - Sync 1 DAGs
[2024-10-28T13:21:47.490+0000] {logging_mixin.py:190} INFO - [2024-10-28T13:21:47.489+0000] {dag.py:4180} INFO - Setting next_dagrun for example_setup_teardown_taskflow to None, run_after=None
[2024-10-28T13:21:47.505+0000] {processor.py:208} INFO - Processing /home/airflow/.local/lib/python3.12/site-packages/airflow/example_dags/example_setup_teardown_taskflow.py took 0.053 seconds
[2024-10-28T13:25:00.269+0000] {processor.py:186} INFO - Started process (PID=78) to work on /home/airflow/.local/lib/python3.12/site-packages/airflow/example_dags/example_setup_teardown_taskflow.py
[2024-10-28T13:25:00.271+0000] {processor.py:914} INFO - Processing file /home/airflow/.local/lib/python3.12/site-packages/airflow/example_dags/example_setup_teardown_taskflow.py for tasks to queue
[2024-10-28T13:25:00.273+0000] {logging_mixin.py:190} INFO - [2024-10-28T13:25:00.273+0000] {dagbag.py:588} INFO - Filling up the DagBag from /home/airflow/.local/lib/python3.12/site-packages/airflow/example_dags/example_setup_teardown_taskflow.py
[2024-10-28T13:25:00.282+0000] {processor.py:925} INFO - DAG(s) 'example_setup_teardown_taskflow' retrieved from /home/airflow/.local/lib/python3.12/site-packages/airflow/example_dags/example_setup_teardown_taskflow.py
[2024-10-28T13:25:00.300+0000] {logging_mixin.py:190} INFO - [2024-10-28T13:25:00.300+0000] {dag.py:3239} INFO - Sync 1 DAGs
[2024-10-28T13:25:00.313+0000] {logging_mixin.py:190} INFO - [2024-10-28T13:25:00.312+0000] {dag.py:4180} INFO - Setting next_dagrun for example_setup_teardown_taskflow to None, run_after=None
[2024-10-28T13:25:00.332+0000] {processor.py:208} INFO - Processing /home/airflow/.local/lib/python3.12/site-packages/airflow/example_dags/example_setup_teardown_taskflow.py took 0.067 seconds
[2024-10-28T13:25:31.337+0000] {processor.py:186} INFO - Started process (PID=140) to work on /home/airflow/.local/lib/python3.12/site-packages/airflow/example_dags/example_setup_teardown_taskflow.py
[2024-10-28T13:25:31.338+0000] {processor.py:914} INFO - Processing file /home/airflow/.local/lib/python3.12/site-packages/airflow/example_dags/example_setup_teardown_taskflow.py for tasks to queue
[2024-10-28T13:25:31.342+0000] {logging_mixin.py:190} INFO - [2024-10-28T13:25:31.341+0000] {dagbag.py:588} INFO - Filling up the DagBag from /home/airflow/.local/lib/python3.12/site-packages/airflow/example_dags/example_setup_teardown_taskflow.py
[2024-10-28T13:25:31.353+0000] {processor.py:925} INFO - DAG(s) 'example_setup_teardown_taskflow' retrieved from /home/airflow/.local/lib/python3.12/site-packages/airflow/example_dags/example_setup_teardown_taskflow.py
[2024-10-28T13:25:31.368+0000] {logging_mixin.py:190} INFO - [2024-10-28T13:25:31.368+0000] {dag.py:3239} INFO - Sync 1 DAGs
[2024-10-28T13:25:31.379+0000] {logging_mixin.py:190} INFO - [2024-10-28T13:25:31.378+0000] {dag.py:4180} INFO - Setting next_dagrun for example_setup_teardown_taskflow to None, run_after=None
[2024-10-28T13:25:31.395+0000] {processor.py:208} INFO - Processing /home/airflow/.local/lib/python3.12/site-packages/airflow/example_dags/example_setup_teardown_taskflow.py took 0.062 seconds
[2024-10-28T13:26:02.312+0000] {processor.py:186} INFO - Started process (PID=209) to work on /home/airflow/.local/lib/python3.12/site-packages/airflow/example_dags/example_setup_teardown_taskflow.py
[2024-10-28T13:26:02.313+0000] {processor.py:914} INFO - Processing file /home/airflow/.local/lib/python3.12/site-packages/airflow/example_dags/example_setup_teardown_taskflow.py for tasks to queue
[2024-10-28T13:26:02.315+0000] {logging_mixin.py:190} INFO - [2024-10-28T13:26:02.315+0000] {dagbag.py:588} INFO - Filling up the DagBag from /home/airflow/.local/lib/python3.12/site-packages/airflow/example_dags/example_setup_teardown_taskflow.py
[2024-10-28T13:26:02.322+0000] {processor.py:925} INFO - DAG(s) 'example_setup_teardown_taskflow' retrieved from /home/airflow/.local/lib/python3.12/site-packages/airflow/example_dags/example_setup_teardown_taskflow.py
[2024-10-28T13:26:02.337+0000] {logging_mixin.py:190} INFO - [2024-10-28T13:26:02.336+0000] {dag.py:3239} INFO - Sync 1 DAGs
[2024-10-28T13:26:02.346+0000] {logging_mixin.py:190} INFO - [2024-10-28T13:26:02.346+0000] {dag.py:4180} INFO - Setting next_dagrun for example_setup_teardown_taskflow to None, run_after=None
[2024-10-28T13:26:02.363+0000] {processor.py:208} INFO - Processing /home/airflow/.local/lib/python3.12/site-packages/airflow/example_dags/example_setup_teardown_taskflow.py took 0.055 seconds
[2024-10-28T13:26:32.824+0000] {processor.py:186} INFO - Started process (PID=272) to work on /home/airflow/.local/lib/python3.12/site-packages/airflow/example_dags/example_setup_teardown_taskflow.py
[2024-10-28T13:26:32.825+0000] {processor.py:914} INFO - Processing file /home/airflow/.local/lib/python3.12/site-packages/airflow/example_dags/example_setup_teardown_taskflow.py for tasks to queue
[2024-10-28T13:26:32.827+0000] {logging_mixin.py:190} INFO - [2024-10-28T13:26:32.827+0000] {dagbag.py:588} INFO - Filling up the DagBag from /home/airflow/.local/lib/python3.12/site-packages/airflow/example_dags/example_setup_teardown_taskflow.py
[2024-10-28T13:26:32.834+0000] {processor.py:925} INFO - DAG(s) 'example_setup_teardown_taskflow' retrieved from /home/airflow/.local/lib/python3.12/site-packages/airflow/example_dags/example_setup_teardown_taskflow.py
[2024-10-28T13:26:32.850+0000] {logging_mixin.py:190} INFO - [2024-10-28T13:26:32.850+0000] {dag.py:3239} INFO - Sync 1 DAGs
[2024-10-28T13:26:32.861+0000] {logging_mixin.py:190} INFO - [2024-10-28T13:26:32.861+0000] {dag.py:4180} INFO - Setting next_dagrun for example_setup_teardown_taskflow to None, run_after=None
[2024-10-28T13:26:32.880+0000] {processor.py:208} INFO - Processing /home/airflow/.local/lib/python3.12/site-packages/airflow/example_dags/example_setup_teardown_taskflow.py took 0.060 seconds
[2024-10-28T13:27:03.045+0000] {processor.py:186} INFO - Started process (PID=335) to work on /home/airflow/.local/lib/python3.12/site-packages/airflow/example_dags/example_setup_teardown_taskflow.py
[2024-10-28T13:27:03.046+0000] {processor.py:914} INFO - Processing file /home/airflow/.local/lib/python3.12/site-packages/airflow/example_dags/example_setup_teardown_taskflow.py for tasks to queue
[2024-10-28T13:27:03.048+0000] {logging_mixin.py:190} INFO - [2024-10-28T13:27:03.047+0000] {dagbag.py:588} INFO - Filling up the DagBag from /home/airflow/.local/lib/python3.12/site-packages/airflow/example_dags/example_setup_teardown_taskflow.py
[2024-10-28T13:27:03.056+0000] {processor.py:925} INFO - DAG(s) 'example_setup_teardown_taskflow' retrieved from /home/airflow/.local/lib/python3.12/site-packages/airflow/example_dags/example_setup_teardown_taskflow.py
[2024-10-28T13:27:03.073+0000] {logging_mixin.py:190} INFO - [2024-10-28T13:27:03.073+0000] {dag.py:3239} INFO - Sync 1 DAGs
[2024-10-28T13:27:03.083+0000] {logging_mixin.py:190} INFO - [2024-10-28T13:27:03.083+0000] {dag.py:4180} INFO - Setting next_dagrun for example_setup_teardown_taskflow to None, run_after=None
[2024-10-28T13:27:03.098+0000] {processor.py:208} INFO - Processing /home/airflow/.local/lib/python3.12/site-packages/airflow/example_dags/example_setup_teardown_taskflow.py took 0.057 seconds
[2024-10-28T13:27:33.582+0000] {processor.py:186} INFO - Started process (PID=398) to work on /home/airflow/.local/lib/python3.12/site-packages/airflow/example_dags/example_setup_teardown_taskflow.py
[2024-10-28T13:27:33.583+0000] {processor.py:914} INFO - Processing file /home/airflow/.local/lib/python3.12/site-packages/airflow/example_dags/example_setup_teardown_taskflow.py for tasks to queue
[2024-10-28T13:27:33.585+0000] {logging_mixin.py:190} INFO - [2024-10-28T13:27:33.585+0000] {dagbag.py:588} INFO - Filling up the DagBag from /home/airflow/.local/lib/python3.12/site-packages/airflow/example_dags/example_setup_teardown_taskflow.py
[2024-10-28T13:27:33.592+0000] {processor.py:925} INFO - DAG(s) 'example_setup_teardown_taskflow' retrieved from /home/airflow/.local/lib/python3.12/site-packages/airflow/example_dags/example_setup_teardown_taskflow.py
[2024-10-28T13:27:33.608+0000] {logging_mixin.py:190} INFO - [2024-10-28T13:27:33.607+0000] {dag.py:3239} INFO - Sync 1 DAGs
[2024-10-28T13:27:33.618+0000] {logging_mixin.py:190} INFO - [2024-10-28T13:27:33.618+0000] {dag.py:4180} INFO - Setting next_dagrun for example_setup_teardown_taskflow to None, run_after=None
[2024-10-28T13:27:33.632+0000] {processor.py:208} INFO - Processing /home/airflow/.local/lib/python3.12/site-packages/airflow/example_dags/example_setup_teardown_taskflow.py took 0.055 seconds
[2024-10-28T13:28:04.064+0000] {processor.py:186} INFO - Started process (PID=461) to work on /home/airflow/.local/lib/python3.12/site-packages/airflow/example_dags/example_setup_teardown_taskflow.py
[2024-10-28T13:28:04.065+0000] {processor.py:914} INFO - Processing file /home/airflow/.local/lib/python3.12/site-packages/airflow/example_dags/example_setup_teardown_taskflow.py for tasks to queue
[2024-10-28T13:28:04.067+0000] {logging_mixin.py:190} INFO - [2024-10-28T13:28:04.067+0000] {dagbag.py:588} INFO - Filling up the DagBag from /home/airflow/.local/lib/python3.12/site-packages/airflow/example_dags/example_setup_teardown_taskflow.py
[2024-10-28T13:28:04.076+0000] {processor.py:925} INFO - DAG(s) 'example_setup_teardown_taskflow' retrieved from /home/airflow/.local/lib/python3.12/site-packages/airflow/example_dags/example_setup_teardown_taskflow.py
[2024-10-28T13:28:04.091+0000] {logging_mixin.py:190} INFO - [2024-10-28T13:28:04.091+0000] {dag.py:3239} INFO - Sync 1 DAGs
[2024-10-28T13:28:04.102+0000] {logging_mixin.py:190} INFO - [2024-10-28T13:28:04.102+0000] {dag.py:4180} INFO - Setting next_dagrun for example_setup_teardown_taskflow to None, run_after=None
[2024-10-28T13:28:04.118+0000] {processor.py:208} INFO - Processing /home/airflow/.local/lib/python3.12/site-packages/airflow/example_dags/example_setup_teardown_taskflow.py took 0.059 seconds
[2024-10-28T13:28:34.631+0000] {processor.py:186} INFO - Started process (PID=524) to work on /home/airflow/.local/lib/python3.12/site-packages/airflow/example_dags/example_setup_teardown_taskflow.py
[2024-10-28T13:28:34.633+0000] {processor.py:914} INFO - Processing file /home/airflow/.local/lib/python3.12/site-packages/airflow/example_dags/example_setup_teardown_taskflow.py for tasks to queue
[2024-10-28T13:28:34.635+0000] {logging_mixin.py:190} INFO - [2024-10-28T13:28:34.634+0000] {dagbag.py:588} INFO - Filling up the DagBag from /home/airflow/.local/lib/python3.12/site-packages/airflow/example_dags/example_setup_teardown_taskflow.py
[2024-10-28T13:28:34.644+0000] {processor.py:925} INFO - DAG(s) 'example_setup_teardown_taskflow' retrieved from /home/airflow/.local/lib/python3.12/site-packages/airflow/example_dags/example_setup_teardown_taskflow.py
[2024-10-28T13:28:34.659+0000] {logging_mixin.py:190} INFO - [2024-10-28T13:28:34.658+0000] {dag.py:3239} INFO - Sync 1 DAGs
[2024-10-28T13:28:34.668+0000] {logging_mixin.py:190} INFO - [2024-10-28T13:28:34.668+0000] {dag.py:4180} INFO - Setting next_dagrun for example_setup_teardown_taskflow to None, run_after=None
[2024-10-28T13:28:34.682+0000] {processor.py:208} INFO - Processing /home/airflow/.local/lib/python3.12/site-packages/airflow/example_dags/example_setup_teardown_taskflow.py took 0.055 seconds
[2024-10-28T13:29:05.334+0000] {processor.py:186} INFO - Started process (PID=587) to work on /home/airflow/.local/lib/python3.12/site-packages/airflow/example_dags/example_setup_teardown_taskflow.py
[2024-10-28T13:29:05.335+0000] {processor.py:914} INFO - Processing file /home/airflow/.local/lib/python3.12/site-packages/airflow/example_dags/example_setup_teardown_taskflow.py for tasks to queue
[2024-10-28T13:29:05.337+0000] {logging_mixin.py:190} INFO - [2024-10-28T13:29:05.337+0000] {dagbag.py:588} INFO - Filling up the DagBag from /home/airflow/.local/lib/python3.12/site-packages/airflow/example_dags/example_setup_teardown_taskflow.py
[2024-10-28T13:29:05.344+0000] {processor.py:925} INFO - DAG(s) 'example_setup_teardown_taskflow' retrieved from /home/airflow/.local/lib/python3.12/site-packages/airflow/example_dags/example_setup_teardown_taskflow.py
[2024-10-28T13:29:05.360+0000] {logging_mixin.py:190} INFO - [2024-10-28T13:29:05.359+0000] {dag.py:3239} INFO - Sync 1 DAGs
[2024-10-28T13:29:05.369+0000] {logging_mixin.py:190} INFO - [2024-10-28T13:29:05.369+0000] {dag.py:4180} INFO - Setting next_dagrun for example_setup_teardown_taskflow to None, run_after=None
[2024-10-28T13:29:05.388+0000] {processor.py:208} INFO - Processing /home/airflow/.local/lib/python3.12/site-packages/airflow/example_dags/example_setup_teardown_taskflow.py took 0.057 seconds
[2024-10-28T13:29:35.556+0000] {processor.py:186} INFO - Started process (PID=650) to work on /home/airflow/.local/lib/python3.12/site-packages/airflow/example_dags/example_setup_teardown_taskflow.py
[2024-10-28T13:29:35.557+0000] {processor.py:914} INFO - Processing file /home/airflow/.local/lib/python3.12/site-packages/airflow/example_dags/example_setup_teardown_taskflow.py for tasks to queue
[2024-10-28T13:29:35.560+0000] {logging_mixin.py:190} INFO - [2024-10-28T13:29:35.560+0000] {dagbag.py:588} INFO - Filling up the DagBag from /home/airflow/.local/lib/python3.12/site-packages/airflow/example_dags/example_setup_teardown_taskflow.py
[2024-10-28T13:29:35.567+0000] {processor.py:925} INFO - DAG(s) 'example_setup_teardown_taskflow' retrieved from /home/airflow/.local/lib/python3.12/site-packages/airflow/example_dags/example_setup_teardown_taskflow.py
[2024-10-28T13:29:35.582+0000] {logging_mixin.py:190} INFO - [2024-10-28T13:29:35.582+0000] {dag.py:3239} INFO - Sync 1 DAGs
[2024-10-28T13:29:35.592+0000] {logging_mixin.py:190} INFO - [2024-10-28T13:29:35.592+0000] {dag.py:4180} INFO - Setting next_dagrun for example_setup_teardown_taskflow to None, run_after=None
[2024-10-28T13:29:35.607+0000] {processor.py:208} INFO - Processing /home/airflow/.local/lib/python3.12/site-packages/airflow/example_dags/example_setup_teardown_taskflow.py took 0.056 seconds
[2024-10-28T13:30:06.367+0000] {processor.py:186} INFO - Started process (PID=713) to work on /home/airflow/.local/lib/python3.12/site-packages/airflow/example_dags/example_setup_teardown_taskflow.py
[2024-10-28T13:30:06.368+0000] {processor.py:914} INFO - Processing file /home/airflow/.local/lib/python3.12/site-packages/airflow/example_dags/example_setup_teardown_taskflow.py for tasks to queue
[2024-10-28T13:30:06.370+0000] {logging_mixin.py:190} INFO - [2024-10-28T13:30:06.370+0000] {dagbag.py:588} INFO - Filling up the DagBag from /home/airflow/.local/lib/python3.12/site-packages/airflow/example_dags/example_setup_teardown_taskflow.py
[2024-10-28T13:30:06.377+0000] {processor.py:925} INFO - DAG(s) 'example_setup_teardown_taskflow' retrieved from /home/airflow/.local/lib/python3.12/site-packages/airflow/example_dags/example_setup_teardown_taskflow.py
[2024-10-28T13:30:06.393+0000] {logging_mixin.py:190} INFO - [2024-10-28T13:30:06.393+0000] {dag.py:3239} INFO - Sync 1 DAGs
[2024-10-28T13:30:06.403+0000] {logging_mixin.py:190} INFO - [2024-10-28T13:30:06.402+0000] {dag.py:4180} INFO - Setting next_dagrun for example_setup_teardown_taskflow to None, run_after=None
[2024-10-28T13:30:06.420+0000] {processor.py:208} INFO - Processing /home/airflow/.local/lib/python3.12/site-packages/airflow/example_dags/example_setup_teardown_taskflow.py took 0.057 seconds
[2024-10-28T13:30:37.531+0000] {processor.py:186} INFO - Started process (PID=776) to work on /home/airflow/.local/lib/python3.12/site-packages/airflow/example_dags/example_setup_teardown_taskflow.py
[2024-10-28T13:30:37.533+0000] {processor.py:914} INFO - Processing file /home/airflow/.local/lib/python3.12/site-packages/airflow/example_dags/example_setup_teardown_taskflow.py for tasks to queue
[2024-10-28T13:30:37.535+0000] {logging_mixin.py:190} INFO - [2024-10-28T13:30:37.534+0000] {dagbag.py:588} INFO - Filling up the DagBag from /home/airflow/.local/lib/python3.12/site-packages/airflow/example_dags/example_setup_teardown_taskflow.py
[2024-10-28T13:30:37.542+0000] {processor.py:925} INFO - DAG(s) 'example_setup_teardown_taskflow' retrieved from /home/airflow/.local/lib/python3.12/site-packages/airflow/example_dags/example_setup_teardown_taskflow.py
[2024-10-28T13:30:37.558+0000] {logging_mixin.py:190} INFO - [2024-10-28T13:30:37.558+0000] {dag.py:3239} INFO - Sync 1 DAGs
[2024-10-28T13:30:37.569+0000] {logging_mixin.py:190} INFO - [2024-10-28T13:30:37.568+0000] {dag.py:4180} INFO - Setting next_dagrun for example_setup_teardown_taskflow to None, run_after=None
[2024-10-28T13:30:37.587+0000] {processor.py:208} INFO - Processing /home/airflow/.local/lib/python3.12/site-packages/airflow/example_dags/example_setup_teardown_taskflow.py took 0.059 seconds
[2024-10-28T13:31:08.692+0000] {processor.py:186} INFO - Started process (PID=839) to work on /home/airflow/.local/lib/python3.12/site-packages/airflow/example_dags/example_setup_teardown_taskflow.py
[2024-10-28T13:31:08.693+0000] {processor.py:914} INFO - Processing file /home/airflow/.local/lib/python3.12/site-packages/airflow/example_dags/example_setup_teardown_taskflow.py for tasks to queue
[2024-10-28T13:31:08.695+0000] {logging_mixin.py:190} INFO - [2024-10-28T13:31:08.695+0000] {dagbag.py:588} INFO - Filling up the DagBag from /home/airflow/.local/lib/python3.12/site-packages/airflow/example_dags/example_setup_teardown_taskflow.py
[2024-10-28T13:31:08.704+0000] {processor.py:925} INFO - DAG(s) 'example_setup_teardown_taskflow' retrieved from /home/airflow/.local/lib/python3.12/site-packages/airflow/example_dags/example_setup_teardown_taskflow.py
[2024-10-28T13:31:08.720+0000] {logging_mixin.py:190} INFO - [2024-10-28T13:31:08.720+0000] {dag.py:3239} INFO - Sync 1 DAGs
[2024-10-28T13:31:08.729+0000] {logging_mixin.py:190} INFO - [2024-10-28T13:31:08.729+0000] {dag.py:4180} INFO - Setting next_dagrun for example_setup_teardown_taskflow to None, run_after=None
[2024-10-28T13:31:08.745+0000] {processor.py:208} INFO - Processing /home/airflow/.local/lib/python3.12/site-packages/airflow/example_dags/example_setup_teardown_taskflow.py took 0.058 seconds
[2024-10-28T13:31:39.294+0000] {processor.py:186} INFO - Started process (PID=902) to work on /home/airflow/.local/lib/python3.12/site-packages/airflow/example_dags/example_setup_teardown_taskflow.py
[2024-10-28T13:31:39.295+0000] {processor.py:914} INFO - Processing file /home/airflow/.local/lib/python3.12/site-packages/airflow/example_dags/example_setup_teardown_taskflow.py for tasks to queue
[2024-10-28T13:31:39.297+0000] {logging_mixin.py:190} INFO - [2024-10-28T13:31:39.296+0000] {dagbag.py:588} INFO - Filling up the DagBag from /home/airflow/.local/lib/python3.12/site-packages/airflow/example_dags/example_setup_teardown_taskflow.py
[2024-10-28T13:31:39.304+0000] {processor.py:925} INFO - DAG(s) 'example_setup_teardown_taskflow' retrieved from /home/airflow/.local/lib/python3.12/site-packages/airflow/example_dags/example_setup_teardown_taskflow.py
[2024-10-28T13:31:39.319+0000] {logging_mixin.py:190} INFO - [2024-10-28T13:31:39.318+0000] {dag.py:3239} INFO - Sync 1 DAGs
[2024-10-28T13:31:39.330+0000] {logging_mixin.py:190} INFO - [2024-10-28T13:31:39.330+0000] {dag.py:4180} INFO - Setting next_dagrun for example_setup_teardown_taskflow to None, run_after=None
[2024-10-28T13:31:39.347+0000] {processor.py:208} INFO - Processing /home/airflow/.local/lib/python3.12/site-packages/airflow/example_dags/example_setup_teardown_taskflow.py took 0.057 seconds
[2024-10-28T13:32:10.109+0000] {processor.py:186} INFO - Started process (PID=965) to work on /home/airflow/.local/lib/python3.12/site-packages/airflow/example_dags/example_setup_teardown_taskflow.py
[2024-10-28T13:32:10.110+0000] {processor.py:914} INFO - Processing file /home/airflow/.local/lib/python3.12/site-packages/airflow/example_dags/example_setup_teardown_taskflow.py for tasks to queue
[2024-10-28T13:32:10.112+0000] {logging_mixin.py:190} INFO - [2024-10-28T13:32:10.112+0000] {dagbag.py:588} INFO - Filling up the DagBag from /home/airflow/.local/lib/python3.12/site-packages/airflow/example_dags/example_setup_teardown_taskflow.py
[2024-10-28T13:32:10.119+0000] {processor.py:925} INFO - DAG(s) 'example_setup_teardown_taskflow' retrieved from /home/airflow/.local/lib/python3.12/site-packages/airflow/example_dags/example_setup_teardown_taskflow.py
[2024-10-28T13:32:10.134+0000] {logging_mixin.py:190} INFO - [2024-10-28T13:32:10.134+0000] {dag.py:3239} INFO - Sync 1 DAGs
[2024-10-28T13:32:10.144+0000] {logging_mixin.py:190} INFO - [2024-10-28T13:32:10.144+0000] {dag.py:4180} INFO - Setting next_dagrun for example_setup_teardown_taskflow to None, run_after=None
[2024-10-28T13:32:10.160+0000] {processor.py:208} INFO - Processing /home/airflow/.local/lib/python3.12/site-packages/airflow/example_dags/example_setup_teardown_taskflow.py took 0.055 seconds
[2024-10-28T13:32:40.447+0000] {processor.py:186} INFO - Started process (PID=1028) to work on /home/airflow/.local/lib/python3.12/site-packages/airflow/example_dags/example_setup_teardown_taskflow.py
[2024-10-28T13:32:40.448+0000] {processor.py:914} INFO - Processing file /home/airflow/.local/lib/python3.12/site-packages/airflow/example_dags/example_setup_teardown_taskflow.py for tasks to queue
[2024-10-28T13:32:40.450+0000] {logging_mixin.py:190} INFO - [2024-10-28T13:32:40.449+0000] {dagbag.py:588} INFO - Filling up the DagBag from /home/airflow/.local/lib/python3.12/site-packages/airflow/example_dags/example_setup_teardown_taskflow.py
[2024-10-28T13:32:40.457+0000] {processor.py:925} INFO - DAG(s) 'example_setup_teardown_taskflow' retrieved from /home/airflow/.local/lib/python3.12/site-packages/airflow/example_dags/example_setup_teardown_taskflow.py
[2024-10-28T13:32:40.472+0000] {logging_mixin.py:190} INFO - [2024-10-28T13:32:40.472+0000] {dag.py:3239} INFO - Sync 1 DAGs
[2024-10-28T13:32:40.482+0000] {logging_mixin.py:190} INFO - [2024-10-28T13:32:40.482+0000] {dag.py:4180} INFO - Setting next_dagrun for example_setup_teardown_taskflow to None, run_after=None
[2024-10-28T13:32:40.496+0000] {processor.py:208} INFO - Processing /home/airflow/.local/lib/python3.12/site-packages/airflow/example_dags/example_setup_teardown_taskflow.py took 0.053 seconds
[2024-10-28T13:33:10.769+0000] {processor.py:186} INFO - Started process (PID=1091) to work on /home/airflow/.local/lib/python3.12/site-packages/airflow/example_dags/example_setup_teardown_taskflow.py
[2024-10-28T13:33:10.770+0000] {processor.py:914} INFO - Processing file /home/airflow/.local/lib/python3.12/site-packages/airflow/example_dags/example_setup_teardown_taskflow.py for tasks to queue
[2024-10-28T13:33:10.771+0000] {logging_mixin.py:190} INFO - [2024-10-28T13:33:10.771+0000] {dagbag.py:588} INFO - Filling up the DagBag from /home/airflow/.local/lib/python3.12/site-packages/airflow/example_dags/example_setup_teardown_taskflow.py
[2024-10-28T13:33:10.779+0000] {processor.py:925} INFO - DAG(s) 'example_setup_teardown_taskflow' retrieved from /home/airflow/.local/lib/python3.12/site-packages/airflow/example_dags/example_setup_teardown_taskflow.py
[2024-10-28T13:33:10.796+0000] {logging_mixin.py:190} INFO - [2024-10-28T13:33:10.796+0000] {dag.py:3239} INFO - Sync 1 DAGs
[2024-10-28T13:33:10.806+0000] {logging_mixin.py:190} INFO - [2024-10-28T13:33:10.806+0000] {dag.py:4180} INFO - Setting next_dagrun for example_setup_teardown_taskflow to None, run_after=None
[2024-10-28T13:33:10.820+0000] {processor.py:208} INFO - Processing /home/airflow/.local/lib/python3.12/site-packages/airflow/example_dags/example_setup_teardown_taskflow.py took 0.056 seconds
[2024-10-28T13:33:41.428+0000] {processor.py:186} INFO - Started process (PID=1154) to work on /home/airflow/.local/lib/python3.12/site-packages/airflow/example_dags/example_setup_teardown_taskflow.py
[2024-10-28T13:33:41.431+0000] {processor.py:914} INFO - Processing file /home/airflow/.local/lib/python3.12/site-packages/airflow/example_dags/example_setup_teardown_taskflow.py for tasks to queue
[2024-10-28T13:33:41.433+0000] {logging_mixin.py:190} INFO - [2024-10-28T13:33:41.432+0000] {dagbag.py:588} INFO - Filling up the DagBag from /home/airflow/.local/lib/python3.12/site-packages/airflow/example_dags/example_setup_teardown_taskflow.py
[2024-10-28T13:33:41.440+0000] {processor.py:925} INFO - DAG(s) 'example_setup_teardown_taskflow' retrieved from /home/airflow/.local/lib/python3.12/site-packages/airflow/example_dags/example_setup_teardown_taskflow.py
[2024-10-28T13:33:41.459+0000] {logging_mixin.py:190} INFO - [2024-10-28T13:33:41.458+0000] {dag.py:3239} INFO - Sync 1 DAGs
[2024-10-28T13:33:41.468+0000] {logging_mixin.py:190} INFO - [2024-10-28T13:33:41.468+0000] {dag.py:4180} INFO - Setting next_dagrun for example_setup_teardown_taskflow to None, run_after=None
[2024-10-28T13:33:41.486+0000] {processor.py:208} INFO - Processing /home/airflow/.local/lib/python3.12/site-packages/airflow/example_dags/example_setup_teardown_taskflow.py took 0.062 seconds
[2024-10-28T13:34:12.046+0000] {processor.py:186} INFO - Started process (PID=1217) to work on /home/airflow/.local/lib/python3.12/site-packages/airflow/example_dags/example_setup_teardown_taskflow.py
[2024-10-28T13:34:12.048+0000] {processor.py:914} INFO - Processing file /home/airflow/.local/lib/python3.12/site-packages/airflow/example_dags/example_setup_teardown_taskflow.py for tasks to queue
[2024-10-28T13:34:12.051+0000] {logging_mixin.py:190} INFO - [2024-10-28T13:34:12.051+0000] {dagbag.py:588} INFO - Filling up the DagBag from /home/airflow/.local/lib/python3.12/site-packages/airflow/example_dags/example_setup_teardown_taskflow.py
[2024-10-28T13:34:12.060+0000] {processor.py:925} INFO - DAG(s) 'example_setup_teardown_taskflow' retrieved from /home/airflow/.local/lib/python3.12/site-packages/airflow/example_dags/example_setup_teardown_taskflow.py
[2024-10-28T13:34:12.077+0000] {logging_mixin.py:190} INFO - [2024-10-28T13:34:12.077+0000] {dag.py:3239} INFO - Sync 1 DAGs
[2024-10-28T13:34:12.088+0000] {logging_mixin.py:190} INFO - [2024-10-28T13:34:12.087+0000] {dag.py:4180} INFO - Setting next_dagrun for example_setup_teardown_taskflow to None, run_after=None
[2024-10-28T13:34:12.104+0000] {processor.py:208} INFO - Processing /home/airflow/.local/lib/python3.12/site-packages/airflow/example_dags/example_setup_teardown_taskflow.py took 0.064 seconds
[2024-10-28T13:34:42.631+0000] {processor.py:186} INFO - Started process (PID=1280) to work on /home/airflow/.local/lib/python3.12/site-packages/airflow/example_dags/example_setup_teardown_taskflow.py
[2024-10-28T13:34:42.632+0000] {processor.py:914} INFO - Processing file /home/airflow/.local/lib/python3.12/site-packages/airflow/example_dags/example_setup_teardown_taskflow.py for tasks to queue
[2024-10-28T13:34:42.635+0000] {logging_mixin.py:190} INFO - [2024-10-28T13:34:42.635+0000] {dagbag.py:588} INFO - Filling up the DagBag from /home/airflow/.local/lib/python3.12/site-packages/airflow/example_dags/example_setup_teardown_taskflow.py
[2024-10-28T13:34:42.644+0000] {processor.py:925} INFO - DAG(s) 'example_setup_teardown_taskflow' retrieved from /home/airflow/.local/lib/python3.12/site-packages/airflow/example_dags/example_setup_teardown_taskflow.py
[2024-10-28T13:34:42.660+0000] {logging_mixin.py:190} INFO - [2024-10-28T13:34:42.660+0000] {dag.py:3239} INFO - Sync 1 DAGs
[2024-10-28T13:34:42.670+0000] {logging_mixin.py:190} INFO - [2024-10-28T13:34:42.670+0000] {dag.py:4180} INFO - Setting next_dagrun for example_setup_teardown_taskflow to None, run_after=None
[2024-10-28T13:34:42.688+0000] {processor.py:208} INFO - Processing /home/airflow/.local/lib/python3.12/site-packages/airflow/example_dags/example_setup_teardown_taskflow.py took 0.062 seconds
[2024-10-28T13:35:13.480+0000] {processor.py:186} INFO - Started process (PID=1343) to work on /home/airflow/.local/lib/python3.12/site-packages/airflow/example_dags/example_setup_teardown_taskflow.py
[2024-10-28T13:35:13.482+0000] {processor.py:914} INFO - Processing file /home/airflow/.local/lib/python3.12/site-packages/airflow/example_dags/example_setup_teardown_taskflow.py for tasks to queue
[2024-10-28T13:35:13.484+0000] {logging_mixin.py:190} INFO - [2024-10-28T13:35:13.484+0000] {dagbag.py:588} INFO - Filling up the DagBag from /home/airflow/.local/lib/python3.12/site-packages/airflow/example_dags/example_setup_teardown_taskflow.py
[2024-10-28T13:35:13.491+0000] {processor.py:925} INFO - DAG(s) 'example_setup_teardown_taskflow' retrieved from /home/airflow/.local/lib/python3.12/site-packages/airflow/example_dags/example_setup_teardown_taskflow.py
[2024-10-28T13:35:13.513+0000] {logging_mixin.py:190} INFO - [2024-10-28T13:35:13.513+0000] {dag.py:3239} INFO - Sync 1 DAGs
[2024-10-28T13:35:13.532+0000] {logging_mixin.py:190} INFO - [2024-10-28T13:35:13.532+0000] {dag.py:4180} INFO - Setting next_dagrun for example_setup_teardown_taskflow to None, run_after=None
[2024-10-28T13:35:13.719+0000] {processor.py:208} INFO - Processing /home/airflow/.local/lib/python3.12/site-packages/airflow/example_dags/example_setup_teardown_taskflow.py took 0.243 seconds
[2024-10-28T13:35:44.629+0000] {processor.py:186} INFO - Started process (PID=1406) to work on /home/airflow/.local/lib/python3.12/site-packages/airflow/example_dags/example_setup_teardown_taskflow.py
[2024-10-28T13:35:44.630+0000] {processor.py:914} INFO - Processing file /home/airflow/.local/lib/python3.12/site-packages/airflow/example_dags/example_setup_teardown_taskflow.py for tasks to queue
[2024-10-28T13:35:44.632+0000] {logging_mixin.py:190} INFO - [2024-10-28T13:35:44.632+0000] {dagbag.py:588} INFO - Filling up the DagBag from /home/airflow/.local/lib/python3.12/site-packages/airflow/example_dags/example_setup_teardown_taskflow.py
[2024-10-28T13:35:44.640+0000] {processor.py:925} INFO - DAG(s) 'example_setup_teardown_taskflow' retrieved from /home/airflow/.local/lib/python3.12/site-packages/airflow/example_dags/example_setup_teardown_taskflow.py
[2024-10-28T13:35:44.655+0000] {logging_mixin.py:190} INFO - [2024-10-28T13:35:44.654+0000] {dag.py:3239} INFO - Sync 1 DAGs
[2024-10-28T13:35:44.664+0000] {logging_mixin.py:190} INFO - [2024-10-28T13:35:44.664+0000] {dag.py:4180} INFO - Setting next_dagrun for example_setup_teardown_taskflow to None, run_after=None
[2024-10-28T13:35:44.677+0000] {processor.py:208} INFO - Processing /home/airflow/.local/lib/python3.12/site-packages/airflow/example_dags/example_setup_teardown_taskflow.py took 0.055 seconds
[2024-10-28T13:36:15.332+0000] {processor.py:186} INFO - Started process (PID=1469) to work on /home/airflow/.local/lib/python3.12/site-packages/airflow/example_dags/example_setup_teardown_taskflow.py
[2024-10-28T13:36:15.333+0000] {processor.py:914} INFO - Processing file /home/airflow/.local/lib/python3.12/site-packages/airflow/example_dags/example_setup_teardown_taskflow.py for tasks to queue
[2024-10-28T13:36:15.339+0000] {logging_mixin.py:190} INFO - [2024-10-28T13:36:15.338+0000] {dagbag.py:588} INFO - Filling up the DagBag from /home/airflow/.local/lib/python3.12/site-packages/airflow/example_dags/example_setup_teardown_taskflow.py
[2024-10-28T13:36:15.346+0000] {processor.py:925} INFO - DAG(s) 'example_setup_teardown_taskflow' retrieved from /home/airflow/.local/lib/python3.12/site-packages/airflow/example_dags/example_setup_teardown_taskflow.py
[2024-10-28T13:36:15.361+0000] {logging_mixin.py:190} INFO - [2024-10-28T13:36:15.361+0000] {dag.py:3239} INFO - Sync 1 DAGs
[2024-10-28T13:36:15.370+0000] {logging_mixin.py:190} INFO - [2024-10-28T13:36:15.370+0000] {dag.py:4180} INFO - Setting next_dagrun for example_setup_teardown_taskflow to None, run_after=None
[2024-10-28T13:36:15.395+0000] {processor.py:208} INFO - Processing /home/airflow/.local/lib/python3.12/site-packages/airflow/example_dags/example_setup_teardown_taskflow.py took 0.067 seconds
[2024-10-28T13:36:45.466+0000] {processor.py:186} INFO - Started process (PID=1532) to work on /home/airflow/.local/lib/python3.12/site-packages/airflow/example_dags/example_setup_teardown_taskflow.py
[2024-10-28T13:36:45.467+0000] {processor.py:914} INFO - Processing file /home/airflow/.local/lib/python3.12/site-packages/airflow/example_dags/example_setup_teardown_taskflow.py for tasks to queue
[2024-10-28T13:36:45.469+0000] {logging_mixin.py:190} INFO - [2024-10-28T13:36:45.469+0000] {dagbag.py:588} INFO - Filling up the DagBag from /home/airflow/.local/lib/python3.12/site-packages/airflow/example_dags/example_setup_teardown_taskflow.py
[2024-10-28T13:36:45.476+0000] {processor.py:925} INFO - DAG(s) 'example_setup_teardown_taskflow' retrieved from /home/airflow/.local/lib/python3.12/site-packages/airflow/example_dags/example_setup_teardown_taskflow.py
[2024-10-28T13:36:45.490+0000] {logging_mixin.py:190} INFO - [2024-10-28T13:36:45.490+0000] {dag.py:3239} INFO - Sync 1 DAGs
[2024-10-28T13:36:45.500+0000] {logging_mixin.py:190} INFO - [2024-10-28T13:36:45.500+0000] {dag.py:4180} INFO - Setting next_dagrun for example_setup_teardown_taskflow to None, run_after=None
[2024-10-28T13:36:45.515+0000] {processor.py:208} INFO - Processing /home/airflow/.local/lib/python3.12/site-packages/airflow/example_dags/example_setup_teardown_taskflow.py took 0.054 seconds
[2024-10-28T13:37:15.885+0000] {processor.py:186} INFO - Started process (PID=1595) to work on /home/airflow/.local/lib/python3.12/site-packages/airflow/example_dags/example_setup_teardown_taskflow.py
[2024-10-28T13:37:15.886+0000] {processor.py:914} INFO - Processing file /home/airflow/.local/lib/python3.12/site-packages/airflow/example_dags/example_setup_teardown_taskflow.py for tasks to queue
[2024-10-28T13:37:15.888+0000] {logging_mixin.py:190} INFO - [2024-10-28T13:37:15.888+0000] {dagbag.py:588} INFO - Filling up the DagBag from /home/airflow/.local/lib/python3.12/site-packages/airflow/example_dags/example_setup_teardown_taskflow.py
[2024-10-28T13:37:15.895+0000] {processor.py:925} INFO - DAG(s) 'example_setup_teardown_taskflow' retrieved from /home/airflow/.local/lib/python3.12/site-packages/airflow/example_dags/example_setup_teardown_taskflow.py
[2024-10-28T13:37:15.910+0000] {logging_mixin.py:190} INFO - [2024-10-28T13:37:15.910+0000] {dag.py:3239} INFO - Sync 1 DAGs
[2024-10-28T13:37:15.920+0000] {logging_mixin.py:190} INFO - [2024-10-28T13:37:15.919+0000] {dag.py:4180} INFO - Setting next_dagrun for example_setup_teardown_taskflow to None, run_after=None
[2024-10-28T13:37:15.937+0000] {processor.py:208} INFO - Processing /home/airflow/.local/lib/python3.12/site-packages/airflow/example_dags/example_setup_teardown_taskflow.py took 0.056 seconds
[2024-10-28T13:37:46.439+0000] {processor.py:186} INFO - Started process (PID=1658) to work on /home/airflow/.local/lib/python3.12/site-packages/airflow/example_dags/example_setup_teardown_taskflow.py
[2024-10-28T13:37:46.440+0000] {processor.py:914} INFO - Processing file /home/airflow/.local/lib/python3.12/site-packages/airflow/example_dags/example_setup_teardown_taskflow.py for tasks to queue
[2024-10-28T13:37:46.442+0000] {logging_mixin.py:190} INFO - [2024-10-28T13:37:46.442+0000] {dagbag.py:588} INFO - Filling up the DagBag from /home/airflow/.local/lib/python3.12/site-packages/airflow/example_dags/example_setup_teardown_taskflow.py
[2024-10-28T13:37:46.449+0000] {processor.py:925} INFO - DAG(s) 'example_setup_teardown_taskflow' retrieved from /home/airflow/.local/lib/python3.12/site-packages/airflow/example_dags/example_setup_teardown_taskflow.py
[2024-10-28T13:37:46.464+0000] {logging_mixin.py:190} INFO - [2024-10-28T13:37:46.464+0000] {dag.py:3239} INFO - Sync 1 DAGs
[2024-10-28T13:37:46.474+0000] {logging_mixin.py:190} INFO - [2024-10-28T13:37:46.474+0000] {dag.py:4180} INFO - Setting next_dagrun for example_setup_teardown_taskflow to None, run_after=None
[2024-10-28T13:37:46.490+0000] {processor.py:208} INFO - Processing /home/airflow/.local/lib/python3.12/site-packages/airflow/example_dags/example_setup_teardown_taskflow.py took 0.055 seconds
[2024-10-28T13:38:17.042+0000] {processor.py:186} INFO - Started process (PID=1721) to work on /home/airflow/.local/lib/python3.12/site-packages/airflow/example_dags/example_setup_teardown_taskflow.py
[2024-10-28T13:38:17.043+0000] {processor.py:914} INFO - Processing file /home/airflow/.local/lib/python3.12/site-packages/airflow/example_dags/example_setup_teardown_taskflow.py for tasks to queue
[2024-10-28T13:38:17.044+0000] {logging_mixin.py:190} INFO - [2024-10-28T13:38:17.044+0000] {dagbag.py:588} INFO - Filling up the DagBag from /home/airflow/.local/lib/python3.12/site-packages/airflow/example_dags/example_setup_teardown_taskflow.py
[2024-10-28T13:38:17.052+0000] {processor.py:925} INFO - DAG(s) 'example_setup_teardown_taskflow' retrieved from /home/airflow/.local/lib/python3.12/site-packages/airflow/example_dags/example_setup_teardown_taskflow.py
[2024-10-28T13:38:17.068+0000] {logging_mixin.py:190} INFO - [2024-10-28T13:38:17.068+0000] {dag.py:3239} INFO - Sync 1 DAGs
[2024-10-28T13:38:17.079+0000] {logging_mixin.py:190} INFO - [2024-10-28T13:38:17.079+0000] {dag.py:4180} INFO - Setting next_dagrun for example_setup_teardown_taskflow to None, run_after=None
[2024-10-28T13:38:17.098+0000] {processor.py:208} INFO - Processing /home/airflow/.local/lib/python3.12/site-packages/airflow/example_dags/example_setup_teardown_taskflow.py took 0.061 seconds
[2024-10-28T13:38:47.516+0000] {processor.py:186} INFO - Started process (PID=1784) to work on /home/airflow/.local/lib/python3.12/site-packages/airflow/example_dags/example_setup_teardown_taskflow.py
[2024-10-28T13:38:47.517+0000] {processor.py:914} INFO - Processing file /home/airflow/.local/lib/python3.12/site-packages/airflow/example_dags/example_setup_teardown_taskflow.py for tasks to queue
[2024-10-28T13:38:47.519+0000] {logging_mixin.py:190} INFO - [2024-10-28T13:38:47.519+0000] {dagbag.py:588} INFO - Filling up the DagBag from /home/airflow/.local/lib/python3.12/site-packages/airflow/example_dags/example_setup_teardown_taskflow.py
[2024-10-28T13:38:47.526+0000] {processor.py:925} INFO - DAG(s) 'example_setup_teardown_taskflow' retrieved from /home/airflow/.local/lib/python3.12/site-packages/airflow/example_dags/example_setup_teardown_taskflow.py
[2024-10-28T13:38:47.541+0000] {logging_mixin.py:190} INFO - [2024-10-28T13:38:47.541+0000] {dag.py:3239} INFO - Sync 1 DAGs
[2024-10-28T13:38:47.554+0000] {logging_mixin.py:190} INFO - [2024-10-28T13:38:47.553+0000] {dag.py:4180} INFO - Setting next_dagrun for example_setup_teardown_taskflow to None, run_after=None
[2024-10-28T13:38:47.577+0000] {processor.py:208} INFO - Processing /home/airflow/.local/lib/python3.12/site-packages/airflow/example_dags/example_setup_teardown_taskflow.py took 0.065 seconds
[2024-10-28T13:39:18.041+0000] {processor.py:186} INFO - Started process (PID=1847) to work on /home/airflow/.local/lib/python3.12/site-packages/airflow/example_dags/example_setup_teardown_taskflow.py
[2024-10-28T13:39:18.042+0000] {processor.py:914} INFO - Processing file /home/airflow/.local/lib/python3.12/site-packages/airflow/example_dags/example_setup_teardown_taskflow.py for tasks to queue
[2024-10-28T13:39:18.044+0000] {logging_mixin.py:190} INFO - [2024-10-28T13:39:18.044+0000] {dagbag.py:588} INFO - Filling up the DagBag from /home/airflow/.local/lib/python3.12/site-packages/airflow/example_dags/example_setup_teardown_taskflow.py
[2024-10-28T13:39:18.052+0000] {processor.py:925} INFO - DAG(s) 'example_setup_teardown_taskflow' retrieved from /home/airflow/.local/lib/python3.12/site-packages/airflow/example_dags/example_setup_teardown_taskflow.py
[2024-10-28T13:39:18.066+0000] {logging_mixin.py:190} INFO - [2024-10-28T13:39:18.066+0000] {dag.py:3239} INFO - Sync 1 DAGs
[2024-10-28T13:39:18.078+0000] {logging_mixin.py:190} INFO - [2024-10-28T13:39:18.078+0000] {dag.py:4180} INFO - Setting next_dagrun for example_setup_teardown_taskflow to None, run_after=None
[2024-10-28T13:39:18.103+0000] {processor.py:208} INFO - Processing /home/airflow/.local/lib/python3.12/site-packages/airflow/example_dags/example_setup_teardown_taskflow.py took 0.066 seconds
[2024-10-28T13:39:48.769+0000] {processor.py:186} INFO - Started process (PID=1910) to work on /home/airflow/.local/lib/python3.12/site-packages/airflow/example_dags/example_setup_teardown_taskflow.py
[2024-10-28T13:39:48.770+0000] {processor.py:914} INFO - Processing file /home/airflow/.local/lib/python3.12/site-packages/airflow/example_dags/example_setup_teardown_taskflow.py for tasks to queue
[2024-10-28T13:39:48.772+0000] {logging_mixin.py:190} INFO - [2024-10-28T13:39:48.772+0000] {dagbag.py:588} INFO - Filling up the DagBag from /home/airflow/.local/lib/python3.12/site-packages/airflow/example_dags/example_setup_teardown_taskflow.py
[2024-10-28T13:39:48.781+0000] {processor.py:925} INFO - DAG(s) 'example_setup_teardown_taskflow' retrieved from /home/airflow/.local/lib/python3.12/site-packages/airflow/example_dags/example_setup_teardown_taskflow.py
[2024-10-28T13:39:48.799+0000] {logging_mixin.py:190} INFO - [2024-10-28T13:39:48.798+0000] {dag.py:3239} INFO - Sync 1 DAGs
[2024-10-28T13:39:48.817+0000] {logging_mixin.py:190} INFO - [2024-10-28T13:39:48.816+0000] {dag.py:4180} INFO - Setting next_dagrun for example_setup_teardown_taskflow to None, run_after=None
[2024-10-28T13:39:48.836+0000] {processor.py:208} INFO - Processing /home/airflow/.local/lib/python3.12/site-packages/airflow/example_dags/example_setup_teardown_taskflow.py took 0.071 seconds
[2024-10-28T13:40:19.116+0000] {processor.py:186} INFO - Started process (PID=1973) to work on /home/airflow/.local/lib/python3.12/site-packages/airflow/example_dags/example_setup_teardown_taskflow.py
[2024-10-28T13:40:19.117+0000] {processor.py:914} INFO - Processing file /home/airflow/.local/lib/python3.12/site-packages/airflow/example_dags/example_setup_teardown_taskflow.py for tasks to queue
[2024-10-28T13:40:19.119+0000] {logging_mixin.py:190} INFO - [2024-10-28T13:40:19.119+0000] {dagbag.py:588} INFO - Filling up the DagBag from /home/airflow/.local/lib/python3.12/site-packages/airflow/example_dags/example_setup_teardown_taskflow.py
[2024-10-28T13:40:19.128+0000] {processor.py:925} INFO - DAG(s) 'example_setup_teardown_taskflow' retrieved from /home/airflow/.local/lib/python3.12/site-packages/airflow/example_dags/example_setup_teardown_taskflow.py
[2024-10-28T13:40:19.143+0000] {logging_mixin.py:190} INFO - [2024-10-28T13:40:19.143+0000] {dag.py:3239} INFO - Sync 1 DAGs
[2024-10-28T13:40:19.153+0000] {logging_mixin.py:190} INFO - [2024-10-28T13:40:19.153+0000] {dag.py:4180} INFO - Setting next_dagrun for example_setup_teardown_taskflow to None, run_after=None
[2024-10-28T13:40:19.171+0000] {processor.py:208} INFO - Processing /home/airflow/.local/lib/python3.12/site-packages/airflow/example_dags/example_setup_teardown_taskflow.py took 0.060 seconds
[2024-10-28T13:40:49.786+0000] {processor.py:186} INFO - Started process (PID=2036) to work on /home/airflow/.local/lib/python3.12/site-packages/airflow/example_dags/example_setup_teardown_taskflow.py
[2024-10-28T13:40:49.786+0000] {processor.py:914} INFO - Processing file /home/airflow/.local/lib/python3.12/site-packages/airflow/example_dags/example_setup_teardown_taskflow.py for tasks to queue
[2024-10-28T13:40:49.788+0000] {logging_mixin.py:190} INFO - [2024-10-28T13:40:49.788+0000] {dagbag.py:588} INFO - Filling up the DagBag from /home/airflow/.local/lib/python3.12/site-packages/airflow/example_dags/example_setup_teardown_taskflow.py
[2024-10-28T13:40:49.795+0000] {processor.py:925} INFO - DAG(s) 'example_setup_teardown_taskflow' retrieved from /home/airflow/.local/lib/python3.12/site-packages/airflow/example_dags/example_setup_teardown_taskflow.py
[2024-10-28T13:40:49.809+0000] {logging_mixin.py:190} INFO - [2024-10-28T13:40:49.809+0000] {dag.py:3239} INFO - Sync 1 DAGs
[2024-10-28T13:40:49.819+0000] {logging_mixin.py:190} INFO - [2024-10-28T13:40:49.819+0000] {dag.py:4180} INFO - Setting next_dagrun for example_setup_teardown_taskflow to None, run_after=None
[2024-10-28T13:40:49.833+0000] {processor.py:208} INFO - Processing /home/airflow/.local/lib/python3.12/site-packages/airflow/example_dags/example_setup_teardown_taskflow.py took 0.052 seconds
[2024-10-28T13:41:20.944+0000] {processor.py:186} INFO - Started process (PID=2099) to work on /home/airflow/.local/lib/python3.12/site-packages/airflow/example_dags/example_setup_teardown_taskflow.py
[2024-10-28T13:41:20.945+0000] {processor.py:914} INFO - Processing file /home/airflow/.local/lib/python3.12/site-packages/airflow/example_dags/example_setup_teardown_taskflow.py for tasks to queue
[2024-10-28T13:41:20.949+0000] {logging_mixin.py:190} INFO - [2024-10-28T13:41:20.949+0000] {dagbag.py:588} INFO - Filling up the DagBag from /home/airflow/.local/lib/python3.12/site-packages/airflow/example_dags/example_setup_teardown_taskflow.py
[2024-10-28T13:41:20.963+0000] {processor.py:925} INFO - DAG(s) 'example_setup_teardown_taskflow' retrieved from /home/airflow/.local/lib/python3.12/site-packages/airflow/example_dags/example_setup_teardown_taskflow.py
[2024-10-28T13:41:20.989+0000] {logging_mixin.py:190} INFO - [2024-10-28T13:41:20.988+0000] {dag.py:3239} INFO - Sync 1 DAGs
[2024-10-28T13:41:21.000+0000] {logging_mixin.py:190} INFO - [2024-10-28T13:41:21.000+0000] {dag.py:4180} INFO - Setting next_dagrun for example_setup_teardown_taskflow to None, run_after=None
[2024-10-28T13:41:21.016+0000] {processor.py:208} INFO - Processing /home/airflow/.local/lib/python3.12/site-packages/airflow/example_dags/example_setup_teardown_taskflow.py took 0.078 seconds
[2024-10-28T13:41:51.592+0000] {processor.py:186} INFO - Started process (PID=2162) to work on /home/airflow/.local/lib/python3.12/site-packages/airflow/example_dags/example_setup_teardown_taskflow.py
[2024-10-28T13:41:51.594+0000] {processor.py:914} INFO - Processing file /home/airflow/.local/lib/python3.12/site-packages/airflow/example_dags/example_setup_teardown_taskflow.py for tasks to queue
[2024-10-28T13:41:51.596+0000] {logging_mixin.py:190} INFO - [2024-10-28T13:41:51.596+0000] {dagbag.py:588} INFO - Filling up the DagBag from /home/airflow/.local/lib/python3.12/site-packages/airflow/example_dags/example_setup_teardown_taskflow.py
[2024-10-28T13:41:51.605+0000] {processor.py:925} INFO - DAG(s) 'example_setup_teardown_taskflow' retrieved from /home/airflow/.local/lib/python3.12/site-packages/airflow/example_dags/example_setup_teardown_taskflow.py
[2024-10-28T13:41:51.622+0000] {logging_mixin.py:190} INFO - [2024-10-28T13:41:51.622+0000] {dag.py:3239} INFO - Sync 1 DAGs
[2024-10-28T13:41:51.635+0000] {logging_mixin.py:190} INFO - [2024-10-28T13:41:51.635+0000] {dag.py:4180} INFO - Setting next_dagrun for example_setup_teardown_taskflow to None, run_after=None
[2024-10-28T13:41:51.657+0000] {processor.py:208} INFO - Processing /home/airflow/.local/lib/python3.12/site-packages/airflow/example_dags/example_setup_teardown_taskflow.py took 0.070 seconds
[2024-10-28T13:42:22.606+0000] {processor.py:186} INFO - Started process (PID=2225) to work on /home/airflow/.local/lib/python3.12/site-packages/airflow/example_dags/example_setup_teardown_taskflow.py
[2024-10-28T13:42:22.607+0000] {processor.py:914} INFO - Processing file /home/airflow/.local/lib/python3.12/site-packages/airflow/example_dags/example_setup_teardown_taskflow.py for tasks to queue
[2024-10-28T13:42:22.608+0000] {logging_mixin.py:190} INFO - [2024-10-28T13:42:22.608+0000] {dagbag.py:588} INFO - Filling up the DagBag from /home/airflow/.local/lib/python3.12/site-packages/airflow/example_dags/example_setup_teardown_taskflow.py
[2024-10-28T13:42:22.615+0000] {processor.py:925} INFO - DAG(s) 'example_setup_teardown_taskflow' retrieved from /home/airflow/.local/lib/python3.12/site-packages/airflow/example_dags/example_setup_teardown_taskflow.py
[2024-10-28T13:42:22.631+0000] {logging_mixin.py:190} INFO - [2024-10-28T13:42:22.630+0000] {dag.py:3239} INFO - Sync 1 DAGs
[2024-10-28T13:42:22.642+0000] {logging_mixin.py:190} INFO - [2024-10-28T13:42:22.642+0000] {dag.py:4180} INFO - Setting next_dagrun for example_setup_teardown_taskflow to None, run_after=None
[2024-10-28T13:42:22.656+0000] {processor.py:208} INFO - Processing /home/airflow/.local/lib/python3.12/site-packages/airflow/example_dags/example_setup_teardown_taskflow.py took 0.054 seconds
[2024-10-28T13:42:53.794+0000] {processor.py:186} INFO - Started process (PID=2287) to work on /home/airflow/.local/lib/python3.12/site-packages/airflow/example_dags/example_setup_teardown_taskflow.py
[2024-10-28T13:42:53.795+0000] {processor.py:914} INFO - Processing file /home/airflow/.local/lib/python3.12/site-packages/airflow/example_dags/example_setup_teardown_taskflow.py for tasks to queue
[2024-10-28T13:42:53.796+0000] {logging_mixin.py:190} INFO - [2024-10-28T13:42:53.796+0000] {dagbag.py:588} INFO - Filling up the DagBag from /home/airflow/.local/lib/python3.12/site-packages/airflow/example_dags/example_setup_teardown_taskflow.py
[2024-10-28T13:42:53.804+0000] {processor.py:925} INFO - DAG(s) 'example_setup_teardown_taskflow' retrieved from /home/airflow/.local/lib/python3.12/site-packages/airflow/example_dags/example_setup_teardown_taskflow.py
[2024-10-28T13:42:53.819+0000] {logging_mixin.py:190} INFO - [2024-10-28T13:42:53.819+0000] {dag.py:3239} INFO - Sync 1 DAGs
[2024-10-28T13:42:53.829+0000] {logging_mixin.py:190} INFO - [2024-10-28T13:42:53.829+0000] {dag.py:4180} INFO - Setting next_dagrun for example_setup_teardown_taskflow to None, run_after=None
[2024-10-28T13:42:53.844+0000] {processor.py:208} INFO - Processing /home/airflow/.local/lib/python3.12/site-packages/airflow/example_dags/example_setup_teardown_taskflow.py took 0.054 seconds
[2024-10-28T13:43:24.489+0000] {processor.py:186} INFO - Started process (PID=2349) to work on /home/airflow/.local/lib/python3.12/site-packages/airflow/example_dags/example_setup_teardown_taskflow.py
[2024-10-28T13:43:24.491+0000] {processor.py:914} INFO - Processing file /home/airflow/.local/lib/python3.12/site-packages/airflow/example_dags/example_setup_teardown_taskflow.py for tasks to queue
[2024-10-28T13:43:24.493+0000] {logging_mixin.py:190} INFO - [2024-10-28T13:43:24.493+0000] {dagbag.py:588} INFO - Filling up the DagBag from /home/airflow/.local/lib/python3.12/site-packages/airflow/example_dags/example_setup_teardown_taskflow.py
[2024-10-28T13:43:24.505+0000] {processor.py:925} INFO - DAG(s) 'example_setup_teardown_taskflow' retrieved from /home/airflow/.local/lib/python3.12/site-packages/airflow/example_dags/example_setup_teardown_taskflow.py
[2024-10-28T13:43:24.520+0000] {logging_mixin.py:190} INFO - [2024-10-28T13:43:24.520+0000] {dag.py:3239} INFO - Sync 1 DAGs
[2024-10-28T13:43:24.531+0000] {logging_mixin.py:190} INFO - [2024-10-28T13:43:24.531+0000] {dag.py:4180} INFO - Setting next_dagrun for example_setup_teardown_taskflow to None, run_after=None
[2024-10-28T13:43:24.545+0000] {processor.py:208} INFO - Processing /home/airflow/.local/lib/python3.12/site-packages/airflow/example_dags/example_setup_teardown_taskflow.py took 0.060 seconds
[2024-10-28T13:43:54.935+0000] {processor.py:186} INFO - Started process (PID=2411) to work on /home/airflow/.local/lib/python3.12/site-packages/airflow/example_dags/example_setup_teardown_taskflow.py
[2024-10-28T13:43:54.936+0000] {processor.py:914} INFO - Processing file /home/airflow/.local/lib/python3.12/site-packages/airflow/example_dags/example_setup_teardown_taskflow.py for tasks to queue
[2024-10-28T13:43:54.937+0000] {logging_mixin.py:190} INFO - [2024-10-28T13:43:54.937+0000] {dagbag.py:588} INFO - Filling up the DagBag from /home/airflow/.local/lib/python3.12/site-packages/airflow/example_dags/example_setup_teardown_taskflow.py
[2024-10-28T13:43:54.946+0000] {processor.py:925} INFO - DAG(s) 'example_setup_teardown_taskflow' retrieved from /home/airflow/.local/lib/python3.12/site-packages/airflow/example_dags/example_setup_teardown_taskflow.py
[2024-10-28T13:43:54.964+0000] {logging_mixin.py:190} INFO - [2024-10-28T13:43:54.963+0000] {dag.py:3239} INFO - Sync 1 DAGs
[2024-10-28T13:43:54.975+0000] {logging_mixin.py:190} INFO - [2024-10-28T13:43:54.975+0000] {dag.py:4180} INFO - Setting next_dagrun for example_setup_teardown_taskflow to None, run_after=None
[2024-10-28T13:43:54.991+0000] {processor.py:208} INFO - Processing /home/airflow/.local/lib/python3.12/site-packages/airflow/example_dags/example_setup_teardown_taskflow.py took 0.061 seconds
