[2024-10-28T13:21:16.339+0000] {processor.py:186} INFO - Started process (PID=75) to work on /home/airflow/.local/lib/python3.12/site-packages/airflow/example_dags/example_bash_operator.py
[2024-10-28T13:21:16.340+0000] {processor.py:914} INFO - Processing file /home/airflow/.local/lib/python3.12/site-packages/airflow/example_dags/example_bash_operator.py for tasks to queue
[2024-10-28T13:21:16.342+0000] {logging_mixin.py:190} INFO - [2024-10-28T13:21:16.342+0000] {dagbag.py:588} INFO - Filling up the DagBag from /home/airflow/.local/lib/python3.12/site-packages/airflow/example_dags/example_bash_operator.py
[2024-10-28T13:21:16.353+0000] {processor.py:925} INFO - DAG(s) 'example_bash_operator' retrieved from /home/airflow/.local/lib/python3.12/site-packages/airflow/example_dags/example_bash_operator.py
[2024-10-28T13:21:16.452+0000] {logging_mixin.py:190} INFO - [2024-10-28T13:21:16.451+0000] {override.py:1900} INFO - Created Permission View: can delete on DAG:example_bash_operator
[2024-10-28T13:21:16.462+0000] {logging_mixin.py:190} INFO - [2024-10-28T13:21:16.462+0000] {override.py:1900} INFO - Created Permission View: can edit on DAG:example_bash_operator
[2024-10-28T13:21:16.468+0000] {logging_mixin.py:190} INFO - [2024-10-28T13:21:16.468+0000] {override.py:1900} INFO - Created Permission View: can read on DAG:example_bash_operator
[2024-10-28T13:21:16.482+0000] {logging_mixin.py:190} INFO - [2024-10-28T13:21:16.482+0000] {override.py:1900} INFO - Created Permission View: can create on DAG Run:example_bash_operator
[2024-10-28T13:21:16.489+0000] {logging_mixin.py:190} INFO - [2024-10-28T13:21:16.489+0000] {override.py:1900} INFO - Created Permission View: menu access on DAG Run:example_bash_operator
[2024-10-28T13:21:16.496+0000] {logging_mixin.py:190} INFO - [2024-10-28T13:21:16.496+0000] {override.py:1900} INFO - Created Permission View: can read on DAG Run:example_bash_operator
[2024-10-28T13:21:16.504+0000] {logging_mixin.py:190} INFO - [2024-10-28T13:21:16.504+0000] {override.py:1900} INFO - Created Permission View: can delete on DAG Run:example_bash_operator
[2024-10-28T13:21:16.505+0000] {logging_mixin.py:190} INFO - [2024-10-28T13:21:16.504+0000] {dag.py:3239} INFO - Sync 1 DAGs
[2024-10-28T13:21:16.516+0000] {logging_mixin.py:190} INFO - [2024-10-28T13:21:16.515+0000] {dag.py:3262} INFO - Creating ORM DAG for example_bash_operator
[2024-10-28T13:21:16.526+0000] {logging_mixin.py:190} INFO - [2024-10-28T13:21:16.526+0000] {dag.py:4180} INFO - Setting next_dagrun for example_bash_operator to 2024-10-27 00:00:00+00:00, run_after=2024-10-28 00:00:00+00:00
[2024-10-28T13:21:16.547+0000] {processor.py:208} INFO - Processing /home/airflow/.local/lib/python3.12/site-packages/airflow/example_dags/example_bash_operator.py took 0.213 seconds
[2024-10-28T13:21:47.283+0000] {processor.py:186} INFO - Started process (PID=144) to work on /home/airflow/.local/lib/python3.12/site-packages/airflow/example_dags/example_bash_operator.py
[2024-10-28T13:21:47.284+0000] {processor.py:914} INFO - Processing file /home/airflow/.local/lib/python3.12/site-packages/airflow/example_dags/example_bash_operator.py for tasks to queue
[2024-10-28T13:21:47.285+0000] {logging_mixin.py:190} INFO - [2024-10-28T13:21:47.285+0000] {dagbag.py:588} INFO - Filling up the DagBag from /home/airflow/.local/lib/python3.12/site-packages/airflow/example_dags/example_bash_operator.py
[2024-10-28T13:21:47.295+0000] {processor.py:925} INFO - DAG(s) 'example_bash_operator' retrieved from /home/airflow/.local/lib/python3.12/site-packages/airflow/example_dags/example_bash_operator.py
[2024-10-28T13:21:47.313+0000] {logging_mixin.py:190} INFO - [2024-10-28T13:21:47.313+0000] {dag.py:3239} INFO - Sync 1 DAGs
[2024-10-28T13:21:47.329+0000] {logging_mixin.py:190} INFO - [2024-10-28T13:21:47.329+0000] {dag.py:4180} INFO - Setting next_dagrun for example_bash_operator to 2024-10-27 00:00:00+00:00, run_after=2024-10-28 00:00:00+00:00
[2024-10-28T13:21:47.345+0000] {processor.py:208} INFO - Processing /home/airflow/.local/lib/python3.12/site-packages/airflow/example_dags/example_bash_operator.py took 0.066 seconds
[2024-10-28T13:25:00.045+0000] {processor.py:186} INFO - Started process (PID=75) to work on /home/airflow/.local/lib/python3.12/site-packages/airflow/example_dags/example_bash_operator.py
[2024-10-28T13:25:00.046+0000] {processor.py:914} INFO - Processing file /home/airflow/.local/lib/python3.12/site-packages/airflow/example_dags/example_bash_operator.py for tasks to queue
[2024-10-28T13:25:00.048+0000] {logging_mixin.py:190} INFO - [2024-10-28T13:25:00.048+0000] {dagbag.py:588} INFO - Filling up the DagBag from /home/airflow/.local/lib/python3.12/site-packages/airflow/example_dags/example_bash_operator.py
[2024-10-28T13:25:00.058+0000] {processor.py:925} INFO - DAG(s) 'example_bash_operator' retrieved from /home/airflow/.local/lib/python3.12/site-packages/airflow/example_dags/example_bash_operator.py
[2024-10-28T13:25:00.080+0000] {logging_mixin.py:190} INFO - [2024-10-28T13:25:00.080+0000] {dag.py:3239} INFO - Sync 1 DAGs
[2024-10-28T13:25:00.097+0000] {logging_mixin.py:190} INFO - [2024-10-28T13:25:00.097+0000] {dag.py:4180} INFO - Setting next_dagrun for example_bash_operator to 2024-10-27 00:00:00+00:00, run_after=2024-10-28 00:00:00+00:00
[2024-10-28T13:25:00.112+0000] {processor.py:208} INFO - Processing /home/airflow/.local/lib/python3.12/site-packages/airflow/example_dags/example_bash_operator.py took 0.072 seconds
[2024-10-28T13:25:31.107+0000] {processor.py:186} INFO - Started process (PID=137) to work on /home/airflow/.local/lib/python3.12/site-packages/airflow/example_dags/example_bash_operator.py
[2024-10-28T13:25:31.109+0000] {processor.py:914} INFO - Processing file /home/airflow/.local/lib/python3.12/site-packages/airflow/example_dags/example_bash_operator.py for tasks to queue
[2024-10-28T13:25:31.111+0000] {logging_mixin.py:190} INFO - [2024-10-28T13:25:31.111+0000] {dagbag.py:588} INFO - Filling up the DagBag from /home/airflow/.local/lib/python3.12/site-packages/airflow/example_dags/example_bash_operator.py
[2024-10-28T13:25:31.121+0000] {processor.py:925} INFO - DAG(s) 'example_bash_operator' retrieved from /home/airflow/.local/lib/python3.12/site-packages/airflow/example_dags/example_bash_operator.py
[2024-10-28T13:25:31.152+0000] {logging_mixin.py:190} INFO - [2024-10-28T13:25:31.151+0000] {dag.py:3239} INFO - Sync 1 DAGs
[2024-10-28T13:25:31.175+0000] {logging_mixin.py:190} INFO - [2024-10-28T13:25:31.175+0000] {dag.py:4180} INFO - Setting next_dagrun for example_bash_operator to 2024-10-27 00:00:00+00:00, run_after=2024-10-28 00:00:00+00:00
[2024-10-28T13:25:31.190+0000] {processor.py:208} INFO - Processing /home/airflow/.local/lib/python3.12/site-packages/airflow/example_dags/example_bash_operator.py took 0.087 seconds
[2024-10-28T13:26:02.094+0000] {processor.py:186} INFO - Started process (PID=200) to work on /home/airflow/.local/lib/python3.12/site-packages/airflow/example_dags/example_bash_operator.py
[2024-10-28T13:26:02.096+0000] {processor.py:914} INFO - Processing file /home/airflow/.local/lib/python3.12/site-packages/airflow/example_dags/example_bash_operator.py for tasks to queue
[2024-10-28T13:26:02.099+0000] {logging_mixin.py:190} INFO - [2024-10-28T13:26:02.099+0000] {dagbag.py:588} INFO - Filling up the DagBag from /home/airflow/.local/lib/python3.12/site-packages/airflow/example_dags/example_bash_operator.py
[2024-10-28T13:26:02.109+0000] {processor.py:925} INFO - DAG(s) 'example_bash_operator' retrieved from /home/airflow/.local/lib/python3.12/site-packages/airflow/example_dags/example_bash_operator.py
[2024-10-28T13:26:02.127+0000] {logging_mixin.py:190} INFO - [2024-10-28T13:26:02.127+0000] {dag.py:3239} INFO - Sync 1 DAGs
[2024-10-28T13:26:02.144+0000] {logging_mixin.py:190} INFO - [2024-10-28T13:26:02.144+0000] {dag.py:4180} INFO - Setting next_dagrun for example_bash_operator to 2024-10-27 00:00:00+00:00, run_after=2024-10-28 00:00:00+00:00
[2024-10-28T13:26:02.159+0000] {processor.py:208} INFO - Processing /home/airflow/.local/lib/python3.12/site-packages/airflow/example_dags/example_bash_operator.py took 0.068 seconds
[2024-10-28T13:26:32.636+0000] {processor.py:186} INFO - Started process (PID=269) to work on /home/airflow/.local/lib/python3.12/site-packages/airflow/example_dags/example_bash_operator.py
[2024-10-28T13:26:32.637+0000] {processor.py:914} INFO - Processing file /home/airflow/.local/lib/python3.12/site-packages/airflow/example_dags/example_bash_operator.py for tasks to queue
[2024-10-28T13:26:32.639+0000] {logging_mixin.py:190} INFO - [2024-10-28T13:26:32.638+0000] {dagbag.py:588} INFO - Filling up the DagBag from /home/airflow/.local/lib/python3.12/site-packages/airflow/example_dags/example_bash_operator.py
[2024-10-28T13:26:32.648+0000] {processor.py:925} INFO - DAG(s) 'example_bash_operator' retrieved from /home/airflow/.local/lib/python3.12/site-packages/airflow/example_dags/example_bash_operator.py
[2024-10-28T13:26:32.673+0000] {logging_mixin.py:190} INFO - [2024-10-28T13:26:32.672+0000] {dag.py:3239} INFO - Sync 1 DAGs
[2024-10-28T13:26:32.693+0000] {logging_mixin.py:190} INFO - [2024-10-28T13:26:32.692+0000] {dag.py:4180} INFO - Setting next_dagrun for example_bash_operator to 2024-10-27 00:00:00+00:00, run_after=2024-10-28 00:00:00+00:00
[2024-10-28T13:26:32.707+0000] {processor.py:208} INFO - Processing /home/airflow/.local/lib/python3.12/site-packages/airflow/example_dags/example_bash_operator.py took 0.076 seconds
[2024-10-28T13:27:02.852+0000] {processor.py:186} INFO - Started process (PID=332) to work on /home/airflow/.local/lib/python3.12/site-packages/airflow/example_dags/example_bash_operator.py
[2024-10-28T13:27:02.853+0000] {processor.py:914} INFO - Processing file /home/airflow/.local/lib/python3.12/site-packages/airflow/example_dags/example_bash_operator.py for tasks to queue
[2024-10-28T13:27:02.855+0000] {logging_mixin.py:190} INFO - [2024-10-28T13:27:02.854+0000] {dagbag.py:588} INFO - Filling up the DagBag from /home/airflow/.local/lib/python3.12/site-packages/airflow/example_dags/example_bash_operator.py
[2024-10-28T13:27:02.864+0000] {processor.py:925} INFO - DAG(s) 'example_bash_operator' retrieved from /home/airflow/.local/lib/python3.12/site-packages/airflow/example_dags/example_bash_operator.py
[2024-10-28T13:27:02.883+0000] {logging_mixin.py:190} INFO - [2024-10-28T13:27:02.882+0000] {dag.py:3239} INFO - Sync 1 DAGs
[2024-10-28T13:27:02.904+0000] {logging_mixin.py:190} INFO - [2024-10-28T13:27:02.904+0000] {dag.py:4180} INFO - Setting next_dagrun for example_bash_operator to 2024-10-27 00:00:00+00:00, run_after=2024-10-28 00:00:00+00:00
[2024-10-28T13:27:02.918+0000] {processor.py:208} INFO - Processing /home/airflow/.local/lib/python3.12/site-packages/airflow/example_dags/example_bash_operator.py took 0.070 seconds
[2024-10-28T13:27:33.380+0000] {processor.py:186} INFO - Started process (PID=395) to work on /home/airflow/.local/lib/python3.12/site-packages/airflow/example_dags/example_bash_operator.py
[2024-10-28T13:27:33.381+0000] {processor.py:914} INFO - Processing file /home/airflow/.local/lib/python3.12/site-packages/airflow/example_dags/example_bash_operator.py for tasks to queue
[2024-10-28T13:27:33.384+0000] {logging_mixin.py:190} INFO - [2024-10-28T13:27:33.384+0000] {dagbag.py:588} INFO - Filling up the DagBag from /home/airflow/.local/lib/python3.12/site-packages/airflow/example_dags/example_bash_operator.py
[2024-10-28T13:27:33.393+0000] {processor.py:925} INFO - DAG(s) 'example_bash_operator' retrieved from /home/airflow/.local/lib/python3.12/site-packages/airflow/example_dags/example_bash_operator.py
[2024-10-28T13:27:33.410+0000] {logging_mixin.py:190} INFO - [2024-10-28T13:27:33.410+0000] {dag.py:3239} INFO - Sync 1 DAGs
[2024-10-28T13:27:33.426+0000] {logging_mixin.py:190} INFO - [2024-10-28T13:27:33.426+0000] {dag.py:4180} INFO - Setting next_dagrun for example_bash_operator to 2024-10-27 00:00:00+00:00, run_after=2024-10-28 00:00:00+00:00
[2024-10-28T13:27:33.440+0000] {processor.py:208} INFO - Processing /home/airflow/.local/lib/python3.12/site-packages/airflow/example_dags/example_bash_operator.py took 0.066 seconds
[2024-10-28T13:28:03.820+0000] {processor.py:186} INFO - Started process (PID=458) to work on /home/airflow/.local/lib/python3.12/site-packages/airflow/example_dags/example_bash_operator.py
[2024-10-28T13:28:03.821+0000] {processor.py:914} INFO - Processing file /home/airflow/.local/lib/python3.12/site-packages/airflow/example_dags/example_bash_operator.py for tasks to queue
[2024-10-28T13:28:03.823+0000] {logging_mixin.py:190} INFO - [2024-10-28T13:28:03.823+0000] {dagbag.py:588} INFO - Filling up the DagBag from /home/airflow/.local/lib/python3.12/site-packages/airflow/example_dags/example_bash_operator.py
[2024-10-28T13:28:03.832+0000] {processor.py:925} INFO - DAG(s) 'example_bash_operator' retrieved from /home/airflow/.local/lib/python3.12/site-packages/airflow/example_dags/example_bash_operator.py
[2024-10-28T13:28:03.853+0000] {logging_mixin.py:190} INFO - [2024-10-28T13:28:03.853+0000] {dag.py:3239} INFO - Sync 1 DAGs
[2024-10-28T13:28:03.872+0000] {logging_mixin.py:190} INFO - [2024-10-28T13:28:03.872+0000] {dag.py:4180} INFO - Setting next_dagrun for example_bash_operator to 2024-10-27 00:00:00+00:00, run_after=2024-10-28 00:00:00+00:00
[2024-10-28T13:28:03.894+0000] {processor.py:208} INFO - Processing /home/airflow/.local/lib/python3.12/site-packages/airflow/example_dags/example_bash_operator.py took 0.079 seconds
[2024-10-28T13:28:34.431+0000] {processor.py:186} INFO - Started process (PID=521) to work on /home/airflow/.local/lib/python3.12/site-packages/airflow/example_dags/example_bash_operator.py
[2024-10-28T13:28:34.485+0000] {processor.py:914} INFO - Processing file /home/airflow/.local/lib/python3.12/site-packages/airflow/example_dags/example_bash_operator.py for tasks to queue
[2024-10-28T13:28:34.487+0000] {logging_mixin.py:190} INFO - [2024-10-28T13:28:34.487+0000] {dagbag.py:588} INFO - Filling up the DagBag from /home/airflow/.local/lib/python3.12/site-packages/airflow/example_dags/example_bash_operator.py
[2024-10-28T13:28:34.497+0000] {processor.py:925} INFO - DAG(s) 'example_bash_operator' retrieved from /home/airflow/.local/lib/python3.12/site-packages/airflow/example_dags/example_bash_operator.py
[2024-10-28T13:28:34.517+0000] {logging_mixin.py:190} INFO - [2024-10-28T13:28:34.517+0000] {dag.py:3239} INFO - Sync 1 DAGs
[2024-10-28T13:28:34.533+0000] {logging_mixin.py:190} INFO - [2024-10-28T13:28:34.533+0000] {dag.py:4180} INFO - Setting next_dagrun for example_bash_operator to 2024-10-27 00:00:00+00:00, run_after=2024-10-28 00:00:00+00:00
[2024-10-28T13:28:34.547+0000] {processor.py:208} INFO - Processing /home/airflow/.local/lib/python3.12/site-packages/airflow/example_dags/example_bash_operator.py took 0.121 seconds
[2024-10-28T13:29:05.113+0000] {processor.py:186} INFO - Started process (PID=584) to work on /home/airflow/.local/lib/python3.12/site-packages/airflow/example_dags/example_bash_operator.py
[2024-10-28T13:29:05.114+0000] {processor.py:914} INFO - Processing file /home/airflow/.local/lib/python3.12/site-packages/airflow/example_dags/example_bash_operator.py for tasks to queue
[2024-10-28T13:29:05.117+0000] {logging_mixin.py:190} INFO - [2024-10-28T13:29:05.117+0000] {dagbag.py:588} INFO - Filling up the DagBag from /home/airflow/.local/lib/python3.12/site-packages/airflow/example_dags/example_bash_operator.py
[2024-10-28T13:29:05.128+0000] {processor.py:925} INFO - DAG(s) 'example_bash_operator' retrieved from /home/airflow/.local/lib/python3.12/site-packages/airflow/example_dags/example_bash_operator.py
[2024-10-28T13:29:05.146+0000] {logging_mixin.py:190} INFO - [2024-10-28T13:29:05.146+0000] {dag.py:3239} INFO - Sync 1 DAGs
[2024-10-28T13:29:05.162+0000] {logging_mixin.py:190} INFO - [2024-10-28T13:29:05.162+0000] {dag.py:4180} INFO - Setting next_dagrun for example_bash_operator to 2024-10-27 00:00:00+00:00, run_after=2024-10-28 00:00:00+00:00
[2024-10-28T13:29:05.176+0000] {processor.py:208} INFO - Processing /home/airflow/.local/lib/python3.12/site-packages/airflow/example_dags/example_bash_operator.py took 0.068 seconds
[2024-10-28T13:29:35.336+0000] {processor.py:186} INFO - Started process (PID=647) to work on /home/airflow/.local/lib/python3.12/site-packages/airflow/example_dags/example_bash_operator.py
[2024-10-28T13:29:35.337+0000] {processor.py:914} INFO - Processing file /home/airflow/.local/lib/python3.12/site-packages/airflow/example_dags/example_bash_operator.py for tasks to queue
[2024-10-28T13:29:35.339+0000] {logging_mixin.py:190} INFO - [2024-10-28T13:29:35.339+0000] {dagbag.py:588} INFO - Filling up the DagBag from /home/airflow/.local/lib/python3.12/site-packages/airflow/example_dags/example_bash_operator.py
[2024-10-28T13:29:35.348+0000] {processor.py:925} INFO - DAG(s) 'example_bash_operator' retrieved from /home/airflow/.local/lib/python3.12/site-packages/airflow/example_dags/example_bash_operator.py
[2024-10-28T13:29:35.365+0000] {logging_mixin.py:190} INFO - [2024-10-28T13:29:35.365+0000] {dag.py:3239} INFO - Sync 1 DAGs
[2024-10-28T13:29:35.380+0000] {logging_mixin.py:190} INFO - [2024-10-28T13:29:35.380+0000] {dag.py:4180} INFO - Setting next_dagrun for example_bash_operator to 2024-10-27 00:00:00+00:00, run_after=2024-10-28 00:00:00+00:00
[2024-10-28T13:29:35.395+0000] {processor.py:208} INFO - Processing /home/airflow/.local/lib/python3.12/site-packages/airflow/example_dags/example_bash_operator.py took 0.064 seconds
[2024-10-28T13:30:06.259+0000] {processor.py:186} INFO - Started process (PID=710) to work on /home/airflow/.local/lib/python3.12/site-packages/airflow/example_dags/example_bash_operator.py
[2024-10-28T13:30:06.260+0000] {processor.py:914} INFO - Processing file /home/airflow/.local/lib/python3.12/site-packages/airflow/example_dags/example_bash_operator.py for tasks to queue
[2024-10-28T13:30:06.263+0000] {logging_mixin.py:190} INFO - [2024-10-28T13:30:06.262+0000] {dagbag.py:588} INFO - Filling up the DagBag from /home/airflow/.local/lib/python3.12/site-packages/airflow/example_dags/example_bash_operator.py
[2024-10-28T13:30:06.272+0000] {processor.py:925} INFO - DAG(s) 'example_bash_operator' retrieved from /home/airflow/.local/lib/python3.12/site-packages/airflow/example_dags/example_bash_operator.py
[2024-10-28T13:30:06.291+0000] {logging_mixin.py:190} INFO - [2024-10-28T13:30:06.291+0000] {dag.py:3239} INFO - Sync 1 DAGs
[2024-10-28T13:30:06.307+0000] {logging_mixin.py:190} INFO - [2024-10-28T13:30:06.306+0000] {dag.py:4180} INFO - Setting next_dagrun for example_bash_operator to 2024-10-27 00:00:00+00:00, run_after=2024-10-28 00:00:00+00:00
[2024-10-28T13:30:06.320+0000] {processor.py:208} INFO - Processing /home/airflow/.local/lib/python3.12/site-packages/airflow/example_dags/example_bash_operator.py took 0.065 seconds
[2024-10-28T13:30:37.392+0000] {processor.py:186} INFO - Started process (PID=773) to work on /home/airflow/.local/lib/python3.12/site-packages/airflow/example_dags/example_bash_operator.py
[2024-10-28T13:30:37.393+0000] {processor.py:914} INFO - Processing file /home/airflow/.local/lib/python3.12/site-packages/airflow/example_dags/example_bash_operator.py for tasks to queue
[2024-10-28T13:30:37.396+0000] {logging_mixin.py:190} INFO - [2024-10-28T13:30:37.395+0000] {dagbag.py:588} INFO - Filling up the DagBag from /home/airflow/.local/lib/python3.12/site-packages/airflow/example_dags/example_bash_operator.py
[2024-10-28T13:30:37.405+0000] {processor.py:925} INFO - DAG(s) 'example_bash_operator' retrieved from /home/airflow/.local/lib/python3.12/site-packages/airflow/example_dags/example_bash_operator.py
[2024-10-28T13:30:37.442+0000] {logging_mixin.py:190} INFO - [2024-10-28T13:30:37.441+0000] {dag.py:3239} INFO - Sync 1 DAGs
[2024-10-28T13:30:37.465+0000] {logging_mixin.py:190} INFO - [2024-10-28T13:30:37.465+0000] {dag.py:4180} INFO - Setting next_dagrun for example_bash_operator to 2024-10-27 00:00:00+00:00, run_after=2024-10-28 00:00:00+00:00
[2024-10-28T13:30:37.479+0000] {processor.py:208} INFO - Processing /home/airflow/.local/lib/python3.12/site-packages/airflow/example_dags/example_bash_operator.py took 0.091 seconds
[2024-10-28T13:31:08.482+0000] {processor.py:186} INFO - Started process (PID=836) to work on /home/airflow/.local/lib/python3.12/site-packages/airflow/example_dags/example_bash_operator.py
[2024-10-28T13:31:08.483+0000] {processor.py:914} INFO - Processing file /home/airflow/.local/lib/python3.12/site-packages/airflow/example_dags/example_bash_operator.py for tasks to queue
[2024-10-28T13:31:08.485+0000] {logging_mixin.py:190} INFO - [2024-10-28T13:31:08.485+0000] {dagbag.py:588} INFO - Filling up the DagBag from /home/airflow/.local/lib/python3.12/site-packages/airflow/example_dags/example_bash_operator.py
[2024-10-28T13:31:08.494+0000] {processor.py:925} INFO - DAG(s) 'example_bash_operator' retrieved from /home/airflow/.local/lib/python3.12/site-packages/airflow/example_dags/example_bash_operator.py
[2024-10-28T13:31:08.511+0000] {logging_mixin.py:190} INFO - [2024-10-28T13:31:08.511+0000] {dag.py:3239} INFO - Sync 1 DAGs
[2024-10-28T13:31:08.527+0000] {logging_mixin.py:190} INFO - [2024-10-28T13:31:08.527+0000] {dag.py:4180} INFO - Setting next_dagrun for example_bash_operator to 2024-10-27 00:00:00+00:00, run_after=2024-10-28 00:00:00+00:00
[2024-10-28T13:31:08.541+0000] {processor.py:208} INFO - Processing /home/airflow/.local/lib/python3.12/site-packages/airflow/example_dags/example_bash_operator.py took 0.063 seconds
[2024-10-28T13:31:39.098+0000] {processor.py:186} INFO - Started process (PID=899) to work on /home/airflow/.local/lib/python3.12/site-packages/airflow/example_dags/example_bash_operator.py
[2024-10-28T13:31:39.099+0000] {processor.py:914} INFO - Processing file /home/airflow/.local/lib/python3.12/site-packages/airflow/example_dags/example_bash_operator.py for tasks to queue
[2024-10-28T13:31:39.101+0000] {logging_mixin.py:190} INFO - [2024-10-28T13:31:39.101+0000] {dagbag.py:588} INFO - Filling up the DagBag from /home/airflow/.local/lib/python3.12/site-packages/airflow/example_dags/example_bash_operator.py
[2024-10-28T13:31:39.111+0000] {processor.py:925} INFO - DAG(s) 'example_bash_operator' retrieved from /home/airflow/.local/lib/python3.12/site-packages/airflow/example_dags/example_bash_operator.py
[2024-10-28T13:31:39.131+0000] {logging_mixin.py:190} INFO - [2024-10-28T13:31:39.130+0000] {dag.py:3239} INFO - Sync 1 DAGs
[2024-10-28T13:31:39.149+0000] {logging_mixin.py:190} INFO - [2024-10-28T13:31:39.149+0000] {dag.py:4180} INFO - Setting next_dagrun for example_bash_operator to 2024-10-27 00:00:00+00:00, run_after=2024-10-28 00:00:00+00:00
[2024-10-28T13:31:39.165+0000] {processor.py:208} INFO - Processing /home/airflow/.local/lib/python3.12/site-packages/airflow/example_dags/example_bash_operator.py took 0.071 seconds
[2024-10-28T13:32:09.913+0000] {processor.py:186} INFO - Started process (PID=962) to work on /home/airflow/.local/lib/python3.12/site-packages/airflow/example_dags/example_bash_operator.py
[2024-10-28T13:32:09.918+0000] {processor.py:914} INFO - Processing file /home/airflow/.local/lib/python3.12/site-packages/airflow/example_dags/example_bash_operator.py for tasks to queue
[2024-10-28T13:32:09.921+0000] {logging_mixin.py:190} INFO - [2024-10-28T13:32:09.921+0000] {dagbag.py:588} INFO - Filling up the DagBag from /home/airflow/.local/lib/python3.12/site-packages/airflow/example_dags/example_bash_operator.py
[2024-10-28T13:32:09.932+0000] {processor.py:925} INFO - DAG(s) 'example_bash_operator' retrieved from /home/airflow/.local/lib/python3.12/site-packages/airflow/example_dags/example_bash_operator.py
[2024-10-28T13:32:09.958+0000] {logging_mixin.py:190} INFO - [2024-10-28T13:32:09.958+0000] {dag.py:3239} INFO - Sync 1 DAGs
[2024-10-28T13:32:09.975+0000] {logging_mixin.py:190} INFO - [2024-10-28T13:32:09.975+0000] {dag.py:4180} INFO - Setting next_dagrun for example_bash_operator to 2024-10-27 00:00:00+00:00, run_after=2024-10-28 00:00:00+00:00
[2024-10-28T13:32:09.989+0000] {processor.py:208} INFO - Processing /home/airflow/.local/lib/python3.12/site-packages/airflow/example_dags/example_bash_operator.py took 0.080 seconds
[2024-10-28T13:32:40.269+0000] {processor.py:186} INFO - Started process (PID=1025) to work on /home/airflow/.local/lib/python3.12/site-packages/airflow/example_dags/example_bash_operator.py
[2024-10-28T13:32:40.270+0000] {processor.py:914} INFO - Processing file /home/airflow/.local/lib/python3.12/site-packages/airflow/example_dags/example_bash_operator.py for tasks to queue
[2024-10-28T13:32:40.272+0000] {logging_mixin.py:190} INFO - [2024-10-28T13:32:40.272+0000] {dagbag.py:588} INFO - Filling up the DagBag from /home/airflow/.local/lib/python3.12/site-packages/airflow/example_dags/example_bash_operator.py
[2024-10-28T13:32:40.280+0000] {processor.py:925} INFO - DAG(s) 'example_bash_operator' retrieved from /home/airflow/.local/lib/python3.12/site-packages/airflow/example_dags/example_bash_operator.py
[2024-10-28T13:32:40.298+0000] {logging_mixin.py:190} INFO - [2024-10-28T13:32:40.298+0000] {dag.py:3239} INFO - Sync 1 DAGs
[2024-10-28T13:32:40.313+0000] {logging_mixin.py:190} INFO - [2024-10-28T13:32:40.313+0000] {dag.py:4180} INFO - Setting next_dagrun for example_bash_operator to 2024-10-27 00:00:00+00:00, run_after=2024-10-28 00:00:00+00:00
[2024-10-28T13:32:40.326+0000] {processor.py:208} INFO - Processing /home/airflow/.local/lib/python3.12/site-packages/airflow/example_dags/example_bash_operator.py took 0.061 seconds
[2024-10-28T13:33:10.576+0000] {processor.py:186} INFO - Started process (PID=1088) to work on /home/airflow/.local/lib/python3.12/site-packages/airflow/example_dags/example_bash_operator.py
[2024-10-28T13:33:10.580+0000] {processor.py:914} INFO - Processing file /home/airflow/.local/lib/python3.12/site-packages/airflow/example_dags/example_bash_operator.py for tasks to queue
[2024-10-28T13:33:10.584+0000] {logging_mixin.py:190} INFO - [2024-10-28T13:33:10.584+0000] {dagbag.py:588} INFO - Filling up the DagBag from /home/airflow/.local/lib/python3.12/site-packages/airflow/example_dags/example_bash_operator.py
[2024-10-28T13:33:10.600+0000] {processor.py:925} INFO - DAG(s) 'example_bash_operator' retrieved from /home/airflow/.local/lib/python3.12/site-packages/airflow/example_dags/example_bash_operator.py
[2024-10-28T13:33:10.620+0000] {logging_mixin.py:190} INFO - [2024-10-28T13:33:10.619+0000] {dag.py:3239} INFO - Sync 1 DAGs
[2024-10-28T13:33:10.636+0000] {logging_mixin.py:190} INFO - [2024-10-28T13:33:10.636+0000] {dag.py:4180} INFO - Setting next_dagrun for example_bash_operator to 2024-10-27 00:00:00+00:00, run_after=2024-10-28 00:00:00+00:00
[2024-10-28T13:33:10.661+0000] {processor.py:208} INFO - Processing /home/airflow/.local/lib/python3.12/site-packages/airflow/example_dags/example_bash_operator.py took 0.094 seconds
[2024-10-28T13:33:41.225+0000] {processor.py:186} INFO - Started process (PID=1151) to work on /home/airflow/.local/lib/python3.12/site-packages/airflow/example_dags/example_bash_operator.py
[2024-10-28T13:33:41.226+0000] {processor.py:914} INFO - Processing file /home/airflow/.local/lib/python3.12/site-packages/airflow/example_dags/example_bash_operator.py for tasks to queue
[2024-10-28T13:33:41.228+0000] {logging_mixin.py:190} INFO - [2024-10-28T13:33:41.228+0000] {dagbag.py:588} INFO - Filling up the DagBag from /home/airflow/.local/lib/python3.12/site-packages/airflow/example_dags/example_bash_operator.py
[2024-10-28T13:33:41.237+0000] {processor.py:925} INFO - DAG(s) 'example_bash_operator' retrieved from /home/airflow/.local/lib/python3.12/site-packages/airflow/example_dags/example_bash_operator.py
[2024-10-28T13:33:41.254+0000] {logging_mixin.py:190} INFO - [2024-10-28T13:33:41.254+0000] {dag.py:3239} INFO - Sync 1 DAGs
[2024-10-28T13:33:41.270+0000] {logging_mixin.py:190} INFO - [2024-10-28T13:33:41.270+0000] {dag.py:4180} INFO - Setting next_dagrun for example_bash_operator to 2024-10-27 00:00:00+00:00, run_after=2024-10-28 00:00:00+00:00
[2024-10-28T13:33:41.284+0000] {processor.py:208} INFO - Processing /home/airflow/.local/lib/python3.12/site-packages/airflow/example_dags/example_bash_operator.py took 0.063 seconds
[2024-10-28T13:34:11.805+0000] {processor.py:186} INFO - Started process (PID=1214) to work on /home/airflow/.local/lib/python3.12/site-packages/airflow/example_dags/example_bash_operator.py
[2024-10-28T13:34:11.808+0000] {processor.py:914} INFO - Processing file /home/airflow/.local/lib/python3.12/site-packages/airflow/example_dags/example_bash_operator.py for tasks to queue
[2024-10-28T13:34:11.811+0000] {logging_mixin.py:190} INFO - [2024-10-28T13:34:11.811+0000] {dagbag.py:588} INFO - Filling up the DagBag from /home/airflow/.local/lib/python3.12/site-packages/airflow/example_dags/example_bash_operator.py
[2024-10-28T13:34:11.821+0000] {processor.py:925} INFO - DAG(s) 'example_bash_operator' retrieved from /home/airflow/.local/lib/python3.12/site-packages/airflow/example_dags/example_bash_operator.py
[2024-10-28T13:34:11.842+0000] {logging_mixin.py:190} INFO - [2024-10-28T13:34:11.842+0000] {dag.py:3239} INFO - Sync 1 DAGs
[2024-10-28T13:34:11.858+0000] {logging_mixin.py:190} INFO - [2024-10-28T13:34:11.857+0000] {dag.py:4180} INFO - Setting next_dagrun for example_bash_operator to 2024-10-27 00:00:00+00:00, run_after=2024-10-28 00:00:00+00:00
[2024-10-28T13:34:11.877+0000] {processor.py:208} INFO - Processing /home/airflow/.local/lib/python3.12/site-packages/airflow/example_dags/example_bash_operator.py took 0.078 seconds
[2024-10-28T13:34:42.367+0000] {processor.py:186} INFO - Started process (PID=1277) to work on /home/airflow/.local/lib/python3.12/site-packages/airflow/example_dags/example_bash_operator.py
[2024-10-28T13:34:42.368+0000] {processor.py:914} INFO - Processing file /home/airflow/.local/lib/python3.12/site-packages/airflow/example_dags/example_bash_operator.py for tasks to queue
[2024-10-28T13:34:42.371+0000] {logging_mixin.py:190} INFO - [2024-10-28T13:34:42.371+0000] {dagbag.py:588} INFO - Filling up the DagBag from /home/airflow/.local/lib/python3.12/site-packages/airflow/example_dags/example_bash_operator.py
[2024-10-28T13:34:42.385+0000] {processor.py:925} INFO - DAG(s) 'example_bash_operator' retrieved from /home/airflow/.local/lib/python3.12/site-packages/airflow/example_dags/example_bash_operator.py
[2024-10-28T13:34:42.403+0000] {logging_mixin.py:190} INFO - [2024-10-28T13:34:42.403+0000] {dag.py:3239} INFO - Sync 1 DAGs
[2024-10-28T13:34:42.420+0000] {logging_mixin.py:190} INFO - [2024-10-28T13:34:42.419+0000] {dag.py:4180} INFO - Setting next_dagrun for example_bash_operator to 2024-10-27 00:00:00+00:00, run_after=2024-10-28 00:00:00+00:00
[2024-10-28T13:34:42.433+0000] {processor.py:208} INFO - Processing /home/airflow/.local/lib/python3.12/site-packages/airflow/example_dags/example_bash_operator.py took 0.071 seconds
[2024-10-28T13:35:13.248+0000] {processor.py:186} INFO - Started process (PID=1340) to work on /home/airflow/.local/lib/python3.12/site-packages/airflow/example_dags/example_bash_operator.py
[2024-10-28T13:35:13.250+0000] {processor.py:914} INFO - Processing file /home/airflow/.local/lib/python3.12/site-packages/airflow/example_dags/example_bash_operator.py for tasks to queue
[2024-10-28T13:35:13.255+0000] {logging_mixin.py:190} INFO - [2024-10-28T13:35:13.254+0000] {dagbag.py:588} INFO - Filling up the DagBag from /home/airflow/.local/lib/python3.12/site-packages/airflow/example_dags/example_bash_operator.py
[2024-10-28T13:35:13.268+0000] {processor.py:925} INFO - DAG(s) 'example_bash_operator' retrieved from /home/airflow/.local/lib/python3.12/site-packages/airflow/example_dags/example_bash_operator.py
[2024-10-28T13:35:13.287+0000] {logging_mixin.py:190} INFO - [2024-10-28T13:35:13.287+0000] {dag.py:3239} INFO - Sync 1 DAGs
[2024-10-28T13:35:13.304+0000] {logging_mixin.py:190} INFO - [2024-10-28T13:35:13.304+0000] {dag.py:4180} INFO - Setting next_dagrun for example_bash_operator to 2024-10-27 00:00:00+00:00, run_after=2024-10-28 00:00:00+00:00
[2024-10-28T13:35:13.322+0000] {processor.py:208} INFO - Processing /home/airflow/.local/lib/python3.12/site-packages/airflow/example_dags/example_bash_operator.py took 0.081 seconds
[2024-10-28T13:35:43.375+0000] {processor.py:186} INFO - Started process (PID=1403) to work on /home/airflow/.local/lib/python3.12/site-packages/airflow/example_dags/example_bash_operator.py
[2024-10-28T13:35:43.376+0000] {processor.py:914} INFO - Processing file /home/airflow/.local/lib/python3.12/site-packages/airflow/example_dags/example_bash_operator.py for tasks to queue
[2024-10-28T13:35:43.378+0000] {logging_mixin.py:190} INFO - [2024-10-28T13:35:43.378+0000] {dagbag.py:588} INFO - Filling up the DagBag from /home/airflow/.local/lib/python3.12/site-packages/airflow/example_dags/example_bash_operator.py
[2024-10-28T13:35:43.386+0000] {processor.py:925} INFO - DAG(s) 'example_bash_operator' retrieved from /home/airflow/.local/lib/python3.12/site-packages/airflow/example_dags/example_bash_operator.py
[2024-10-28T13:35:43.407+0000] {logging_mixin.py:190} INFO - [2024-10-28T13:35:43.407+0000] {dag.py:3239} INFO - Sync 1 DAGs
[2024-10-28T13:35:43.424+0000] {logging_mixin.py:190} INFO - [2024-10-28T13:35:43.424+0000] {dag.py:4180} INFO - Setting next_dagrun for example_bash_operator to 2024-10-27 00:00:00+00:00, run_after=2024-10-28 00:00:00+00:00
[2024-10-28T13:35:43.438+0000] {processor.py:208} INFO - Processing /home/airflow/.local/lib/python3.12/site-packages/airflow/example_dags/example_bash_operator.py took 0.067 seconds
[2024-10-28T13:36:14.118+0000] {processor.py:186} INFO - Started process (PID=1466) to work on /home/airflow/.local/lib/python3.12/site-packages/airflow/example_dags/example_bash_operator.py
[2024-10-28T13:36:14.119+0000] {processor.py:914} INFO - Processing file /home/airflow/.local/lib/python3.12/site-packages/airflow/example_dags/example_bash_operator.py for tasks to queue
[2024-10-28T13:36:14.121+0000] {logging_mixin.py:190} INFO - [2024-10-28T13:36:14.120+0000] {dagbag.py:588} INFO - Filling up the DagBag from /home/airflow/.local/lib/python3.12/site-packages/airflow/example_dags/example_bash_operator.py
[2024-10-28T13:36:14.129+0000] {processor.py:925} INFO - DAG(s) 'example_bash_operator' retrieved from /home/airflow/.local/lib/python3.12/site-packages/airflow/example_dags/example_bash_operator.py
[2024-10-28T13:36:14.147+0000] {logging_mixin.py:190} INFO - [2024-10-28T13:36:14.147+0000] {dag.py:3239} INFO - Sync 1 DAGs
[2024-10-28T13:36:14.162+0000] {logging_mixin.py:190} INFO - [2024-10-28T13:36:14.162+0000] {dag.py:4180} INFO - Setting next_dagrun for example_bash_operator to 2024-10-27 00:00:00+00:00, run_after=2024-10-28 00:00:00+00:00
[2024-10-28T13:36:14.175+0000] {processor.py:208} INFO - Processing /home/airflow/.local/lib/python3.12/site-packages/airflow/example_dags/example_bash_operator.py took 0.062 seconds
[2024-10-28T13:36:44.320+0000] {processor.py:186} INFO - Started process (PID=1529) to work on /home/airflow/.local/lib/python3.12/site-packages/airflow/example_dags/example_bash_operator.py
[2024-10-28T13:36:44.321+0000] {processor.py:914} INFO - Processing file /home/airflow/.local/lib/python3.12/site-packages/airflow/example_dags/example_bash_operator.py for tasks to queue
[2024-10-28T13:36:44.322+0000] {logging_mixin.py:190} INFO - [2024-10-28T13:36:44.322+0000] {dagbag.py:588} INFO - Filling up the DagBag from /home/airflow/.local/lib/python3.12/site-packages/airflow/example_dags/example_bash_operator.py
[2024-10-28T13:36:44.332+0000] {processor.py:925} INFO - DAG(s) 'example_bash_operator' retrieved from /home/airflow/.local/lib/python3.12/site-packages/airflow/example_dags/example_bash_operator.py
[2024-10-28T13:36:44.350+0000] {logging_mixin.py:190} INFO - [2024-10-28T13:36:44.349+0000] {dag.py:3239} INFO - Sync 1 DAGs
[2024-10-28T13:36:44.366+0000] {logging_mixin.py:190} INFO - [2024-10-28T13:36:44.366+0000] {dag.py:4180} INFO - Setting next_dagrun for example_bash_operator to 2024-10-27 00:00:00+00:00, run_after=2024-10-28 00:00:00+00:00
[2024-10-28T13:36:44.381+0000] {processor.py:208} INFO - Processing /home/airflow/.local/lib/python3.12/site-packages/airflow/example_dags/example_bash_operator.py took 0.066 seconds
[2024-10-28T13:37:14.764+0000] {processor.py:186} INFO - Started process (PID=1592) to work on /home/airflow/.local/lib/python3.12/site-packages/airflow/example_dags/example_bash_operator.py
[2024-10-28T13:37:14.765+0000] {processor.py:914} INFO - Processing file /home/airflow/.local/lib/python3.12/site-packages/airflow/example_dags/example_bash_operator.py for tasks to queue
[2024-10-28T13:37:14.767+0000] {logging_mixin.py:190} INFO - [2024-10-28T13:37:14.767+0000] {dagbag.py:588} INFO - Filling up the DagBag from /home/airflow/.local/lib/python3.12/site-packages/airflow/example_dags/example_bash_operator.py
[2024-10-28T13:37:14.776+0000] {processor.py:925} INFO - DAG(s) 'example_bash_operator' retrieved from /home/airflow/.local/lib/python3.12/site-packages/airflow/example_dags/example_bash_operator.py
[2024-10-28T13:37:14.804+0000] {logging_mixin.py:190} INFO - [2024-10-28T13:37:14.804+0000] {dag.py:3239} INFO - Sync 1 DAGs
[2024-10-28T13:37:14.823+0000] {logging_mixin.py:190} INFO - [2024-10-28T13:37:14.823+0000] {dag.py:4180} INFO - Setting next_dagrun for example_bash_operator to 2024-10-27 00:00:00+00:00, run_after=2024-10-28 00:00:00+00:00
[2024-10-28T13:37:14.837+0000] {processor.py:208} INFO - Processing /home/airflow/.local/lib/python3.12/site-packages/airflow/example_dags/example_bash_operator.py took 0.077 seconds
[2024-10-28T13:37:45.234+0000] {processor.py:186} INFO - Started process (PID=1655) to work on /home/airflow/.local/lib/python3.12/site-packages/airflow/example_dags/example_bash_operator.py
[2024-10-28T13:37:45.235+0000] {processor.py:914} INFO - Processing file /home/airflow/.local/lib/python3.12/site-packages/airflow/example_dags/example_bash_operator.py for tasks to queue
[2024-10-28T13:37:45.237+0000] {logging_mixin.py:190} INFO - [2024-10-28T13:37:45.237+0000] {dagbag.py:588} INFO - Filling up the DagBag from /home/airflow/.local/lib/python3.12/site-packages/airflow/example_dags/example_bash_operator.py
[2024-10-28T13:37:45.247+0000] {processor.py:925} INFO - DAG(s) 'example_bash_operator' retrieved from /home/airflow/.local/lib/python3.12/site-packages/airflow/example_dags/example_bash_operator.py
[2024-10-28T13:37:45.266+0000] {logging_mixin.py:190} INFO - [2024-10-28T13:37:45.266+0000] {dag.py:3239} INFO - Sync 1 DAGs
[2024-10-28T13:37:45.283+0000] {logging_mixin.py:190} INFO - [2024-10-28T13:37:45.283+0000] {dag.py:4180} INFO - Setting next_dagrun for example_bash_operator to 2024-10-27 00:00:00+00:00, run_after=2024-10-28 00:00:00+00:00
[2024-10-28T13:37:45.298+0000] {processor.py:208} INFO - Processing /home/airflow/.local/lib/python3.12/site-packages/airflow/example_dags/example_bash_operator.py took 0.069 seconds
[2024-10-28T13:38:15.930+0000] {processor.py:186} INFO - Started process (PID=1718) to work on /home/airflow/.local/lib/python3.12/site-packages/airflow/example_dags/example_bash_operator.py
[2024-10-28T13:38:15.931+0000] {processor.py:914} INFO - Processing file /home/airflow/.local/lib/python3.12/site-packages/airflow/example_dags/example_bash_operator.py for tasks to queue
[2024-10-28T13:38:15.933+0000] {logging_mixin.py:190} INFO - [2024-10-28T13:38:15.933+0000] {dagbag.py:588} INFO - Filling up the DagBag from /home/airflow/.local/lib/python3.12/site-packages/airflow/example_dags/example_bash_operator.py
[2024-10-28T13:38:15.943+0000] {processor.py:925} INFO - DAG(s) 'example_bash_operator' retrieved from /home/airflow/.local/lib/python3.12/site-packages/airflow/example_dags/example_bash_operator.py
[2024-10-28T13:38:15.963+0000] {logging_mixin.py:190} INFO - [2024-10-28T13:38:15.963+0000] {dag.py:3239} INFO - Sync 1 DAGs
[2024-10-28T13:38:15.982+0000] {logging_mixin.py:190} INFO - [2024-10-28T13:38:15.981+0000] {dag.py:4180} INFO - Setting next_dagrun for example_bash_operator to 2024-10-27 00:00:00+00:00, run_after=2024-10-28 00:00:00+00:00
[2024-10-28T13:38:15.998+0000] {processor.py:208} INFO - Processing /home/airflow/.local/lib/python3.12/site-packages/airflow/example_dags/example_bash_operator.py took 0.075 seconds
[2024-10-28T13:38:46.287+0000] {processor.py:186} INFO - Started process (PID=1781) to work on /home/airflow/.local/lib/python3.12/site-packages/airflow/example_dags/example_bash_operator.py
[2024-10-28T13:38:46.288+0000] {processor.py:914} INFO - Processing file /home/airflow/.local/lib/python3.12/site-packages/airflow/example_dags/example_bash_operator.py for tasks to queue
[2024-10-28T13:38:46.289+0000] {logging_mixin.py:190} INFO - [2024-10-28T13:38:46.289+0000] {dagbag.py:588} INFO - Filling up the DagBag from /home/airflow/.local/lib/python3.12/site-packages/airflow/example_dags/example_bash_operator.py
[2024-10-28T13:38:46.298+0000] {processor.py:925} INFO - DAG(s) 'example_bash_operator' retrieved from /home/airflow/.local/lib/python3.12/site-packages/airflow/example_dags/example_bash_operator.py
[2024-10-28T13:38:46.315+0000] {logging_mixin.py:190} INFO - [2024-10-28T13:38:46.315+0000] {dag.py:3239} INFO - Sync 1 DAGs
[2024-10-28T13:38:46.331+0000] {logging_mixin.py:190} INFO - [2024-10-28T13:38:46.331+0000] {dag.py:4180} INFO - Setting next_dagrun for example_bash_operator to 2024-10-27 00:00:00+00:00, run_after=2024-10-28 00:00:00+00:00
[2024-10-28T13:38:46.344+0000] {processor.py:208} INFO - Processing /home/airflow/.local/lib/python3.12/site-packages/airflow/example_dags/example_bash_operator.py took 0.062 seconds
[2024-10-28T13:39:16.827+0000] {processor.py:186} INFO - Started process (PID=1844) to work on /home/airflow/.local/lib/python3.12/site-packages/airflow/example_dags/example_bash_operator.py
[2024-10-28T13:39:16.828+0000] {processor.py:914} INFO - Processing file /home/airflow/.local/lib/python3.12/site-packages/airflow/example_dags/example_bash_operator.py for tasks to queue
[2024-10-28T13:39:16.829+0000] {logging_mixin.py:190} INFO - [2024-10-28T13:39:16.829+0000] {dagbag.py:588} INFO - Filling up the DagBag from /home/airflow/.local/lib/python3.12/site-packages/airflow/example_dags/example_bash_operator.py
[2024-10-28T13:39:16.838+0000] {processor.py:925} INFO - DAG(s) 'example_bash_operator' retrieved from /home/airflow/.local/lib/python3.12/site-packages/airflow/example_dags/example_bash_operator.py
[2024-10-28T13:39:16.857+0000] {logging_mixin.py:190} INFO - [2024-10-28T13:39:16.857+0000] {dag.py:3239} INFO - Sync 1 DAGs
[2024-10-28T13:39:16.874+0000] {logging_mixin.py:190} INFO - [2024-10-28T13:39:16.874+0000] {dag.py:4180} INFO - Setting next_dagrun for example_bash_operator to 2024-10-27 00:00:00+00:00, run_after=2024-10-28 00:00:00+00:00
[2024-10-28T13:39:16.889+0000] {processor.py:208} INFO - Processing /home/airflow/.local/lib/python3.12/site-packages/airflow/example_dags/example_bash_operator.py took 0.068 seconds
[2024-10-28T13:39:47.517+0000] {processor.py:186} INFO - Started process (PID=1907) to work on /home/airflow/.local/lib/python3.12/site-packages/airflow/example_dags/example_bash_operator.py
[2024-10-28T13:39:47.518+0000] {processor.py:914} INFO - Processing file /home/airflow/.local/lib/python3.12/site-packages/airflow/example_dags/example_bash_operator.py for tasks to queue
[2024-10-28T13:39:47.520+0000] {logging_mixin.py:190} INFO - [2024-10-28T13:39:47.520+0000] {dagbag.py:588} INFO - Filling up the DagBag from /home/airflow/.local/lib/python3.12/site-packages/airflow/example_dags/example_bash_operator.py
[2024-10-28T13:39:47.532+0000] {processor.py:925} INFO - DAG(s) 'example_bash_operator' retrieved from /home/airflow/.local/lib/python3.12/site-packages/airflow/example_dags/example_bash_operator.py
[2024-10-28T13:39:47.553+0000] {logging_mixin.py:190} INFO - [2024-10-28T13:39:47.553+0000] {dag.py:3239} INFO - Sync 1 DAGs
[2024-10-28T13:39:47.576+0000] {logging_mixin.py:190} INFO - [2024-10-28T13:39:47.575+0000] {dag.py:4180} INFO - Setting next_dagrun for example_bash_operator to 2024-10-27 00:00:00+00:00, run_after=2024-10-28 00:00:00+00:00
[2024-10-28T13:39:47.592+0000] {processor.py:208} INFO - Processing /home/airflow/.local/lib/python3.12/site-packages/airflow/example_dags/example_bash_operator.py took 0.080 seconds
[2024-10-28T13:40:18.810+0000] {processor.py:186} INFO - Started process (PID=1970) to work on /home/airflow/.local/lib/python3.12/site-packages/airflow/example_dags/example_bash_operator.py
[2024-10-28T13:40:18.811+0000] {processor.py:914} INFO - Processing file /home/airflow/.local/lib/python3.12/site-packages/airflow/example_dags/example_bash_operator.py for tasks to queue
[2024-10-28T13:40:18.813+0000] {logging_mixin.py:190} INFO - [2024-10-28T13:40:18.813+0000] {dagbag.py:588} INFO - Filling up the DagBag from /home/airflow/.local/lib/python3.12/site-packages/airflow/example_dags/example_bash_operator.py
[2024-10-28T13:40:18.823+0000] {processor.py:925} INFO - DAG(s) 'example_bash_operator' retrieved from /home/airflow/.local/lib/python3.12/site-packages/airflow/example_dags/example_bash_operator.py
[2024-10-28T13:40:18.843+0000] {logging_mixin.py:190} INFO - [2024-10-28T13:40:18.843+0000] {dag.py:3239} INFO - Sync 1 DAGs
[2024-10-28T13:40:18.859+0000] {logging_mixin.py:190} INFO - [2024-10-28T13:40:18.859+0000] {dag.py:4180} INFO - Setting next_dagrun for example_bash_operator to 2024-10-27 00:00:00+00:00, run_after=2024-10-28 00:00:00+00:00
[2024-10-28T13:40:18.874+0000] {processor.py:208} INFO - Processing /home/airflow/.local/lib/python3.12/site-packages/airflow/example_dags/example_bash_operator.py took 0.068 seconds
[2024-10-28T13:40:49.578+0000] {processor.py:186} INFO - Started process (PID=2033) to work on /home/airflow/.local/lib/python3.12/site-packages/airflow/example_dags/example_bash_operator.py
[2024-10-28T13:40:49.579+0000] {processor.py:914} INFO - Processing file /home/airflow/.local/lib/python3.12/site-packages/airflow/example_dags/example_bash_operator.py for tasks to queue
[2024-10-28T13:40:49.582+0000] {logging_mixin.py:190} INFO - [2024-10-28T13:40:49.582+0000] {dagbag.py:588} INFO - Filling up the DagBag from /home/airflow/.local/lib/python3.12/site-packages/airflow/example_dags/example_bash_operator.py
[2024-10-28T13:40:49.592+0000] {processor.py:925} INFO - DAG(s) 'example_bash_operator' retrieved from /home/airflow/.local/lib/python3.12/site-packages/airflow/example_dags/example_bash_operator.py
[2024-10-28T13:40:49.610+0000] {logging_mixin.py:190} INFO - [2024-10-28T13:40:49.610+0000] {dag.py:3239} INFO - Sync 1 DAGs
[2024-10-28T13:40:49.626+0000] {logging_mixin.py:190} INFO - [2024-10-28T13:40:49.626+0000] {dag.py:4180} INFO - Setting next_dagrun for example_bash_operator to 2024-10-27 00:00:00+00:00, run_after=2024-10-28 00:00:00+00:00
[2024-10-28T13:40:49.640+0000] {processor.py:208} INFO - Processing /home/airflow/.local/lib/python3.12/site-packages/airflow/example_dags/example_bash_operator.py took 0.067 seconds
[2024-10-28T13:41:20.800+0000] {processor.py:186} INFO - Started process (PID=2096) to work on /home/airflow/.local/lib/python3.12/site-packages/airflow/example_dags/example_bash_operator.py
[2024-10-28T13:41:20.801+0000] {processor.py:914} INFO - Processing file /home/airflow/.local/lib/python3.12/site-packages/airflow/example_dags/example_bash_operator.py for tasks to queue
[2024-10-28T13:41:20.804+0000] {logging_mixin.py:190} INFO - [2024-10-28T13:41:20.803+0000] {dagbag.py:588} INFO - Filling up the DagBag from /home/airflow/.local/lib/python3.12/site-packages/airflow/example_dags/example_bash_operator.py
[2024-10-28T13:41:20.814+0000] {processor.py:925} INFO - DAG(s) 'example_bash_operator' retrieved from /home/airflow/.local/lib/python3.12/site-packages/airflow/example_dags/example_bash_operator.py
[2024-10-28T13:41:20.835+0000] {logging_mixin.py:190} INFO - [2024-10-28T13:41:20.835+0000] {dag.py:3239} INFO - Sync 1 DAGs
[2024-10-28T13:41:20.855+0000] {logging_mixin.py:190} INFO - [2024-10-28T13:41:20.855+0000] {dag.py:4180} INFO - Setting next_dagrun for example_bash_operator to 2024-10-27 00:00:00+00:00, run_after=2024-10-28 00:00:00+00:00
[2024-10-28T13:41:20.871+0000] {processor.py:208} INFO - Processing /home/airflow/.local/lib/python3.12/site-packages/airflow/example_dags/example_bash_operator.py took 0.076 seconds
[2024-10-28T13:41:51.441+0000] {processor.py:186} INFO - Started process (PID=2159) to work on /home/airflow/.local/lib/python3.12/site-packages/airflow/example_dags/example_bash_operator.py
[2024-10-28T13:41:51.442+0000] {processor.py:914} INFO - Processing file /home/airflow/.local/lib/python3.12/site-packages/airflow/example_dags/example_bash_operator.py for tasks to queue
[2024-10-28T13:41:51.444+0000] {logging_mixin.py:190} INFO - [2024-10-28T13:41:51.444+0000] {dagbag.py:588} INFO - Filling up the DagBag from /home/airflow/.local/lib/python3.12/site-packages/airflow/example_dags/example_bash_operator.py
[2024-10-28T13:41:51.455+0000] {processor.py:925} INFO - DAG(s) 'example_bash_operator' retrieved from /home/airflow/.local/lib/python3.12/site-packages/airflow/example_dags/example_bash_operator.py
[2024-10-28T13:41:51.475+0000] {logging_mixin.py:190} INFO - [2024-10-28T13:41:51.475+0000] {dag.py:3239} INFO - Sync 1 DAGs
[2024-10-28T13:41:51.496+0000] {logging_mixin.py:190} INFO - [2024-10-28T13:41:51.496+0000] {dag.py:4180} INFO - Setting next_dagrun for example_bash_operator to 2024-10-27 00:00:00+00:00, run_after=2024-10-28 00:00:00+00:00
[2024-10-28T13:41:51.519+0000] {processor.py:208} INFO - Processing /home/airflow/.local/lib/python3.12/site-packages/airflow/example_dags/example_bash_operator.py took 0.083 seconds
[2024-10-28T13:42:22.464+0000] {processor.py:186} INFO - Started process (PID=2222) to work on /home/airflow/.local/lib/python3.12/site-packages/airflow/example_dags/example_bash_operator.py
[2024-10-28T13:42:22.465+0000] {processor.py:914} INFO - Processing file /home/airflow/.local/lib/python3.12/site-packages/airflow/example_dags/example_bash_operator.py for tasks to queue
[2024-10-28T13:42:22.466+0000] {logging_mixin.py:190} INFO - [2024-10-28T13:42:22.466+0000] {dagbag.py:588} INFO - Filling up the DagBag from /home/airflow/.local/lib/python3.12/site-packages/airflow/example_dags/example_bash_operator.py
[2024-10-28T13:42:22.475+0000] {processor.py:925} INFO - DAG(s) 'example_bash_operator' retrieved from /home/airflow/.local/lib/python3.12/site-packages/airflow/example_dags/example_bash_operator.py
[2024-10-28T13:42:22.494+0000] {logging_mixin.py:190} INFO - [2024-10-28T13:42:22.494+0000] {dag.py:3239} INFO - Sync 1 DAGs
[2024-10-28T13:42:22.512+0000] {logging_mixin.py:190} INFO - [2024-10-28T13:42:22.512+0000] {dag.py:4180} INFO - Setting next_dagrun for example_bash_operator to 2024-10-27 00:00:00+00:00, run_after=2024-10-28 00:00:00+00:00
[2024-10-28T13:42:22.525+0000] {processor.py:208} INFO - Processing /home/airflow/.local/lib/python3.12/site-packages/airflow/example_dags/example_bash_operator.py took 0.066 seconds
[2024-10-28T13:42:53.611+0000] {processor.py:186} INFO - Started process (PID=2284) to work on /home/airflow/.local/lib/python3.12/site-packages/airflow/example_dags/example_bash_operator.py
[2024-10-28T13:42:53.612+0000] {processor.py:914} INFO - Processing file /home/airflow/.local/lib/python3.12/site-packages/airflow/example_dags/example_bash_operator.py for tasks to queue
[2024-10-28T13:42:53.613+0000] {logging_mixin.py:190} INFO - [2024-10-28T13:42:53.613+0000] {dagbag.py:588} INFO - Filling up the DagBag from /home/airflow/.local/lib/python3.12/site-packages/airflow/example_dags/example_bash_operator.py
[2024-10-28T13:42:53.622+0000] {processor.py:925} INFO - DAG(s) 'example_bash_operator' retrieved from /home/airflow/.local/lib/python3.12/site-packages/airflow/example_dags/example_bash_operator.py
[2024-10-28T13:42:53.640+0000] {logging_mixin.py:190} INFO - [2024-10-28T13:42:53.639+0000] {dag.py:3239} INFO - Sync 1 DAGs
[2024-10-28T13:42:53.657+0000] {logging_mixin.py:190} INFO - [2024-10-28T13:42:53.656+0000] {dag.py:4180} INFO - Setting next_dagrun for example_bash_operator to 2024-10-27 00:00:00+00:00, run_after=2024-10-28 00:00:00+00:00
[2024-10-28T13:42:53.672+0000] {processor.py:208} INFO - Processing /home/airflow/.local/lib/python3.12/site-packages/airflow/example_dags/example_bash_operator.py took 0.064 seconds
[2024-10-28T13:43:24.275+0000] {processor.py:186} INFO - Started process (PID=2346) to work on /home/airflow/.local/lib/python3.12/site-packages/airflow/example_dags/example_bash_operator.py
[2024-10-28T13:43:24.276+0000] {processor.py:914} INFO - Processing file /home/airflow/.local/lib/python3.12/site-packages/airflow/example_dags/example_bash_operator.py for tasks to queue
[2024-10-28T13:43:24.277+0000] {logging_mixin.py:190} INFO - [2024-10-28T13:43:24.277+0000] {dagbag.py:588} INFO - Filling up the DagBag from /home/airflow/.local/lib/python3.12/site-packages/airflow/example_dags/example_bash_operator.py
[2024-10-28T13:43:24.287+0000] {processor.py:925} INFO - DAG(s) 'example_bash_operator' retrieved from /home/airflow/.local/lib/python3.12/site-packages/airflow/example_dags/example_bash_operator.py
[2024-10-28T13:43:24.311+0000] {logging_mixin.py:190} INFO - [2024-10-28T13:43:24.310+0000] {dag.py:3239} INFO - Sync 1 DAGs
[2024-10-28T13:43:24.331+0000] {logging_mixin.py:190} INFO - [2024-10-28T13:43:24.330+0000] {dag.py:4180} INFO - Setting next_dagrun for example_bash_operator to 2024-10-27 00:00:00+00:00, run_after=2024-10-28 00:00:00+00:00
[2024-10-28T13:43:24.346+0000] {processor.py:208} INFO - Processing /home/airflow/.local/lib/python3.12/site-packages/airflow/example_dags/example_bash_operator.py took 0.076 seconds
[2024-10-28T13:43:54.826+0000] {processor.py:186} INFO - Started process (PID=2408) to work on /home/airflow/.local/lib/python3.12/site-packages/airflow/example_dags/example_bash_operator.py
[2024-10-28T13:43:54.827+0000] {processor.py:914} INFO - Processing file /home/airflow/.local/lib/python3.12/site-packages/airflow/example_dags/example_bash_operator.py for tasks to queue
[2024-10-28T13:43:54.828+0000] {logging_mixin.py:190} INFO - [2024-10-28T13:43:54.828+0000] {dagbag.py:588} INFO - Filling up the DagBag from /home/airflow/.local/lib/python3.12/site-packages/airflow/example_dags/example_bash_operator.py
[2024-10-28T13:43:54.838+0000] {processor.py:925} INFO - DAG(s) 'example_bash_operator' retrieved from /home/airflow/.local/lib/python3.12/site-packages/airflow/example_dags/example_bash_operator.py
[2024-10-28T13:43:54.857+0000] {logging_mixin.py:190} INFO - [2024-10-28T13:43:54.857+0000] {dag.py:3239} INFO - Sync 1 DAGs
[2024-10-28T13:43:54.877+0000] {logging_mixin.py:190} INFO - [2024-10-28T13:43:54.877+0000] {dag.py:4180} INFO - Setting next_dagrun for example_bash_operator to 2024-10-27 00:00:00+00:00, run_after=2024-10-28 00:00:00+00:00
[2024-10-28T13:43:54.894+0000] {processor.py:208} INFO - Processing /home/airflow/.local/lib/python3.12/site-packages/airflow/example_dags/example_bash_operator.py took 0.072 seconds
