[2024-10-28T13:21:17.799+0000] {processor.py:186} INFO - Started process (PID=93) to work on /home/airflow/.local/lib/python3.12/site-packages/airflow/example_dags/example_complex.py
[2024-10-28T13:21:17.800+0000] {processor.py:914} INFO - Processing file /home/airflow/.local/lib/python3.12/site-packages/airflow/example_dags/example_complex.py for tasks to queue
[2024-10-28T13:21:17.802+0000] {logging_mixin.py:190} INFO - [2024-10-28T13:21:17.802+0000] {dagbag.py:588} INFO - Filling up the DagBag from /home/airflow/.local/lib/python3.12/site-packages/airflow/example_dags/example_complex.py
[2024-10-28T13:21:17.814+0000] {processor.py:925} INFO - DAG(s) 'example_complex' retrieved from /home/airflow/.local/lib/python3.12/site-packages/airflow/example_dags/example_complex.py
[2024-10-28T13:21:17.908+0000] {logging_mixin.py:190} INFO - [2024-10-28T13:21:17.908+0000] {override.py:1900} INFO - Created Permission View: can delete on DAG:example_complex
[2024-10-28T13:21:17.917+0000] {logging_mixin.py:190} INFO - [2024-10-28T13:21:17.917+0000] {override.py:1900} INFO - Created Permission View: can edit on DAG:example_complex
[2024-10-28T13:21:17.924+0000] {logging_mixin.py:190} INFO - [2024-10-28T13:21:17.924+0000] {override.py:1900} INFO - Created Permission View: can read on DAG:example_complex
[2024-10-28T13:21:17.934+0000] {logging_mixin.py:190} INFO - [2024-10-28T13:21:17.933+0000] {override.py:1900} INFO - Created Permission View: can create on DAG Run:example_complex
[2024-10-28T13:21:17.943+0000] {logging_mixin.py:190} INFO - [2024-10-28T13:21:17.943+0000] {override.py:1900} INFO - Created Permission View: menu access on DAG Run:example_complex
[2024-10-28T13:21:17.951+0000] {logging_mixin.py:190} INFO - [2024-10-28T13:21:17.950+0000] {override.py:1900} INFO - Created Permission View: can read on DAG Run:example_complex
[2024-10-28T13:21:17.958+0000] {logging_mixin.py:190} INFO - [2024-10-28T13:21:17.957+0000] {override.py:1900} INFO - Created Permission View: can delete on DAG Run:example_complex
[2024-10-28T13:21:17.964+0000] {logging_mixin.py:190} INFO - [2024-10-28T13:21:17.964+0000] {dag.py:3239} INFO - Sync 1 DAGs
[2024-10-28T13:21:17.976+0000] {logging_mixin.py:190} INFO - [2024-10-28T13:21:17.976+0000] {dag.py:3262} INFO - Creating ORM DAG for example_complex
[2024-10-28T13:21:17.977+0000] {logging_mixin.py:190} INFO - [2024-10-28T13:21:17.977+0000] {dag.py:4180} INFO - Setting next_dagrun for example_complex to None, run_after=None
[2024-10-28T13:21:17.994+0000] {processor.py:208} INFO - Processing /home/airflow/.local/lib/python3.12/site-packages/airflow/example_dags/example_complex.py took 0.201 seconds
[2024-10-28T13:21:48.881+0000] {processor.py:186} INFO - Started process (PID=156) to work on /home/airflow/.local/lib/python3.12/site-packages/airflow/example_dags/example_complex.py
[2024-10-28T13:21:48.882+0000] {processor.py:914} INFO - Processing file /home/airflow/.local/lib/python3.12/site-packages/airflow/example_dags/example_complex.py for tasks to queue
[2024-10-28T13:21:48.884+0000] {logging_mixin.py:190} INFO - [2024-10-28T13:21:48.884+0000] {dagbag.py:588} INFO - Filling up the DagBag from /home/airflow/.local/lib/python3.12/site-packages/airflow/example_dags/example_complex.py
[2024-10-28T13:21:48.892+0000] {processor.py:925} INFO - DAG(s) 'example_complex' retrieved from /home/airflow/.local/lib/python3.12/site-packages/airflow/example_dags/example_complex.py
[2024-10-28T13:21:48.913+0000] {logging_mixin.py:190} INFO - [2024-10-28T13:21:48.913+0000] {dag.py:3239} INFO - Sync 1 DAGs
[2024-10-28T13:21:48.923+0000] {logging_mixin.py:190} INFO - [2024-10-28T13:21:48.922+0000] {dag.py:4180} INFO - Setting next_dagrun for example_complex to None, run_after=None
[2024-10-28T13:21:48.936+0000] {processor.py:208} INFO - Processing /home/airflow/.local/lib/python3.12/site-packages/airflow/example_dags/example_complex.py took 0.060 seconds
[2024-10-28T13:25:00.947+0000] {processor.py:186} INFO - Started process (PID=87) to work on /home/airflow/.local/lib/python3.12/site-packages/airflow/example_dags/example_complex.py
[2024-10-28T13:25:00.948+0000] {processor.py:914} INFO - Processing file /home/airflow/.local/lib/python3.12/site-packages/airflow/example_dags/example_complex.py for tasks to queue
[2024-10-28T13:25:00.951+0000] {logging_mixin.py:190} INFO - [2024-10-28T13:25:00.950+0000] {dagbag.py:588} INFO - Filling up the DagBag from /home/airflow/.local/lib/python3.12/site-packages/airflow/example_dags/example_complex.py
[2024-10-28T13:25:00.961+0000] {processor.py:925} INFO - DAG(s) 'example_complex' retrieved from /home/airflow/.local/lib/python3.12/site-packages/airflow/example_dags/example_complex.py
[2024-10-28T13:25:00.986+0000] {logging_mixin.py:190} INFO - [2024-10-28T13:25:00.986+0000] {dag.py:3239} INFO - Sync 1 DAGs
[2024-10-28T13:25:00.998+0000] {logging_mixin.py:190} INFO - [2024-10-28T13:25:00.998+0000] {dag.py:4180} INFO - Setting next_dagrun for example_complex to None, run_after=None
[2024-10-28T13:25:01.014+0000] {processor.py:208} INFO - Processing /home/airflow/.local/lib/python3.12/site-packages/airflow/example_dags/example_complex.py took 0.073 seconds
[2024-10-28T13:25:31.877+0000] {processor.py:186} INFO - Started process (PID=149) to work on /home/airflow/.local/lib/python3.12/site-packages/airflow/example_dags/example_complex.py
[2024-10-28T13:25:31.878+0000] {processor.py:914} INFO - Processing file /home/airflow/.local/lib/python3.12/site-packages/airflow/example_dags/example_complex.py for tasks to queue
[2024-10-28T13:25:31.879+0000] {logging_mixin.py:190} INFO - [2024-10-28T13:25:31.879+0000] {dagbag.py:588} INFO - Filling up the DagBag from /home/airflow/.local/lib/python3.12/site-packages/airflow/example_dags/example_complex.py
[2024-10-28T13:25:31.888+0000] {processor.py:925} INFO - DAG(s) 'example_complex' retrieved from /home/airflow/.local/lib/python3.12/site-packages/airflow/example_dags/example_complex.py
[2024-10-28T13:25:31.910+0000] {logging_mixin.py:190} INFO - [2024-10-28T13:25:31.910+0000] {dag.py:3239} INFO - Sync 1 DAGs
[2024-10-28T13:25:31.920+0000] {logging_mixin.py:190} INFO - [2024-10-28T13:25:31.919+0000] {dag.py:4180} INFO - Setting next_dagrun for example_complex to None, run_after=None
[2024-10-28T13:25:31.935+0000] {processor.py:208} INFO - Processing /home/airflow/.local/lib/python3.12/site-packages/airflow/example_dags/example_complex.py took 0.063 seconds
[2024-10-28T13:26:02.803+0000] {processor.py:186} INFO - Started process (PID=218) to work on /home/airflow/.local/lib/python3.12/site-packages/airflow/example_dags/example_complex.py
[2024-10-28T13:26:02.804+0000] {processor.py:914} INFO - Processing file /home/airflow/.local/lib/python3.12/site-packages/airflow/example_dags/example_complex.py for tasks to queue
[2024-10-28T13:26:02.806+0000] {logging_mixin.py:190} INFO - [2024-10-28T13:26:02.806+0000] {dagbag.py:588} INFO - Filling up the DagBag from /home/airflow/.local/lib/python3.12/site-packages/airflow/example_dags/example_complex.py
[2024-10-28T13:26:02.814+0000] {processor.py:925} INFO - DAG(s) 'example_complex' retrieved from /home/airflow/.local/lib/python3.12/site-packages/airflow/example_dags/example_complex.py
[2024-10-28T13:26:02.837+0000] {logging_mixin.py:190} INFO - [2024-10-28T13:26:02.836+0000] {dag.py:3239} INFO - Sync 1 DAGs
[2024-10-28T13:26:02.847+0000] {logging_mixin.py:190} INFO - [2024-10-28T13:26:02.847+0000] {dag.py:4180} INFO - Setting next_dagrun for example_complex to None, run_after=None
[2024-10-28T13:26:02.862+0000] {processor.py:208} INFO - Processing /home/airflow/.local/lib/python3.12/site-packages/airflow/example_dags/example_complex.py took 0.063 seconds
[2024-10-28T13:26:33.212+0000] {processor.py:186} INFO - Started process (PID=281) to work on /home/airflow/.local/lib/python3.12/site-packages/airflow/example_dags/example_complex.py
[2024-10-28T13:26:33.214+0000] {processor.py:914} INFO - Processing file /home/airflow/.local/lib/python3.12/site-packages/airflow/example_dags/example_complex.py for tasks to queue
[2024-10-28T13:26:33.216+0000] {logging_mixin.py:190} INFO - [2024-10-28T13:26:33.216+0000] {dagbag.py:588} INFO - Filling up the DagBag from /home/airflow/.local/lib/python3.12/site-packages/airflow/example_dags/example_complex.py
[2024-10-28T13:26:33.226+0000] {processor.py:925} INFO - DAG(s) 'example_complex' retrieved from /home/airflow/.local/lib/python3.12/site-packages/airflow/example_dags/example_complex.py
[2024-10-28T13:26:33.250+0000] {logging_mixin.py:190} INFO - [2024-10-28T13:26:33.249+0000] {dag.py:3239} INFO - Sync 1 DAGs
[2024-10-28T13:26:33.261+0000] {logging_mixin.py:190} INFO - [2024-10-28T13:26:33.260+0000] {dag.py:4180} INFO - Setting next_dagrun for example_complex to None, run_after=None
[2024-10-28T13:26:33.276+0000] {processor.py:208} INFO - Processing /home/airflow/.local/lib/python3.12/site-packages/airflow/example_dags/example_complex.py took 0.070 seconds
[2024-10-28T13:27:03.394+0000] {processor.py:186} INFO - Started process (PID=344) to work on /home/airflow/.local/lib/python3.12/site-packages/airflow/example_dags/example_complex.py
[2024-10-28T13:27:03.396+0000] {processor.py:914} INFO - Processing file /home/airflow/.local/lib/python3.12/site-packages/airflow/example_dags/example_complex.py for tasks to queue
[2024-10-28T13:27:03.398+0000] {logging_mixin.py:190} INFO - [2024-10-28T13:27:03.398+0000] {dagbag.py:588} INFO - Filling up the DagBag from /home/airflow/.local/lib/python3.12/site-packages/airflow/example_dags/example_complex.py
[2024-10-28T13:27:03.406+0000] {processor.py:925} INFO - DAG(s) 'example_complex' retrieved from /home/airflow/.local/lib/python3.12/site-packages/airflow/example_dags/example_complex.py
[2024-10-28T13:27:03.427+0000] {logging_mixin.py:190} INFO - [2024-10-28T13:27:03.427+0000] {dag.py:3239} INFO - Sync 1 DAGs
[2024-10-28T13:27:03.437+0000] {logging_mixin.py:190} INFO - [2024-10-28T13:27:03.437+0000] {dag.py:4180} INFO - Setting next_dagrun for example_complex to None, run_after=None
[2024-10-28T13:27:03.452+0000] {processor.py:208} INFO - Processing /home/airflow/.local/lib/python3.12/site-packages/airflow/example_dags/example_complex.py took 0.062 seconds
[2024-10-28T13:27:34.150+0000] {processor.py:186} INFO - Started process (PID=407) to work on /home/airflow/.local/lib/python3.12/site-packages/airflow/example_dags/example_complex.py
[2024-10-28T13:27:34.151+0000] {processor.py:914} INFO - Processing file /home/airflow/.local/lib/python3.12/site-packages/airflow/example_dags/example_complex.py for tasks to queue
[2024-10-28T13:27:34.153+0000] {logging_mixin.py:190} INFO - [2024-10-28T13:27:34.153+0000] {dagbag.py:588} INFO - Filling up the DagBag from /home/airflow/.local/lib/python3.12/site-packages/airflow/example_dags/example_complex.py
[2024-10-28T13:27:34.163+0000] {processor.py:925} INFO - DAG(s) 'example_complex' retrieved from /home/airflow/.local/lib/python3.12/site-packages/airflow/example_dags/example_complex.py
[2024-10-28T13:27:34.185+0000] {logging_mixin.py:190} INFO - [2024-10-28T13:27:34.184+0000] {dag.py:3239} INFO - Sync 1 DAGs
[2024-10-28T13:27:34.195+0000] {logging_mixin.py:190} INFO - [2024-10-28T13:27:34.195+0000] {dag.py:4180} INFO - Setting next_dagrun for example_complex to None, run_after=None
[2024-10-28T13:27:34.210+0000] {processor.py:208} INFO - Processing /home/airflow/.local/lib/python3.12/site-packages/airflow/example_dags/example_complex.py took 0.064 seconds
[2024-10-28T13:28:04.700+0000] {processor.py:186} INFO - Started process (PID=470) to work on /home/airflow/.local/lib/python3.12/site-packages/airflow/example_dags/example_complex.py
[2024-10-28T13:28:04.702+0000] {processor.py:914} INFO - Processing file /home/airflow/.local/lib/python3.12/site-packages/airflow/example_dags/example_complex.py for tasks to queue
[2024-10-28T13:28:04.705+0000] {logging_mixin.py:190} INFO - [2024-10-28T13:28:04.705+0000] {dagbag.py:588} INFO - Filling up the DagBag from /home/airflow/.local/lib/python3.12/site-packages/airflow/example_dags/example_complex.py
[2024-10-28T13:28:04.714+0000] {processor.py:925} INFO - DAG(s) 'example_complex' retrieved from /home/airflow/.local/lib/python3.12/site-packages/airflow/example_dags/example_complex.py
[2024-10-28T13:28:04.738+0000] {logging_mixin.py:190} INFO - [2024-10-28T13:28:04.737+0000] {dag.py:3239} INFO - Sync 1 DAGs
[2024-10-28T13:28:04.748+0000] {logging_mixin.py:190} INFO - [2024-10-28T13:28:04.748+0000] {dag.py:4180} INFO - Setting next_dagrun for example_complex to None, run_after=None
[2024-10-28T13:28:04.761+0000] {processor.py:208} INFO - Processing /home/airflow/.local/lib/python3.12/site-packages/airflow/example_dags/example_complex.py took 0.068 seconds
[2024-10-28T13:28:35.009+0000] {processor.py:186} INFO - Started process (PID=533) to work on /home/airflow/.local/lib/python3.12/site-packages/airflow/example_dags/example_complex.py
[2024-10-28T13:28:35.010+0000] {processor.py:914} INFO - Processing file /home/airflow/.local/lib/python3.12/site-packages/airflow/example_dags/example_complex.py for tasks to queue
[2024-10-28T13:28:35.012+0000] {logging_mixin.py:190} INFO - [2024-10-28T13:28:35.012+0000] {dagbag.py:588} INFO - Filling up the DagBag from /home/airflow/.local/lib/python3.12/site-packages/airflow/example_dags/example_complex.py
[2024-10-28T13:28:35.021+0000] {processor.py:925} INFO - DAG(s) 'example_complex' retrieved from /home/airflow/.local/lib/python3.12/site-packages/airflow/example_dags/example_complex.py
[2024-10-28T13:28:35.042+0000] {logging_mixin.py:190} INFO - [2024-10-28T13:28:35.042+0000] {dag.py:3239} INFO - Sync 1 DAGs
[2024-10-28T13:28:35.052+0000] {logging_mixin.py:190} INFO - [2024-10-28T13:28:35.052+0000] {dag.py:4180} INFO - Setting next_dagrun for example_complex to None, run_after=None
[2024-10-28T13:28:35.067+0000] {processor.py:208} INFO - Processing /home/airflow/.local/lib/python3.12/site-packages/airflow/example_dags/example_complex.py took 0.062 seconds
[2024-10-28T13:29:05.874+0000] {processor.py:186} INFO - Started process (PID=596) to work on /home/airflow/.local/lib/python3.12/site-packages/airflow/example_dags/example_complex.py
[2024-10-28T13:29:05.875+0000] {processor.py:914} INFO - Processing file /home/airflow/.local/lib/python3.12/site-packages/airflow/example_dags/example_complex.py for tasks to queue
[2024-10-28T13:29:05.876+0000] {logging_mixin.py:190} INFO - [2024-10-28T13:29:05.876+0000] {dagbag.py:588} INFO - Filling up the DagBag from /home/airflow/.local/lib/python3.12/site-packages/airflow/example_dags/example_complex.py
[2024-10-28T13:29:05.885+0000] {processor.py:925} INFO - DAG(s) 'example_complex' retrieved from /home/airflow/.local/lib/python3.12/site-packages/airflow/example_dags/example_complex.py
[2024-10-28T13:29:05.906+0000] {logging_mixin.py:190} INFO - [2024-10-28T13:29:05.906+0000] {dag.py:3239} INFO - Sync 1 DAGs
[2024-10-28T13:29:05.916+0000] {logging_mixin.py:190} INFO - [2024-10-28T13:29:05.915+0000] {dag.py:4180} INFO - Setting next_dagrun for example_complex to None, run_after=None
[2024-10-28T13:29:05.929+0000] {processor.py:208} INFO - Processing /home/airflow/.local/lib/python3.12/site-packages/airflow/example_dags/example_complex.py took 0.060 seconds
[2024-10-28T13:29:36.111+0000] {processor.py:186} INFO - Started process (PID=659) to work on /home/airflow/.local/lib/python3.12/site-packages/airflow/example_dags/example_complex.py
[2024-10-28T13:29:36.112+0000] {processor.py:914} INFO - Processing file /home/airflow/.local/lib/python3.12/site-packages/airflow/example_dags/example_complex.py for tasks to queue
[2024-10-28T13:29:36.114+0000] {logging_mixin.py:190} INFO - [2024-10-28T13:29:36.114+0000] {dagbag.py:588} INFO - Filling up the DagBag from /home/airflow/.local/lib/python3.12/site-packages/airflow/example_dags/example_complex.py
[2024-10-28T13:29:36.132+0000] {processor.py:925} INFO - DAG(s) 'example_complex' retrieved from /home/airflow/.local/lib/python3.12/site-packages/airflow/example_dags/example_complex.py
[2024-10-28T13:29:36.155+0000] {logging_mixin.py:190} INFO - [2024-10-28T13:29:36.154+0000] {dag.py:3239} INFO - Sync 1 DAGs
[2024-10-28T13:29:36.165+0000] {logging_mixin.py:190} INFO - [2024-10-28T13:29:36.165+0000] {dag.py:4180} INFO - Setting next_dagrun for example_complex to None, run_after=None
[2024-10-28T13:29:36.179+0000] {processor.py:208} INFO - Processing /home/airflow/.local/lib/python3.12/site-packages/airflow/example_dags/example_complex.py took 0.078 seconds
[2024-10-28T13:30:06.855+0000] {processor.py:186} INFO - Started process (PID=722) to work on /home/airflow/.local/lib/python3.12/site-packages/airflow/example_dags/example_complex.py
[2024-10-28T13:30:06.856+0000] {processor.py:914} INFO - Processing file /home/airflow/.local/lib/python3.12/site-packages/airflow/example_dags/example_complex.py for tasks to queue
[2024-10-28T13:30:06.858+0000] {logging_mixin.py:190} INFO - [2024-10-28T13:30:06.858+0000] {dagbag.py:588} INFO - Filling up the DagBag from /home/airflow/.local/lib/python3.12/site-packages/airflow/example_dags/example_complex.py
[2024-10-28T13:30:06.869+0000] {processor.py:925} INFO - DAG(s) 'example_complex' retrieved from /home/airflow/.local/lib/python3.12/site-packages/airflow/example_dags/example_complex.py
[2024-10-28T13:30:06.899+0000] {logging_mixin.py:190} INFO - [2024-10-28T13:30:06.899+0000] {dag.py:3239} INFO - Sync 1 DAGs
[2024-10-28T13:30:06.915+0000] {logging_mixin.py:190} INFO - [2024-10-28T13:30:06.915+0000] {dag.py:4180} INFO - Setting next_dagrun for example_complex to None, run_after=None
[2024-10-28T13:30:06.931+0000] {processor.py:208} INFO - Processing /home/airflow/.local/lib/python3.12/site-packages/airflow/example_dags/example_complex.py took 0.080 seconds
[2024-10-28T13:30:37.956+0000] {processor.py:186} INFO - Started process (PID=785) to work on /home/airflow/.local/lib/python3.12/site-packages/airflow/example_dags/example_complex.py
[2024-10-28T13:30:37.957+0000] {processor.py:914} INFO - Processing file /home/airflow/.local/lib/python3.12/site-packages/airflow/example_dags/example_complex.py for tasks to queue
[2024-10-28T13:30:37.959+0000] {logging_mixin.py:190} INFO - [2024-10-28T13:30:37.959+0000] {dagbag.py:588} INFO - Filling up the DagBag from /home/airflow/.local/lib/python3.12/site-packages/airflow/example_dags/example_complex.py
[2024-10-28T13:30:37.968+0000] {processor.py:925} INFO - DAG(s) 'example_complex' retrieved from /home/airflow/.local/lib/python3.12/site-packages/airflow/example_dags/example_complex.py
[2024-10-28T13:30:37.989+0000] {logging_mixin.py:190} INFO - [2024-10-28T13:30:37.989+0000] {dag.py:3239} INFO - Sync 1 DAGs
[2024-10-28T13:30:37.999+0000] {logging_mixin.py:190} INFO - [2024-10-28T13:30:37.999+0000] {dag.py:4180} INFO - Setting next_dagrun for example_complex to None, run_after=None
[2024-10-28T13:30:38.014+0000] {processor.py:208} INFO - Processing /home/airflow/.local/lib/python3.12/site-packages/airflow/example_dags/example_complex.py took 0.062 seconds
[2024-10-28T13:31:09.135+0000] {processor.py:186} INFO - Started process (PID=848) to work on /home/airflow/.local/lib/python3.12/site-packages/airflow/example_dags/example_complex.py
[2024-10-28T13:31:09.136+0000] {processor.py:914} INFO - Processing file /home/airflow/.local/lib/python3.12/site-packages/airflow/example_dags/example_complex.py for tasks to queue
[2024-10-28T13:31:09.138+0000] {logging_mixin.py:190} INFO - [2024-10-28T13:31:09.138+0000] {dagbag.py:588} INFO - Filling up the DagBag from /home/airflow/.local/lib/python3.12/site-packages/airflow/example_dags/example_complex.py
[2024-10-28T13:31:09.146+0000] {processor.py:925} INFO - DAG(s) 'example_complex' retrieved from /home/airflow/.local/lib/python3.12/site-packages/airflow/example_dags/example_complex.py
[2024-10-28T13:31:09.166+0000] {logging_mixin.py:190} INFO - [2024-10-28T13:31:09.166+0000] {dag.py:3239} INFO - Sync 1 DAGs
[2024-10-28T13:31:09.175+0000] {logging_mixin.py:190} INFO - [2024-10-28T13:31:09.175+0000] {dag.py:4180} INFO - Setting next_dagrun for example_complex to None, run_after=None
[2024-10-28T13:31:09.193+0000] {processor.py:208} INFO - Processing /home/airflow/.local/lib/python3.12/site-packages/airflow/example_dags/example_complex.py took 0.062 seconds
[2024-10-28T13:31:39.828+0000] {processor.py:186} INFO - Started process (PID=911) to work on /home/airflow/.local/lib/python3.12/site-packages/airflow/example_dags/example_complex.py
[2024-10-28T13:31:39.829+0000] {processor.py:914} INFO - Processing file /home/airflow/.local/lib/python3.12/site-packages/airflow/example_dags/example_complex.py for tasks to queue
[2024-10-28T13:31:39.830+0000] {logging_mixin.py:190} INFO - [2024-10-28T13:31:39.830+0000] {dagbag.py:588} INFO - Filling up the DagBag from /home/airflow/.local/lib/python3.12/site-packages/airflow/example_dags/example_complex.py
[2024-10-28T13:31:39.839+0000] {processor.py:925} INFO - DAG(s) 'example_complex' retrieved from /home/airflow/.local/lib/python3.12/site-packages/airflow/example_dags/example_complex.py
[2024-10-28T13:31:39.863+0000] {logging_mixin.py:190} INFO - [2024-10-28T13:31:39.862+0000] {dag.py:3239} INFO - Sync 1 DAGs
[2024-10-28T13:31:39.873+0000] {logging_mixin.py:190} INFO - [2024-10-28T13:31:39.873+0000] {dag.py:4180} INFO - Setting next_dagrun for example_complex to None, run_after=None
[2024-10-28T13:31:39.887+0000] {processor.py:208} INFO - Processing /home/airflow/.local/lib/python3.12/site-packages/airflow/example_dags/example_complex.py took 0.065 seconds
[2024-10-28T13:32:10.742+0000] {processor.py:186} INFO - Started process (PID=974) to work on /home/airflow/.local/lib/python3.12/site-packages/airflow/example_dags/example_complex.py
[2024-10-28T13:32:10.743+0000] {processor.py:914} INFO - Processing file /home/airflow/.local/lib/python3.12/site-packages/airflow/example_dags/example_complex.py for tasks to queue
[2024-10-28T13:32:10.745+0000] {logging_mixin.py:190} INFO - [2024-10-28T13:32:10.745+0000] {dagbag.py:588} INFO - Filling up the DagBag from /home/airflow/.local/lib/python3.12/site-packages/airflow/example_dags/example_complex.py
[2024-10-28T13:32:10.754+0000] {processor.py:925} INFO - DAG(s) 'example_complex' retrieved from /home/airflow/.local/lib/python3.12/site-packages/airflow/example_dags/example_complex.py
[2024-10-28T13:32:10.774+0000] {logging_mixin.py:190} INFO - [2024-10-28T13:32:10.774+0000] {dag.py:3239} INFO - Sync 1 DAGs
[2024-10-28T13:32:10.784+0000] {logging_mixin.py:190} INFO - [2024-10-28T13:32:10.784+0000] {dag.py:4180} INFO - Setting next_dagrun for example_complex to None, run_after=None
[2024-10-28T13:32:10.799+0000] {processor.py:208} INFO - Processing /home/airflow/.local/lib/python3.12/site-packages/airflow/example_dags/example_complex.py took 0.061 seconds
[2024-10-28T13:32:40.959+0000] {processor.py:186} INFO - Started process (PID=1037) to work on /home/airflow/.local/lib/python3.12/site-packages/airflow/example_dags/example_complex.py
[2024-10-28T13:32:40.960+0000] {processor.py:914} INFO - Processing file /home/airflow/.local/lib/python3.12/site-packages/airflow/example_dags/example_complex.py for tasks to queue
[2024-10-28T13:32:40.962+0000] {logging_mixin.py:190} INFO - [2024-10-28T13:32:40.962+0000] {dagbag.py:588} INFO - Filling up the DagBag from /home/airflow/.local/lib/python3.12/site-packages/airflow/example_dags/example_complex.py
[2024-10-28T13:32:40.971+0000] {processor.py:925} INFO - DAG(s) 'example_complex' retrieved from /home/airflow/.local/lib/python3.12/site-packages/airflow/example_dags/example_complex.py
[2024-10-28T13:32:40.992+0000] {logging_mixin.py:190} INFO - [2024-10-28T13:32:40.992+0000] {dag.py:3239} INFO - Sync 1 DAGs
[2024-10-28T13:32:41.002+0000] {logging_mixin.py:190} INFO - [2024-10-28T13:32:41.002+0000] {dag.py:4180} INFO - Setting next_dagrun for example_complex to None, run_after=None
[2024-10-28T13:32:41.016+0000] {processor.py:208} INFO - Processing /home/airflow/.local/lib/python3.12/site-packages/airflow/example_dags/example_complex.py took 0.061 seconds
[2024-10-28T13:33:11.271+0000] {processor.py:186} INFO - Started process (PID=1100) to work on /home/airflow/.local/lib/python3.12/site-packages/airflow/example_dags/example_complex.py
[2024-10-28T13:33:11.272+0000] {processor.py:914} INFO - Processing file /home/airflow/.local/lib/python3.12/site-packages/airflow/example_dags/example_complex.py for tasks to queue
[2024-10-28T13:33:11.274+0000] {logging_mixin.py:190} INFO - [2024-10-28T13:33:11.274+0000] {dagbag.py:588} INFO - Filling up the DagBag from /home/airflow/.local/lib/python3.12/site-packages/airflow/example_dags/example_complex.py
[2024-10-28T13:33:11.282+0000] {processor.py:925} INFO - DAG(s) 'example_complex' retrieved from /home/airflow/.local/lib/python3.12/site-packages/airflow/example_dags/example_complex.py
[2024-10-28T13:33:11.302+0000] {logging_mixin.py:190} INFO - [2024-10-28T13:33:11.302+0000] {dag.py:3239} INFO - Sync 1 DAGs
[2024-10-28T13:33:11.312+0000] {logging_mixin.py:190} INFO - [2024-10-28T13:33:11.312+0000] {dag.py:4180} INFO - Setting next_dagrun for example_complex to None, run_after=None
[2024-10-28T13:33:11.331+0000] {processor.py:208} INFO - Processing /home/airflow/.local/lib/python3.12/site-packages/airflow/example_dags/example_complex.py took 0.064 seconds
[2024-10-28T13:33:41.967+0000] {processor.py:186} INFO - Started process (PID=1163) to work on /home/airflow/.local/lib/python3.12/site-packages/airflow/example_dags/example_complex.py
[2024-10-28T13:33:41.968+0000] {processor.py:914} INFO - Processing file /home/airflow/.local/lib/python3.12/site-packages/airflow/example_dags/example_complex.py for tasks to queue
[2024-10-28T13:33:41.970+0000] {logging_mixin.py:190} INFO - [2024-10-28T13:33:41.970+0000] {dagbag.py:588} INFO - Filling up the DagBag from /home/airflow/.local/lib/python3.12/site-packages/airflow/example_dags/example_complex.py
[2024-10-28T13:33:41.978+0000] {processor.py:925} INFO - DAG(s) 'example_complex' retrieved from /home/airflow/.local/lib/python3.12/site-packages/airflow/example_dags/example_complex.py
[2024-10-28T13:33:41.999+0000] {logging_mixin.py:190} INFO - [2024-10-28T13:33:41.999+0000] {dag.py:3239} INFO - Sync 1 DAGs
[2024-10-28T13:33:42.012+0000] {logging_mixin.py:190} INFO - [2024-10-28T13:33:42.011+0000] {dag.py:4180} INFO - Setting next_dagrun for example_complex to None, run_after=None
[2024-10-28T13:33:42.026+0000] {processor.py:208} INFO - Processing /home/airflow/.local/lib/python3.12/site-packages/airflow/example_dags/example_complex.py took 0.064 seconds
[2024-10-28T13:34:12.705+0000] {processor.py:186} INFO - Started process (PID=1226) to work on /home/airflow/.local/lib/python3.12/site-packages/airflow/example_dags/example_complex.py
[2024-10-28T13:34:12.707+0000] {processor.py:914} INFO - Processing file /home/airflow/.local/lib/python3.12/site-packages/airflow/example_dags/example_complex.py for tasks to queue
[2024-10-28T13:34:12.710+0000] {logging_mixin.py:190} INFO - [2024-10-28T13:34:12.710+0000] {dagbag.py:588} INFO - Filling up the DagBag from /home/airflow/.local/lib/python3.12/site-packages/airflow/example_dags/example_complex.py
[2024-10-28T13:34:12.722+0000] {processor.py:925} INFO - DAG(s) 'example_complex' retrieved from /home/airflow/.local/lib/python3.12/site-packages/airflow/example_dags/example_complex.py
[2024-10-28T13:34:12.746+0000] {logging_mixin.py:190} INFO - [2024-10-28T13:34:12.746+0000] {dag.py:3239} INFO - Sync 1 DAGs
[2024-10-28T13:34:12.756+0000] {logging_mixin.py:190} INFO - [2024-10-28T13:34:12.756+0000] {dag.py:4180} INFO - Setting next_dagrun for example_complex to None, run_after=None
[2024-10-28T13:34:12.772+0000] {processor.py:208} INFO - Processing /home/airflow/.local/lib/python3.12/site-packages/airflow/example_dags/example_complex.py took 0.075 seconds
[2024-10-28T13:34:43.388+0000] {processor.py:186} INFO - Started process (PID=1289) to work on /home/airflow/.local/lib/python3.12/site-packages/airflow/example_dags/example_complex.py
[2024-10-28T13:34:43.390+0000] {processor.py:914} INFO - Processing file /home/airflow/.local/lib/python3.12/site-packages/airflow/example_dags/example_complex.py for tasks to queue
[2024-10-28T13:34:43.392+0000] {logging_mixin.py:190} INFO - [2024-10-28T13:34:43.392+0000] {dagbag.py:588} INFO - Filling up the DagBag from /home/airflow/.local/lib/python3.12/site-packages/airflow/example_dags/example_complex.py
[2024-10-28T13:34:43.401+0000] {processor.py:925} INFO - DAG(s) 'example_complex' retrieved from /home/airflow/.local/lib/python3.12/site-packages/airflow/example_dags/example_complex.py
[2024-10-28T13:34:43.424+0000] {logging_mixin.py:190} INFO - [2024-10-28T13:34:43.424+0000] {dag.py:3239} INFO - Sync 1 DAGs
[2024-10-28T13:34:43.436+0000] {logging_mixin.py:190} INFO - [2024-10-28T13:34:43.435+0000] {dag.py:4180} INFO - Setting next_dagrun for example_complex to None, run_after=None
[2024-10-28T13:34:43.452+0000] {processor.py:208} INFO - Processing /home/airflow/.local/lib/python3.12/site-packages/airflow/example_dags/example_complex.py took 0.071 seconds
[2024-10-28T13:35:14.321+0000] {processor.py:186} INFO - Started process (PID=1352) to work on /home/airflow/.local/lib/python3.12/site-packages/airflow/example_dags/example_complex.py
[2024-10-28T13:35:14.324+0000] {processor.py:914} INFO - Processing file /home/airflow/.local/lib/python3.12/site-packages/airflow/example_dags/example_complex.py for tasks to queue
[2024-10-28T13:35:14.326+0000] {logging_mixin.py:190} INFO - [2024-10-28T13:35:14.326+0000] {dagbag.py:588} INFO - Filling up the DagBag from /home/airflow/.local/lib/python3.12/site-packages/airflow/example_dags/example_complex.py
[2024-10-28T13:35:14.338+0000] {processor.py:925} INFO - DAG(s) 'example_complex' retrieved from /home/airflow/.local/lib/python3.12/site-packages/airflow/example_dags/example_complex.py
[2024-10-28T13:35:14.360+0000] {logging_mixin.py:190} INFO - [2024-10-28T13:35:14.360+0000] {dag.py:3239} INFO - Sync 1 DAGs
[2024-10-28T13:35:14.370+0000] {logging_mixin.py:190} INFO - [2024-10-28T13:35:14.370+0000] {dag.py:4180} INFO - Setting next_dagrun for example_complex to None, run_after=None
[2024-10-28T13:35:14.414+0000] {processor.py:208} INFO - Processing /home/airflow/.local/lib/python3.12/site-packages/airflow/example_dags/example_complex.py took 0.097 seconds
[2024-10-28T13:35:45.041+0000] {processor.py:186} INFO - Started process (PID=1415) to work on /home/airflow/.local/lib/python3.12/site-packages/airflow/example_dags/example_complex.py
[2024-10-28T13:35:45.042+0000] {processor.py:914} INFO - Processing file /home/airflow/.local/lib/python3.12/site-packages/airflow/example_dags/example_complex.py for tasks to queue
[2024-10-28T13:35:45.045+0000] {logging_mixin.py:190} INFO - [2024-10-28T13:35:45.044+0000] {dagbag.py:588} INFO - Filling up the DagBag from /home/airflow/.local/lib/python3.12/site-packages/airflow/example_dags/example_complex.py
[2024-10-28T13:35:45.053+0000] {processor.py:925} INFO - DAG(s) 'example_complex' retrieved from /home/airflow/.local/lib/python3.12/site-packages/airflow/example_dags/example_complex.py
[2024-10-28T13:35:45.076+0000] {logging_mixin.py:190} INFO - [2024-10-28T13:35:45.076+0000] {dag.py:3239} INFO - Sync 1 DAGs
[2024-10-28T13:35:45.090+0000] {logging_mixin.py:190} INFO - [2024-10-28T13:35:45.089+0000] {dag.py:4180} INFO - Setting next_dagrun for example_complex to None, run_after=None
[2024-10-28T13:35:45.112+0000] {processor.py:208} INFO - Processing /home/airflow/.local/lib/python3.12/site-packages/airflow/example_dags/example_complex.py took 0.075 seconds
[2024-10-28T13:36:15.776+0000] {processor.py:186} INFO - Started process (PID=1478) to work on /home/airflow/.local/lib/python3.12/site-packages/airflow/example_dags/example_complex.py
[2024-10-28T13:36:15.778+0000] {processor.py:914} INFO - Processing file /home/airflow/.local/lib/python3.12/site-packages/airflow/example_dags/example_complex.py for tasks to queue
[2024-10-28T13:36:15.780+0000] {logging_mixin.py:190} INFO - [2024-10-28T13:36:15.779+0000] {dagbag.py:588} INFO - Filling up the DagBag from /home/airflow/.local/lib/python3.12/site-packages/airflow/example_dags/example_complex.py
[2024-10-28T13:36:15.788+0000] {processor.py:925} INFO - DAG(s) 'example_complex' retrieved from /home/airflow/.local/lib/python3.12/site-packages/airflow/example_dags/example_complex.py
[2024-10-28T13:36:15.809+0000] {logging_mixin.py:190} INFO - [2024-10-28T13:36:15.809+0000] {dag.py:3239} INFO - Sync 1 DAGs
[2024-10-28T13:36:15.821+0000] {logging_mixin.py:190} INFO - [2024-10-28T13:36:15.821+0000] {dag.py:4180} INFO - Setting next_dagrun for example_complex to None, run_after=None
[2024-10-28T13:36:15.837+0000] {processor.py:208} INFO - Processing /home/airflow/.local/lib/python3.12/site-packages/airflow/example_dags/example_complex.py took 0.065 seconds
[2024-10-28T13:36:45.864+0000] {processor.py:186} INFO - Started process (PID=1541) to work on /home/airflow/.local/lib/python3.12/site-packages/airflow/example_dags/example_complex.py
[2024-10-28T13:36:45.865+0000] {processor.py:914} INFO - Processing file /home/airflow/.local/lib/python3.12/site-packages/airflow/example_dags/example_complex.py for tasks to queue
[2024-10-28T13:36:45.867+0000] {logging_mixin.py:190} INFO - [2024-10-28T13:36:45.867+0000] {dagbag.py:588} INFO - Filling up the DagBag from /home/airflow/.local/lib/python3.12/site-packages/airflow/example_dags/example_complex.py
[2024-10-28T13:36:45.875+0000] {processor.py:925} INFO - DAG(s) 'example_complex' retrieved from /home/airflow/.local/lib/python3.12/site-packages/airflow/example_dags/example_complex.py
[2024-10-28T13:36:45.898+0000] {logging_mixin.py:190} INFO - [2024-10-28T13:36:45.898+0000] {dag.py:3239} INFO - Sync 1 DAGs
[2024-10-28T13:36:45.909+0000] {logging_mixin.py:190} INFO - [2024-10-28T13:36:45.909+0000] {dag.py:4180} INFO - Setting next_dagrun for example_complex to None, run_after=None
[2024-10-28T13:36:45.923+0000] {processor.py:208} INFO - Processing /home/airflow/.local/lib/python3.12/site-packages/airflow/example_dags/example_complex.py took 0.063 seconds
[2024-10-28T13:37:16.222+0000] {processor.py:186} INFO - Started process (PID=1604) to work on /home/airflow/.local/lib/python3.12/site-packages/airflow/example_dags/example_complex.py
[2024-10-28T13:37:16.223+0000] {processor.py:914} INFO - Processing file /home/airflow/.local/lib/python3.12/site-packages/airflow/example_dags/example_complex.py for tasks to queue
[2024-10-28T13:37:16.224+0000] {logging_mixin.py:190} INFO - [2024-10-28T13:37:16.224+0000] {dagbag.py:588} INFO - Filling up the DagBag from /home/airflow/.local/lib/python3.12/site-packages/airflow/example_dags/example_complex.py
[2024-10-28T13:37:16.232+0000] {processor.py:925} INFO - DAG(s) 'example_complex' retrieved from /home/airflow/.local/lib/python3.12/site-packages/airflow/example_dags/example_complex.py
[2024-10-28T13:37:16.252+0000] {logging_mixin.py:190} INFO - [2024-10-28T13:37:16.252+0000] {dag.py:3239} INFO - Sync 1 DAGs
[2024-10-28T13:37:16.262+0000] {logging_mixin.py:190} INFO - [2024-10-28T13:37:16.262+0000] {dag.py:4180} INFO - Setting next_dagrun for example_complex to None, run_after=None
[2024-10-28T13:37:16.275+0000] {processor.py:208} INFO - Processing /home/airflow/.local/lib/python3.12/site-packages/airflow/example_dags/example_complex.py took 0.058 seconds
[2024-10-28T13:37:46.854+0000] {processor.py:186} INFO - Started process (PID=1667) to work on /home/airflow/.local/lib/python3.12/site-packages/airflow/example_dags/example_complex.py
[2024-10-28T13:37:46.855+0000] {processor.py:914} INFO - Processing file /home/airflow/.local/lib/python3.12/site-packages/airflow/example_dags/example_complex.py for tasks to queue
[2024-10-28T13:37:46.857+0000] {logging_mixin.py:190} INFO - [2024-10-28T13:37:46.857+0000] {dagbag.py:588} INFO - Filling up the DagBag from /home/airflow/.local/lib/python3.12/site-packages/airflow/example_dags/example_complex.py
[2024-10-28T13:37:46.865+0000] {processor.py:925} INFO - DAG(s) 'example_complex' retrieved from /home/airflow/.local/lib/python3.12/site-packages/airflow/example_dags/example_complex.py
[2024-10-28T13:37:46.886+0000] {logging_mixin.py:190} INFO - [2024-10-28T13:37:46.886+0000] {dag.py:3239} INFO - Sync 1 DAGs
[2024-10-28T13:37:46.897+0000] {logging_mixin.py:190} INFO - [2024-10-28T13:37:46.896+0000] {dag.py:4180} INFO - Setting next_dagrun for example_complex to None, run_after=None
[2024-10-28T13:37:46.910+0000] {processor.py:208} INFO - Processing /home/airflow/.local/lib/python3.12/site-packages/airflow/example_dags/example_complex.py took 0.060 seconds
[2024-10-28T13:38:17.483+0000] {processor.py:186} INFO - Started process (PID=1730) to work on /home/airflow/.local/lib/python3.12/site-packages/airflow/example_dags/example_complex.py
[2024-10-28T13:38:17.484+0000] {processor.py:914} INFO - Processing file /home/airflow/.local/lib/python3.12/site-packages/airflow/example_dags/example_complex.py for tasks to queue
[2024-10-28T13:38:17.485+0000] {logging_mixin.py:190} INFO - [2024-10-28T13:38:17.485+0000] {dagbag.py:588} INFO - Filling up the DagBag from /home/airflow/.local/lib/python3.12/site-packages/airflow/example_dags/example_complex.py
[2024-10-28T13:38:17.495+0000] {processor.py:925} INFO - DAG(s) 'example_complex' retrieved from /home/airflow/.local/lib/python3.12/site-packages/airflow/example_dags/example_complex.py
[2024-10-28T13:38:17.517+0000] {logging_mixin.py:190} INFO - [2024-10-28T13:38:17.517+0000] {dag.py:3239} INFO - Sync 1 DAGs
[2024-10-28T13:38:17.527+0000] {logging_mixin.py:190} INFO - [2024-10-28T13:38:17.527+0000] {dag.py:4180} INFO - Setting next_dagrun for example_complex to None, run_after=None
[2024-10-28T13:38:17.544+0000] {processor.py:208} INFO - Processing /home/airflow/.local/lib/python3.12/site-packages/airflow/example_dags/example_complex.py took 0.066 seconds
[2024-10-28T13:38:47.966+0000] {processor.py:186} INFO - Started process (PID=1793) to work on /home/airflow/.local/lib/python3.12/site-packages/airflow/example_dags/example_complex.py
[2024-10-28T13:38:47.967+0000] {processor.py:914} INFO - Processing file /home/airflow/.local/lib/python3.12/site-packages/airflow/example_dags/example_complex.py for tasks to queue
[2024-10-28T13:38:47.969+0000] {logging_mixin.py:190} INFO - [2024-10-28T13:38:47.968+0000] {dagbag.py:588} INFO - Filling up the DagBag from /home/airflow/.local/lib/python3.12/site-packages/airflow/example_dags/example_complex.py
[2024-10-28T13:38:47.977+0000] {processor.py:925} INFO - DAG(s) 'example_complex' retrieved from /home/airflow/.local/lib/python3.12/site-packages/airflow/example_dags/example_complex.py
[2024-10-28T13:38:47.997+0000] {logging_mixin.py:190} INFO - [2024-10-28T13:38:47.997+0000] {dag.py:3239} INFO - Sync 1 DAGs
[2024-10-28T13:38:48.007+0000] {logging_mixin.py:190} INFO - [2024-10-28T13:38:48.007+0000] {dag.py:4180} INFO - Setting next_dagrun for example_complex to None, run_after=None
[2024-10-28T13:38:48.025+0000] {processor.py:208} INFO - Processing /home/airflow/.local/lib/python3.12/site-packages/airflow/example_dags/example_complex.py took 0.064 seconds
[2024-10-28T13:39:18.479+0000] {processor.py:186} INFO - Started process (PID=1856) to work on /home/airflow/.local/lib/python3.12/site-packages/airflow/example_dags/example_complex.py
[2024-10-28T13:39:18.479+0000] {processor.py:914} INFO - Processing file /home/airflow/.local/lib/python3.12/site-packages/airflow/example_dags/example_complex.py for tasks to queue
[2024-10-28T13:39:18.482+0000] {logging_mixin.py:190} INFO - [2024-10-28T13:39:18.481+0000] {dagbag.py:588} INFO - Filling up the DagBag from /home/airflow/.local/lib/python3.12/site-packages/airflow/example_dags/example_complex.py
[2024-10-28T13:39:18.490+0000] {processor.py:925} INFO - DAG(s) 'example_complex' retrieved from /home/airflow/.local/lib/python3.12/site-packages/airflow/example_dags/example_complex.py
[2024-10-28T13:39:18.511+0000] {logging_mixin.py:190} INFO - [2024-10-28T13:39:18.511+0000] {dag.py:3239} INFO - Sync 1 DAGs
[2024-10-28T13:39:18.521+0000] {logging_mixin.py:190} INFO - [2024-10-28T13:39:18.521+0000] {dag.py:4180} INFO - Setting next_dagrun for example_complex to None, run_after=None
[2024-10-28T13:39:18.535+0000] {processor.py:208} INFO - Processing /home/airflow/.local/lib/python3.12/site-packages/airflow/example_dags/example_complex.py took 0.061 seconds
[2024-10-28T13:39:49.245+0000] {processor.py:186} INFO - Started process (PID=1919) to work on /home/airflow/.local/lib/python3.12/site-packages/airflow/example_dags/example_complex.py
[2024-10-28T13:39:49.246+0000] {processor.py:914} INFO - Processing file /home/airflow/.local/lib/python3.12/site-packages/airflow/example_dags/example_complex.py for tasks to queue
[2024-10-28T13:39:49.248+0000] {logging_mixin.py:190} INFO - [2024-10-28T13:39:49.248+0000] {dagbag.py:588} INFO - Filling up the DagBag from /home/airflow/.local/lib/python3.12/site-packages/airflow/example_dags/example_complex.py
[2024-10-28T13:39:49.258+0000] {processor.py:925} INFO - DAG(s) 'example_complex' retrieved from /home/airflow/.local/lib/python3.12/site-packages/airflow/example_dags/example_complex.py
[2024-10-28T13:39:49.285+0000] {logging_mixin.py:190} INFO - [2024-10-28T13:39:49.285+0000] {dag.py:3239} INFO - Sync 1 DAGs
[2024-10-28T13:39:49.297+0000] {logging_mixin.py:190} INFO - [2024-10-28T13:39:49.297+0000] {dag.py:4180} INFO - Setting next_dagrun for example_complex to None, run_after=None
[2024-10-28T13:39:49.314+0000] {processor.py:208} INFO - Processing /home/airflow/.local/lib/python3.12/site-packages/airflow/example_dags/example_complex.py took 0.074 seconds
[2024-10-28T13:40:19.592+0000] {processor.py:186} INFO - Started process (PID=1982) to work on /home/airflow/.local/lib/python3.12/site-packages/airflow/example_dags/example_complex.py
[2024-10-28T13:40:19.594+0000] {processor.py:914} INFO - Processing file /home/airflow/.local/lib/python3.12/site-packages/airflow/example_dags/example_complex.py for tasks to queue
[2024-10-28T13:40:19.595+0000] {logging_mixin.py:190} INFO - [2024-10-28T13:40:19.595+0000] {dagbag.py:588} INFO - Filling up the DagBag from /home/airflow/.local/lib/python3.12/site-packages/airflow/example_dags/example_complex.py
[2024-10-28T13:40:19.613+0000] {processor.py:925} INFO - DAG(s) 'example_complex' retrieved from /home/airflow/.local/lib/python3.12/site-packages/airflow/example_dags/example_complex.py
[2024-10-28T13:40:19.638+0000] {logging_mixin.py:190} INFO - [2024-10-28T13:40:19.637+0000] {dag.py:3239} INFO - Sync 1 DAGs
[2024-10-28T13:40:19.647+0000] {logging_mixin.py:190} INFO - [2024-10-28T13:40:19.647+0000] {dag.py:4180} INFO - Setting next_dagrun for example_complex to None, run_after=None
[2024-10-28T13:40:19.673+0000] {processor.py:208} INFO - Processing /home/airflow/.local/lib/python3.12/site-packages/airflow/example_dags/example_complex.py took 0.085 seconds
[2024-10-28T13:40:50.289+0000] {processor.py:186} INFO - Started process (PID=2045) to work on /home/airflow/.local/lib/python3.12/site-packages/airflow/example_dags/example_complex.py
[2024-10-28T13:40:50.290+0000] {processor.py:914} INFO - Processing file /home/airflow/.local/lib/python3.12/site-packages/airflow/example_dags/example_complex.py for tasks to queue
[2024-10-28T13:40:50.292+0000] {logging_mixin.py:190} INFO - [2024-10-28T13:40:50.292+0000] {dagbag.py:588} INFO - Filling up the DagBag from /home/airflow/.local/lib/python3.12/site-packages/airflow/example_dags/example_complex.py
[2024-10-28T13:40:50.302+0000] {processor.py:925} INFO - DAG(s) 'example_complex' retrieved from /home/airflow/.local/lib/python3.12/site-packages/airflow/example_dags/example_complex.py
[2024-10-28T13:40:50.330+0000] {logging_mixin.py:190} INFO - [2024-10-28T13:40:50.330+0000] {dag.py:3239} INFO - Sync 1 DAGs
[2024-10-28T13:40:50.342+0000] {logging_mixin.py:190} INFO - [2024-10-28T13:40:50.341+0000] {dag.py:4180} INFO - Setting next_dagrun for example_complex to None, run_after=None
[2024-10-28T13:40:50.361+0000] {processor.py:208} INFO - Processing /home/airflow/.local/lib/python3.12/site-packages/airflow/example_dags/example_complex.py took 0.077 seconds
[2024-10-28T13:41:21.405+0000] {processor.py:186} INFO - Started process (PID=2108) to work on /home/airflow/.local/lib/python3.12/site-packages/airflow/example_dags/example_complex.py
[2024-10-28T13:41:21.407+0000] {processor.py:914} INFO - Processing file /home/airflow/.local/lib/python3.12/site-packages/airflow/example_dags/example_complex.py for tasks to queue
[2024-10-28T13:41:21.410+0000] {logging_mixin.py:190} INFO - [2024-10-28T13:41:21.410+0000] {dagbag.py:588} INFO - Filling up the DagBag from /home/airflow/.local/lib/python3.12/site-packages/airflow/example_dags/example_complex.py
[2024-10-28T13:41:21.422+0000] {processor.py:925} INFO - DAG(s) 'example_complex' retrieved from /home/airflow/.local/lib/python3.12/site-packages/airflow/example_dags/example_complex.py
[2024-10-28T13:41:21.452+0000] {logging_mixin.py:190} INFO - [2024-10-28T13:41:21.452+0000] {dag.py:3239} INFO - Sync 1 DAGs
[2024-10-28T13:41:21.464+0000] {logging_mixin.py:190} INFO - [2024-10-28T13:41:21.464+0000] {dag.py:4180} INFO - Setting next_dagrun for example_complex to None, run_after=None
[2024-10-28T13:41:21.482+0000] {processor.py:208} INFO - Processing /home/airflow/.local/lib/python3.12/site-packages/airflow/example_dags/example_complex.py took 0.081 seconds
[2024-10-28T13:41:52.180+0000] {processor.py:186} INFO - Started process (PID=2171) to work on /home/airflow/.local/lib/python3.12/site-packages/airflow/example_dags/example_complex.py
[2024-10-28T13:41:52.181+0000] {processor.py:914} INFO - Processing file /home/airflow/.local/lib/python3.12/site-packages/airflow/example_dags/example_complex.py for tasks to queue
[2024-10-28T13:41:52.183+0000] {logging_mixin.py:190} INFO - [2024-10-28T13:41:52.183+0000] {dagbag.py:588} INFO - Filling up the DagBag from /home/airflow/.local/lib/python3.12/site-packages/airflow/example_dags/example_complex.py
[2024-10-28T13:41:52.194+0000] {processor.py:925} INFO - DAG(s) 'example_complex' retrieved from /home/airflow/.local/lib/python3.12/site-packages/airflow/example_dags/example_complex.py
[2024-10-28T13:41:52.220+0000] {logging_mixin.py:190} INFO - [2024-10-28T13:41:52.220+0000] {dag.py:3239} INFO - Sync 1 DAGs
[2024-10-28T13:41:52.231+0000] {logging_mixin.py:190} INFO - [2024-10-28T13:41:52.231+0000] {dag.py:4180} INFO - Setting next_dagrun for example_complex to None, run_after=None
[2024-10-28T13:41:52.246+0000] {processor.py:208} INFO - Processing /home/airflow/.local/lib/python3.12/site-packages/airflow/example_dags/example_complex.py took 0.070 seconds
[2024-10-28T13:42:22.995+0000] {processor.py:186} INFO - Started process (PID=2234) to work on /home/airflow/.local/lib/python3.12/site-packages/airflow/example_dags/example_complex.py
[2024-10-28T13:42:22.996+0000] {processor.py:914} INFO - Processing file /home/airflow/.local/lib/python3.12/site-packages/airflow/example_dags/example_complex.py for tasks to queue
[2024-10-28T13:42:22.997+0000] {logging_mixin.py:190} INFO - [2024-10-28T13:42:22.996+0000] {dagbag.py:588} INFO - Filling up the DagBag from /home/airflow/.local/lib/python3.12/site-packages/airflow/example_dags/example_complex.py
[2024-10-28T13:42:23.005+0000] {processor.py:925} INFO - DAG(s) 'example_complex' retrieved from /home/airflow/.local/lib/python3.12/site-packages/airflow/example_dags/example_complex.py
[2024-10-28T13:42:23.031+0000] {logging_mixin.py:190} INFO - [2024-10-28T13:42:23.030+0000] {dag.py:3239} INFO - Sync 1 DAGs
[2024-10-28T13:42:23.042+0000] {logging_mixin.py:190} INFO - [2024-10-28T13:42:23.041+0000] {dag.py:4180} INFO - Setting next_dagrun for example_complex to None, run_after=None
[2024-10-28T13:42:23.056+0000] {processor.py:208} INFO - Processing /home/airflow/.local/lib/python3.12/site-packages/airflow/example_dags/example_complex.py took 0.066 seconds
[2024-10-28T13:42:54.208+0000] {processor.py:186} INFO - Started process (PID=2296) to work on /home/airflow/.local/lib/python3.12/site-packages/airflow/example_dags/example_complex.py
[2024-10-28T13:42:54.209+0000] {processor.py:914} INFO - Processing file /home/airflow/.local/lib/python3.12/site-packages/airflow/example_dags/example_complex.py for tasks to queue
[2024-10-28T13:42:54.211+0000] {logging_mixin.py:190} INFO - [2024-10-28T13:42:54.210+0000] {dagbag.py:588} INFO - Filling up the DagBag from /home/airflow/.local/lib/python3.12/site-packages/airflow/example_dags/example_complex.py
[2024-10-28T13:42:54.219+0000] {processor.py:925} INFO - DAG(s) 'example_complex' retrieved from /home/airflow/.local/lib/python3.12/site-packages/airflow/example_dags/example_complex.py
[2024-10-28T13:42:54.241+0000] {logging_mixin.py:190} INFO - [2024-10-28T13:42:54.241+0000] {dag.py:3239} INFO - Sync 1 DAGs
[2024-10-28T13:42:54.252+0000] {logging_mixin.py:190} INFO - [2024-10-28T13:42:54.252+0000] {dag.py:4180} INFO - Setting next_dagrun for example_complex to None, run_after=None
[2024-10-28T13:42:54.267+0000] {processor.py:208} INFO - Processing /home/airflow/.local/lib/python3.12/site-packages/airflow/example_dags/example_complex.py took 0.063 seconds
[2024-10-28T13:43:24.856+0000] {processor.py:186} INFO - Started process (PID=2358) to work on /home/airflow/.local/lib/python3.12/site-packages/airflow/example_dags/example_complex.py
[2024-10-28T13:43:24.857+0000] {processor.py:914} INFO - Processing file /home/airflow/.local/lib/python3.12/site-packages/airflow/example_dags/example_complex.py for tasks to queue
[2024-10-28T13:43:24.858+0000] {logging_mixin.py:190} INFO - [2024-10-28T13:43:24.857+0000] {dagbag.py:588} INFO - Filling up the DagBag from /home/airflow/.local/lib/python3.12/site-packages/airflow/example_dags/example_complex.py
[2024-10-28T13:43:24.866+0000] {processor.py:925} INFO - DAG(s) 'example_complex' retrieved from /home/airflow/.local/lib/python3.12/site-packages/airflow/example_dags/example_complex.py
[2024-10-28T13:43:24.887+0000] {logging_mixin.py:190} INFO - [2024-10-28T13:43:24.887+0000] {dag.py:3239} INFO - Sync 1 DAGs
[2024-10-28T13:43:24.899+0000] {logging_mixin.py:190} INFO - [2024-10-28T13:43:24.898+0000] {dag.py:4180} INFO - Setting next_dagrun for example_complex to None, run_after=None
[2024-10-28T13:43:24.915+0000] {processor.py:208} INFO - Processing /home/airflow/.local/lib/python3.12/site-packages/airflow/example_dags/example_complex.py took 0.063 seconds
[2024-10-28T13:43:55.440+0000] {processor.py:186} INFO - Started process (PID=2420) to work on /home/airflow/.local/lib/python3.12/site-packages/airflow/example_dags/example_complex.py
[2024-10-28T13:43:55.441+0000] {processor.py:914} INFO - Processing file /home/airflow/.local/lib/python3.12/site-packages/airflow/example_dags/example_complex.py for tasks to queue
[2024-10-28T13:43:55.443+0000] {logging_mixin.py:190} INFO - [2024-10-28T13:43:55.442+0000] {dagbag.py:588} INFO - Filling up the DagBag from /home/airflow/.local/lib/python3.12/site-packages/airflow/example_dags/example_complex.py
[2024-10-28T13:43:55.452+0000] {processor.py:925} INFO - DAG(s) 'example_complex' retrieved from /home/airflow/.local/lib/python3.12/site-packages/airflow/example_dags/example_complex.py
[2024-10-28T13:43:55.475+0000] {logging_mixin.py:190} INFO - [2024-10-28T13:43:55.475+0000] {dag.py:3239} INFO - Sync 1 DAGs
[2024-10-28T13:43:55.486+0000] {logging_mixin.py:190} INFO - [2024-10-28T13:43:55.486+0000] {dag.py:4180} INFO - Setting next_dagrun for example_complex to None, run_after=None
[2024-10-28T13:43:55.502+0000] {processor.py:208} INFO - Processing /home/airflow/.local/lib/python3.12/site-packages/airflow/example_dags/example_complex.py took 0.067 seconds
