[2024-10-28T13:21:15.396+0000] {processor.py:186} INFO - Started process (PID=69) to work on /home/airflow/.local/lib/python3.12/site-packages/airflow/example_dags/example_dataset_alias.py
[2024-10-28T13:21:15.397+0000] {processor.py:914} INFO - Processing file /home/airflow/.local/lib/python3.12/site-packages/airflow/example_dags/example_dataset_alias.py for tasks to queue
[2024-10-28T13:21:15.400+0000] {logging_mixin.py:190} INFO - [2024-10-28T13:21:15.400+0000] {dagbag.py:588} INFO - Filling up the DagBag from /home/airflow/.local/lib/python3.12/site-packages/airflow/example_dags/example_dataset_alias.py
[2024-10-28T13:21:15.545+0000] {processor.py:925} INFO - DAG(s) 'dataset_alias_example_alias_consumer', 'dataset_alias_example_alias_producer', 'dataset_s3_bucket_producer', 'dataset_s3_bucket_consumer' retrieved from /home/airflow/.local/lib/python3.12/site-packages/airflow/example_dags/example_dataset_alias.py
[2024-10-28T13:21:15.628+0000] {logging_mixin.py:190} INFO - [2024-10-28T13:21:15.627+0000] {override.py:1900} INFO - Created Permission View: can delete on DAG:dataset_alias_example_alias_consumer
[2024-10-28T13:21:15.637+0000] {logging_mixin.py:190} INFO - [2024-10-28T13:21:15.637+0000] {override.py:1900} INFO - Created Permission View: can edit on DAG:dataset_alias_example_alias_consumer
[2024-10-28T13:21:15.645+0000] {logging_mixin.py:190} INFO - [2024-10-28T13:21:15.645+0000] {override.py:1900} INFO - Created Permission View: can read on DAG:dataset_alias_example_alias_consumer
[2024-10-28T13:21:15.657+0000] {logging_mixin.py:190} INFO - [2024-10-28T13:21:15.656+0000] {override.py:1900} INFO - Created Permission View: can create on DAG Run:dataset_alias_example_alias_consumer
[2024-10-28T13:21:15.668+0000] {logging_mixin.py:190} INFO - [2024-10-28T13:21:15.668+0000] {override.py:1900} INFO - Created Permission View: menu access on DAG Run:dataset_alias_example_alias_consumer
[2024-10-28T13:21:15.677+0000] {logging_mixin.py:190} INFO - [2024-10-28T13:21:15.677+0000] {override.py:1900} INFO - Created Permission View: can read on DAG Run:dataset_alias_example_alias_consumer
[2024-10-28T13:21:15.686+0000] {logging_mixin.py:190} INFO - [2024-10-28T13:21:15.686+0000] {override.py:1900} INFO - Created Permission View: can delete on DAG Run:dataset_alias_example_alias_consumer
[2024-10-28T13:21:15.701+0000] {logging_mixin.py:190} INFO - [2024-10-28T13:21:15.701+0000] {override.py:1900} INFO - Created Permission View: can delete on DAG:dataset_alias_example_alias_producer
[2024-10-28T13:21:15.709+0000] {logging_mixin.py:190} INFO - [2024-10-28T13:21:15.709+0000] {override.py:1900} INFO - Created Permission View: can edit on DAG:dataset_alias_example_alias_producer
[2024-10-28T13:21:15.717+0000] {logging_mixin.py:190} INFO - [2024-10-28T13:21:15.717+0000] {override.py:1900} INFO - Created Permission View: can read on DAG:dataset_alias_example_alias_producer
[2024-10-28T13:21:15.727+0000] {logging_mixin.py:190} INFO - [2024-10-28T13:21:15.727+0000] {override.py:1900} INFO - Created Permission View: can create on DAG Run:dataset_alias_example_alias_producer
[2024-10-28T13:21:15.736+0000] {logging_mixin.py:190} INFO - [2024-10-28T13:21:15.735+0000] {override.py:1900} INFO - Created Permission View: menu access on DAG Run:dataset_alias_example_alias_producer
[2024-10-28T13:21:15.742+0000] {logging_mixin.py:190} INFO - [2024-10-28T13:21:15.742+0000] {override.py:1900} INFO - Created Permission View: can read on DAG Run:dataset_alias_example_alias_producer
[2024-10-28T13:21:15.750+0000] {logging_mixin.py:190} INFO - [2024-10-28T13:21:15.750+0000] {override.py:1900} INFO - Created Permission View: can delete on DAG Run:dataset_alias_example_alias_producer
[2024-10-28T13:21:15.766+0000] {logging_mixin.py:190} INFO - [2024-10-28T13:21:15.766+0000] {override.py:1900} INFO - Created Permission View: can delete on DAG:dataset_s3_bucket_producer
[2024-10-28T13:21:15.775+0000] {logging_mixin.py:190} INFO - [2024-10-28T13:21:15.774+0000] {override.py:1900} INFO - Created Permission View: can edit on DAG:dataset_s3_bucket_producer
[2024-10-28T13:21:15.783+0000] {logging_mixin.py:190} INFO - [2024-10-28T13:21:15.783+0000] {override.py:1900} INFO - Created Permission View: can read on DAG:dataset_s3_bucket_producer
[2024-10-28T13:21:15.794+0000] {logging_mixin.py:190} INFO - [2024-10-28T13:21:15.794+0000] {override.py:1900} INFO - Created Permission View: can create on DAG Run:dataset_s3_bucket_producer
[2024-10-28T13:21:15.802+0000] {logging_mixin.py:190} INFO - [2024-10-28T13:21:15.802+0000] {override.py:1900} INFO - Created Permission View: menu access on DAG Run:dataset_s3_bucket_producer
[2024-10-28T13:21:15.809+0000] {logging_mixin.py:190} INFO - [2024-10-28T13:21:15.809+0000] {override.py:1900} INFO - Created Permission View: can read on DAG Run:dataset_s3_bucket_producer
[2024-10-28T13:21:15.817+0000] {logging_mixin.py:190} INFO - [2024-10-28T13:21:15.817+0000] {override.py:1900} INFO - Created Permission View: can delete on DAG Run:dataset_s3_bucket_producer
[2024-10-28T13:21:15.831+0000] {logging_mixin.py:190} INFO - [2024-10-28T13:21:15.831+0000] {override.py:1900} INFO - Created Permission View: can delete on DAG:dataset_s3_bucket_consumer
[2024-10-28T13:21:15.839+0000] {logging_mixin.py:190} INFO - [2024-10-28T13:21:15.839+0000] {override.py:1900} INFO - Created Permission View: can edit on DAG:dataset_s3_bucket_consumer
[2024-10-28T13:21:15.848+0000] {logging_mixin.py:190} INFO - [2024-10-28T13:21:15.847+0000] {override.py:1900} INFO - Created Permission View: can read on DAG:dataset_s3_bucket_consumer
[2024-10-28T13:21:15.859+0000] {logging_mixin.py:190} INFO - [2024-10-28T13:21:15.859+0000] {override.py:1900} INFO - Created Permission View: can create on DAG Run:dataset_s3_bucket_consumer
[2024-10-28T13:21:15.867+0000] {logging_mixin.py:190} INFO - [2024-10-28T13:21:15.867+0000] {override.py:1900} INFO - Created Permission View: menu access on DAG Run:dataset_s3_bucket_consumer
[2024-10-28T13:21:15.874+0000] {logging_mixin.py:190} INFO - [2024-10-28T13:21:15.874+0000] {override.py:1900} INFO - Created Permission View: can read on DAG Run:dataset_s3_bucket_consumer
[2024-10-28T13:21:15.881+0000] {logging_mixin.py:190} INFO - [2024-10-28T13:21:15.881+0000] {override.py:1900} INFO - Created Permission View: can delete on DAG Run:dataset_s3_bucket_consumer
[2024-10-28T13:21:15.882+0000] {logging_mixin.py:190} INFO - [2024-10-28T13:21:15.882+0000] {dag.py:3239} INFO - Sync 4 DAGs
[2024-10-28T13:21:15.892+0000] {logging_mixin.py:190} INFO - [2024-10-28T13:21:15.891+0000] {dag.py:3262} INFO - Creating ORM DAG for dataset_s3_bucket_producer
[2024-10-28T13:21:15.893+0000] {logging_mixin.py:190} INFO - [2024-10-28T13:21:15.892+0000] {dag.py:3262} INFO - Creating ORM DAG for dataset_s3_bucket_consumer
[2024-10-28T13:21:15.893+0000] {logging_mixin.py:190} INFO - [2024-10-28T13:21:15.893+0000] {dag.py:3262} INFO - Creating ORM DAG for dataset_alias_example_alias_producer
[2024-10-28T13:21:15.894+0000] {logging_mixin.py:190} INFO - [2024-10-28T13:21:15.894+0000] {dag.py:3262} INFO - Creating ORM DAG for dataset_alias_example_alias_consumer
[2024-10-28T13:21:15.900+0000] {logging_mixin.py:190} INFO - [2024-10-28T13:21:15.900+0000] {dag.py:4180} INFO - Setting next_dagrun for dataset_alias_example_alias_consumer to None, run_after=None
[2024-10-28T13:21:15.901+0000] {logging_mixin.py:190} INFO - [2024-10-28T13:21:15.901+0000] {dag.py:4180} INFO - Setting next_dagrun for dataset_alias_example_alias_producer to None, run_after=None
[2024-10-28T13:21:15.902+0000] {logging_mixin.py:190} INFO - [2024-10-28T13:21:15.902+0000] {dag.py:4180} INFO - Setting next_dagrun for dataset_s3_bucket_consumer to None, run_after=None
[2024-10-28T13:21:15.903+0000] {logging_mixin.py:190} INFO - [2024-10-28T13:21:15.903+0000] {dag.py:4180} INFO - Setting next_dagrun for dataset_s3_bucket_producer to None, run_after=None
[2024-10-28T13:21:15.928+0000] {processor.py:208} INFO - Processing /home/airflow/.local/lib/python3.12/site-packages/airflow/example_dags/example_dataset_alias.py took 0.539 seconds
[2024-10-28T13:21:45.989+0000] {processor.py:186} INFO - Started process (PID=134) to work on /home/airflow/.local/lib/python3.12/site-packages/airflow/example_dags/example_dataset_alias.py
[2024-10-28T13:21:45.990+0000] {processor.py:914} INFO - Processing file /home/airflow/.local/lib/python3.12/site-packages/airflow/example_dags/example_dataset_alias.py for tasks to queue
[2024-10-28T13:21:45.993+0000] {logging_mixin.py:190} INFO - [2024-10-28T13:21:45.992+0000] {dagbag.py:588} INFO - Filling up the DagBag from /home/airflow/.local/lib/python3.12/site-packages/airflow/example_dags/example_dataset_alias.py
[2024-10-28T13:21:46.094+0000] {processor.py:925} INFO - DAG(s) 'dataset_alias_example_alias_consumer', 'dataset_alias_example_alias_producer', 'dataset_s3_bucket_producer', 'dataset_s3_bucket_consumer' retrieved from /home/airflow/.local/lib/python3.12/site-packages/airflow/example_dags/example_dataset_alias.py
[2024-10-28T13:21:46.108+0000] {logging_mixin.py:190} INFO - [2024-10-28T13:21:46.108+0000] {dag.py:3239} INFO - Sync 4 DAGs
[2024-10-28T13:21:46.123+0000] {logging_mixin.py:190} INFO - [2024-10-28T13:21:46.123+0000] {dag.py:4180} INFO - Setting next_dagrun for dataset_alias_example_alias_consumer to None, run_after=None
[2024-10-28T13:21:46.125+0000] {logging_mixin.py:190} INFO - [2024-10-28T13:21:46.125+0000] {dag.py:4180} INFO - Setting next_dagrun for dataset_alias_example_alias_producer to None, run_after=None
[2024-10-28T13:21:46.126+0000] {logging_mixin.py:190} INFO - [2024-10-28T13:21:46.126+0000] {dag.py:4180} INFO - Setting next_dagrun for dataset_s3_bucket_consumer to None, run_after=None
[2024-10-28T13:21:46.127+0000] {logging_mixin.py:190} INFO - [2024-10-28T13:21:46.127+0000] {dag.py:4180} INFO - Setting next_dagrun for dataset_s3_bucket_producer to None, run_after=None
[2024-10-28T13:21:46.142+0000] {processor.py:208} INFO - Processing /home/airflow/.local/lib/python3.12/site-packages/airflow/example_dags/example_dataset_alias.py took 0.157 seconds
[2024-10-28T13:24:59.344+0000] {processor.py:186} INFO - Started process (PID=69) to work on /home/airflow/.local/lib/python3.12/site-packages/airflow/example_dags/example_dataset_alias.py
[2024-10-28T13:24:59.345+0000] {processor.py:914} INFO - Processing file /home/airflow/.local/lib/python3.12/site-packages/airflow/example_dags/example_dataset_alias.py for tasks to queue
[2024-10-28T13:24:59.347+0000] {logging_mixin.py:190} INFO - [2024-10-28T13:24:59.347+0000] {dagbag.py:588} INFO - Filling up the DagBag from /home/airflow/.local/lib/python3.12/site-packages/airflow/example_dags/example_dataset_alias.py
[2024-10-28T13:24:59.589+0000] {processor.py:925} INFO - DAG(s) 'dataset_alias_example_alias_producer', 'dataset_alias_example_alias_consumer', 'dataset_s3_bucket_consumer', 'dataset_s3_bucket_producer' retrieved from /home/airflow/.local/lib/python3.12/site-packages/airflow/example_dags/example_dataset_alias.py
[2024-10-28T13:24:59.613+0000] {logging_mixin.py:190} INFO - [2024-10-28T13:24:59.613+0000] {dag.py:3239} INFO - Sync 4 DAGs
[2024-10-28T13:24:59.639+0000] {logging_mixin.py:190} INFO - [2024-10-28T13:24:59.639+0000] {dag.py:4180} INFO - Setting next_dagrun for dataset_alias_example_alias_consumer to None, run_after=None
[2024-10-28T13:24:59.642+0000] {logging_mixin.py:190} INFO - [2024-10-28T13:24:59.642+0000] {dag.py:4180} INFO - Setting next_dagrun for dataset_alias_example_alias_producer to None, run_after=None
[2024-10-28T13:24:59.644+0000] {logging_mixin.py:190} INFO - [2024-10-28T13:24:59.644+0000] {dag.py:4180} INFO - Setting next_dagrun for dataset_s3_bucket_consumer to None, run_after=None
[2024-10-28T13:24:59.645+0000] {logging_mixin.py:190} INFO - [2024-10-28T13:24:59.645+0000] {dag.py:4180} INFO - Setting next_dagrun for dataset_s3_bucket_producer to None, run_after=None
[2024-10-28T13:24:59.667+0000] {processor.py:208} INFO - Processing /home/airflow/.local/lib/python3.12/site-packages/airflow/example_dags/example_dataset_alias.py took 0.327 seconds
[2024-10-28T13:25:30.624+0000] {processor.py:186} INFO - Started process (PID=131) to work on /home/airflow/.local/lib/python3.12/site-packages/airflow/example_dags/example_dataset_alias.py
[2024-10-28T13:25:30.626+0000] {processor.py:914} INFO - Processing file /home/airflow/.local/lib/python3.12/site-packages/airflow/example_dags/example_dataset_alias.py for tasks to queue
[2024-10-28T13:25:30.628+0000] {logging_mixin.py:190} INFO - [2024-10-28T13:25:30.627+0000] {dagbag.py:588} INFO - Filling up the DagBag from /home/airflow/.local/lib/python3.12/site-packages/airflow/example_dags/example_dataset_alias.py
[2024-10-28T13:25:30.727+0000] {processor.py:925} INFO - DAG(s) 'dataset_s3_bucket_producer', 'dataset_alias_example_alias_consumer', 'dataset_alias_example_alias_producer', 'dataset_s3_bucket_consumer' retrieved from /home/airflow/.local/lib/python3.12/site-packages/airflow/example_dags/example_dataset_alias.py
[2024-10-28T13:25:30.742+0000] {logging_mixin.py:190} INFO - [2024-10-28T13:25:30.742+0000] {dag.py:3239} INFO - Sync 4 DAGs
[2024-10-28T13:25:30.757+0000] {logging_mixin.py:190} INFO - [2024-10-28T13:25:30.757+0000] {dag.py:4180} INFO - Setting next_dagrun for dataset_alias_example_alias_consumer to None, run_after=None
[2024-10-28T13:25:30.759+0000] {logging_mixin.py:190} INFO - [2024-10-28T13:25:30.759+0000] {dag.py:4180} INFO - Setting next_dagrun for dataset_alias_example_alias_producer to None, run_after=None
[2024-10-28T13:25:30.760+0000] {logging_mixin.py:190} INFO - [2024-10-28T13:25:30.760+0000] {dag.py:4180} INFO - Setting next_dagrun for dataset_s3_bucket_consumer to None, run_after=None
[2024-10-28T13:25:30.762+0000] {logging_mixin.py:190} INFO - [2024-10-28T13:25:30.762+0000] {dag.py:4180} INFO - Setting next_dagrun for dataset_s3_bucket_producer to None, run_after=None
[2024-10-28T13:25:30.777+0000] {processor.py:208} INFO - Processing /home/airflow/.local/lib/python3.12/site-packages/airflow/example_dags/example_dataset_alias.py took 0.157 seconds
[2024-10-28T13:26:01.574+0000] {processor.py:186} INFO - Started process (PID=194) to work on /home/airflow/.local/lib/python3.12/site-packages/airflow/example_dags/example_dataset_alias.py
[2024-10-28T13:26:01.575+0000] {processor.py:914} INFO - Processing file /home/airflow/.local/lib/python3.12/site-packages/airflow/example_dags/example_dataset_alias.py for tasks to queue
[2024-10-28T13:26:01.578+0000] {logging_mixin.py:190} INFO - [2024-10-28T13:26:01.577+0000] {dagbag.py:588} INFO - Filling up the DagBag from /home/airflow/.local/lib/python3.12/site-packages/airflow/example_dags/example_dataset_alias.py
[2024-10-28T13:26:01.686+0000] {processor.py:925} INFO - DAG(s) 'dataset_alias_example_alias_producer', 'dataset_s3_bucket_producer', 'dataset_alias_example_alias_consumer', 'dataset_s3_bucket_consumer' retrieved from /home/airflow/.local/lib/python3.12/site-packages/airflow/example_dags/example_dataset_alias.py
[2024-10-28T13:26:01.700+0000] {logging_mixin.py:190} INFO - [2024-10-28T13:26:01.700+0000] {dag.py:3239} INFO - Sync 4 DAGs
[2024-10-28T13:26:01.716+0000] {logging_mixin.py:190} INFO - [2024-10-28T13:26:01.716+0000] {dag.py:4180} INFO - Setting next_dagrun for dataset_alias_example_alias_consumer to None, run_after=None
[2024-10-28T13:26:01.718+0000] {logging_mixin.py:190} INFO - [2024-10-28T13:26:01.718+0000] {dag.py:4180} INFO - Setting next_dagrun for dataset_alias_example_alias_producer to None, run_after=None
[2024-10-28T13:26:01.719+0000] {logging_mixin.py:190} INFO - [2024-10-28T13:26:01.719+0000] {dag.py:4180} INFO - Setting next_dagrun for dataset_s3_bucket_consumer to None, run_after=None
[2024-10-28T13:26:01.720+0000] {logging_mixin.py:190} INFO - [2024-10-28T13:26:01.720+0000] {dag.py:4180} INFO - Setting next_dagrun for dataset_s3_bucket_producer to None, run_after=None
[2024-10-28T13:26:01.734+0000] {processor.py:208} INFO - Processing /home/airflow/.local/lib/python3.12/site-packages/airflow/example_dags/example_dataset_alias.py took 0.165 seconds
[2024-10-28T13:26:32.143+0000] {processor.py:186} INFO - Started process (PID=257) to work on /home/airflow/.local/lib/python3.12/site-packages/airflow/example_dags/example_dataset_alias.py
[2024-10-28T13:26:32.144+0000] {processor.py:914} INFO - Processing file /home/airflow/.local/lib/python3.12/site-packages/airflow/example_dags/example_dataset_alias.py for tasks to queue
[2024-10-28T13:26:32.146+0000] {logging_mixin.py:190} INFO - [2024-10-28T13:26:32.146+0000] {dagbag.py:588} INFO - Filling up the DagBag from /home/airflow/.local/lib/python3.12/site-packages/airflow/example_dags/example_dataset_alias.py
[2024-10-28T13:26:32.275+0000] {processor.py:925} INFO - DAG(s) 'dataset_s3_bucket_producer', 'dataset_s3_bucket_consumer', 'dataset_alias_example_alias_producer', 'dataset_alias_example_alias_consumer' retrieved from /home/airflow/.local/lib/python3.12/site-packages/airflow/example_dags/example_dataset_alias.py
[2024-10-28T13:26:32.294+0000] {logging_mixin.py:190} INFO - [2024-10-28T13:26:32.294+0000] {dag.py:3239} INFO - Sync 4 DAGs
[2024-10-28T13:26:32.313+0000] {logging_mixin.py:190} INFO - [2024-10-28T13:26:32.313+0000] {dag.py:4180} INFO - Setting next_dagrun for dataset_alias_example_alias_consumer to None, run_after=None
[2024-10-28T13:26:32.315+0000] {logging_mixin.py:190} INFO - [2024-10-28T13:26:32.315+0000] {dag.py:4180} INFO - Setting next_dagrun for dataset_alias_example_alias_producer to None, run_after=None
[2024-10-28T13:26:32.317+0000] {logging_mixin.py:190} INFO - [2024-10-28T13:26:32.316+0000] {dag.py:4180} INFO - Setting next_dagrun for dataset_s3_bucket_consumer to None, run_after=None
[2024-10-28T13:26:32.318+0000] {logging_mixin.py:190} INFO - [2024-10-28T13:26:32.318+0000] {dag.py:4180} INFO - Setting next_dagrun for dataset_s3_bucket_producer to None, run_after=None
[2024-10-28T13:26:32.336+0000] {processor.py:208} INFO - Processing /home/airflow/.local/lib/python3.12/site-packages/airflow/example_dags/example_dataset_alias.py took 0.197 seconds
[2024-10-28T13:27:02.382+0000] {processor.py:186} INFO - Started process (PID=326) to work on /home/airflow/.local/lib/python3.12/site-packages/airflow/example_dags/example_dataset_alias.py
[2024-10-28T13:27:02.383+0000] {processor.py:914} INFO - Processing file /home/airflow/.local/lib/python3.12/site-packages/airflow/example_dags/example_dataset_alias.py for tasks to queue
[2024-10-28T13:27:02.385+0000] {logging_mixin.py:190} INFO - [2024-10-28T13:27:02.385+0000] {dagbag.py:588} INFO - Filling up the DagBag from /home/airflow/.local/lib/python3.12/site-packages/airflow/example_dags/example_dataset_alias.py
[2024-10-28T13:27:02.494+0000] {processor.py:925} INFO - DAG(s) 'dataset_alias_example_alias_consumer', 'dataset_alias_example_alias_producer', 'dataset_s3_bucket_producer', 'dataset_s3_bucket_consumer' retrieved from /home/airflow/.local/lib/python3.12/site-packages/airflow/example_dags/example_dataset_alias.py
[2024-10-28T13:27:02.509+0000] {logging_mixin.py:190} INFO - [2024-10-28T13:27:02.509+0000] {dag.py:3239} INFO - Sync 4 DAGs
[2024-10-28T13:27:02.526+0000] {logging_mixin.py:190} INFO - [2024-10-28T13:27:02.526+0000] {dag.py:4180} INFO - Setting next_dagrun for dataset_alias_example_alias_consumer to None, run_after=None
[2024-10-28T13:27:02.529+0000] {logging_mixin.py:190} INFO - [2024-10-28T13:27:02.529+0000] {dag.py:4180} INFO - Setting next_dagrun for dataset_alias_example_alias_producer to None, run_after=None
[2024-10-28T13:27:02.530+0000] {logging_mixin.py:190} INFO - [2024-10-28T13:27:02.530+0000] {dag.py:4180} INFO - Setting next_dagrun for dataset_s3_bucket_consumer to None, run_after=None
[2024-10-28T13:27:02.531+0000] {logging_mixin.py:190} INFO - [2024-10-28T13:27:02.531+0000] {dag.py:4180} INFO - Setting next_dagrun for dataset_s3_bucket_producer to None, run_after=None
[2024-10-28T13:27:02.548+0000] {processor.py:208} INFO - Processing /home/airflow/.local/lib/python3.12/site-packages/airflow/example_dags/example_dataset_alias.py took 0.170 seconds
[2024-10-28T13:27:32.833+0000] {processor.py:186} INFO - Started process (PID=389) to work on /home/airflow/.local/lib/python3.12/site-packages/airflow/example_dags/example_dataset_alias.py
[2024-10-28T13:27:32.834+0000] {processor.py:914} INFO - Processing file /home/airflow/.local/lib/python3.12/site-packages/airflow/example_dags/example_dataset_alias.py for tasks to queue
[2024-10-28T13:27:32.837+0000] {logging_mixin.py:190} INFO - [2024-10-28T13:27:32.837+0000] {dagbag.py:588} INFO - Filling up the DagBag from /home/airflow/.local/lib/python3.12/site-packages/airflow/example_dags/example_dataset_alias.py
[2024-10-28T13:27:32.941+0000] {processor.py:925} INFO - DAG(s) 'dataset_s3_bucket_producer', 'dataset_s3_bucket_consumer', 'dataset_alias_example_alias_consumer', 'dataset_alias_example_alias_producer' retrieved from /home/airflow/.local/lib/python3.12/site-packages/airflow/example_dags/example_dataset_alias.py
[2024-10-28T13:27:32.955+0000] {logging_mixin.py:190} INFO - [2024-10-28T13:27:32.954+0000] {dag.py:3239} INFO - Sync 4 DAGs
[2024-10-28T13:27:32.970+0000] {logging_mixin.py:190} INFO - [2024-10-28T13:27:32.970+0000] {dag.py:4180} INFO - Setting next_dagrun for dataset_alias_example_alias_consumer to None, run_after=None
[2024-10-28T13:27:32.973+0000] {logging_mixin.py:190} INFO - [2024-10-28T13:27:32.973+0000] {dag.py:4180} INFO - Setting next_dagrun for dataset_alias_example_alias_producer to None, run_after=None
[2024-10-28T13:27:32.975+0000] {logging_mixin.py:190} INFO - [2024-10-28T13:27:32.975+0000] {dag.py:4180} INFO - Setting next_dagrun for dataset_s3_bucket_consumer to None, run_after=None
[2024-10-28T13:27:32.977+0000] {logging_mixin.py:190} INFO - [2024-10-28T13:27:32.977+0000] {dag.py:4180} INFO - Setting next_dagrun for dataset_s3_bucket_producer to None, run_after=None
[2024-10-28T13:27:32.992+0000] {processor.py:208} INFO - Processing /home/airflow/.local/lib/python3.12/site-packages/airflow/example_dags/example_dataset_alias.py took 0.163 seconds
[2024-10-28T13:28:03.279+0000] {processor.py:186} INFO - Started process (PID=452) to work on /home/airflow/.local/lib/python3.12/site-packages/airflow/example_dags/example_dataset_alias.py
[2024-10-28T13:28:03.280+0000] {processor.py:914} INFO - Processing file /home/airflow/.local/lib/python3.12/site-packages/airflow/example_dags/example_dataset_alias.py for tasks to queue
[2024-10-28T13:28:03.281+0000] {logging_mixin.py:190} INFO - [2024-10-28T13:28:03.281+0000] {dagbag.py:588} INFO - Filling up the DagBag from /home/airflow/.local/lib/python3.12/site-packages/airflow/example_dags/example_dataset_alias.py
[2024-10-28T13:28:03.386+0000] {processor.py:925} INFO - DAG(s) 'dataset_s3_bucket_consumer', 'dataset_alias_example_alias_producer', 'dataset_s3_bucket_producer', 'dataset_alias_example_alias_consumer' retrieved from /home/airflow/.local/lib/python3.12/site-packages/airflow/example_dags/example_dataset_alias.py
[2024-10-28T13:28:03.401+0000] {logging_mixin.py:190} INFO - [2024-10-28T13:28:03.401+0000] {dag.py:3239} INFO - Sync 4 DAGs
[2024-10-28T13:28:03.418+0000] {logging_mixin.py:190} INFO - [2024-10-28T13:28:03.418+0000] {dag.py:4180} INFO - Setting next_dagrun for dataset_alias_example_alias_consumer to None, run_after=None
[2024-10-28T13:28:03.420+0000] {logging_mixin.py:190} INFO - [2024-10-28T13:28:03.420+0000] {dag.py:4180} INFO - Setting next_dagrun for dataset_alias_example_alias_producer to None, run_after=None
[2024-10-28T13:28:03.421+0000] {logging_mixin.py:190} INFO - [2024-10-28T13:28:03.421+0000] {dag.py:4180} INFO - Setting next_dagrun for dataset_s3_bucket_consumer to None, run_after=None
[2024-10-28T13:28:03.422+0000] {logging_mixin.py:190} INFO - [2024-10-28T13:28:03.422+0000] {dag.py:4180} INFO - Setting next_dagrun for dataset_s3_bucket_producer to None, run_after=None
[2024-10-28T13:28:03.438+0000] {processor.py:208} INFO - Processing /home/airflow/.local/lib/python3.12/site-packages/airflow/example_dags/example_dataset_alias.py took 0.162 seconds
[2024-10-28T13:28:34.050+0000] {processor.py:186} INFO - Started process (PID=515) to work on /home/airflow/.local/lib/python3.12/site-packages/airflow/example_dags/example_dataset_alias.py
[2024-10-28T13:28:34.052+0000] {processor.py:914} INFO - Processing file /home/airflow/.local/lib/python3.12/site-packages/airflow/example_dags/example_dataset_alias.py for tasks to queue
[2024-10-28T13:28:34.054+0000] {logging_mixin.py:190} INFO - [2024-10-28T13:28:34.053+0000] {dagbag.py:588} INFO - Filling up the DagBag from /home/airflow/.local/lib/python3.12/site-packages/airflow/example_dags/example_dataset_alias.py
[2024-10-28T13:28:34.162+0000] {processor.py:925} INFO - DAG(s) 'dataset_alias_example_alias_producer', 'dataset_s3_bucket_consumer', 'dataset_s3_bucket_producer', 'dataset_alias_example_alias_consumer' retrieved from /home/airflow/.local/lib/python3.12/site-packages/airflow/example_dags/example_dataset_alias.py
[2024-10-28T13:28:34.181+0000] {logging_mixin.py:190} INFO - [2024-10-28T13:28:34.181+0000] {dag.py:3239} INFO - Sync 4 DAGs
[2024-10-28T13:28:34.199+0000] {logging_mixin.py:190} INFO - [2024-10-28T13:28:34.199+0000] {dag.py:4180} INFO - Setting next_dagrun for dataset_alias_example_alias_consumer to None, run_after=None
[2024-10-28T13:28:34.201+0000] {logging_mixin.py:190} INFO - [2024-10-28T13:28:34.201+0000] {dag.py:4180} INFO - Setting next_dagrun for dataset_alias_example_alias_producer to None, run_after=None
[2024-10-28T13:28:34.202+0000] {logging_mixin.py:190} INFO - [2024-10-28T13:28:34.202+0000] {dag.py:4180} INFO - Setting next_dagrun for dataset_s3_bucket_consumer to None, run_after=None
[2024-10-28T13:28:34.203+0000] {logging_mixin.py:190} INFO - [2024-10-28T13:28:34.203+0000] {dag.py:4180} INFO - Setting next_dagrun for dataset_s3_bucket_producer to None, run_after=None
[2024-10-28T13:28:34.220+0000] {processor.py:208} INFO - Processing /home/airflow/.local/lib/python3.12/site-packages/airflow/example_dags/example_dataset_alias.py took 0.174 seconds
[2024-10-28T13:29:04.538+0000] {processor.py:186} INFO - Started process (PID=578) to work on /home/airflow/.local/lib/python3.12/site-packages/airflow/example_dags/example_dataset_alias.py
[2024-10-28T13:29:04.539+0000] {processor.py:914} INFO - Processing file /home/airflow/.local/lib/python3.12/site-packages/airflow/example_dags/example_dataset_alias.py for tasks to queue
[2024-10-28T13:29:04.541+0000] {logging_mixin.py:190} INFO - [2024-10-28T13:29:04.541+0000] {dagbag.py:588} INFO - Filling up the DagBag from /home/airflow/.local/lib/python3.12/site-packages/airflow/example_dags/example_dataset_alias.py
[2024-10-28T13:29:04.645+0000] {processor.py:925} INFO - DAG(s) 'dataset_alias_example_alias_producer', 'dataset_alias_example_alias_consumer', 'dataset_s3_bucket_producer', 'dataset_s3_bucket_consumer' retrieved from /home/airflow/.local/lib/python3.12/site-packages/airflow/example_dags/example_dataset_alias.py
[2024-10-28T13:29:04.659+0000] {logging_mixin.py:190} INFO - [2024-10-28T13:29:04.659+0000] {dag.py:3239} INFO - Sync 4 DAGs
[2024-10-28T13:29:04.677+0000] {logging_mixin.py:190} INFO - [2024-10-28T13:29:04.676+0000] {dag.py:4180} INFO - Setting next_dagrun for dataset_alias_example_alias_consumer to None, run_after=None
[2024-10-28T13:29:04.679+0000] {logging_mixin.py:190} INFO - [2024-10-28T13:29:04.678+0000] {dag.py:4180} INFO - Setting next_dagrun for dataset_alias_example_alias_producer to None, run_after=None
[2024-10-28T13:29:04.680+0000] {logging_mixin.py:190} INFO - [2024-10-28T13:29:04.679+0000] {dag.py:4180} INFO - Setting next_dagrun for dataset_s3_bucket_consumer to None, run_after=None
[2024-10-28T13:29:04.681+0000] {logging_mixin.py:190} INFO - [2024-10-28T13:29:04.680+0000] {dag.py:4180} INFO - Setting next_dagrun for dataset_s3_bucket_producer to None, run_after=None
[2024-10-28T13:29:04.696+0000] {processor.py:208} INFO - Processing /home/airflow/.local/lib/python3.12/site-packages/airflow/example_dags/example_dataset_alias.py took 0.162 seconds
[2024-10-28T13:29:34.775+0000] {processor.py:186} INFO - Started process (PID=641) to work on /home/airflow/.local/lib/python3.12/site-packages/airflow/example_dags/example_dataset_alias.py
[2024-10-28T13:29:34.777+0000] {processor.py:914} INFO - Processing file /home/airflow/.local/lib/python3.12/site-packages/airflow/example_dags/example_dataset_alias.py for tasks to queue
[2024-10-28T13:29:34.782+0000] {logging_mixin.py:190} INFO - [2024-10-28T13:29:34.781+0000] {dagbag.py:588} INFO - Filling up the DagBag from /home/airflow/.local/lib/python3.12/site-packages/airflow/example_dags/example_dataset_alias.py
[2024-10-28T13:29:34.889+0000] {processor.py:925} INFO - DAG(s) 'dataset_s3_bucket_consumer', 'dataset_s3_bucket_producer', 'dataset_alias_example_alias_consumer', 'dataset_alias_example_alias_producer' retrieved from /home/airflow/.local/lib/python3.12/site-packages/airflow/example_dags/example_dataset_alias.py
[2024-10-28T13:29:34.905+0000] {logging_mixin.py:190} INFO - [2024-10-28T13:29:34.905+0000] {dag.py:3239} INFO - Sync 4 DAGs
[2024-10-28T13:29:34.922+0000] {logging_mixin.py:190} INFO - [2024-10-28T13:29:34.922+0000] {dag.py:4180} INFO - Setting next_dagrun for dataset_alias_example_alias_consumer to None, run_after=None
[2024-10-28T13:29:34.924+0000] {logging_mixin.py:190} INFO - [2024-10-28T13:29:34.924+0000] {dag.py:4180} INFO - Setting next_dagrun for dataset_alias_example_alias_producer to None, run_after=None
[2024-10-28T13:29:34.926+0000] {logging_mixin.py:190} INFO - [2024-10-28T13:29:34.926+0000] {dag.py:4180} INFO - Setting next_dagrun for dataset_s3_bucket_consumer to None, run_after=None
[2024-10-28T13:29:34.927+0000] {logging_mixin.py:190} INFO - [2024-10-28T13:29:34.927+0000] {dag.py:4180} INFO - Setting next_dagrun for dataset_s3_bucket_producer to None, run_after=None
[2024-10-28T13:29:34.945+0000] {processor.py:208} INFO - Processing /home/airflow/.local/lib/python3.12/site-packages/airflow/example_dags/example_dataset_alias.py took 0.175 seconds
[2024-10-28T13:30:05.749+0000] {processor.py:186} INFO - Started process (PID=704) to work on /home/airflow/.local/lib/python3.12/site-packages/airflow/example_dags/example_dataset_alias.py
[2024-10-28T13:30:05.751+0000] {processor.py:914} INFO - Processing file /home/airflow/.local/lib/python3.12/site-packages/airflow/example_dags/example_dataset_alias.py for tasks to queue
[2024-10-28T13:30:05.755+0000] {logging_mixin.py:190} INFO - [2024-10-28T13:30:05.755+0000] {dagbag.py:588} INFO - Filling up the DagBag from /home/airflow/.local/lib/python3.12/site-packages/airflow/example_dags/example_dataset_alias.py
[2024-10-28T13:30:05.863+0000] {processor.py:925} INFO - DAG(s) 'dataset_s3_bucket_producer', 'dataset_alias_example_alias_consumer', 'dataset_s3_bucket_consumer', 'dataset_alias_example_alias_producer' retrieved from /home/airflow/.local/lib/python3.12/site-packages/airflow/example_dags/example_dataset_alias.py
[2024-10-28T13:30:05.879+0000] {logging_mixin.py:190} INFO - [2024-10-28T13:30:05.879+0000] {dag.py:3239} INFO - Sync 4 DAGs
[2024-10-28T13:30:05.896+0000] {logging_mixin.py:190} INFO - [2024-10-28T13:30:05.896+0000] {dag.py:4180} INFO - Setting next_dagrun for dataset_alias_example_alias_consumer to None, run_after=None
[2024-10-28T13:30:05.900+0000] {logging_mixin.py:190} INFO - [2024-10-28T13:30:05.900+0000] {dag.py:4180} INFO - Setting next_dagrun for dataset_alias_example_alias_producer to None, run_after=None
[2024-10-28T13:30:05.901+0000] {logging_mixin.py:190} INFO - [2024-10-28T13:30:05.901+0000] {dag.py:4180} INFO - Setting next_dagrun for dataset_s3_bucket_consumer to None, run_after=None
[2024-10-28T13:30:05.902+0000] {logging_mixin.py:190} INFO - [2024-10-28T13:30:05.902+0000] {dag.py:4180} INFO - Setting next_dagrun for dataset_s3_bucket_producer to None, run_after=None
[2024-10-28T13:30:05.919+0000] {processor.py:208} INFO - Processing /home/airflow/.local/lib/python3.12/site-packages/airflow/example_dags/example_dataset_alias.py took 0.175 seconds
[2024-10-28T13:30:36.855+0000] {processor.py:186} INFO - Started process (PID=767) to work on /home/airflow/.local/lib/python3.12/site-packages/airflow/example_dags/example_dataset_alias.py
[2024-10-28T13:30:36.856+0000] {processor.py:914} INFO - Processing file /home/airflow/.local/lib/python3.12/site-packages/airflow/example_dags/example_dataset_alias.py for tasks to queue
[2024-10-28T13:30:36.858+0000] {logging_mixin.py:190} INFO - [2024-10-28T13:30:36.858+0000] {dagbag.py:588} INFO - Filling up the DagBag from /home/airflow/.local/lib/python3.12/site-packages/airflow/example_dags/example_dataset_alias.py
[2024-10-28T13:30:36.965+0000] {processor.py:925} INFO - DAG(s) 'dataset_s3_bucket_producer', 'dataset_s3_bucket_consumer', 'dataset_alias_example_alias_consumer', 'dataset_alias_example_alias_producer' retrieved from /home/airflow/.local/lib/python3.12/site-packages/airflow/example_dags/example_dataset_alias.py
[2024-10-28T13:30:36.980+0000] {logging_mixin.py:190} INFO - [2024-10-28T13:30:36.980+0000] {dag.py:3239} INFO - Sync 4 DAGs
[2024-10-28T13:30:36.996+0000] {logging_mixin.py:190} INFO - [2024-10-28T13:30:36.996+0000] {dag.py:4180} INFO - Setting next_dagrun for dataset_alias_example_alias_consumer to None, run_after=None
[2024-10-28T13:30:36.998+0000] {logging_mixin.py:190} INFO - [2024-10-28T13:30:36.998+0000] {dag.py:4180} INFO - Setting next_dagrun for dataset_alias_example_alias_producer to None, run_after=None
[2024-10-28T13:30:36.999+0000] {logging_mixin.py:190} INFO - [2024-10-28T13:30:36.999+0000] {dag.py:4180} INFO - Setting next_dagrun for dataset_s3_bucket_consumer to None, run_after=None
[2024-10-28T13:30:37.001+0000] {logging_mixin.py:190} INFO - [2024-10-28T13:30:37.000+0000] {dag.py:4180} INFO - Setting next_dagrun for dataset_s3_bucket_producer to None, run_after=None
[2024-10-28T13:30:37.056+0000] {processor.py:208} INFO - Processing /home/airflow/.local/lib/python3.12/site-packages/airflow/example_dags/example_dataset_alias.py took 0.207 seconds
[2024-10-28T13:31:07.996+0000] {processor.py:186} INFO - Started process (PID=830) to work on /home/airflow/.local/lib/python3.12/site-packages/airflow/example_dags/example_dataset_alias.py
[2024-10-28T13:31:07.998+0000] {processor.py:914} INFO - Processing file /home/airflow/.local/lib/python3.12/site-packages/airflow/example_dags/example_dataset_alias.py for tasks to queue
[2024-10-28T13:31:07.999+0000] {logging_mixin.py:190} INFO - [2024-10-28T13:31:07.999+0000] {dagbag.py:588} INFO - Filling up the DagBag from /home/airflow/.local/lib/python3.12/site-packages/airflow/example_dags/example_dataset_alias.py
[2024-10-28T13:31:08.101+0000] {processor.py:925} INFO - DAG(s) 'dataset_s3_bucket_consumer', 'dataset_alias_example_alias_consumer', 'dataset_alias_example_alias_producer', 'dataset_s3_bucket_producer' retrieved from /home/airflow/.local/lib/python3.12/site-packages/airflow/example_dags/example_dataset_alias.py
[2024-10-28T13:31:08.115+0000] {logging_mixin.py:190} INFO - [2024-10-28T13:31:08.115+0000] {dag.py:3239} INFO - Sync 4 DAGs
[2024-10-28T13:31:08.138+0000] {logging_mixin.py:190} INFO - [2024-10-28T13:31:08.138+0000] {dag.py:4180} INFO - Setting next_dagrun for dataset_alias_example_alias_consumer to None, run_after=None
[2024-10-28T13:31:08.140+0000] {logging_mixin.py:190} INFO - [2024-10-28T13:31:08.140+0000] {dag.py:4180} INFO - Setting next_dagrun for dataset_alias_example_alias_producer to None, run_after=None
[2024-10-28T13:31:08.141+0000] {logging_mixin.py:190} INFO - [2024-10-28T13:31:08.141+0000] {dag.py:4180} INFO - Setting next_dagrun for dataset_s3_bucket_consumer to None, run_after=None
[2024-10-28T13:31:08.144+0000] {logging_mixin.py:190} INFO - [2024-10-28T13:31:08.144+0000] {dag.py:4180} INFO - Setting next_dagrun for dataset_s3_bucket_producer to None, run_after=None
[2024-10-28T13:31:08.165+0000] {processor.py:208} INFO - Processing /home/airflow/.local/lib/python3.12/site-packages/airflow/example_dags/example_dataset_alias.py took 0.172 seconds
[2024-10-28T13:31:38.644+0000] {processor.py:186} INFO - Started process (PID=893) to work on /home/airflow/.local/lib/python3.12/site-packages/airflow/example_dags/example_dataset_alias.py
[2024-10-28T13:31:38.645+0000] {processor.py:914} INFO - Processing file /home/airflow/.local/lib/python3.12/site-packages/airflow/example_dags/example_dataset_alias.py for tasks to queue
[2024-10-28T13:31:38.647+0000] {logging_mixin.py:190} INFO - [2024-10-28T13:31:38.646+0000] {dagbag.py:588} INFO - Filling up the DagBag from /home/airflow/.local/lib/python3.12/site-packages/airflow/example_dags/example_dataset_alias.py
[2024-10-28T13:31:38.750+0000] {processor.py:925} INFO - DAG(s) 'dataset_alias_example_alias_consumer', 'dataset_alias_example_alias_producer', 'dataset_s3_bucket_consumer', 'dataset_s3_bucket_producer' retrieved from /home/airflow/.local/lib/python3.12/site-packages/airflow/example_dags/example_dataset_alias.py
[2024-10-28T13:31:38.767+0000] {logging_mixin.py:190} INFO - [2024-10-28T13:31:38.766+0000] {dag.py:3239} INFO - Sync 4 DAGs
[2024-10-28T13:31:38.783+0000] {logging_mixin.py:190} INFO - [2024-10-28T13:31:38.783+0000] {dag.py:4180} INFO - Setting next_dagrun for dataset_alias_example_alias_consumer to None, run_after=None
[2024-10-28T13:31:38.785+0000] {logging_mixin.py:190} INFO - [2024-10-28T13:31:38.785+0000] {dag.py:4180} INFO - Setting next_dagrun for dataset_alias_example_alias_producer to None, run_after=None
[2024-10-28T13:31:38.786+0000] {logging_mixin.py:190} INFO - [2024-10-28T13:31:38.786+0000] {dag.py:4180} INFO - Setting next_dagrun for dataset_s3_bucket_consumer to None, run_after=None
[2024-10-28T13:31:38.787+0000] {logging_mixin.py:190} INFO - [2024-10-28T13:31:38.787+0000] {dag.py:4180} INFO - Setting next_dagrun for dataset_s3_bucket_producer to None, run_after=None
[2024-10-28T13:31:38.814+0000] {processor.py:208} INFO - Processing /home/airflow/.local/lib/python3.12/site-packages/airflow/example_dags/example_dataset_alias.py took 0.174 seconds
[2024-10-28T13:32:09.453+0000] {processor.py:186} INFO - Started process (PID=956) to work on /home/airflow/.local/lib/python3.12/site-packages/airflow/example_dags/example_dataset_alias.py
[2024-10-28T13:32:09.454+0000] {processor.py:914} INFO - Processing file /home/airflow/.local/lib/python3.12/site-packages/airflow/example_dags/example_dataset_alias.py for tasks to queue
[2024-10-28T13:32:09.456+0000] {logging_mixin.py:190} INFO - [2024-10-28T13:32:09.455+0000] {dagbag.py:588} INFO - Filling up the DagBag from /home/airflow/.local/lib/python3.12/site-packages/airflow/example_dags/example_dataset_alias.py
[2024-10-28T13:32:09.555+0000] {processor.py:925} INFO - DAG(s) 'dataset_s3_bucket_producer', 'dataset_alias_example_alias_consumer', 'dataset_alias_example_alias_producer', 'dataset_s3_bucket_consumer' retrieved from /home/airflow/.local/lib/python3.12/site-packages/airflow/example_dags/example_dataset_alias.py
[2024-10-28T13:32:09.569+0000] {logging_mixin.py:190} INFO - [2024-10-28T13:32:09.569+0000] {dag.py:3239} INFO - Sync 4 DAGs
[2024-10-28T13:32:09.586+0000] {logging_mixin.py:190} INFO - [2024-10-28T13:32:09.586+0000] {dag.py:4180} INFO - Setting next_dagrun for dataset_alias_example_alias_consumer to None, run_after=None
[2024-10-28T13:32:09.588+0000] {logging_mixin.py:190} INFO - [2024-10-28T13:32:09.588+0000] {dag.py:4180} INFO - Setting next_dagrun for dataset_alias_example_alias_producer to None, run_after=None
[2024-10-28T13:32:09.589+0000] {logging_mixin.py:190} INFO - [2024-10-28T13:32:09.589+0000] {dag.py:4180} INFO - Setting next_dagrun for dataset_s3_bucket_consumer to None, run_after=None
[2024-10-28T13:32:09.590+0000] {logging_mixin.py:190} INFO - [2024-10-28T13:32:09.590+0000] {dag.py:4180} INFO - Setting next_dagrun for dataset_s3_bucket_producer to None, run_after=None
[2024-10-28T13:32:09.614+0000] {processor.py:208} INFO - Processing /home/airflow/.local/lib/python3.12/site-packages/airflow/example_dags/example_dataset_alias.py took 0.165 seconds
[2024-10-28T13:32:39.761+0000] {processor.py:186} INFO - Started process (PID=1019) to work on /home/airflow/.local/lib/python3.12/site-packages/airflow/example_dags/example_dataset_alias.py
[2024-10-28T13:32:39.763+0000] {processor.py:914} INFO - Processing file /home/airflow/.local/lib/python3.12/site-packages/airflow/example_dags/example_dataset_alias.py for tasks to queue
[2024-10-28T13:32:39.764+0000] {logging_mixin.py:190} INFO - [2024-10-28T13:32:39.764+0000] {dagbag.py:588} INFO - Filling up the DagBag from /home/airflow/.local/lib/python3.12/site-packages/airflow/example_dags/example_dataset_alias.py
[2024-10-28T13:32:39.891+0000] {processor.py:925} INFO - DAG(s) 'dataset_s3_bucket_producer', 'dataset_alias_example_alias_consumer', 'dataset_s3_bucket_consumer', 'dataset_alias_example_alias_producer' retrieved from /home/airflow/.local/lib/python3.12/site-packages/airflow/example_dags/example_dataset_alias.py
[2024-10-28T13:32:39.909+0000] {logging_mixin.py:190} INFO - [2024-10-28T13:32:39.909+0000] {dag.py:3239} INFO - Sync 4 DAGs
[2024-10-28T13:32:39.926+0000] {logging_mixin.py:190} INFO - [2024-10-28T13:32:39.926+0000] {dag.py:4180} INFO - Setting next_dagrun for dataset_alias_example_alias_consumer to None, run_after=None
[2024-10-28T13:32:39.928+0000] {logging_mixin.py:190} INFO - [2024-10-28T13:32:39.928+0000] {dag.py:4180} INFO - Setting next_dagrun for dataset_alias_example_alias_producer to None, run_after=None
[2024-10-28T13:32:39.929+0000] {logging_mixin.py:190} INFO - [2024-10-28T13:32:39.929+0000] {dag.py:4180} INFO - Setting next_dagrun for dataset_s3_bucket_consumer to None, run_after=None
[2024-10-28T13:32:39.930+0000] {logging_mixin.py:190} INFO - [2024-10-28T13:32:39.930+0000] {dag.py:4180} INFO - Setting next_dagrun for dataset_s3_bucket_producer to None, run_after=None
[2024-10-28T13:32:39.952+0000] {processor.py:208} INFO - Processing /home/airflow/.local/lib/python3.12/site-packages/airflow/example_dags/example_dataset_alias.py took 0.195 seconds
[2024-10-28T13:33:10.053+0000] {processor.py:186} INFO - Started process (PID=1082) to work on /home/airflow/.local/lib/python3.12/site-packages/airflow/example_dags/example_dataset_alias.py
[2024-10-28T13:33:10.054+0000] {processor.py:914} INFO - Processing file /home/airflow/.local/lib/python3.12/site-packages/airflow/example_dags/example_dataset_alias.py for tasks to queue
[2024-10-28T13:33:10.056+0000] {logging_mixin.py:190} INFO - [2024-10-28T13:33:10.055+0000] {dagbag.py:588} INFO - Filling up the DagBag from /home/airflow/.local/lib/python3.12/site-packages/airflow/example_dags/example_dataset_alias.py
[2024-10-28T13:33:10.158+0000] {processor.py:925} INFO - DAG(s) 'dataset_alias_example_alias_producer', 'dataset_alias_example_alias_consumer', 'dataset_s3_bucket_producer', 'dataset_s3_bucket_consumer' retrieved from /home/airflow/.local/lib/python3.12/site-packages/airflow/example_dags/example_dataset_alias.py
[2024-10-28T13:33:10.172+0000] {logging_mixin.py:190} INFO - [2024-10-28T13:33:10.172+0000] {dag.py:3239} INFO - Sync 4 DAGs
[2024-10-28T13:33:10.188+0000] {logging_mixin.py:190} INFO - [2024-10-28T13:33:10.188+0000] {dag.py:4180} INFO - Setting next_dagrun for dataset_alias_example_alias_consumer to None, run_after=None
[2024-10-28T13:33:10.190+0000] {logging_mixin.py:190} INFO - [2024-10-28T13:33:10.190+0000] {dag.py:4180} INFO - Setting next_dagrun for dataset_alias_example_alias_producer to None, run_after=None
[2024-10-28T13:33:10.191+0000] {logging_mixin.py:190} INFO - [2024-10-28T13:33:10.191+0000] {dag.py:4180} INFO - Setting next_dagrun for dataset_s3_bucket_consumer to None, run_after=None
[2024-10-28T13:33:10.192+0000] {logging_mixin.py:190} INFO - [2024-10-28T13:33:10.192+0000] {dag.py:4180} INFO - Setting next_dagrun for dataset_s3_bucket_producer to None, run_after=None
[2024-10-28T13:33:10.211+0000] {processor.py:208} INFO - Processing /home/airflow/.local/lib/python3.12/site-packages/airflow/example_dags/example_dataset_alias.py took 0.162 seconds
[2024-10-28T13:33:40.666+0000] {processor.py:186} INFO - Started process (PID=1145) to work on /home/airflow/.local/lib/python3.12/site-packages/airflow/example_dags/example_dataset_alias.py
[2024-10-28T13:33:40.668+0000] {processor.py:914} INFO - Processing file /home/airflow/.local/lib/python3.12/site-packages/airflow/example_dags/example_dataset_alias.py for tasks to queue
[2024-10-28T13:33:40.671+0000] {logging_mixin.py:190} INFO - [2024-10-28T13:33:40.671+0000] {dagbag.py:588} INFO - Filling up the DagBag from /home/airflow/.local/lib/python3.12/site-packages/airflow/example_dags/example_dataset_alias.py
[2024-10-28T13:33:40.793+0000] {processor.py:925} INFO - DAG(s) 'dataset_s3_bucket_consumer', 'dataset_alias_example_alias_producer', 'dataset_s3_bucket_producer', 'dataset_alias_example_alias_consumer' retrieved from /home/airflow/.local/lib/python3.12/site-packages/airflow/example_dags/example_dataset_alias.py
[2024-10-28T13:33:40.812+0000] {logging_mixin.py:190} INFO - [2024-10-28T13:33:40.811+0000] {dag.py:3239} INFO - Sync 4 DAGs
[2024-10-28T13:33:40.831+0000] {logging_mixin.py:190} INFO - [2024-10-28T13:33:40.831+0000] {dag.py:4180} INFO - Setting next_dagrun for dataset_alias_example_alias_consumer to None, run_after=None
[2024-10-28T13:33:40.836+0000] {logging_mixin.py:190} INFO - [2024-10-28T13:33:40.836+0000] {dag.py:4180} INFO - Setting next_dagrun for dataset_alias_example_alias_producer to None, run_after=None
[2024-10-28T13:33:40.841+0000] {logging_mixin.py:190} INFO - [2024-10-28T13:33:40.841+0000] {dag.py:4180} INFO - Setting next_dagrun for dataset_s3_bucket_consumer to None, run_after=None
[2024-10-28T13:33:40.845+0000] {logging_mixin.py:190} INFO - [2024-10-28T13:33:40.845+0000] {dag.py:4180} INFO - Setting next_dagrun for dataset_s3_bucket_producer to None, run_after=None
[2024-10-28T13:33:40.864+0000] {processor.py:208} INFO - Processing /home/airflow/.local/lib/python3.12/site-packages/airflow/example_dags/example_dataset_alias.py took 0.202 seconds
[2024-10-28T13:34:11.078+0000] {processor.py:186} INFO - Started process (PID=1208) to work on /home/airflow/.local/lib/python3.12/site-packages/airflow/example_dags/example_dataset_alias.py
[2024-10-28T13:34:11.080+0000] {processor.py:914} INFO - Processing file /home/airflow/.local/lib/python3.12/site-packages/airflow/example_dags/example_dataset_alias.py for tasks to queue
[2024-10-28T13:34:11.084+0000] {logging_mixin.py:190} INFO - [2024-10-28T13:34:11.084+0000] {dagbag.py:588} INFO - Filling up the DagBag from /home/airflow/.local/lib/python3.12/site-packages/airflow/example_dags/example_dataset_alias.py
[2024-10-28T13:34:11.195+0000] {processor.py:925} INFO - DAG(s) 'dataset_alias_example_alias_producer', 'dataset_s3_bucket_producer', 'dataset_s3_bucket_consumer', 'dataset_alias_example_alias_consumer' retrieved from /home/airflow/.local/lib/python3.12/site-packages/airflow/example_dags/example_dataset_alias.py
[2024-10-28T13:34:11.211+0000] {logging_mixin.py:190} INFO - [2024-10-28T13:34:11.211+0000] {dag.py:3239} INFO - Sync 4 DAGs
[2024-10-28T13:34:11.227+0000] {logging_mixin.py:190} INFO - [2024-10-28T13:34:11.227+0000] {dag.py:4180} INFO - Setting next_dagrun for dataset_alias_example_alias_consumer to None, run_after=None
[2024-10-28T13:34:11.230+0000] {logging_mixin.py:190} INFO - [2024-10-28T13:34:11.230+0000] {dag.py:4180} INFO - Setting next_dagrun for dataset_alias_example_alias_producer to None, run_after=None
[2024-10-28T13:34:11.233+0000] {logging_mixin.py:190} INFO - [2024-10-28T13:34:11.233+0000] {dag.py:4180} INFO - Setting next_dagrun for dataset_s3_bucket_consumer to None, run_after=None
[2024-10-28T13:34:11.234+0000] {logging_mixin.py:190} INFO - [2024-10-28T13:34:11.234+0000] {dag.py:4180} INFO - Setting next_dagrun for dataset_s3_bucket_producer to None, run_after=None
[2024-10-28T13:34:11.252+0000] {processor.py:208} INFO - Processing /home/airflow/.local/lib/python3.12/site-packages/airflow/example_dags/example_dataset_alias.py took 0.178 seconds
[2024-10-28T13:34:41.745+0000] {processor.py:186} INFO - Started process (PID=1271) to work on /home/airflow/.local/lib/python3.12/site-packages/airflow/example_dags/example_dataset_alias.py
[2024-10-28T13:34:41.746+0000] {processor.py:914} INFO - Processing file /home/airflow/.local/lib/python3.12/site-packages/airflow/example_dags/example_dataset_alias.py for tasks to queue
[2024-10-28T13:34:41.748+0000] {logging_mixin.py:190} INFO - [2024-10-28T13:34:41.748+0000] {dagbag.py:588} INFO - Filling up the DagBag from /home/airflow/.local/lib/python3.12/site-packages/airflow/example_dags/example_dataset_alias.py
[2024-10-28T13:34:41.856+0000] {processor.py:925} INFO - DAG(s) 'dataset_s3_bucket_producer', 'dataset_alias_example_alias_producer', 'dataset_s3_bucket_consumer', 'dataset_alias_example_alias_consumer' retrieved from /home/airflow/.local/lib/python3.12/site-packages/airflow/example_dags/example_dataset_alias.py
[2024-10-28T13:34:41.874+0000] {logging_mixin.py:190} INFO - [2024-10-28T13:34:41.874+0000] {dag.py:3239} INFO - Sync 4 DAGs
[2024-10-28T13:34:41.890+0000] {logging_mixin.py:190} INFO - [2024-10-28T13:34:41.890+0000] {dag.py:4180} INFO - Setting next_dagrun for dataset_alias_example_alias_consumer to None, run_after=None
[2024-10-28T13:34:41.893+0000] {logging_mixin.py:190} INFO - [2024-10-28T13:34:41.893+0000] {dag.py:4180} INFO - Setting next_dagrun for dataset_alias_example_alias_producer to None, run_after=None
[2024-10-28T13:34:41.895+0000] {logging_mixin.py:190} INFO - [2024-10-28T13:34:41.894+0000] {dag.py:4180} INFO - Setting next_dagrun for dataset_s3_bucket_consumer to None, run_after=None
[2024-10-28T13:34:41.896+0000] {logging_mixin.py:190} INFO - [2024-10-28T13:34:41.896+0000] {dag.py:4180} INFO - Setting next_dagrun for dataset_s3_bucket_producer to None, run_after=None
[2024-10-28T13:34:41.914+0000] {processor.py:208} INFO - Processing /home/airflow/.local/lib/python3.12/site-packages/airflow/example_dags/example_dataset_alias.py took 0.174 seconds
[2024-10-28T13:35:12.563+0000] {processor.py:186} INFO - Started process (PID=1334) to work on /home/airflow/.local/lib/python3.12/site-packages/airflow/example_dags/example_dataset_alias.py
[2024-10-28T13:35:12.565+0000] {processor.py:914} INFO - Processing file /home/airflow/.local/lib/python3.12/site-packages/airflow/example_dags/example_dataset_alias.py for tasks to queue
[2024-10-28T13:35:12.570+0000] {logging_mixin.py:190} INFO - [2024-10-28T13:35:12.569+0000] {dagbag.py:588} INFO - Filling up the DagBag from /home/airflow/.local/lib/python3.12/site-packages/airflow/example_dags/example_dataset_alias.py
[2024-10-28T13:35:12.681+0000] {processor.py:925} INFO - DAG(s) 'dataset_s3_bucket_consumer', 'dataset_alias_example_alias_producer', 'dataset_s3_bucket_producer', 'dataset_alias_example_alias_consumer' retrieved from /home/airflow/.local/lib/python3.12/site-packages/airflow/example_dags/example_dataset_alias.py
[2024-10-28T13:35:12.696+0000] {logging_mixin.py:190} INFO - [2024-10-28T13:35:12.696+0000] {dag.py:3239} INFO - Sync 4 DAGs
[2024-10-28T13:35:12.715+0000] {logging_mixin.py:190} INFO - [2024-10-28T13:35:12.715+0000] {dag.py:4180} INFO - Setting next_dagrun for dataset_alias_example_alias_consumer to None, run_after=None
[2024-10-28T13:35:12.718+0000] {logging_mixin.py:190} INFO - [2024-10-28T13:35:12.718+0000] {dag.py:4180} INFO - Setting next_dagrun for dataset_alias_example_alias_producer to None, run_after=None
[2024-10-28T13:35:12.719+0000] {logging_mixin.py:190} INFO - [2024-10-28T13:35:12.719+0000] {dag.py:4180} INFO - Setting next_dagrun for dataset_s3_bucket_consumer to None, run_after=None
[2024-10-28T13:35:12.721+0000] {logging_mixin.py:190} INFO - [2024-10-28T13:35:12.721+0000] {dag.py:4180} INFO - Setting next_dagrun for dataset_s3_bucket_producer to None, run_after=None
[2024-10-28T13:35:12.738+0000] {processor.py:208} INFO - Processing /home/airflow/.local/lib/python3.12/site-packages/airflow/example_dags/example_dataset_alias.py took 0.180 seconds
[2024-10-28T13:35:42.814+0000] {processor.py:186} INFO - Started process (PID=1397) to work on /home/airflow/.local/lib/python3.12/site-packages/airflow/example_dags/example_dataset_alias.py
[2024-10-28T13:35:42.815+0000] {processor.py:914} INFO - Processing file /home/airflow/.local/lib/python3.12/site-packages/airflow/example_dags/example_dataset_alias.py for tasks to queue
[2024-10-28T13:35:42.817+0000] {logging_mixin.py:190} INFO - [2024-10-28T13:35:42.817+0000] {dagbag.py:588} INFO - Filling up the DagBag from /home/airflow/.local/lib/python3.12/site-packages/airflow/example_dags/example_dataset_alias.py
[2024-10-28T13:35:42.922+0000] {processor.py:925} INFO - DAG(s) 'dataset_s3_bucket_consumer', 'dataset_alias_example_alias_producer', 'dataset_s3_bucket_producer', 'dataset_alias_example_alias_consumer' retrieved from /home/airflow/.local/lib/python3.12/site-packages/airflow/example_dags/example_dataset_alias.py
[2024-10-28T13:35:42.938+0000] {logging_mixin.py:190} INFO - [2024-10-28T13:35:42.937+0000] {dag.py:3239} INFO - Sync 4 DAGs
[2024-10-28T13:35:42.956+0000] {logging_mixin.py:190} INFO - [2024-10-28T13:35:42.956+0000] {dag.py:4180} INFO - Setting next_dagrun for dataset_alias_example_alias_consumer to None, run_after=None
[2024-10-28T13:35:42.958+0000] {logging_mixin.py:190} INFO - [2024-10-28T13:35:42.957+0000] {dag.py:4180} INFO - Setting next_dagrun for dataset_alias_example_alias_producer to None, run_after=None
[2024-10-28T13:35:42.959+0000] {logging_mixin.py:190} INFO - [2024-10-28T13:35:42.959+0000] {dag.py:4180} INFO - Setting next_dagrun for dataset_s3_bucket_consumer to None, run_after=None
[2024-10-28T13:35:42.960+0000] {logging_mixin.py:190} INFO - [2024-10-28T13:35:42.960+0000] {dag.py:4180} INFO - Setting next_dagrun for dataset_s3_bucket_producer to None, run_after=None
[2024-10-28T13:35:42.976+0000] {processor.py:208} INFO - Processing /home/airflow/.local/lib/python3.12/site-packages/airflow/example_dags/example_dataset_alias.py took 0.165 seconds
[2024-10-28T13:36:13.624+0000] {processor.py:186} INFO - Started process (PID=1460) to work on /home/airflow/.local/lib/python3.12/site-packages/airflow/example_dags/example_dataset_alias.py
[2024-10-28T13:36:13.625+0000] {processor.py:914} INFO - Processing file /home/airflow/.local/lib/python3.12/site-packages/airflow/example_dags/example_dataset_alias.py for tasks to queue
[2024-10-28T13:36:13.627+0000] {logging_mixin.py:190} INFO - [2024-10-28T13:36:13.627+0000] {dagbag.py:588} INFO - Filling up the DagBag from /home/airflow/.local/lib/python3.12/site-packages/airflow/example_dags/example_dataset_alias.py
[2024-10-28T13:36:13.730+0000] {processor.py:925} INFO - DAG(s) 'dataset_s3_bucket_consumer', 'dataset_s3_bucket_producer', 'dataset_alias_example_alias_producer', 'dataset_alias_example_alias_consumer' retrieved from /home/airflow/.local/lib/python3.12/site-packages/airflow/example_dags/example_dataset_alias.py
[2024-10-28T13:36:13.744+0000] {logging_mixin.py:190} INFO - [2024-10-28T13:36:13.744+0000] {dag.py:3239} INFO - Sync 4 DAGs
[2024-10-28T13:36:13.758+0000] {logging_mixin.py:190} INFO - [2024-10-28T13:36:13.758+0000] {dag.py:4180} INFO - Setting next_dagrun for dataset_alias_example_alias_consumer to None, run_after=None
[2024-10-28T13:36:13.761+0000] {logging_mixin.py:190} INFO - [2024-10-28T13:36:13.761+0000] {dag.py:4180} INFO - Setting next_dagrun for dataset_alias_example_alias_producer to None, run_after=None
[2024-10-28T13:36:13.762+0000] {logging_mixin.py:190} INFO - [2024-10-28T13:36:13.762+0000] {dag.py:4180} INFO - Setting next_dagrun for dataset_s3_bucket_consumer to None, run_after=None
[2024-10-28T13:36:13.763+0000] {logging_mixin.py:190} INFO - [2024-10-28T13:36:13.763+0000] {dag.py:4180} INFO - Setting next_dagrun for dataset_s3_bucket_producer to None, run_after=None
[2024-10-28T13:36:13.779+0000] {processor.py:208} INFO - Processing /home/airflow/.local/lib/python3.12/site-packages/airflow/example_dags/example_dataset_alias.py took 0.160 seconds
[2024-10-28T13:36:43.905+0000] {processor.py:186} INFO - Started process (PID=1523) to work on /home/airflow/.local/lib/python3.12/site-packages/airflow/example_dags/example_dataset_alias.py
[2024-10-28T13:36:43.907+0000] {processor.py:914} INFO - Processing file /home/airflow/.local/lib/python3.12/site-packages/airflow/example_dags/example_dataset_alias.py for tasks to queue
[2024-10-28T13:36:43.914+0000] {logging_mixin.py:190} INFO - [2024-10-28T13:36:43.913+0000] {dagbag.py:588} INFO - Filling up the DagBag from /home/airflow/.local/lib/python3.12/site-packages/airflow/example_dags/example_dataset_alias.py
[2024-10-28T13:36:44.023+0000] {processor.py:925} INFO - DAG(s) 'dataset_alias_example_alias_producer', 'dataset_s3_bucket_consumer', 'dataset_s3_bucket_producer', 'dataset_alias_example_alias_consumer' retrieved from /home/airflow/.local/lib/python3.12/site-packages/airflow/example_dags/example_dataset_alias.py
[2024-10-28T13:36:44.037+0000] {logging_mixin.py:190} INFO - [2024-10-28T13:36:44.037+0000] {dag.py:3239} INFO - Sync 4 DAGs
[2024-10-28T13:36:44.056+0000] {logging_mixin.py:190} INFO - [2024-10-28T13:36:44.056+0000] {dag.py:4180} INFO - Setting next_dagrun for dataset_alias_example_alias_consumer to None, run_after=None
[2024-10-28T13:36:44.059+0000] {logging_mixin.py:190} INFO - [2024-10-28T13:36:44.059+0000] {dag.py:4180} INFO - Setting next_dagrun for dataset_alias_example_alias_producer to None, run_after=None
[2024-10-28T13:36:44.060+0000] {logging_mixin.py:190} INFO - [2024-10-28T13:36:44.060+0000] {dag.py:4180} INFO - Setting next_dagrun for dataset_s3_bucket_consumer to None, run_after=None
[2024-10-28T13:36:44.061+0000] {logging_mixin.py:190} INFO - [2024-10-28T13:36:44.061+0000] {dag.py:4180} INFO - Setting next_dagrun for dataset_s3_bucket_producer to None, run_after=None
[2024-10-28T13:36:44.087+0000] {processor.py:208} INFO - Processing /home/airflow/.local/lib/python3.12/site-packages/airflow/example_dags/example_dataset_alias.py took 0.186 seconds
[2024-10-28T13:37:14.234+0000] {processor.py:186} INFO - Started process (PID=1586) to work on /home/airflow/.local/lib/python3.12/site-packages/airflow/example_dags/example_dataset_alias.py
[2024-10-28T13:37:14.235+0000] {processor.py:914} INFO - Processing file /home/airflow/.local/lib/python3.12/site-packages/airflow/example_dags/example_dataset_alias.py for tasks to queue
[2024-10-28T13:37:14.237+0000] {logging_mixin.py:190} INFO - [2024-10-28T13:37:14.237+0000] {dagbag.py:588} INFO - Filling up the DagBag from /home/airflow/.local/lib/python3.12/site-packages/airflow/example_dags/example_dataset_alias.py
[2024-10-28T13:37:14.355+0000] {processor.py:925} INFO - DAG(s) 'dataset_alias_example_alias_producer', 'dataset_alias_example_alias_consumer', 'dataset_s3_bucket_consumer', 'dataset_s3_bucket_producer' retrieved from /home/airflow/.local/lib/python3.12/site-packages/airflow/example_dags/example_dataset_alias.py
[2024-10-28T13:37:14.372+0000] {logging_mixin.py:190} INFO - [2024-10-28T13:37:14.372+0000] {dag.py:3239} INFO - Sync 4 DAGs
[2024-10-28T13:37:14.392+0000] {logging_mixin.py:190} INFO - [2024-10-28T13:37:14.392+0000] {dag.py:4180} INFO - Setting next_dagrun for dataset_alias_example_alias_consumer to None, run_after=None
[2024-10-28T13:37:14.394+0000] {logging_mixin.py:190} INFO - [2024-10-28T13:37:14.394+0000] {dag.py:4180} INFO - Setting next_dagrun for dataset_alias_example_alias_producer to None, run_after=None
[2024-10-28T13:37:14.395+0000] {logging_mixin.py:190} INFO - [2024-10-28T13:37:14.395+0000] {dag.py:4180} INFO - Setting next_dagrun for dataset_s3_bucket_consumer to None, run_after=None
[2024-10-28T13:37:14.396+0000] {logging_mixin.py:190} INFO - [2024-10-28T13:37:14.396+0000] {dag.py:4180} INFO - Setting next_dagrun for dataset_s3_bucket_producer to None, run_after=None
[2024-10-28T13:37:14.414+0000] {processor.py:208} INFO - Processing /home/airflow/.local/lib/python3.12/site-packages/airflow/example_dags/example_dataset_alias.py took 0.185 seconds
[2024-10-28T13:37:44.747+0000] {processor.py:186} INFO - Started process (PID=1649) to work on /home/airflow/.local/lib/python3.12/site-packages/airflow/example_dags/example_dataset_alias.py
[2024-10-28T13:37:44.748+0000] {processor.py:914} INFO - Processing file /home/airflow/.local/lib/python3.12/site-packages/airflow/example_dags/example_dataset_alias.py for tasks to queue
[2024-10-28T13:37:44.750+0000] {logging_mixin.py:190} INFO - [2024-10-28T13:37:44.750+0000] {dagbag.py:588} INFO - Filling up the DagBag from /home/airflow/.local/lib/python3.12/site-packages/airflow/example_dags/example_dataset_alias.py
[2024-10-28T13:37:44.869+0000] {processor.py:925} INFO - DAG(s) 'dataset_s3_bucket_producer', 'dataset_s3_bucket_consumer', 'dataset_alias_example_alias_consumer', 'dataset_alias_example_alias_producer' retrieved from /home/airflow/.local/lib/python3.12/site-packages/airflow/example_dags/example_dataset_alias.py
[2024-10-28T13:37:44.884+0000] {logging_mixin.py:190} INFO - [2024-10-28T13:37:44.884+0000] {dag.py:3239} INFO - Sync 4 DAGs
[2024-10-28T13:37:44.901+0000] {logging_mixin.py:190} INFO - [2024-10-28T13:37:44.900+0000] {dag.py:4180} INFO - Setting next_dagrun for dataset_alias_example_alias_consumer to None, run_after=None
[2024-10-28T13:37:44.904+0000] {logging_mixin.py:190} INFO - [2024-10-28T13:37:44.903+0000] {dag.py:4180} INFO - Setting next_dagrun for dataset_alias_example_alias_producer to None, run_after=None
[2024-10-28T13:37:44.905+0000] {logging_mixin.py:190} INFO - [2024-10-28T13:37:44.905+0000] {dag.py:4180} INFO - Setting next_dagrun for dataset_s3_bucket_consumer to None, run_after=None
[2024-10-28T13:37:44.907+0000] {logging_mixin.py:190} INFO - [2024-10-28T13:37:44.907+0000] {dag.py:4180} INFO - Setting next_dagrun for dataset_s3_bucket_producer to None, run_after=None
[2024-10-28T13:37:44.924+0000] {processor.py:208} INFO - Processing /home/airflow/.local/lib/python3.12/site-packages/airflow/example_dags/example_dataset_alias.py took 0.182 seconds
[2024-10-28T13:38:15.307+0000] {processor.py:186} INFO - Started process (PID=1712) to work on /home/airflow/.local/lib/python3.12/site-packages/airflow/example_dags/example_dataset_alias.py
[2024-10-28T13:38:15.308+0000] {processor.py:914} INFO - Processing file /home/airflow/.local/lib/python3.12/site-packages/airflow/example_dags/example_dataset_alias.py for tasks to queue
[2024-10-28T13:38:15.310+0000] {logging_mixin.py:190} INFO - [2024-10-28T13:38:15.310+0000] {dagbag.py:588} INFO - Filling up the DagBag from /home/airflow/.local/lib/python3.12/site-packages/airflow/example_dags/example_dataset_alias.py
[2024-10-28T13:38:15.416+0000] {processor.py:925} INFO - DAG(s) 'dataset_s3_bucket_consumer', 'dataset_alias_example_alias_consumer', 'dataset_alias_example_alias_producer', 'dataset_s3_bucket_producer' retrieved from /home/airflow/.local/lib/python3.12/site-packages/airflow/example_dags/example_dataset_alias.py
[2024-10-28T13:38:15.431+0000] {logging_mixin.py:190} INFO - [2024-10-28T13:38:15.431+0000] {dag.py:3239} INFO - Sync 4 DAGs
[2024-10-28T13:38:15.449+0000] {logging_mixin.py:190} INFO - [2024-10-28T13:38:15.449+0000] {dag.py:4180} INFO - Setting next_dagrun for dataset_alias_example_alias_consumer to None, run_after=None
[2024-10-28T13:38:15.451+0000] {logging_mixin.py:190} INFO - [2024-10-28T13:38:15.451+0000] {dag.py:4180} INFO - Setting next_dagrun for dataset_alias_example_alias_producer to None, run_after=None
[2024-10-28T13:38:15.453+0000] {logging_mixin.py:190} INFO - [2024-10-28T13:38:15.453+0000] {dag.py:4180} INFO - Setting next_dagrun for dataset_s3_bucket_consumer to None, run_after=None
[2024-10-28T13:38:15.454+0000] {logging_mixin.py:190} INFO - [2024-10-28T13:38:15.454+0000] {dag.py:4180} INFO - Setting next_dagrun for dataset_s3_bucket_producer to None, run_after=None
[2024-10-28T13:38:15.473+0000] {processor.py:208} INFO - Processing /home/airflow/.local/lib/python3.12/site-packages/airflow/example_dags/example_dataset_alias.py took 0.170 seconds
[2024-10-28T13:38:45.815+0000] {processor.py:186} INFO - Started process (PID=1775) to work on /home/airflow/.local/lib/python3.12/site-packages/airflow/example_dags/example_dataset_alias.py
[2024-10-28T13:38:45.816+0000] {processor.py:914} INFO - Processing file /home/airflow/.local/lib/python3.12/site-packages/airflow/example_dags/example_dataset_alias.py for tasks to queue
[2024-10-28T13:38:45.818+0000] {logging_mixin.py:190} INFO - [2024-10-28T13:38:45.818+0000] {dagbag.py:588} INFO - Filling up the DagBag from /home/airflow/.local/lib/python3.12/site-packages/airflow/example_dags/example_dataset_alias.py
[2024-10-28T13:38:45.918+0000] {processor.py:925} INFO - DAG(s) 'dataset_s3_bucket_producer', 'dataset_alias_example_alias_consumer', 'dataset_alias_example_alias_producer', 'dataset_s3_bucket_consumer' retrieved from /home/airflow/.local/lib/python3.12/site-packages/airflow/example_dags/example_dataset_alias.py
[2024-10-28T13:38:45.933+0000] {logging_mixin.py:190} INFO - [2024-10-28T13:38:45.933+0000] {dag.py:3239} INFO - Sync 4 DAGs
[2024-10-28T13:38:45.949+0000] {logging_mixin.py:190} INFO - [2024-10-28T13:38:45.949+0000] {dag.py:4180} INFO - Setting next_dagrun for dataset_alias_example_alias_consumer to None, run_after=None
[2024-10-28T13:38:45.951+0000] {logging_mixin.py:190} INFO - [2024-10-28T13:38:45.951+0000] {dag.py:4180} INFO - Setting next_dagrun for dataset_alias_example_alias_producer to None, run_after=None
[2024-10-28T13:38:45.952+0000] {logging_mixin.py:190} INFO - [2024-10-28T13:38:45.952+0000] {dag.py:4180} INFO - Setting next_dagrun for dataset_s3_bucket_consumer to None, run_after=None
[2024-10-28T13:38:45.953+0000] {logging_mixin.py:190} INFO - [2024-10-28T13:38:45.953+0000] {dag.py:4180} INFO - Setting next_dagrun for dataset_s3_bucket_producer to None, run_after=None
[2024-10-28T13:38:45.972+0000] {processor.py:208} INFO - Processing /home/airflow/.local/lib/python3.12/site-packages/airflow/example_dags/example_dataset_alias.py took 0.161 seconds
[2024-10-28T13:39:16.339+0000] {processor.py:186} INFO - Started process (PID=1838) to work on /home/airflow/.local/lib/python3.12/site-packages/airflow/example_dags/example_dataset_alias.py
[2024-10-28T13:39:16.340+0000] {processor.py:914} INFO - Processing file /home/airflow/.local/lib/python3.12/site-packages/airflow/example_dags/example_dataset_alias.py for tasks to queue
[2024-10-28T13:39:16.341+0000] {logging_mixin.py:190} INFO - [2024-10-28T13:39:16.341+0000] {dagbag.py:588} INFO - Filling up the DagBag from /home/airflow/.local/lib/python3.12/site-packages/airflow/example_dags/example_dataset_alias.py
[2024-10-28T13:39:16.442+0000] {processor.py:925} INFO - DAG(s) 'dataset_alias_example_alias_consumer', 'dataset_s3_bucket_producer', 'dataset_alias_example_alias_producer', 'dataset_s3_bucket_consumer' retrieved from /home/airflow/.local/lib/python3.12/site-packages/airflow/example_dags/example_dataset_alias.py
[2024-10-28T13:39:16.458+0000] {logging_mixin.py:190} INFO - [2024-10-28T13:39:16.458+0000] {dag.py:3239} INFO - Sync 4 DAGs
[2024-10-28T13:39:16.476+0000] {logging_mixin.py:190} INFO - [2024-10-28T13:39:16.475+0000] {dag.py:4180} INFO - Setting next_dagrun for dataset_alias_example_alias_consumer to None, run_after=None
[2024-10-28T13:39:16.478+0000] {logging_mixin.py:190} INFO - [2024-10-28T13:39:16.477+0000] {dag.py:4180} INFO - Setting next_dagrun for dataset_alias_example_alias_producer to None, run_after=None
[2024-10-28T13:39:16.479+0000] {logging_mixin.py:190} INFO - [2024-10-28T13:39:16.479+0000] {dag.py:4180} INFO - Setting next_dagrun for dataset_s3_bucket_consumer to None, run_after=None
[2024-10-28T13:39:16.480+0000] {logging_mixin.py:190} INFO - [2024-10-28T13:39:16.480+0000] {dag.py:4180} INFO - Setting next_dagrun for dataset_s3_bucket_producer to None, run_after=None
[2024-10-28T13:39:16.497+0000] {processor.py:208} INFO - Processing /home/airflow/.local/lib/python3.12/site-packages/airflow/example_dags/example_dataset_alias.py took 0.163 seconds
[2024-10-28T13:39:46.782+0000] {processor.py:186} INFO - Started process (PID=1901) to work on /home/airflow/.local/lib/python3.12/site-packages/airflow/example_dags/example_dataset_alias.py
[2024-10-28T13:39:46.783+0000] {processor.py:914} INFO - Processing file /home/airflow/.local/lib/python3.12/site-packages/airflow/example_dags/example_dataset_alias.py for tasks to queue
[2024-10-28T13:39:46.785+0000] {logging_mixin.py:190} INFO - [2024-10-28T13:39:46.785+0000] {dagbag.py:588} INFO - Filling up the DagBag from /home/airflow/.local/lib/python3.12/site-packages/airflow/example_dags/example_dataset_alias.py
[2024-10-28T13:39:46.911+0000] {processor.py:925} INFO - DAG(s) 'dataset_alias_example_alias_consumer', 'dataset_s3_bucket_consumer', 'dataset_alias_example_alias_producer', 'dataset_s3_bucket_producer' retrieved from /home/airflow/.local/lib/python3.12/site-packages/airflow/example_dags/example_dataset_alias.py
[2024-10-28T13:39:46.932+0000] {logging_mixin.py:190} INFO - [2024-10-28T13:39:46.932+0000] {dag.py:3239} INFO - Sync 4 DAGs
[2024-10-28T13:39:47.128+0000] {logging_mixin.py:190} INFO - [2024-10-28T13:39:47.128+0000] {dag.py:4180} INFO - Setting next_dagrun for dataset_alias_example_alias_consumer to None, run_after=None
[2024-10-28T13:39:47.131+0000] {logging_mixin.py:190} INFO - [2024-10-28T13:39:47.131+0000] {dag.py:4180} INFO - Setting next_dagrun for dataset_alias_example_alias_producer to None, run_after=None
[2024-10-28T13:39:47.132+0000] {logging_mixin.py:190} INFO - [2024-10-28T13:39:47.132+0000] {dag.py:4180} INFO - Setting next_dagrun for dataset_s3_bucket_consumer to None, run_after=None
[2024-10-28T13:39:47.134+0000] {logging_mixin.py:190} INFO - [2024-10-28T13:39:47.134+0000] {dag.py:4180} INFO - Setting next_dagrun for dataset_s3_bucket_producer to None, run_after=None
[2024-10-28T13:39:47.154+0000] {processor.py:208} INFO - Processing /home/airflow/.local/lib/python3.12/site-packages/airflow/example_dags/example_dataset_alias.py took 0.376 seconds
[2024-10-28T13:40:18.185+0000] {processor.py:186} INFO - Started process (PID=1964) to work on /home/airflow/.local/lib/python3.12/site-packages/airflow/example_dags/example_dataset_alias.py
[2024-10-28T13:40:18.186+0000] {processor.py:914} INFO - Processing file /home/airflow/.local/lib/python3.12/site-packages/airflow/example_dags/example_dataset_alias.py for tasks to queue
[2024-10-28T13:40:18.188+0000] {logging_mixin.py:190} INFO - [2024-10-28T13:40:18.188+0000] {dagbag.py:588} INFO - Filling up the DagBag from /home/airflow/.local/lib/python3.12/site-packages/airflow/example_dags/example_dataset_alias.py
[2024-10-28T13:40:18.293+0000] {processor.py:925} INFO - DAG(s) 'dataset_alias_example_alias_consumer', 'dataset_s3_bucket_consumer', 'dataset_alias_example_alias_producer', 'dataset_s3_bucket_producer' retrieved from /home/airflow/.local/lib/python3.12/site-packages/airflow/example_dags/example_dataset_alias.py
[2024-10-28T13:40:18.307+0000] {logging_mixin.py:190} INFO - [2024-10-28T13:40:18.307+0000] {dag.py:3239} INFO - Sync 4 DAGs
[2024-10-28T13:40:18.470+0000] {logging_mixin.py:190} INFO - [2024-10-28T13:40:18.470+0000] {dag.py:4180} INFO - Setting next_dagrun for dataset_alias_example_alias_consumer to None, run_after=None
[2024-10-28T13:40:18.472+0000] {logging_mixin.py:190} INFO - [2024-10-28T13:40:18.472+0000] {dag.py:4180} INFO - Setting next_dagrun for dataset_alias_example_alias_producer to None, run_after=None
[2024-10-28T13:40:18.473+0000] {logging_mixin.py:190} INFO - [2024-10-28T13:40:18.473+0000] {dag.py:4180} INFO - Setting next_dagrun for dataset_s3_bucket_consumer to None, run_after=None
[2024-10-28T13:40:18.474+0000] {logging_mixin.py:190} INFO - [2024-10-28T13:40:18.474+0000] {dag.py:4180} INFO - Setting next_dagrun for dataset_s3_bucket_producer to None, run_after=None
[2024-10-28T13:40:18.498+0000] {processor.py:208} INFO - Processing /home/airflow/.local/lib/python3.12/site-packages/airflow/example_dags/example_dataset_alias.py took 0.317 seconds
[2024-10-28T13:40:48.942+0000] {processor.py:186} INFO - Started process (PID=2027) to work on /home/airflow/.local/lib/python3.12/site-packages/airflow/example_dags/example_dataset_alias.py
[2024-10-28T13:40:48.943+0000] {processor.py:914} INFO - Processing file /home/airflow/.local/lib/python3.12/site-packages/airflow/example_dags/example_dataset_alias.py for tasks to queue
[2024-10-28T13:40:48.944+0000] {logging_mixin.py:190} INFO - [2024-10-28T13:40:48.944+0000] {dagbag.py:588} INFO - Filling up the DagBag from /home/airflow/.local/lib/python3.12/site-packages/airflow/example_dags/example_dataset_alias.py
[2024-10-28T13:40:49.051+0000] {processor.py:925} INFO - DAG(s) 'dataset_s3_bucket_producer', 'dataset_s3_bucket_consumer', 'dataset_alias_example_alias_producer', 'dataset_alias_example_alias_consumer' retrieved from /home/airflow/.local/lib/python3.12/site-packages/airflow/example_dags/example_dataset_alias.py
[2024-10-28T13:40:49.066+0000] {logging_mixin.py:190} INFO - [2024-10-28T13:40:49.066+0000] {dag.py:3239} INFO - Sync 4 DAGs
[2024-10-28T13:40:49.236+0000] {logging_mixin.py:190} INFO - [2024-10-28T13:40:49.236+0000] {dag.py:4180} INFO - Setting next_dagrun for dataset_alias_example_alias_consumer to None, run_after=None
[2024-10-28T13:40:49.238+0000] {logging_mixin.py:190} INFO - [2024-10-28T13:40:49.238+0000] {dag.py:4180} INFO - Setting next_dagrun for dataset_alias_example_alias_producer to None, run_after=None
[2024-10-28T13:40:49.240+0000] {logging_mixin.py:190} INFO - [2024-10-28T13:40:49.239+0000] {dag.py:4180} INFO - Setting next_dagrun for dataset_s3_bucket_consumer to None, run_after=None
[2024-10-28T13:40:49.241+0000] {logging_mixin.py:190} INFO - [2024-10-28T13:40:49.241+0000] {dag.py:4180} INFO - Setting next_dagrun for dataset_s3_bucket_producer to None, run_after=None
[2024-10-28T13:40:49.256+0000] {processor.py:208} INFO - Processing /home/airflow/.local/lib/python3.12/site-packages/airflow/example_dags/example_dataset_alias.py took 0.318 seconds
[2024-10-28T13:41:20.161+0000] {processor.py:186} INFO - Started process (PID=2090) to work on /home/airflow/.local/lib/python3.12/site-packages/airflow/example_dags/example_dataset_alias.py
[2024-10-28T13:41:20.162+0000] {processor.py:914} INFO - Processing file /home/airflow/.local/lib/python3.12/site-packages/airflow/example_dags/example_dataset_alias.py for tasks to queue
[2024-10-28T13:41:20.164+0000] {logging_mixin.py:190} INFO - [2024-10-28T13:41:20.164+0000] {dagbag.py:588} INFO - Filling up the DagBag from /home/airflow/.local/lib/python3.12/site-packages/airflow/example_dags/example_dataset_alias.py
[2024-10-28T13:41:20.281+0000] {processor.py:925} INFO - DAG(s) 'dataset_s3_bucket_consumer', 'dataset_s3_bucket_producer', 'dataset_alias_example_alias_consumer', 'dataset_alias_example_alias_producer' retrieved from /home/airflow/.local/lib/python3.12/site-packages/airflow/example_dags/example_dataset_alias.py
[2024-10-28T13:41:20.522+0000] {logging_mixin.py:190} INFO - [2024-10-28T13:41:20.521+0000] {dag.py:3239} INFO - Sync 4 DAGs
[2024-10-28T13:41:20.532+0000] {logging_mixin.py:190} INFO - [2024-10-28T13:41:20.531+0000] {dag.py:3262} INFO - Creating ORM DAG for dataset_alias_example_alias_consumer
[2024-10-28T13:41:20.538+0000] {logging_mixin.py:190} INFO - [2024-10-28T13:41:20.538+0000] {dag.py:4180} INFO - Setting next_dagrun for dataset_alias_example_alias_consumer to None, run_after=None
[2024-10-28T13:41:20.539+0000] {logging_mixin.py:190} INFO - [2024-10-28T13:41:20.539+0000] {dag.py:4180} INFO - Setting next_dagrun for dataset_alias_example_alias_producer to None, run_after=None
[2024-10-28T13:41:20.541+0000] {logging_mixin.py:190} INFO - [2024-10-28T13:41:20.541+0000] {dag.py:4180} INFO - Setting next_dagrun for dataset_s3_bucket_consumer to None, run_after=None
[2024-10-28T13:41:20.543+0000] {logging_mixin.py:190} INFO - [2024-10-28T13:41:20.543+0000] {dag.py:4180} INFO - Setting next_dagrun for dataset_s3_bucket_producer to None, run_after=None
[2024-10-28T13:41:20.564+0000] {processor.py:208} INFO - Processing /home/airflow/.local/lib/python3.12/site-packages/airflow/example_dags/example_dataset_alias.py took 0.407 seconds
[2024-10-28T13:41:50.990+0000] {processor.py:186} INFO - Started process (PID=2153) to work on /home/airflow/.local/lib/python3.12/site-packages/airflow/example_dags/example_dataset_alias.py
[2024-10-28T13:41:50.990+0000] {processor.py:914} INFO - Processing file /home/airflow/.local/lib/python3.12/site-packages/airflow/example_dags/example_dataset_alias.py for tasks to queue
[2024-10-28T13:41:50.993+0000] {logging_mixin.py:190} INFO - [2024-10-28T13:41:50.992+0000] {dagbag.py:588} INFO - Filling up the DagBag from /home/airflow/.local/lib/python3.12/site-packages/airflow/example_dags/example_dataset_alias.py
[2024-10-28T13:41:51.100+0000] {processor.py:925} INFO - DAG(s) 'dataset_alias_example_alias_producer', 'dataset_alias_example_alias_consumer', 'dataset_s3_bucket_consumer', 'dataset_s3_bucket_producer' retrieved from /home/airflow/.local/lib/python3.12/site-packages/airflow/example_dags/example_dataset_alias.py
[2024-10-28T13:41:51.354+0000] {logging_mixin.py:190} INFO - [2024-10-28T13:41:51.354+0000] {dag.py:3239} INFO - Sync 4 DAGs
[2024-10-28T13:41:51.362+0000] {logging_mixin.py:190} INFO - [2024-10-28T13:41:51.362+0000] {dag.py:3262} INFO - Creating ORM DAG for dataset_s3_bucket_consumer
[2024-10-28T13:41:51.363+0000] {logging_mixin.py:190} INFO - [2024-10-28T13:41:51.363+0000] {dag.py:3262} INFO - Creating ORM DAG for dataset_s3_bucket_producer
[2024-10-28T13:41:51.363+0000] {logging_mixin.py:190} INFO - [2024-10-28T13:41:51.363+0000] {dag.py:3262} INFO - Creating ORM DAG for dataset_alias_example_alias_consumer
[2024-10-28T13:41:51.364+0000] {logging_mixin.py:190} INFO - [2024-10-28T13:41:51.364+0000] {dag.py:3262} INFO - Creating ORM DAG for dataset_alias_example_alias_producer
[2024-10-28T13:41:51.372+0000] {logging_mixin.py:190} INFO - [2024-10-28T13:41:51.372+0000] {dag.py:4180} INFO - Setting next_dagrun for dataset_alias_example_alias_consumer to None, run_after=None
[2024-10-28T13:41:51.373+0000] {logging_mixin.py:190} INFO - [2024-10-28T13:41:51.373+0000] {dag.py:4180} INFO - Setting next_dagrun for dataset_alias_example_alias_producer to None, run_after=None
[2024-10-28T13:41:51.374+0000] {logging_mixin.py:190} INFO - [2024-10-28T13:41:51.374+0000] {dag.py:4180} INFO - Setting next_dagrun for dataset_s3_bucket_consumer to None, run_after=None
[2024-10-28T13:41:51.375+0000] {logging_mixin.py:190} INFO - [2024-10-28T13:41:51.375+0000] {dag.py:4180} INFO - Setting next_dagrun for dataset_s3_bucket_producer to None, run_after=None
[2024-10-28T13:41:51.409+0000] {processor.py:208} INFO - Processing /home/airflow/.local/lib/python3.12/site-packages/airflow/example_dags/example_dataset_alias.py took 0.424 seconds
[2024-10-28T13:42:21.867+0000] {processor.py:186} INFO - Started process (PID=2216) to work on /home/airflow/.local/lib/python3.12/site-packages/airflow/example_dags/example_dataset_alias.py
[2024-10-28T13:42:21.867+0000] {processor.py:914} INFO - Processing file /home/airflow/.local/lib/python3.12/site-packages/airflow/example_dags/example_dataset_alias.py for tasks to queue
[2024-10-28T13:42:21.868+0000] {logging_mixin.py:190} INFO - [2024-10-28T13:42:21.868+0000] {dagbag.py:588} INFO - Filling up the DagBag from /home/airflow/.local/lib/python3.12/site-packages/airflow/example_dags/example_dataset_alias.py
[2024-10-28T13:42:21.973+0000] {processor.py:925} INFO - DAG(s) 'dataset_s3_bucket_producer', 'dataset_s3_bucket_consumer', 'dataset_alias_example_alias_consumer', 'dataset_alias_example_alias_producer' retrieved from /home/airflow/.local/lib/python3.12/site-packages/airflow/example_dags/example_dataset_alias.py
[2024-10-28T13:42:22.215+0000] {logging_mixin.py:190} INFO - [2024-10-28T13:42:22.215+0000] {dag.py:3239} INFO - Sync 4 DAGs
[2024-10-28T13:42:22.223+0000] {logging_mixin.py:190} INFO - [2024-10-28T13:42:22.223+0000] {dag.py:3262} INFO - Creating ORM DAG for dataset_alias_example_alias_consumer
[2024-10-28T13:42:22.224+0000] {logging_mixin.py:190} INFO - [2024-10-28T13:42:22.224+0000] {dag.py:3262} INFO - Creating ORM DAG for dataset_alias_example_alias_producer
[2024-10-28T13:42:22.230+0000] {logging_mixin.py:190} INFO - [2024-10-28T13:42:22.230+0000] {dag.py:4180} INFO - Setting next_dagrun for dataset_alias_example_alias_consumer to None, run_after=None
[2024-10-28T13:42:22.231+0000] {logging_mixin.py:190} INFO - [2024-10-28T13:42:22.231+0000] {dag.py:4180} INFO - Setting next_dagrun for dataset_alias_example_alias_producer to None, run_after=None
[2024-10-28T13:42:22.231+0000] {logging_mixin.py:190} INFO - [2024-10-28T13:42:22.231+0000] {dag.py:4180} INFO - Setting next_dagrun for dataset_s3_bucket_consumer to None, run_after=None
[2024-10-28T13:42:22.233+0000] {logging_mixin.py:190} INFO - [2024-10-28T13:42:22.233+0000] {dag.py:4180} INFO - Setting next_dagrun for dataset_s3_bucket_producer to None, run_after=None
[2024-10-28T13:42:22.252+0000] {processor.py:208} INFO - Processing /home/airflow/.local/lib/python3.12/site-packages/airflow/example_dags/example_dataset_alias.py took 0.390 seconds
[2024-10-28T13:42:52.938+0000] {processor.py:186} INFO - Started process (PID=2278) to work on /home/airflow/.local/lib/python3.12/site-packages/airflow/example_dags/example_dataset_alias.py
[2024-10-28T13:42:52.939+0000] {processor.py:914} INFO - Processing file /home/airflow/.local/lib/python3.12/site-packages/airflow/example_dags/example_dataset_alias.py for tasks to queue
[2024-10-28T13:42:52.940+0000] {logging_mixin.py:190} INFO - [2024-10-28T13:42:52.940+0000] {dagbag.py:588} INFO - Filling up the DagBag from /home/airflow/.local/lib/python3.12/site-packages/airflow/example_dags/example_dataset_alias.py
[2024-10-28T13:42:53.209+0000] {processor.py:925} INFO - DAG(s) 'dataset_s3_bucket_producer', 'dataset_alias_example_alias_producer', 'dataset_s3_bucket_consumer', 'dataset_alias_example_alias_consumer' retrieved from /home/airflow/.local/lib/python3.12/site-packages/airflow/example_dags/example_dataset_alias.py
[2024-10-28T13:42:53.223+0000] {logging_mixin.py:190} INFO - [2024-10-28T13:42:53.223+0000] {dag.py:3239} INFO - Sync 4 DAGs
[2024-10-28T13:42:53.237+0000] {logging_mixin.py:190} INFO - [2024-10-28T13:42:53.236+0000] {dag.py:4180} INFO - Setting next_dagrun for dataset_alias_example_alias_consumer to None, run_after=None
[2024-10-28T13:42:53.239+0000] {logging_mixin.py:190} INFO - [2024-10-28T13:42:53.239+0000] {dag.py:4180} INFO - Setting next_dagrun for dataset_alias_example_alias_producer to None, run_after=None
[2024-10-28T13:42:53.240+0000] {logging_mixin.py:190} INFO - [2024-10-28T13:42:53.240+0000] {dag.py:4180} INFO - Setting next_dagrun for dataset_s3_bucket_consumer to None, run_after=None
[2024-10-28T13:42:53.241+0000] {logging_mixin.py:190} INFO - [2024-10-28T13:42:53.241+0000] {dag.py:4180} INFO - Setting next_dagrun for dataset_s3_bucket_producer to None, run_after=None
[2024-10-28T13:42:53.267+0000] {processor.py:208} INFO - Processing /home/airflow/.local/lib/python3.12/site-packages/airflow/example_dags/example_dataset_alias.py took 0.333 seconds
[2024-10-28T13:43:23.635+0000] {processor.py:186} INFO - Started process (PID=2340) to work on /home/airflow/.local/lib/python3.12/site-packages/airflow/example_dags/example_dataset_alias.py
[2024-10-28T13:43:23.637+0000] {processor.py:914} INFO - Processing file /home/airflow/.local/lib/python3.12/site-packages/airflow/example_dags/example_dataset_alias.py for tasks to queue
[2024-10-28T13:43:23.638+0000] {logging_mixin.py:190} INFO - [2024-10-28T13:43:23.638+0000] {dagbag.py:588} INFO - Filling up the DagBag from /home/airflow/.local/lib/python3.12/site-packages/airflow/example_dags/example_dataset_alias.py
[2024-10-28T13:43:23.750+0000] {processor.py:925} INFO - DAG(s) 'dataset_s3_bucket_consumer', 'dataset_alias_example_alias_consumer', 'dataset_s3_bucket_producer', 'dataset_alias_example_alias_producer' retrieved from /home/airflow/.local/lib/python3.12/site-packages/airflow/example_dags/example_dataset_alias.py
[2024-10-28T13:43:23.929+0000] {logging_mixin.py:190} INFO - [2024-10-28T13:43:23.928+0000] {dag.py:3239} INFO - Sync 4 DAGs
[2024-10-28T13:43:23.948+0000] {logging_mixin.py:190} INFO - [2024-10-28T13:43:23.948+0000] {dag.py:4180} INFO - Setting next_dagrun for dataset_alias_example_alias_consumer to None, run_after=None
[2024-10-28T13:43:23.951+0000] {logging_mixin.py:190} INFO - [2024-10-28T13:43:23.951+0000] {dag.py:4180} INFO - Setting next_dagrun for dataset_alias_example_alias_producer to None, run_after=None
[2024-10-28T13:43:23.952+0000] {logging_mixin.py:190} INFO - [2024-10-28T13:43:23.952+0000] {dag.py:4180} INFO - Setting next_dagrun for dataset_s3_bucket_consumer to None, run_after=None
[2024-10-28T13:43:23.953+0000] {logging_mixin.py:190} INFO - [2024-10-28T13:43:23.953+0000] {dag.py:4180} INFO - Setting next_dagrun for dataset_s3_bucket_producer to None, run_after=None
[2024-10-28T13:43:23.969+0000] {processor.py:208} INFO - Processing /home/airflow/.local/lib/python3.12/site-packages/airflow/example_dags/example_dataset_alias.py took 0.339 seconds
[2024-10-28T13:43:54.168+0000] {processor.py:186} INFO - Started process (PID=2402) to work on /home/airflow/.local/lib/python3.12/site-packages/airflow/example_dags/example_dataset_alias.py
[2024-10-28T13:43:54.169+0000] {processor.py:914} INFO - Processing file /home/airflow/.local/lib/python3.12/site-packages/airflow/example_dags/example_dataset_alias.py for tasks to queue
[2024-10-28T13:43:54.170+0000] {logging_mixin.py:190} INFO - [2024-10-28T13:43:54.170+0000] {dagbag.py:588} INFO - Filling up the DagBag from /home/airflow/.local/lib/python3.12/site-packages/airflow/example_dags/example_dataset_alias.py
[2024-10-28T13:43:54.432+0000] {processor.py:925} INFO - DAG(s) 'dataset_alias_example_alias_producer', 'dataset_s3_bucket_consumer', 'dataset_alias_example_alias_consumer', 'dataset_s3_bucket_producer' retrieved from /home/airflow/.local/lib/python3.12/site-packages/airflow/example_dags/example_dataset_alias.py
[2024-10-28T13:43:54.448+0000] {logging_mixin.py:190} INFO - [2024-10-28T13:43:54.448+0000] {dag.py:3239} INFO - Sync 4 DAGs
[2024-10-28T13:43:54.464+0000] {logging_mixin.py:190} INFO - [2024-10-28T13:43:54.463+0000] {dag.py:4180} INFO - Setting next_dagrun for dataset_alias_example_alias_consumer to None, run_after=None
[2024-10-28T13:43:54.466+0000] {logging_mixin.py:190} INFO - [2024-10-28T13:43:54.466+0000] {dag.py:4180} INFO - Setting next_dagrun for dataset_alias_example_alias_producer to None, run_after=None
[2024-10-28T13:43:54.467+0000] {logging_mixin.py:190} INFO - [2024-10-28T13:43:54.467+0000] {dag.py:4180} INFO - Setting next_dagrun for dataset_s3_bucket_consumer to None, run_after=None
[2024-10-28T13:43:54.468+0000] {logging_mixin.py:190} INFO - [2024-10-28T13:43:54.468+0000] {dag.py:4180} INFO - Setting next_dagrun for dataset_s3_bucket_producer to None, run_after=None
[2024-10-28T13:43:54.484+0000] {processor.py:208} INFO - Processing /home/airflow/.local/lib/python3.12/site-packages/airflow/example_dags/example_dataset_alias.py took 0.321 seconds
