[2024-10-28T13:21:16.836+0000] {processor.py:186} INFO - Started process (PID=85) to work on /home/airflow/.local/lib/python3.12/site-packages/airflow/example_dags/example_branch_python_dop_operator_3.py
[2024-10-28T13:21:16.838+0000] {processor.py:914} INFO - Processing file /home/airflow/.local/lib/python3.12/site-packages/airflow/example_dags/example_branch_python_dop_operator_3.py for tasks to queue
[2024-10-28T13:21:16.840+0000] {logging_mixin.py:190} INFO - [2024-10-28T13:21:16.840+0000] {dagbag.py:588} INFO - Filling up the DagBag from /home/airflow/.local/lib/python3.12/site-packages/airflow/example_dags/example_branch_python_dop_operator_3.py
[2024-10-28T13:21:16.854+0000] {processor.py:925} INFO - DAG(s) 'example_branch_dop_operator_v3' retrieved from /home/airflow/.local/lib/python3.12/site-packages/airflow/example_dags/example_branch_python_dop_operator_3.py
[2024-10-28T13:21:16.943+0000] {logging_mixin.py:190} INFO - [2024-10-28T13:21:16.942+0000] {override.py:1900} INFO - Created Permission View: can delete on DAG:example_branch_dop_operator_v3
[2024-10-28T13:21:16.952+0000] {logging_mixin.py:190} INFO - [2024-10-28T13:21:16.952+0000] {override.py:1900} INFO - Created Permission View: can edit on DAG:example_branch_dop_operator_v3
[2024-10-28T13:21:16.958+0000] {logging_mixin.py:190} INFO - [2024-10-28T13:21:16.958+0000] {override.py:1900} INFO - Created Permission View: can read on DAG:example_branch_dop_operator_v3
[2024-10-28T13:21:16.966+0000] {logging_mixin.py:190} INFO - [2024-10-28T13:21:16.966+0000] {override.py:1900} INFO - Created Permission View: can create on DAG Run:example_branch_dop_operator_v3
[2024-10-28T13:21:16.972+0000] {logging_mixin.py:190} INFO - [2024-10-28T13:21:16.972+0000] {override.py:1900} INFO - Created Permission View: menu access on DAG Run:example_branch_dop_operator_v3
[2024-10-28T13:21:16.978+0000] {logging_mixin.py:190} INFO - [2024-10-28T13:21:16.978+0000] {override.py:1900} INFO - Created Permission View: can read on DAG Run:example_branch_dop_operator_v3
[2024-10-28T13:21:16.987+0000] {logging_mixin.py:190} INFO - [2024-10-28T13:21:16.986+0000] {override.py:1900} INFO - Created Permission View: can delete on DAG Run:example_branch_dop_operator_v3
[2024-10-28T13:21:16.990+0000] {logging_mixin.py:190} INFO - [2024-10-28T13:21:16.989+0000] {dag.py:3239} INFO - Sync 1 DAGs
[2024-10-28T13:21:17.003+0000] {logging_mixin.py:190} INFO - [2024-10-28T13:21:17.003+0000] {dag.py:3262} INFO - Creating ORM DAG for example_branch_dop_operator_v3
[2024-10-28T13:21:17.018+0000] {logging_mixin.py:190} INFO - [2024-10-28T13:21:17.017+0000] {dag.py:4180} INFO - Setting next_dagrun for example_branch_dop_operator_v3 to 2024-10-28 13:20:00+00:00, run_after=2024-10-28 13:21:00+00:00
[2024-10-28T13:21:17.041+0000] {processor.py:208} INFO - Processing /home/airflow/.local/lib/python3.12/site-packages/airflow/example_dags/example_branch_python_dop_operator_3.py took 0.212 seconds
[2024-10-28T13:21:47.463+0000] {processor.py:186} INFO - Started process (PID=148) to work on /home/airflow/.local/lib/python3.12/site-packages/airflow/example_dags/example_branch_python_dop_operator_3.py
[2024-10-28T13:21:47.464+0000] {processor.py:914} INFO - Processing file /home/airflow/.local/lib/python3.12/site-packages/airflow/example_dags/example_branch_python_dop_operator_3.py for tasks to queue
[2024-10-28T13:21:47.465+0000] {logging_mixin.py:190} INFO - [2024-10-28T13:21:47.465+0000] {dagbag.py:588} INFO - Filling up the DagBag from /home/airflow/.local/lib/python3.12/site-packages/airflow/example_dags/example_branch_python_dop_operator_3.py
[2024-10-28T13:21:47.472+0000] {processor.py:925} INFO - DAG(s) 'example_branch_dop_operator_v3' retrieved from /home/airflow/.local/lib/python3.12/site-packages/airflow/example_dags/example_branch_python_dop_operator_3.py
[2024-10-28T13:21:47.486+0000] {logging_mixin.py:190} INFO - [2024-10-28T13:21:47.486+0000] {dag.py:3239} INFO - Sync 1 DAGs
[2024-10-28T13:21:47.503+0000] {logging_mixin.py:190} INFO - [2024-10-28T13:21:47.503+0000] {dag.py:4180} INFO - Setting next_dagrun for example_branch_dop_operator_v3 to 2024-10-28 13:20:00+00:00, run_after=2024-10-28 13:21:00+00:00
[2024-10-28T13:21:47.518+0000] {processor.py:208} INFO - Processing /home/airflow/.local/lib/python3.12/site-packages/airflow/example_dags/example_branch_python_dop_operator_3.py took 0.059 seconds
[2024-10-28T13:25:00.386+0000] {processor.py:186} INFO - Started process (PID=79) to work on /home/airflow/.local/lib/python3.12/site-packages/airflow/example_dags/example_branch_python_dop_operator_3.py
[2024-10-28T13:25:00.387+0000] {processor.py:914} INFO - Processing file /home/airflow/.local/lib/python3.12/site-packages/airflow/example_dags/example_branch_python_dop_operator_3.py for tasks to queue
[2024-10-28T13:25:00.390+0000] {logging_mixin.py:190} INFO - [2024-10-28T13:25:00.389+0000] {dagbag.py:588} INFO - Filling up the DagBag from /home/airflow/.local/lib/python3.12/site-packages/airflow/example_dags/example_branch_python_dop_operator_3.py
[2024-10-28T13:25:00.397+0000] {processor.py:925} INFO - DAG(s) 'example_branch_dop_operator_v3' retrieved from /home/airflow/.local/lib/python3.12/site-packages/airflow/example_dags/example_branch_python_dop_operator_3.py
[2024-10-28T13:25:00.414+0000] {logging_mixin.py:190} INFO - [2024-10-28T13:25:00.414+0000] {dag.py:3239} INFO - Sync 1 DAGs
[2024-10-28T13:25:00.433+0000] {logging_mixin.py:190} INFO - [2024-10-28T13:25:00.433+0000] {dag.py:4180} INFO - Setting next_dagrun for example_branch_dop_operator_v3 to 2024-10-28 13:24:00+00:00, run_after=2024-10-28 13:25:00+00:00
[2024-10-28T13:25:00.449+0000] {processor.py:208} INFO - Processing /home/airflow/.local/lib/python3.12/site-packages/airflow/example_dags/example_branch_python_dop_operator_3.py took 0.067 seconds
[2024-10-28T13:25:31.431+0000] {processor.py:186} INFO - Started process (PID=141) to work on /home/airflow/.local/lib/python3.12/site-packages/airflow/example_dags/example_branch_python_dop_operator_3.py
[2024-10-28T13:25:31.431+0000] {processor.py:914} INFO - Processing file /home/airflow/.local/lib/python3.12/site-packages/airflow/example_dags/example_branch_python_dop_operator_3.py for tasks to queue
[2024-10-28T13:25:31.434+0000] {logging_mixin.py:190} INFO - [2024-10-28T13:25:31.434+0000] {dagbag.py:588} INFO - Filling up the DagBag from /home/airflow/.local/lib/python3.12/site-packages/airflow/example_dags/example_branch_python_dop_operator_3.py
[2024-10-28T13:25:31.443+0000] {processor.py:925} INFO - DAG(s) 'example_branch_dop_operator_v3' retrieved from /home/airflow/.local/lib/python3.12/site-packages/airflow/example_dags/example_branch_python_dop_operator_3.py
[2024-10-28T13:25:31.458+0000] {logging_mixin.py:190} INFO - [2024-10-28T13:25:31.457+0000] {dag.py:3239} INFO - Sync 1 DAGs
[2024-10-28T13:25:31.475+0000] {logging_mixin.py:190} INFO - [2024-10-28T13:25:31.475+0000] {dag.py:4180} INFO - Setting next_dagrun for example_branch_dop_operator_v3 to 2024-10-28 13:24:00+00:00, run_after=2024-10-28 13:25:00+00:00
[2024-10-28T13:25:31.488+0000] {processor.py:208} INFO - Processing /home/airflow/.local/lib/python3.12/site-packages/airflow/example_dags/example_branch_python_dop_operator_3.py took 0.062 seconds
[2024-10-28T13:26:02.397+0000] {processor.py:186} INFO - Started process (PID=210) to work on /home/airflow/.local/lib/python3.12/site-packages/airflow/example_dags/example_branch_python_dop_operator_3.py
[2024-10-28T13:26:02.397+0000] {processor.py:914} INFO - Processing file /home/airflow/.local/lib/python3.12/site-packages/airflow/example_dags/example_branch_python_dop_operator_3.py for tasks to queue
[2024-10-28T13:26:02.399+0000] {logging_mixin.py:190} INFO - [2024-10-28T13:26:02.399+0000] {dagbag.py:588} INFO - Filling up the DagBag from /home/airflow/.local/lib/python3.12/site-packages/airflow/example_dags/example_branch_python_dop_operator_3.py
[2024-10-28T13:26:02.406+0000] {processor.py:925} INFO - DAG(s) 'example_branch_dop_operator_v3' retrieved from /home/airflow/.local/lib/python3.12/site-packages/airflow/example_dags/example_branch_python_dop_operator_3.py
[2024-10-28T13:26:02.420+0000] {logging_mixin.py:190} INFO - [2024-10-28T13:26:02.420+0000] {dag.py:3239} INFO - Sync 1 DAGs
[2024-10-28T13:26:02.436+0000] {logging_mixin.py:190} INFO - [2024-10-28T13:26:02.436+0000] {dag.py:4180} INFO - Setting next_dagrun for example_branch_dop_operator_v3 to 2024-10-28 13:25:00+00:00, run_after=2024-10-28 13:26:00+00:00
[2024-10-28T13:26:02.452+0000] {processor.py:208} INFO - Processing /home/airflow/.local/lib/python3.12/site-packages/airflow/example_dags/example_branch_python_dop_operator_3.py took 0.059 seconds
[2024-10-28T13:26:32.837+0000] {processor.py:186} INFO - Started process (PID=273) to work on /home/airflow/.local/lib/python3.12/site-packages/airflow/example_dags/example_branch_python_dop_operator_3.py
[2024-10-28T13:26:32.838+0000] {processor.py:914} INFO - Processing file /home/airflow/.local/lib/python3.12/site-packages/airflow/example_dags/example_branch_python_dop_operator_3.py for tasks to queue
[2024-10-28T13:26:32.840+0000] {logging_mixin.py:190} INFO - [2024-10-28T13:26:32.839+0000] {dagbag.py:588} INFO - Filling up the DagBag from /home/airflow/.local/lib/python3.12/site-packages/airflow/example_dags/example_branch_python_dop_operator_3.py
[2024-10-28T13:26:32.847+0000] {processor.py:925} INFO - DAG(s) 'example_branch_dop_operator_v3' retrieved from /home/airflow/.local/lib/python3.12/site-packages/airflow/example_dags/example_branch_python_dop_operator_3.py
[2024-10-28T13:26:32.864+0000] {logging_mixin.py:190} INFO - [2024-10-28T13:26:32.864+0000] {dag.py:3239} INFO - Sync 1 DAGs
[2024-10-28T13:26:32.883+0000] {logging_mixin.py:190} INFO - [2024-10-28T13:26:32.883+0000] {dag.py:4180} INFO - Setting next_dagrun for example_branch_dop_operator_v3 to 2024-10-28 13:25:00+00:00, run_after=2024-10-28 13:26:00+00:00
[2024-10-28T13:26:32.897+0000] {processor.py:208} INFO - Processing /home/airflow/.local/lib/python3.12/site-packages/airflow/example_dags/example_branch_python_dop_operator_3.py took 0.065 seconds
[2024-10-28T13:27:03.045+0000] {processor.py:186} INFO - Started process (PID=336) to work on /home/airflow/.local/lib/python3.12/site-packages/airflow/example_dags/example_branch_python_dop_operator_3.py
[2024-10-28T13:27:03.046+0000] {processor.py:914} INFO - Processing file /home/airflow/.local/lib/python3.12/site-packages/airflow/example_dags/example_branch_python_dop_operator_3.py for tasks to queue
[2024-10-28T13:27:03.048+0000] {logging_mixin.py:190} INFO - [2024-10-28T13:27:03.047+0000] {dagbag.py:588} INFO - Filling up the DagBag from /home/airflow/.local/lib/python3.12/site-packages/airflow/example_dags/example_branch_python_dop_operator_3.py
[2024-10-28T13:27:03.056+0000] {processor.py:925} INFO - DAG(s) 'example_branch_dop_operator_v3' retrieved from /home/airflow/.local/lib/python3.12/site-packages/airflow/example_dags/example_branch_python_dop_operator_3.py
[2024-10-28T13:27:03.072+0000] {logging_mixin.py:190} INFO - [2024-10-28T13:27:03.072+0000] {dag.py:3239} INFO - Sync 1 DAGs
[2024-10-28T13:27:03.091+0000] {logging_mixin.py:190} INFO - [2024-10-28T13:27:03.091+0000] {dag.py:4180} INFO - Setting next_dagrun for example_branch_dop_operator_v3 to 2024-10-28 13:26:00+00:00, run_after=2024-10-28 13:27:00+00:00
[2024-10-28T13:27:03.106+0000] {processor.py:208} INFO - Processing /home/airflow/.local/lib/python3.12/site-packages/airflow/example_dags/example_branch_python_dop_operator_3.py took 0.066 seconds
[2024-10-28T13:27:33.701+0000] {processor.py:186} INFO - Started process (PID=399) to work on /home/airflow/.local/lib/python3.12/site-packages/airflow/example_dags/example_branch_python_dop_operator_3.py
[2024-10-28T13:27:33.704+0000] {processor.py:914} INFO - Processing file /home/airflow/.local/lib/python3.12/site-packages/airflow/example_dags/example_branch_python_dop_operator_3.py for tasks to queue
[2024-10-28T13:27:33.708+0000] {logging_mixin.py:190} INFO - [2024-10-28T13:27:33.708+0000] {dagbag.py:588} INFO - Filling up the DagBag from /home/airflow/.local/lib/python3.12/site-packages/airflow/example_dags/example_branch_python_dop_operator_3.py
[2024-10-28T13:27:33.716+0000] {processor.py:925} INFO - DAG(s) 'example_branch_dop_operator_v3' retrieved from /home/airflow/.local/lib/python3.12/site-packages/airflow/example_dags/example_branch_python_dop_operator_3.py
[2024-10-28T13:27:33.731+0000] {logging_mixin.py:190} INFO - [2024-10-28T13:27:33.731+0000] {dag.py:3239} INFO - Sync 1 DAGs
[2024-10-28T13:27:33.749+0000] {logging_mixin.py:190} INFO - [2024-10-28T13:27:33.749+0000] {dag.py:4180} INFO - Setting next_dagrun for example_branch_dop_operator_v3 to 2024-10-28 13:26:00+00:00, run_after=2024-10-28 13:27:00+00:00
[2024-10-28T13:27:33.765+0000] {processor.py:208} INFO - Processing /home/airflow/.local/lib/python3.12/site-packages/airflow/example_dags/example_branch_python_dop_operator_3.py took 0.069 seconds
[2024-10-28T13:28:04.160+0000] {processor.py:186} INFO - Started process (PID=462) to work on /home/airflow/.local/lib/python3.12/site-packages/airflow/example_dags/example_branch_python_dop_operator_3.py
[2024-10-28T13:28:04.161+0000] {processor.py:914} INFO - Processing file /home/airflow/.local/lib/python3.12/site-packages/airflow/example_dags/example_branch_python_dop_operator_3.py for tasks to queue
[2024-10-28T13:28:04.163+0000] {logging_mixin.py:190} INFO - [2024-10-28T13:28:04.163+0000] {dagbag.py:588} INFO - Filling up the DagBag from /home/airflow/.local/lib/python3.12/site-packages/airflow/example_dags/example_branch_python_dop_operator_3.py
[2024-10-28T13:28:04.171+0000] {processor.py:925} INFO - DAG(s) 'example_branch_dop_operator_v3' retrieved from /home/airflow/.local/lib/python3.12/site-packages/airflow/example_dags/example_branch_python_dop_operator_3.py
[2024-10-28T13:28:04.187+0000] {logging_mixin.py:190} INFO - [2024-10-28T13:28:04.186+0000] {dag.py:3239} INFO - Sync 1 DAGs
[2024-10-28T13:28:04.206+0000] {logging_mixin.py:190} INFO - [2024-10-28T13:28:04.205+0000] {dag.py:4180} INFO - Setting next_dagrun for example_branch_dop_operator_v3 to 2024-10-28 13:27:00+00:00, run_after=2024-10-28 13:28:00+00:00
[2024-10-28T13:28:04.220+0000] {processor.py:208} INFO - Processing /home/airflow/.local/lib/python3.12/site-packages/airflow/example_dags/example_branch_python_dop_operator_3.py took 0.064 seconds
[2024-10-28T13:28:34.658+0000] {processor.py:186} INFO - Started process (PID=525) to work on /home/airflow/.local/lib/python3.12/site-packages/airflow/example_dags/example_branch_python_dop_operator_3.py
[2024-10-28T13:28:34.659+0000] {processor.py:914} INFO - Processing file /home/airflow/.local/lib/python3.12/site-packages/airflow/example_dags/example_branch_python_dop_operator_3.py for tasks to queue
[2024-10-28T13:28:34.661+0000] {logging_mixin.py:190} INFO - [2024-10-28T13:28:34.660+0000] {dagbag.py:588} INFO - Filling up the DagBag from /home/airflow/.local/lib/python3.12/site-packages/airflow/example_dags/example_branch_python_dop_operator_3.py
[2024-10-28T13:28:34.668+0000] {processor.py:925} INFO - DAG(s) 'example_branch_dop_operator_v3' retrieved from /home/airflow/.local/lib/python3.12/site-packages/airflow/example_dags/example_branch_python_dop_operator_3.py
[2024-10-28T13:28:34.681+0000] {logging_mixin.py:190} INFO - [2024-10-28T13:28:34.681+0000] {dag.py:3239} INFO - Sync 1 DAGs
[2024-10-28T13:28:34.700+0000] {logging_mixin.py:190} INFO - [2024-10-28T13:28:34.699+0000] {dag.py:4180} INFO - Setting next_dagrun for example_branch_dop_operator_v3 to 2024-10-28 13:27:00+00:00, run_after=2024-10-28 13:28:00+00:00
[2024-10-28T13:28:34.714+0000] {processor.py:208} INFO - Processing /home/airflow/.local/lib/python3.12/site-packages/airflow/example_dags/example_branch_python_dop_operator_3.py took 0.061 seconds
[2024-10-28T13:29:05.335+0000] {processor.py:186} INFO - Started process (PID=588) to work on /home/airflow/.local/lib/python3.12/site-packages/airflow/example_dags/example_branch_python_dop_operator_3.py
[2024-10-28T13:29:05.336+0000] {processor.py:914} INFO - Processing file /home/airflow/.local/lib/python3.12/site-packages/airflow/example_dags/example_branch_python_dop_operator_3.py for tasks to queue
[2024-10-28T13:29:05.338+0000] {logging_mixin.py:190} INFO - [2024-10-28T13:29:05.338+0000] {dagbag.py:588} INFO - Filling up the DagBag from /home/airflow/.local/lib/python3.12/site-packages/airflow/example_dags/example_branch_python_dop_operator_3.py
[2024-10-28T13:29:05.345+0000] {processor.py:925} INFO - DAG(s) 'example_branch_dop_operator_v3' retrieved from /home/airflow/.local/lib/python3.12/site-packages/airflow/example_dags/example_branch_python_dop_operator_3.py
[2024-10-28T13:29:05.359+0000] {logging_mixin.py:190} INFO - [2024-10-28T13:29:05.359+0000] {dag.py:3239} INFO - Sync 1 DAGs
[2024-10-28T13:29:05.376+0000] {logging_mixin.py:190} INFO - [2024-10-28T13:29:05.375+0000] {dag.py:4180} INFO - Setting next_dagrun for example_branch_dop_operator_v3 to 2024-10-28 13:28:00+00:00, run_after=2024-10-28 13:29:00+00:00
[2024-10-28T13:29:05.391+0000] {processor.py:208} INFO - Processing /home/airflow/.local/lib/python3.12/site-packages/airflow/example_dags/example_branch_python_dop_operator_3.py took 0.059 seconds
[2024-10-28T13:29:35.645+0000] {processor.py:186} INFO - Started process (PID=651) to work on /home/airflow/.local/lib/python3.12/site-packages/airflow/example_dags/example_branch_python_dop_operator_3.py
[2024-10-28T13:29:35.646+0000] {processor.py:914} INFO - Processing file /home/airflow/.local/lib/python3.12/site-packages/airflow/example_dags/example_branch_python_dop_operator_3.py for tasks to queue
[2024-10-28T13:29:35.648+0000] {logging_mixin.py:190} INFO - [2024-10-28T13:29:35.648+0000] {dagbag.py:588} INFO - Filling up the DagBag from /home/airflow/.local/lib/python3.12/site-packages/airflow/example_dags/example_branch_python_dop_operator_3.py
[2024-10-28T13:29:35.655+0000] {processor.py:925} INFO - DAG(s) 'example_branch_dop_operator_v3' retrieved from /home/airflow/.local/lib/python3.12/site-packages/airflow/example_dags/example_branch_python_dop_operator_3.py
[2024-10-28T13:29:35.669+0000] {logging_mixin.py:190} INFO - [2024-10-28T13:29:35.669+0000] {dag.py:3239} INFO - Sync 1 DAGs
[2024-10-28T13:29:35.687+0000] {logging_mixin.py:190} INFO - [2024-10-28T13:29:35.686+0000] {dag.py:4180} INFO - Setting next_dagrun for example_branch_dop_operator_v3 to 2024-10-28 13:28:00+00:00, run_after=2024-10-28 13:29:00+00:00
[2024-10-28T13:29:35.700+0000] {processor.py:208} INFO - Processing /home/airflow/.local/lib/python3.12/site-packages/airflow/example_dags/example_branch_python_dop_operator_3.py took 0.059 seconds
[2024-10-28T13:30:06.452+0000] {processor.py:186} INFO - Started process (PID=714) to work on /home/airflow/.local/lib/python3.12/site-packages/airflow/example_dags/example_branch_python_dop_operator_3.py
[2024-10-28T13:30:06.453+0000] {processor.py:914} INFO - Processing file /home/airflow/.local/lib/python3.12/site-packages/airflow/example_dags/example_branch_python_dop_operator_3.py for tasks to queue
[2024-10-28T13:30:06.454+0000] {logging_mixin.py:190} INFO - [2024-10-28T13:30:06.454+0000] {dagbag.py:588} INFO - Filling up the DagBag from /home/airflow/.local/lib/python3.12/site-packages/airflow/example_dags/example_branch_python_dop_operator_3.py
[2024-10-28T13:30:06.462+0000] {processor.py:925} INFO - DAG(s) 'example_branch_dop_operator_v3' retrieved from /home/airflow/.local/lib/python3.12/site-packages/airflow/example_dags/example_branch_python_dop_operator_3.py
[2024-10-28T13:30:06.475+0000] {logging_mixin.py:190} INFO - [2024-10-28T13:30:06.475+0000] {dag.py:3239} INFO - Sync 1 DAGs
[2024-10-28T13:30:06.493+0000] {logging_mixin.py:190} INFO - [2024-10-28T13:30:06.493+0000] {dag.py:4180} INFO - Setting next_dagrun for example_branch_dop_operator_v3 to 2024-10-28 13:29:00+00:00, run_after=2024-10-28 13:30:00+00:00
[2024-10-28T13:30:06.507+0000] {processor.py:208} INFO - Processing /home/airflow/.local/lib/python3.12/site-packages/airflow/example_dags/example_branch_python_dop_operator_3.py took 0.060 seconds
[2024-10-28T13:30:37.602+0000] {processor.py:186} INFO - Started process (PID=777) to work on /home/airflow/.local/lib/python3.12/site-packages/airflow/example_dags/example_branch_python_dop_operator_3.py
[2024-10-28T13:30:37.603+0000] {processor.py:914} INFO - Processing file /home/airflow/.local/lib/python3.12/site-packages/airflow/example_dags/example_branch_python_dop_operator_3.py for tasks to queue
[2024-10-28T13:30:37.605+0000] {logging_mixin.py:190} INFO - [2024-10-28T13:30:37.605+0000] {dagbag.py:588} INFO - Filling up the DagBag from /home/airflow/.local/lib/python3.12/site-packages/airflow/example_dags/example_branch_python_dop_operator_3.py
[2024-10-28T13:30:37.613+0000] {processor.py:925} INFO - DAG(s) 'example_branch_dop_operator_v3' retrieved from /home/airflow/.local/lib/python3.12/site-packages/airflow/example_dags/example_branch_python_dop_operator_3.py
[2024-10-28T13:30:37.626+0000] {logging_mixin.py:190} INFO - [2024-10-28T13:30:37.626+0000] {dag.py:3239} INFO - Sync 1 DAGs
[2024-10-28T13:30:37.644+0000] {logging_mixin.py:190} INFO - [2024-10-28T13:30:37.644+0000] {dag.py:4180} INFO - Setting next_dagrun for example_branch_dop_operator_v3 to 2024-10-28 13:29:00+00:00, run_after=2024-10-28 13:30:00+00:00
[2024-10-28T13:30:37.660+0000] {processor.py:208} INFO - Processing /home/airflow/.local/lib/python3.12/site-packages/airflow/example_dags/example_branch_python_dop_operator_3.py took 0.062 seconds
[2024-10-28T13:31:08.692+0000] {processor.py:186} INFO - Started process (PID=840) to work on /home/airflow/.local/lib/python3.12/site-packages/airflow/example_dags/example_branch_python_dop_operator_3.py
[2024-10-28T13:31:08.693+0000] {processor.py:914} INFO - Processing file /home/airflow/.local/lib/python3.12/site-packages/airflow/example_dags/example_branch_python_dop_operator_3.py for tasks to queue
[2024-10-28T13:31:08.696+0000] {logging_mixin.py:190} INFO - [2024-10-28T13:31:08.695+0000] {dagbag.py:588} INFO - Filling up the DagBag from /home/airflow/.local/lib/python3.12/site-packages/airflow/example_dags/example_branch_python_dop_operator_3.py
[2024-10-28T13:31:08.704+0000] {processor.py:925} INFO - DAG(s) 'example_branch_dop_operator_v3' retrieved from /home/airflow/.local/lib/python3.12/site-packages/airflow/example_dags/example_branch_python_dop_operator_3.py
[2024-10-28T13:31:08.718+0000] {logging_mixin.py:190} INFO - [2024-10-28T13:31:08.718+0000] {dag.py:3239} INFO - Sync 1 DAGs
[2024-10-28T13:31:08.737+0000] {logging_mixin.py:190} INFO - [2024-10-28T13:31:08.737+0000] {dag.py:4180} INFO - Setting next_dagrun for example_branch_dop_operator_v3 to 2024-10-28 13:30:00+00:00, run_after=2024-10-28 13:31:00+00:00
[2024-10-28T13:31:08.753+0000] {processor.py:208} INFO - Processing /home/airflow/.local/lib/python3.12/site-packages/airflow/example_dags/example_branch_python_dop_operator_3.py took 0.065 seconds
[2024-10-28T13:31:39.383+0000] {processor.py:186} INFO - Started process (PID=903) to work on /home/airflow/.local/lib/python3.12/site-packages/airflow/example_dags/example_branch_python_dop_operator_3.py
[2024-10-28T13:31:39.384+0000] {processor.py:914} INFO - Processing file /home/airflow/.local/lib/python3.12/site-packages/airflow/example_dags/example_branch_python_dop_operator_3.py for tasks to queue
[2024-10-28T13:31:39.386+0000] {logging_mixin.py:190} INFO - [2024-10-28T13:31:39.385+0000] {dagbag.py:588} INFO - Filling up the DagBag from /home/airflow/.local/lib/python3.12/site-packages/airflow/example_dags/example_branch_python_dop_operator_3.py
[2024-10-28T13:31:39.393+0000] {processor.py:925} INFO - DAG(s) 'example_branch_dop_operator_v3' retrieved from /home/airflow/.local/lib/python3.12/site-packages/airflow/example_dags/example_branch_python_dop_operator_3.py
[2024-10-28T13:31:39.407+0000] {logging_mixin.py:190} INFO - [2024-10-28T13:31:39.407+0000] {dag.py:3239} INFO - Sync 1 DAGs
[2024-10-28T13:31:39.427+0000] {logging_mixin.py:190} INFO - [2024-10-28T13:31:39.427+0000] {dag.py:4180} INFO - Setting next_dagrun for example_branch_dop_operator_v3 to 2024-10-28 13:30:00+00:00, run_after=2024-10-28 13:31:00+00:00
[2024-10-28T13:31:39.442+0000] {processor.py:208} INFO - Processing /home/airflow/.local/lib/python3.12/site-packages/airflow/example_dags/example_branch_python_dop_operator_3.py took 0.064 seconds
[2024-10-28T13:32:10.189+0000] {processor.py:186} INFO - Started process (PID=966) to work on /home/airflow/.local/lib/python3.12/site-packages/airflow/example_dags/example_branch_python_dop_operator_3.py
[2024-10-28T13:32:10.190+0000] {processor.py:914} INFO - Processing file /home/airflow/.local/lib/python3.12/site-packages/airflow/example_dags/example_branch_python_dop_operator_3.py for tasks to queue
[2024-10-28T13:32:10.192+0000] {logging_mixin.py:190} INFO - [2024-10-28T13:32:10.191+0000] {dagbag.py:588} INFO - Filling up the DagBag from /home/airflow/.local/lib/python3.12/site-packages/airflow/example_dags/example_branch_python_dop_operator_3.py
[2024-10-28T13:32:10.199+0000] {processor.py:925} INFO - DAG(s) 'example_branch_dop_operator_v3' retrieved from /home/airflow/.local/lib/python3.12/site-packages/airflow/example_dags/example_branch_python_dop_operator_3.py
[2024-10-28T13:32:10.212+0000] {logging_mixin.py:190} INFO - [2024-10-28T13:32:10.212+0000] {dag.py:3239} INFO - Sync 1 DAGs
[2024-10-28T13:32:10.228+0000] {logging_mixin.py:190} INFO - [2024-10-28T13:32:10.228+0000] {dag.py:4180} INFO - Setting next_dagrun for example_branch_dop_operator_v3 to 2024-10-28 13:31:00+00:00, run_after=2024-10-28 13:32:00+00:00
[2024-10-28T13:32:10.244+0000] {processor.py:208} INFO - Processing /home/airflow/.local/lib/python3.12/site-packages/airflow/example_dags/example_branch_python_dop_operator_3.py took 0.060 seconds
[2024-10-28T13:32:40.537+0000] {processor.py:186} INFO - Started process (PID=1029) to work on /home/airflow/.local/lib/python3.12/site-packages/airflow/example_dags/example_branch_python_dop_operator_3.py
[2024-10-28T13:32:40.539+0000] {processor.py:914} INFO - Processing file /home/airflow/.local/lib/python3.12/site-packages/airflow/example_dags/example_branch_python_dop_operator_3.py for tasks to queue
[2024-10-28T13:32:40.541+0000] {logging_mixin.py:190} INFO - [2024-10-28T13:32:40.540+0000] {dagbag.py:588} INFO - Filling up the DagBag from /home/airflow/.local/lib/python3.12/site-packages/airflow/example_dags/example_branch_python_dop_operator_3.py
[2024-10-28T13:32:40.550+0000] {processor.py:925} INFO - DAG(s) 'example_branch_dop_operator_v3' retrieved from /home/airflow/.local/lib/python3.12/site-packages/airflow/example_dags/example_branch_python_dop_operator_3.py
[2024-10-28T13:32:40.565+0000] {logging_mixin.py:190} INFO - [2024-10-28T13:32:40.565+0000] {dag.py:3239} INFO - Sync 1 DAGs
[2024-10-28T13:32:40.583+0000] {logging_mixin.py:190} INFO - [2024-10-28T13:32:40.583+0000] {dag.py:4180} INFO - Setting next_dagrun for example_branch_dop_operator_v3 to 2024-10-28 13:31:00+00:00, run_after=2024-10-28 13:32:00+00:00
[2024-10-28T13:32:40.603+0000] {processor.py:208} INFO - Processing /home/airflow/.local/lib/python3.12/site-packages/airflow/example_dags/example_branch_python_dop_operator_3.py took 0.071 seconds
[2024-10-28T13:33:10.847+0000] {processor.py:186} INFO - Started process (PID=1092) to work on /home/airflow/.local/lib/python3.12/site-packages/airflow/example_dags/example_branch_python_dop_operator_3.py
[2024-10-28T13:33:10.848+0000] {processor.py:914} INFO - Processing file /home/airflow/.local/lib/python3.12/site-packages/airflow/example_dags/example_branch_python_dop_operator_3.py for tasks to queue
[2024-10-28T13:33:10.850+0000] {logging_mixin.py:190} INFO - [2024-10-28T13:33:10.850+0000] {dagbag.py:588} INFO - Filling up the DagBag from /home/airflow/.local/lib/python3.12/site-packages/airflow/example_dags/example_branch_python_dop_operator_3.py
[2024-10-28T13:33:10.857+0000] {processor.py:925} INFO - DAG(s) 'example_branch_dop_operator_v3' retrieved from /home/airflow/.local/lib/python3.12/site-packages/airflow/example_dags/example_branch_python_dop_operator_3.py
[2024-10-28T13:33:10.871+0000] {logging_mixin.py:190} INFO - [2024-10-28T13:33:10.870+0000] {dag.py:3239} INFO - Sync 1 DAGs
[2024-10-28T13:33:10.887+0000] {logging_mixin.py:190} INFO - [2024-10-28T13:33:10.887+0000] {dag.py:4180} INFO - Setting next_dagrun for example_branch_dop_operator_v3 to 2024-10-28 13:32:00+00:00, run_after=2024-10-28 13:33:00+00:00
[2024-10-28T13:33:10.905+0000] {processor.py:208} INFO - Processing /home/airflow/.local/lib/python3.12/site-packages/airflow/example_dags/example_branch_python_dop_operator_3.py took 0.062 seconds
[2024-10-28T13:33:41.518+0000] {processor.py:186} INFO - Started process (PID=1155) to work on /home/airflow/.local/lib/python3.12/site-packages/airflow/example_dags/example_branch_python_dop_operator_3.py
[2024-10-28T13:33:41.519+0000] {processor.py:914} INFO - Processing file /home/airflow/.local/lib/python3.12/site-packages/airflow/example_dags/example_branch_python_dop_operator_3.py for tasks to queue
[2024-10-28T13:33:41.521+0000] {logging_mixin.py:190} INFO - [2024-10-28T13:33:41.521+0000] {dagbag.py:588} INFO - Filling up the DagBag from /home/airflow/.local/lib/python3.12/site-packages/airflow/example_dags/example_branch_python_dop_operator_3.py
[2024-10-28T13:33:41.529+0000] {processor.py:925} INFO - DAG(s) 'example_branch_dop_operator_v3' retrieved from /home/airflow/.local/lib/python3.12/site-packages/airflow/example_dags/example_branch_python_dop_operator_3.py
[2024-10-28T13:33:41.544+0000] {logging_mixin.py:190} INFO - [2024-10-28T13:33:41.543+0000] {dag.py:3239} INFO - Sync 1 DAGs
[2024-10-28T13:33:41.565+0000] {logging_mixin.py:190} INFO - [2024-10-28T13:33:41.565+0000] {dag.py:4180} INFO - Setting next_dagrun for example_branch_dop_operator_v3 to 2024-10-28 13:32:00+00:00, run_after=2024-10-28 13:33:00+00:00
[2024-10-28T13:33:41.583+0000] {processor.py:208} INFO - Processing /home/airflow/.local/lib/python3.12/site-packages/airflow/example_dags/example_branch_python_dop_operator_3.py took 0.070 seconds
[2024-10-28T13:34:12.046+0000] {processor.py:186} INFO - Started process (PID=1218) to work on /home/airflow/.local/lib/python3.12/site-packages/airflow/example_dags/example_branch_python_dop_operator_3.py
[2024-10-28T13:34:12.048+0000] {processor.py:914} INFO - Processing file /home/airflow/.local/lib/python3.12/site-packages/airflow/example_dags/example_branch_python_dop_operator_3.py for tasks to queue
[2024-10-28T13:34:12.051+0000] {logging_mixin.py:190} INFO - [2024-10-28T13:34:12.051+0000] {dagbag.py:588} INFO - Filling up the DagBag from /home/airflow/.local/lib/python3.12/site-packages/airflow/example_dags/example_branch_python_dop_operator_3.py
[2024-10-28T13:34:12.059+0000] {processor.py:925} INFO - DAG(s) 'example_branch_dop_operator_v3' retrieved from /home/airflow/.local/lib/python3.12/site-packages/airflow/example_dags/example_branch_python_dop_operator_3.py
[2024-10-28T13:34:12.076+0000] {logging_mixin.py:190} INFO - [2024-10-28T13:34:12.076+0000] {dag.py:3239} INFO - Sync 1 DAGs
[2024-10-28T13:34:12.094+0000] {logging_mixin.py:190} INFO - [2024-10-28T13:34:12.094+0000] {dag.py:4180} INFO - Setting next_dagrun for example_branch_dop_operator_v3 to 2024-10-28 13:33:00+00:00, run_after=2024-10-28 13:34:00+00:00
[2024-10-28T13:34:12.110+0000] {processor.py:208} INFO - Processing /home/airflow/.local/lib/python3.12/site-packages/airflow/example_dags/example_branch_python_dop_operator_3.py took 0.069 seconds
[2024-10-28T13:34:42.752+0000] {processor.py:186} INFO - Started process (PID=1281) to work on /home/airflow/.local/lib/python3.12/site-packages/airflow/example_dags/example_branch_python_dop_operator_3.py
[2024-10-28T13:34:42.754+0000] {processor.py:914} INFO - Processing file /home/airflow/.local/lib/python3.12/site-packages/airflow/example_dags/example_branch_python_dop_operator_3.py for tasks to queue
[2024-10-28T13:34:42.756+0000] {logging_mixin.py:190} INFO - [2024-10-28T13:34:42.756+0000] {dagbag.py:588} INFO - Filling up the DagBag from /home/airflow/.local/lib/python3.12/site-packages/airflow/example_dags/example_branch_python_dop_operator_3.py
[2024-10-28T13:34:42.764+0000] {processor.py:925} INFO - DAG(s) 'example_branch_dop_operator_v3' retrieved from /home/airflow/.local/lib/python3.12/site-packages/airflow/example_dags/example_branch_python_dop_operator_3.py
[2024-10-28T13:34:42.779+0000] {logging_mixin.py:190} INFO - [2024-10-28T13:34:42.779+0000] {dag.py:3239} INFO - Sync 1 DAGs
[2024-10-28T13:34:42.806+0000] {logging_mixin.py:190} INFO - [2024-10-28T13:34:42.806+0000] {dag.py:4180} INFO - Setting next_dagrun for example_branch_dop_operator_v3 to 2024-10-28 13:33:00+00:00, run_after=2024-10-28 13:34:00+00:00
[2024-10-28T13:34:42.824+0000] {processor.py:208} INFO - Processing /home/airflow/.local/lib/python3.12/site-packages/airflow/example_dags/example_branch_python_dop_operator_3.py took 0.078 seconds
[2024-10-28T13:35:13.489+0000] {processor.py:186} INFO - Started process (PID=1344) to work on /home/airflow/.local/lib/python3.12/site-packages/airflow/example_dags/example_branch_python_dop_operator_3.py
[2024-10-28T13:35:13.496+0000] {processor.py:914} INFO - Processing file /home/airflow/.local/lib/python3.12/site-packages/airflow/example_dags/example_branch_python_dop_operator_3.py for tasks to queue
[2024-10-28T13:35:13.501+0000] {logging_mixin.py:190} INFO - [2024-10-28T13:35:13.500+0000] {dagbag.py:588} INFO - Filling up the DagBag from /home/airflow/.local/lib/python3.12/site-packages/airflow/example_dags/example_branch_python_dop_operator_3.py
[2024-10-28T13:35:13.508+0000] {processor.py:925} INFO - DAG(s) 'example_branch_dop_operator_v3' retrieved from /home/airflow/.local/lib/python3.12/site-packages/airflow/example_dags/example_branch_python_dop_operator_3.py
[2024-10-28T13:35:13.522+0000] {logging_mixin.py:190} INFO - [2024-10-28T13:35:13.522+0000] {dag.py:3239} INFO - Sync 1 DAGs
[2024-10-28T13:35:13.540+0000] {logging_mixin.py:190} INFO - [2024-10-28T13:35:13.540+0000] {dag.py:4180} INFO - Setting next_dagrun for example_branch_dop_operator_v3 to 2024-10-28 13:34:00+00:00, run_after=2024-10-28 13:35:00+00:00
[2024-10-28T13:35:13.719+0000] {processor.py:208} INFO - Processing /home/airflow/.local/lib/python3.12/site-packages/airflow/example_dags/example_branch_python_dop_operator_3.py took 0.234 seconds
[2024-10-28T13:35:44.629+0000] {processor.py:186} INFO - Started process (PID=1407) to work on /home/airflow/.local/lib/python3.12/site-packages/airflow/example_dags/example_branch_python_dop_operator_3.py
[2024-10-28T13:35:44.630+0000] {processor.py:914} INFO - Processing file /home/airflow/.local/lib/python3.12/site-packages/airflow/example_dags/example_branch_python_dop_operator_3.py for tasks to queue
[2024-10-28T13:35:44.632+0000] {logging_mixin.py:190} INFO - [2024-10-28T13:35:44.632+0000] {dagbag.py:588} INFO - Filling up the DagBag from /home/airflow/.local/lib/python3.12/site-packages/airflow/example_dags/example_branch_python_dop_operator_3.py
[2024-10-28T13:35:44.640+0000] {processor.py:925} INFO - DAG(s) 'example_branch_dop_operator_v3' retrieved from /home/airflow/.local/lib/python3.12/site-packages/airflow/example_dags/example_branch_python_dop_operator_3.py
[2024-10-28T13:35:44.653+0000] {logging_mixin.py:190} INFO - [2024-10-28T13:35:44.653+0000] {dag.py:3239} INFO - Sync 1 DAGs
[2024-10-28T13:35:44.670+0000] {logging_mixin.py:190} INFO - [2024-10-28T13:35:44.670+0000] {dag.py:4180} INFO - Setting next_dagrun for example_branch_dop_operator_v3 to 2024-10-28 13:34:00+00:00, run_after=2024-10-28 13:35:00+00:00
[2024-10-28T13:35:44.683+0000] {processor.py:208} INFO - Processing /home/airflow/.local/lib/python3.12/site-packages/airflow/example_dags/example_branch_python_dop_operator_3.py took 0.061 seconds
[2024-10-28T13:36:15.328+0000] {processor.py:186} INFO - Started process (PID=1470) to work on /home/airflow/.local/lib/python3.12/site-packages/airflow/example_dags/example_branch_python_dop_operator_3.py
[2024-10-28T13:36:15.332+0000] {processor.py:914} INFO - Processing file /home/airflow/.local/lib/python3.12/site-packages/airflow/example_dags/example_branch_python_dop_operator_3.py for tasks to queue
[2024-10-28T13:36:15.334+0000] {logging_mixin.py:190} INFO - [2024-10-28T13:36:15.333+0000] {dagbag.py:588} INFO - Filling up the DagBag from /home/airflow/.local/lib/python3.12/site-packages/airflow/example_dags/example_branch_python_dop_operator_3.py
[2024-10-28T13:36:15.341+0000] {processor.py:925} INFO - DAG(s) 'example_branch_dop_operator_v3' retrieved from /home/airflow/.local/lib/python3.12/site-packages/airflow/example_dags/example_branch_python_dop_operator_3.py
[2024-10-28T13:36:15.357+0000] {logging_mixin.py:190} INFO - [2024-10-28T13:36:15.357+0000] {dag.py:3239} INFO - Sync 1 DAGs
[2024-10-28T13:36:15.375+0000] {logging_mixin.py:190} INFO - [2024-10-28T13:36:15.375+0000] {dag.py:4180} INFO - Setting next_dagrun for example_branch_dop_operator_v3 to 2024-10-28 13:35:00+00:00, run_after=2024-10-28 13:36:00+00:00
[2024-10-28T13:36:15.397+0000] {processor.py:208} INFO - Processing /home/airflow/.local/lib/python3.12/site-packages/airflow/example_dags/example_branch_python_dop_operator_3.py took 0.074 seconds
[2024-10-28T13:36:45.466+0000] {processor.py:186} INFO - Started process (PID=1533) to work on /home/airflow/.local/lib/python3.12/site-packages/airflow/example_dags/example_branch_python_dop_operator_3.py
[2024-10-28T13:36:45.467+0000] {processor.py:914} INFO - Processing file /home/airflow/.local/lib/python3.12/site-packages/airflow/example_dags/example_branch_python_dop_operator_3.py for tasks to queue
[2024-10-28T13:36:45.469+0000] {logging_mixin.py:190} INFO - [2024-10-28T13:36:45.469+0000] {dagbag.py:588} INFO - Filling up the DagBag from /home/airflow/.local/lib/python3.12/site-packages/airflow/example_dags/example_branch_python_dop_operator_3.py
[2024-10-28T13:36:45.476+0000] {processor.py:925} INFO - DAG(s) 'example_branch_dop_operator_v3' retrieved from /home/airflow/.local/lib/python3.12/site-packages/airflow/example_dags/example_branch_python_dop_operator_3.py
[2024-10-28T13:36:45.489+0000] {logging_mixin.py:190} INFO - [2024-10-28T13:36:45.489+0000] {dag.py:3239} INFO - Sync 1 DAGs
[2024-10-28T13:36:45.506+0000] {logging_mixin.py:190} INFO - [2024-10-28T13:36:45.506+0000] {dag.py:4180} INFO - Setting next_dagrun for example_branch_dop_operator_v3 to 2024-10-28 13:35:00+00:00, run_after=2024-10-28 13:36:00+00:00
[2024-10-28T13:36:45.519+0000] {processor.py:208} INFO - Processing /home/airflow/.local/lib/python3.12/site-packages/airflow/example_dags/example_branch_python_dop_operator_3.py took 0.058 seconds
[2024-10-28T13:37:15.885+0000] {processor.py:186} INFO - Started process (PID=1596) to work on /home/airflow/.local/lib/python3.12/site-packages/airflow/example_dags/example_branch_python_dop_operator_3.py
[2024-10-28T13:37:15.886+0000] {processor.py:914} INFO - Processing file /home/airflow/.local/lib/python3.12/site-packages/airflow/example_dags/example_branch_python_dop_operator_3.py for tasks to queue
[2024-10-28T13:37:15.888+0000] {logging_mixin.py:190} INFO - [2024-10-28T13:37:15.888+0000] {dagbag.py:588} INFO - Filling up the DagBag from /home/airflow/.local/lib/python3.12/site-packages/airflow/example_dags/example_branch_python_dop_operator_3.py
[2024-10-28T13:37:15.895+0000] {processor.py:925} INFO - DAG(s) 'example_branch_dop_operator_v3' retrieved from /home/airflow/.local/lib/python3.12/site-packages/airflow/example_dags/example_branch_python_dop_operator_3.py
[2024-10-28T13:37:15.909+0000] {logging_mixin.py:190} INFO - [2024-10-28T13:37:15.909+0000] {dag.py:3239} INFO - Sync 1 DAGs
[2024-10-28T13:37:15.926+0000] {logging_mixin.py:190} INFO - [2024-10-28T13:37:15.926+0000] {dag.py:4180} INFO - Setting next_dagrun for example_branch_dop_operator_v3 to 2024-10-28 13:36:00+00:00, run_after=2024-10-28 13:37:00+00:00
[2024-10-28T13:37:15.941+0000] {processor.py:208} INFO - Processing /home/airflow/.local/lib/python3.12/site-packages/airflow/example_dags/example_branch_python_dop_operator_3.py took 0.060 seconds
[2024-10-28T13:37:46.439+0000] {processor.py:186} INFO - Started process (PID=1659) to work on /home/airflow/.local/lib/python3.12/site-packages/airflow/example_dags/example_branch_python_dop_operator_3.py
[2024-10-28T13:37:46.440+0000] {processor.py:914} INFO - Processing file /home/airflow/.local/lib/python3.12/site-packages/airflow/example_dags/example_branch_python_dop_operator_3.py for tasks to queue
[2024-10-28T13:37:46.442+0000] {logging_mixin.py:190} INFO - [2024-10-28T13:37:46.442+0000] {dagbag.py:588} INFO - Filling up the DagBag from /home/airflow/.local/lib/python3.12/site-packages/airflow/example_dags/example_branch_python_dop_operator_3.py
[2024-10-28T13:37:46.449+0000] {processor.py:925} INFO - DAG(s) 'example_branch_dop_operator_v3' retrieved from /home/airflow/.local/lib/python3.12/site-packages/airflow/example_dags/example_branch_python_dop_operator_3.py
[2024-10-28T13:37:46.463+0000] {logging_mixin.py:190} INFO - [2024-10-28T13:37:46.463+0000] {dag.py:3239} INFO - Sync 1 DAGs
[2024-10-28T13:37:46.481+0000] {logging_mixin.py:190} INFO - [2024-10-28T13:37:46.481+0000] {dag.py:4180} INFO - Setting next_dagrun for example_branch_dop_operator_v3 to 2024-10-28 13:36:00+00:00, run_after=2024-10-28 13:37:00+00:00
[2024-10-28T13:37:46.495+0000] {processor.py:208} INFO - Processing /home/airflow/.local/lib/python3.12/site-packages/airflow/example_dags/example_branch_python_dop_operator_3.py took 0.061 seconds
[2024-10-28T13:38:17.042+0000] {processor.py:186} INFO - Started process (PID=1722) to work on /home/airflow/.local/lib/python3.12/site-packages/airflow/example_dags/example_branch_python_dop_operator_3.py
[2024-10-28T13:38:17.043+0000] {processor.py:914} INFO - Processing file /home/airflow/.local/lib/python3.12/site-packages/airflow/example_dags/example_branch_python_dop_operator_3.py for tasks to queue
[2024-10-28T13:38:17.044+0000] {logging_mixin.py:190} INFO - [2024-10-28T13:38:17.044+0000] {dagbag.py:588} INFO - Filling up the DagBag from /home/airflow/.local/lib/python3.12/site-packages/airflow/example_dags/example_branch_python_dop_operator_3.py
[2024-10-28T13:38:17.052+0000] {processor.py:925} INFO - DAG(s) 'example_branch_dop_operator_v3' retrieved from /home/airflow/.local/lib/python3.12/site-packages/airflow/example_dags/example_branch_python_dop_operator_3.py
[2024-10-28T13:38:17.067+0000] {logging_mixin.py:190} INFO - [2024-10-28T13:38:17.067+0000] {dag.py:3239} INFO - Sync 1 DAGs
[2024-10-28T13:38:17.086+0000] {logging_mixin.py:190} INFO - [2024-10-28T13:38:17.086+0000] {dag.py:4180} INFO - Setting next_dagrun for example_branch_dop_operator_v3 to 2024-10-28 13:37:00+00:00, run_after=2024-10-28 13:38:00+00:00
[2024-10-28T13:38:17.104+0000] {processor.py:208} INFO - Processing /home/airflow/.local/lib/python3.12/site-packages/airflow/example_dags/example_branch_python_dop_operator_3.py took 0.066 seconds
[2024-10-28T13:38:47.516+0000] {processor.py:186} INFO - Started process (PID=1785) to work on /home/airflow/.local/lib/python3.12/site-packages/airflow/example_dags/example_branch_python_dop_operator_3.py
[2024-10-28T13:38:47.517+0000] {processor.py:914} INFO - Processing file /home/airflow/.local/lib/python3.12/site-packages/airflow/example_dags/example_branch_python_dop_operator_3.py for tasks to queue
[2024-10-28T13:38:47.519+0000] {logging_mixin.py:190} INFO - [2024-10-28T13:38:47.519+0000] {dagbag.py:588} INFO - Filling up the DagBag from /home/airflow/.local/lib/python3.12/site-packages/airflow/example_dags/example_branch_python_dop_operator_3.py
[2024-10-28T13:38:47.526+0000] {processor.py:925} INFO - DAG(s) 'example_branch_dop_operator_v3' retrieved from /home/airflow/.local/lib/python3.12/site-packages/airflow/example_dags/example_branch_python_dop_operator_3.py
[2024-10-28T13:38:47.540+0000] {logging_mixin.py:190} INFO - [2024-10-28T13:38:47.540+0000] {dag.py:3239} INFO - Sync 1 DAGs
[2024-10-28T13:38:47.558+0000] {logging_mixin.py:190} INFO - [2024-10-28T13:38:47.557+0000] {dag.py:4180} INFO - Setting next_dagrun for example_branch_dop_operator_v3 to 2024-10-28 13:37:00+00:00, run_after=2024-10-28 13:38:00+00:00
[2024-10-28T13:38:47.579+0000] {processor.py:208} INFO - Processing /home/airflow/.local/lib/python3.12/site-packages/airflow/example_dags/example_branch_python_dop_operator_3.py took 0.068 seconds
[2024-10-28T13:39:18.041+0000] {processor.py:186} INFO - Started process (PID=1848) to work on /home/airflow/.local/lib/python3.12/site-packages/airflow/example_dags/example_branch_python_dop_operator_3.py
[2024-10-28T13:39:18.042+0000] {processor.py:914} INFO - Processing file /home/airflow/.local/lib/python3.12/site-packages/airflow/example_dags/example_branch_python_dop_operator_3.py for tasks to queue
[2024-10-28T13:39:18.044+0000] {logging_mixin.py:190} INFO - [2024-10-28T13:39:18.044+0000] {dagbag.py:588} INFO - Filling up the DagBag from /home/airflow/.local/lib/python3.12/site-packages/airflow/example_dags/example_branch_python_dop_operator_3.py
[2024-10-28T13:39:18.052+0000] {processor.py:925} INFO - DAG(s) 'example_branch_dop_operator_v3' retrieved from /home/airflow/.local/lib/python3.12/site-packages/airflow/example_dags/example_branch_python_dop_operator_3.py
[2024-10-28T13:39:18.065+0000] {logging_mixin.py:190} INFO - [2024-10-28T13:39:18.065+0000] {dag.py:3239} INFO - Sync 1 DAGs
[2024-10-28T13:39:18.083+0000] {logging_mixin.py:190} INFO - [2024-10-28T13:39:18.083+0000] {dag.py:4180} INFO - Setting next_dagrun for example_branch_dop_operator_v3 to 2024-10-28 13:38:00+00:00, run_after=2024-10-28 13:39:00+00:00
[2024-10-28T13:39:18.105+0000] {processor.py:208} INFO - Processing /home/airflow/.local/lib/python3.12/site-packages/airflow/example_dags/example_branch_python_dop_operator_3.py took 0.067 seconds
[2024-10-28T13:39:48.770+0000] {processor.py:186} INFO - Started process (PID=1911) to work on /home/airflow/.local/lib/python3.12/site-packages/airflow/example_dags/example_branch_python_dop_operator_3.py
[2024-10-28T13:39:48.771+0000] {processor.py:914} INFO - Processing file /home/airflow/.local/lib/python3.12/site-packages/airflow/example_dags/example_branch_python_dop_operator_3.py for tasks to queue
[2024-10-28T13:39:48.773+0000] {logging_mixin.py:190} INFO - [2024-10-28T13:39:48.773+0000] {dagbag.py:588} INFO - Filling up the DagBag from /home/airflow/.local/lib/python3.12/site-packages/airflow/example_dags/example_branch_python_dop_operator_3.py
[2024-10-28T13:39:48.781+0000] {processor.py:925} INFO - DAG(s) 'example_branch_dop_operator_v3' retrieved from /home/airflow/.local/lib/python3.12/site-packages/airflow/example_dags/example_branch_python_dop_operator_3.py
[2024-10-28T13:39:48.797+0000] {logging_mixin.py:190} INFO - [2024-10-28T13:39:48.797+0000] {dag.py:3239} INFO - Sync 1 DAGs
[2024-10-28T13:39:48.817+0000] {logging_mixin.py:190} INFO - [2024-10-28T13:39:48.817+0000] {dag.py:4180} INFO - Setting next_dagrun for example_branch_dop_operator_v3 to 2024-10-28 13:38:00+00:00, run_after=2024-10-28 13:39:00+00:00
[2024-10-28T13:39:48.833+0000] {processor.py:208} INFO - Processing /home/airflow/.local/lib/python3.12/site-packages/airflow/example_dags/example_branch_python_dop_operator_3.py took 0.068 seconds
[2024-10-28T13:40:19.116+0000] {processor.py:186} INFO - Started process (PID=1974) to work on /home/airflow/.local/lib/python3.12/site-packages/airflow/example_dags/example_branch_python_dop_operator_3.py
[2024-10-28T13:40:19.117+0000] {processor.py:914} INFO - Processing file /home/airflow/.local/lib/python3.12/site-packages/airflow/example_dags/example_branch_python_dop_operator_3.py for tasks to queue
[2024-10-28T13:40:19.119+0000] {logging_mixin.py:190} INFO - [2024-10-28T13:40:19.119+0000] {dagbag.py:588} INFO - Filling up the DagBag from /home/airflow/.local/lib/python3.12/site-packages/airflow/example_dags/example_branch_python_dop_operator_3.py
[2024-10-28T13:40:19.128+0000] {processor.py:925} INFO - DAG(s) 'example_branch_dop_operator_v3' retrieved from /home/airflow/.local/lib/python3.12/site-packages/airflow/example_dags/example_branch_python_dop_operator_3.py
[2024-10-28T13:40:19.142+0000] {logging_mixin.py:190} INFO - [2024-10-28T13:40:19.142+0000] {dag.py:3239} INFO - Sync 1 DAGs
[2024-10-28T13:40:19.159+0000] {logging_mixin.py:190} INFO - [2024-10-28T13:40:19.159+0000] {dag.py:4180} INFO - Setting next_dagrun for example_branch_dop_operator_v3 to 2024-10-28 13:39:00+00:00, run_after=2024-10-28 13:40:00+00:00
[2024-10-28T13:40:19.176+0000] {processor.py:208} INFO - Processing /home/airflow/.local/lib/python3.12/site-packages/airflow/example_dags/example_branch_python_dop_operator_3.py took 0.065 seconds
[2024-10-28T13:40:49.874+0000] {processor.py:186} INFO - Started process (PID=2037) to work on /home/airflow/.local/lib/python3.12/site-packages/airflow/example_dags/example_branch_python_dop_operator_3.py
[2024-10-28T13:40:49.875+0000] {processor.py:914} INFO - Processing file /home/airflow/.local/lib/python3.12/site-packages/airflow/example_dags/example_branch_python_dop_operator_3.py for tasks to queue
[2024-10-28T13:40:49.877+0000] {logging_mixin.py:190} INFO - [2024-10-28T13:40:49.877+0000] {dagbag.py:588} INFO - Filling up the DagBag from /home/airflow/.local/lib/python3.12/site-packages/airflow/example_dags/example_branch_python_dop_operator_3.py
[2024-10-28T13:40:49.886+0000] {processor.py:925} INFO - DAG(s) 'example_branch_dop_operator_v3' retrieved from /home/airflow/.local/lib/python3.12/site-packages/airflow/example_dags/example_branch_python_dop_operator_3.py
[2024-10-28T13:40:49.901+0000] {logging_mixin.py:190} INFO - [2024-10-28T13:40:49.901+0000] {dag.py:3239} INFO - Sync 1 DAGs
[2024-10-28T13:40:49.921+0000] {logging_mixin.py:190} INFO - [2024-10-28T13:40:49.921+0000] {dag.py:4180} INFO - Setting next_dagrun for example_branch_dop_operator_v3 to 2024-10-28 13:39:00+00:00, run_after=2024-10-28 13:40:00+00:00
[2024-10-28T13:40:49.935+0000] {processor.py:208} INFO - Processing /home/airflow/.local/lib/python3.12/site-packages/airflow/example_dags/example_branch_python_dop_operator_3.py took 0.066 seconds
[2024-10-28T13:41:21.011+0000] {processor.py:186} INFO - Started process (PID=2100) to work on /home/airflow/.local/lib/python3.12/site-packages/airflow/example_dags/example_branch_python_dop_operator_3.py
[2024-10-28T13:41:21.012+0000] {processor.py:914} INFO - Processing file /home/airflow/.local/lib/python3.12/site-packages/airflow/example_dags/example_branch_python_dop_operator_3.py for tasks to queue
[2024-10-28T13:41:21.014+0000] {logging_mixin.py:190} INFO - [2024-10-28T13:41:21.014+0000] {dagbag.py:588} INFO - Filling up the DagBag from /home/airflow/.local/lib/python3.12/site-packages/airflow/example_dags/example_branch_python_dop_operator_3.py
[2024-10-28T13:41:21.023+0000] {processor.py:925} INFO - DAG(s) 'example_branch_dop_operator_v3' retrieved from /home/airflow/.local/lib/python3.12/site-packages/airflow/example_dags/example_branch_python_dop_operator_3.py
[2024-10-28T13:41:21.039+0000] {logging_mixin.py:190} INFO - [2024-10-28T13:41:21.039+0000] {dag.py:3239} INFO - Sync 1 DAGs
[2024-10-28T13:41:21.058+0000] {logging_mixin.py:190} INFO - [2024-10-28T13:41:21.058+0000] {dag.py:4180} INFO - Setting next_dagrun for example_branch_dop_operator_v3 to 2024-10-28 13:40:00+00:00, run_after=2024-10-28 13:41:00+00:00
[2024-10-28T13:41:21.073+0000] {processor.py:208} INFO - Processing /home/airflow/.local/lib/python3.12/site-packages/airflow/example_dags/example_branch_python_dop_operator_3.py took 0.067 seconds
[2024-10-28T13:41:51.651+0000] {processor.py:186} INFO - Started process (PID=2163) to work on /home/airflow/.local/lib/python3.12/site-packages/airflow/example_dags/example_branch_python_dop_operator_3.py
[2024-10-28T13:41:51.652+0000] {processor.py:914} INFO - Processing file /home/airflow/.local/lib/python3.12/site-packages/airflow/example_dags/example_branch_python_dop_operator_3.py for tasks to queue
[2024-10-28T13:41:51.654+0000] {logging_mixin.py:190} INFO - [2024-10-28T13:41:51.654+0000] {dagbag.py:588} INFO - Filling up the DagBag from /home/airflow/.local/lib/python3.12/site-packages/airflow/example_dags/example_branch_python_dop_operator_3.py
[2024-10-28T13:41:51.662+0000] {processor.py:925} INFO - DAG(s) 'example_branch_dop_operator_v3' retrieved from /home/airflow/.local/lib/python3.12/site-packages/airflow/example_dags/example_branch_python_dop_operator_3.py
[2024-10-28T13:41:51.677+0000] {logging_mixin.py:190} INFO - [2024-10-28T13:41:51.677+0000] {dag.py:3239} INFO - Sync 1 DAGs
[2024-10-28T13:41:51.696+0000] {logging_mixin.py:190} INFO - [2024-10-28T13:41:51.696+0000] {dag.py:4180} INFO - Setting next_dagrun for example_branch_dop_operator_v3 to 2024-10-28 13:40:00+00:00, run_after=2024-10-28 13:41:00+00:00
[2024-10-28T13:41:51.713+0000] {processor.py:208} INFO - Processing /home/airflow/.local/lib/python3.12/site-packages/airflow/example_dags/example_branch_python_dop_operator_3.py took 0.067 seconds
[2024-10-28T13:42:22.643+0000] {processor.py:186} INFO - Started process (PID=2226) to work on /home/airflow/.local/lib/python3.12/site-packages/airflow/example_dags/example_branch_python_dop_operator_3.py
[2024-10-28T13:42:22.644+0000] {processor.py:914} INFO - Processing file /home/airflow/.local/lib/python3.12/site-packages/airflow/example_dags/example_branch_python_dop_operator_3.py for tasks to queue
[2024-10-28T13:42:22.645+0000] {logging_mixin.py:190} INFO - [2024-10-28T13:42:22.645+0000] {dagbag.py:588} INFO - Filling up the DagBag from /home/airflow/.local/lib/python3.12/site-packages/airflow/example_dags/example_branch_python_dop_operator_3.py
[2024-10-28T13:42:22.653+0000] {processor.py:925} INFO - DAG(s) 'example_branch_dop_operator_v3' retrieved from /home/airflow/.local/lib/python3.12/site-packages/airflow/example_dags/example_branch_python_dop_operator_3.py
[2024-10-28T13:42:22.666+0000] {logging_mixin.py:190} INFO - [2024-10-28T13:42:22.666+0000] {dag.py:3239} INFO - Sync 1 DAGs
[2024-10-28T13:42:22.685+0000] {logging_mixin.py:190} INFO - [2024-10-28T13:42:22.685+0000] {dag.py:4180} INFO - Setting next_dagrun for example_branch_dop_operator_v3 to 2024-10-28 13:41:00+00:00, run_after=2024-10-28 13:42:00+00:00
[2024-10-28T13:42:22.699+0000] {processor.py:208} INFO - Processing /home/airflow/.local/lib/python3.12/site-packages/airflow/example_dags/example_branch_python_dop_operator_3.py took 0.061 seconds
[2024-10-28T13:42:53.794+0000] {processor.py:186} INFO - Started process (PID=2288) to work on /home/airflow/.local/lib/python3.12/site-packages/airflow/example_dags/example_branch_python_dop_operator_3.py
[2024-10-28T13:42:53.795+0000] {processor.py:914} INFO - Processing file /home/airflow/.local/lib/python3.12/site-packages/airflow/example_dags/example_branch_python_dop_operator_3.py for tasks to queue
[2024-10-28T13:42:53.796+0000] {logging_mixin.py:190} INFO - [2024-10-28T13:42:53.796+0000] {dagbag.py:588} INFO - Filling up the DagBag from /home/airflow/.local/lib/python3.12/site-packages/airflow/example_dags/example_branch_python_dop_operator_3.py
[2024-10-28T13:42:53.806+0000] {processor.py:925} INFO - DAG(s) 'example_branch_dop_operator_v3' retrieved from /home/airflow/.local/lib/python3.12/site-packages/airflow/example_dags/example_branch_python_dop_operator_3.py
[2024-10-28T13:42:53.819+0000] {logging_mixin.py:190} INFO - [2024-10-28T13:42:53.819+0000] {dag.py:3239} INFO - Sync 1 DAGs
[2024-10-28T13:42:53.836+0000] {logging_mixin.py:190} INFO - [2024-10-28T13:42:53.836+0000] {dag.py:4180} INFO - Setting next_dagrun for example_branch_dop_operator_v3 to 2024-10-28 13:41:00+00:00, run_after=2024-10-28 13:42:00+00:00
[2024-10-28T13:42:53.851+0000] {processor.py:208} INFO - Processing /home/airflow/.local/lib/python3.12/site-packages/airflow/example_dags/example_branch_python_dop_operator_3.py took 0.061 seconds
[2024-10-28T13:43:24.512+0000] {processor.py:186} INFO - Started process (PID=2350) to work on /home/airflow/.local/lib/python3.12/site-packages/airflow/example_dags/example_branch_python_dop_operator_3.py
[2024-10-28T13:43:24.513+0000] {processor.py:914} INFO - Processing file /home/airflow/.local/lib/python3.12/site-packages/airflow/example_dags/example_branch_python_dop_operator_3.py for tasks to queue
[2024-10-28T13:43:24.514+0000] {logging_mixin.py:190} INFO - [2024-10-28T13:43:24.514+0000] {dagbag.py:588} INFO - Filling up the DagBag from /home/airflow/.local/lib/python3.12/site-packages/airflow/example_dags/example_branch_python_dop_operator_3.py
[2024-10-28T13:43:24.521+0000] {processor.py:925} INFO - DAG(s) 'example_branch_dop_operator_v3' retrieved from /home/airflow/.local/lib/python3.12/site-packages/airflow/example_dags/example_branch_python_dop_operator_3.py
[2024-10-28T13:43:24.536+0000] {logging_mixin.py:190} INFO - [2024-10-28T13:43:24.536+0000] {dag.py:3239} INFO - Sync 1 DAGs
[2024-10-28T13:43:24.554+0000] {logging_mixin.py:190} INFO - [2024-10-28T13:43:24.554+0000] {dag.py:4180} INFO - Setting next_dagrun for example_branch_dop_operator_v3 to 2024-10-28 13:42:00+00:00, run_after=2024-10-28 13:43:00+00:00
[2024-10-28T13:43:24.569+0000] {processor.py:208} INFO - Processing /home/airflow/.local/lib/python3.12/site-packages/airflow/example_dags/example_branch_python_dop_operator_3.py took 0.061 seconds
[2024-10-28T13:43:55.022+0000] {processor.py:186} INFO - Started process (PID=2412) to work on /home/airflow/.local/lib/python3.12/site-packages/airflow/example_dags/example_branch_python_dop_operator_3.py
[2024-10-28T13:43:55.023+0000] {processor.py:914} INFO - Processing file /home/airflow/.local/lib/python3.12/site-packages/airflow/example_dags/example_branch_python_dop_operator_3.py for tasks to queue
[2024-10-28T13:43:55.024+0000] {logging_mixin.py:190} INFO - [2024-10-28T13:43:55.024+0000] {dagbag.py:588} INFO - Filling up the DagBag from /home/airflow/.local/lib/python3.12/site-packages/airflow/example_dags/example_branch_python_dop_operator_3.py
[2024-10-28T13:43:55.033+0000] {processor.py:925} INFO - DAG(s) 'example_branch_dop_operator_v3' retrieved from /home/airflow/.local/lib/python3.12/site-packages/airflow/example_dags/example_branch_python_dop_operator_3.py
[2024-10-28T13:43:55.049+0000] {logging_mixin.py:190} INFO - [2024-10-28T13:43:55.048+0000] {dag.py:3239} INFO - Sync 1 DAGs
[2024-10-28T13:43:55.068+0000] {logging_mixin.py:190} INFO - [2024-10-28T13:43:55.067+0000] {dag.py:4180} INFO - Setting next_dagrun for example_branch_dop_operator_v3 to 2024-10-28 13:42:00+00:00, run_after=2024-10-28 13:43:00+00:00
[2024-10-28T13:43:55.082+0000] {processor.py:208} INFO - Processing /home/airflow/.local/lib/python3.12/site-packages/airflow/example_dags/example_branch_python_dop_operator_3.py took 0.066 seconds
