[2024-10-28T13:21:19.161+0000] {processor.py:186} INFO - Started process (PID=104) to work on /home/airflow/.local/lib/python3.12/site-packages/airflow/example_dags/example_xcomargs.py
[2024-10-28T13:21:19.162+0000] {processor.py:914} INFO - Processing file /home/airflow/.local/lib/python3.12/site-packages/airflow/example_dags/example_xcomargs.py for tasks to queue
[2024-10-28T13:21:19.164+0000] {logging_mixin.py:190} INFO - [2024-10-28T13:21:19.164+0000] {dagbag.py:588} INFO - Filling up the DagBag from /home/airflow/.local/lib/python3.12/site-packages/airflow/example_dags/example_xcomargs.py
[2024-10-28T13:21:19.172+0000] {processor.py:925} INFO - DAG(s) 'example_xcom_args', 'example_xcom_args_with_operators' retrieved from /home/airflow/.local/lib/python3.12/site-packages/airflow/example_dags/example_xcomargs.py
[2024-10-28T13:21:19.251+0000] {logging_mixin.py:190} INFO - [2024-10-28T13:21:19.250+0000] {override.py:1900} INFO - Created Permission View: can delete on DAG:example_xcom_args
[2024-10-28T13:21:19.262+0000] {logging_mixin.py:190} INFO - [2024-10-28T13:21:19.262+0000] {override.py:1900} INFO - Created Permission View: can edit on DAG:example_xcom_args
[2024-10-28T13:21:19.269+0000] {logging_mixin.py:190} INFO - [2024-10-28T13:21:19.269+0000] {override.py:1900} INFO - Created Permission View: can read on DAG:example_xcom_args
[2024-10-28T13:21:19.277+0000] {logging_mixin.py:190} INFO - [2024-10-28T13:21:19.277+0000] {override.py:1900} INFO - Created Permission View: can create on DAG Run:example_xcom_args
[2024-10-28T13:21:19.284+0000] {logging_mixin.py:190} INFO - [2024-10-28T13:21:19.283+0000] {override.py:1900} INFO - Created Permission View: menu access on DAG Run:example_xcom_args
[2024-10-28T13:21:19.290+0000] {logging_mixin.py:190} INFO - [2024-10-28T13:21:19.290+0000] {override.py:1900} INFO - Created Permission View: can read on DAG Run:example_xcom_args
[2024-10-28T13:21:19.297+0000] {logging_mixin.py:190} INFO - [2024-10-28T13:21:19.297+0000] {override.py:1900} INFO - Created Permission View: can delete on DAG Run:example_xcom_args
[2024-10-28T13:21:19.311+0000] {logging_mixin.py:190} INFO - [2024-10-28T13:21:19.310+0000] {override.py:1900} INFO - Created Permission View: can delete on DAG:example_xcom_args_with_operators
[2024-10-28T13:21:19.318+0000] {logging_mixin.py:190} INFO - [2024-10-28T13:21:19.318+0000] {override.py:1900} INFO - Created Permission View: can edit on DAG:example_xcom_args_with_operators
[2024-10-28T13:21:19.325+0000] {logging_mixin.py:190} INFO - [2024-10-28T13:21:19.325+0000] {override.py:1900} INFO - Created Permission View: can read on DAG:example_xcom_args_with_operators
[2024-10-28T13:21:19.334+0000] {logging_mixin.py:190} INFO - [2024-10-28T13:21:19.334+0000] {override.py:1900} INFO - Created Permission View: can create on DAG Run:example_xcom_args_with_operators
[2024-10-28T13:21:19.340+0000] {logging_mixin.py:190} INFO - [2024-10-28T13:21:19.340+0000] {override.py:1900} INFO - Created Permission View: menu access on DAG Run:example_xcom_args_with_operators
[2024-10-28T13:21:19.348+0000] {logging_mixin.py:190} INFO - [2024-10-28T13:21:19.348+0000] {override.py:1900} INFO - Created Permission View: can read on DAG Run:example_xcom_args_with_operators
[2024-10-28T13:21:19.355+0000] {logging_mixin.py:190} INFO - [2024-10-28T13:21:19.355+0000] {override.py:1900} INFO - Created Permission View: can delete on DAG Run:example_xcom_args_with_operators
[2024-10-28T13:21:19.356+0000] {logging_mixin.py:190} INFO - [2024-10-28T13:21:19.356+0000] {dag.py:3239} INFO - Sync 2 DAGs
[2024-10-28T13:21:19.367+0000] {logging_mixin.py:190} INFO - [2024-10-28T13:21:19.367+0000] {dag.py:3262} INFO - Creating ORM DAG for example_xcom_args
[2024-10-28T13:21:19.368+0000] {logging_mixin.py:190} INFO - [2024-10-28T13:21:19.368+0000] {dag.py:3262} INFO - Creating ORM DAG for example_xcom_args_with_operators
[2024-10-28T13:21:19.369+0000] {logging_mixin.py:190} INFO - [2024-10-28T13:21:19.369+0000] {dag.py:4180} INFO - Setting next_dagrun for example_xcom_args to None, run_after=None
[2024-10-28T13:21:19.369+0000] {logging_mixin.py:190} INFO - [2024-10-28T13:21:19.369+0000] {dag.py:4180} INFO - Setting next_dagrun for example_xcom_args_with_operators to None, run_after=None
[2024-10-28T13:21:19.384+0000] {processor.py:208} INFO - Processing /home/airflow/.local/lib/python3.12/site-packages/airflow/example_dags/example_xcomargs.py took 0.228 seconds
[2024-10-28T13:21:49.475+0000] {processor.py:186} INFO - Started process (PID=167) to work on /home/airflow/.local/lib/python3.12/site-packages/airflow/example_dags/example_xcomargs.py
[2024-10-28T13:21:49.476+0000] {processor.py:914} INFO - Processing file /home/airflow/.local/lib/python3.12/site-packages/airflow/example_dags/example_xcomargs.py for tasks to queue
[2024-10-28T13:21:49.478+0000] {logging_mixin.py:190} INFO - [2024-10-28T13:21:49.478+0000] {dagbag.py:588} INFO - Filling up the DagBag from /home/airflow/.local/lib/python3.12/site-packages/airflow/example_dags/example_xcomargs.py
[2024-10-28T13:21:49.486+0000] {processor.py:925} INFO - DAG(s) 'example_xcom_args_with_operators', 'example_xcom_args' retrieved from /home/airflow/.local/lib/python3.12/site-packages/airflow/example_dags/example_xcomargs.py
[2024-10-28T13:21:49.504+0000] {logging_mixin.py:190} INFO - [2024-10-28T13:21:49.504+0000] {dag.py:3239} INFO - Sync 2 DAGs
[2024-10-28T13:21:49.515+0000] {logging_mixin.py:190} INFO - [2024-10-28T13:21:49.515+0000] {dag.py:4180} INFO - Setting next_dagrun for example_xcom_args to None, run_after=None
[2024-10-28T13:21:49.518+0000] {logging_mixin.py:190} INFO - [2024-10-28T13:21:49.517+0000] {dag.py:4180} INFO - Setting next_dagrun for example_xcom_args_with_operators to None, run_after=None
[2024-10-28T13:21:49.530+0000] {processor.py:208} INFO - Processing /home/airflow/.local/lib/python3.12/site-packages/airflow/example_dags/example_xcomargs.py took 0.059 seconds
[2024-10-28T13:25:01.765+0000] {processor.py:186} INFO - Started process (PID=98) to work on /home/airflow/.local/lib/python3.12/site-packages/airflow/example_dags/example_xcomargs.py
[2024-10-28T13:25:01.767+0000] {processor.py:914} INFO - Processing file /home/airflow/.local/lib/python3.12/site-packages/airflow/example_dags/example_xcomargs.py for tasks to queue
[2024-10-28T13:25:01.769+0000] {logging_mixin.py:190} INFO - [2024-10-28T13:25:01.768+0000] {dagbag.py:588} INFO - Filling up the DagBag from /home/airflow/.local/lib/python3.12/site-packages/airflow/example_dags/example_xcomargs.py
[2024-10-28T13:25:01.779+0000] {processor.py:925} INFO - DAG(s) 'example_xcom_args_with_operators', 'example_xcom_args' retrieved from /home/airflow/.local/lib/python3.12/site-packages/airflow/example_dags/example_xcomargs.py
[2024-10-28T13:25:01.803+0000] {logging_mixin.py:190} INFO - [2024-10-28T13:25:01.802+0000] {dag.py:3239} INFO - Sync 2 DAGs
[2024-10-28T13:25:01.816+0000] {logging_mixin.py:190} INFO - [2024-10-28T13:25:01.816+0000] {dag.py:4180} INFO - Setting next_dagrun for example_xcom_args to None, run_after=None
[2024-10-28T13:25:01.819+0000] {logging_mixin.py:190} INFO - [2024-10-28T13:25:01.819+0000] {dag.py:4180} INFO - Setting next_dagrun for example_xcom_args_with_operators to None, run_after=None
[2024-10-28T13:25:01.834+0000] {processor.py:208} INFO - Processing /home/airflow/.local/lib/python3.12/site-packages/airflow/example_dags/example_xcomargs.py took 0.075 seconds
[2024-10-28T13:25:32.761+0000] {processor.py:186} INFO - Started process (PID=166) to work on /home/airflow/.local/lib/python3.12/site-packages/airflow/example_dags/example_xcomargs.py
[2024-10-28T13:25:32.763+0000] {processor.py:914} INFO - Processing file /home/airflow/.local/lib/python3.12/site-packages/airflow/example_dags/example_xcomargs.py for tasks to queue
[2024-10-28T13:25:32.764+0000] {logging_mixin.py:190} INFO - [2024-10-28T13:25:32.764+0000] {dagbag.py:588} INFO - Filling up the DagBag from /home/airflow/.local/lib/python3.12/site-packages/airflow/example_dags/example_xcomargs.py
[2024-10-28T13:25:32.772+0000] {processor.py:925} INFO - DAG(s) 'example_xcom_args_with_operators', 'example_xcom_args' retrieved from /home/airflow/.local/lib/python3.12/site-packages/airflow/example_dags/example_xcomargs.py
[2024-10-28T13:25:32.790+0000] {logging_mixin.py:190} INFO - [2024-10-28T13:25:32.789+0000] {dag.py:3239} INFO - Sync 2 DAGs
[2024-10-28T13:25:32.803+0000] {logging_mixin.py:190} INFO - [2024-10-28T13:25:32.802+0000] {dag.py:4180} INFO - Setting next_dagrun for example_xcom_args to None, run_after=None
[2024-10-28T13:25:32.806+0000] {logging_mixin.py:190} INFO - [2024-10-28T13:25:32.806+0000] {dag.py:4180} INFO - Setting next_dagrun for example_xcom_args_with_operators to None, run_after=None
[2024-10-28T13:25:32.827+0000] {processor.py:208} INFO - Processing /home/airflow/.local/lib/python3.12/site-packages/airflow/example_dags/example_xcomargs.py took 0.069 seconds
[2024-10-28T13:26:03.547+0000] {processor.py:186} INFO - Started process (PID=229) to work on /home/airflow/.local/lib/python3.12/site-packages/airflow/example_dags/example_xcomargs.py
[2024-10-28T13:26:03.548+0000] {processor.py:914} INFO - Processing file /home/airflow/.local/lib/python3.12/site-packages/airflow/example_dags/example_xcomargs.py for tasks to queue
[2024-10-28T13:26:03.550+0000] {logging_mixin.py:190} INFO - [2024-10-28T13:26:03.550+0000] {dagbag.py:588} INFO - Filling up the DagBag from /home/airflow/.local/lib/python3.12/site-packages/airflow/example_dags/example_xcomargs.py
[2024-10-28T13:26:03.559+0000] {processor.py:925} INFO - DAG(s) 'example_xcom_args_with_operators', 'example_xcom_args' retrieved from /home/airflow/.local/lib/python3.12/site-packages/airflow/example_dags/example_xcomargs.py
[2024-10-28T13:26:03.576+0000] {logging_mixin.py:190} INFO - [2024-10-28T13:26:03.576+0000] {dag.py:3239} INFO - Sync 2 DAGs
[2024-10-28T13:26:03.586+0000] {logging_mixin.py:190} INFO - [2024-10-28T13:26:03.586+0000] {dag.py:4180} INFO - Setting next_dagrun for example_xcom_args to None, run_after=None
[2024-10-28T13:26:03.589+0000] {logging_mixin.py:190} INFO - [2024-10-28T13:26:03.589+0000] {dag.py:4180} INFO - Setting next_dagrun for example_xcom_args_with_operators to None, run_after=None
[2024-10-28T13:26:03.602+0000] {processor.py:208} INFO - Processing /home/airflow/.local/lib/python3.12/site-packages/airflow/example_dags/example_xcomargs.py took 0.059 seconds
[2024-10-28T13:26:33.796+0000] {processor.py:186} INFO - Started process (PID=292) to work on /home/airflow/.local/lib/python3.12/site-packages/airflow/example_dags/example_xcomargs.py
[2024-10-28T13:26:33.797+0000] {processor.py:914} INFO - Processing file /home/airflow/.local/lib/python3.12/site-packages/airflow/example_dags/example_xcomargs.py for tasks to queue
[2024-10-28T13:26:33.799+0000] {logging_mixin.py:190} INFO - [2024-10-28T13:26:33.799+0000] {dagbag.py:588} INFO - Filling up the DagBag from /home/airflow/.local/lib/python3.12/site-packages/airflow/example_dags/example_xcomargs.py
[2024-10-28T13:26:33.806+0000] {processor.py:925} INFO - DAG(s) 'example_xcom_args_with_operators', 'example_xcom_args' retrieved from /home/airflow/.local/lib/python3.12/site-packages/airflow/example_dags/example_xcomargs.py
[2024-10-28T13:26:33.823+0000] {logging_mixin.py:190} INFO - [2024-10-28T13:26:33.822+0000] {dag.py:3239} INFO - Sync 2 DAGs
[2024-10-28T13:26:33.833+0000] {logging_mixin.py:190} INFO - [2024-10-28T13:26:33.833+0000] {dag.py:4180} INFO - Setting next_dagrun for example_xcom_args to None, run_after=None
[2024-10-28T13:26:33.836+0000] {logging_mixin.py:190} INFO - [2024-10-28T13:26:33.835+0000] {dag.py:4180} INFO - Setting next_dagrun for example_xcom_args_with_operators to None, run_after=None
[2024-10-28T13:26:33.848+0000] {processor.py:208} INFO - Processing /home/airflow/.local/lib/python3.12/site-packages/airflow/example_dags/example_xcomargs.py took 0.057 seconds
[2024-10-28T13:27:04.055+0000] {processor.py:186} INFO - Started process (PID=355) to work on /home/airflow/.local/lib/python3.12/site-packages/airflow/example_dags/example_xcomargs.py
[2024-10-28T13:27:04.056+0000] {processor.py:914} INFO - Processing file /home/airflow/.local/lib/python3.12/site-packages/airflow/example_dags/example_xcomargs.py for tasks to queue
[2024-10-28T13:27:04.058+0000] {logging_mixin.py:190} INFO - [2024-10-28T13:27:04.058+0000] {dagbag.py:588} INFO - Filling up the DagBag from /home/airflow/.local/lib/python3.12/site-packages/airflow/example_dags/example_xcomargs.py
[2024-10-28T13:27:04.067+0000] {processor.py:925} INFO - DAG(s) 'example_xcom_args_with_operators', 'example_xcom_args' retrieved from /home/airflow/.local/lib/python3.12/site-packages/airflow/example_dags/example_xcomargs.py
[2024-10-28T13:27:04.085+0000] {logging_mixin.py:190} INFO - [2024-10-28T13:27:04.085+0000] {dag.py:3239} INFO - Sync 2 DAGs
[2024-10-28T13:27:04.098+0000] {logging_mixin.py:190} INFO - [2024-10-28T13:27:04.098+0000] {dag.py:4180} INFO - Setting next_dagrun for example_xcom_args to None, run_after=None
[2024-10-28T13:27:04.101+0000] {logging_mixin.py:190} INFO - [2024-10-28T13:27:04.101+0000] {dag.py:4180} INFO - Setting next_dagrun for example_xcom_args_with_operators to None, run_after=None
[2024-10-28T13:27:04.115+0000] {processor.py:208} INFO - Processing /home/airflow/.local/lib/python3.12/site-packages/airflow/example_dags/example_xcomargs.py took 0.065 seconds
[2024-10-28T13:27:34.756+0000] {processor.py:186} INFO - Started process (PID=418) to work on /home/airflow/.local/lib/python3.12/site-packages/airflow/example_dags/example_xcomargs.py
[2024-10-28T13:27:34.758+0000] {processor.py:914} INFO - Processing file /home/airflow/.local/lib/python3.12/site-packages/airflow/example_dags/example_xcomargs.py for tasks to queue
[2024-10-28T13:27:34.760+0000] {logging_mixin.py:190} INFO - [2024-10-28T13:27:34.760+0000] {dagbag.py:588} INFO - Filling up the DagBag from /home/airflow/.local/lib/python3.12/site-packages/airflow/example_dags/example_xcomargs.py
[2024-10-28T13:27:34.769+0000] {processor.py:925} INFO - DAG(s) 'example_xcom_args', 'example_xcom_args_with_operators' retrieved from /home/airflow/.local/lib/python3.12/site-packages/airflow/example_dags/example_xcomargs.py
[2024-10-28T13:27:34.785+0000] {logging_mixin.py:190} INFO - [2024-10-28T13:27:34.785+0000] {dag.py:3239} INFO - Sync 2 DAGs
[2024-10-28T13:27:34.795+0000] {logging_mixin.py:190} INFO - [2024-10-28T13:27:34.795+0000] {dag.py:4180} INFO - Setting next_dagrun for example_xcom_args to None, run_after=None
[2024-10-28T13:27:34.798+0000] {logging_mixin.py:190} INFO - [2024-10-28T13:27:34.798+0000] {dag.py:4180} INFO - Setting next_dagrun for example_xcom_args_with_operators to None, run_after=None
[2024-10-28T13:27:34.810+0000] {processor.py:208} INFO - Processing /home/airflow/.local/lib/python3.12/site-packages/airflow/example_dags/example_xcomargs.py took 0.059 seconds
[2024-10-28T13:28:05.368+0000] {processor.py:186} INFO - Started process (PID=481) to work on /home/airflow/.local/lib/python3.12/site-packages/airflow/example_dags/example_xcomargs.py
[2024-10-28T13:28:05.369+0000] {processor.py:914} INFO - Processing file /home/airflow/.local/lib/python3.12/site-packages/airflow/example_dags/example_xcomargs.py for tasks to queue
[2024-10-28T13:28:05.371+0000] {logging_mixin.py:190} INFO - [2024-10-28T13:28:05.371+0000] {dagbag.py:588} INFO - Filling up the DagBag from /home/airflow/.local/lib/python3.12/site-packages/airflow/example_dags/example_xcomargs.py
[2024-10-28T13:28:05.379+0000] {processor.py:925} INFO - DAG(s) 'example_xcom_args_with_operators', 'example_xcom_args' retrieved from /home/airflow/.local/lib/python3.12/site-packages/airflow/example_dags/example_xcomargs.py
[2024-10-28T13:28:05.396+0000] {logging_mixin.py:190} INFO - [2024-10-28T13:28:05.396+0000] {dag.py:3239} INFO - Sync 2 DAGs
[2024-10-28T13:28:05.408+0000] {logging_mixin.py:190} INFO - [2024-10-28T13:28:05.408+0000] {dag.py:4180} INFO - Setting next_dagrun for example_xcom_args to None, run_after=None
[2024-10-28T13:28:05.411+0000] {logging_mixin.py:190} INFO - [2024-10-28T13:28:05.411+0000] {dag.py:4180} INFO - Setting next_dagrun for example_xcom_args_with_operators to None, run_after=None
[2024-10-28T13:28:05.424+0000] {processor.py:208} INFO - Processing /home/airflow/.local/lib/python3.12/site-packages/airflow/example_dags/example_xcomargs.py took 0.061 seconds
[2024-10-28T13:28:35.656+0000] {processor.py:186} INFO - Started process (PID=544) to work on /home/airflow/.local/lib/python3.12/site-packages/airflow/example_dags/example_xcomargs.py
[2024-10-28T13:28:35.657+0000] {processor.py:914} INFO - Processing file /home/airflow/.local/lib/python3.12/site-packages/airflow/example_dags/example_xcomargs.py for tasks to queue
[2024-10-28T13:28:35.659+0000] {logging_mixin.py:190} INFO - [2024-10-28T13:28:35.659+0000] {dagbag.py:588} INFO - Filling up the DagBag from /home/airflow/.local/lib/python3.12/site-packages/airflow/example_dags/example_xcomargs.py
[2024-10-28T13:28:35.666+0000] {processor.py:925} INFO - DAG(s) 'example_xcom_args', 'example_xcom_args_with_operators' retrieved from /home/airflow/.local/lib/python3.12/site-packages/airflow/example_dags/example_xcomargs.py
[2024-10-28T13:28:35.684+0000] {logging_mixin.py:190} INFO - [2024-10-28T13:28:35.683+0000] {dag.py:3239} INFO - Sync 2 DAGs
[2024-10-28T13:28:35.694+0000] {logging_mixin.py:190} INFO - [2024-10-28T13:28:35.694+0000] {dag.py:4180} INFO - Setting next_dagrun for example_xcom_args to None, run_after=None
[2024-10-28T13:28:35.698+0000] {logging_mixin.py:190} INFO - [2024-10-28T13:28:35.697+0000] {dag.py:4180} INFO - Setting next_dagrun for example_xcom_args_with_operators to None, run_after=None
[2024-10-28T13:28:35.712+0000] {processor.py:208} INFO - Processing /home/airflow/.local/lib/python3.12/site-packages/airflow/example_dags/example_xcomargs.py took 0.060 seconds
[2024-10-28T13:29:06.944+0000] {processor.py:186} INFO - Started process (PID=607) to work on /home/airflow/.local/lib/python3.12/site-packages/airflow/example_dags/example_xcomargs.py
[2024-10-28T13:29:06.944+0000] {processor.py:914} INFO - Processing file /home/airflow/.local/lib/python3.12/site-packages/airflow/example_dags/example_xcomargs.py for tasks to queue
[2024-10-28T13:29:06.947+0000] {logging_mixin.py:190} INFO - [2024-10-28T13:29:06.946+0000] {dagbag.py:588} INFO - Filling up the DagBag from /home/airflow/.local/lib/python3.12/site-packages/airflow/example_dags/example_xcomargs.py
[2024-10-28T13:29:06.954+0000] {processor.py:925} INFO - DAG(s) 'example_xcom_args_with_operators', 'example_xcom_args' retrieved from /home/airflow/.local/lib/python3.12/site-packages/airflow/example_dags/example_xcomargs.py
[2024-10-28T13:29:06.971+0000] {logging_mixin.py:190} INFO - [2024-10-28T13:29:06.971+0000] {dag.py:3239} INFO - Sync 2 DAGs
[2024-10-28T13:29:06.982+0000] {logging_mixin.py:190} INFO - [2024-10-28T13:29:06.981+0000] {dag.py:4180} INFO - Setting next_dagrun for example_xcom_args to None, run_after=None
[2024-10-28T13:29:06.985+0000] {logging_mixin.py:190} INFO - [2024-10-28T13:29:06.985+0000] {dag.py:4180} INFO - Setting next_dagrun for example_xcom_args_with_operators to None, run_after=None
[2024-10-28T13:29:07.000+0000] {processor.py:208} INFO - Processing /home/airflow/.local/lib/python3.12/site-packages/airflow/example_dags/example_xcomargs.py took 0.061 seconds
[2024-10-28T13:29:37.760+0000] {processor.py:186} INFO - Started process (PID=670) to work on /home/airflow/.local/lib/python3.12/site-packages/airflow/example_dags/example_xcomargs.py
[2024-10-28T13:29:37.760+0000] {processor.py:914} INFO - Processing file /home/airflow/.local/lib/python3.12/site-packages/airflow/example_dags/example_xcomargs.py for tasks to queue
[2024-10-28T13:29:37.764+0000] {logging_mixin.py:190} INFO - [2024-10-28T13:29:37.763+0000] {dagbag.py:588} INFO - Filling up the DagBag from /home/airflow/.local/lib/python3.12/site-packages/airflow/example_dags/example_xcomargs.py
[2024-10-28T13:29:37.772+0000] {processor.py:925} INFO - DAG(s) 'example_xcom_args', 'example_xcom_args_with_operators' retrieved from /home/airflow/.local/lib/python3.12/site-packages/airflow/example_dags/example_xcomargs.py
[2024-10-28T13:29:37.789+0000] {logging_mixin.py:190} INFO - [2024-10-28T13:29:37.789+0000] {dag.py:3239} INFO - Sync 2 DAGs
[2024-10-28T13:29:37.800+0000] {logging_mixin.py:190} INFO - [2024-10-28T13:29:37.800+0000] {dag.py:4180} INFO - Setting next_dagrun for example_xcom_args to None, run_after=None
[2024-10-28T13:29:37.803+0000] {logging_mixin.py:190} INFO - [2024-10-28T13:29:37.803+0000] {dag.py:4180} INFO - Setting next_dagrun for example_xcom_args_with_operators to None, run_after=None
[2024-10-28T13:29:37.816+0000] {processor.py:208} INFO - Processing /home/airflow/.local/lib/python3.12/site-packages/airflow/example_dags/example_xcomargs.py took 0.061 seconds
[2024-10-28T13:30:08.580+0000] {processor.py:186} INFO - Started process (PID=733) to work on /home/airflow/.local/lib/python3.12/site-packages/airflow/example_dags/example_xcomargs.py
[2024-10-28T13:30:08.583+0000] {processor.py:914} INFO - Processing file /home/airflow/.local/lib/python3.12/site-packages/airflow/example_dags/example_xcomargs.py for tasks to queue
[2024-10-28T13:30:08.590+0000] {logging_mixin.py:190} INFO - [2024-10-28T13:30:08.589+0000] {dagbag.py:588} INFO - Filling up the DagBag from /home/airflow/.local/lib/python3.12/site-packages/airflow/example_dags/example_xcomargs.py
[2024-10-28T13:30:08.599+0000] {processor.py:925} INFO - DAG(s) 'example_xcom_args', 'example_xcom_args_with_operators' retrieved from /home/airflow/.local/lib/python3.12/site-packages/airflow/example_dags/example_xcomargs.py
[2024-10-28T13:30:08.617+0000] {logging_mixin.py:190} INFO - [2024-10-28T13:30:08.617+0000] {dag.py:3239} INFO - Sync 2 DAGs
[2024-10-28T13:30:08.628+0000] {logging_mixin.py:190} INFO - [2024-10-28T13:30:08.627+0000] {dag.py:4180} INFO - Setting next_dagrun for example_xcom_args to None, run_after=None
[2024-10-28T13:30:08.631+0000] {logging_mixin.py:190} INFO - [2024-10-28T13:30:08.631+0000] {dag.py:4180} INFO - Setting next_dagrun for example_xcom_args_with_operators to None, run_after=None
[2024-10-28T13:30:08.645+0000] {processor.py:208} INFO - Processing /home/airflow/.local/lib/python3.12/site-packages/airflow/example_dags/example_xcomargs.py took 0.071 seconds
[2024-10-28T13:30:38.810+0000] {processor.py:186} INFO - Started process (PID=796) to work on /home/airflow/.local/lib/python3.12/site-packages/airflow/example_dags/example_xcomargs.py
[2024-10-28T13:30:38.812+0000] {processor.py:914} INFO - Processing file /home/airflow/.local/lib/python3.12/site-packages/airflow/example_dags/example_xcomargs.py for tasks to queue
[2024-10-28T13:30:38.813+0000] {logging_mixin.py:190} INFO - [2024-10-28T13:30:38.813+0000] {dagbag.py:588} INFO - Filling up the DagBag from /home/airflow/.local/lib/python3.12/site-packages/airflow/example_dags/example_xcomargs.py
[2024-10-28T13:30:38.821+0000] {processor.py:925} INFO - DAG(s) 'example_xcom_args', 'example_xcom_args_with_operators' retrieved from /home/airflow/.local/lib/python3.12/site-packages/airflow/example_dags/example_xcomargs.py
[2024-10-28T13:30:38.839+0000] {logging_mixin.py:190} INFO - [2024-10-28T13:30:38.839+0000] {dag.py:3239} INFO - Sync 2 DAGs
[2024-10-28T13:30:38.850+0000] {logging_mixin.py:190} INFO - [2024-10-28T13:30:38.850+0000] {dag.py:4180} INFO - Setting next_dagrun for example_xcom_args to None, run_after=None
[2024-10-28T13:30:38.854+0000] {logging_mixin.py:190} INFO - [2024-10-28T13:30:38.854+0000] {dag.py:4180} INFO - Setting next_dagrun for example_xcom_args_with_operators to None, run_after=None
[2024-10-28T13:30:38.869+0000] {processor.py:208} INFO - Processing /home/airflow/.local/lib/python3.12/site-packages/airflow/example_dags/example_xcomargs.py took 0.062 seconds
[2024-10-28T13:31:09.810+0000] {processor.py:186} INFO - Started process (PID=859) to work on /home/airflow/.local/lib/python3.12/site-packages/airflow/example_dags/example_xcomargs.py
[2024-10-28T13:31:09.811+0000] {processor.py:914} INFO - Processing file /home/airflow/.local/lib/python3.12/site-packages/airflow/example_dags/example_xcomargs.py for tasks to queue
[2024-10-28T13:31:09.813+0000] {logging_mixin.py:190} INFO - [2024-10-28T13:31:09.812+0000] {dagbag.py:588} INFO - Filling up the DagBag from /home/airflow/.local/lib/python3.12/site-packages/airflow/example_dags/example_xcomargs.py
[2024-10-28T13:31:09.820+0000] {processor.py:925} INFO - DAG(s) 'example_xcom_args_with_operators', 'example_xcom_args' retrieved from /home/airflow/.local/lib/python3.12/site-packages/airflow/example_dags/example_xcomargs.py
[2024-10-28T13:31:09.836+0000] {logging_mixin.py:190} INFO - [2024-10-28T13:31:09.836+0000] {dag.py:3239} INFO - Sync 2 DAGs
[2024-10-28T13:31:09.846+0000] {logging_mixin.py:190} INFO - [2024-10-28T13:31:09.846+0000] {dag.py:4180} INFO - Setting next_dagrun for example_xcom_args to None, run_after=None
[2024-10-28T13:31:09.849+0000] {logging_mixin.py:190} INFO - [2024-10-28T13:31:09.849+0000] {dag.py:4180} INFO - Setting next_dagrun for example_xcom_args_with_operators to None, run_after=None
[2024-10-28T13:31:09.864+0000] {processor.py:208} INFO - Processing /home/airflow/.local/lib/python3.12/site-packages/airflow/example_dags/example_xcomargs.py took 0.059 seconds
[2024-10-28T13:31:40.435+0000] {processor.py:186} INFO - Started process (PID=922) to work on /home/airflow/.local/lib/python3.12/site-packages/airflow/example_dags/example_xcomargs.py
[2024-10-28T13:31:40.436+0000] {processor.py:914} INFO - Processing file /home/airflow/.local/lib/python3.12/site-packages/airflow/example_dags/example_xcomargs.py for tasks to queue
[2024-10-28T13:31:40.438+0000] {logging_mixin.py:190} INFO - [2024-10-28T13:31:40.438+0000] {dagbag.py:588} INFO - Filling up the DagBag from /home/airflow/.local/lib/python3.12/site-packages/airflow/example_dags/example_xcomargs.py
[2024-10-28T13:31:40.446+0000] {processor.py:925} INFO - DAG(s) 'example_xcom_args_with_operators', 'example_xcom_args' retrieved from /home/airflow/.local/lib/python3.12/site-packages/airflow/example_dags/example_xcomargs.py
[2024-10-28T13:31:40.461+0000] {logging_mixin.py:190} INFO - [2024-10-28T13:31:40.461+0000] {dag.py:3239} INFO - Sync 2 DAGs
[2024-10-28T13:31:40.471+0000] {logging_mixin.py:190} INFO - [2024-10-28T13:31:40.471+0000] {dag.py:4180} INFO - Setting next_dagrun for example_xcom_args to None, run_after=None
[2024-10-28T13:31:40.474+0000] {logging_mixin.py:190} INFO - [2024-10-28T13:31:40.474+0000] {dag.py:4180} INFO - Setting next_dagrun for example_xcom_args_with_operators to None, run_after=None
[2024-10-28T13:31:40.497+0000] {processor.py:208} INFO - Processing /home/airflow/.local/lib/python3.12/site-packages/airflow/example_dags/example_xcomargs.py took 0.066 seconds
[2024-10-28T13:32:11.324+0000] {processor.py:186} INFO - Started process (PID=985) to work on /home/airflow/.local/lib/python3.12/site-packages/airflow/example_dags/example_xcomargs.py
[2024-10-28T13:32:11.325+0000] {processor.py:914} INFO - Processing file /home/airflow/.local/lib/python3.12/site-packages/airflow/example_dags/example_xcomargs.py for tasks to queue
[2024-10-28T13:32:11.327+0000] {logging_mixin.py:190} INFO - [2024-10-28T13:32:11.326+0000] {dagbag.py:588} INFO - Filling up the DagBag from /home/airflow/.local/lib/python3.12/site-packages/airflow/example_dags/example_xcomargs.py
[2024-10-28T13:32:11.334+0000] {processor.py:925} INFO - DAG(s) 'example_xcom_args', 'example_xcom_args_with_operators' retrieved from /home/airflow/.local/lib/python3.12/site-packages/airflow/example_dags/example_xcomargs.py
[2024-10-28T13:32:11.350+0000] {logging_mixin.py:190} INFO - [2024-10-28T13:32:11.350+0000] {dag.py:3239} INFO - Sync 2 DAGs
[2024-10-28T13:32:11.363+0000] {logging_mixin.py:190} INFO - [2024-10-28T13:32:11.363+0000] {dag.py:4180} INFO - Setting next_dagrun for example_xcom_args to None, run_after=None
[2024-10-28T13:32:11.367+0000] {logging_mixin.py:190} INFO - [2024-10-28T13:32:11.367+0000] {dag.py:4180} INFO - Setting next_dagrun for example_xcom_args_with_operators to None, run_after=None
[2024-10-28T13:32:11.381+0000] {processor.py:208} INFO - Processing /home/airflow/.local/lib/python3.12/site-packages/airflow/example_dags/example_xcomargs.py took 0.061 seconds
[2024-10-28T13:32:41.508+0000] {processor.py:186} INFO - Started process (PID=1048) to work on /home/airflow/.local/lib/python3.12/site-packages/airflow/example_dags/example_xcomargs.py
[2024-10-28T13:32:41.509+0000] {processor.py:914} INFO - Processing file /home/airflow/.local/lib/python3.12/site-packages/airflow/example_dags/example_xcomargs.py for tasks to queue
[2024-10-28T13:32:41.511+0000] {logging_mixin.py:190} INFO - [2024-10-28T13:32:41.511+0000] {dagbag.py:588} INFO - Filling up the DagBag from /home/airflow/.local/lib/python3.12/site-packages/airflow/example_dags/example_xcomargs.py
[2024-10-28T13:32:41.519+0000] {processor.py:925} INFO - DAG(s) 'example_xcom_args_with_operators', 'example_xcom_args' retrieved from /home/airflow/.local/lib/python3.12/site-packages/airflow/example_dags/example_xcomargs.py
[2024-10-28T13:32:41.534+0000] {logging_mixin.py:190} INFO - [2024-10-28T13:32:41.534+0000] {dag.py:3239} INFO - Sync 2 DAGs
[2024-10-28T13:32:41.547+0000] {logging_mixin.py:190} INFO - [2024-10-28T13:32:41.547+0000] {dag.py:4180} INFO - Setting next_dagrun for example_xcom_args to None, run_after=None
[2024-10-28T13:32:41.550+0000] {logging_mixin.py:190} INFO - [2024-10-28T13:32:41.550+0000] {dag.py:4180} INFO - Setting next_dagrun for example_xcom_args_with_operators to None, run_after=None
[2024-10-28T13:32:41.563+0000] {processor.py:208} INFO - Processing /home/airflow/.local/lib/python3.12/site-packages/airflow/example_dags/example_xcomargs.py took 0.059 seconds
[2024-10-28T13:33:11.917+0000] {processor.py:186} INFO - Started process (PID=1111) to work on /home/airflow/.local/lib/python3.12/site-packages/airflow/example_dags/example_xcomargs.py
[2024-10-28T13:33:11.918+0000] {processor.py:914} INFO - Processing file /home/airflow/.local/lib/python3.12/site-packages/airflow/example_dags/example_xcomargs.py for tasks to queue
[2024-10-28T13:33:11.920+0000] {logging_mixin.py:190} INFO - [2024-10-28T13:33:11.919+0000] {dagbag.py:588} INFO - Filling up the DagBag from /home/airflow/.local/lib/python3.12/site-packages/airflow/example_dags/example_xcomargs.py
[2024-10-28T13:33:11.927+0000] {processor.py:925} INFO - DAG(s) 'example_xcom_args_with_operators', 'example_xcom_args' retrieved from /home/airflow/.local/lib/python3.12/site-packages/airflow/example_dags/example_xcomargs.py
[2024-10-28T13:33:11.943+0000] {logging_mixin.py:190} INFO - [2024-10-28T13:33:11.943+0000] {dag.py:3239} INFO - Sync 2 DAGs
[2024-10-28T13:33:11.953+0000] {logging_mixin.py:190} INFO - [2024-10-28T13:33:11.953+0000] {dag.py:4180} INFO - Setting next_dagrun for example_xcom_args to None, run_after=None
[2024-10-28T13:33:11.956+0000] {logging_mixin.py:190} INFO - [2024-10-28T13:33:11.956+0000] {dag.py:4180} INFO - Setting next_dagrun for example_xcom_args_with_operators to None, run_after=None
[2024-10-28T13:33:11.974+0000] {processor.py:208} INFO - Processing /home/airflow/.local/lib/python3.12/site-packages/airflow/example_dags/example_xcomargs.py took 0.061 seconds
[2024-10-28T13:33:42.824+0000] {processor.py:186} INFO - Started process (PID=1174) to work on /home/airflow/.local/lib/python3.12/site-packages/airflow/example_dags/example_xcomargs.py
[2024-10-28T13:33:42.825+0000] {processor.py:914} INFO - Processing file /home/airflow/.local/lib/python3.12/site-packages/airflow/example_dags/example_xcomargs.py for tasks to queue
[2024-10-28T13:33:42.828+0000] {logging_mixin.py:190} INFO - [2024-10-28T13:33:42.828+0000] {dagbag.py:588} INFO - Filling up the DagBag from /home/airflow/.local/lib/python3.12/site-packages/airflow/example_dags/example_xcomargs.py
[2024-10-28T13:33:42.836+0000] {processor.py:925} INFO - DAG(s) 'example_xcom_args_with_operators', 'example_xcom_args' retrieved from /home/airflow/.local/lib/python3.12/site-packages/airflow/example_dags/example_xcomargs.py
[2024-10-28T13:33:42.856+0000] {logging_mixin.py:190} INFO - [2024-10-28T13:33:42.855+0000] {dag.py:3239} INFO - Sync 2 DAGs
[2024-10-28T13:33:42.867+0000] {logging_mixin.py:190} INFO - [2024-10-28T13:33:42.867+0000] {dag.py:4180} INFO - Setting next_dagrun for example_xcom_args to None, run_after=None
[2024-10-28T13:33:42.870+0000] {logging_mixin.py:190} INFO - [2024-10-28T13:33:42.870+0000] {dag.py:4180} INFO - Setting next_dagrun for example_xcom_args_with_operators to None, run_after=None
[2024-10-28T13:33:42.885+0000] {processor.py:208} INFO - Processing /home/airflow/.local/lib/python3.12/site-packages/airflow/example_dags/example_xcomargs.py took 0.065 seconds
[2024-10-28T13:34:13.595+0000] {processor.py:186} INFO - Started process (PID=1237) to work on /home/airflow/.local/lib/python3.12/site-packages/airflow/example_dags/example_xcomargs.py
[2024-10-28T13:34:13.597+0000] {processor.py:914} INFO - Processing file /home/airflow/.local/lib/python3.12/site-packages/airflow/example_dags/example_xcomargs.py for tasks to queue
[2024-10-28T13:34:13.601+0000] {logging_mixin.py:190} INFO - [2024-10-28T13:34:13.600+0000] {dagbag.py:588} INFO - Filling up the DagBag from /home/airflow/.local/lib/python3.12/site-packages/airflow/example_dags/example_xcomargs.py
[2024-10-28T13:34:13.610+0000] {processor.py:925} INFO - DAG(s) 'example_xcom_args', 'example_xcom_args_with_operators' retrieved from /home/airflow/.local/lib/python3.12/site-packages/airflow/example_dags/example_xcomargs.py
[2024-10-28T13:34:13.628+0000] {logging_mixin.py:190} INFO - [2024-10-28T13:34:13.627+0000] {dag.py:3239} INFO - Sync 2 DAGs
[2024-10-28T13:34:13.639+0000] {logging_mixin.py:190} INFO - [2024-10-28T13:34:13.639+0000] {dag.py:4180} INFO - Setting next_dagrun for example_xcom_args to None, run_after=None
[2024-10-28T13:34:13.642+0000] {logging_mixin.py:190} INFO - [2024-10-28T13:34:13.642+0000] {dag.py:4180} INFO - Setting next_dagrun for example_xcom_args_with_operators to None, run_after=None
[2024-10-28T13:34:13.659+0000] {processor.py:208} INFO - Processing /home/airflow/.local/lib/python3.12/site-packages/airflow/example_dags/example_xcomargs.py took 0.068 seconds
[2024-10-28T13:34:44.289+0000] {processor.py:186} INFO - Started process (PID=1300) to work on /home/airflow/.local/lib/python3.12/site-packages/airflow/example_dags/example_xcomargs.py
[2024-10-28T13:34:44.293+0000] {processor.py:914} INFO - Processing file /home/airflow/.local/lib/python3.12/site-packages/airflow/example_dags/example_xcomargs.py for tasks to queue
[2024-10-28T13:34:44.297+0000] {logging_mixin.py:190} INFO - [2024-10-28T13:34:44.297+0000] {dagbag.py:588} INFO - Filling up the DagBag from /home/airflow/.local/lib/python3.12/site-packages/airflow/example_dags/example_xcomargs.py
[2024-10-28T13:34:44.308+0000] {processor.py:925} INFO - DAG(s) 'example_xcom_args', 'example_xcom_args_with_operators' retrieved from /home/airflow/.local/lib/python3.12/site-packages/airflow/example_dags/example_xcomargs.py
[2024-10-28T13:34:44.325+0000] {logging_mixin.py:190} INFO - [2024-10-28T13:34:44.325+0000] {dag.py:3239} INFO - Sync 2 DAGs
[2024-10-28T13:34:44.335+0000] {logging_mixin.py:190} INFO - [2024-10-28T13:34:44.335+0000] {dag.py:4180} INFO - Setting next_dagrun for example_xcom_args to None, run_after=None
[2024-10-28T13:34:44.341+0000] {logging_mixin.py:190} INFO - [2024-10-28T13:34:44.341+0000] {dag.py:4180} INFO - Setting next_dagrun for example_xcom_args_with_operators to None, run_after=None
[2024-10-28T13:34:44.355+0000] {processor.py:208} INFO - Processing /home/airflow/.local/lib/python3.12/site-packages/airflow/example_dags/example_xcomargs.py took 0.072 seconds
[2024-10-28T13:35:15.331+0000] {processor.py:186} INFO - Started process (PID=1363) to work on /home/airflow/.local/lib/python3.12/site-packages/airflow/example_dags/example_xcomargs.py
[2024-10-28T13:35:15.332+0000] {processor.py:914} INFO - Processing file /home/airflow/.local/lib/python3.12/site-packages/airflow/example_dags/example_xcomargs.py for tasks to queue
[2024-10-28T13:35:15.333+0000] {logging_mixin.py:190} INFO - [2024-10-28T13:35:15.333+0000] {dagbag.py:588} INFO - Filling up the DagBag from /home/airflow/.local/lib/python3.12/site-packages/airflow/example_dags/example_xcomargs.py
[2024-10-28T13:35:15.341+0000] {processor.py:925} INFO - DAG(s) 'example_xcom_args_with_operators', 'example_xcom_args' retrieved from /home/airflow/.local/lib/python3.12/site-packages/airflow/example_dags/example_xcomargs.py
[2024-10-28T13:35:15.358+0000] {logging_mixin.py:190} INFO - [2024-10-28T13:35:15.358+0000] {dag.py:3239} INFO - Sync 2 DAGs
[2024-10-28T13:35:15.374+0000] {logging_mixin.py:190} INFO - [2024-10-28T13:35:15.374+0000] {dag.py:4180} INFO - Setting next_dagrun for example_xcom_args to None, run_after=None
[2024-10-28T13:35:15.378+0000] {logging_mixin.py:190} INFO - [2024-10-28T13:35:15.377+0000] {dag.py:4180} INFO - Setting next_dagrun for example_xcom_args_with_operators to None, run_after=None
[2024-10-28T13:35:15.424+0000] {processor.py:208} INFO - Processing /home/airflow/.local/lib/python3.12/site-packages/airflow/example_dags/example_xcomargs.py took 0.097 seconds
[2024-10-28T13:35:45.563+0000] {processor.py:186} INFO - Started process (PID=1426) to work on /home/airflow/.local/lib/python3.12/site-packages/airflow/example_dags/example_xcomargs.py
[2024-10-28T13:35:45.567+0000] {processor.py:914} INFO - Processing file /home/airflow/.local/lib/python3.12/site-packages/airflow/example_dags/example_xcomargs.py for tasks to queue
[2024-10-28T13:35:45.568+0000] {logging_mixin.py:190} INFO - [2024-10-28T13:35:45.568+0000] {dagbag.py:588} INFO - Filling up the DagBag from /home/airflow/.local/lib/python3.12/site-packages/airflow/example_dags/example_xcomargs.py
[2024-10-28T13:35:45.580+0000] {processor.py:925} INFO - DAG(s) 'example_xcom_args', 'example_xcom_args_with_operators' retrieved from /home/airflow/.local/lib/python3.12/site-packages/airflow/example_dags/example_xcomargs.py
[2024-10-28T13:35:45.595+0000] {logging_mixin.py:190} INFO - [2024-10-28T13:35:45.595+0000] {dag.py:3239} INFO - Sync 2 DAGs
[2024-10-28T13:35:45.606+0000] {logging_mixin.py:190} INFO - [2024-10-28T13:35:45.606+0000] {dag.py:4180} INFO - Setting next_dagrun for example_xcom_args to None, run_after=None
[2024-10-28T13:35:45.609+0000] {logging_mixin.py:190} INFO - [2024-10-28T13:35:45.609+0000] {dag.py:4180} INFO - Setting next_dagrun for example_xcom_args_with_operators to None, run_after=None
[2024-10-28T13:35:45.622+0000] {processor.py:208} INFO - Processing /home/airflow/.local/lib/python3.12/site-packages/airflow/example_dags/example_xcomargs.py took 0.063 seconds
[2024-10-28T13:36:16.376+0000] {processor.py:186} INFO - Started process (PID=1489) to work on /home/airflow/.local/lib/python3.12/site-packages/airflow/example_dags/example_xcomargs.py
[2024-10-28T13:36:16.377+0000] {processor.py:914} INFO - Processing file /home/airflow/.local/lib/python3.12/site-packages/airflow/example_dags/example_xcomargs.py for tasks to queue
[2024-10-28T13:36:16.380+0000] {logging_mixin.py:190} INFO - [2024-10-28T13:36:16.380+0000] {dagbag.py:588} INFO - Filling up the DagBag from /home/airflow/.local/lib/python3.12/site-packages/airflow/example_dags/example_xcomargs.py
[2024-10-28T13:36:16.388+0000] {processor.py:925} INFO - DAG(s) 'example_xcom_args_with_operators', 'example_xcom_args' retrieved from /home/airflow/.local/lib/python3.12/site-packages/airflow/example_dags/example_xcomargs.py
[2024-10-28T13:36:16.405+0000] {logging_mixin.py:190} INFO - [2024-10-28T13:36:16.405+0000] {dag.py:3239} INFO - Sync 2 DAGs
[2024-10-28T13:36:16.415+0000] {logging_mixin.py:190} INFO - [2024-10-28T13:36:16.415+0000] {dag.py:4180} INFO - Setting next_dagrun for example_xcom_args to None, run_after=None
[2024-10-28T13:36:16.417+0000] {logging_mixin.py:190} INFO - [2024-10-28T13:36:16.417+0000] {dag.py:4180} INFO - Setting next_dagrun for example_xcom_args_with_operators to None, run_after=None
[2024-10-28T13:36:16.431+0000] {processor.py:208} INFO - Processing /home/airflow/.local/lib/python3.12/site-packages/airflow/example_dags/example_xcomargs.py took 0.059 seconds
[2024-10-28T13:36:47.406+0000] {processor.py:186} INFO - Started process (PID=1552) to work on /home/airflow/.local/lib/python3.12/site-packages/airflow/example_dags/example_xcomargs.py
[2024-10-28T13:36:47.409+0000] {processor.py:914} INFO - Processing file /home/airflow/.local/lib/python3.12/site-packages/airflow/example_dags/example_xcomargs.py for tasks to queue
[2024-10-28T13:36:47.411+0000] {logging_mixin.py:190} INFO - [2024-10-28T13:36:47.410+0000] {dagbag.py:588} INFO - Filling up the DagBag from /home/airflow/.local/lib/python3.12/site-packages/airflow/example_dags/example_xcomargs.py
[2024-10-28T13:36:47.419+0000] {processor.py:925} INFO - DAG(s) 'example_xcom_args_with_operators', 'example_xcom_args' retrieved from /home/airflow/.local/lib/python3.12/site-packages/airflow/example_dags/example_xcomargs.py
[2024-10-28T13:36:47.437+0000] {logging_mixin.py:190} INFO - [2024-10-28T13:36:47.437+0000] {dag.py:3239} INFO - Sync 2 DAGs
[2024-10-28T13:36:47.448+0000] {logging_mixin.py:190} INFO - [2024-10-28T13:36:47.448+0000] {dag.py:4180} INFO - Setting next_dagrun for example_xcom_args to None, run_after=None
[2024-10-28T13:36:47.451+0000] {logging_mixin.py:190} INFO - [2024-10-28T13:36:47.451+0000] {dag.py:4180} INFO - Setting next_dagrun for example_xcom_args_with_operators to None, run_after=None
[2024-10-28T13:36:47.464+0000] {processor.py:208} INFO - Processing /home/airflow/.local/lib/python3.12/site-packages/airflow/example_dags/example_xcomargs.py took 0.062 seconds
[2024-10-28T13:37:18.149+0000] {processor.py:186} INFO - Started process (PID=1615) to work on /home/airflow/.local/lib/python3.12/site-packages/airflow/example_dags/example_xcomargs.py
[2024-10-28T13:37:18.149+0000] {processor.py:914} INFO - Processing file /home/airflow/.local/lib/python3.12/site-packages/airflow/example_dags/example_xcomargs.py for tasks to queue
[2024-10-28T13:37:18.151+0000] {logging_mixin.py:190} INFO - [2024-10-28T13:37:18.151+0000] {dagbag.py:588} INFO - Filling up the DagBag from /home/airflow/.local/lib/python3.12/site-packages/airflow/example_dags/example_xcomargs.py
[2024-10-28T13:37:18.158+0000] {processor.py:925} INFO - DAG(s) 'example_xcom_args', 'example_xcom_args_with_operators' retrieved from /home/airflow/.local/lib/python3.12/site-packages/airflow/example_dags/example_xcomargs.py
[2024-10-28T13:37:18.175+0000] {logging_mixin.py:190} INFO - [2024-10-28T13:37:18.175+0000] {dag.py:3239} INFO - Sync 2 DAGs
[2024-10-28T13:37:18.186+0000] {logging_mixin.py:190} INFO - [2024-10-28T13:37:18.186+0000] {dag.py:4180} INFO - Setting next_dagrun for example_xcom_args to None, run_after=None
[2024-10-28T13:37:18.188+0000] {logging_mixin.py:190} INFO - [2024-10-28T13:37:18.188+0000] {dag.py:4180} INFO - Setting next_dagrun for example_xcom_args_with_operators to None, run_after=None
[2024-10-28T13:37:18.200+0000] {processor.py:208} INFO - Processing /home/airflow/.local/lib/python3.12/site-packages/airflow/example_dags/example_xcomargs.py took 0.056 seconds
[2024-10-28T13:37:48.473+0000] {processor.py:186} INFO - Started process (PID=1678) to work on /home/airflow/.local/lib/python3.12/site-packages/airflow/example_dags/example_xcomargs.py
[2024-10-28T13:37:48.474+0000] {processor.py:914} INFO - Processing file /home/airflow/.local/lib/python3.12/site-packages/airflow/example_dags/example_xcomargs.py for tasks to queue
[2024-10-28T13:37:48.476+0000] {logging_mixin.py:190} INFO - [2024-10-28T13:37:48.476+0000] {dagbag.py:588} INFO - Filling up the DagBag from /home/airflow/.local/lib/python3.12/site-packages/airflow/example_dags/example_xcomargs.py
[2024-10-28T13:37:48.484+0000] {processor.py:925} INFO - DAG(s) 'example_xcom_args_with_operators', 'example_xcom_args' retrieved from /home/airflow/.local/lib/python3.12/site-packages/airflow/example_dags/example_xcomargs.py
[2024-10-28T13:37:48.500+0000] {logging_mixin.py:190} INFO - [2024-10-28T13:37:48.500+0000] {dag.py:3239} INFO - Sync 2 DAGs
[2024-10-28T13:37:48.510+0000] {logging_mixin.py:190} INFO - [2024-10-28T13:37:48.510+0000] {dag.py:4180} INFO - Setting next_dagrun for example_xcom_args to None, run_after=None
[2024-10-28T13:37:48.513+0000] {logging_mixin.py:190} INFO - [2024-10-28T13:37:48.513+0000] {dag.py:4180} INFO - Setting next_dagrun for example_xcom_args_with_operators to None, run_after=None
[2024-10-28T13:37:48.525+0000] {processor.py:208} INFO - Processing /home/airflow/.local/lib/python3.12/site-packages/airflow/example_dags/example_xcomargs.py took 0.056 seconds
[2024-10-28T13:38:19.042+0000] {processor.py:186} INFO - Started process (PID=1741) to work on /home/airflow/.local/lib/python3.12/site-packages/airflow/example_dags/example_xcomargs.py
[2024-10-28T13:38:19.043+0000] {processor.py:914} INFO - Processing file /home/airflow/.local/lib/python3.12/site-packages/airflow/example_dags/example_xcomargs.py for tasks to queue
[2024-10-28T13:38:19.045+0000] {logging_mixin.py:190} INFO - [2024-10-28T13:38:19.045+0000] {dagbag.py:588} INFO - Filling up the DagBag from /home/airflow/.local/lib/python3.12/site-packages/airflow/example_dags/example_xcomargs.py
[2024-10-28T13:38:19.053+0000] {processor.py:925} INFO - DAG(s) 'example_xcom_args', 'example_xcom_args_with_operators' retrieved from /home/airflow/.local/lib/python3.12/site-packages/airflow/example_dags/example_xcomargs.py
[2024-10-28T13:38:19.069+0000] {logging_mixin.py:190} INFO - [2024-10-28T13:38:19.069+0000] {dag.py:3239} INFO - Sync 2 DAGs
[2024-10-28T13:38:19.080+0000] {logging_mixin.py:190} INFO - [2024-10-28T13:38:19.080+0000] {dag.py:4180} INFO - Setting next_dagrun for example_xcom_args to None, run_after=None
[2024-10-28T13:38:19.083+0000] {logging_mixin.py:190} INFO - [2024-10-28T13:38:19.083+0000] {dag.py:4180} INFO - Setting next_dagrun for example_xcom_args_with_operators to None, run_after=None
[2024-10-28T13:38:19.095+0000] {processor.py:208} INFO - Processing /home/airflow/.local/lib/python3.12/site-packages/airflow/example_dags/example_xcomargs.py took 0.057 seconds
[2024-10-28T13:38:49.633+0000] {processor.py:186} INFO - Started process (PID=1804) to work on /home/airflow/.local/lib/python3.12/site-packages/airflow/example_dags/example_xcomargs.py
[2024-10-28T13:38:49.634+0000] {processor.py:914} INFO - Processing file /home/airflow/.local/lib/python3.12/site-packages/airflow/example_dags/example_xcomargs.py for tasks to queue
[2024-10-28T13:38:49.636+0000] {logging_mixin.py:190} INFO - [2024-10-28T13:38:49.636+0000] {dagbag.py:588} INFO - Filling up the DagBag from /home/airflow/.local/lib/python3.12/site-packages/airflow/example_dags/example_xcomargs.py
[2024-10-28T13:38:49.643+0000] {processor.py:925} INFO - DAG(s) 'example_xcom_args_with_operators', 'example_xcom_args' retrieved from /home/airflow/.local/lib/python3.12/site-packages/airflow/example_dags/example_xcomargs.py
[2024-10-28T13:38:49.659+0000] {logging_mixin.py:190} INFO - [2024-10-28T13:38:49.659+0000] {dag.py:3239} INFO - Sync 2 DAGs
[2024-10-28T13:38:49.670+0000] {logging_mixin.py:190} INFO - [2024-10-28T13:38:49.670+0000] {dag.py:4180} INFO - Setting next_dagrun for example_xcom_args to None, run_after=None
[2024-10-28T13:38:49.673+0000] {logging_mixin.py:190} INFO - [2024-10-28T13:38:49.673+0000] {dag.py:4180} INFO - Setting next_dagrun for example_xcom_args_with_operators to None, run_after=None
[2024-10-28T13:38:49.704+0000] {processor.py:208} INFO - Processing /home/airflow/.local/lib/python3.12/site-packages/airflow/example_dags/example_xcomargs.py took 0.075 seconds
[2024-10-28T13:39:20.209+0000] {processor.py:186} INFO - Started process (PID=1867) to work on /home/airflow/.local/lib/python3.12/site-packages/airflow/example_dags/example_xcomargs.py
[2024-10-28T13:39:20.210+0000] {processor.py:914} INFO - Processing file /home/airflow/.local/lib/python3.12/site-packages/airflow/example_dags/example_xcomargs.py for tasks to queue
[2024-10-28T13:39:20.212+0000] {logging_mixin.py:190} INFO - [2024-10-28T13:39:20.212+0000] {dagbag.py:588} INFO - Filling up the DagBag from /home/airflow/.local/lib/python3.12/site-packages/airflow/example_dags/example_xcomargs.py
[2024-10-28T13:39:20.220+0000] {processor.py:925} INFO - DAG(s) 'example_xcom_args_with_operators', 'example_xcom_args' retrieved from /home/airflow/.local/lib/python3.12/site-packages/airflow/example_dags/example_xcomargs.py
[2024-10-28T13:39:20.237+0000] {logging_mixin.py:190} INFO - [2024-10-28T13:39:20.237+0000] {dag.py:3239} INFO - Sync 2 DAGs
[2024-10-28T13:39:20.247+0000] {logging_mixin.py:190} INFO - [2024-10-28T13:39:20.247+0000] {dag.py:4180} INFO - Setting next_dagrun for example_xcom_args to None, run_after=None
[2024-10-28T13:39:20.250+0000] {logging_mixin.py:190} INFO - [2024-10-28T13:39:20.250+0000] {dag.py:4180} INFO - Setting next_dagrun for example_xcom_args_with_operators to None, run_after=None
[2024-10-28T13:39:20.264+0000] {processor.py:208} INFO - Processing /home/airflow/.local/lib/python3.12/site-packages/airflow/example_dags/example_xcomargs.py took 0.059 seconds
[2024-10-28T13:39:51.139+0000] {processor.py:186} INFO - Started process (PID=1930) to work on /home/airflow/.local/lib/python3.12/site-packages/airflow/example_dags/example_xcomargs.py
[2024-10-28T13:39:51.140+0000] {processor.py:914} INFO - Processing file /home/airflow/.local/lib/python3.12/site-packages/airflow/example_dags/example_xcomargs.py for tasks to queue
[2024-10-28T13:39:51.142+0000] {logging_mixin.py:190} INFO - [2024-10-28T13:39:51.142+0000] {dagbag.py:588} INFO - Filling up the DagBag from /home/airflow/.local/lib/python3.12/site-packages/airflow/example_dags/example_xcomargs.py
[2024-10-28T13:39:51.151+0000] {processor.py:925} INFO - DAG(s) 'example_xcom_args_with_operators', 'example_xcom_args' retrieved from /home/airflow/.local/lib/python3.12/site-packages/airflow/example_dags/example_xcomargs.py
[2024-10-28T13:39:51.174+0000] {logging_mixin.py:190} INFO - [2024-10-28T13:39:51.174+0000] {dag.py:3239} INFO - Sync 2 DAGs
[2024-10-28T13:39:51.185+0000] {logging_mixin.py:190} INFO - [2024-10-28T13:39:51.185+0000] {dag.py:4180} INFO - Setting next_dagrun for example_xcom_args to None, run_after=None
[2024-10-28T13:39:51.189+0000] {logging_mixin.py:190} INFO - [2024-10-28T13:39:51.189+0000] {dag.py:4180} INFO - Setting next_dagrun for example_xcom_args_with_operators to None, run_after=None
[2024-10-28T13:39:51.204+0000] {processor.py:208} INFO - Processing /home/airflow/.local/lib/python3.12/site-packages/airflow/example_dags/example_xcomargs.py took 0.069 seconds
[2024-10-28T13:40:21.458+0000] {processor.py:186} INFO - Started process (PID=1993) to work on /home/airflow/.local/lib/python3.12/site-packages/airflow/example_dags/example_xcomargs.py
[2024-10-28T13:40:21.459+0000] {processor.py:914} INFO - Processing file /home/airflow/.local/lib/python3.12/site-packages/airflow/example_dags/example_xcomargs.py for tasks to queue
[2024-10-28T13:40:21.461+0000] {logging_mixin.py:190} INFO - [2024-10-28T13:40:21.461+0000] {dagbag.py:588} INFO - Filling up the DagBag from /home/airflow/.local/lib/python3.12/site-packages/airflow/example_dags/example_xcomargs.py
[2024-10-28T13:40:21.469+0000] {processor.py:925} INFO - DAG(s) 'example_xcom_args_with_operators', 'example_xcom_args' retrieved from /home/airflow/.local/lib/python3.12/site-packages/airflow/example_dags/example_xcomargs.py
[2024-10-28T13:40:21.485+0000] {logging_mixin.py:190} INFO - [2024-10-28T13:40:21.485+0000] {dag.py:3239} INFO - Sync 2 DAGs
[2024-10-28T13:40:21.495+0000] {logging_mixin.py:190} INFO - [2024-10-28T13:40:21.495+0000] {dag.py:4180} INFO - Setting next_dagrun for example_xcom_args to None, run_after=None
[2024-10-28T13:40:21.497+0000] {logging_mixin.py:190} INFO - [2024-10-28T13:40:21.497+0000] {dag.py:4180} INFO - Setting next_dagrun for example_xcom_args_with_operators to None, run_after=None
[2024-10-28T13:40:21.513+0000] {processor.py:208} INFO - Processing /home/airflow/.local/lib/python3.12/site-packages/airflow/example_dags/example_xcomargs.py took 0.059 seconds
[2024-10-28T13:40:52.071+0000] {processor.py:186} INFO - Started process (PID=2056) to work on /home/airflow/.local/lib/python3.12/site-packages/airflow/example_dags/example_xcomargs.py
[2024-10-28T13:40:52.072+0000] {processor.py:914} INFO - Processing file /home/airflow/.local/lib/python3.12/site-packages/airflow/example_dags/example_xcomargs.py for tasks to queue
[2024-10-28T13:40:52.074+0000] {logging_mixin.py:190} INFO - [2024-10-28T13:40:52.074+0000] {dagbag.py:588} INFO - Filling up the DagBag from /home/airflow/.local/lib/python3.12/site-packages/airflow/example_dags/example_xcomargs.py
[2024-10-28T13:40:52.083+0000] {processor.py:925} INFO - DAG(s) 'example_xcom_args', 'example_xcom_args_with_operators' retrieved from /home/airflow/.local/lib/python3.12/site-packages/airflow/example_dags/example_xcomargs.py
[2024-10-28T13:40:52.101+0000] {logging_mixin.py:190} INFO - [2024-10-28T13:40:52.101+0000] {dag.py:3239} INFO - Sync 2 DAGs
[2024-10-28T13:40:52.112+0000] {logging_mixin.py:190} INFO - [2024-10-28T13:40:52.112+0000] {dag.py:4180} INFO - Setting next_dagrun for example_xcom_args to None, run_after=None
[2024-10-28T13:40:52.116+0000] {logging_mixin.py:190} INFO - [2024-10-28T13:40:52.116+0000] {dag.py:4180} INFO - Setting next_dagrun for example_xcom_args_with_operators to None, run_after=None
[2024-10-28T13:40:52.130+0000] {processor.py:208} INFO - Processing /home/airflow/.local/lib/python3.12/site-packages/airflow/example_dags/example_xcomargs.py took 0.063 seconds
[2024-10-28T13:41:22.190+0000] {processor.py:186} INFO - Started process (PID=2119) to work on /home/airflow/.local/lib/python3.12/site-packages/airflow/example_dags/example_xcomargs.py
[2024-10-28T13:41:22.192+0000] {processor.py:914} INFO - Processing file /home/airflow/.local/lib/python3.12/site-packages/airflow/example_dags/example_xcomargs.py for tasks to queue
[2024-10-28T13:41:22.194+0000] {logging_mixin.py:190} INFO - [2024-10-28T13:41:22.194+0000] {dagbag.py:588} INFO - Filling up the DagBag from /home/airflow/.local/lib/python3.12/site-packages/airflow/example_dags/example_xcomargs.py
[2024-10-28T13:41:22.204+0000] {processor.py:925} INFO - DAG(s) 'example_xcom_args_with_operators', 'example_xcom_args' retrieved from /home/airflow/.local/lib/python3.12/site-packages/airflow/example_dags/example_xcomargs.py
[2024-10-28T13:41:22.223+0000] {logging_mixin.py:190} INFO - [2024-10-28T13:41:22.223+0000] {dag.py:3239} INFO - Sync 2 DAGs
[2024-10-28T13:41:22.235+0000] {logging_mixin.py:190} INFO - [2024-10-28T13:41:22.235+0000] {dag.py:4180} INFO - Setting next_dagrun for example_xcom_args to None, run_after=None
[2024-10-28T13:41:22.239+0000] {logging_mixin.py:190} INFO - [2024-10-28T13:41:22.239+0000] {dag.py:4180} INFO - Setting next_dagrun for example_xcom_args_with_operators to None, run_after=None
[2024-10-28T13:41:22.259+0000] {processor.py:208} INFO - Processing /home/airflow/.local/lib/python3.12/site-packages/airflow/example_dags/example_xcomargs.py took 0.074 seconds
[2024-10-28T13:41:53.207+0000] {processor.py:186} INFO - Started process (PID=2182) to work on /home/airflow/.local/lib/python3.12/site-packages/airflow/example_dags/example_xcomargs.py
[2024-10-28T13:41:53.209+0000] {processor.py:914} INFO - Processing file /home/airflow/.local/lib/python3.12/site-packages/airflow/example_dags/example_xcomargs.py for tasks to queue
[2024-10-28T13:41:53.212+0000] {logging_mixin.py:190} INFO - [2024-10-28T13:41:53.212+0000] {dagbag.py:588} INFO - Filling up the DagBag from /home/airflow/.local/lib/python3.12/site-packages/airflow/example_dags/example_xcomargs.py
[2024-10-28T13:41:53.223+0000] {processor.py:925} INFO - DAG(s) 'example_xcom_args', 'example_xcom_args_with_operators' retrieved from /home/airflow/.local/lib/python3.12/site-packages/airflow/example_dags/example_xcomargs.py
[2024-10-28T13:41:53.246+0000] {logging_mixin.py:190} INFO - [2024-10-28T13:41:53.246+0000] {dag.py:3239} INFO - Sync 2 DAGs
[2024-10-28T13:41:53.262+0000] {logging_mixin.py:190} INFO - [2024-10-28T13:41:53.262+0000] {dag.py:4180} INFO - Setting next_dagrun for example_xcom_args to None, run_after=None
[2024-10-28T13:41:53.267+0000] {logging_mixin.py:190} INFO - [2024-10-28T13:41:53.266+0000] {dag.py:4180} INFO - Setting next_dagrun for example_xcom_args_with_operators to None, run_after=None
[2024-10-28T13:41:53.284+0000] {processor.py:208} INFO - Processing /home/airflow/.local/lib/python3.12/site-packages/airflow/example_dags/example_xcomargs.py took 0.085 seconds
[2024-10-28T13:42:23.840+0000] {processor.py:186} INFO - Started process (PID=2245) to work on /home/airflow/.local/lib/python3.12/site-packages/airflow/example_dags/example_xcomargs.py
[2024-10-28T13:42:23.841+0000] {processor.py:914} INFO - Processing file /home/airflow/.local/lib/python3.12/site-packages/airflow/example_dags/example_xcomargs.py for tasks to queue
[2024-10-28T13:42:23.842+0000] {logging_mixin.py:190} INFO - [2024-10-28T13:42:23.842+0000] {dagbag.py:588} INFO - Filling up the DagBag from /home/airflow/.local/lib/python3.12/site-packages/airflow/example_dags/example_xcomargs.py
[2024-10-28T13:42:23.850+0000] {processor.py:925} INFO - DAG(s) 'example_xcom_args_with_operators', 'example_xcom_args' retrieved from /home/airflow/.local/lib/python3.12/site-packages/airflow/example_dags/example_xcomargs.py
[2024-10-28T13:42:23.866+0000] {logging_mixin.py:190} INFO - [2024-10-28T13:42:23.866+0000] {dag.py:3239} INFO - Sync 2 DAGs
[2024-10-28T13:42:23.877+0000] {logging_mixin.py:190} INFO - [2024-10-28T13:42:23.877+0000] {dag.py:4180} INFO - Setting next_dagrun for example_xcom_args to None, run_after=None
[2024-10-28T13:42:23.880+0000] {logging_mixin.py:190} INFO - [2024-10-28T13:42:23.880+0000] {dag.py:4180} INFO - Setting next_dagrun for example_xcom_args_with_operators to None, run_after=None
[2024-10-28T13:42:23.894+0000] {processor.py:208} INFO - Processing /home/airflow/.local/lib/python3.12/site-packages/airflow/example_dags/example_xcomargs.py took 0.058 seconds
[2024-10-28T13:42:54.982+0000] {processor.py:186} INFO - Started process (PID=2307) to work on /home/airflow/.local/lib/python3.12/site-packages/airflow/example_dags/example_xcomargs.py
[2024-10-28T13:42:54.983+0000] {processor.py:914} INFO - Processing file /home/airflow/.local/lib/python3.12/site-packages/airflow/example_dags/example_xcomargs.py for tasks to queue
[2024-10-28T13:42:54.985+0000] {logging_mixin.py:190} INFO - [2024-10-28T13:42:54.985+0000] {dagbag.py:588} INFO - Filling up the DagBag from /home/airflow/.local/lib/python3.12/site-packages/airflow/example_dags/example_xcomargs.py
[2024-10-28T13:42:54.995+0000] {processor.py:925} INFO - DAG(s) 'example_xcom_args', 'example_xcom_args_with_operators' retrieved from /home/airflow/.local/lib/python3.12/site-packages/airflow/example_dags/example_xcomargs.py
[2024-10-28T13:42:55.017+0000] {logging_mixin.py:190} INFO - [2024-10-28T13:42:55.016+0000] {dag.py:3239} INFO - Sync 2 DAGs
[2024-10-28T13:42:55.032+0000] {logging_mixin.py:190} INFO - [2024-10-28T13:42:55.032+0000] {dag.py:4180} INFO - Setting next_dagrun for example_xcom_args to None, run_after=None
[2024-10-28T13:42:55.036+0000] {logging_mixin.py:190} INFO - [2024-10-28T13:42:55.036+0000] {dag.py:4180} INFO - Setting next_dagrun for example_xcom_args_with_operators to None, run_after=None
[2024-10-28T13:42:55.049+0000] {processor.py:208} INFO - Processing /home/airflow/.local/lib/python3.12/site-packages/airflow/example_dags/example_xcomargs.py took 0.073 seconds
[2024-10-28T13:43:25.650+0000] {processor.py:186} INFO - Started process (PID=2369) to work on /home/airflow/.local/lib/python3.12/site-packages/airflow/example_dags/example_xcomargs.py
[2024-10-28T13:43:25.651+0000] {processor.py:914} INFO - Processing file /home/airflow/.local/lib/python3.12/site-packages/airflow/example_dags/example_xcomargs.py for tasks to queue
[2024-10-28T13:43:25.653+0000] {logging_mixin.py:190} INFO - [2024-10-28T13:43:25.652+0000] {dagbag.py:588} INFO - Filling up the DagBag from /home/airflow/.local/lib/python3.12/site-packages/airflow/example_dags/example_xcomargs.py
[2024-10-28T13:43:25.660+0000] {processor.py:925} INFO - DAG(s) 'example_xcom_args_with_operators', 'example_xcom_args' retrieved from /home/airflow/.local/lib/python3.12/site-packages/airflow/example_dags/example_xcomargs.py
[2024-10-28T13:43:25.678+0000] {logging_mixin.py:190} INFO - [2024-10-28T13:43:25.678+0000] {dag.py:3239} INFO - Sync 2 DAGs
[2024-10-28T13:43:25.691+0000] {logging_mixin.py:190} INFO - [2024-10-28T13:43:25.691+0000] {dag.py:4180} INFO - Setting next_dagrun for example_xcom_args to None, run_after=None
[2024-10-28T13:43:25.694+0000] {logging_mixin.py:190} INFO - [2024-10-28T13:43:25.694+0000] {dag.py:4180} INFO - Setting next_dagrun for example_xcom_args_with_operators to None, run_after=None
[2024-10-28T13:43:25.708+0000] {processor.py:208} INFO - Processing /home/airflow/.local/lib/python3.12/site-packages/airflow/example_dags/example_xcomargs.py took 0.062 seconds
[2024-10-28T13:43:56.509+0000] {processor.py:186} INFO - Started process (PID=2431) to work on /home/airflow/.local/lib/python3.12/site-packages/airflow/example_dags/example_xcomargs.py
[2024-10-28T13:43:56.511+0000] {processor.py:914} INFO - Processing file /home/airflow/.local/lib/python3.12/site-packages/airflow/example_dags/example_xcomargs.py for tasks to queue
[2024-10-28T13:43:56.514+0000] {logging_mixin.py:190} INFO - [2024-10-28T13:43:56.513+0000] {dagbag.py:588} INFO - Filling up the DagBag from /home/airflow/.local/lib/python3.12/site-packages/airflow/example_dags/example_xcomargs.py
[2024-10-28T13:43:56.535+0000] {processor.py:925} INFO - DAG(s) 'example_xcom_args_with_operators', 'example_xcom_args' retrieved from /home/airflow/.local/lib/python3.12/site-packages/airflow/example_dags/example_xcomargs.py
[2024-10-28T13:43:56.563+0000] {logging_mixin.py:190} INFO - [2024-10-28T13:43:56.563+0000] {dag.py:3239} INFO - Sync 2 DAGs
[2024-10-28T13:43:56.574+0000] {logging_mixin.py:190} INFO - [2024-10-28T13:43:56.573+0000] {dag.py:4180} INFO - Setting next_dagrun for example_xcom_args to None, run_after=None
[2024-10-28T13:43:56.577+0000] {logging_mixin.py:190} INFO - [2024-10-28T13:43:56.576+0000] {dag.py:4180} INFO - Setting next_dagrun for example_xcom_args_with_operators to None, run_after=None
[2024-10-28T13:43:56.591+0000] {processor.py:208} INFO - Processing /home/airflow/.local/lib/python3.12/site-packages/airflow/example_dags/example_xcomargs.py took 0.092 seconds
