[2024-10-28T13:21:17.307+0000] {processor.py:186} INFO - Started process (PID=88) to work on /home/airflow/.local/lib/python3.12/site-packages/airflow/example_dags/example_external_task_marker_dag.py
[2024-10-28T13:21:17.309+0000] {processor.py:914} INFO - Processing file /home/airflow/.local/lib/python3.12/site-packages/airflow/example_dags/example_external_task_marker_dag.py for tasks to queue
[2024-10-28T13:21:17.312+0000] {logging_mixin.py:190} INFO - [2024-10-28T13:21:17.311+0000] {dagbag.py:588} INFO - Filling up the DagBag from /home/airflow/.local/lib/python3.12/site-packages/airflow/example_dags/example_external_task_marker_dag.py
[2024-10-28T13:21:17.319+0000] {processor.py:925} INFO - DAG(s) 'example_external_task_marker_parent', 'example_external_task_marker_child' retrieved from /home/airflow/.local/lib/python3.12/site-packages/airflow/example_dags/example_external_task_marker_dag.py
[2024-10-28T13:21:17.399+0000] {logging_mixin.py:190} INFO - [2024-10-28T13:21:17.399+0000] {override.py:1900} INFO - Created Permission View: can delete on DAG:example_external_task_marker_parent
[2024-10-28T13:21:17.409+0000] {logging_mixin.py:190} INFO - [2024-10-28T13:21:17.408+0000] {override.py:1900} INFO - Created Permission View: can edit on DAG:example_external_task_marker_parent
[2024-10-28T13:21:17.417+0000] {logging_mixin.py:190} INFO - [2024-10-28T13:21:17.416+0000] {override.py:1900} INFO - Created Permission View: can read on DAG:example_external_task_marker_parent
[2024-10-28T13:21:17.428+0000] {logging_mixin.py:190} INFO - [2024-10-28T13:21:17.428+0000] {override.py:1900} INFO - Created Permission View: can create on DAG Run:example_external_task_marker_parent
[2024-10-28T13:21:17.437+0000] {logging_mixin.py:190} INFO - [2024-10-28T13:21:17.436+0000] {override.py:1900} INFO - Created Permission View: menu access on DAG Run:example_external_task_marker_parent
[2024-10-28T13:21:17.445+0000] {logging_mixin.py:190} INFO - [2024-10-28T13:21:17.444+0000] {override.py:1900} INFO - Created Permission View: can read on DAG Run:example_external_task_marker_parent
[2024-10-28T13:21:17.452+0000] {logging_mixin.py:190} INFO - [2024-10-28T13:21:17.452+0000] {override.py:1900} INFO - Created Permission View: can delete on DAG Run:example_external_task_marker_parent
[2024-10-28T13:21:17.469+0000] {logging_mixin.py:190} INFO - [2024-10-28T13:21:17.469+0000] {override.py:1900} INFO - Created Permission View: can delete on DAG:example_external_task_marker_child
[2024-10-28T13:21:17.478+0000] {logging_mixin.py:190} INFO - [2024-10-28T13:21:17.478+0000] {override.py:1900} INFO - Created Permission View: can edit on DAG:example_external_task_marker_child
[2024-10-28T13:21:17.486+0000] {logging_mixin.py:190} INFO - [2024-10-28T13:21:17.485+0000] {override.py:1900} INFO - Created Permission View: can read on DAG:example_external_task_marker_child
[2024-10-28T13:21:17.496+0000] {logging_mixin.py:190} INFO - [2024-10-28T13:21:17.496+0000] {override.py:1900} INFO - Created Permission View: can create on DAG Run:example_external_task_marker_child
[2024-10-28T13:21:17.504+0000] {logging_mixin.py:190} INFO - [2024-10-28T13:21:17.504+0000] {override.py:1900} INFO - Created Permission View: menu access on DAG Run:example_external_task_marker_child
[2024-10-28T13:21:17.513+0000] {logging_mixin.py:190} INFO - [2024-10-28T13:21:17.512+0000] {override.py:1900} INFO - Created Permission View: can read on DAG Run:example_external_task_marker_child
[2024-10-28T13:21:17.521+0000] {logging_mixin.py:190} INFO - [2024-10-28T13:21:17.520+0000] {override.py:1900} INFO - Created Permission View: can delete on DAG Run:example_external_task_marker_child
[2024-10-28T13:21:17.521+0000] {logging_mixin.py:190} INFO - [2024-10-28T13:21:17.521+0000] {dag.py:3239} INFO - Sync 2 DAGs
[2024-10-28T13:21:17.534+0000] {logging_mixin.py:190} INFO - [2024-10-28T13:21:17.534+0000] {dag.py:3262} INFO - Creating ORM DAG for example_external_task_marker_parent
[2024-10-28T13:21:17.535+0000] {logging_mixin.py:190} INFO - [2024-10-28T13:21:17.535+0000] {dag.py:3262} INFO - Creating ORM DAG for example_external_task_marker_child
[2024-10-28T13:21:17.536+0000] {logging_mixin.py:190} INFO - [2024-10-28T13:21:17.536+0000] {dag.py:4180} INFO - Setting next_dagrun for example_external_task_marker_child to None, run_after=None
[2024-10-28T13:21:17.537+0000] {logging_mixin.py:190} INFO - [2024-10-28T13:21:17.537+0000] {dag.py:4180} INFO - Setting next_dagrun for example_external_task_marker_parent to None, run_after=None
[2024-10-28T13:21:17.559+0000] {processor.py:208} INFO - Processing /home/airflow/.local/lib/python3.12/site-packages/airflow/example_dags/example_external_task_marker_dag.py took 0.257 seconds
[2024-10-28T13:21:47.624+0000] {processor.py:186} INFO - Started process (PID=151) to work on /home/airflow/.local/lib/python3.12/site-packages/airflow/example_dags/example_external_task_marker_dag.py
[2024-10-28T13:21:47.626+0000] {processor.py:914} INFO - Processing file /home/airflow/.local/lib/python3.12/site-packages/airflow/example_dags/example_external_task_marker_dag.py for tasks to queue
[2024-10-28T13:21:47.628+0000] {logging_mixin.py:190} INFO - [2024-10-28T13:21:47.627+0000] {dagbag.py:588} INFO - Filling up the DagBag from /home/airflow/.local/lib/python3.12/site-packages/airflow/example_dags/example_external_task_marker_dag.py
[2024-10-28T13:21:47.634+0000] {processor.py:925} INFO - DAG(s) 'example_external_task_marker_child', 'example_external_task_marker_parent' retrieved from /home/airflow/.local/lib/python3.12/site-packages/airflow/example_dags/example_external_task_marker_dag.py
[2024-10-28T13:21:47.650+0000] {logging_mixin.py:190} INFO - [2024-10-28T13:21:47.650+0000] {dag.py:3239} INFO - Sync 2 DAGs
[2024-10-28T13:21:47.661+0000] {logging_mixin.py:190} INFO - [2024-10-28T13:21:47.661+0000] {dag.py:4180} INFO - Setting next_dagrun for example_external_task_marker_child to None, run_after=None
[2024-10-28T13:21:47.663+0000] {logging_mixin.py:190} INFO - [2024-10-28T13:21:47.663+0000] {dag.py:4180} INFO - Setting next_dagrun for example_external_task_marker_parent to None, run_after=None
[2024-10-28T13:21:47.675+0000] {processor.py:208} INFO - Processing /home/airflow/.local/lib/python3.12/site-packages/airflow/example_dags/example_external_task_marker_dag.py took 0.055 seconds
[2024-10-28T13:25:00.617+0000] {processor.py:186} INFO - Started process (PID=82) to work on /home/airflow/.local/lib/python3.12/site-packages/airflow/example_dags/example_external_task_marker_dag.py
[2024-10-28T13:25:00.619+0000] {processor.py:914} INFO - Processing file /home/airflow/.local/lib/python3.12/site-packages/airflow/example_dags/example_external_task_marker_dag.py for tasks to queue
[2024-10-28T13:25:00.621+0000] {logging_mixin.py:190} INFO - [2024-10-28T13:25:00.621+0000] {dagbag.py:588} INFO - Filling up the DagBag from /home/airflow/.local/lib/python3.12/site-packages/airflow/example_dags/example_external_task_marker_dag.py
[2024-10-28T13:25:00.628+0000] {processor.py:925} INFO - DAG(s) 'example_external_task_marker_child', 'example_external_task_marker_parent' retrieved from /home/airflow/.local/lib/python3.12/site-packages/airflow/example_dags/example_external_task_marker_dag.py
[2024-10-28T13:25:00.646+0000] {logging_mixin.py:190} INFO - [2024-10-28T13:25:00.646+0000] {dag.py:3239} INFO - Sync 2 DAGs
[2024-10-28T13:25:00.658+0000] {logging_mixin.py:190} INFO - [2024-10-28T13:25:00.658+0000] {dag.py:4180} INFO - Setting next_dagrun for example_external_task_marker_child to None, run_after=None
[2024-10-28T13:25:00.661+0000] {logging_mixin.py:190} INFO - [2024-10-28T13:25:00.661+0000] {dag.py:4180} INFO - Setting next_dagrun for example_external_task_marker_parent to None, run_after=None
[2024-10-28T13:25:00.698+0000] {processor.py:208} INFO - Processing /home/airflow/.local/lib/python3.12/site-packages/airflow/example_dags/example_external_task_marker_dag.py took 0.086 seconds
[2024-10-28T13:25:31.634+0000] {processor.py:186} INFO - Started process (PID=144) to work on /home/airflow/.local/lib/python3.12/site-packages/airflow/example_dags/example_external_task_marker_dag.py
[2024-10-28T13:25:31.635+0000] {processor.py:914} INFO - Processing file /home/airflow/.local/lib/python3.12/site-packages/airflow/example_dags/example_external_task_marker_dag.py for tasks to queue
[2024-10-28T13:25:31.637+0000] {logging_mixin.py:190} INFO - [2024-10-28T13:25:31.637+0000] {dagbag.py:588} INFO - Filling up the DagBag from /home/airflow/.local/lib/python3.12/site-packages/airflow/example_dags/example_external_task_marker_dag.py
[2024-10-28T13:25:31.644+0000] {processor.py:925} INFO - DAG(s) 'example_external_task_marker_parent', 'example_external_task_marker_child' retrieved from /home/airflow/.local/lib/python3.12/site-packages/airflow/example_dags/example_external_task_marker_dag.py
[2024-10-28T13:25:31.662+0000] {logging_mixin.py:190} INFO - [2024-10-28T13:25:31.662+0000] {dag.py:3239} INFO - Sync 2 DAGs
[2024-10-28T13:25:31.672+0000] {logging_mixin.py:190} INFO - [2024-10-28T13:25:31.672+0000] {dag.py:4180} INFO - Setting next_dagrun for example_external_task_marker_child to None, run_after=None
[2024-10-28T13:25:31.675+0000] {logging_mixin.py:190} INFO - [2024-10-28T13:25:31.675+0000] {dag.py:4180} INFO - Setting next_dagrun for example_external_task_marker_parent to None, run_after=None
[2024-10-28T13:25:31.691+0000] {processor.py:208} INFO - Processing /home/airflow/.local/lib/python3.12/site-packages/airflow/example_dags/example_external_task_marker_dag.py took 0.065 seconds
[2024-10-28T13:26:02.593+0000] {processor.py:186} INFO - Started process (PID=213) to work on /home/airflow/.local/lib/python3.12/site-packages/airflow/example_dags/example_external_task_marker_dag.py
[2024-10-28T13:26:02.594+0000] {processor.py:914} INFO - Processing file /home/airflow/.local/lib/python3.12/site-packages/airflow/example_dags/example_external_task_marker_dag.py for tasks to queue
[2024-10-28T13:26:02.596+0000] {logging_mixin.py:190} INFO - [2024-10-28T13:26:02.596+0000] {dagbag.py:588} INFO - Filling up the DagBag from /home/airflow/.local/lib/python3.12/site-packages/airflow/example_dags/example_external_task_marker_dag.py
[2024-10-28T13:26:02.602+0000] {processor.py:925} INFO - DAG(s) 'example_external_task_marker_child', 'example_external_task_marker_parent' retrieved from /home/airflow/.local/lib/python3.12/site-packages/airflow/example_dags/example_external_task_marker_dag.py
[2024-10-28T13:26:02.625+0000] {logging_mixin.py:190} INFO - [2024-10-28T13:26:02.625+0000] {dag.py:3239} INFO - Sync 2 DAGs
[2024-10-28T13:26:02.645+0000] {logging_mixin.py:190} INFO - [2024-10-28T13:26:02.644+0000] {dag.py:4180} INFO - Setting next_dagrun for example_external_task_marker_child to None, run_after=None
[2024-10-28T13:26:02.650+0000] {logging_mixin.py:190} INFO - [2024-10-28T13:26:02.650+0000] {dag.py:4180} INFO - Setting next_dagrun for example_external_task_marker_parent to None, run_after=None
[2024-10-28T13:26:02.669+0000] {processor.py:208} INFO - Processing /home/airflow/.local/lib/python3.12/site-packages/airflow/example_dags/example_external_task_marker_dag.py took 0.081 seconds
[2024-10-28T13:26:33.000+0000] {processor.py:186} INFO - Started process (PID=276) to work on /home/airflow/.local/lib/python3.12/site-packages/airflow/example_dags/example_external_task_marker_dag.py
[2024-10-28T13:26:33.001+0000] {processor.py:914} INFO - Processing file /home/airflow/.local/lib/python3.12/site-packages/airflow/example_dags/example_external_task_marker_dag.py for tasks to queue
[2024-10-28T13:26:33.003+0000] {logging_mixin.py:190} INFO - [2024-10-28T13:26:33.003+0000] {dagbag.py:588} INFO - Filling up the DagBag from /home/airflow/.local/lib/python3.12/site-packages/airflow/example_dags/example_external_task_marker_dag.py
[2024-10-28T13:26:33.009+0000] {processor.py:925} INFO - DAG(s) 'example_external_task_marker_child', 'example_external_task_marker_parent' retrieved from /home/airflow/.local/lib/python3.12/site-packages/airflow/example_dags/example_external_task_marker_dag.py
[2024-10-28T13:26:33.026+0000] {logging_mixin.py:190} INFO - [2024-10-28T13:26:33.026+0000] {dag.py:3239} INFO - Sync 2 DAGs
[2024-10-28T13:26:33.037+0000] {logging_mixin.py:190} INFO - [2024-10-28T13:26:33.037+0000] {dag.py:4180} INFO - Setting next_dagrun for example_external_task_marker_child to None, run_after=None
[2024-10-28T13:26:33.040+0000] {logging_mixin.py:190} INFO - [2024-10-28T13:26:33.040+0000] {dag.py:4180} INFO - Setting next_dagrun for example_external_task_marker_parent to None, run_after=None
[2024-10-28T13:26:33.053+0000] {processor.py:208} INFO - Processing /home/airflow/.local/lib/python3.12/site-packages/airflow/example_dags/example_external_task_marker_dag.py took 0.057 seconds
[2024-10-28T13:27:03.214+0000] {processor.py:186} INFO - Started process (PID=339) to work on /home/airflow/.local/lib/python3.12/site-packages/airflow/example_dags/example_external_task_marker_dag.py
[2024-10-28T13:27:03.215+0000] {processor.py:914} INFO - Processing file /home/airflow/.local/lib/python3.12/site-packages/airflow/example_dags/example_external_task_marker_dag.py for tasks to queue
[2024-10-28T13:27:03.217+0000] {logging_mixin.py:190} INFO - [2024-10-28T13:27:03.217+0000] {dagbag.py:588} INFO - Filling up the DagBag from /home/airflow/.local/lib/python3.12/site-packages/airflow/example_dags/example_external_task_marker_dag.py
[2024-10-28T13:27:03.223+0000] {processor.py:925} INFO - DAG(s) 'example_external_task_marker_child', 'example_external_task_marker_parent' retrieved from /home/airflow/.local/lib/python3.12/site-packages/airflow/example_dags/example_external_task_marker_dag.py
[2024-10-28T13:27:03.239+0000] {logging_mixin.py:190} INFO - [2024-10-28T13:27:03.239+0000] {dag.py:3239} INFO - Sync 2 DAGs
[2024-10-28T13:27:03.250+0000] {logging_mixin.py:190} INFO - [2024-10-28T13:27:03.250+0000] {dag.py:4180} INFO - Setting next_dagrun for example_external_task_marker_child to None, run_after=None
[2024-10-28T13:27:03.253+0000] {logging_mixin.py:190} INFO - [2024-10-28T13:27:03.253+0000] {dag.py:4180} INFO - Setting next_dagrun for example_external_task_marker_parent to None, run_after=None
[2024-10-28T13:27:03.266+0000] {processor.py:208} INFO - Processing /home/airflow/.local/lib/python3.12/site-packages/airflow/example_dags/example_external_task_marker_dag.py took 0.057 seconds
[2024-10-28T13:27:33.917+0000] {processor.py:186} INFO - Started process (PID=402) to work on /home/airflow/.local/lib/python3.12/site-packages/airflow/example_dags/example_external_task_marker_dag.py
[2024-10-28T13:27:33.918+0000] {processor.py:914} INFO - Processing file /home/airflow/.local/lib/python3.12/site-packages/airflow/example_dags/example_external_task_marker_dag.py for tasks to queue
[2024-10-28T13:27:33.920+0000] {logging_mixin.py:190} INFO - [2024-10-28T13:27:33.919+0000] {dagbag.py:588} INFO - Filling up the DagBag from /home/airflow/.local/lib/python3.12/site-packages/airflow/example_dags/example_external_task_marker_dag.py
[2024-10-28T13:27:33.925+0000] {processor.py:925} INFO - DAG(s) 'example_external_task_marker_child', 'example_external_task_marker_parent' retrieved from /home/airflow/.local/lib/python3.12/site-packages/airflow/example_dags/example_external_task_marker_dag.py
[2024-10-28T13:27:33.940+0000] {logging_mixin.py:190} INFO - [2024-10-28T13:27:33.940+0000] {dag.py:3239} INFO - Sync 2 DAGs
[2024-10-28T13:27:33.950+0000] {logging_mixin.py:190} INFO - [2024-10-28T13:27:33.950+0000] {dag.py:4180} INFO - Setting next_dagrun for example_external_task_marker_child to None, run_after=None
[2024-10-28T13:27:33.953+0000] {logging_mixin.py:190} INFO - [2024-10-28T13:27:33.952+0000] {dag.py:4180} INFO - Setting next_dagrun for example_external_task_marker_parent to None, run_after=None
[2024-10-28T13:27:33.966+0000] {processor.py:208} INFO - Processing /home/airflow/.local/lib/python3.12/site-packages/airflow/example_dags/example_external_task_marker_dag.py took 0.054 seconds
[2024-10-28T13:28:04.369+0000] {processor.py:186} INFO - Started process (PID=465) to work on /home/airflow/.local/lib/python3.12/site-packages/airflow/example_dags/example_external_task_marker_dag.py
[2024-10-28T13:28:04.369+0000] {processor.py:914} INFO - Processing file /home/airflow/.local/lib/python3.12/site-packages/airflow/example_dags/example_external_task_marker_dag.py for tasks to queue
[2024-10-28T13:28:04.371+0000] {logging_mixin.py:190} INFO - [2024-10-28T13:28:04.371+0000] {dagbag.py:588} INFO - Filling up the DagBag from /home/airflow/.local/lib/python3.12/site-packages/airflow/example_dags/example_external_task_marker_dag.py
[2024-10-28T13:28:04.377+0000] {processor.py:925} INFO - DAG(s) 'example_external_task_marker_parent', 'example_external_task_marker_child' retrieved from /home/airflow/.local/lib/python3.12/site-packages/airflow/example_dags/example_external_task_marker_dag.py
[2024-10-28T13:28:04.393+0000] {logging_mixin.py:190} INFO - [2024-10-28T13:28:04.392+0000] {dag.py:3239} INFO - Sync 2 DAGs
[2024-10-28T13:28:04.405+0000] {logging_mixin.py:190} INFO - [2024-10-28T13:28:04.405+0000] {dag.py:4180} INFO - Setting next_dagrun for example_external_task_marker_child to None, run_after=None
[2024-10-28T13:28:04.408+0000] {logging_mixin.py:190} INFO - [2024-10-28T13:28:04.408+0000] {dag.py:4180} INFO - Setting next_dagrun for example_external_task_marker_parent to None, run_after=None
[2024-10-28T13:28:04.422+0000] {processor.py:208} INFO - Processing /home/airflow/.local/lib/python3.12/site-packages/airflow/example_dags/example_external_task_marker_dag.py took 0.057 seconds
[2024-10-28T13:28:34.793+0000] {processor.py:186} INFO - Started process (PID=528) to work on /home/airflow/.local/lib/python3.12/site-packages/airflow/example_dags/example_external_task_marker_dag.py
[2024-10-28T13:28:34.794+0000] {processor.py:914} INFO - Processing file /home/airflow/.local/lib/python3.12/site-packages/airflow/example_dags/example_external_task_marker_dag.py for tasks to queue
[2024-10-28T13:28:34.796+0000] {logging_mixin.py:190} INFO - [2024-10-28T13:28:34.795+0000] {dagbag.py:588} INFO - Filling up the DagBag from /home/airflow/.local/lib/python3.12/site-packages/airflow/example_dags/example_external_task_marker_dag.py
[2024-10-28T13:28:34.801+0000] {processor.py:925} INFO - DAG(s) 'example_external_task_marker_parent', 'example_external_task_marker_child' retrieved from /home/airflow/.local/lib/python3.12/site-packages/airflow/example_dags/example_external_task_marker_dag.py
[2024-10-28T13:28:34.818+0000] {logging_mixin.py:190} INFO - [2024-10-28T13:28:34.818+0000] {dag.py:3239} INFO - Sync 2 DAGs
[2024-10-28T13:28:34.829+0000] {logging_mixin.py:190} INFO - [2024-10-28T13:28:34.829+0000] {dag.py:4180} INFO - Setting next_dagrun for example_external_task_marker_child to None, run_after=None
[2024-10-28T13:28:34.832+0000] {logging_mixin.py:190} INFO - [2024-10-28T13:28:34.832+0000] {dag.py:4180} INFO - Setting next_dagrun for example_external_task_marker_parent to None, run_after=None
[2024-10-28T13:28:34.845+0000] {processor.py:208} INFO - Processing /home/airflow/.local/lib/python3.12/site-packages/airflow/example_dags/example_external_task_marker_dag.py took 0.056 seconds
[2024-10-28T13:29:05.603+0000] {processor.py:186} INFO - Started process (PID=591) to work on /home/airflow/.local/lib/python3.12/site-packages/airflow/example_dags/example_external_task_marker_dag.py
[2024-10-28T13:29:05.606+0000] {processor.py:914} INFO - Processing file /home/airflow/.local/lib/python3.12/site-packages/airflow/example_dags/example_external_task_marker_dag.py for tasks to queue
[2024-10-28T13:29:05.607+0000] {logging_mixin.py:190} INFO - [2024-10-28T13:29:05.607+0000] {dagbag.py:588} INFO - Filling up the DagBag from /home/airflow/.local/lib/python3.12/site-packages/airflow/example_dags/example_external_task_marker_dag.py
[2024-10-28T13:29:05.613+0000] {processor.py:925} INFO - DAG(s) 'example_external_task_marker_parent', 'example_external_task_marker_child' retrieved from /home/airflow/.local/lib/python3.12/site-packages/airflow/example_dags/example_external_task_marker_dag.py
[2024-10-28T13:29:05.629+0000] {logging_mixin.py:190} INFO - [2024-10-28T13:29:05.629+0000] {dag.py:3239} INFO - Sync 2 DAGs
[2024-10-28T13:29:05.639+0000] {logging_mixin.py:190} INFO - [2024-10-28T13:29:05.639+0000] {dag.py:4180} INFO - Setting next_dagrun for example_external_task_marker_child to None, run_after=None
[2024-10-28T13:29:05.641+0000] {logging_mixin.py:190} INFO - [2024-10-28T13:29:05.641+0000] {dag.py:4180} INFO - Setting next_dagrun for example_external_task_marker_parent to None, run_after=None
[2024-10-28T13:29:05.654+0000] {processor.py:208} INFO - Processing /home/airflow/.local/lib/python3.12/site-packages/airflow/example_dags/example_external_task_marker_dag.py took 0.055 seconds
[2024-10-28T13:29:35.825+0000] {processor.py:186} INFO - Started process (PID=654) to work on /home/airflow/.local/lib/python3.12/site-packages/airflow/example_dags/example_external_task_marker_dag.py
[2024-10-28T13:29:35.826+0000] {processor.py:914} INFO - Processing file /home/airflow/.local/lib/python3.12/site-packages/airflow/example_dags/example_external_task_marker_dag.py for tasks to queue
[2024-10-28T13:29:35.829+0000] {logging_mixin.py:190} INFO - [2024-10-28T13:29:35.829+0000] {dagbag.py:588} INFO - Filling up the DagBag from /home/airflow/.local/lib/python3.12/site-packages/airflow/example_dags/example_external_task_marker_dag.py
[2024-10-28T13:29:35.834+0000] {processor.py:925} INFO - DAG(s) 'example_external_task_marker_child', 'example_external_task_marker_parent' retrieved from /home/airflow/.local/lib/python3.12/site-packages/airflow/example_dags/example_external_task_marker_dag.py
[2024-10-28T13:29:35.850+0000] {logging_mixin.py:190} INFO - [2024-10-28T13:29:35.850+0000] {dag.py:3239} INFO - Sync 2 DAGs
[2024-10-28T13:29:35.860+0000] {logging_mixin.py:190} INFO - [2024-10-28T13:29:35.860+0000] {dag.py:4180} INFO - Setting next_dagrun for example_external_task_marker_child to None, run_after=None
[2024-10-28T13:29:35.863+0000] {logging_mixin.py:190} INFO - [2024-10-28T13:29:35.863+0000] {dag.py:4180} INFO - Setting next_dagrun for example_external_task_marker_parent to None, run_after=None
[2024-10-28T13:29:35.878+0000] {processor.py:208} INFO - Processing /home/airflow/.local/lib/python3.12/site-packages/airflow/example_dags/example_external_task_marker_dag.py took 0.057 seconds
[2024-10-28T13:30:06.646+0000] {processor.py:186} INFO - Started process (PID=717) to work on /home/airflow/.local/lib/python3.12/site-packages/airflow/example_dags/example_external_task_marker_dag.py
[2024-10-28T13:30:06.648+0000] {processor.py:914} INFO - Processing file /home/airflow/.local/lib/python3.12/site-packages/airflow/example_dags/example_external_task_marker_dag.py for tasks to queue
[2024-10-28T13:30:06.650+0000] {logging_mixin.py:190} INFO - [2024-10-28T13:30:06.650+0000] {dagbag.py:588} INFO - Filling up the DagBag from /home/airflow/.local/lib/python3.12/site-packages/airflow/example_dags/example_external_task_marker_dag.py
[2024-10-28T13:30:06.657+0000] {processor.py:925} INFO - DAG(s) 'example_external_task_marker_parent', 'example_external_task_marker_child' retrieved from /home/airflow/.local/lib/python3.12/site-packages/airflow/example_dags/example_external_task_marker_dag.py
[2024-10-28T13:30:06.674+0000] {logging_mixin.py:190} INFO - [2024-10-28T13:30:06.673+0000] {dag.py:3239} INFO - Sync 2 DAGs
[2024-10-28T13:30:06.684+0000] {logging_mixin.py:190} INFO - [2024-10-28T13:30:06.684+0000] {dag.py:4180} INFO - Setting next_dagrun for example_external_task_marker_child to None, run_after=None
[2024-10-28T13:30:06.687+0000] {logging_mixin.py:190} INFO - [2024-10-28T13:30:06.687+0000] {dag.py:4180} INFO - Setting next_dagrun for example_external_task_marker_parent to None, run_after=None
[2024-10-28T13:30:06.702+0000] {processor.py:208} INFO - Processing /home/airflow/.local/lib/python3.12/site-packages/airflow/example_dags/example_external_task_marker_dag.py took 0.063 seconds
[2024-10-28T13:30:37.706+0000] {processor.py:186} INFO - Started process (PID=780) to work on /home/airflow/.local/lib/python3.12/site-packages/airflow/example_dags/example_external_task_marker_dag.py
[2024-10-28T13:30:37.707+0000] {processor.py:914} INFO - Processing file /home/airflow/.local/lib/python3.12/site-packages/airflow/example_dags/example_external_task_marker_dag.py for tasks to queue
[2024-10-28T13:30:37.709+0000] {logging_mixin.py:190} INFO - [2024-10-28T13:30:37.709+0000] {dagbag.py:588} INFO - Filling up the DagBag from /home/airflow/.local/lib/python3.12/site-packages/airflow/example_dags/example_external_task_marker_dag.py
[2024-10-28T13:30:37.715+0000] {processor.py:925} INFO - DAG(s) 'example_external_task_marker_child', 'example_external_task_marker_parent' retrieved from /home/airflow/.local/lib/python3.12/site-packages/airflow/example_dags/example_external_task_marker_dag.py
[2024-10-28T13:30:37.731+0000] {logging_mixin.py:190} INFO - [2024-10-28T13:30:37.731+0000] {dag.py:3239} INFO - Sync 2 DAGs
[2024-10-28T13:30:37.742+0000] {logging_mixin.py:190} INFO - [2024-10-28T13:30:37.741+0000] {dag.py:4180} INFO - Setting next_dagrun for example_external_task_marker_child to None, run_after=None
[2024-10-28T13:30:37.745+0000] {logging_mixin.py:190} INFO - [2024-10-28T13:30:37.744+0000] {dag.py:4180} INFO - Setting next_dagrun for example_external_task_marker_parent to None, run_after=None
[2024-10-28T13:30:37.760+0000] {processor.py:208} INFO - Processing /home/airflow/.local/lib/python3.12/site-packages/airflow/example_dags/example_external_task_marker_dag.py took 0.057 seconds
[2024-10-28T13:31:08.876+0000] {processor.py:186} INFO - Started process (PID=843) to work on /home/airflow/.local/lib/python3.12/site-packages/airflow/example_dags/example_external_task_marker_dag.py
[2024-10-28T13:31:08.878+0000] {processor.py:914} INFO - Processing file /home/airflow/.local/lib/python3.12/site-packages/airflow/example_dags/example_external_task_marker_dag.py for tasks to queue
[2024-10-28T13:31:08.880+0000] {logging_mixin.py:190} INFO - [2024-10-28T13:31:08.880+0000] {dagbag.py:588} INFO - Filling up the DagBag from /home/airflow/.local/lib/python3.12/site-packages/airflow/example_dags/example_external_task_marker_dag.py
[2024-10-28T13:31:08.886+0000] {processor.py:925} INFO - DAG(s) 'example_external_task_marker_parent', 'example_external_task_marker_child' retrieved from /home/airflow/.local/lib/python3.12/site-packages/airflow/example_dags/example_external_task_marker_dag.py
[2024-10-28T13:31:08.901+0000] {logging_mixin.py:190} INFO - [2024-10-28T13:31:08.901+0000] {dag.py:3239} INFO - Sync 2 DAGs
[2024-10-28T13:31:08.911+0000] {logging_mixin.py:190} INFO - [2024-10-28T13:31:08.911+0000] {dag.py:4180} INFO - Setting next_dagrun for example_external_task_marker_child to None, run_after=None
[2024-10-28T13:31:08.913+0000] {logging_mixin.py:190} INFO - [2024-10-28T13:31:08.913+0000] {dag.py:4180} INFO - Setting next_dagrun for example_external_task_marker_parent to None, run_after=None
[2024-10-28T13:31:08.927+0000] {processor.py:208} INFO - Processing /home/airflow/.local/lib/python3.12/site-packages/airflow/example_dags/example_external_task_marker_dag.py took 0.055 seconds
[2024-10-28T13:31:39.551+0000] {processor.py:186} INFO - Started process (PID=906) to work on /home/airflow/.local/lib/python3.12/site-packages/airflow/example_dags/example_external_task_marker_dag.py
[2024-10-28T13:31:39.553+0000] {processor.py:914} INFO - Processing file /home/airflow/.local/lib/python3.12/site-packages/airflow/example_dags/example_external_task_marker_dag.py for tasks to queue
[2024-10-28T13:31:39.554+0000] {logging_mixin.py:190} INFO - [2024-10-28T13:31:39.554+0000] {dagbag.py:588} INFO - Filling up the DagBag from /home/airflow/.local/lib/python3.12/site-packages/airflow/example_dags/example_external_task_marker_dag.py
[2024-10-28T13:31:39.568+0000] {processor.py:925} INFO - DAG(s) 'example_external_task_marker_child', 'example_external_task_marker_parent' retrieved from /home/airflow/.local/lib/python3.12/site-packages/airflow/example_dags/example_external_task_marker_dag.py
[2024-10-28T13:31:39.584+0000] {logging_mixin.py:190} INFO - [2024-10-28T13:31:39.584+0000] {dag.py:3239} INFO - Sync 2 DAGs
[2024-10-28T13:31:39.594+0000] {logging_mixin.py:190} INFO - [2024-10-28T13:31:39.594+0000] {dag.py:4180} INFO - Setting next_dagrun for example_external_task_marker_child to None, run_after=None
[2024-10-28T13:31:39.597+0000] {logging_mixin.py:190} INFO - [2024-10-28T13:31:39.596+0000] {dag.py:4180} INFO - Setting next_dagrun for example_external_task_marker_parent to None, run_after=None
[2024-10-28T13:31:39.609+0000] {processor.py:208} INFO - Processing /home/airflow/.local/lib/python3.12/site-packages/airflow/example_dags/example_external_task_marker_dag.py took 0.062 seconds
[2024-10-28T13:32:10.454+0000] {processor.py:186} INFO - Started process (PID=969) to work on /home/airflow/.local/lib/python3.12/site-packages/airflow/example_dags/example_external_task_marker_dag.py
[2024-10-28T13:32:10.458+0000] {processor.py:914} INFO - Processing file /home/airflow/.local/lib/python3.12/site-packages/airflow/example_dags/example_external_task_marker_dag.py for tasks to queue
[2024-10-28T13:32:10.465+0000] {logging_mixin.py:190} INFO - [2024-10-28T13:32:10.464+0000] {dagbag.py:588} INFO - Filling up the DagBag from /home/airflow/.local/lib/python3.12/site-packages/airflow/example_dags/example_external_task_marker_dag.py
[2024-10-28T13:32:10.473+0000] {processor.py:925} INFO - DAG(s) 'example_external_task_marker_parent', 'example_external_task_marker_child' retrieved from /home/airflow/.local/lib/python3.12/site-packages/airflow/example_dags/example_external_task_marker_dag.py
[2024-10-28T13:32:10.493+0000] {logging_mixin.py:190} INFO - [2024-10-28T13:32:10.493+0000] {dag.py:3239} INFO - Sync 2 DAGs
[2024-10-28T13:32:10.505+0000] {logging_mixin.py:190} INFO - [2024-10-28T13:32:10.505+0000] {dag.py:4180} INFO - Setting next_dagrun for example_external_task_marker_child to None, run_after=None
[2024-10-28T13:32:10.508+0000] {logging_mixin.py:190} INFO - [2024-10-28T13:32:10.508+0000] {dag.py:4180} INFO - Setting next_dagrun for example_external_task_marker_parent to None, run_after=None
[2024-10-28T13:32:10.522+0000] {processor.py:208} INFO - Processing /home/airflow/.local/lib/python3.12/site-packages/airflow/example_dags/example_external_task_marker_dag.py took 0.075 seconds
[2024-10-28T13:32:40.731+0000] {processor.py:186} INFO - Started process (PID=1032) to work on /home/airflow/.local/lib/python3.12/site-packages/airflow/example_dags/example_external_task_marker_dag.py
[2024-10-28T13:32:40.732+0000] {processor.py:914} INFO - Processing file /home/airflow/.local/lib/python3.12/site-packages/airflow/example_dags/example_external_task_marker_dag.py for tasks to queue
[2024-10-28T13:32:40.734+0000] {logging_mixin.py:190} INFO - [2024-10-28T13:32:40.733+0000] {dagbag.py:588} INFO - Filling up the DagBag from /home/airflow/.local/lib/python3.12/site-packages/airflow/example_dags/example_external_task_marker_dag.py
[2024-10-28T13:32:40.739+0000] {processor.py:925} INFO - DAG(s) 'example_external_task_marker_parent', 'example_external_task_marker_child' retrieved from /home/airflow/.local/lib/python3.12/site-packages/airflow/example_dags/example_external_task_marker_dag.py
[2024-10-28T13:32:40.755+0000] {logging_mixin.py:190} INFO - [2024-10-28T13:32:40.754+0000] {dag.py:3239} INFO - Sync 2 DAGs
[2024-10-28T13:32:40.765+0000] {logging_mixin.py:190} INFO - [2024-10-28T13:32:40.764+0000] {dag.py:4180} INFO - Setting next_dagrun for example_external_task_marker_child to None, run_after=None
[2024-10-28T13:32:40.767+0000] {logging_mixin.py:190} INFO - [2024-10-28T13:32:40.767+0000] {dag.py:4180} INFO - Setting next_dagrun for example_external_task_marker_parent to None, run_after=None
[2024-10-28T13:32:40.780+0000] {processor.py:208} INFO - Processing /home/airflow/.local/lib/python3.12/site-packages/airflow/example_dags/example_external_task_marker_dag.py took 0.054 seconds
[2024-10-28T13:33:11.016+0000] {processor.py:186} INFO - Started process (PID=1095) to work on /home/airflow/.local/lib/python3.12/site-packages/airflow/example_dags/example_external_task_marker_dag.py
[2024-10-28T13:33:11.017+0000] {processor.py:914} INFO - Processing file /home/airflow/.local/lib/python3.12/site-packages/airflow/example_dags/example_external_task_marker_dag.py for tasks to queue
[2024-10-28T13:33:11.019+0000] {logging_mixin.py:190} INFO - [2024-10-28T13:33:11.019+0000] {dagbag.py:588} INFO - Filling up the DagBag from /home/airflow/.local/lib/python3.12/site-packages/airflow/example_dags/example_external_task_marker_dag.py
[2024-10-28T13:33:11.025+0000] {processor.py:925} INFO - DAG(s) 'example_external_task_marker_parent', 'example_external_task_marker_child' retrieved from /home/airflow/.local/lib/python3.12/site-packages/airflow/example_dags/example_external_task_marker_dag.py
[2024-10-28T13:33:11.041+0000] {logging_mixin.py:190} INFO - [2024-10-28T13:33:11.041+0000] {dag.py:3239} INFO - Sync 2 DAGs
[2024-10-28T13:33:11.051+0000] {logging_mixin.py:190} INFO - [2024-10-28T13:33:11.051+0000] {dag.py:4180} INFO - Setting next_dagrun for example_external_task_marker_child to None, run_after=None
[2024-10-28T13:33:11.054+0000] {logging_mixin.py:190} INFO - [2024-10-28T13:33:11.054+0000] {dag.py:4180} INFO - Setting next_dagrun for example_external_task_marker_parent to None, run_after=None
[2024-10-28T13:33:11.071+0000] {processor.py:208} INFO - Processing /home/airflow/.local/lib/python3.12/site-packages/airflow/example_dags/example_external_task_marker_dag.py took 0.058 seconds
[2024-10-28T13:33:41.697+0000] {processor.py:186} INFO - Started process (PID=1158) to work on /home/airflow/.local/lib/python3.12/site-packages/airflow/example_dags/example_external_task_marker_dag.py
[2024-10-28T13:33:41.698+0000] {processor.py:914} INFO - Processing file /home/airflow/.local/lib/python3.12/site-packages/airflow/example_dags/example_external_task_marker_dag.py for tasks to queue
[2024-10-28T13:33:41.701+0000] {logging_mixin.py:190} INFO - [2024-10-28T13:33:41.701+0000] {dagbag.py:588} INFO - Filling up the DagBag from /home/airflow/.local/lib/python3.12/site-packages/airflow/example_dags/example_external_task_marker_dag.py
[2024-10-28T13:33:41.709+0000] {processor.py:925} INFO - DAG(s) 'example_external_task_marker_child', 'example_external_task_marker_parent' retrieved from /home/airflow/.local/lib/python3.12/site-packages/airflow/example_dags/example_external_task_marker_dag.py
[2024-10-28T13:33:41.726+0000] {logging_mixin.py:190} INFO - [2024-10-28T13:33:41.725+0000] {dag.py:3239} INFO - Sync 2 DAGs
[2024-10-28T13:33:41.737+0000] {logging_mixin.py:190} INFO - [2024-10-28T13:33:41.737+0000] {dag.py:4180} INFO - Setting next_dagrun for example_external_task_marker_child to None, run_after=None
[2024-10-28T13:33:41.741+0000] {logging_mixin.py:190} INFO - [2024-10-28T13:33:41.740+0000] {dag.py:4180} INFO - Setting next_dagrun for example_external_task_marker_parent to None, run_after=None
[2024-10-28T13:33:41.805+0000] {processor.py:208} INFO - Processing /home/airflow/.local/lib/python3.12/site-packages/airflow/example_dags/example_external_task_marker_dag.py took 0.112 seconds
[2024-10-28T13:34:12.350+0000] {processor.py:186} INFO - Started process (PID=1221) to work on /home/airflow/.local/lib/python3.12/site-packages/airflow/example_dags/example_external_task_marker_dag.py
[2024-10-28T13:34:12.352+0000] {processor.py:914} INFO - Processing file /home/airflow/.local/lib/python3.12/site-packages/airflow/example_dags/example_external_task_marker_dag.py for tasks to queue
[2024-10-28T13:34:12.355+0000] {logging_mixin.py:190} INFO - [2024-10-28T13:34:12.355+0000] {dagbag.py:588} INFO - Filling up the DagBag from /home/airflow/.local/lib/python3.12/site-packages/airflow/example_dags/example_external_task_marker_dag.py
[2024-10-28T13:34:12.362+0000] {processor.py:925} INFO - DAG(s) 'example_external_task_marker_parent', 'example_external_task_marker_child' retrieved from /home/airflow/.local/lib/python3.12/site-packages/airflow/example_dags/example_external_task_marker_dag.py
[2024-10-28T13:34:12.380+0000] {logging_mixin.py:190} INFO - [2024-10-28T13:34:12.379+0000] {dag.py:3239} INFO - Sync 2 DAGs
[2024-10-28T13:34:12.390+0000] {logging_mixin.py:190} INFO - [2024-10-28T13:34:12.390+0000] {dag.py:4180} INFO - Setting next_dagrun for example_external_task_marker_child to None, run_after=None
[2024-10-28T13:34:12.393+0000] {logging_mixin.py:190} INFO - [2024-10-28T13:34:12.393+0000] {dag.py:4180} INFO - Setting next_dagrun for example_external_task_marker_parent to None, run_after=None
[2024-10-28T13:34:12.407+0000] {processor.py:208} INFO - Processing /home/airflow/.local/lib/python3.12/site-packages/airflow/example_dags/example_external_task_marker_dag.py took 0.061 seconds
[2024-10-28T13:34:42.971+0000] {processor.py:186} INFO - Started process (PID=1284) to work on /home/airflow/.local/lib/python3.12/site-packages/airflow/example_dags/example_external_task_marker_dag.py
[2024-10-28T13:34:42.972+0000] {processor.py:914} INFO - Processing file /home/airflow/.local/lib/python3.12/site-packages/airflow/example_dags/example_external_task_marker_dag.py for tasks to queue
[2024-10-28T13:34:42.974+0000] {logging_mixin.py:190} INFO - [2024-10-28T13:34:42.974+0000] {dagbag.py:588} INFO - Filling up the DagBag from /home/airflow/.local/lib/python3.12/site-packages/airflow/example_dags/example_external_task_marker_dag.py
[2024-10-28T13:34:42.980+0000] {processor.py:925} INFO - DAG(s) 'example_external_task_marker_child', 'example_external_task_marker_parent' retrieved from /home/airflow/.local/lib/python3.12/site-packages/airflow/example_dags/example_external_task_marker_dag.py
[2024-10-28T13:34:42.995+0000] {logging_mixin.py:190} INFO - [2024-10-28T13:34:42.995+0000] {dag.py:3239} INFO - Sync 2 DAGs
[2024-10-28T13:34:43.005+0000] {logging_mixin.py:190} INFO - [2024-10-28T13:34:43.005+0000] {dag.py:4180} INFO - Setting next_dagrun for example_external_task_marker_child to None, run_after=None
[2024-10-28T13:34:43.008+0000] {logging_mixin.py:190} INFO - [2024-10-28T13:34:43.008+0000] {dag.py:4180} INFO - Setting next_dagrun for example_external_task_marker_parent to None, run_after=None
[2024-10-28T13:34:43.021+0000] {processor.py:208} INFO - Processing /home/airflow/.local/lib/python3.12/site-packages/airflow/example_dags/example_external_task_marker_dag.py took 0.054 seconds
[2024-10-28T13:35:13.960+0000] {processor.py:186} INFO - Started process (PID=1347) to work on /home/airflow/.local/lib/python3.12/site-packages/airflow/example_dags/example_external_task_marker_dag.py
[2024-10-28T13:35:13.962+0000] {processor.py:914} INFO - Processing file /home/airflow/.local/lib/python3.12/site-packages/airflow/example_dags/example_external_task_marker_dag.py for tasks to queue
[2024-10-28T13:35:13.969+0000] {logging_mixin.py:190} INFO - [2024-10-28T13:35:13.969+0000] {dagbag.py:588} INFO - Filling up the DagBag from /home/airflow/.local/lib/python3.12/site-packages/airflow/example_dags/example_external_task_marker_dag.py
[2024-10-28T13:35:13.978+0000] {processor.py:925} INFO - DAG(s) 'example_external_task_marker_parent', 'example_external_task_marker_child' retrieved from /home/airflow/.local/lib/python3.12/site-packages/airflow/example_dags/example_external_task_marker_dag.py
[2024-10-28T13:35:13.996+0000] {logging_mixin.py:190} INFO - [2024-10-28T13:35:13.996+0000] {dag.py:3239} INFO - Sync 2 DAGs
[2024-10-28T13:35:14.006+0000] {logging_mixin.py:190} INFO - [2024-10-28T13:35:14.006+0000] {dag.py:4180} INFO - Setting next_dagrun for example_external_task_marker_child to None, run_after=None
[2024-10-28T13:35:14.009+0000] {logging_mixin.py:190} INFO - [2024-10-28T13:35:14.009+0000] {dag.py:4180} INFO - Setting next_dagrun for example_external_task_marker_parent to None, run_after=None
[2024-10-28T13:35:14.097+0000] {processor.py:208} INFO - Processing /home/airflow/.local/lib/python3.12/site-packages/airflow/example_dags/example_external_task_marker_dag.py took 0.141 seconds
[2024-10-28T13:35:44.805+0000] {processor.py:186} INFO - Started process (PID=1410) to work on /home/airflow/.local/lib/python3.12/site-packages/airflow/example_dags/example_external_task_marker_dag.py
[2024-10-28T13:35:44.806+0000] {processor.py:914} INFO - Processing file /home/airflow/.local/lib/python3.12/site-packages/airflow/example_dags/example_external_task_marker_dag.py for tasks to queue
[2024-10-28T13:35:44.808+0000] {logging_mixin.py:190} INFO - [2024-10-28T13:35:44.808+0000] {dagbag.py:588} INFO - Filling up the DagBag from /home/airflow/.local/lib/python3.12/site-packages/airflow/example_dags/example_external_task_marker_dag.py
[2024-10-28T13:35:44.814+0000] {processor.py:925} INFO - DAG(s) 'example_external_task_marker_parent', 'example_external_task_marker_child' retrieved from /home/airflow/.local/lib/python3.12/site-packages/airflow/example_dags/example_external_task_marker_dag.py
[2024-10-28T13:35:44.828+0000] {logging_mixin.py:190} INFO - [2024-10-28T13:35:44.828+0000] {dag.py:3239} INFO - Sync 2 DAGs
[2024-10-28T13:35:44.838+0000] {logging_mixin.py:190} INFO - [2024-10-28T13:35:44.838+0000] {dag.py:4180} INFO - Setting next_dagrun for example_external_task_marker_child to None, run_after=None
[2024-10-28T13:35:44.840+0000] {logging_mixin.py:190} INFO - [2024-10-28T13:35:44.840+0000] {dag.py:4180} INFO - Setting next_dagrun for example_external_task_marker_parent to None, run_after=None
[2024-10-28T13:35:44.854+0000] {processor.py:208} INFO - Processing /home/airflow/.local/lib/python3.12/site-packages/airflow/example_dags/example_external_task_marker_dag.py took 0.053 seconds
[2024-10-28T13:36:15.518+0000] {processor.py:186} INFO - Started process (PID=1473) to work on /home/airflow/.local/lib/python3.12/site-packages/airflow/example_dags/example_external_task_marker_dag.py
[2024-10-28T13:36:15.519+0000] {processor.py:914} INFO - Processing file /home/airflow/.local/lib/python3.12/site-packages/airflow/example_dags/example_external_task_marker_dag.py for tasks to queue
[2024-10-28T13:36:15.521+0000] {logging_mixin.py:190} INFO - [2024-10-28T13:36:15.521+0000] {dagbag.py:588} INFO - Filling up the DagBag from /home/airflow/.local/lib/python3.12/site-packages/airflow/example_dags/example_external_task_marker_dag.py
[2024-10-28T13:36:15.528+0000] {processor.py:925} INFO - DAG(s) 'example_external_task_marker_child', 'example_external_task_marker_parent' retrieved from /home/airflow/.local/lib/python3.12/site-packages/airflow/example_dags/example_external_task_marker_dag.py
[2024-10-28T13:36:15.545+0000] {logging_mixin.py:190} INFO - [2024-10-28T13:36:15.545+0000] {dag.py:3239} INFO - Sync 2 DAGs
[2024-10-28T13:36:15.556+0000] {logging_mixin.py:190} INFO - [2024-10-28T13:36:15.556+0000] {dag.py:4180} INFO - Setting next_dagrun for example_external_task_marker_child to None, run_after=None
[2024-10-28T13:36:15.558+0000] {logging_mixin.py:190} INFO - [2024-10-28T13:36:15.558+0000] {dag.py:4180} INFO - Setting next_dagrun for example_external_task_marker_parent to None, run_after=None
[2024-10-28T13:36:15.572+0000] {processor.py:208} INFO - Processing /home/airflow/.local/lib/python3.12/site-packages/airflow/example_dags/example_external_task_marker_dag.py took 0.059 seconds
[2024-10-28T13:36:45.625+0000] {processor.py:186} INFO - Started process (PID=1536) to work on /home/airflow/.local/lib/python3.12/site-packages/airflow/example_dags/example_external_task_marker_dag.py
[2024-10-28T13:36:45.626+0000] {processor.py:914} INFO - Processing file /home/airflow/.local/lib/python3.12/site-packages/airflow/example_dags/example_external_task_marker_dag.py for tasks to queue
[2024-10-28T13:36:45.628+0000] {logging_mixin.py:190} INFO - [2024-10-28T13:36:45.628+0000] {dagbag.py:588} INFO - Filling up the DagBag from /home/airflow/.local/lib/python3.12/site-packages/airflow/example_dags/example_external_task_marker_dag.py
[2024-10-28T13:36:45.634+0000] {processor.py:925} INFO - DAG(s) 'example_external_task_marker_child', 'example_external_task_marker_parent' retrieved from /home/airflow/.local/lib/python3.12/site-packages/airflow/example_dags/example_external_task_marker_dag.py
[2024-10-28T13:36:45.650+0000] {logging_mixin.py:190} INFO - [2024-10-28T13:36:45.650+0000] {dag.py:3239} INFO - Sync 2 DAGs
[2024-10-28T13:36:45.662+0000] {logging_mixin.py:190} INFO - [2024-10-28T13:36:45.662+0000] {dag.py:4180} INFO - Setting next_dagrun for example_external_task_marker_child to None, run_after=None
[2024-10-28T13:36:45.665+0000] {logging_mixin.py:190} INFO - [2024-10-28T13:36:45.664+0000] {dag.py:4180} INFO - Setting next_dagrun for example_external_task_marker_parent to None, run_after=None
[2024-10-28T13:36:45.677+0000] {processor.py:208} INFO - Processing /home/airflow/.local/lib/python3.12/site-packages/airflow/example_dags/example_external_task_marker_dag.py took 0.056 seconds
[2024-10-28T13:37:16.049+0000] {processor.py:186} INFO - Started process (PID=1599) to work on /home/airflow/.local/lib/python3.12/site-packages/airflow/example_dags/example_external_task_marker_dag.py
[2024-10-28T13:37:16.050+0000] {processor.py:914} INFO - Processing file /home/airflow/.local/lib/python3.12/site-packages/airflow/example_dags/example_external_task_marker_dag.py for tasks to queue
[2024-10-28T13:37:16.052+0000] {logging_mixin.py:190} INFO - [2024-10-28T13:37:16.052+0000] {dagbag.py:588} INFO - Filling up the DagBag from /home/airflow/.local/lib/python3.12/site-packages/airflow/example_dags/example_external_task_marker_dag.py
[2024-10-28T13:37:16.058+0000] {processor.py:925} INFO - DAG(s) 'example_external_task_marker_child', 'example_external_task_marker_parent' retrieved from /home/airflow/.local/lib/python3.12/site-packages/airflow/example_dags/example_external_task_marker_dag.py
[2024-10-28T13:37:16.074+0000] {logging_mixin.py:190} INFO - [2024-10-28T13:37:16.074+0000] {dag.py:3239} INFO - Sync 2 DAGs
[2024-10-28T13:37:16.085+0000] {logging_mixin.py:190} INFO - [2024-10-28T13:37:16.085+0000] {dag.py:4180} INFO - Setting next_dagrun for example_external_task_marker_child to None, run_after=None
[2024-10-28T13:37:16.088+0000] {logging_mixin.py:190} INFO - [2024-10-28T13:37:16.088+0000] {dag.py:4180} INFO - Setting next_dagrun for example_external_task_marker_parent to None, run_after=None
[2024-10-28T13:37:16.100+0000] {processor.py:208} INFO - Processing /home/airflow/.local/lib/python3.12/site-packages/airflow/example_dags/example_external_task_marker_dag.py took 0.055 seconds
[2024-10-28T13:37:46.607+0000] {processor.py:186} INFO - Started process (PID=1662) to work on /home/airflow/.local/lib/python3.12/site-packages/airflow/example_dags/example_external_task_marker_dag.py
[2024-10-28T13:37:46.608+0000] {processor.py:914} INFO - Processing file /home/airflow/.local/lib/python3.12/site-packages/airflow/example_dags/example_external_task_marker_dag.py for tasks to queue
[2024-10-28T13:37:46.609+0000] {logging_mixin.py:190} INFO - [2024-10-28T13:37:46.609+0000] {dagbag.py:588} INFO - Filling up the DagBag from /home/airflow/.local/lib/python3.12/site-packages/airflow/example_dags/example_external_task_marker_dag.py
[2024-10-28T13:37:46.615+0000] {processor.py:925} INFO - DAG(s) 'example_external_task_marker_child', 'example_external_task_marker_parent' retrieved from /home/airflow/.local/lib/python3.12/site-packages/airflow/example_dags/example_external_task_marker_dag.py
[2024-10-28T13:37:46.632+0000] {logging_mixin.py:190} INFO - [2024-10-28T13:37:46.632+0000] {dag.py:3239} INFO - Sync 2 DAGs
[2024-10-28T13:37:46.643+0000] {logging_mixin.py:190} INFO - [2024-10-28T13:37:46.643+0000] {dag.py:4180} INFO - Setting next_dagrun for example_external_task_marker_child to None, run_after=None
[2024-10-28T13:37:46.646+0000] {logging_mixin.py:190} INFO - [2024-10-28T13:37:46.646+0000] {dag.py:4180} INFO - Setting next_dagrun for example_external_task_marker_parent to None, run_after=None
[2024-10-28T13:37:46.663+0000] {processor.py:208} INFO - Processing /home/airflow/.local/lib/python3.12/site-packages/airflow/example_dags/example_external_task_marker_dag.py took 0.061 seconds
[2024-10-28T13:38:17.228+0000] {processor.py:186} INFO - Started process (PID=1725) to work on /home/airflow/.local/lib/python3.12/site-packages/airflow/example_dags/example_external_task_marker_dag.py
[2024-10-28T13:38:17.229+0000] {processor.py:914} INFO - Processing file /home/airflow/.local/lib/python3.12/site-packages/airflow/example_dags/example_external_task_marker_dag.py for tasks to queue
[2024-10-28T13:38:17.231+0000] {logging_mixin.py:190} INFO - [2024-10-28T13:38:17.231+0000] {dagbag.py:588} INFO - Filling up the DagBag from /home/airflow/.local/lib/python3.12/site-packages/airflow/example_dags/example_external_task_marker_dag.py
[2024-10-28T13:38:17.238+0000] {processor.py:925} INFO - DAG(s) 'example_external_task_marker_child', 'example_external_task_marker_parent' retrieved from /home/airflow/.local/lib/python3.12/site-packages/airflow/example_dags/example_external_task_marker_dag.py
[2024-10-28T13:38:17.254+0000] {logging_mixin.py:190} INFO - [2024-10-28T13:38:17.254+0000] {dag.py:3239} INFO - Sync 2 DAGs
[2024-10-28T13:38:17.266+0000] {logging_mixin.py:190} INFO - [2024-10-28T13:38:17.266+0000] {dag.py:4180} INFO - Setting next_dagrun for example_external_task_marker_child to None, run_after=None
[2024-10-28T13:38:17.269+0000] {logging_mixin.py:190} INFO - [2024-10-28T13:38:17.269+0000] {dag.py:4180} INFO - Setting next_dagrun for example_external_task_marker_parent to None, run_after=None
[2024-10-28T13:38:17.285+0000] {processor.py:208} INFO - Processing /home/airflow/.local/lib/python3.12/site-packages/airflow/example_dags/example_external_task_marker_dag.py took 0.061 seconds
[2024-10-28T13:38:47.708+0000] {processor.py:186} INFO - Started process (PID=1788) to work on /home/airflow/.local/lib/python3.12/site-packages/airflow/example_dags/example_external_task_marker_dag.py
[2024-10-28T13:38:47.709+0000] {processor.py:914} INFO - Processing file /home/airflow/.local/lib/python3.12/site-packages/airflow/example_dags/example_external_task_marker_dag.py for tasks to queue
[2024-10-28T13:38:47.711+0000] {logging_mixin.py:190} INFO - [2024-10-28T13:38:47.711+0000] {dagbag.py:588} INFO - Filling up the DagBag from /home/airflow/.local/lib/python3.12/site-packages/airflow/example_dags/example_external_task_marker_dag.py
[2024-10-28T13:38:47.716+0000] {processor.py:925} INFO - DAG(s) 'example_external_task_marker_child', 'example_external_task_marker_parent' retrieved from /home/airflow/.local/lib/python3.12/site-packages/airflow/example_dags/example_external_task_marker_dag.py
[2024-10-28T13:38:47.731+0000] {logging_mixin.py:190} INFO - [2024-10-28T13:38:47.731+0000] {dag.py:3239} INFO - Sync 2 DAGs
[2024-10-28T13:38:47.741+0000] {logging_mixin.py:190} INFO - [2024-10-28T13:38:47.740+0000] {dag.py:4180} INFO - Setting next_dagrun for example_external_task_marker_child to None, run_after=None
[2024-10-28T13:38:47.744+0000] {logging_mixin.py:190} INFO - [2024-10-28T13:38:47.743+0000] {dag.py:4180} INFO - Setting next_dagrun for example_external_task_marker_parent to None, run_after=None
[2024-10-28T13:38:47.759+0000] {processor.py:208} INFO - Processing /home/airflow/.local/lib/python3.12/site-packages/airflow/example_dags/example_external_task_marker_dag.py took 0.055 seconds
[2024-10-28T13:39:18.234+0000] {processor.py:186} INFO - Started process (PID=1851) to work on /home/airflow/.local/lib/python3.12/site-packages/airflow/example_dags/example_external_task_marker_dag.py
[2024-10-28T13:39:18.235+0000] {processor.py:914} INFO - Processing file /home/airflow/.local/lib/python3.12/site-packages/airflow/example_dags/example_external_task_marker_dag.py for tasks to queue
[2024-10-28T13:39:18.237+0000] {logging_mixin.py:190} INFO - [2024-10-28T13:39:18.236+0000] {dagbag.py:588} INFO - Filling up the DagBag from /home/airflow/.local/lib/python3.12/site-packages/airflow/example_dags/example_external_task_marker_dag.py
[2024-10-28T13:39:18.242+0000] {processor.py:925} INFO - DAG(s) 'example_external_task_marker_parent', 'example_external_task_marker_child' retrieved from /home/airflow/.local/lib/python3.12/site-packages/airflow/example_dags/example_external_task_marker_dag.py
[2024-10-28T13:39:18.257+0000] {logging_mixin.py:190} INFO - [2024-10-28T13:39:18.256+0000] {dag.py:3239} INFO - Sync 2 DAGs
[2024-10-28T13:39:18.268+0000] {logging_mixin.py:190} INFO - [2024-10-28T13:39:18.268+0000] {dag.py:4180} INFO - Setting next_dagrun for example_external_task_marker_child to None, run_after=None
[2024-10-28T13:39:18.271+0000] {logging_mixin.py:190} INFO - [2024-10-28T13:39:18.271+0000] {dag.py:4180} INFO - Setting next_dagrun for example_external_task_marker_parent to None, run_after=None
[2024-10-28T13:39:18.285+0000] {processor.py:208} INFO - Processing /home/airflow/.local/lib/python3.12/site-packages/airflow/example_dags/example_external_task_marker_dag.py took 0.056 seconds
[2024-10-28T13:39:48.972+0000] {processor.py:186} INFO - Started process (PID=1914) to work on /home/airflow/.local/lib/python3.12/site-packages/airflow/example_dags/example_external_task_marker_dag.py
[2024-10-28T13:39:48.973+0000] {processor.py:914} INFO - Processing file /home/airflow/.local/lib/python3.12/site-packages/airflow/example_dags/example_external_task_marker_dag.py for tasks to queue
[2024-10-28T13:39:48.975+0000] {logging_mixin.py:190} INFO - [2024-10-28T13:39:48.975+0000] {dagbag.py:588} INFO - Filling up the DagBag from /home/airflow/.local/lib/python3.12/site-packages/airflow/example_dags/example_external_task_marker_dag.py
[2024-10-28T13:39:48.981+0000] {processor.py:925} INFO - DAG(s) 'example_external_task_marker_child', 'example_external_task_marker_parent' retrieved from /home/airflow/.local/lib/python3.12/site-packages/airflow/example_dags/example_external_task_marker_dag.py
[2024-10-28T13:39:48.999+0000] {logging_mixin.py:190} INFO - [2024-10-28T13:39:48.999+0000] {dag.py:3239} INFO - Sync 2 DAGs
[2024-10-28T13:39:49.013+0000] {logging_mixin.py:190} INFO - [2024-10-28T13:39:49.013+0000] {dag.py:4180} INFO - Setting next_dagrun for example_external_task_marker_child to None, run_after=None
[2024-10-28T13:39:49.016+0000] {logging_mixin.py:190} INFO - [2024-10-28T13:39:49.016+0000] {dag.py:4180} INFO - Setting next_dagrun for example_external_task_marker_parent to None, run_after=None
[2024-10-28T13:39:49.030+0000] {processor.py:208} INFO - Processing /home/airflow/.local/lib/python3.12/site-packages/airflow/example_dags/example_external_task_marker_dag.py took 0.063 seconds
[2024-10-28T13:40:19.337+0000] {processor.py:186} INFO - Started process (PID=1977) to work on /home/airflow/.local/lib/python3.12/site-packages/airflow/example_dags/example_external_task_marker_dag.py
[2024-10-28T13:40:19.338+0000] {processor.py:914} INFO - Processing file /home/airflow/.local/lib/python3.12/site-packages/airflow/example_dags/example_external_task_marker_dag.py for tasks to queue
[2024-10-28T13:40:19.340+0000] {logging_mixin.py:190} INFO - [2024-10-28T13:40:19.340+0000] {dagbag.py:588} INFO - Filling up the DagBag from /home/airflow/.local/lib/python3.12/site-packages/airflow/example_dags/example_external_task_marker_dag.py
[2024-10-28T13:40:19.345+0000] {processor.py:925} INFO - DAG(s) 'example_external_task_marker_parent', 'example_external_task_marker_child' retrieved from /home/airflow/.local/lib/python3.12/site-packages/airflow/example_dags/example_external_task_marker_dag.py
[2024-10-28T13:40:19.361+0000] {logging_mixin.py:190} INFO - [2024-10-28T13:40:19.361+0000] {dag.py:3239} INFO - Sync 2 DAGs
[2024-10-28T13:40:19.371+0000] {logging_mixin.py:190} INFO - [2024-10-28T13:40:19.371+0000] {dag.py:4180} INFO - Setting next_dagrun for example_external_task_marker_child to None, run_after=None
[2024-10-28T13:40:19.374+0000] {logging_mixin.py:190} INFO - [2024-10-28T13:40:19.374+0000] {dag.py:4180} INFO - Setting next_dagrun for example_external_task_marker_parent to None, run_after=None
[2024-10-28T13:40:19.392+0000] {processor.py:208} INFO - Processing /home/airflow/.local/lib/python3.12/site-packages/airflow/example_dags/example_external_task_marker_dag.py took 0.059 seconds
[2024-10-28T13:40:50.066+0000] {processor.py:186} INFO - Started process (PID=2040) to work on /home/airflow/.local/lib/python3.12/site-packages/airflow/example_dags/example_external_task_marker_dag.py
[2024-10-28T13:40:50.067+0000] {processor.py:914} INFO - Processing file /home/airflow/.local/lib/python3.12/site-packages/airflow/example_dags/example_external_task_marker_dag.py for tasks to queue
[2024-10-28T13:40:50.069+0000] {logging_mixin.py:190} INFO - [2024-10-28T13:40:50.068+0000] {dagbag.py:588} INFO - Filling up the DagBag from /home/airflow/.local/lib/python3.12/site-packages/airflow/example_dags/example_external_task_marker_dag.py
[2024-10-28T13:40:50.076+0000] {processor.py:925} INFO - DAG(s) 'example_external_task_marker_child', 'example_external_task_marker_parent' retrieved from /home/airflow/.local/lib/python3.12/site-packages/airflow/example_dags/example_external_task_marker_dag.py
[2024-10-28T13:40:50.098+0000] {logging_mixin.py:190} INFO - [2024-10-28T13:40:50.098+0000] {dag.py:3239} INFO - Sync 2 DAGs
[2024-10-28T13:40:50.110+0000] {logging_mixin.py:190} INFO - [2024-10-28T13:40:50.110+0000] {dag.py:4180} INFO - Setting next_dagrun for example_external_task_marker_child to None, run_after=None
[2024-10-28T13:40:50.113+0000] {logging_mixin.py:190} INFO - [2024-10-28T13:40:50.113+0000] {dag.py:4180} INFO - Setting next_dagrun for example_external_task_marker_parent to None, run_after=None
[2024-10-28T13:40:50.129+0000] {processor.py:208} INFO - Processing /home/airflow/.local/lib/python3.12/site-packages/airflow/example_dags/example_external_task_marker_dag.py took 0.069 seconds
[2024-10-28T13:41:21.143+0000] {processor.py:186} INFO - Started process (PID=2103) to work on /home/airflow/.local/lib/python3.12/site-packages/airflow/example_dags/example_external_task_marker_dag.py
[2024-10-28T13:41:21.144+0000] {processor.py:914} INFO - Processing file /home/airflow/.local/lib/python3.12/site-packages/airflow/example_dags/example_external_task_marker_dag.py for tasks to queue
[2024-10-28T13:41:21.146+0000] {logging_mixin.py:190} INFO - [2024-10-28T13:41:21.146+0000] {dagbag.py:588} INFO - Filling up the DagBag from /home/airflow/.local/lib/python3.12/site-packages/airflow/example_dags/example_external_task_marker_dag.py
[2024-10-28T13:41:21.153+0000] {processor.py:925} INFO - DAG(s) 'example_external_task_marker_child', 'example_external_task_marker_parent' retrieved from /home/airflow/.local/lib/python3.12/site-packages/airflow/example_dags/example_external_task_marker_dag.py
[2024-10-28T13:41:21.175+0000] {logging_mixin.py:190} INFO - [2024-10-28T13:41:21.175+0000] {dag.py:3239} INFO - Sync 2 DAGs
[2024-10-28T13:41:21.187+0000] {logging_mixin.py:190} INFO - [2024-10-28T13:41:21.186+0000] {dag.py:4180} INFO - Setting next_dagrun for example_external_task_marker_child to None, run_after=None
[2024-10-28T13:41:21.189+0000] {logging_mixin.py:190} INFO - [2024-10-28T13:41:21.189+0000] {dag.py:4180} INFO - Setting next_dagrun for example_external_task_marker_parent to None, run_after=None
[2024-10-28T13:41:21.207+0000] {processor.py:208} INFO - Processing /home/airflow/.local/lib/python3.12/site-packages/airflow/example_dags/example_external_task_marker_dag.py took 0.069 seconds
[2024-10-28T13:41:51.774+0000] {processor.py:186} INFO - Started process (PID=2166) to work on /home/airflow/.local/lib/python3.12/site-packages/airflow/example_dags/example_external_task_marker_dag.py
[2024-10-28T13:41:51.775+0000] {processor.py:914} INFO - Processing file /home/airflow/.local/lib/python3.12/site-packages/airflow/example_dags/example_external_task_marker_dag.py for tasks to queue
[2024-10-28T13:41:51.778+0000] {logging_mixin.py:190} INFO - [2024-10-28T13:41:51.778+0000] {dagbag.py:588} INFO - Filling up the DagBag from /home/airflow/.local/lib/python3.12/site-packages/airflow/example_dags/example_external_task_marker_dag.py
[2024-10-28T13:41:51.786+0000] {processor.py:925} INFO - DAG(s) 'example_external_task_marker_parent', 'example_external_task_marker_child' retrieved from /home/airflow/.local/lib/python3.12/site-packages/airflow/example_dags/example_external_task_marker_dag.py
[2024-10-28T13:41:51.804+0000] {logging_mixin.py:190} INFO - [2024-10-28T13:41:51.804+0000] {dag.py:3239} INFO - Sync 2 DAGs
[2024-10-28T13:41:51.818+0000] {logging_mixin.py:190} INFO - [2024-10-28T13:41:51.817+0000] {dag.py:4180} INFO - Setting next_dagrun for example_external_task_marker_child to None, run_after=None
[2024-10-28T13:41:51.822+0000] {logging_mixin.py:190} INFO - [2024-10-28T13:41:51.822+0000] {dag.py:4180} INFO - Setting next_dagrun for example_external_task_marker_parent to None, run_after=None
[2024-10-28T13:41:51.838+0000] {processor.py:208} INFO - Processing /home/airflow/.local/lib/python3.12/site-packages/airflow/example_dags/example_external_task_marker_dag.py took 0.068 seconds
[2024-10-28T13:42:22.777+0000] {processor.py:186} INFO - Started process (PID=2229) to work on /home/airflow/.local/lib/python3.12/site-packages/airflow/example_dags/example_external_task_marker_dag.py
[2024-10-28T13:42:22.778+0000] {processor.py:914} INFO - Processing file /home/airflow/.local/lib/python3.12/site-packages/airflow/example_dags/example_external_task_marker_dag.py for tasks to queue
[2024-10-28T13:42:22.779+0000] {logging_mixin.py:190} INFO - [2024-10-28T13:42:22.778+0000] {dagbag.py:588} INFO - Filling up the DagBag from /home/airflow/.local/lib/python3.12/site-packages/airflow/example_dags/example_external_task_marker_dag.py
[2024-10-28T13:42:22.785+0000] {processor.py:925} INFO - DAG(s) 'example_external_task_marker_child', 'example_external_task_marker_parent' retrieved from /home/airflow/.local/lib/python3.12/site-packages/airflow/example_dags/example_external_task_marker_dag.py
[2024-10-28T13:42:22.800+0000] {logging_mixin.py:190} INFO - [2024-10-28T13:42:22.800+0000] {dag.py:3239} INFO - Sync 2 DAGs
[2024-10-28T13:42:22.811+0000] {logging_mixin.py:190} INFO - [2024-10-28T13:42:22.811+0000] {dag.py:4180} INFO - Setting next_dagrun for example_external_task_marker_child to None, run_after=None
[2024-10-28T13:42:22.818+0000] {logging_mixin.py:190} INFO - [2024-10-28T13:42:22.818+0000] {dag.py:4180} INFO - Setting next_dagrun for example_external_task_marker_parent to None, run_after=None
[2024-10-28T13:42:22.831+0000] {processor.py:208} INFO - Processing /home/airflow/.local/lib/python3.12/site-packages/airflow/example_dags/example_external_task_marker_dag.py took 0.058 seconds
[2024-10-28T13:42:53.976+0000] {processor.py:186} INFO - Started process (PID=2291) to work on /home/airflow/.local/lib/python3.12/site-packages/airflow/example_dags/example_external_task_marker_dag.py
[2024-10-28T13:42:53.977+0000] {processor.py:914} INFO - Processing file /home/airflow/.local/lib/python3.12/site-packages/airflow/example_dags/example_external_task_marker_dag.py for tasks to queue
[2024-10-28T13:42:53.978+0000] {logging_mixin.py:190} INFO - [2024-10-28T13:42:53.977+0000] {dagbag.py:588} INFO - Filling up the DagBag from /home/airflow/.local/lib/python3.12/site-packages/airflow/example_dags/example_external_task_marker_dag.py
[2024-10-28T13:42:53.983+0000] {processor.py:925} INFO - DAG(s) 'example_external_task_marker_child', 'example_external_task_marker_parent' retrieved from /home/airflow/.local/lib/python3.12/site-packages/airflow/example_dags/example_external_task_marker_dag.py
[2024-10-28T13:42:53.998+0000] {logging_mixin.py:190} INFO - [2024-10-28T13:42:53.998+0000] {dag.py:3239} INFO - Sync 2 DAGs
[2024-10-28T13:42:54.009+0000] {logging_mixin.py:190} INFO - [2024-10-28T13:42:54.008+0000] {dag.py:4180} INFO - Setting next_dagrun for example_external_task_marker_child to None, run_after=None
[2024-10-28T13:42:54.011+0000] {logging_mixin.py:190} INFO - [2024-10-28T13:42:54.011+0000] {dag.py:4180} INFO - Setting next_dagrun for example_external_task_marker_parent to None, run_after=None
[2024-10-28T13:42:54.024+0000] {processor.py:208} INFO - Processing /home/airflow/.local/lib/python3.12/site-packages/airflow/example_dags/example_external_task_marker_dag.py took 0.053 seconds
[2024-10-28T13:43:24.657+0000] {processor.py:186} INFO - Started process (PID=2353) to work on /home/airflow/.local/lib/python3.12/site-packages/airflow/example_dags/example_external_task_marker_dag.py
[2024-10-28T13:43:24.658+0000] {processor.py:914} INFO - Processing file /home/airflow/.local/lib/python3.12/site-packages/airflow/example_dags/example_external_task_marker_dag.py for tasks to queue
[2024-10-28T13:43:24.659+0000] {logging_mixin.py:190} INFO - [2024-10-28T13:43:24.659+0000] {dagbag.py:588} INFO - Filling up the DagBag from /home/airflow/.local/lib/python3.12/site-packages/airflow/example_dags/example_external_task_marker_dag.py
[2024-10-28T13:43:24.665+0000] {processor.py:925} INFO - DAG(s) 'example_external_task_marker_parent', 'example_external_task_marker_child' retrieved from /home/airflow/.local/lib/python3.12/site-packages/airflow/example_dags/example_external_task_marker_dag.py
[2024-10-28T13:43:24.682+0000] {logging_mixin.py:190} INFO - [2024-10-28T13:43:24.682+0000] {dag.py:3239} INFO - Sync 2 DAGs
[2024-10-28T13:43:24.694+0000] {logging_mixin.py:190} INFO - [2024-10-28T13:43:24.694+0000] {dag.py:4180} INFO - Setting next_dagrun for example_external_task_marker_child to None, run_after=None
[2024-10-28T13:43:24.697+0000] {logging_mixin.py:190} INFO - [2024-10-28T13:43:24.696+0000] {dag.py:4180} INFO - Setting next_dagrun for example_external_task_marker_parent to None, run_after=None
[2024-10-28T13:43:24.709+0000] {processor.py:208} INFO - Processing /home/airflow/.local/lib/python3.12/site-packages/airflow/example_dags/example_external_task_marker_dag.py took 0.057 seconds
[2024-10-28T13:43:55.231+0000] {processor.py:186} INFO - Started process (PID=2415) to work on /home/airflow/.local/lib/python3.12/site-packages/airflow/example_dags/example_external_task_marker_dag.py
[2024-10-28T13:43:55.232+0000] {processor.py:914} INFO - Processing file /home/airflow/.local/lib/python3.12/site-packages/airflow/example_dags/example_external_task_marker_dag.py for tasks to queue
[2024-10-28T13:43:55.235+0000] {logging_mixin.py:190} INFO - [2024-10-28T13:43:55.235+0000] {dagbag.py:588} INFO - Filling up the DagBag from /home/airflow/.local/lib/python3.12/site-packages/airflow/example_dags/example_external_task_marker_dag.py
[2024-10-28T13:43:55.242+0000] {processor.py:925} INFO - DAG(s) 'example_external_task_marker_child', 'example_external_task_marker_parent' retrieved from /home/airflow/.local/lib/python3.12/site-packages/airflow/example_dags/example_external_task_marker_dag.py
[2024-10-28T13:43:55.258+0000] {logging_mixin.py:190} INFO - [2024-10-28T13:43:55.258+0000] {dag.py:3239} INFO - Sync 2 DAGs
[2024-10-28T13:43:55.269+0000] {logging_mixin.py:190} INFO - [2024-10-28T13:43:55.269+0000] {dag.py:4180} INFO - Setting next_dagrun for example_external_task_marker_child to None, run_after=None
[2024-10-28T13:43:55.273+0000] {logging_mixin.py:190} INFO - [2024-10-28T13:43:55.273+0000] {dag.py:4180} INFO - Setting next_dagrun for example_external_task_marker_parent to None, run_after=None
[2024-10-28T13:43:55.290+0000] {processor.py:208} INFO - Processing /home/airflow/.local/lib/python3.12/site-packages/airflow/example_dags/example_external_task_marker_dag.py took 0.064 seconds
