[2024-10-28T13:21:13.933+0000] {processor.py:186} INFO - Started process (PID=63) to work on /home/airflow/.local/lib/python3.12/site-packages/airflow/example_dags/example_python_decorator.py
[2024-10-28T13:21:13.934+0000] {processor.py:914} INFO - Processing file /home/airflow/.local/lib/python3.12/site-packages/airflow/example_dags/example_python_decorator.py for tasks to queue
[2024-10-28T13:21:13.936+0000] {logging_mixin.py:190} INFO - [2024-10-28T13:21:13.936+0000] {dagbag.py:588} INFO - Filling up the DagBag from /home/airflow/.local/lib/python3.12/site-packages/airflow/example_dags/example_python_decorator.py
[2024-10-28T13:21:13.961+0000] {processor.py:925} INFO - DAG(s) 'example_python_decorator' retrieved from /home/airflow/.local/lib/python3.12/site-packages/airflow/example_dags/example_python_decorator.py
[2024-10-28T13:21:14.052+0000] {logging_mixin.py:190} INFO - [2024-10-28T13:21:14.051+0000] {override.py:1900} INFO - Created Permission View: can delete on DAG:example_python_decorator
[2024-10-28T13:21:14.063+0000] {logging_mixin.py:190} INFO - [2024-10-28T13:21:14.063+0000] {override.py:1900} INFO - Created Permission View: can edit on DAG:example_python_decorator
[2024-10-28T13:21:14.071+0000] {logging_mixin.py:190} INFO - [2024-10-28T13:21:14.071+0000] {override.py:1900} INFO - Created Permission View: can read on DAG:example_python_decorator
[2024-10-28T13:21:14.081+0000] {logging_mixin.py:190} INFO - [2024-10-28T13:21:14.081+0000] {override.py:1900} INFO - Created Permission View: can create on DAG Run:example_python_decorator
[2024-10-28T13:21:14.088+0000] {logging_mixin.py:190} INFO - [2024-10-28T13:21:14.088+0000] {override.py:1900} INFO - Created Permission View: menu access on DAG Run:example_python_decorator
[2024-10-28T13:21:14.095+0000] {logging_mixin.py:190} INFO - [2024-10-28T13:21:14.094+0000] {override.py:1900} INFO - Created Permission View: can read on DAG Run:example_python_decorator
[2024-10-28T13:21:14.102+0000] {logging_mixin.py:190} INFO - [2024-10-28T13:21:14.101+0000] {override.py:1900} INFO - Created Permission View: can delete on DAG Run:example_python_decorator
[2024-10-28T13:21:14.102+0000] {logging_mixin.py:190} INFO - [2024-10-28T13:21:14.102+0000] {dag.py:3239} INFO - Sync 1 DAGs
[2024-10-28T13:21:14.113+0000] {logging_mixin.py:190} INFO - [2024-10-28T13:21:14.113+0000] {dag.py:3262} INFO - Creating ORM DAG for example_python_decorator
[2024-10-28T13:21:14.114+0000] {logging_mixin.py:190} INFO - [2024-10-28T13:21:14.114+0000] {dag.py:4180} INFO - Setting next_dagrun for example_python_decorator to None, run_after=None
[2024-10-28T13:21:14.129+0000] {processor.py:208} INFO - Processing /home/airflow/.local/lib/python3.12/site-packages/airflow/example_dags/example_python_decorator.py took 0.201 seconds
[2024-10-28T13:21:44.524+0000] {processor.py:186} INFO - Started process (PID=126) to work on /home/airflow/.local/lib/python3.12/site-packages/airflow/example_dags/example_python_decorator.py
[2024-10-28T13:21:44.525+0000] {processor.py:914} INFO - Processing file /home/airflow/.local/lib/python3.12/site-packages/airflow/example_dags/example_python_decorator.py for tasks to queue
[2024-10-28T13:21:44.527+0000] {logging_mixin.py:190} INFO - [2024-10-28T13:21:44.527+0000] {dagbag.py:588} INFO - Filling up the DagBag from /home/airflow/.local/lib/python3.12/site-packages/airflow/example_dags/example_python_decorator.py
[2024-10-28T13:21:44.537+0000] {processor.py:925} INFO - DAG(s) 'example_python_decorator' retrieved from /home/airflow/.local/lib/python3.12/site-packages/airflow/example_dags/example_python_decorator.py
[2024-10-28T13:21:44.552+0000] {logging_mixin.py:190} INFO - [2024-10-28T13:21:44.552+0000] {dag.py:3239} INFO - Sync 1 DAGs
[2024-10-28T13:21:44.562+0000] {logging_mixin.py:190} INFO - [2024-10-28T13:21:44.562+0000] {dag.py:4180} INFO - Setting next_dagrun for example_python_decorator to None, run_after=None
[2024-10-28T13:21:44.579+0000] {processor.py:208} INFO - Processing /home/airflow/.local/lib/python3.12/site-packages/airflow/example_dags/example_python_decorator.py took 0.059 seconds
[2024-10-28T13:22:15.023+0000] {processor.py:186} INFO - Started process (PID=189) to work on /home/airflow/.local/lib/python3.12/site-packages/airflow/example_dags/example_python_decorator.py
[2024-10-28T13:22:15.025+0000] {processor.py:914} INFO - Processing file /home/airflow/.local/lib/python3.12/site-packages/airflow/example_dags/example_python_decorator.py for tasks to queue
[2024-10-28T13:22:15.028+0000] {logging_mixin.py:190} INFO - [2024-10-28T13:22:15.028+0000] {dagbag.py:588} INFO - Filling up the DagBag from /home/airflow/.local/lib/python3.12/site-packages/airflow/example_dags/example_python_decorator.py
[2024-10-28T13:22:15.046+0000] {processor.py:925} INFO - DAG(s) 'example_python_decorator' retrieved from /home/airflow/.local/lib/python3.12/site-packages/airflow/example_dags/example_python_decorator.py
[2024-10-28T13:22:15.076+0000] {logging_mixin.py:190} INFO - [2024-10-28T13:22:15.076+0000] {dag.py:3239} INFO - Sync 1 DAGs
[2024-10-28T13:22:15.093+0000] {logging_mixin.py:190} INFO - [2024-10-28T13:22:15.092+0000] {dag.py:4180} INFO - Setting next_dagrun for example_python_decorator to None, run_after=None
[2024-10-28T13:22:15.120+0000] {processor.py:208} INFO - Processing /home/airflow/.local/lib/python3.12/site-packages/airflow/example_dags/example_python_decorator.py took 0.104 seconds
[2024-10-28T13:24:58.872+0000] {processor.py:186} INFO - Started process (PID=63) to work on /home/airflow/.local/lib/python3.12/site-packages/airflow/example_dags/example_python_decorator.py
[2024-10-28T13:24:58.875+0000] {processor.py:914} INFO - Processing file /home/airflow/.local/lib/python3.12/site-packages/airflow/example_dags/example_python_decorator.py for tasks to queue
[2024-10-28T13:24:58.878+0000] {logging_mixin.py:190} INFO - [2024-10-28T13:24:58.877+0000] {dagbag.py:588} INFO - Filling up the DagBag from /home/airflow/.local/lib/python3.12/site-packages/airflow/example_dags/example_python_decorator.py
[2024-10-28T13:24:58.897+0000] {processor.py:925} INFO - DAG(s) 'example_python_decorator' retrieved from /home/airflow/.local/lib/python3.12/site-packages/airflow/example_dags/example_python_decorator.py
[2024-10-28T13:24:59.040+0000] {logging_mixin.py:190} INFO - [2024-10-28T13:24:59.040+0000] {dag.py:3239} INFO - Sync 1 DAGs
[2024-10-28T13:24:59.050+0000] {logging_mixin.py:190} INFO - [2024-10-28T13:24:59.050+0000] {dag.py:4180} INFO - Setting next_dagrun for example_python_decorator to None, run_after=None
[2024-10-28T13:24:59.067+0000] {processor.py:208} INFO - Processing /home/airflow/.local/lib/python3.12/site-packages/airflow/example_dags/example_python_decorator.py took 0.199 seconds
[2024-10-28T13:25:29.321+0000] {processor.py:186} INFO - Started process (PID=125) to work on /home/airflow/.local/lib/python3.12/site-packages/airflow/example_dags/example_python_decorator.py
[2024-10-28T13:25:29.322+0000] {processor.py:914} INFO - Processing file /home/airflow/.local/lib/python3.12/site-packages/airflow/example_dags/example_python_decorator.py for tasks to queue
[2024-10-28T13:25:29.325+0000] {logging_mixin.py:190} INFO - [2024-10-28T13:25:29.324+0000] {dagbag.py:588} INFO - Filling up the DagBag from /home/airflow/.local/lib/python3.12/site-packages/airflow/example_dags/example_python_decorator.py
[2024-10-28T13:25:29.335+0000] {processor.py:925} INFO - DAG(s) 'example_python_decorator' retrieved from /home/airflow/.local/lib/python3.12/site-packages/airflow/example_dags/example_python_decorator.py
[2024-10-28T13:25:29.355+0000] {logging_mixin.py:190} INFO - [2024-10-28T13:25:29.355+0000] {dag.py:3239} INFO - Sync 1 DAGs
[2024-10-28T13:25:29.367+0000] {logging_mixin.py:190} INFO - [2024-10-28T13:25:29.367+0000] {dag.py:4180} INFO - Setting next_dagrun for example_python_decorator to None, run_after=None
[2024-10-28T13:25:29.386+0000] {processor.py:208} INFO - Processing /home/airflow/.local/lib/python3.12/site-packages/airflow/example_dags/example_python_decorator.py took 0.070 seconds
[2024-10-28T13:26:00.326+0000] {processor.py:186} INFO - Started process (PID=188) to work on /home/airflow/.local/lib/python3.12/site-packages/airflow/example_dags/example_python_decorator.py
[2024-10-28T13:26:00.327+0000] {processor.py:914} INFO - Processing file /home/airflow/.local/lib/python3.12/site-packages/airflow/example_dags/example_python_decorator.py for tasks to queue
[2024-10-28T13:26:00.328+0000] {logging_mixin.py:190} INFO - [2024-10-28T13:26:00.328+0000] {dagbag.py:588} INFO - Filling up the DagBag from /home/airflow/.local/lib/python3.12/site-packages/airflow/example_dags/example_python_decorator.py
[2024-10-28T13:26:00.339+0000] {processor.py:925} INFO - DAG(s) 'example_python_decorator' retrieved from /home/airflow/.local/lib/python3.12/site-packages/airflow/example_dags/example_python_decorator.py
[2024-10-28T13:26:00.355+0000] {logging_mixin.py:190} INFO - [2024-10-28T13:26:00.355+0000] {dag.py:3239} INFO - Sync 1 DAGs
[2024-10-28T13:26:00.365+0000] {logging_mixin.py:190} INFO - [2024-10-28T13:26:00.365+0000] {dag.py:4180} INFO - Setting next_dagrun for example_python_decorator to None, run_after=None
[2024-10-28T13:26:00.382+0000] {processor.py:208} INFO - Processing /home/airflow/.local/lib/python3.12/site-packages/airflow/example_dags/example_python_decorator.py took 0.061 seconds
[2024-10-28T13:26:30.868+0000] {processor.py:186} INFO - Started process (PID=251) to work on /home/airflow/.local/lib/python3.12/site-packages/airflow/example_dags/example_python_decorator.py
[2024-10-28T13:26:30.869+0000] {processor.py:914} INFO - Processing file /home/airflow/.local/lib/python3.12/site-packages/airflow/example_dags/example_python_decorator.py for tasks to queue
[2024-10-28T13:26:30.871+0000] {logging_mixin.py:190} INFO - [2024-10-28T13:26:30.871+0000] {dagbag.py:588} INFO - Filling up the DagBag from /home/airflow/.local/lib/python3.12/site-packages/airflow/example_dags/example_python_decorator.py
[2024-10-28T13:26:30.883+0000] {processor.py:925} INFO - DAG(s) 'example_python_decorator' retrieved from /home/airflow/.local/lib/python3.12/site-packages/airflow/example_dags/example_python_decorator.py
[2024-10-28T13:26:30.903+0000] {logging_mixin.py:190} INFO - [2024-10-28T13:26:30.903+0000] {dag.py:3239} INFO - Sync 1 DAGs
[2024-10-28T13:26:30.914+0000] {logging_mixin.py:190} INFO - [2024-10-28T13:26:30.914+0000] {dag.py:4180} INFO - Setting next_dagrun for example_python_decorator to None, run_after=None
[2024-10-28T13:26:30.931+0000] {processor.py:208} INFO - Processing /home/airflow/.local/lib/python3.12/site-packages/airflow/example_dags/example_python_decorator.py took 0.068 seconds
[2024-10-28T13:27:01.070+0000] {processor.py:186} INFO - Started process (PID=314) to work on /home/airflow/.local/lib/python3.12/site-packages/airflow/example_dags/example_python_decorator.py
[2024-10-28T13:27:01.072+0000] {processor.py:914} INFO - Processing file /home/airflow/.local/lib/python3.12/site-packages/airflow/example_dags/example_python_decorator.py for tasks to queue
[2024-10-28T13:27:01.073+0000] {logging_mixin.py:190} INFO - [2024-10-28T13:27:01.073+0000] {dagbag.py:588} INFO - Filling up the DagBag from /home/airflow/.local/lib/python3.12/site-packages/airflow/example_dags/example_python_decorator.py
[2024-10-28T13:27:01.084+0000] {processor.py:925} INFO - DAG(s) 'example_python_decorator' retrieved from /home/airflow/.local/lib/python3.12/site-packages/airflow/example_dags/example_python_decorator.py
[2024-10-28T13:27:01.099+0000] {logging_mixin.py:190} INFO - [2024-10-28T13:27:01.099+0000] {dag.py:3239} INFO - Sync 1 DAGs
[2024-10-28T13:27:01.110+0000] {logging_mixin.py:190} INFO - [2024-10-28T13:27:01.110+0000] {dag.py:4180} INFO - Setting next_dagrun for example_python_decorator to None, run_after=None
[2024-10-28T13:27:01.125+0000] {processor.py:208} INFO - Processing /home/airflow/.local/lib/python3.12/site-packages/airflow/example_dags/example_python_decorator.py took 0.058 seconds
[2024-10-28T13:27:31.525+0000] {processor.py:186} INFO - Started process (PID=377) to work on /home/airflow/.local/lib/python3.12/site-packages/airflow/example_dags/example_python_decorator.py
[2024-10-28T13:27:31.526+0000] {processor.py:914} INFO - Processing file /home/airflow/.local/lib/python3.12/site-packages/airflow/example_dags/example_python_decorator.py for tasks to queue
[2024-10-28T13:27:31.528+0000] {logging_mixin.py:190} INFO - [2024-10-28T13:27:31.528+0000] {dagbag.py:588} INFO - Filling up the DagBag from /home/airflow/.local/lib/python3.12/site-packages/airflow/example_dags/example_python_decorator.py
[2024-10-28T13:27:31.538+0000] {processor.py:925} INFO - DAG(s) 'example_python_decorator' retrieved from /home/airflow/.local/lib/python3.12/site-packages/airflow/example_dags/example_python_decorator.py
[2024-10-28T13:27:31.554+0000] {logging_mixin.py:190} INFO - [2024-10-28T13:27:31.553+0000] {dag.py:3239} INFO - Sync 1 DAGs
[2024-10-28T13:27:31.563+0000] {logging_mixin.py:190} INFO - [2024-10-28T13:27:31.563+0000] {dag.py:4180} INFO - Setting next_dagrun for example_python_decorator to None, run_after=None
[2024-10-28T13:27:31.609+0000] {processor.py:208} INFO - Processing /home/airflow/.local/lib/python3.12/site-packages/airflow/example_dags/example_python_decorator.py took 0.092 seconds
[2024-10-28T13:28:01.964+0000] {processor.py:186} INFO - Started process (PID=440) to work on /home/airflow/.local/lib/python3.12/site-packages/airflow/example_dags/example_python_decorator.py
[2024-10-28T13:28:01.966+0000] {processor.py:914} INFO - Processing file /home/airflow/.local/lib/python3.12/site-packages/airflow/example_dags/example_python_decorator.py for tasks to queue
[2024-10-28T13:28:01.968+0000] {logging_mixin.py:190} INFO - [2024-10-28T13:28:01.968+0000] {dagbag.py:588} INFO - Filling up the DagBag from /home/airflow/.local/lib/python3.12/site-packages/airflow/example_dags/example_python_decorator.py
[2024-10-28T13:28:01.979+0000] {processor.py:925} INFO - DAG(s) 'example_python_decorator' retrieved from /home/airflow/.local/lib/python3.12/site-packages/airflow/example_dags/example_python_decorator.py
[2024-10-28T13:28:01.995+0000] {logging_mixin.py:190} INFO - [2024-10-28T13:28:01.995+0000] {dag.py:3239} INFO - Sync 1 DAGs
[2024-10-28T13:28:02.010+0000] {logging_mixin.py:190} INFO - [2024-10-28T13:28:02.010+0000] {dag.py:4180} INFO - Setting next_dagrun for example_python_decorator to None, run_after=None
[2024-10-28T13:28:02.026+0000] {processor.py:208} INFO - Processing /home/airflow/.local/lib/python3.12/site-packages/airflow/example_dags/example_python_decorator.py took 0.067 seconds
[2024-10-28T13:28:32.772+0000] {processor.py:186} INFO - Started process (PID=509) to work on /home/airflow/.local/lib/python3.12/site-packages/airflow/example_dags/example_python_decorator.py
[2024-10-28T13:28:32.773+0000] {processor.py:914} INFO - Processing file /home/airflow/.local/lib/python3.12/site-packages/airflow/example_dags/example_python_decorator.py for tasks to queue
[2024-10-28T13:28:32.775+0000] {logging_mixin.py:190} INFO - [2024-10-28T13:28:32.775+0000] {dagbag.py:588} INFO - Filling up the DagBag from /home/airflow/.local/lib/python3.12/site-packages/airflow/example_dags/example_python_decorator.py
[2024-10-28T13:28:32.785+0000] {processor.py:925} INFO - DAG(s) 'example_python_decorator' retrieved from /home/airflow/.local/lib/python3.12/site-packages/airflow/example_dags/example_python_decorator.py
[2024-10-28T13:28:32.801+0000] {logging_mixin.py:190} INFO - [2024-10-28T13:28:32.801+0000] {dag.py:3239} INFO - Sync 1 DAGs
[2024-10-28T13:28:32.812+0000] {logging_mixin.py:190} INFO - [2024-10-28T13:28:32.812+0000] {dag.py:4180} INFO - Setting next_dagrun for example_python_decorator to None, run_after=None
[2024-10-28T13:28:32.826+0000] {processor.py:208} INFO - Processing /home/airflow/.local/lib/python3.12/site-packages/airflow/example_dags/example_python_decorator.py took 0.059 seconds
[2024-10-28T13:29:03.246+0000] {processor.py:186} INFO - Started process (PID=572) to work on /home/airflow/.local/lib/python3.12/site-packages/airflow/example_dags/example_python_decorator.py
[2024-10-28T13:29:03.247+0000] {processor.py:914} INFO - Processing file /home/airflow/.local/lib/python3.12/site-packages/airflow/example_dags/example_python_decorator.py for tasks to queue
[2024-10-28T13:29:03.249+0000] {logging_mixin.py:190} INFO - [2024-10-28T13:29:03.249+0000] {dagbag.py:588} INFO - Filling up the DagBag from /home/airflow/.local/lib/python3.12/site-packages/airflow/example_dags/example_python_decorator.py
[2024-10-28T13:29:03.259+0000] {processor.py:925} INFO - DAG(s) 'example_python_decorator' retrieved from /home/airflow/.local/lib/python3.12/site-packages/airflow/example_dags/example_python_decorator.py
[2024-10-28T13:29:03.275+0000] {logging_mixin.py:190} INFO - [2024-10-28T13:29:03.275+0000] {dag.py:3239} INFO - Sync 1 DAGs
[2024-10-28T13:29:03.287+0000] {logging_mixin.py:190} INFO - [2024-10-28T13:29:03.287+0000] {dag.py:4180} INFO - Setting next_dagrun for example_python_decorator to None, run_after=None
[2024-10-28T13:29:03.302+0000] {processor.py:208} INFO - Processing /home/airflow/.local/lib/python3.12/site-packages/airflow/example_dags/example_python_decorator.py took 0.061 seconds
[2024-10-28T13:29:33.530+0000] {processor.py:186} INFO - Started process (PID=635) to work on /home/airflow/.local/lib/python3.12/site-packages/airflow/example_dags/example_python_decorator.py
[2024-10-28T13:29:33.533+0000] {processor.py:914} INFO - Processing file /home/airflow/.local/lib/python3.12/site-packages/airflow/example_dags/example_python_decorator.py for tasks to queue
[2024-10-28T13:29:33.537+0000] {logging_mixin.py:190} INFO - [2024-10-28T13:29:33.537+0000] {dagbag.py:588} INFO - Filling up the DagBag from /home/airflow/.local/lib/python3.12/site-packages/airflow/example_dags/example_python_decorator.py
[2024-10-28T13:29:33.552+0000] {processor.py:925} INFO - DAG(s) 'example_python_decorator' retrieved from /home/airflow/.local/lib/python3.12/site-packages/airflow/example_dags/example_python_decorator.py
[2024-10-28T13:29:33.570+0000] {logging_mixin.py:190} INFO - [2024-10-28T13:29:33.570+0000] {dag.py:3239} INFO - Sync 1 DAGs
[2024-10-28T13:29:33.580+0000] {logging_mixin.py:190} INFO - [2024-10-28T13:29:33.580+0000] {dag.py:4180} INFO - Setting next_dagrun for example_python_decorator to None, run_after=None
[2024-10-28T13:29:33.596+0000] {processor.py:208} INFO - Processing /home/airflow/.local/lib/python3.12/site-packages/airflow/example_dags/example_python_decorator.py took 0.078 seconds
[2024-10-28T13:30:04.485+0000] {processor.py:186} INFO - Started process (PID=698) to work on /home/airflow/.local/lib/python3.12/site-packages/airflow/example_dags/example_python_decorator.py
[2024-10-28T13:30:04.486+0000] {processor.py:914} INFO - Processing file /home/airflow/.local/lib/python3.12/site-packages/airflow/example_dags/example_python_decorator.py for tasks to queue
[2024-10-28T13:30:04.489+0000] {logging_mixin.py:190} INFO - [2024-10-28T13:30:04.488+0000] {dagbag.py:588} INFO - Filling up the DagBag from /home/airflow/.local/lib/python3.12/site-packages/airflow/example_dags/example_python_decorator.py
[2024-10-28T13:30:04.498+0000] {processor.py:925} INFO - DAG(s) 'example_python_decorator' retrieved from /home/airflow/.local/lib/python3.12/site-packages/airflow/example_dags/example_python_decorator.py
[2024-10-28T13:30:04.513+0000] {logging_mixin.py:190} INFO - [2024-10-28T13:30:04.513+0000] {dag.py:3239} INFO - Sync 1 DAGs
[2024-10-28T13:30:04.524+0000] {logging_mixin.py:190} INFO - [2024-10-28T13:30:04.524+0000] {dag.py:4180} INFO - Setting next_dagrun for example_python_decorator to None, run_after=None
[2024-10-28T13:30:04.537+0000] {processor.py:208} INFO - Processing /home/airflow/.local/lib/python3.12/site-packages/airflow/example_dags/example_python_decorator.py took 0.056 seconds
[2024-10-28T13:30:35.405+0000] {processor.py:186} INFO - Started process (PID=761) to work on /home/airflow/.local/lib/python3.12/site-packages/airflow/example_dags/example_python_decorator.py
[2024-10-28T13:30:35.407+0000] {processor.py:914} INFO - Processing file /home/airflow/.local/lib/python3.12/site-packages/airflow/example_dags/example_python_decorator.py for tasks to queue
[2024-10-28T13:30:35.409+0000] {logging_mixin.py:190} INFO - [2024-10-28T13:30:35.408+0000] {dagbag.py:588} INFO - Filling up the DagBag from /home/airflow/.local/lib/python3.12/site-packages/airflow/example_dags/example_python_decorator.py
[2024-10-28T13:30:35.419+0000] {processor.py:925} INFO - DAG(s) 'example_python_decorator' retrieved from /home/airflow/.local/lib/python3.12/site-packages/airflow/example_dags/example_python_decorator.py
[2024-10-28T13:30:35.437+0000] {logging_mixin.py:190} INFO - [2024-10-28T13:30:35.437+0000] {dag.py:3239} INFO - Sync 1 DAGs
[2024-10-28T13:30:35.448+0000] {logging_mixin.py:190} INFO - [2024-10-28T13:30:35.447+0000] {dag.py:4180} INFO - Setting next_dagrun for example_python_decorator to None, run_after=None
[2024-10-28T13:30:35.512+0000] {processor.py:208} INFO - Processing /home/airflow/.local/lib/python3.12/site-packages/airflow/example_dags/example_python_decorator.py took 0.117 seconds
[2024-10-28T13:31:05.696+0000] {processor.py:186} INFO - Started process (PID=824) to work on /home/airflow/.local/lib/python3.12/site-packages/airflow/example_dags/example_python_decorator.py
[2024-10-28T13:31:05.697+0000] {processor.py:914} INFO - Processing file /home/airflow/.local/lib/python3.12/site-packages/airflow/example_dags/example_python_decorator.py for tasks to queue
[2024-10-28T13:31:05.700+0000] {logging_mixin.py:190} INFO - [2024-10-28T13:31:05.700+0000] {dagbag.py:588} INFO - Filling up the DagBag from /home/airflow/.local/lib/python3.12/site-packages/airflow/example_dags/example_python_decorator.py
[2024-10-28T13:31:05.710+0000] {processor.py:925} INFO - DAG(s) 'example_python_decorator' retrieved from /home/airflow/.local/lib/python3.12/site-packages/airflow/example_dags/example_python_decorator.py
[2024-10-28T13:31:05.726+0000] {logging_mixin.py:190} INFO - [2024-10-28T13:31:05.726+0000] {dag.py:3239} INFO - Sync 1 DAGs
[2024-10-28T13:31:05.736+0000] {logging_mixin.py:190} INFO - [2024-10-28T13:31:05.736+0000] {dag.py:4180} INFO - Setting next_dagrun for example_python_decorator to None, run_after=None
[2024-10-28T13:31:05.749+0000] {processor.py:208} INFO - Processing /home/airflow/.local/lib/python3.12/site-packages/airflow/example_dags/example_python_decorator.py took 0.062 seconds
[2024-10-28T13:31:36.299+0000] {processor.py:186} INFO - Started process (PID=887) to work on /home/airflow/.local/lib/python3.12/site-packages/airflow/example_dags/example_python_decorator.py
[2024-10-28T13:31:36.300+0000] {processor.py:914} INFO - Processing file /home/airflow/.local/lib/python3.12/site-packages/airflow/example_dags/example_python_decorator.py for tasks to queue
[2024-10-28T13:31:36.302+0000] {logging_mixin.py:190} INFO - [2024-10-28T13:31:36.302+0000] {dagbag.py:588} INFO - Filling up the DagBag from /home/airflow/.local/lib/python3.12/site-packages/airflow/example_dags/example_python_decorator.py
[2024-10-28T13:31:36.312+0000] {processor.py:925} INFO - DAG(s) 'example_python_decorator' retrieved from /home/airflow/.local/lib/python3.12/site-packages/airflow/example_dags/example_python_decorator.py
[2024-10-28T13:31:36.328+0000] {logging_mixin.py:190} INFO - [2024-10-28T13:31:36.328+0000] {dag.py:3239} INFO - Sync 1 DAGs
[2024-10-28T13:31:36.338+0000] {logging_mixin.py:190} INFO - [2024-10-28T13:31:36.338+0000] {dag.py:4180} INFO - Setting next_dagrun for example_python_decorator to None, run_after=None
[2024-10-28T13:31:36.353+0000] {processor.py:208} INFO - Processing /home/airflow/.local/lib/python3.12/site-packages/airflow/example_dags/example_python_decorator.py took 0.061 seconds
[2024-10-28T13:32:07.132+0000] {processor.py:186} INFO - Started process (PID=950) to work on /home/airflow/.local/lib/python3.12/site-packages/airflow/example_dags/example_python_decorator.py
[2024-10-28T13:32:07.132+0000] {processor.py:914} INFO - Processing file /home/airflow/.local/lib/python3.12/site-packages/airflow/example_dags/example_python_decorator.py for tasks to queue
[2024-10-28T13:32:07.134+0000] {logging_mixin.py:190} INFO - [2024-10-28T13:32:07.134+0000] {dagbag.py:588} INFO - Filling up the DagBag from /home/airflow/.local/lib/python3.12/site-packages/airflow/example_dags/example_python_decorator.py
[2024-10-28T13:32:07.144+0000] {processor.py:925} INFO - DAG(s) 'example_python_decorator' retrieved from /home/airflow/.local/lib/python3.12/site-packages/airflow/example_dags/example_python_decorator.py
[2024-10-28T13:32:07.159+0000] {logging_mixin.py:190} INFO - [2024-10-28T13:32:07.159+0000] {dag.py:3239} INFO - Sync 1 DAGs
[2024-10-28T13:32:07.168+0000] {logging_mixin.py:190} INFO - [2024-10-28T13:32:07.168+0000] {dag.py:4180} INFO - Setting next_dagrun for example_python_decorator to None, run_after=None
[2024-10-28T13:32:07.184+0000] {processor.py:208} INFO - Processing /home/airflow/.local/lib/python3.12/site-packages/airflow/example_dags/example_python_decorator.py took 0.057 seconds
[2024-10-28T13:32:37.550+0000] {processor.py:186} INFO - Started process (PID=1013) to work on /home/airflow/.local/lib/python3.12/site-packages/airflow/example_dags/example_python_decorator.py
[2024-10-28T13:32:37.551+0000] {processor.py:914} INFO - Processing file /home/airflow/.local/lib/python3.12/site-packages/airflow/example_dags/example_python_decorator.py for tasks to queue
[2024-10-28T13:32:37.553+0000] {logging_mixin.py:190} INFO - [2024-10-28T13:32:37.553+0000] {dagbag.py:588} INFO - Filling up the DagBag from /home/airflow/.local/lib/python3.12/site-packages/airflow/example_dags/example_python_decorator.py
[2024-10-28T13:32:37.563+0000] {processor.py:925} INFO - DAG(s) 'example_python_decorator' retrieved from /home/airflow/.local/lib/python3.12/site-packages/airflow/example_dags/example_python_decorator.py
[2024-10-28T13:32:37.578+0000] {logging_mixin.py:190} INFO - [2024-10-28T13:32:37.578+0000] {dag.py:3239} INFO - Sync 1 DAGs
[2024-10-28T13:32:37.587+0000] {logging_mixin.py:190} INFO - [2024-10-28T13:32:37.587+0000] {dag.py:4180} INFO - Setting next_dagrun for example_python_decorator to None, run_after=None
[2024-10-28T13:32:37.600+0000] {processor.py:208} INFO - Processing /home/airflow/.local/lib/python3.12/site-packages/airflow/example_dags/example_python_decorator.py took 0.055 seconds
[2024-10-28T13:33:07.737+0000] {processor.py:186} INFO - Started process (PID=1076) to work on /home/airflow/.local/lib/python3.12/site-packages/airflow/example_dags/example_python_decorator.py
[2024-10-28T13:33:07.737+0000] {processor.py:914} INFO - Processing file /home/airflow/.local/lib/python3.12/site-packages/airflow/example_dags/example_python_decorator.py for tasks to queue
[2024-10-28T13:33:07.739+0000] {logging_mixin.py:190} INFO - [2024-10-28T13:33:07.739+0000] {dagbag.py:588} INFO - Filling up the DagBag from /home/airflow/.local/lib/python3.12/site-packages/airflow/example_dags/example_python_decorator.py
[2024-10-28T13:33:07.749+0000] {processor.py:925} INFO - DAG(s) 'example_python_decorator' retrieved from /home/airflow/.local/lib/python3.12/site-packages/airflow/example_dags/example_python_decorator.py
[2024-10-28T13:33:07.764+0000] {logging_mixin.py:190} INFO - [2024-10-28T13:33:07.764+0000] {dag.py:3239} INFO - Sync 1 DAGs
[2024-10-28T13:33:07.775+0000] {logging_mixin.py:190} INFO - [2024-10-28T13:33:07.774+0000] {dag.py:4180} INFO - Setting next_dagrun for example_python_decorator to None, run_after=None
[2024-10-28T13:33:07.791+0000] {processor.py:208} INFO - Processing /home/airflow/.local/lib/python3.12/site-packages/airflow/example_dags/example_python_decorator.py took 0.058 seconds
[2024-10-28T13:33:38.319+0000] {processor.py:186} INFO - Started process (PID=1139) to work on /home/airflow/.local/lib/python3.12/site-packages/airflow/example_dags/example_python_decorator.py
[2024-10-28T13:33:38.322+0000] {processor.py:914} INFO - Processing file /home/airflow/.local/lib/python3.12/site-packages/airflow/example_dags/example_python_decorator.py for tasks to queue
[2024-10-28T13:33:38.325+0000] {logging_mixin.py:190} INFO - [2024-10-28T13:33:38.324+0000] {dagbag.py:588} INFO - Filling up the DagBag from /home/airflow/.local/lib/python3.12/site-packages/airflow/example_dags/example_python_decorator.py
[2024-10-28T13:33:38.337+0000] {processor.py:925} INFO - DAG(s) 'example_python_decorator' retrieved from /home/airflow/.local/lib/python3.12/site-packages/airflow/example_dags/example_python_decorator.py
[2024-10-28T13:33:38.354+0000] {logging_mixin.py:190} INFO - [2024-10-28T13:33:38.354+0000] {dag.py:3239} INFO - Sync 1 DAGs
[2024-10-28T13:33:38.366+0000] {logging_mixin.py:190} INFO - [2024-10-28T13:33:38.366+0000] {dag.py:4180} INFO - Setting next_dagrun for example_python_decorator to None, run_after=None
[2024-10-28T13:33:38.381+0000] {processor.py:208} INFO - Processing /home/airflow/.local/lib/python3.12/site-packages/airflow/example_dags/example_python_decorator.py took 0.066 seconds
[2024-10-28T13:34:08.705+0000] {processor.py:186} INFO - Started process (PID=1202) to work on /home/airflow/.local/lib/python3.12/site-packages/airflow/example_dags/example_python_decorator.py
[2024-10-28T13:34:08.706+0000] {processor.py:914} INFO - Processing file /home/airflow/.local/lib/python3.12/site-packages/airflow/example_dags/example_python_decorator.py for tasks to queue
[2024-10-28T13:34:08.708+0000] {logging_mixin.py:190} INFO - [2024-10-28T13:34:08.708+0000] {dagbag.py:588} INFO - Filling up the DagBag from /home/airflow/.local/lib/python3.12/site-packages/airflow/example_dags/example_python_decorator.py
[2024-10-28T13:34:08.719+0000] {processor.py:925} INFO - DAG(s) 'example_python_decorator' retrieved from /home/airflow/.local/lib/python3.12/site-packages/airflow/example_dags/example_python_decorator.py
[2024-10-28T13:34:08.734+0000] {logging_mixin.py:190} INFO - [2024-10-28T13:34:08.734+0000] {dag.py:3239} INFO - Sync 1 DAGs
[2024-10-28T13:34:08.744+0000] {logging_mixin.py:190} INFO - [2024-10-28T13:34:08.744+0000] {dag.py:4180} INFO - Setting next_dagrun for example_python_decorator to None, run_after=None
[2024-10-28T13:34:08.761+0000] {processor.py:208} INFO - Processing /home/airflow/.local/lib/python3.12/site-packages/airflow/example_dags/example_python_decorator.py took 0.062 seconds
[2024-10-28T13:34:39.418+0000] {processor.py:186} INFO - Started process (PID=1265) to work on /home/airflow/.local/lib/python3.12/site-packages/airflow/example_dags/example_python_decorator.py
[2024-10-28T13:34:39.420+0000] {processor.py:914} INFO - Processing file /home/airflow/.local/lib/python3.12/site-packages/airflow/example_dags/example_python_decorator.py for tasks to queue
[2024-10-28T13:34:39.424+0000] {logging_mixin.py:190} INFO - [2024-10-28T13:34:39.423+0000] {dagbag.py:588} INFO - Filling up the DagBag from /home/airflow/.local/lib/python3.12/site-packages/airflow/example_dags/example_python_decorator.py
[2024-10-28T13:34:39.440+0000] {processor.py:925} INFO - DAG(s) 'example_python_decorator' retrieved from /home/airflow/.local/lib/python3.12/site-packages/airflow/example_dags/example_python_decorator.py
[2024-10-28T13:34:39.460+0000] {logging_mixin.py:190} INFO - [2024-10-28T13:34:39.459+0000] {dag.py:3239} INFO - Sync 1 DAGs
[2024-10-28T13:34:39.471+0000] {logging_mixin.py:190} INFO - [2024-10-28T13:34:39.471+0000] {dag.py:4180} INFO - Setting next_dagrun for example_python_decorator to None, run_after=None
[2024-10-28T13:34:39.489+0000] {processor.py:208} INFO - Processing /home/airflow/.local/lib/python3.12/site-packages/airflow/example_dags/example_python_decorator.py took 0.079 seconds
[2024-10-28T13:35:10.275+0000] {processor.py:186} INFO - Started process (PID=1328) to work on /home/airflow/.local/lib/python3.12/site-packages/airflow/example_dags/example_python_decorator.py
[2024-10-28T13:35:10.276+0000] {processor.py:914} INFO - Processing file /home/airflow/.local/lib/python3.12/site-packages/airflow/example_dags/example_python_decorator.py for tasks to queue
[2024-10-28T13:35:10.278+0000] {logging_mixin.py:190} INFO - [2024-10-28T13:35:10.278+0000] {dagbag.py:588} INFO - Filling up the DagBag from /home/airflow/.local/lib/python3.12/site-packages/airflow/example_dags/example_python_decorator.py
[2024-10-28T13:35:10.289+0000] {processor.py:925} INFO - DAG(s) 'example_python_decorator' retrieved from /home/airflow/.local/lib/python3.12/site-packages/airflow/example_dags/example_python_decorator.py
[2024-10-28T13:35:10.305+0000] {logging_mixin.py:190} INFO - [2024-10-28T13:35:10.305+0000] {dag.py:3239} INFO - Sync 1 DAGs
[2024-10-28T13:35:10.315+0000] {logging_mixin.py:190} INFO - [2024-10-28T13:35:10.315+0000] {dag.py:4180} INFO - Setting next_dagrun for example_python_decorator to None, run_after=None
[2024-10-28T13:35:10.329+0000] {processor.py:208} INFO - Processing /home/airflow/.local/lib/python3.12/site-packages/airflow/example_dags/example_python_decorator.py took 0.058 seconds
[2024-10-28T13:35:40.543+0000] {processor.py:186} INFO - Started process (PID=1391) to work on /home/airflow/.local/lib/python3.12/site-packages/airflow/example_dags/example_python_decorator.py
[2024-10-28T13:35:40.544+0000] {processor.py:914} INFO - Processing file /home/airflow/.local/lib/python3.12/site-packages/airflow/example_dags/example_python_decorator.py for tasks to queue
[2024-10-28T13:35:40.546+0000] {logging_mixin.py:190} INFO - [2024-10-28T13:35:40.546+0000] {dagbag.py:588} INFO - Filling up the DagBag from /home/airflow/.local/lib/python3.12/site-packages/airflow/example_dags/example_python_decorator.py
[2024-10-28T13:35:40.556+0000] {processor.py:925} INFO - DAG(s) 'example_python_decorator' retrieved from /home/airflow/.local/lib/python3.12/site-packages/airflow/example_dags/example_python_decorator.py
[2024-10-28T13:35:40.571+0000] {logging_mixin.py:190} INFO - [2024-10-28T13:35:40.571+0000] {dag.py:3239} INFO - Sync 1 DAGs
[2024-10-28T13:35:40.581+0000] {logging_mixin.py:190} INFO - [2024-10-28T13:35:40.581+0000] {dag.py:4180} INFO - Setting next_dagrun for example_python_decorator to None, run_after=None
[2024-10-28T13:35:40.597+0000] {processor.py:208} INFO - Processing /home/airflow/.local/lib/python3.12/site-packages/airflow/example_dags/example_python_decorator.py took 0.058 seconds
[2024-10-28T13:36:11.325+0000] {processor.py:186} INFO - Started process (PID=1454) to work on /home/airflow/.local/lib/python3.12/site-packages/airflow/example_dags/example_python_decorator.py
[2024-10-28T13:36:11.326+0000] {processor.py:914} INFO - Processing file /home/airflow/.local/lib/python3.12/site-packages/airflow/example_dags/example_python_decorator.py for tasks to queue
[2024-10-28T13:36:11.328+0000] {logging_mixin.py:190} INFO - [2024-10-28T13:36:11.328+0000] {dagbag.py:588} INFO - Filling up the DagBag from /home/airflow/.local/lib/python3.12/site-packages/airflow/example_dags/example_python_decorator.py
[2024-10-28T13:36:11.338+0000] {processor.py:925} INFO - DAG(s) 'example_python_decorator' retrieved from /home/airflow/.local/lib/python3.12/site-packages/airflow/example_dags/example_python_decorator.py
[2024-10-28T13:36:11.354+0000] {logging_mixin.py:190} INFO - [2024-10-28T13:36:11.354+0000] {dag.py:3239} INFO - Sync 1 DAGs
[2024-10-28T13:36:11.364+0000] {logging_mixin.py:190} INFO - [2024-10-28T13:36:11.364+0000] {dag.py:4180} INFO - Setting next_dagrun for example_python_decorator to None, run_after=None
[2024-10-28T13:36:11.379+0000] {processor.py:208} INFO - Processing /home/airflow/.local/lib/python3.12/site-packages/airflow/example_dags/example_python_decorator.py took 0.058 seconds
[2024-10-28T13:36:41.677+0000] {processor.py:186} INFO - Started process (PID=1517) to work on /home/airflow/.local/lib/python3.12/site-packages/airflow/example_dags/example_python_decorator.py
[2024-10-28T13:36:41.678+0000] {processor.py:914} INFO - Processing file /home/airflow/.local/lib/python3.12/site-packages/airflow/example_dags/example_python_decorator.py for tasks to queue
[2024-10-28T13:36:41.680+0000] {logging_mixin.py:190} INFO - [2024-10-28T13:36:41.679+0000] {dagbag.py:588} INFO - Filling up the DagBag from /home/airflow/.local/lib/python3.12/site-packages/airflow/example_dags/example_python_decorator.py
[2024-10-28T13:36:41.689+0000] {processor.py:925} INFO - DAG(s) 'example_python_decorator' retrieved from /home/airflow/.local/lib/python3.12/site-packages/airflow/example_dags/example_python_decorator.py
[2024-10-28T13:36:41.703+0000] {logging_mixin.py:190} INFO - [2024-10-28T13:36:41.703+0000] {dag.py:3239} INFO - Sync 1 DAGs
[2024-10-28T13:36:41.714+0000] {logging_mixin.py:190} INFO - [2024-10-28T13:36:41.714+0000] {dag.py:4180} INFO - Setting next_dagrun for example_python_decorator to None, run_after=None
[2024-10-28T13:36:41.731+0000] {processor.py:208} INFO - Processing /home/airflow/.local/lib/python3.12/site-packages/airflow/example_dags/example_python_decorator.py took 0.059 seconds
[2024-10-28T13:37:12.012+0000] {processor.py:186} INFO - Started process (PID=1580) to work on /home/airflow/.local/lib/python3.12/site-packages/airflow/example_dags/example_python_decorator.py
[2024-10-28T13:37:12.012+0000] {processor.py:914} INFO - Processing file /home/airflow/.local/lib/python3.12/site-packages/airflow/example_dags/example_python_decorator.py for tasks to queue
[2024-10-28T13:37:12.014+0000] {logging_mixin.py:190} INFO - [2024-10-28T13:37:12.014+0000] {dagbag.py:588} INFO - Filling up the DagBag from /home/airflow/.local/lib/python3.12/site-packages/airflow/example_dags/example_python_decorator.py
[2024-10-28T13:37:12.024+0000] {processor.py:925} INFO - DAG(s) 'example_python_decorator' retrieved from /home/airflow/.local/lib/python3.12/site-packages/airflow/example_dags/example_python_decorator.py
[2024-10-28T13:37:12.040+0000] {logging_mixin.py:190} INFO - [2024-10-28T13:37:12.040+0000] {dag.py:3239} INFO - Sync 1 DAGs
[2024-10-28T13:37:12.051+0000] {logging_mixin.py:190} INFO - [2024-10-28T13:37:12.050+0000] {dag.py:4180} INFO - Setting next_dagrun for example_python_decorator to None, run_after=None
[2024-10-28T13:37:12.066+0000] {processor.py:208} INFO - Processing /home/airflow/.local/lib/python3.12/site-packages/airflow/example_dags/example_python_decorator.py took 0.059 seconds
[2024-10-28T13:37:42.503+0000] {processor.py:186} INFO - Started process (PID=1643) to work on /home/airflow/.local/lib/python3.12/site-packages/airflow/example_dags/example_python_decorator.py
[2024-10-28T13:37:42.504+0000] {processor.py:914} INFO - Processing file /home/airflow/.local/lib/python3.12/site-packages/airflow/example_dags/example_python_decorator.py for tasks to queue
[2024-10-28T13:37:42.507+0000] {logging_mixin.py:190} INFO - [2024-10-28T13:37:42.507+0000] {dagbag.py:588} INFO - Filling up the DagBag from /home/airflow/.local/lib/python3.12/site-packages/airflow/example_dags/example_python_decorator.py
[2024-10-28T13:37:42.520+0000] {processor.py:925} INFO - DAG(s) 'example_python_decorator' retrieved from /home/airflow/.local/lib/python3.12/site-packages/airflow/example_dags/example_python_decorator.py
[2024-10-28T13:37:42.538+0000] {logging_mixin.py:190} INFO - [2024-10-28T13:37:42.538+0000] {dag.py:3239} INFO - Sync 1 DAGs
[2024-10-28T13:37:42.549+0000] {logging_mixin.py:190} INFO - [2024-10-28T13:37:42.548+0000] {dag.py:4180} INFO - Setting next_dagrun for example_python_decorator to None, run_after=None
[2024-10-28T13:37:42.563+0000] {processor.py:208} INFO - Processing /home/airflow/.local/lib/python3.12/site-packages/airflow/example_dags/example_python_decorator.py took 0.064 seconds
[2024-10-28T13:38:13.022+0000] {processor.py:186} INFO - Started process (PID=1706) to work on /home/airflow/.local/lib/python3.12/site-packages/airflow/example_dags/example_python_decorator.py
[2024-10-28T13:38:13.024+0000] {processor.py:914} INFO - Processing file /home/airflow/.local/lib/python3.12/site-packages/airflow/example_dags/example_python_decorator.py for tasks to queue
[2024-10-28T13:38:13.026+0000] {logging_mixin.py:190} INFO - [2024-10-28T13:38:13.025+0000] {dagbag.py:588} INFO - Filling up the DagBag from /home/airflow/.local/lib/python3.12/site-packages/airflow/example_dags/example_python_decorator.py
[2024-10-28T13:38:13.036+0000] {processor.py:925} INFO - DAG(s) 'example_python_decorator' retrieved from /home/airflow/.local/lib/python3.12/site-packages/airflow/example_dags/example_python_decorator.py
[2024-10-28T13:38:13.051+0000] {logging_mixin.py:190} INFO - [2024-10-28T13:38:13.051+0000] {dag.py:3239} INFO - Sync 1 DAGs
[2024-10-28T13:38:13.061+0000] {logging_mixin.py:190} INFO - [2024-10-28T13:38:13.061+0000] {dag.py:4180} INFO - Setting next_dagrun for example_python_decorator to None, run_after=None
[2024-10-28T13:38:13.076+0000] {processor.py:208} INFO - Processing /home/airflow/.local/lib/python3.12/site-packages/airflow/example_dags/example_python_decorator.py took 0.058 seconds
[2024-10-28T13:38:43.534+0000] {processor.py:186} INFO - Started process (PID=1769) to work on /home/airflow/.local/lib/python3.12/site-packages/airflow/example_dags/example_python_decorator.py
[2024-10-28T13:38:43.535+0000] {processor.py:914} INFO - Processing file /home/airflow/.local/lib/python3.12/site-packages/airflow/example_dags/example_python_decorator.py for tasks to queue
[2024-10-28T13:38:43.537+0000] {logging_mixin.py:190} INFO - [2024-10-28T13:38:43.537+0000] {dagbag.py:588} INFO - Filling up the DagBag from /home/airflow/.local/lib/python3.12/site-packages/airflow/example_dags/example_python_decorator.py
[2024-10-28T13:38:43.547+0000] {processor.py:925} INFO - DAG(s) 'example_python_decorator' retrieved from /home/airflow/.local/lib/python3.12/site-packages/airflow/example_dags/example_python_decorator.py
[2024-10-28T13:38:43.562+0000] {logging_mixin.py:190} INFO - [2024-10-28T13:38:43.562+0000] {dag.py:3239} INFO - Sync 1 DAGs
[2024-10-28T13:38:43.572+0000] {logging_mixin.py:190} INFO - [2024-10-28T13:38:43.572+0000] {dag.py:4180} INFO - Setting next_dagrun for example_python_decorator to None, run_after=None
[2024-10-28T13:38:43.586+0000] {processor.py:208} INFO - Processing /home/airflow/.local/lib/python3.12/site-packages/airflow/example_dags/example_python_decorator.py took 0.057 seconds
[2024-10-28T13:39:14.037+0000] {processor.py:186} INFO - Started process (PID=1832) to work on /home/airflow/.local/lib/python3.12/site-packages/airflow/example_dags/example_python_decorator.py
[2024-10-28T13:39:14.038+0000] {processor.py:914} INFO - Processing file /home/airflow/.local/lib/python3.12/site-packages/airflow/example_dags/example_python_decorator.py for tasks to queue
[2024-10-28T13:39:14.039+0000] {logging_mixin.py:190} INFO - [2024-10-28T13:39:14.039+0000] {dagbag.py:588} INFO - Filling up the DagBag from /home/airflow/.local/lib/python3.12/site-packages/airflow/example_dags/example_python_decorator.py
[2024-10-28T13:39:14.049+0000] {processor.py:925} INFO - DAG(s) 'example_python_decorator' retrieved from /home/airflow/.local/lib/python3.12/site-packages/airflow/example_dags/example_python_decorator.py
[2024-10-28T13:39:14.066+0000] {logging_mixin.py:190} INFO - [2024-10-28T13:39:14.066+0000] {dag.py:3239} INFO - Sync 1 DAGs
[2024-10-28T13:39:14.076+0000] {logging_mixin.py:190} INFO - [2024-10-28T13:39:14.076+0000] {dag.py:4180} INFO - Setting next_dagrun for example_python_decorator to None, run_after=None
[2024-10-28T13:39:14.091+0000] {processor.py:208} INFO - Processing /home/airflow/.local/lib/python3.12/site-packages/airflow/example_dags/example_python_decorator.py took 0.059 seconds
[2024-10-28T13:39:44.497+0000] {processor.py:186} INFO - Started process (PID=1895) to work on /home/airflow/.local/lib/python3.12/site-packages/airflow/example_dags/example_python_decorator.py
[2024-10-28T13:39:44.498+0000] {processor.py:914} INFO - Processing file /home/airflow/.local/lib/python3.12/site-packages/airflow/example_dags/example_python_decorator.py for tasks to queue
[2024-10-28T13:39:44.500+0000] {logging_mixin.py:190} INFO - [2024-10-28T13:39:44.500+0000] {dagbag.py:588} INFO - Filling up the DagBag from /home/airflow/.local/lib/python3.12/site-packages/airflow/example_dags/example_python_decorator.py
[2024-10-28T13:39:44.512+0000] {processor.py:925} INFO - DAG(s) 'example_python_decorator' retrieved from /home/airflow/.local/lib/python3.12/site-packages/airflow/example_dags/example_python_decorator.py
[2024-10-28T13:39:44.530+0000] {logging_mixin.py:190} INFO - [2024-10-28T13:39:44.530+0000] {dag.py:3239} INFO - Sync 1 DAGs
[2024-10-28T13:39:44.546+0000] {logging_mixin.py:190} INFO - [2024-10-28T13:39:44.545+0000] {dag.py:4180} INFO - Setting next_dagrun for example_python_decorator to None, run_after=None
[2024-10-28T13:39:44.569+0000] {processor.py:208} INFO - Processing /home/airflow/.local/lib/python3.12/site-packages/airflow/example_dags/example_python_decorator.py took 0.077 seconds
[2024-10-28T13:40:14.879+0000] {processor.py:186} INFO - Started process (PID=1958) to work on /home/airflow/.local/lib/python3.12/site-packages/airflow/example_dags/example_python_decorator.py
[2024-10-28T13:40:14.881+0000] {processor.py:914} INFO - Processing file /home/airflow/.local/lib/python3.12/site-packages/airflow/example_dags/example_python_decorator.py for tasks to queue
[2024-10-28T13:40:14.883+0000] {logging_mixin.py:190} INFO - [2024-10-28T13:40:14.883+0000] {dagbag.py:588} INFO - Filling up the DagBag from /home/airflow/.local/lib/python3.12/site-packages/airflow/example_dags/example_python_decorator.py
[2024-10-28T13:40:14.895+0000] {processor.py:925} INFO - DAG(s) 'example_python_decorator' retrieved from /home/airflow/.local/lib/python3.12/site-packages/airflow/example_dags/example_python_decorator.py
[2024-10-28T13:40:14.911+0000] {logging_mixin.py:190} INFO - [2024-10-28T13:40:14.910+0000] {dag.py:3239} INFO - Sync 1 DAGs
[2024-10-28T13:40:14.922+0000] {logging_mixin.py:190} INFO - [2024-10-28T13:40:14.921+0000] {dag.py:4180} INFO - Setting next_dagrun for example_python_decorator to None, run_after=None
[2024-10-28T13:40:14.938+0000] {processor.py:208} INFO - Processing /home/airflow/.local/lib/python3.12/site-packages/airflow/example_dags/example_python_decorator.py took 0.063 seconds
[2024-10-28T13:40:45.667+0000] {processor.py:186} INFO - Started process (PID=2021) to work on /home/airflow/.local/lib/python3.12/site-packages/airflow/example_dags/example_python_decorator.py
[2024-10-28T13:40:45.668+0000] {processor.py:914} INFO - Processing file /home/airflow/.local/lib/python3.12/site-packages/airflow/example_dags/example_python_decorator.py for tasks to queue
[2024-10-28T13:40:45.670+0000] {logging_mixin.py:190} INFO - [2024-10-28T13:40:45.669+0000] {dagbag.py:588} INFO - Filling up the DagBag from /home/airflow/.local/lib/python3.12/site-packages/airflow/example_dags/example_python_decorator.py
[2024-10-28T13:40:45.681+0000] {processor.py:925} INFO - DAG(s) 'example_python_decorator' retrieved from /home/airflow/.local/lib/python3.12/site-packages/airflow/example_dags/example_python_decorator.py
[2024-10-28T13:40:45.696+0000] {logging_mixin.py:190} INFO - [2024-10-28T13:40:45.696+0000] {dag.py:3239} INFO - Sync 1 DAGs
[2024-10-28T13:40:45.706+0000] {logging_mixin.py:190} INFO - [2024-10-28T13:40:45.706+0000] {dag.py:4180} INFO - Setting next_dagrun for example_python_decorator to None, run_after=None
[2024-10-28T13:40:45.721+0000] {processor.py:208} INFO - Processing /home/airflow/.local/lib/python3.12/site-packages/airflow/example_dags/example_python_decorator.py took 0.059 seconds
[2024-10-28T13:41:15.912+0000] {processor.py:186} INFO - Started process (PID=2084) to work on /home/airflow/.local/lib/python3.12/site-packages/airflow/example_dags/example_python_decorator.py
[2024-10-28T13:41:15.913+0000] {processor.py:914} INFO - Processing file /home/airflow/.local/lib/python3.12/site-packages/airflow/example_dags/example_python_decorator.py for tasks to queue
[2024-10-28T13:41:15.916+0000] {logging_mixin.py:190} INFO - [2024-10-28T13:41:15.915+0000] {dagbag.py:588} INFO - Filling up the DagBag from /home/airflow/.local/lib/python3.12/site-packages/airflow/example_dags/example_python_decorator.py
[2024-10-28T13:41:15.926+0000] {processor.py:925} INFO - DAG(s) 'example_python_decorator' retrieved from /home/airflow/.local/lib/python3.12/site-packages/airflow/example_dags/example_python_decorator.py
[2024-10-28T13:41:15.942+0000] {logging_mixin.py:190} INFO - [2024-10-28T13:41:15.942+0000] {dag.py:3239} INFO - Sync 1 DAGs
[2024-10-28T13:41:15.953+0000] {logging_mixin.py:190} INFO - [2024-10-28T13:41:15.953+0000] {dag.py:4180} INFO - Setting next_dagrun for example_python_decorator to None, run_after=None
[2024-10-28T13:41:15.968+0000] {processor.py:208} INFO - Processing /home/airflow/.local/lib/python3.12/site-packages/airflow/example_dags/example_python_decorator.py took 0.060 seconds
[2024-10-28T13:41:46.218+0000] {processor.py:186} INFO - Started process (PID=2147) to work on /home/airflow/.local/lib/python3.12/site-packages/airflow/example_dags/example_python_decorator.py
[2024-10-28T13:41:46.219+0000] {processor.py:914} INFO - Processing file /home/airflow/.local/lib/python3.12/site-packages/airflow/example_dags/example_python_decorator.py for tasks to queue
[2024-10-28T13:41:46.222+0000] {logging_mixin.py:190} INFO - [2024-10-28T13:41:46.221+0000] {dagbag.py:588} INFO - Filling up the DagBag from /home/airflow/.local/lib/python3.12/site-packages/airflow/example_dags/example_python_decorator.py
[2024-10-28T13:41:46.233+0000] {processor.py:925} INFO - DAG(s) 'example_python_decorator' retrieved from /home/airflow/.local/lib/python3.12/site-packages/airflow/example_dags/example_python_decorator.py
[2024-10-28T13:41:46.251+0000] {logging_mixin.py:190} INFO - [2024-10-28T13:41:46.251+0000] {dag.py:3239} INFO - Sync 1 DAGs
[2024-10-28T13:41:46.262+0000] {logging_mixin.py:190} INFO - [2024-10-28T13:41:46.262+0000] {dag.py:4180} INFO - Setting next_dagrun for example_python_decorator to None, run_after=None
[2024-10-28T13:41:46.280+0000] {processor.py:208} INFO - Processing /home/airflow/.local/lib/python3.12/site-packages/airflow/example_dags/example_python_decorator.py took 0.068 seconds
[2024-10-28T13:42:16.505+0000] {processor.py:186} INFO - Started process (PID=2210) to work on /home/airflow/.local/lib/python3.12/site-packages/airflow/example_dags/example_python_decorator.py
[2024-10-28T13:42:16.506+0000] {processor.py:914} INFO - Processing file /home/airflow/.local/lib/python3.12/site-packages/airflow/example_dags/example_python_decorator.py for tasks to queue
[2024-10-28T13:42:16.509+0000] {logging_mixin.py:190} INFO - [2024-10-28T13:42:16.508+0000] {dagbag.py:588} INFO - Filling up the DagBag from /home/airflow/.local/lib/python3.12/site-packages/airflow/example_dags/example_python_decorator.py
[2024-10-28T13:42:16.519+0000] {processor.py:925} INFO - DAG(s) 'example_python_decorator' retrieved from /home/airflow/.local/lib/python3.12/site-packages/airflow/example_dags/example_python_decorator.py
[2024-10-28T13:42:16.535+0000] {logging_mixin.py:190} INFO - [2024-10-28T13:42:16.535+0000] {dag.py:3239} INFO - Sync 1 DAGs
[2024-10-28T13:42:16.547+0000] {logging_mixin.py:190} INFO - [2024-10-28T13:42:16.547+0000] {dag.py:4180} INFO - Setting next_dagrun for example_python_decorator to None, run_after=None
[2024-10-28T13:42:16.564+0000] {processor.py:208} INFO - Processing /home/airflow/.local/lib/python3.12/site-packages/airflow/example_dags/example_python_decorator.py took 0.064 seconds
[2024-10-28T13:42:46.637+0000] {processor.py:186} INFO - Started process (PID=2272) to work on /home/airflow/.local/lib/python3.12/site-packages/airflow/example_dags/example_python_decorator.py
[2024-10-28T13:42:46.638+0000] {processor.py:914} INFO - Processing file /home/airflow/.local/lib/python3.12/site-packages/airflow/example_dags/example_python_decorator.py for tasks to queue
[2024-10-28T13:42:46.639+0000] {logging_mixin.py:190} INFO - [2024-10-28T13:42:46.639+0000] {dagbag.py:588} INFO - Filling up the DagBag from /home/airflow/.local/lib/python3.12/site-packages/airflow/example_dags/example_python_decorator.py
[2024-10-28T13:42:46.649+0000] {processor.py:925} INFO - DAG(s) 'example_python_decorator' retrieved from /home/airflow/.local/lib/python3.12/site-packages/airflow/example_dags/example_python_decorator.py
[2024-10-28T13:42:46.665+0000] {logging_mixin.py:190} INFO - [2024-10-28T13:42:46.665+0000] {dag.py:3239} INFO - Sync 1 DAGs
[2024-10-28T13:42:46.676+0000] {logging_mixin.py:190} INFO - [2024-10-28T13:42:46.676+0000] {dag.py:4180} INFO - Setting next_dagrun for example_python_decorator to None, run_after=None
[2024-10-28T13:42:46.692+0000] {processor.py:208} INFO - Processing /home/airflow/.local/lib/python3.12/site-packages/airflow/example_dags/example_python_decorator.py took 0.059 seconds
[2024-10-28T13:43:17.264+0000] {processor.py:186} INFO - Started process (PID=2334) to work on /home/airflow/.local/lib/python3.12/site-packages/airflow/example_dags/example_python_decorator.py
[2024-10-28T13:43:17.265+0000] {processor.py:914} INFO - Processing file /home/airflow/.local/lib/python3.12/site-packages/airflow/example_dags/example_python_decorator.py for tasks to queue
[2024-10-28T13:43:17.267+0000] {logging_mixin.py:190} INFO - [2024-10-28T13:43:17.267+0000] {dagbag.py:588} INFO - Filling up the DagBag from /home/airflow/.local/lib/python3.12/site-packages/airflow/example_dags/example_python_decorator.py
[2024-10-28T13:43:17.277+0000] {processor.py:925} INFO - DAG(s) 'example_python_decorator' retrieved from /home/airflow/.local/lib/python3.12/site-packages/airflow/example_dags/example_python_decorator.py
[2024-10-28T13:43:17.293+0000] {logging_mixin.py:190} INFO - [2024-10-28T13:43:17.293+0000] {dag.py:3239} INFO - Sync 1 DAGs
[2024-10-28T13:43:17.303+0000] {logging_mixin.py:190} INFO - [2024-10-28T13:43:17.303+0000] {dag.py:4180} INFO - Setting next_dagrun for example_python_decorator to None, run_after=None
[2024-10-28T13:43:17.317+0000] {processor.py:208} INFO - Processing /home/airflow/.local/lib/python3.12/site-packages/airflow/example_dags/example_python_decorator.py took 0.057 seconds
[2024-10-28T13:43:47.771+0000] {processor.py:186} INFO - Started process (PID=2396) to work on /home/airflow/.local/lib/python3.12/site-packages/airflow/example_dags/example_python_decorator.py
[2024-10-28T13:43:47.772+0000] {processor.py:914} INFO - Processing file /home/airflow/.local/lib/python3.12/site-packages/airflow/example_dags/example_python_decorator.py for tasks to queue
[2024-10-28T13:43:47.774+0000] {logging_mixin.py:190} INFO - [2024-10-28T13:43:47.774+0000] {dagbag.py:588} INFO - Filling up the DagBag from /home/airflow/.local/lib/python3.12/site-packages/airflow/example_dags/example_python_decorator.py
[2024-10-28T13:43:47.785+0000] {processor.py:925} INFO - DAG(s) 'example_python_decorator' retrieved from /home/airflow/.local/lib/python3.12/site-packages/airflow/example_dags/example_python_decorator.py
[2024-10-28T13:43:47.803+0000] {logging_mixin.py:190} INFO - [2024-10-28T13:43:47.802+0000] {dag.py:3239} INFO - Sync 1 DAGs
[2024-10-28T13:43:47.814+0000] {logging_mixin.py:190} INFO - [2024-10-28T13:43:47.814+0000] {dag.py:4180} INFO - Setting next_dagrun for example_python_decorator to None, run_after=None
[2024-10-28T13:43:47.831+0000] {processor.py:208} INFO - Processing /home/airflow/.local/lib/python3.12/site-packages/airflow/example_dags/example_python_decorator.py took 0.065 seconds
