[2024-10-28T13:21:19.814+0000] {processor.py:186} INFO - Started process (PID=110) to work on /home/airflow/.local/lib/python3.12/site-packages/airflow/example_dags/example_latest_only.py
[2024-10-28T13:21:19.819+0000] {processor.py:914} INFO - Processing file /home/airflow/.local/lib/python3.12/site-packages/airflow/example_dags/example_latest_only.py for tasks to queue
[2024-10-28T13:21:19.821+0000] {logging_mixin.py:190} INFO - [2024-10-28T13:21:19.821+0000] {dagbag.py:588} INFO - Filling up the DagBag from /home/airflow/.local/lib/python3.12/site-packages/airflow/example_dags/example_latest_only.py
[2024-10-28T13:21:19.830+0000] {processor.py:925} INFO - DAG(s) 'latest_only' retrieved from /home/airflow/.local/lib/python3.12/site-packages/airflow/example_dags/example_latest_only.py
[2024-10-28T13:21:19.910+0000] {logging_mixin.py:190} INFO - [2024-10-28T13:21:19.909+0000] {override.py:1900} INFO - Created Permission View: can delete on DAG:latest_only
[2024-10-28T13:21:19.919+0000] {logging_mixin.py:190} INFO - [2024-10-28T13:21:19.919+0000] {override.py:1900} INFO - Created Permission View: can edit on DAG:latest_only
[2024-10-28T13:21:19.925+0000] {logging_mixin.py:190} INFO - [2024-10-28T13:21:19.925+0000] {override.py:1900} INFO - Created Permission View: can read on DAG:latest_only
[2024-10-28T13:21:19.936+0000] {logging_mixin.py:190} INFO - [2024-10-28T13:21:19.936+0000] {override.py:1900} INFO - Created Permission View: can create on DAG Run:latest_only
[2024-10-28T13:21:19.943+0000] {logging_mixin.py:190} INFO - [2024-10-28T13:21:19.942+0000] {override.py:1900} INFO - Created Permission View: menu access on DAG Run:latest_only
[2024-10-28T13:21:19.949+0000] {logging_mixin.py:190} INFO - [2024-10-28T13:21:19.949+0000] {override.py:1900} INFO - Created Permission View: can read on DAG Run:latest_only
[2024-10-28T13:21:19.957+0000] {logging_mixin.py:190} INFO - [2024-10-28T13:21:19.957+0000] {override.py:1900} INFO - Created Permission View: can delete on DAG Run:latest_only
[2024-10-28T13:21:19.957+0000] {logging_mixin.py:190} INFO - [2024-10-28T13:21:19.957+0000] {dag.py:3239} INFO - Sync 1 DAGs
[2024-10-28T13:21:19.967+0000] {logging_mixin.py:190} INFO - [2024-10-28T13:21:19.967+0000] {dag.py:3262} INFO - Creating ORM DAG for latest_only
[2024-10-28T13:21:19.976+0000] {logging_mixin.py:190} INFO - [2024-10-28T13:21:19.976+0000] {dag.py:4180} INFO - Setting next_dagrun for latest_only to 2024-10-28 08:00:00+00:00, run_after=2024-10-28 12:00:00+00:00
[2024-10-28T13:21:19.996+0000] {processor.py:208} INFO - Processing /home/airflow/.local/lib/python3.12/site-packages/airflow/example_dags/example_latest_only.py took 0.188 seconds
[2024-10-28T13:21:50.833+0000] {processor.py:186} INFO - Started process (PID=173) to work on /home/airflow/.local/lib/python3.12/site-packages/airflow/example_dags/example_latest_only.py
[2024-10-28T13:21:50.834+0000] {processor.py:914} INFO - Processing file /home/airflow/.local/lib/python3.12/site-packages/airflow/example_dags/example_latest_only.py for tasks to queue
[2024-10-28T13:21:50.835+0000] {logging_mixin.py:190} INFO - [2024-10-28T13:21:50.835+0000] {dagbag.py:588} INFO - Filling up the DagBag from /home/airflow/.local/lib/python3.12/site-packages/airflow/example_dags/example_latest_only.py
[2024-10-28T13:21:50.840+0000] {processor.py:925} INFO - DAG(s) 'latest_only' retrieved from /home/airflow/.local/lib/python3.12/site-packages/airflow/example_dags/example_latest_only.py
[2024-10-28T13:21:50.853+0000] {logging_mixin.py:190} INFO - [2024-10-28T13:21:50.853+0000] {dag.py:3239} INFO - Sync 1 DAGs
[2024-10-28T13:21:50.869+0000] {logging_mixin.py:190} INFO - [2024-10-28T13:21:50.869+0000] {dag.py:4180} INFO - Setting next_dagrun for latest_only to 2024-10-28 08:00:00+00:00, run_after=2024-10-28 12:00:00+00:00
[2024-10-28T13:21:50.883+0000] {processor.py:208} INFO - Processing /home/airflow/.local/lib/python3.12/site-packages/airflow/example_dags/example_latest_only.py took 0.054 seconds
[2024-10-28T13:25:02.051+0000] {processor.py:186} INFO - Started process (PID=104) to work on /home/airflow/.local/lib/python3.12/site-packages/airflow/example_dags/example_latest_only.py
[2024-10-28T13:25:02.055+0000] {processor.py:914} INFO - Processing file /home/airflow/.local/lib/python3.12/site-packages/airflow/example_dags/example_latest_only.py for tasks to queue
[2024-10-28T13:25:02.059+0000] {logging_mixin.py:190} INFO - [2024-10-28T13:25:02.058+0000] {dagbag.py:588} INFO - Filling up the DagBag from /home/airflow/.local/lib/python3.12/site-packages/airflow/example_dags/example_latest_only.py
[2024-10-28T13:25:02.064+0000] {processor.py:925} INFO - DAG(s) 'latest_only' retrieved from /home/airflow/.local/lib/python3.12/site-packages/airflow/example_dags/example_latest_only.py
[2024-10-28T13:25:02.078+0000] {logging_mixin.py:190} INFO - [2024-10-28T13:25:02.078+0000] {dag.py:3239} INFO - Sync 1 DAGs
[2024-10-28T13:25:02.096+0000] {logging_mixin.py:190} INFO - [2024-10-28T13:25:02.096+0000] {dag.py:4180} INFO - Setting next_dagrun for latest_only to 2024-10-28 08:00:00+00:00, run_after=2024-10-28 12:00:00+00:00
[2024-10-28T13:25:02.115+0000] {processor.py:208} INFO - Processing /home/airflow/.local/lib/python3.12/site-packages/airflow/example_dags/example_latest_only.py took 0.069 seconds
[2024-10-28T13:25:33.158+0000] {processor.py:186} INFO - Started process (PID=172) to work on /home/airflow/.local/lib/python3.12/site-packages/airflow/example_dags/example_latest_only.py
[2024-10-28T13:25:33.159+0000] {processor.py:914} INFO - Processing file /home/airflow/.local/lib/python3.12/site-packages/airflow/example_dags/example_latest_only.py for tasks to queue
[2024-10-28T13:25:33.162+0000] {logging_mixin.py:190} INFO - [2024-10-28T13:25:33.162+0000] {dagbag.py:588} INFO - Filling up the DagBag from /home/airflow/.local/lib/python3.12/site-packages/airflow/example_dags/example_latest_only.py
[2024-10-28T13:25:33.167+0000] {processor.py:925} INFO - DAG(s) 'latest_only' retrieved from /home/airflow/.local/lib/python3.12/site-packages/airflow/example_dags/example_latest_only.py
[2024-10-28T13:25:33.185+0000] {logging_mixin.py:190} INFO - [2024-10-28T13:25:33.184+0000] {dag.py:3239} INFO - Sync 1 DAGs
[2024-10-28T13:25:33.204+0000] {logging_mixin.py:190} INFO - [2024-10-28T13:25:33.204+0000] {dag.py:4180} INFO - Setting next_dagrun for latest_only to 2024-10-28 08:00:00+00:00, run_after=2024-10-28 12:00:00+00:00
[2024-10-28T13:25:33.222+0000] {processor.py:208} INFO - Processing /home/airflow/.local/lib/python3.12/site-packages/airflow/example_dags/example_latest_only.py took 0.068 seconds
[2024-10-28T13:26:03.867+0000] {processor.py:186} INFO - Started process (PID=236) to work on /home/airflow/.local/lib/python3.12/site-packages/airflow/example_dags/example_latest_only.py
[2024-10-28T13:26:03.868+0000] {processor.py:914} INFO - Processing file /home/airflow/.local/lib/python3.12/site-packages/airflow/example_dags/example_latest_only.py for tasks to queue
[2024-10-28T13:26:03.870+0000] {logging_mixin.py:190} INFO - [2024-10-28T13:26:03.869+0000] {dagbag.py:588} INFO - Filling up the DagBag from /home/airflow/.local/lib/python3.12/site-packages/airflow/example_dags/example_latest_only.py
[2024-10-28T13:26:03.875+0000] {processor.py:925} INFO - DAG(s) 'latest_only' retrieved from /home/airflow/.local/lib/python3.12/site-packages/airflow/example_dags/example_latest_only.py
[2024-10-28T13:26:03.889+0000] {logging_mixin.py:190} INFO - [2024-10-28T13:26:03.888+0000] {dag.py:3239} INFO - Sync 1 DAGs
[2024-10-28T13:26:03.905+0000] {logging_mixin.py:190} INFO - [2024-10-28T13:26:03.905+0000] {dag.py:4180} INFO - Setting next_dagrun for latest_only to 2024-10-28 08:00:00+00:00, run_after=2024-10-28 12:00:00+00:00
[2024-10-28T13:26:03.961+0000] {processor.py:208} INFO - Processing /home/airflow/.local/lib/python3.12/site-packages/airflow/example_dags/example_latest_only.py took 0.099 seconds
[2024-10-28T13:26:34.094+0000] {processor.py:186} INFO - Started process (PID=299) to work on /home/airflow/.local/lib/python3.12/site-packages/airflow/example_dags/example_latest_only.py
[2024-10-28T13:26:34.095+0000] {processor.py:914} INFO - Processing file /home/airflow/.local/lib/python3.12/site-packages/airflow/example_dags/example_latest_only.py for tasks to queue
[2024-10-28T13:26:34.097+0000] {logging_mixin.py:190} INFO - [2024-10-28T13:26:34.097+0000] {dagbag.py:588} INFO - Filling up the DagBag from /home/airflow/.local/lib/python3.12/site-packages/airflow/example_dags/example_latest_only.py
[2024-10-28T13:26:34.103+0000] {processor.py:925} INFO - DAG(s) 'latest_only' retrieved from /home/airflow/.local/lib/python3.12/site-packages/airflow/example_dags/example_latest_only.py
[2024-10-28T13:26:34.118+0000] {logging_mixin.py:190} INFO - [2024-10-28T13:26:34.118+0000] {dag.py:3239} INFO - Sync 1 DAGs
[2024-10-28T13:26:34.134+0000] {logging_mixin.py:190} INFO - [2024-10-28T13:26:34.134+0000] {dag.py:4180} INFO - Setting next_dagrun for latest_only to 2024-10-28 08:00:00+00:00, run_after=2024-10-28 12:00:00+00:00
[2024-10-28T13:26:34.148+0000] {processor.py:208} INFO - Processing /home/airflow/.local/lib/python3.12/site-packages/airflow/example_dags/example_latest_only.py took 0.059 seconds
[2024-10-28T13:27:04.330+0000] {processor.py:186} INFO - Started process (PID=361) to work on /home/airflow/.local/lib/python3.12/site-packages/airflow/example_dags/example_latest_only.py
[2024-10-28T13:27:04.331+0000] {processor.py:914} INFO - Processing file /home/airflow/.local/lib/python3.12/site-packages/airflow/example_dags/example_latest_only.py for tasks to queue
[2024-10-28T13:27:04.333+0000] {logging_mixin.py:190} INFO - [2024-10-28T13:27:04.333+0000] {dagbag.py:588} INFO - Filling up the DagBag from /home/airflow/.local/lib/python3.12/site-packages/airflow/example_dags/example_latest_only.py
[2024-10-28T13:27:04.339+0000] {processor.py:925} INFO - DAG(s) 'latest_only' retrieved from /home/airflow/.local/lib/python3.12/site-packages/airflow/example_dags/example_latest_only.py
[2024-10-28T13:27:04.354+0000] {logging_mixin.py:190} INFO - [2024-10-28T13:27:04.354+0000] {dag.py:3239} INFO - Sync 1 DAGs
[2024-10-28T13:27:04.371+0000] {logging_mixin.py:190} INFO - [2024-10-28T13:27:04.370+0000] {dag.py:4180} INFO - Setting next_dagrun for latest_only to 2024-10-28 08:00:00+00:00, run_after=2024-10-28 12:00:00+00:00
[2024-10-28T13:27:04.387+0000] {processor.py:208} INFO - Processing /home/airflow/.local/lib/python3.12/site-packages/airflow/example_dags/example_latest_only.py took 0.062 seconds
[2024-10-28T13:27:35.011+0000] {processor.py:186} INFO - Started process (PID=424) to work on /home/airflow/.local/lib/python3.12/site-packages/airflow/example_dags/example_latest_only.py
[2024-10-28T13:27:35.013+0000] {processor.py:914} INFO - Processing file /home/airflow/.local/lib/python3.12/site-packages/airflow/example_dags/example_latest_only.py for tasks to queue
[2024-10-28T13:27:35.015+0000] {logging_mixin.py:190} INFO - [2024-10-28T13:27:35.015+0000] {dagbag.py:588} INFO - Filling up the DagBag from /home/airflow/.local/lib/python3.12/site-packages/airflow/example_dags/example_latest_only.py
[2024-10-28T13:27:35.021+0000] {processor.py:925} INFO - DAG(s) 'latest_only' retrieved from /home/airflow/.local/lib/python3.12/site-packages/airflow/example_dags/example_latest_only.py
[2024-10-28T13:27:35.036+0000] {logging_mixin.py:190} INFO - [2024-10-28T13:27:35.036+0000] {dag.py:3239} INFO - Sync 1 DAGs
[2024-10-28T13:27:35.052+0000] {logging_mixin.py:190} INFO - [2024-10-28T13:27:35.052+0000] {dag.py:4180} INFO - Setting next_dagrun for latest_only to 2024-10-28 08:00:00+00:00, run_after=2024-10-28 12:00:00+00:00
[2024-10-28T13:27:35.066+0000] {processor.py:208} INFO - Processing /home/airflow/.local/lib/python3.12/site-packages/airflow/example_dags/example_latest_only.py took 0.060 seconds
[2024-10-28T13:28:05.655+0000] {processor.py:186} INFO - Started process (PID=487) to work on /home/airflow/.local/lib/python3.12/site-packages/airflow/example_dags/example_latest_only.py
[2024-10-28T13:28:05.655+0000] {processor.py:914} INFO - Processing file /home/airflow/.local/lib/python3.12/site-packages/airflow/example_dags/example_latest_only.py for tasks to queue
[2024-10-28T13:28:05.657+0000] {logging_mixin.py:190} INFO - [2024-10-28T13:28:05.657+0000] {dagbag.py:588} INFO - Filling up the DagBag from /home/airflow/.local/lib/python3.12/site-packages/airflow/example_dags/example_latest_only.py
[2024-10-28T13:28:05.662+0000] {processor.py:925} INFO - DAG(s) 'latest_only' retrieved from /home/airflow/.local/lib/python3.12/site-packages/airflow/example_dags/example_latest_only.py
[2024-10-28T13:28:05.676+0000] {logging_mixin.py:190} INFO - [2024-10-28T13:28:05.676+0000] {dag.py:3239} INFO - Sync 1 DAGs
[2024-10-28T13:28:05.692+0000] {logging_mixin.py:190} INFO - [2024-10-28T13:28:05.692+0000] {dag.py:4180} INFO - Setting next_dagrun for latest_only to 2024-10-28 08:00:00+00:00, run_after=2024-10-28 12:00:00+00:00
[2024-10-28T13:28:05.705+0000] {processor.py:208} INFO - Processing /home/airflow/.local/lib/python3.12/site-packages/airflow/example_dags/example_latest_only.py took 0.055 seconds
[2024-10-28T13:28:36.150+0000] {processor.py:186} INFO - Started process (PID=550) to work on /home/airflow/.local/lib/python3.12/site-packages/airflow/example_dags/example_latest_only.py
[2024-10-28T13:28:36.151+0000] {processor.py:914} INFO - Processing file /home/airflow/.local/lib/python3.12/site-packages/airflow/example_dags/example_latest_only.py for tasks to queue
[2024-10-28T13:28:36.153+0000] {logging_mixin.py:190} INFO - [2024-10-28T13:28:36.153+0000] {dagbag.py:588} INFO - Filling up the DagBag from /home/airflow/.local/lib/python3.12/site-packages/airflow/example_dags/example_latest_only.py
[2024-10-28T13:28:36.158+0000] {processor.py:925} INFO - DAG(s) 'latest_only' retrieved from /home/airflow/.local/lib/python3.12/site-packages/airflow/example_dags/example_latest_only.py
[2024-10-28T13:28:36.173+0000] {logging_mixin.py:190} INFO - [2024-10-28T13:28:36.173+0000] {dag.py:3239} INFO - Sync 1 DAGs
[2024-10-28T13:28:36.189+0000] {logging_mixin.py:190} INFO - [2024-10-28T13:28:36.189+0000] {dag.py:4180} INFO - Setting next_dagrun for latest_only to 2024-10-28 08:00:00+00:00, run_after=2024-10-28 12:00:00+00:00
[2024-10-28T13:28:36.202+0000] {processor.py:208} INFO - Processing /home/airflow/.local/lib/python3.12/site-packages/airflow/example_dags/example_latest_only.py took 0.057 seconds
[2024-10-28T13:29:07.402+0000] {processor.py:186} INFO - Started process (PID=613) to work on /home/airflow/.local/lib/python3.12/site-packages/airflow/example_dags/example_latest_only.py
[2024-10-28T13:29:07.403+0000] {processor.py:914} INFO - Processing file /home/airflow/.local/lib/python3.12/site-packages/airflow/example_dags/example_latest_only.py for tasks to queue
[2024-10-28T13:29:07.405+0000] {logging_mixin.py:190} INFO - [2024-10-28T13:29:07.405+0000] {dagbag.py:588} INFO - Filling up the DagBag from /home/airflow/.local/lib/python3.12/site-packages/airflow/example_dags/example_latest_only.py
[2024-10-28T13:29:07.410+0000] {processor.py:925} INFO - DAG(s) 'latest_only' retrieved from /home/airflow/.local/lib/python3.12/site-packages/airflow/example_dags/example_latest_only.py
[2024-10-28T13:29:07.424+0000] {logging_mixin.py:190} INFO - [2024-10-28T13:29:07.424+0000] {dag.py:3239} INFO - Sync 1 DAGs
[2024-10-28T13:29:07.440+0000] {logging_mixin.py:190} INFO - [2024-10-28T13:29:07.440+0000] {dag.py:4180} INFO - Setting next_dagrun for latest_only to 2024-10-28 08:00:00+00:00, run_after=2024-10-28 12:00:00+00:00
[2024-10-28T13:29:07.454+0000] {processor.py:208} INFO - Processing /home/airflow/.local/lib/python3.12/site-packages/airflow/example_dags/example_latest_only.py took 0.056 seconds
[2024-10-28T13:29:38.091+0000] {processor.py:186} INFO - Started process (PID=676) to work on /home/airflow/.local/lib/python3.12/site-packages/airflow/example_dags/example_latest_only.py
[2024-10-28T13:29:38.092+0000] {processor.py:914} INFO - Processing file /home/airflow/.local/lib/python3.12/site-packages/airflow/example_dags/example_latest_only.py for tasks to queue
[2024-10-28T13:29:38.094+0000] {logging_mixin.py:190} INFO - [2024-10-28T13:29:38.093+0000] {dagbag.py:588} INFO - Filling up the DagBag from /home/airflow/.local/lib/python3.12/site-packages/airflow/example_dags/example_latest_only.py
[2024-10-28T13:29:38.099+0000] {processor.py:925} INFO - DAG(s) 'latest_only' retrieved from /home/airflow/.local/lib/python3.12/site-packages/airflow/example_dags/example_latest_only.py
[2024-10-28T13:29:38.112+0000] {logging_mixin.py:190} INFO - [2024-10-28T13:29:38.112+0000] {dag.py:3239} INFO - Sync 1 DAGs
[2024-10-28T13:29:38.128+0000] {logging_mixin.py:190} INFO - [2024-10-28T13:29:38.128+0000] {dag.py:4180} INFO - Setting next_dagrun for latest_only to 2024-10-28 08:00:00+00:00, run_after=2024-10-28 12:00:00+00:00
[2024-10-28T13:29:38.142+0000] {processor.py:208} INFO - Processing /home/airflow/.local/lib/python3.12/site-packages/airflow/example_dags/example_latest_only.py took 0.056 seconds
[2024-10-28T13:30:09.041+0000] {processor.py:186} INFO - Started process (PID=739) to work on /home/airflow/.local/lib/python3.12/site-packages/airflow/example_dags/example_latest_only.py
[2024-10-28T13:30:09.042+0000] {processor.py:914} INFO - Processing file /home/airflow/.local/lib/python3.12/site-packages/airflow/example_dags/example_latest_only.py for tasks to queue
[2024-10-28T13:30:09.045+0000] {logging_mixin.py:190} INFO - [2024-10-28T13:30:09.044+0000] {dagbag.py:588} INFO - Filling up the DagBag from /home/airflow/.local/lib/python3.12/site-packages/airflow/example_dags/example_latest_only.py
[2024-10-28T13:30:09.051+0000] {processor.py:925} INFO - DAG(s) 'latest_only' retrieved from /home/airflow/.local/lib/python3.12/site-packages/airflow/example_dags/example_latest_only.py
[2024-10-28T13:30:09.068+0000] {logging_mixin.py:190} INFO - [2024-10-28T13:30:09.068+0000] {dag.py:3239} INFO - Sync 1 DAGs
[2024-10-28T13:30:09.085+0000] {logging_mixin.py:190} INFO - [2024-10-28T13:30:09.085+0000] {dag.py:4180} INFO - Setting next_dagrun for latest_only to 2024-10-28 08:00:00+00:00, run_after=2024-10-28 12:00:00+00:00
[2024-10-28T13:30:09.101+0000] {processor.py:208} INFO - Processing /home/airflow/.local/lib/python3.12/site-packages/airflow/example_dags/example_latest_only.py took 0.069 seconds
[2024-10-28T13:30:39.180+0000] {processor.py:186} INFO - Started process (PID=802) to work on /home/airflow/.local/lib/python3.12/site-packages/airflow/example_dags/example_latest_only.py
[2024-10-28T13:30:39.181+0000] {processor.py:914} INFO - Processing file /home/airflow/.local/lib/python3.12/site-packages/airflow/example_dags/example_latest_only.py for tasks to queue
[2024-10-28T13:30:39.183+0000] {logging_mixin.py:190} INFO - [2024-10-28T13:30:39.182+0000] {dagbag.py:588} INFO - Filling up the DagBag from /home/airflow/.local/lib/python3.12/site-packages/airflow/example_dags/example_latest_only.py
[2024-10-28T13:30:39.188+0000] {processor.py:925} INFO - DAG(s) 'latest_only' retrieved from /home/airflow/.local/lib/python3.12/site-packages/airflow/example_dags/example_latest_only.py
[2024-10-28T13:30:39.202+0000] {logging_mixin.py:190} INFO - [2024-10-28T13:30:39.202+0000] {dag.py:3239} INFO - Sync 1 DAGs
[2024-10-28T13:30:39.218+0000] {logging_mixin.py:190} INFO - [2024-10-28T13:30:39.218+0000] {dag.py:4180} INFO - Setting next_dagrun for latest_only to 2024-10-28 08:00:00+00:00, run_after=2024-10-28 12:00:00+00:00
[2024-10-28T13:30:39.231+0000] {processor.py:208} INFO - Processing /home/airflow/.local/lib/python3.12/site-packages/airflow/example_dags/example_latest_only.py took 0.056 seconds
[2024-10-28T13:31:10.066+0000] {processor.py:186} INFO - Started process (PID=865) to work on /home/airflow/.local/lib/python3.12/site-packages/airflow/example_dags/example_latest_only.py
[2024-10-28T13:31:10.067+0000] {processor.py:914} INFO - Processing file /home/airflow/.local/lib/python3.12/site-packages/airflow/example_dags/example_latest_only.py for tasks to queue
[2024-10-28T13:31:10.069+0000] {logging_mixin.py:190} INFO - [2024-10-28T13:31:10.069+0000] {dagbag.py:588} INFO - Filling up the DagBag from /home/airflow/.local/lib/python3.12/site-packages/airflow/example_dags/example_latest_only.py
[2024-10-28T13:31:10.074+0000] {processor.py:925} INFO - DAG(s) 'latest_only' retrieved from /home/airflow/.local/lib/python3.12/site-packages/airflow/example_dags/example_latest_only.py
[2024-10-28T13:31:10.087+0000] {logging_mixin.py:190} INFO - [2024-10-28T13:31:10.087+0000] {dag.py:3239} INFO - Sync 1 DAGs
[2024-10-28T13:31:10.103+0000] {logging_mixin.py:190} INFO - [2024-10-28T13:31:10.103+0000] {dag.py:4180} INFO - Setting next_dagrun for latest_only to 2024-10-28 08:00:00+00:00, run_after=2024-10-28 12:00:00+00:00
[2024-10-28T13:31:10.116+0000] {processor.py:208} INFO - Processing /home/airflow/.local/lib/python3.12/site-packages/airflow/example_dags/example_latest_only.py took 0.055 seconds
[2024-10-28T13:31:40.811+0000] {processor.py:186} INFO - Started process (PID=928) to work on /home/airflow/.local/lib/python3.12/site-packages/airflow/example_dags/example_latest_only.py
[2024-10-28T13:31:40.812+0000] {processor.py:914} INFO - Processing file /home/airflow/.local/lib/python3.12/site-packages/airflow/example_dags/example_latest_only.py for tasks to queue
[2024-10-28T13:31:40.814+0000] {logging_mixin.py:190} INFO - [2024-10-28T13:31:40.814+0000] {dagbag.py:588} INFO - Filling up the DagBag from /home/airflow/.local/lib/python3.12/site-packages/airflow/example_dags/example_latest_only.py
[2024-10-28T13:31:40.819+0000] {processor.py:925} INFO - DAG(s) 'latest_only' retrieved from /home/airflow/.local/lib/python3.12/site-packages/airflow/example_dags/example_latest_only.py
[2024-10-28T13:31:40.832+0000] {logging_mixin.py:190} INFO - [2024-10-28T13:31:40.832+0000] {dag.py:3239} INFO - Sync 1 DAGs
[2024-10-28T13:31:40.849+0000] {logging_mixin.py:190} INFO - [2024-10-28T13:31:40.849+0000] {dag.py:4180} INFO - Setting next_dagrun for latest_only to 2024-10-28 08:00:00+00:00, run_after=2024-10-28 12:00:00+00:00
[2024-10-28T13:31:40.863+0000] {processor.py:208} INFO - Processing /home/airflow/.local/lib/python3.12/site-packages/airflow/example_dags/example_latest_only.py took 0.056 seconds
[2024-10-28T13:32:11.564+0000] {processor.py:186} INFO - Started process (PID=991) to work on /home/airflow/.local/lib/python3.12/site-packages/airflow/example_dags/example_latest_only.py
[2024-10-28T13:32:11.565+0000] {processor.py:914} INFO - Processing file /home/airflow/.local/lib/python3.12/site-packages/airflow/example_dags/example_latest_only.py for tasks to queue
[2024-10-28T13:32:11.567+0000] {logging_mixin.py:190} INFO - [2024-10-28T13:32:11.566+0000] {dagbag.py:588} INFO - Filling up the DagBag from /home/airflow/.local/lib/python3.12/site-packages/airflow/example_dags/example_latest_only.py
[2024-10-28T13:32:11.572+0000] {processor.py:925} INFO - DAG(s) 'latest_only' retrieved from /home/airflow/.local/lib/python3.12/site-packages/airflow/example_dags/example_latest_only.py
[2024-10-28T13:32:11.584+0000] {logging_mixin.py:190} INFO - [2024-10-28T13:32:11.584+0000] {dag.py:3239} INFO - Sync 1 DAGs
[2024-10-28T13:32:11.599+0000] {logging_mixin.py:190} INFO - [2024-10-28T13:32:11.599+0000] {dag.py:4180} INFO - Setting next_dagrun for latest_only to 2024-10-28 08:00:00+00:00, run_after=2024-10-28 12:00:00+00:00
[2024-10-28T13:32:11.612+0000] {processor.py:208} INFO - Processing /home/airflow/.local/lib/python3.12/site-packages/airflow/example_dags/example_latest_only.py took 0.052 seconds
[2024-10-28T13:32:41.741+0000] {processor.py:186} INFO - Started process (PID=1054) to work on /home/airflow/.local/lib/python3.12/site-packages/airflow/example_dags/example_latest_only.py
[2024-10-28T13:32:41.742+0000] {processor.py:914} INFO - Processing file /home/airflow/.local/lib/python3.12/site-packages/airflow/example_dags/example_latest_only.py for tasks to queue
[2024-10-28T13:32:41.744+0000] {logging_mixin.py:190} INFO - [2024-10-28T13:32:41.744+0000] {dagbag.py:588} INFO - Filling up the DagBag from /home/airflow/.local/lib/python3.12/site-packages/airflow/example_dags/example_latest_only.py
[2024-10-28T13:32:41.749+0000] {processor.py:925} INFO - DAG(s) 'latest_only' retrieved from /home/airflow/.local/lib/python3.12/site-packages/airflow/example_dags/example_latest_only.py
[2024-10-28T13:32:41.762+0000] {logging_mixin.py:190} INFO - [2024-10-28T13:32:41.761+0000] {dag.py:3239} INFO - Sync 1 DAGs
[2024-10-28T13:32:41.777+0000] {logging_mixin.py:190} INFO - [2024-10-28T13:32:41.777+0000] {dag.py:4180} INFO - Setting next_dagrun for latest_only to 2024-10-28 08:00:00+00:00, run_after=2024-10-28 12:00:00+00:00
[2024-10-28T13:32:41.790+0000] {processor.py:208} INFO - Processing /home/airflow/.local/lib/python3.12/site-packages/airflow/example_dags/example_latest_only.py took 0.054 seconds
[2024-10-28T13:33:12.242+0000] {processor.py:186} INFO - Started process (PID=1117) to work on /home/airflow/.local/lib/python3.12/site-packages/airflow/example_dags/example_latest_only.py
[2024-10-28T13:33:12.243+0000] {processor.py:914} INFO - Processing file /home/airflow/.local/lib/python3.12/site-packages/airflow/example_dags/example_latest_only.py for tasks to queue
[2024-10-28T13:33:12.248+0000] {logging_mixin.py:190} INFO - [2024-10-28T13:33:12.248+0000] {dagbag.py:588} INFO - Filling up the DagBag from /home/airflow/.local/lib/python3.12/site-packages/airflow/example_dags/example_latest_only.py
[2024-10-28T13:33:12.254+0000] {processor.py:925} INFO - DAG(s) 'latest_only' retrieved from /home/airflow/.local/lib/python3.12/site-packages/airflow/example_dags/example_latest_only.py
[2024-10-28T13:33:12.270+0000] {logging_mixin.py:190} INFO - [2024-10-28T13:33:12.270+0000] {dag.py:3239} INFO - Sync 1 DAGs
[2024-10-28T13:33:12.287+0000] {logging_mixin.py:190} INFO - [2024-10-28T13:33:12.287+0000] {dag.py:4180} INFO - Setting next_dagrun for latest_only to 2024-10-28 08:00:00+00:00, run_after=2024-10-28 12:00:00+00:00
[2024-10-28T13:33:12.308+0000] {processor.py:208} INFO - Processing /home/airflow/.local/lib/python3.12/site-packages/airflow/example_dags/example_latest_only.py took 0.070 seconds
[2024-10-28T13:33:43.226+0000] {processor.py:186} INFO - Started process (PID=1180) to work on /home/airflow/.local/lib/python3.12/site-packages/airflow/example_dags/example_latest_only.py
[2024-10-28T13:33:43.228+0000] {processor.py:914} INFO - Processing file /home/airflow/.local/lib/python3.12/site-packages/airflow/example_dags/example_latest_only.py for tasks to queue
[2024-10-28T13:33:43.235+0000] {logging_mixin.py:190} INFO - [2024-10-28T13:33:43.235+0000] {dagbag.py:588} INFO - Filling up the DagBag from /home/airflow/.local/lib/python3.12/site-packages/airflow/example_dags/example_latest_only.py
[2024-10-28T13:33:43.241+0000] {processor.py:925} INFO - DAG(s) 'latest_only' retrieved from /home/airflow/.local/lib/python3.12/site-packages/airflow/example_dags/example_latest_only.py
[2024-10-28T13:33:43.257+0000] {logging_mixin.py:190} INFO - [2024-10-28T13:33:43.257+0000] {dag.py:3239} INFO - Sync 1 DAGs
[2024-10-28T13:33:43.273+0000] {logging_mixin.py:190} INFO - [2024-10-28T13:33:43.273+0000] {dag.py:4180} INFO - Setting next_dagrun for latest_only to 2024-10-28 08:00:00+00:00, run_after=2024-10-28 12:00:00+00:00
[2024-10-28T13:33:43.288+0000] {processor.py:208} INFO - Processing /home/airflow/.local/lib/python3.12/site-packages/airflow/example_dags/example_latest_only.py took 0.068 seconds
[2024-10-28T13:34:13.939+0000] {processor.py:186} INFO - Started process (PID=1243) to work on /home/airflow/.local/lib/python3.12/site-packages/airflow/example_dags/example_latest_only.py
[2024-10-28T13:34:13.940+0000] {processor.py:914} INFO - Processing file /home/airflow/.local/lib/python3.12/site-packages/airflow/example_dags/example_latest_only.py for tasks to queue
[2024-10-28T13:34:13.942+0000] {logging_mixin.py:190} INFO - [2024-10-28T13:34:13.942+0000] {dagbag.py:588} INFO - Filling up the DagBag from /home/airflow/.local/lib/python3.12/site-packages/airflow/example_dags/example_latest_only.py
[2024-10-28T13:34:13.951+0000] {processor.py:925} INFO - DAG(s) 'latest_only' retrieved from /home/airflow/.local/lib/python3.12/site-packages/airflow/example_dags/example_latest_only.py
[2024-10-28T13:34:13.966+0000] {logging_mixin.py:190} INFO - [2024-10-28T13:34:13.966+0000] {dag.py:3239} INFO - Sync 1 DAGs
[2024-10-28T13:34:13.982+0000] {logging_mixin.py:190} INFO - [2024-10-28T13:34:13.982+0000] {dag.py:4180} INFO - Setting next_dagrun for latest_only to 2024-10-28 08:00:00+00:00, run_after=2024-10-28 12:00:00+00:00
[2024-10-28T13:34:13.998+0000] {processor.py:208} INFO - Processing /home/airflow/.local/lib/python3.12/site-packages/airflow/example_dags/example_latest_only.py took 0.062 seconds
[2024-10-28T13:34:44.641+0000] {processor.py:186} INFO - Started process (PID=1306) to work on /home/airflow/.local/lib/python3.12/site-packages/airflow/example_dags/example_latest_only.py
[2024-10-28T13:34:44.643+0000] {processor.py:914} INFO - Processing file /home/airflow/.local/lib/python3.12/site-packages/airflow/example_dags/example_latest_only.py for tasks to queue
[2024-10-28T13:34:44.645+0000] {logging_mixin.py:190} INFO - [2024-10-28T13:34:44.645+0000] {dagbag.py:588} INFO - Filling up the DagBag from /home/airflow/.local/lib/python3.12/site-packages/airflow/example_dags/example_latest_only.py
[2024-10-28T13:34:44.650+0000] {processor.py:925} INFO - DAG(s) 'latest_only' retrieved from /home/airflow/.local/lib/python3.12/site-packages/airflow/example_dags/example_latest_only.py
[2024-10-28T13:34:44.665+0000] {logging_mixin.py:190} INFO - [2024-10-28T13:34:44.665+0000] {dag.py:3239} INFO - Sync 1 DAGs
[2024-10-28T13:34:44.682+0000] {logging_mixin.py:190} INFO - [2024-10-28T13:34:44.682+0000] {dag.py:4180} INFO - Setting next_dagrun for latest_only to 2024-10-28 08:00:00+00:00, run_after=2024-10-28 12:00:00+00:00
[2024-10-28T13:34:44.696+0000] {processor.py:208} INFO - Processing /home/airflow/.local/lib/python3.12/site-packages/airflow/example_dags/example_latest_only.py took 0.060 seconds
[2024-10-28T13:35:15.871+0000] {processor.py:186} INFO - Started process (PID=1369) to work on /home/airflow/.local/lib/python3.12/site-packages/airflow/example_dags/example_latest_only.py
[2024-10-28T13:35:15.875+0000] {processor.py:914} INFO - Processing file /home/airflow/.local/lib/python3.12/site-packages/airflow/example_dags/example_latest_only.py for tasks to queue
[2024-10-28T13:35:15.881+0000] {logging_mixin.py:190} INFO - [2024-10-28T13:35:15.881+0000] {dagbag.py:588} INFO - Filling up the DagBag from /home/airflow/.local/lib/python3.12/site-packages/airflow/example_dags/example_latest_only.py
[2024-10-28T13:35:15.888+0000] {processor.py:925} INFO - DAG(s) 'latest_only' retrieved from /home/airflow/.local/lib/python3.12/site-packages/airflow/example_dags/example_latest_only.py
[2024-10-28T13:35:15.905+0000] {logging_mixin.py:190} INFO - [2024-10-28T13:35:15.905+0000] {dag.py:3239} INFO - Sync 1 DAGs
[2024-10-28T13:35:15.921+0000] {logging_mixin.py:190} INFO - [2024-10-28T13:35:15.921+0000] {dag.py:4180} INFO - Setting next_dagrun for latest_only to 2024-10-28 08:00:00+00:00, run_after=2024-10-28 12:00:00+00:00
[2024-10-28T13:35:15.935+0000] {processor.py:208} INFO - Processing /home/airflow/.local/lib/python3.12/site-packages/airflow/example_dags/example_latest_only.py took 0.070 seconds
[2024-10-28T13:35:46.888+0000] {processor.py:186} INFO - Started process (PID=1432) to work on /home/airflow/.local/lib/python3.12/site-packages/airflow/example_dags/example_latest_only.py
[2024-10-28T13:35:46.889+0000] {processor.py:914} INFO - Processing file /home/airflow/.local/lib/python3.12/site-packages/airflow/example_dags/example_latest_only.py for tasks to queue
[2024-10-28T13:35:46.891+0000] {logging_mixin.py:190} INFO - [2024-10-28T13:35:46.890+0000] {dagbag.py:588} INFO - Filling up the DagBag from /home/airflow/.local/lib/python3.12/site-packages/airflow/example_dags/example_latest_only.py
[2024-10-28T13:35:46.895+0000] {processor.py:925} INFO - DAG(s) 'latest_only' retrieved from /home/airflow/.local/lib/python3.12/site-packages/airflow/example_dags/example_latest_only.py
[2024-10-28T13:35:46.908+0000] {logging_mixin.py:190} INFO - [2024-10-28T13:35:46.908+0000] {dag.py:3239} INFO - Sync 1 DAGs
[2024-10-28T13:35:46.924+0000] {logging_mixin.py:190} INFO - [2024-10-28T13:35:46.924+0000] {dag.py:4180} INFO - Setting next_dagrun for latest_only to 2024-10-28 08:00:00+00:00, run_after=2024-10-28 12:00:00+00:00
[2024-10-28T13:35:46.945+0000] {processor.py:208} INFO - Processing /home/airflow/.local/lib/python3.12/site-packages/airflow/example_dags/example_latest_only.py took 0.061 seconds
[2024-10-28T13:36:17.622+0000] {processor.py:186} INFO - Started process (PID=1495) to work on /home/airflow/.local/lib/python3.12/site-packages/airflow/example_dags/example_latest_only.py
[2024-10-28T13:36:17.623+0000] {processor.py:914} INFO - Processing file /home/airflow/.local/lib/python3.12/site-packages/airflow/example_dags/example_latest_only.py for tasks to queue
[2024-10-28T13:36:17.625+0000] {logging_mixin.py:190} INFO - [2024-10-28T13:36:17.625+0000] {dagbag.py:588} INFO - Filling up the DagBag from /home/airflow/.local/lib/python3.12/site-packages/airflow/example_dags/example_latest_only.py
[2024-10-28T13:36:17.630+0000] {processor.py:925} INFO - DAG(s) 'latest_only' retrieved from /home/airflow/.local/lib/python3.12/site-packages/airflow/example_dags/example_latest_only.py
[2024-10-28T13:36:17.644+0000] {logging_mixin.py:190} INFO - [2024-10-28T13:36:17.643+0000] {dag.py:3239} INFO - Sync 1 DAGs
[2024-10-28T13:36:17.659+0000] {logging_mixin.py:190} INFO - [2024-10-28T13:36:17.659+0000] {dag.py:4180} INFO - Setting next_dagrun for latest_only to 2024-10-28 08:00:00+00:00, run_after=2024-10-28 12:00:00+00:00
[2024-10-28T13:36:17.672+0000] {processor.py:208} INFO - Processing /home/airflow/.local/lib/python3.12/site-packages/airflow/example_dags/example_latest_only.py took 0.054 seconds
[2024-10-28T13:36:47.757+0000] {processor.py:186} INFO - Started process (PID=1558) to work on /home/airflow/.local/lib/python3.12/site-packages/airflow/example_dags/example_latest_only.py
[2024-10-28T13:36:47.758+0000] {processor.py:914} INFO - Processing file /home/airflow/.local/lib/python3.12/site-packages/airflow/example_dags/example_latest_only.py for tasks to queue
[2024-10-28T13:36:47.760+0000] {logging_mixin.py:190} INFO - [2024-10-28T13:36:47.759+0000] {dagbag.py:588} INFO - Filling up the DagBag from /home/airflow/.local/lib/python3.12/site-packages/airflow/example_dags/example_latest_only.py
[2024-10-28T13:36:47.765+0000] {processor.py:925} INFO - DAG(s) 'latest_only' retrieved from /home/airflow/.local/lib/python3.12/site-packages/airflow/example_dags/example_latest_only.py
[2024-10-28T13:36:47.782+0000] {logging_mixin.py:190} INFO - [2024-10-28T13:36:47.782+0000] {dag.py:3239} INFO - Sync 1 DAGs
[2024-10-28T13:36:47.799+0000] {logging_mixin.py:190} INFO - [2024-10-28T13:36:47.799+0000] {dag.py:4180} INFO - Setting next_dagrun for latest_only to 2024-10-28 08:00:00+00:00, run_after=2024-10-28 12:00:00+00:00
[2024-10-28T13:36:47.819+0000] {processor.py:208} INFO - Processing /home/airflow/.local/lib/python3.12/site-packages/airflow/example_dags/example_latest_only.py took 0.069 seconds
[2024-10-28T13:37:18.404+0000] {processor.py:186} INFO - Started process (PID=1621) to work on /home/airflow/.local/lib/python3.12/site-packages/airflow/example_dags/example_latest_only.py
[2024-10-28T13:37:18.405+0000] {processor.py:914} INFO - Processing file /home/airflow/.local/lib/python3.12/site-packages/airflow/example_dags/example_latest_only.py for tasks to queue
[2024-10-28T13:37:18.407+0000] {logging_mixin.py:190} INFO - [2024-10-28T13:37:18.407+0000] {dagbag.py:588} INFO - Filling up the DagBag from /home/airflow/.local/lib/python3.12/site-packages/airflow/example_dags/example_latest_only.py
[2024-10-28T13:37:18.412+0000] {processor.py:925} INFO - DAG(s) 'latest_only' retrieved from /home/airflow/.local/lib/python3.12/site-packages/airflow/example_dags/example_latest_only.py
[2024-10-28T13:37:18.426+0000] {logging_mixin.py:190} INFO - [2024-10-28T13:37:18.426+0000] {dag.py:3239} INFO - Sync 1 DAGs
[2024-10-28T13:37:18.442+0000] {logging_mixin.py:190} INFO - [2024-10-28T13:37:18.441+0000] {dag.py:4180} INFO - Setting next_dagrun for latest_only to 2024-10-28 08:00:00+00:00, run_after=2024-10-28 12:00:00+00:00
[2024-10-28T13:37:18.455+0000] {processor.py:208} INFO - Processing /home/airflow/.local/lib/python3.12/site-packages/airflow/example_dags/example_latest_only.py took 0.055 seconds
[2024-10-28T13:37:48.878+0000] {processor.py:186} INFO - Started process (PID=1684) to work on /home/airflow/.local/lib/python3.12/site-packages/airflow/example_dags/example_latest_only.py
[2024-10-28T13:37:48.879+0000] {processor.py:914} INFO - Processing file /home/airflow/.local/lib/python3.12/site-packages/airflow/example_dags/example_latest_only.py for tasks to queue
[2024-10-28T13:37:48.881+0000] {logging_mixin.py:190} INFO - [2024-10-28T13:37:48.881+0000] {dagbag.py:588} INFO - Filling up the DagBag from /home/airflow/.local/lib/python3.12/site-packages/airflow/example_dags/example_latest_only.py
[2024-10-28T13:37:48.887+0000] {processor.py:925} INFO - DAG(s) 'latest_only' retrieved from /home/airflow/.local/lib/python3.12/site-packages/airflow/example_dags/example_latest_only.py
[2024-10-28T13:37:48.902+0000] {logging_mixin.py:190} INFO - [2024-10-28T13:37:48.901+0000] {dag.py:3239} INFO - Sync 1 DAGs
[2024-10-28T13:37:48.917+0000] {logging_mixin.py:190} INFO - [2024-10-28T13:37:48.917+0000] {dag.py:4180} INFO - Setting next_dagrun for latest_only to 2024-10-28 08:00:00+00:00, run_after=2024-10-28 12:00:00+00:00
[2024-10-28T13:37:48.931+0000] {processor.py:208} INFO - Processing /home/airflow/.local/lib/python3.12/site-packages/airflow/example_dags/example_latest_only.py took 0.059 seconds
[2024-10-28T13:38:19.273+0000] {processor.py:186} INFO - Started process (PID=1747) to work on /home/airflow/.local/lib/python3.12/site-packages/airflow/example_dags/example_latest_only.py
[2024-10-28T13:38:19.274+0000] {processor.py:914} INFO - Processing file /home/airflow/.local/lib/python3.12/site-packages/airflow/example_dags/example_latest_only.py for tasks to queue
[2024-10-28T13:38:19.276+0000] {logging_mixin.py:190} INFO - [2024-10-28T13:38:19.276+0000] {dagbag.py:588} INFO - Filling up the DagBag from /home/airflow/.local/lib/python3.12/site-packages/airflow/example_dags/example_latest_only.py
[2024-10-28T13:38:19.281+0000] {processor.py:925} INFO - DAG(s) 'latest_only' retrieved from /home/airflow/.local/lib/python3.12/site-packages/airflow/example_dags/example_latest_only.py
[2024-10-28T13:38:19.294+0000] {logging_mixin.py:190} INFO - [2024-10-28T13:38:19.293+0000] {dag.py:3239} INFO - Sync 1 DAGs
[2024-10-28T13:38:19.310+0000] {logging_mixin.py:190} INFO - [2024-10-28T13:38:19.310+0000] {dag.py:4180} INFO - Setting next_dagrun for latest_only to 2024-10-28 08:00:00+00:00, run_after=2024-10-28 12:00:00+00:00
[2024-10-28T13:38:19.324+0000] {processor.py:208} INFO - Processing /home/airflow/.local/lib/python3.12/site-packages/airflow/example_dags/example_latest_only.py took 0.055 seconds
[2024-10-28T13:38:49.912+0000] {processor.py:186} INFO - Started process (PID=1810) to work on /home/airflow/.local/lib/python3.12/site-packages/airflow/example_dags/example_latest_only.py
[2024-10-28T13:38:49.914+0000] {processor.py:914} INFO - Processing file /home/airflow/.local/lib/python3.12/site-packages/airflow/example_dags/example_latest_only.py for tasks to queue
[2024-10-28T13:38:49.915+0000] {logging_mixin.py:190} INFO - [2024-10-28T13:38:49.915+0000] {dagbag.py:588} INFO - Filling up the DagBag from /home/airflow/.local/lib/python3.12/site-packages/airflow/example_dags/example_latest_only.py
[2024-10-28T13:38:49.921+0000] {processor.py:925} INFO - DAG(s) 'latest_only' retrieved from /home/airflow/.local/lib/python3.12/site-packages/airflow/example_dags/example_latest_only.py
[2024-10-28T13:38:49.935+0000] {logging_mixin.py:190} INFO - [2024-10-28T13:38:49.935+0000] {dag.py:3239} INFO - Sync 1 DAGs
[2024-10-28T13:38:49.953+0000] {logging_mixin.py:190} INFO - [2024-10-28T13:38:49.953+0000] {dag.py:4180} INFO - Setting next_dagrun for latest_only to 2024-10-28 08:00:00+00:00, run_after=2024-10-28 12:00:00+00:00
[2024-10-28T13:38:49.970+0000] {processor.py:208} INFO - Processing /home/airflow/.local/lib/python3.12/site-packages/airflow/example_dags/example_latest_only.py took 0.061 seconds
[2024-10-28T13:39:20.443+0000] {processor.py:186} INFO - Started process (PID=1873) to work on /home/airflow/.local/lib/python3.12/site-packages/airflow/example_dags/example_latest_only.py
[2024-10-28T13:39:20.444+0000] {processor.py:914} INFO - Processing file /home/airflow/.local/lib/python3.12/site-packages/airflow/example_dags/example_latest_only.py for tasks to queue
[2024-10-28T13:39:20.446+0000] {logging_mixin.py:190} INFO - [2024-10-28T13:39:20.445+0000] {dagbag.py:588} INFO - Filling up the DagBag from /home/airflow/.local/lib/python3.12/site-packages/airflow/example_dags/example_latest_only.py
[2024-10-28T13:39:20.451+0000] {processor.py:925} INFO - DAG(s) 'latest_only' retrieved from /home/airflow/.local/lib/python3.12/site-packages/airflow/example_dags/example_latest_only.py
[2024-10-28T13:39:20.465+0000] {logging_mixin.py:190} INFO - [2024-10-28T13:39:20.465+0000] {dag.py:3239} INFO - Sync 1 DAGs
[2024-10-28T13:39:20.481+0000] {logging_mixin.py:190} INFO - [2024-10-28T13:39:20.481+0000] {dag.py:4180} INFO - Setting next_dagrun for latest_only to 2024-10-28 08:00:00+00:00, run_after=2024-10-28 12:00:00+00:00
[2024-10-28T13:39:20.495+0000] {processor.py:208} INFO - Processing /home/airflow/.local/lib/python3.12/site-packages/airflow/example_dags/example_latest_only.py took 0.057 seconds
[2024-10-28T13:39:51.389+0000] {processor.py:186} INFO - Started process (PID=1936) to work on /home/airflow/.local/lib/python3.12/site-packages/airflow/example_dags/example_latest_only.py
[2024-10-28T13:39:51.390+0000] {processor.py:914} INFO - Processing file /home/airflow/.local/lib/python3.12/site-packages/airflow/example_dags/example_latest_only.py for tasks to queue
[2024-10-28T13:39:51.393+0000] {logging_mixin.py:190} INFO - [2024-10-28T13:39:51.392+0000] {dagbag.py:588} INFO - Filling up the DagBag from /home/airflow/.local/lib/python3.12/site-packages/airflow/example_dags/example_latest_only.py
[2024-10-28T13:39:51.398+0000] {processor.py:925} INFO - DAG(s) 'latest_only' retrieved from /home/airflow/.local/lib/python3.12/site-packages/airflow/example_dags/example_latest_only.py
[2024-10-28T13:39:51.414+0000] {logging_mixin.py:190} INFO - [2024-10-28T13:39:51.414+0000] {dag.py:3239} INFO - Sync 1 DAGs
[2024-10-28T13:39:51.433+0000] {logging_mixin.py:190} INFO - [2024-10-28T13:39:51.433+0000] {dag.py:4180} INFO - Setting next_dagrun for latest_only to 2024-10-28 08:00:00+00:00, run_after=2024-10-28 12:00:00+00:00
[2024-10-28T13:39:51.450+0000] {processor.py:208} INFO - Processing /home/airflow/.local/lib/python3.12/site-packages/airflow/example_dags/example_latest_only.py took 0.066 seconds
[2024-10-28T13:40:21.711+0000] {processor.py:186} INFO - Started process (PID=1999) to work on /home/airflow/.local/lib/python3.12/site-packages/airflow/example_dags/example_latest_only.py
[2024-10-28T13:40:21.712+0000] {processor.py:914} INFO - Processing file /home/airflow/.local/lib/python3.12/site-packages/airflow/example_dags/example_latest_only.py for tasks to queue
[2024-10-28T13:40:21.715+0000] {logging_mixin.py:190} INFO - [2024-10-28T13:40:21.714+0000] {dagbag.py:588} INFO - Filling up the DagBag from /home/airflow/.local/lib/python3.12/site-packages/airflow/example_dags/example_latest_only.py
[2024-10-28T13:40:21.720+0000] {processor.py:925} INFO - DAG(s) 'latest_only' retrieved from /home/airflow/.local/lib/python3.12/site-packages/airflow/example_dags/example_latest_only.py
[2024-10-28T13:40:21.733+0000] {logging_mixin.py:190} INFO - [2024-10-28T13:40:21.733+0000] {dag.py:3239} INFO - Sync 1 DAGs
[2024-10-28T13:40:21.749+0000] {logging_mixin.py:190} INFO - [2024-10-28T13:40:21.749+0000] {dag.py:4180} INFO - Setting next_dagrun for latest_only to 2024-10-28 08:00:00+00:00, run_after=2024-10-28 12:00:00+00:00
[2024-10-28T13:40:21.765+0000] {processor.py:208} INFO - Processing /home/airflow/.local/lib/python3.12/site-packages/airflow/example_dags/example_latest_only.py took 0.059 seconds
[2024-10-28T13:40:52.339+0000] {processor.py:186} INFO - Started process (PID=2062) to work on /home/airflow/.local/lib/python3.12/site-packages/airflow/example_dags/example_latest_only.py
[2024-10-28T13:40:52.340+0000] {processor.py:914} INFO - Processing file /home/airflow/.local/lib/python3.12/site-packages/airflow/example_dags/example_latest_only.py for tasks to queue
[2024-10-28T13:40:52.342+0000] {logging_mixin.py:190} INFO - [2024-10-28T13:40:52.342+0000] {dagbag.py:588} INFO - Filling up the DagBag from /home/airflow/.local/lib/python3.12/site-packages/airflow/example_dags/example_latest_only.py
[2024-10-28T13:40:52.347+0000] {processor.py:925} INFO - DAG(s) 'latest_only' retrieved from /home/airflow/.local/lib/python3.12/site-packages/airflow/example_dags/example_latest_only.py
[2024-10-28T13:40:52.361+0000] {logging_mixin.py:190} INFO - [2024-10-28T13:40:52.361+0000] {dag.py:3239} INFO - Sync 1 DAGs
[2024-10-28T13:40:52.379+0000] {logging_mixin.py:190} INFO - [2024-10-28T13:40:52.379+0000] {dag.py:4180} INFO - Setting next_dagrun for latest_only to 2024-10-28 08:00:00+00:00, run_after=2024-10-28 12:00:00+00:00
[2024-10-28T13:40:52.393+0000] {processor.py:208} INFO - Processing /home/airflow/.local/lib/python3.12/site-packages/airflow/example_dags/example_latest_only.py took 0.059 seconds
[2024-10-28T13:41:22.658+0000] {processor.py:186} INFO - Started process (PID=2125) to work on /home/airflow/.local/lib/python3.12/site-packages/airflow/example_dags/example_latest_only.py
[2024-10-28T13:41:22.659+0000] {processor.py:914} INFO - Processing file /home/airflow/.local/lib/python3.12/site-packages/airflow/example_dags/example_latest_only.py for tasks to queue
[2024-10-28T13:41:22.661+0000] {logging_mixin.py:190} INFO - [2024-10-28T13:41:22.661+0000] {dagbag.py:588} INFO - Filling up the DagBag from /home/airflow/.local/lib/python3.12/site-packages/airflow/example_dags/example_latest_only.py
[2024-10-28T13:41:22.668+0000] {processor.py:925} INFO - DAG(s) 'latest_only' retrieved from /home/airflow/.local/lib/python3.12/site-packages/airflow/example_dags/example_latest_only.py
[2024-10-28T13:41:22.686+0000] {logging_mixin.py:190} INFO - [2024-10-28T13:41:22.686+0000] {dag.py:3239} INFO - Sync 1 DAGs
[2024-10-28T13:41:22.704+0000] {logging_mixin.py:190} INFO - [2024-10-28T13:41:22.704+0000] {dag.py:4180} INFO - Setting next_dagrun for latest_only to 2024-10-28 08:00:00+00:00, run_after=2024-10-28 12:00:00+00:00
[2024-10-28T13:41:22.721+0000] {processor.py:208} INFO - Processing /home/airflow/.local/lib/python3.12/site-packages/airflow/example_dags/example_latest_only.py took 0.067 seconds
[2024-10-28T13:41:53.505+0000] {processor.py:186} INFO - Started process (PID=2188) to work on /home/airflow/.local/lib/python3.12/site-packages/airflow/example_dags/example_latest_only.py
[2024-10-28T13:41:53.506+0000] {processor.py:914} INFO - Processing file /home/airflow/.local/lib/python3.12/site-packages/airflow/example_dags/example_latest_only.py for tasks to queue
[2024-10-28T13:41:53.508+0000] {logging_mixin.py:190} INFO - [2024-10-28T13:41:53.508+0000] {dagbag.py:588} INFO - Filling up the DagBag from /home/airflow/.local/lib/python3.12/site-packages/airflow/example_dags/example_latest_only.py
[2024-10-28T13:41:53.516+0000] {processor.py:925} INFO - DAG(s) 'latest_only' retrieved from /home/airflow/.local/lib/python3.12/site-packages/airflow/example_dags/example_latest_only.py
[2024-10-28T13:41:53.540+0000] {logging_mixin.py:190} INFO - [2024-10-28T13:41:53.540+0000] {dag.py:3239} INFO - Sync 1 DAGs
[2024-10-28T13:41:53.560+0000] {logging_mixin.py:190} INFO - [2024-10-28T13:41:53.560+0000] {dag.py:4180} INFO - Setting next_dagrun for latest_only to 2024-10-28 08:00:00+00:00, run_after=2024-10-28 12:00:00+00:00
[2024-10-28T13:41:53.576+0000] {processor.py:208} INFO - Processing /home/airflow/.local/lib/python3.12/site-packages/airflow/example_dags/example_latest_only.py took 0.075 seconds
[2024-10-28T13:42:24.166+0000] {processor.py:186} INFO - Started process (PID=2251) to work on /home/airflow/.local/lib/python3.12/site-packages/airflow/example_dags/example_latest_only.py
[2024-10-28T13:42:24.167+0000] {processor.py:914} INFO - Processing file /home/airflow/.local/lib/python3.12/site-packages/airflow/example_dags/example_latest_only.py for tasks to queue
[2024-10-28T13:42:24.168+0000] {logging_mixin.py:190} INFO - [2024-10-28T13:42:24.168+0000] {dagbag.py:588} INFO - Filling up the DagBag from /home/airflow/.local/lib/python3.12/site-packages/airflow/example_dags/example_latest_only.py
[2024-10-28T13:42:24.174+0000] {processor.py:925} INFO - DAG(s) 'latest_only' retrieved from /home/airflow/.local/lib/python3.12/site-packages/airflow/example_dags/example_latest_only.py
[2024-10-28T13:42:24.187+0000] {logging_mixin.py:190} INFO - [2024-10-28T13:42:24.187+0000] {dag.py:3239} INFO - Sync 1 DAGs
[2024-10-28T13:42:24.202+0000] {logging_mixin.py:190} INFO - [2024-10-28T13:42:24.202+0000] {dag.py:4180} INFO - Setting next_dagrun for latest_only to 2024-10-28 08:00:00+00:00, run_after=2024-10-28 12:00:00+00:00
[2024-10-28T13:42:24.215+0000] {processor.py:208} INFO - Processing /home/airflow/.local/lib/python3.12/site-packages/airflow/example_dags/example_latest_only.py took 0.054 seconds
[2024-10-28T13:42:55.359+0000] {processor.py:186} INFO - Started process (PID=2313) to work on /home/airflow/.local/lib/python3.12/site-packages/airflow/example_dags/example_latest_only.py
[2024-10-28T13:42:55.360+0000] {processor.py:914} INFO - Processing file /home/airflow/.local/lib/python3.12/site-packages/airflow/example_dags/example_latest_only.py for tasks to queue
[2024-10-28T13:42:55.361+0000] {logging_mixin.py:190} INFO - [2024-10-28T13:42:55.361+0000] {dagbag.py:588} INFO - Filling up the DagBag from /home/airflow/.local/lib/python3.12/site-packages/airflow/example_dags/example_latest_only.py
[2024-10-28T13:42:55.367+0000] {processor.py:925} INFO - DAG(s) 'latest_only' retrieved from /home/airflow/.local/lib/python3.12/site-packages/airflow/example_dags/example_latest_only.py
[2024-10-28T13:42:55.384+0000] {logging_mixin.py:190} INFO - [2024-10-28T13:42:55.384+0000] {dag.py:3239} INFO - Sync 1 DAGs
[2024-10-28T13:42:55.407+0000] {logging_mixin.py:190} INFO - [2024-10-28T13:42:55.407+0000] {dag.py:4180} INFO - Setting next_dagrun for latest_only to 2024-10-28 08:00:00+00:00, run_after=2024-10-28 12:00:00+00:00
[2024-10-28T13:42:55.427+0000] {processor.py:208} INFO - Processing /home/airflow/.local/lib/python3.12/site-packages/airflow/example_dags/example_latest_only.py took 0.072 seconds
[2024-10-28T13:43:25.962+0000] {processor.py:186} INFO - Started process (PID=2375) to work on /home/airflow/.local/lib/python3.12/site-packages/airflow/example_dags/example_latest_only.py
[2024-10-28T13:43:25.963+0000] {processor.py:914} INFO - Processing file /home/airflow/.local/lib/python3.12/site-packages/airflow/example_dags/example_latest_only.py for tasks to queue
[2024-10-28T13:43:25.965+0000] {logging_mixin.py:190} INFO - [2024-10-28T13:43:25.964+0000] {dagbag.py:588} INFO - Filling up the DagBag from /home/airflow/.local/lib/python3.12/site-packages/airflow/example_dags/example_latest_only.py
[2024-10-28T13:43:25.971+0000] {processor.py:925} INFO - DAG(s) 'latest_only' retrieved from /home/airflow/.local/lib/python3.12/site-packages/airflow/example_dags/example_latest_only.py
[2024-10-28T13:43:25.985+0000] {logging_mixin.py:190} INFO - [2024-10-28T13:43:25.985+0000] {dag.py:3239} INFO - Sync 1 DAGs
[2024-10-28T13:43:26.017+0000] {logging_mixin.py:190} INFO - [2024-10-28T13:43:26.017+0000] {dag.py:4180} INFO - Setting next_dagrun for latest_only to 2024-10-28 08:00:00+00:00, run_after=2024-10-28 12:00:00+00:00
[2024-10-28T13:43:26.034+0000] {processor.py:208} INFO - Processing /home/airflow/.local/lib/python3.12/site-packages/airflow/example_dags/example_latest_only.py took 0.077 seconds
[2024-10-28T13:43:56.910+0000] {processor.py:186} INFO - Started process (PID=2437) to work on /home/airflow/.local/lib/python3.12/site-packages/airflow/example_dags/example_latest_only.py
[2024-10-28T13:43:56.911+0000] {processor.py:914} INFO - Processing file /home/airflow/.local/lib/python3.12/site-packages/airflow/example_dags/example_latest_only.py for tasks to queue
[2024-10-28T13:43:56.913+0000] {logging_mixin.py:190} INFO - [2024-10-28T13:43:56.912+0000] {dagbag.py:588} INFO - Filling up the DagBag from /home/airflow/.local/lib/python3.12/site-packages/airflow/example_dags/example_latest_only.py
[2024-10-28T13:43:56.918+0000] {processor.py:925} INFO - DAG(s) 'latest_only' retrieved from /home/airflow/.local/lib/python3.12/site-packages/airflow/example_dags/example_latest_only.py
[2024-10-28T13:43:56.932+0000] {logging_mixin.py:190} INFO - [2024-10-28T13:43:56.932+0000] {dag.py:3239} INFO - Sync 1 DAGs
[2024-10-28T13:43:56.948+0000] {logging_mixin.py:190} INFO - [2024-10-28T13:43:56.948+0000] {dag.py:4180} INFO - Setting next_dagrun for latest_only to 2024-10-28 08:00:00+00:00, run_after=2024-10-28 12:00:00+00:00
[2024-10-28T13:43:56.963+0000] {processor.py:208} INFO - Processing /home/airflow/.local/lib/python3.12/site-packages/airflow/example_dags/example_latest_only.py took 0.057 seconds
