[2024-10-28T13:21:20.325+0000] {processor.py:186} INFO - Started process (PID=115) to work on /home/airflow/.local/lib/python3.12/site-packages/airflow/example_dags/example_branch_labels.py
[2024-10-28T13:21:20.326+0000] {processor.py:914} INFO - Processing file /home/airflow/.local/lib/python3.12/site-packages/airflow/example_dags/example_branch_labels.py for tasks to queue
[2024-10-28T13:21:20.328+0000] {logging_mixin.py:190} INFO - [2024-10-28T13:21:20.328+0000] {dagbag.py:588} INFO - Filling up the DagBag from /home/airflow/.local/lib/python3.12/site-packages/airflow/example_dags/example_branch_labels.py
[2024-10-28T13:21:20.336+0000] {processor.py:925} INFO - DAG(s) 'example_branch_labels' retrieved from /home/airflow/.local/lib/python3.12/site-packages/airflow/example_dags/example_branch_labels.py
[2024-10-28T13:21:20.418+0000] {logging_mixin.py:190} INFO - [2024-10-28T13:21:20.417+0000] {override.py:1900} INFO - Created Permission View: can delete on DAG:example_branch_labels
[2024-10-28T13:21:20.428+0000] {logging_mixin.py:190} INFO - [2024-10-28T13:21:20.427+0000] {override.py:1900} INFO - Created Permission View: can edit on DAG:example_branch_labels
[2024-10-28T13:21:20.435+0000] {logging_mixin.py:190} INFO - [2024-10-28T13:21:20.434+0000] {override.py:1900} INFO - Created Permission View: can read on DAG:example_branch_labels
[2024-10-28T13:21:20.444+0000] {logging_mixin.py:190} INFO - [2024-10-28T13:21:20.444+0000] {override.py:1900} INFO - Created Permission View: can create on DAG Run:example_branch_labels
[2024-10-28T13:21:20.450+0000] {logging_mixin.py:190} INFO - [2024-10-28T13:21:20.450+0000] {override.py:1900} INFO - Created Permission View: menu access on DAG Run:example_branch_labels
[2024-10-28T13:21:20.456+0000] {logging_mixin.py:190} INFO - [2024-10-28T13:21:20.456+0000] {override.py:1900} INFO - Created Permission View: can read on DAG Run:example_branch_labels
[2024-10-28T13:21:20.462+0000] {logging_mixin.py:190} INFO - [2024-10-28T13:21:20.461+0000] {override.py:1900} INFO - Created Permission View: can delete on DAG Run:example_branch_labels
[2024-10-28T13:21:20.462+0000] {logging_mixin.py:190} INFO - [2024-10-28T13:21:20.462+0000] {dag.py:3239} INFO - Sync 1 DAGs
[2024-10-28T13:21:20.473+0000] {logging_mixin.py:190} INFO - [2024-10-28T13:21:20.472+0000] {dag.py:3262} INFO - Creating ORM DAG for example_branch_labels
[2024-10-28T13:21:20.481+0000] {logging_mixin.py:190} INFO - [2024-10-28T13:21:20.480+0000] {dag.py:4180} INFO - Setting next_dagrun for example_branch_labels to 2024-10-27 00:00:00+00:00, run_after=2024-10-28 00:00:00+00:00
[2024-10-28T13:21:20.493+0000] {processor.py:208} INFO - Processing /home/airflow/.local/lib/python3.12/site-packages/airflow/example_dags/example_branch_labels.py took 0.172 seconds
[2024-10-28T13:21:51.281+0000] {processor.py:186} INFO - Started process (PID=178) to work on /home/airflow/.local/lib/python3.12/site-packages/airflow/example_dags/example_branch_labels.py
[2024-10-28T13:21:51.282+0000] {processor.py:914} INFO - Processing file /home/airflow/.local/lib/python3.12/site-packages/airflow/example_dags/example_branch_labels.py for tasks to queue
[2024-10-28T13:21:51.283+0000] {logging_mixin.py:190} INFO - [2024-10-28T13:21:51.283+0000] {dagbag.py:588} INFO - Filling up the DagBag from /home/airflow/.local/lib/python3.12/site-packages/airflow/example_dags/example_branch_labels.py
[2024-10-28T13:21:51.290+0000] {processor.py:925} INFO - DAG(s) 'example_branch_labels' retrieved from /home/airflow/.local/lib/python3.12/site-packages/airflow/example_dags/example_branch_labels.py
[2024-10-28T13:21:51.304+0000] {logging_mixin.py:190} INFO - [2024-10-28T13:21:51.304+0000] {dag.py:3239} INFO - Sync 1 DAGs
[2024-10-28T13:21:51.321+0000] {logging_mixin.py:190} INFO - [2024-10-28T13:21:51.321+0000] {dag.py:4180} INFO - Setting next_dagrun for example_branch_labels to 2024-10-27 00:00:00+00:00, run_after=2024-10-28 00:00:00+00:00
[2024-10-28T13:21:51.339+0000] {processor.py:208} INFO - Processing /home/airflow/.local/lib/python3.12/site-packages/airflow/example_dags/example_branch_labels.py took 0.062 seconds
[2024-10-28T13:25:02.359+0000] {processor.py:186} INFO - Started process (PID=114) to work on /home/airflow/.local/lib/python3.12/site-packages/airflow/example_dags/example_branch_labels.py
[2024-10-28T13:25:02.361+0000] {processor.py:914} INFO - Processing file /home/airflow/.local/lib/python3.12/site-packages/airflow/example_dags/example_branch_labels.py for tasks to queue
[2024-10-28T13:25:02.364+0000] {logging_mixin.py:190} INFO - [2024-10-28T13:25:02.363+0000] {dagbag.py:588} INFO - Filling up the DagBag from /home/airflow/.local/lib/python3.12/site-packages/airflow/example_dags/example_branch_labels.py
[2024-10-28T13:25:02.372+0000] {processor.py:925} INFO - DAG(s) 'example_branch_labels' retrieved from /home/airflow/.local/lib/python3.12/site-packages/airflow/example_dags/example_branch_labels.py
[2024-10-28T13:25:02.391+0000] {logging_mixin.py:190} INFO - [2024-10-28T13:25:02.390+0000] {dag.py:3239} INFO - Sync 1 DAGs
[2024-10-28T13:25:02.410+0000] {logging_mixin.py:190} INFO - [2024-10-28T13:25:02.410+0000] {dag.py:4180} INFO - Setting next_dagrun for example_branch_labels to 2024-10-27 00:00:00+00:00, run_after=2024-10-28 00:00:00+00:00
[2024-10-28T13:25:02.430+0000] {processor.py:208} INFO - Processing /home/airflow/.local/lib/python3.12/site-packages/airflow/example_dags/example_branch_labels.py took 0.075 seconds
[2024-10-28T13:25:33.470+0000] {processor.py:186} INFO - Started process (PID=177) to work on /home/airflow/.local/lib/python3.12/site-packages/airflow/example_dags/example_branch_labels.py
[2024-10-28T13:25:33.472+0000] {processor.py:914} INFO - Processing file /home/airflow/.local/lib/python3.12/site-packages/airflow/example_dags/example_branch_labels.py for tasks to queue
[2024-10-28T13:25:33.474+0000] {logging_mixin.py:190} INFO - [2024-10-28T13:25:33.473+0000] {dagbag.py:588} INFO - Filling up the DagBag from /home/airflow/.local/lib/python3.12/site-packages/airflow/example_dags/example_branch_labels.py
[2024-10-28T13:25:33.487+0000] {processor.py:925} INFO - DAG(s) 'example_branch_labels' retrieved from /home/airflow/.local/lib/python3.12/site-packages/airflow/example_dags/example_branch_labels.py
[2024-10-28T13:25:33.512+0000] {logging_mixin.py:190} INFO - [2024-10-28T13:25:33.512+0000] {dag.py:3239} INFO - Sync 1 DAGs
[2024-10-28T13:25:33.531+0000] {logging_mixin.py:190} INFO - [2024-10-28T13:25:33.531+0000] {dag.py:4180} INFO - Setting next_dagrun for example_branch_labels to 2024-10-27 00:00:00+00:00, run_after=2024-10-28 00:00:00+00:00
[2024-10-28T13:25:33.552+0000] {processor.py:208} INFO - Processing /home/airflow/.local/lib/python3.12/site-packages/airflow/example_dags/example_branch_labels.py took 0.088 seconds
[2024-10-28T13:26:04.077+0000] {processor.py:186} INFO - Started process (PID=240) to work on /home/airflow/.local/lib/python3.12/site-packages/airflow/example_dags/example_branch_labels.py
[2024-10-28T13:26:04.078+0000] {processor.py:914} INFO - Processing file /home/airflow/.local/lib/python3.12/site-packages/airflow/example_dags/example_branch_labels.py for tasks to queue
[2024-10-28T13:26:04.080+0000] {logging_mixin.py:190} INFO - [2024-10-28T13:26:04.080+0000] {dagbag.py:588} INFO - Filling up the DagBag from /home/airflow/.local/lib/python3.12/site-packages/airflow/example_dags/example_branch_labels.py
[2024-10-28T13:26:04.087+0000] {processor.py:925} INFO - DAG(s) 'example_branch_labels' retrieved from /home/airflow/.local/lib/python3.12/site-packages/airflow/example_dags/example_branch_labels.py
[2024-10-28T13:26:04.104+0000] {logging_mixin.py:190} INFO - [2024-10-28T13:26:04.104+0000] {dag.py:3239} INFO - Sync 1 DAGs
[2024-10-28T13:26:04.122+0000] {logging_mixin.py:190} INFO - [2024-10-28T13:26:04.122+0000] {dag.py:4180} INFO - Setting next_dagrun for example_branch_labels to 2024-10-27 00:00:00+00:00, run_after=2024-10-28 00:00:00+00:00
[2024-10-28T13:26:04.141+0000] {processor.py:208} INFO - Processing /home/airflow/.local/lib/python3.12/site-packages/airflow/example_dags/example_branch_labels.py took 0.069 seconds
[2024-10-28T13:26:34.217+0000] {processor.py:186} INFO - Started process (PID=302) to work on /home/airflow/.local/lib/python3.12/site-packages/airflow/example_dags/example_branch_labels.py
[2024-10-28T13:26:34.218+0000] {processor.py:914} INFO - Processing file /home/airflow/.local/lib/python3.12/site-packages/airflow/example_dags/example_branch_labels.py for tasks to queue
[2024-10-28T13:26:34.220+0000] {logging_mixin.py:190} INFO - [2024-10-28T13:26:34.220+0000] {dagbag.py:588} INFO - Filling up the DagBag from /home/airflow/.local/lib/python3.12/site-packages/airflow/example_dags/example_branch_labels.py
[2024-10-28T13:26:34.227+0000] {processor.py:925} INFO - DAG(s) 'example_branch_labels' retrieved from /home/airflow/.local/lib/python3.12/site-packages/airflow/example_dags/example_branch_labels.py
[2024-10-28T13:26:34.242+0000] {logging_mixin.py:190} INFO - [2024-10-28T13:26:34.241+0000] {dag.py:3239} INFO - Sync 1 DAGs
[2024-10-28T13:26:34.259+0000] {logging_mixin.py:190} INFO - [2024-10-28T13:26:34.258+0000] {dag.py:4180} INFO - Setting next_dagrun for example_branch_labels to 2024-10-27 00:00:00+00:00, run_after=2024-10-28 00:00:00+00:00
[2024-10-28T13:26:34.276+0000] {processor.py:208} INFO - Processing /home/airflow/.local/lib/python3.12/site-packages/airflow/example_dags/example_branch_labels.py took 0.063 seconds
[2024-10-28T13:27:04.507+0000] {processor.py:186} INFO - Started process (PID=365) to work on /home/airflow/.local/lib/python3.12/site-packages/airflow/example_dags/example_branch_labels.py
[2024-10-28T13:27:04.509+0000] {processor.py:914} INFO - Processing file /home/airflow/.local/lib/python3.12/site-packages/airflow/example_dags/example_branch_labels.py for tasks to queue
[2024-10-28T13:27:04.511+0000] {logging_mixin.py:190} INFO - [2024-10-28T13:27:04.510+0000] {dagbag.py:588} INFO - Filling up the DagBag from /home/airflow/.local/lib/python3.12/site-packages/airflow/example_dags/example_branch_labels.py
[2024-10-28T13:27:04.518+0000] {processor.py:925} INFO - DAG(s) 'example_branch_labels' retrieved from /home/airflow/.local/lib/python3.12/site-packages/airflow/example_dags/example_branch_labels.py
[2024-10-28T13:27:04.535+0000] {logging_mixin.py:190} INFO - [2024-10-28T13:27:04.534+0000] {dag.py:3239} INFO - Sync 1 DAGs
[2024-10-28T13:27:04.552+0000] {logging_mixin.py:190} INFO - [2024-10-28T13:27:04.552+0000] {dag.py:4180} INFO - Setting next_dagrun for example_branch_labels to 2024-10-27 00:00:00+00:00, run_after=2024-10-28 00:00:00+00:00
[2024-10-28T13:27:04.567+0000] {processor.py:208} INFO - Processing /home/airflow/.local/lib/python3.12/site-packages/airflow/example_dags/example_branch_labels.py took 0.065 seconds
[2024-10-28T13:27:35.247+0000] {processor.py:186} INFO - Started process (PID=429) to work on /home/airflow/.local/lib/python3.12/site-packages/airflow/example_dags/example_branch_labels.py
[2024-10-28T13:27:35.248+0000] {processor.py:914} INFO - Processing file /home/airflow/.local/lib/python3.12/site-packages/airflow/example_dags/example_branch_labels.py for tasks to queue
[2024-10-28T13:27:35.250+0000] {logging_mixin.py:190} INFO - [2024-10-28T13:27:35.250+0000] {dagbag.py:588} INFO - Filling up the DagBag from /home/airflow/.local/lib/python3.12/site-packages/airflow/example_dags/example_branch_labels.py
[2024-10-28T13:27:35.258+0000] {processor.py:925} INFO - DAG(s) 'example_branch_labels' retrieved from /home/airflow/.local/lib/python3.12/site-packages/airflow/example_dags/example_branch_labels.py
[2024-10-28T13:27:35.273+0000] {logging_mixin.py:190} INFO - [2024-10-28T13:27:35.273+0000] {dag.py:3239} INFO - Sync 1 DAGs
[2024-10-28T13:27:35.290+0000] {logging_mixin.py:190} INFO - [2024-10-28T13:27:35.290+0000] {dag.py:4180} INFO - Setting next_dagrun for example_branch_labels to 2024-10-27 00:00:00+00:00, run_after=2024-10-28 00:00:00+00:00
[2024-10-28T13:27:35.305+0000] {processor.py:208} INFO - Processing /home/airflow/.local/lib/python3.12/site-packages/airflow/example_dags/example_branch_labels.py took 0.063 seconds
[2024-10-28T13:28:05.960+0000] {processor.py:186} INFO - Started process (PID=492) to work on /home/airflow/.local/lib/python3.12/site-packages/airflow/example_dags/example_branch_labels.py
[2024-10-28T13:28:05.964+0000] {processor.py:914} INFO - Processing file /home/airflow/.local/lib/python3.12/site-packages/airflow/example_dags/example_branch_labels.py for tasks to queue
[2024-10-28T13:28:05.966+0000] {logging_mixin.py:190} INFO - [2024-10-28T13:28:05.966+0000] {dagbag.py:588} INFO - Filling up the DagBag from /home/airflow/.local/lib/python3.12/site-packages/airflow/example_dags/example_branch_labels.py
[2024-10-28T13:28:05.975+0000] {processor.py:925} INFO - DAG(s) 'example_branch_labels' retrieved from /home/airflow/.local/lib/python3.12/site-packages/airflow/example_dags/example_branch_labels.py
[2024-10-28T13:28:05.994+0000] {logging_mixin.py:190} INFO - [2024-10-28T13:28:05.993+0000] {dag.py:3239} INFO - Sync 1 DAGs
[2024-10-28T13:28:06.012+0000] {logging_mixin.py:190} INFO - [2024-10-28T13:28:06.012+0000] {dag.py:4180} INFO - Setting next_dagrun for example_branch_labels to 2024-10-27 00:00:00+00:00, run_after=2024-10-28 00:00:00+00:00
[2024-10-28T13:28:06.026+0000] {processor.py:208} INFO - Processing /home/airflow/.local/lib/python3.12/site-packages/airflow/example_dags/example_branch_labels.py took 0.070 seconds
[2024-10-28T13:28:36.522+0000] {processor.py:186} INFO - Started process (PID=555) to work on /home/airflow/.local/lib/python3.12/site-packages/airflow/example_dags/example_branch_labels.py
[2024-10-28T13:28:36.523+0000] {processor.py:914} INFO - Processing file /home/airflow/.local/lib/python3.12/site-packages/airflow/example_dags/example_branch_labels.py for tasks to queue
[2024-10-28T13:28:36.525+0000] {logging_mixin.py:190} INFO - [2024-10-28T13:28:36.525+0000] {dagbag.py:588} INFO - Filling up the DagBag from /home/airflow/.local/lib/python3.12/site-packages/airflow/example_dags/example_branch_labels.py
[2024-10-28T13:28:36.533+0000] {processor.py:925} INFO - DAG(s) 'example_branch_labels' retrieved from /home/airflow/.local/lib/python3.12/site-packages/airflow/example_dags/example_branch_labels.py
[2024-10-28T13:28:36.550+0000] {logging_mixin.py:190} INFO - [2024-10-28T13:28:36.550+0000] {dag.py:3239} INFO - Sync 1 DAGs
[2024-10-28T13:28:36.571+0000] {logging_mixin.py:190} INFO - [2024-10-28T13:28:36.570+0000] {dag.py:4180} INFO - Setting next_dagrun for example_branch_labels to 2024-10-27 00:00:00+00:00, run_after=2024-10-28 00:00:00+00:00
[2024-10-28T13:28:36.592+0000] {processor.py:208} INFO - Processing /home/airflow/.local/lib/python3.12/site-packages/airflow/example_dags/example_branch_labels.py took 0.075 seconds
[2024-10-28T13:29:07.710+0000] {processor.py:186} INFO - Started process (PID=618) to work on /home/airflow/.local/lib/python3.12/site-packages/airflow/example_dags/example_branch_labels.py
[2024-10-28T13:29:07.713+0000] {processor.py:914} INFO - Processing file /home/airflow/.local/lib/python3.12/site-packages/airflow/example_dags/example_branch_labels.py for tasks to queue
[2024-10-28T13:29:07.715+0000] {logging_mixin.py:190} INFO - [2024-10-28T13:29:07.715+0000] {dagbag.py:588} INFO - Filling up the DagBag from /home/airflow/.local/lib/python3.12/site-packages/airflow/example_dags/example_branch_labels.py
[2024-10-28T13:29:07.722+0000] {processor.py:925} INFO - DAG(s) 'example_branch_labels' retrieved from /home/airflow/.local/lib/python3.12/site-packages/airflow/example_dags/example_branch_labels.py
[2024-10-28T13:29:07.737+0000] {logging_mixin.py:190} INFO - [2024-10-28T13:29:07.737+0000] {dag.py:3239} INFO - Sync 1 DAGs
[2024-10-28T13:29:07.754+0000] {logging_mixin.py:190} INFO - [2024-10-28T13:29:07.753+0000] {dag.py:4180} INFO - Setting next_dagrun for example_branch_labels to 2024-10-27 00:00:00+00:00, run_after=2024-10-28 00:00:00+00:00
[2024-10-28T13:29:07.769+0000] {processor.py:208} INFO - Processing /home/airflow/.local/lib/python3.12/site-packages/airflow/example_dags/example_branch_labels.py took 0.064 seconds
[2024-10-28T13:29:38.495+0000] {processor.py:186} INFO - Started process (PID=681) to work on /home/airflow/.local/lib/python3.12/site-packages/airflow/example_dags/example_branch_labels.py
[2024-10-28T13:29:38.497+0000] {processor.py:914} INFO - Processing file /home/airflow/.local/lib/python3.12/site-packages/airflow/example_dags/example_branch_labels.py for tasks to queue
[2024-10-28T13:29:38.500+0000] {logging_mixin.py:190} INFO - [2024-10-28T13:29:38.499+0000] {dagbag.py:588} INFO - Filling up the DagBag from /home/airflow/.local/lib/python3.12/site-packages/airflow/example_dags/example_branch_labels.py
[2024-10-28T13:29:38.511+0000] {processor.py:925} INFO - DAG(s) 'example_branch_labels' retrieved from /home/airflow/.local/lib/python3.12/site-packages/airflow/example_dags/example_branch_labels.py
[2024-10-28T13:29:38.530+0000] {logging_mixin.py:190} INFO - [2024-10-28T13:29:38.529+0000] {dag.py:3239} INFO - Sync 1 DAGs
[2024-10-28T13:29:38.553+0000] {logging_mixin.py:190} INFO - [2024-10-28T13:29:38.552+0000] {dag.py:4180} INFO - Setting next_dagrun for example_branch_labels to 2024-10-27 00:00:00+00:00, run_after=2024-10-28 00:00:00+00:00
[2024-10-28T13:29:38.571+0000] {processor.py:208} INFO - Processing /home/airflow/.local/lib/python3.12/site-packages/airflow/example_dags/example_branch_labels.py took 0.081 seconds
[2024-10-28T13:30:09.403+0000] {processor.py:186} INFO - Started process (PID=744) to work on /home/airflow/.local/lib/python3.12/site-packages/airflow/example_dags/example_branch_labels.py
[2024-10-28T13:30:09.404+0000] {processor.py:914} INFO - Processing file /home/airflow/.local/lib/python3.12/site-packages/airflow/example_dags/example_branch_labels.py for tasks to queue
[2024-10-28T13:30:09.408+0000] {logging_mixin.py:190} INFO - [2024-10-28T13:30:09.408+0000] {dagbag.py:588} INFO - Filling up the DagBag from /home/airflow/.local/lib/python3.12/site-packages/airflow/example_dags/example_branch_labels.py
[2024-10-28T13:30:09.416+0000] {processor.py:925} INFO - DAG(s) 'example_branch_labels' retrieved from /home/airflow/.local/lib/python3.12/site-packages/airflow/example_dags/example_branch_labels.py
[2024-10-28T13:30:09.434+0000] {logging_mixin.py:190} INFO - [2024-10-28T13:30:09.434+0000] {dag.py:3239} INFO - Sync 1 DAGs
[2024-10-28T13:30:09.453+0000] {logging_mixin.py:190} INFO - [2024-10-28T13:30:09.452+0000] {dag.py:4180} INFO - Setting next_dagrun for example_branch_labels to 2024-10-27 00:00:00+00:00, run_after=2024-10-28 00:00:00+00:00
[2024-10-28T13:30:09.469+0000] {processor.py:208} INFO - Processing /home/airflow/.local/lib/python3.12/site-packages/airflow/example_dags/example_branch_labels.py took 0.070 seconds
[2024-10-28T13:30:39.560+0000] {processor.py:186} INFO - Started process (PID=807) to work on /home/airflow/.local/lib/python3.12/site-packages/airflow/example_dags/example_branch_labels.py
[2024-10-28T13:30:39.561+0000] {processor.py:914} INFO - Processing file /home/airflow/.local/lib/python3.12/site-packages/airflow/example_dags/example_branch_labels.py for tasks to queue
[2024-10-28T13:30:39.562+0000] {logging_mixin.py:190} INFO - [2024-10-28T13:30:39.562+0000] {dagbag.py:588} INFO - Filling up the DagBag from /home/airflow/.local/lib/python3.12/site-packages/airflow/example_dags/example_branch_labels.py
[2024-10-28T13:30:39.570+0000] {processor.py:925} INFO - DAG(s) 'example_branch_labels' retrieved from /home/airflow/.local/lib/python3.12/site-packages/airflow/example_dags/example_branch_labels.py
[2024-10-28T13:30:39.585+0000] {logging_mixin.py:190} INFO - [2024-10-28T13:30:39.585+0000] {dag.py:3239} INFO - Sync 1 DAGs
[2024-10-28T13:30:39.602+0000] {logging_mixin.py:190} INFO - [2024-10-28T13:30:39.602+0000] {dag.py:4180} INFO - Setting next_dagrun for example_branch_labels to 2024-10-27 00:00:00+00:00, run_after=2024-10-28 00:00:00+00:00
[2024-10-28T13:30:39.616+0000] {processor.py:208} INFO - Processing /home/airflow/.local/lib/python3.12/site-packages/airflow/example_dags/example_branch_labels.py took 0.061 seconds
[2024-10-28T13:31:10.533+0000] {processor.py:186} INFO - Started process (PID=870) to work on /home/airflow/.local/lib/python3.12/site-packages/airflow/example_dags/example_branch_labels.py
[2024-10-28T13:31:10.534+0000] {processor.py:914} INFO - Processing file /home/airflow/.local/lib/python3.12/site-packages/airflow/example_dags/example_branch_labels.py for tasks to queue
[2024-10-28T13:31:10.536+0000] {logging_mixin.py:190} INFO - [2024-10-28T13:31:10.535+0000] {dagbag.py:588} INFO - Filling up the DagBag from /home/airflow/.local/lib/python3.12/site-packages/airflow/example_dags/example_branch_labels.py
[2024-10-28T13:31:10.542+0000] {processor.py:925} INFO - DAG(s) 'example_branch_labels' retrieved from /home/airflow/.local/lib/python3.12/site-packages/airflow/example_dags/example_branch_labels.py
[2024-10-28T13:31:10.557+0000] {logging_mixin.py:190} INFO - [2024-10-28T13:31:10.557+0000] {dag.py:3239} INFO - Sync 1 DAGs
[2024-10-28T13:31:10.578+0000] {logging_mixin.py:190} INFO - [2024-10-28T13:31:10.577+0000] {dag.py:4180} INFO - Setting next_dagrun for example_branch_labels to 2024-10-27 00:00:00+00:00, run_after=2024-10-28 00:00:00+00:00
[2024-10-28T13:31:10.591+0000] {processor.py:208} INFO - Processing /home/airflow/.local/lib/python3.12/site-packages/airflow/example_dags/example_branch_labels.py took 0.062 seconds
[2024-10-28T13:31:41.267+0000] {processor.py:186} INFO - Started process (PID=933) to work on /home/airflow/.local/lib/python3.12/site-packages/airflow/example_dags/example_branch_labels.py
[2024-10-28T13:31:41.267+0000] {processor.py:914} INFO - Processing file /home/airflow/.local/lib/python3.12/site-packages/airflow/example_dags/example_branch_labels.py for tasks to queue
[2024-10-28T13:31:41.269+0000] {logging_mixin.py:190} INFO - [2024-10-28T13:31:41.269+0000] {dagbag.py:588} INFO - Filling up the DagBag from /home/airflow/.local/lib/python3.12/site-packages/airflow/example_dags/example_branch_labels.py
[2024-10-28T13:31:41.276+0000] {processor.py:925} INFO - DAG(s) 'example_branch_labels' retrieved from /home/airflow/.local/lib/python3.12/site-packages/airflow/example_dags/example_branch_labels.py
[2024-10-28T13:31:41.289+0000] {logging_mixin.py:190} INFO - [2024-10-28T13:31:41.289+0000] {dag.py:3239} INFO - Sync 1 DAGs
[2024-10-28T13:31:41.305+0000] {logging_mixin.py:190} INFO - [2024-10-28T13:31:41.305+0000] {dag.py:4180} INFO - Setting next_dagrun for example_branch_labels to 2024-10-27 00:00:00+00:00, run_after=2024-10-28 00:00:00+00:00
[2024-10-28T13:31:41.318+0000] {processor.py:208} INFO - Processing /home/airflow/.local/lib/python3.12/site-packages/airflow/example_dags/example_branch_labels.py took 0.056 seconds
[2024-10-28T13:32:11.771+0000] {processor.py:186} INFO - Started process (PID=996) to work on /home/airflow/.local/lib/python3.12/site-packages/airflow/example_dags/example_branch_labels.py
[2024-10-28T13:32:11.772+0000] {processor.py:914} INFO - Processing file /home/airflow/.local/lib/python3.12/site-packages/airflow/example_dags/example_branch_labels.py for tasks to queue
[2024-10-28T13:32:11.774+0000] {logging_mixin.py:190} INFO - [2024-10-28T13:32:11.774+0000] {dagbag.py:588} INFO - Filling up the DagBag from /home/airflow/.local/lib/python3.12/site-packages/airflow/example_dags/example_branch_labels.py
[2024-10-28T13:32:11.781+0000] {processor.py:925} INFO - DAG(s) 'example_branch_labels' retrieved from /home/airflow/.local/lib/python3.12/site-packages/airflow/example_dags/example_branch_labels.py
[2024-10-28T13:32:11.796+0000] {logging_mixin.py:190} INFO - [2024-10-28T13:32:11.796+0000] {dag.py:3239} INFO - Sync 1 DAGs
[2024-10-28T13:32:11.812+0000] {logging_mixin.py:190} INFO - [2024-10-28T13:32:11.811+0000] {dag.py:4180} INFO - Setting next_dagrun for example_branch_labels to 2024-10-27 00:00:00+00:00, run_after=2024-10-28 00:00:00+00:00
[2024-10-28T13:32:11.827+0000] {processor.py:208} INFO - Processing /home/airflow/.local/lib/python3.12/site-packages/airflow/example_dags/example_branch_labels.py took 0.061 seconds
[2024-10-28T13:32:41.907+0000] {processor.py:186} INFO - Started process (PID=1058) to work on /home/airflow/.local/lib/python3.12/site-packages/airflow/example_dags/example_branch_labels.py
[2024-10-28T13:32:41.908+0000] {processor.py:914} INFO - Processing file /home/airflow/.local/lib/python3.12/site-packages/airflow/example_dags/example_branch_labels.py for tasks to queue
[2024-10-28T13:32:41.910+0000] {logging_mixin.py:190} INFO - [2024-10-28T13:32:41.910+0000] {dagbag.py:588} INFO - Filling up the DagBag from /home/airflow/.local/lib/python3.12/site-packages/airflow/example_dags/example_branch_labels.py
[2024-10-28T13:32:41.917+0000] {processor.py:925} INFO - DAG(s) 'example_branch_labels' retrieved from /home/airflow/.local/lib/python3.12/site-packages/airflow/example_dags/example_branch_labels.py
[2024-10-28T13:32:41.931+0000] {logging_mixin.py:190} INFO - [2024-10-28T13:32:41.931+0000] {dag.py:3239} INFO - Sync 1 DAGs
[2024-10-28T13:32:41.950+0000] {logging_mixin.py:190} INFO - [2024-10-28T13:32:41.950+0000] {dag.py:4180} INFO - Setting next_dagrun for example_branch_labels to 2024-10-27 00:00:00+00:00, run_after=2024-10-28 00:00:00+00:00
[2024-10-28T13:32:41.963+0000] {processor.py:208} INFO - Processing /home/airflow/.local/lib/python3.12/site-packages/airflow/example_dags/example_branch_labels.py took 0.060 seconds
[2024-10-28T13:33:12.500+0000] {processor.py:186} INFO - Started process (PID=1122) to work on /home/airflow/.local/lib/python3.12/site-packages/airflow/example_dags/example_branch_labels.py
[2024-10-28T13:33:12.501+0000] {processor.py:914} INFO - Processing file /home/airflow/.local/lib/python3.12/site-packages/airflow/example_dags/example_branch_labels.py for tasks to queue
[2024-10-28T13:33:12.503+0000] {logging_mixin.py:190} INFO - [2024-10-28T13:33:12.503+0000] {dagbag.py:588} INFO - Filling up the DagBag from /home/airflow/.local/lib/python3.12/site-packages/airflow/example_dags/example_branch_labels.py
[2024-10-28T13:33:12.510+0000] {processor.py:925} INFO - DAG(s) 'example_branch_labels' retrieved from /home/airflow/.local/lib/python3.12/site-packages/airflow/example_dags/example_branch_labels.py
[2024-10-28T13:33:12.525+0000] {logging_mixin.py:190} INFO - [2024-10-28T13:33:12.525+0000] {dag.py:3239} INFO - Sync 1 DAGs
[2024-10-28T13:33:12.541+0000] {logging_mixin.py:190} INFO - [2024-10-28T13:33:12.541+0000] {dag.py:4180} INFO - Setting next_dagrun for example_branch_labels to 2024-10-27 00:00:00+00:00, run_after=2024-10-28 00:00:00+00:00
[2024-10-28T13:33:12.555+0000] {processor.py:208} INFO - Processing /home/airflow/.local/lib/python3.12/site-packages/airflow/example_dags/example_branch_labels.py took 0.059 seconds
[2024-10-28T13:33:43.616+0000] {processor.py:186} INFO - Started process (PID=1185) to work on /home/airflow/.local/lib/python3.12/site-packages/airflow/example_dags/example_branch_labels.py
[2024-10-28T13:33:43.618+0000] {processor.py:914} INFO - Processing file /home/airflow/.local/lib/python3.12/site-packages/airflow/example_dags/example_branch_labels.py for tasks to queue
[2024-10-28T13:33:43.620+0000] {logging_mixin.py:190} INFO - [2024-10-28T13:33:43.620+0000] {dagbag.py:588} INFO - Filling up the DagBag from /home/airflow/.local/lib/python3.12/site-packages/airflow/example_dags/example_branch_labels.py
[2024-10-28T13:33:43.642+0000] {processor.py:925} INFO - DAG(s) 'example_branch_labels' retrieved from /home/airflow/.local/lib/python3.12/site-packages/airflow/example_dags/example_branch_labels.py
[2024-10-28T13:33:43.679+0000] {logging_mixin.py:190} INFO - [2024-10-28T13:33:43.678+0000] {dag.py:3239} INFO - Sync 1 DAGs
[2024-10-28T13:33:43.696+0000] {logging_mixin.py:190} INFO - [2024-10-28T13:33:43.696+0000] {dag.py:4180} INFO - Setting next_dagrun for example_branch_labels to 2024-10-27 00:00:00+00:00, run_after=2024-10-28 00:00:00+00:00
[2024-10-28T13:33:43.711+0000] {processor.py:208} INFO - Processing /home/airflow/.local/lib/python3.12/site-packages/airflow/example_dags/example_branch_labels.py took 0.106 seconds
[2024-10-28T13:34:14.365+0000] {processor.py:186} INFO - Started process (PID=1248) to work on /home/airflow/.local/lib/python3.12/site-packages/airflow/example_dags/example_branch_labels.py
[2024-10-28T13:34:14.366+0000] {processor.py:914} INFO - Processing file /home/airflow/.local/lib/python3.12/site-packages/airflow/example_dags/example_branch_labels.py for tasks to queue
[2024-10-28T13:34:14.368+0000] {logging_mixin.py:190} INFO - [2024-10-28T13:34:14.368+0000] {dagbag.py:588} INFO - Filling up the DagBag from /home/airflow/.local/lib/python3.12/site-packages/airflow/example_dags/example_branch_labels.py
[2024-10-28T13:34:14.375+0000] {processor.py:925} INFO - DAG(s) 'example_branch_labels' retrieved from /home/airflow/.local/lib/python3.12/site-packages/airflow/example_dags/example_branch_labels.py
[2024-10-28T13:34:14.390+0000] {logging_mixin.py:190} INFO - [2024-10-28T13:34:14.390+0000] {dag.py:3239} INFO - Sync 1 DAGs
[2024-10-28T13:34:14.407+0000] {logging_mixin.py:190} INFO - [2024-10-28T13:34:14.406+0000] {dag.py:4180} INFO - Setting next_dagrun for example_branch_labels to 2024-10-27 00:00:00+00:00, run_after=2024-10-28 00:00:00+00:00
[2024-10-28T13:34:14.421+0000] {processor.py:208} INFO - Processing /home/airflow/.local/lib/python3.12/site-packages/airflow/example_dags/example_branch_labels.py took 0.060 seconds
[2024-10-28T13:34:45.244+0000] {processor.py:186} INFO - Started process (PID=1311) to work on /home/airflow/.local/lib/python3.12/site-packages/airflow/example_dags/example_branch_labels.py
[2024-10-28T13:34:45.247+0000] {processor.py:914} INFO - Processing file /home/airflow/.local/lib/python3.12/site-packages/airflow/example_dags/example_branch_labels.py for tasks to queue
[2024-10-28T13:34:45.249+0000] {logging_mixin.py:190} INFO - [2024-10-28T13:34:45.248+0000] {dagbag.py:588} INFO - Filling up the DagBag from /home/airflow/.local/lib/python3.12/site-packages/airflow/example_dags/example_branch_labels.py
[2024-10-28T13:34:45.256+0000] {processor.py:925} INFO - DAG(s) 'example_branch_labels' retrieved from /home/airflow/.local/lib/python3.12/site-packages/airflow/example_dags/example_branch_labels.py
[2024-10-28T13:34:45.270+0000] {logging_mixin.py:190} INFO - [2024-10-28T13:34:45.270+0000] {dag.py:3239} INFO - Sync 1 DAGs
[2024-10-28T13:34:45.287+0000] {logging_mixin.py:190} INFO - [2024-10-28T13:34:45.287+0000] {dag.py:4180} INFO - Setting next_dagrun for example_branch_labels to 2024-10-27 00:00:00+00:00, run_after=2024-10-28 00:00:00+00:00
[2024-10-28T13:34:45.301+0000] {processor.py:208} INFO - Processing /home/airflow/.local/lib/python3.12/site-packages/airflow/example_dags/example_branch_labels.py took 0.061 seconds
[2024-10-28T13:35:16.638+0000] {processor.py:186} INFO - Started process (PID=1375) to work on /home/airflow/.local/lib/python3.12/site-packages/airflow/example_dags/example_branch_labels.py
[2024-10-28T13:35:16.639+0000] {processor.py:914} INFO - Processing file /home/airflow/.local/lib/python3.12/site-packages/airflow/example_dags/example_branch_labels.py for tasks to queue
[2024-10-28T13:35:16.641+0000] {logging_mixin.py:190} INFO - [2024-10-28T13:35:16.641+0000] {dagbag.py:588} INFO - Filling up the DagBag from /home/airflow/.local/lib/python3.12/site-packages/airflow/example_dags/example_branch_labels.py
[2024-10-28T13:35:16.649+0000] {processor.py:925} INFO - DAG(s) 'example_branch_labels' retrieved from /home/airflow/.local/lib/python3.12/site-packages/airflow/example_dags/example_branch_labels.py
[2024-10-28T13:35:16.669+0000] {logging_mixin.py:190} INFO - [2024-10-28T13:35:16.669+0000] {dag.py:3239} INFO - Sync 1 DAGs
[2024-10-28T13:35:16.690+0000] {logging_mixin.py:190} INFO - [2024-10-28T13:35:16.690+0000] {dag.py:4180} INFO - Setting next_dagrun for example_branch_labels to 2024-10-27 00:00:00+00:00, run_after=2024-10-28 00:00:00+00:00
[2024-10-28T13:35:16.707+0000] {processor.py:208} INFO - Processing /home/airflow/.local/lib/python3.12/site-packages/airflow/example_dags/example_branch_labels.py took 0.074 seconds
[2024-10-28T13:35:47.184+0000] {processor.py:186} INFO - Started process (PID=1437) to work on /home/airflow/.local/lib/python3.12/site-packages/airflow/example_dags/example_branch_labels.py
[2024-10-28T13:35:47.185+0000] {processor.py:914} INFO - Processing file /home/airflow/.local/lib/python3.12/site-packages/airflow/example_dags/example_branch_labels.py for tasks to queue
[2024-10-28T13:35:47.193+0000] {logging_mixin.py:190} INFO - [2024-10-28T13:35:47.193+0000] {dagbag.py:588} INFO - Filling up the DagBag from /home/airflow/.local/lib/python3.12/site-packages/airflow/example_dags/example_branch_labels.py
[2024-10-28T13:35:47.204+0000] {processor.py:925} INFO - DAG(s) 'example_branch_labels' retrieved from /home/airflow/.local/lib/python3.12/site-packages/airflow/example_dags/example_branch_labels.py
[2024-10-28T13:35:47.251+0000] {logging_mixin.py:190} INFO - [2024-10-28T13:35:47.250+0000] {dag.py:3239} INFO - Sync 1 DAGs
[2024-10-28T13:35:47.283+0000] {logging_mixin.py:190} INFO - [2024-10-28T13:35:47.283+0000] {dag.py:4180} INFO - Setting next_dagrun for example_branch_labels to 2024-10-27 00:00:00+00:00, run_after=2024-10-28 00:00:00+00:00
[2024-10-28T13:35:47.301+0000] {processor.py:208} INFO - Processing /home/airflow/.local/lib/python3.12/site-packages/airflow/example_dags/example_branch_labels.py took 0.122 seconds
[2024-10-28T13:36:17.894+0000] {processor.py:186} INFO - Started process (PID=1500) to work on /home/airflow/.local/lib/python3.12/site-packages/airflow/example_dags/example_branch_labels.py
[2024-10-28T13:36:17.895+0000] {processor.py:914} INFO - Processing file /home/airflow/.local/lib/python3.12/site-packages/airflow/example_dags/example_branch_labels.py for tasks to queue
[2024-10-28T13:36:17.897+0000] {logging_mixin.py:190} INFO - [2024-10-28T13:36:17.897+0000] {dagbag.py:588} INFO - Filling up the DagBag from /home/airflow/.local/lib/python3.12/site-packages/airflow/example_dags/example_branch_labels.py
[2024-10-28T13:36:17.904+0000] {processor.py:925} INFO - DAG(s) 'example_branch_labels' retrieved from /home/airflow/.local/lib/python3.12/site-packages/airflow/example_dags/example_branch_labels.py
[2024-10-28T13:36:17.919+0000] {logging_mixin.py:190} INFO - [2024-10-28T13:36:17.918+0000] {dag.py:3239} INFO - Sync 1 DAGs
[2024-10-28T13:36:17.935+0000] {logging_mixin.py:190} INFO - [2024-10-28T13:36:17.934+0000] {dag.py:4180} INFO - Setting next_dagrun for example_branch_labels to 2024-10-27 00:00:00+00:00, run_after=2024-10-28 00:00:00+00:00
[2024-10-28T13:36:17.948+0000] {processor.py:208} INFO - Processing /home/airflow/.local/lib/python3.12/site-packages/airflow/example_dags/example_branch_labels.py took 0.059 seconds
[2024-10-28T13:36:48.242+0000] {processor.py:186} INFO - Started process (PID=1563) to work on /home/airflow/.local/lib/python3.12/site-packages/airflow/example_dags/example_branch_labels.py
[2024-10-28T13:36:48.243+0000] {processor.py:914} INFO - Processing file /home/airflow/.local/lib/python3.12/site-packages/airflow/example_dags/example_branch_labels.py for tasks to queue
[2024-10-28T13:36:48.245+0000] {logging_mixin.py:190} INFO - [2024-10-28T13:36:48.245+0000] {dagbag.py:588} INFO - Filling up the DagBag from /home/airflow/.local/lib/python3.12/site-packages/airflow/example_dags/example_branch_labels.py
[2024-10-28T13:36:48.252+0000] {processor.py:925} INFO - DAG(s) 'example_branch_labels' retrieved from /home/airflow/.local/lib/python3.12/site-packages/airflow/example_dags/example_branch_labels.py
[2024-10-28T13:36:48.266+0000] {logging_mixin.py:190} INFO - [2024-10-28T13:36:48.266+0000] {dag.py:3239} INFO - Sync 1 DAGs
[2024-10-28T13:36:48.282+0000] {logging_mixin.py:190} INFO - [2024-10-28T13:36:48.282+0000] {dag.py:4180} INFO - Setting next_dagrun for example_branch_labels to 2024-10-27 00:00:00+00:00, run_after=2024-10-28 00:00:00+00:00
[2024-10-28T13:36:48.296+0000] {processor.py:208} INFO - Processing /home/airflow/.local/lib/python3.12/site-packages/airflow/example_dags/example_branch_labels.py took 0.058 seconds
[2024-10-28T13:37:18.681+0000] {processor.py:186} INFO - Started process (PID=1626) to work on /home/airflow/.local/lib/python3.12/site-packages/airflow/example_dags/example_branch_labels.py
[2024-10-28T13:37:18.682+0000] {processor.py:914} INFO - Processing file /home/airflow/.local/lib/python3.12/site-packages/airflow/example_dags/example_branch_labels.py for tasks to queue
[2024-10-28T13:37:18.685+0000] {logging_mixin.py:190} INFO - [2024-10-28T13:37:18.684+0000] {dagbag.py:588} INFO - Filling up the DagBag from /home/airflow/.local/lib/python3.12/site-packages/airflow/example_dags/example_branch_labels.py
[2024-10-28T13:37:18.693+0000] {processor.py:925} INFO - DAG(s) 'example_branch_labels' retrieved from /home/airflow/.local/lib/python3.12/site-packages/airflow/example_dags/example_branch_labels.py
[2024-10-28T13:37:18.708+0000] {logging_mixin.py:190} INFO - [2024-10-28T13:37:18.708+0000] {dag.py:3239} INFO - Sync 1 DAGs
[2024-10-28T13:37:18.726+0000] {logging_mixin.py:190} INFO - [2024-10-28T13:37:18.725+0000] {dag.py:4180} INFO - Setting next_dagrun for example_branch_labels to 2024-10-27 00:00:00+00:00, run_after=2024-10-28 00:00:00+00:00
[2024-10-28T13:37:18.742+0000] {processor.py:208} INFO - Processing /home/airflow/.local/lib/python3.12/site-packages/airflow/example_dags/example_branch_labels.py took 0.065 seconds
[2024-10-28T13:37:49.238+0000] {processor.py:186} INFO - Started process (PID=1689) to work on /home/airflow/.local/lib/python3.12/site-packages/airflow/example_dags/example_branch_labels.py
[2024-10-28T13:37:49.238+0000] {processor.py:914} INFO - Processing file /home/airflow/.local/lib/python3.12/site-packages/airflow/example_dags/example_branch_labels.py for tasks to queue
[2024-10-28T13:37:49.240+0000] {logging_mixin.py:190} INFO - [2024-10-28T13:37:49.240+0000] {dagbag.py:588} INFO - Filling up the DagBag from /home/airflow/.local/lib/python3.12/site-packages/airflow/example_dags/example_branch_labels.py
[2024-10-28T13:37:49.247+0000] {processor.py:925} INFO - DAG(s) 'example_branch_labels' retrieved from /home/airflow/.local/lib/python3.12/site-packages/airflow/example_dags/example_branch_labels.py
[2024-10-28T13:37:49.261+0000] {logging_mixin.py:190} INFO - [2024-10-28T13:37:49.260+0000] {dag.py:3239} INFO - Sync 1 DAGs
[2024-10-28T13:37:49.276+0000] {logging_mixin.py:190} INFO - [2024-10-28T13:37:49.276+0000] {dag.py:4180} INFO - Setting next_dagrun for example_branch_labels to 2024-10-27 00:00:00+00:00, run_after=2024-10-28 00:00:00+00:00
[2024-10-28T13:37:49.289+0000] {processor.py:208} INFO - Processing /home/airflow/.local/lib/python3.12/site-packages/airflow/example_dags/example_branch_labels.py took 0.056 seconds
[2024-10-28T13:38:19.472+0000] {processor.py:186} INFO - Started process (PID=1752) to work on /home/airflow/.local/lib/python3.12/site-packages/airflow/example_dags/example_branch_labels.py
[2024-10-28T13:38:19.473+0000] {processor.py:914} INFO - Processing file /home/airflow/.local/lib/python3.12/site-packages/airflow/example_dags/example_branch_labels.py for tasks to queue
[2024-10-28T13:38:19.475+0000] {logging_mixin.py:190} INFO - [2024-10-28T13:38:19.475+0000] {dagbag.py:588} INFO - Filling up the DagBag from /home/airflow/.local/lib/python3.12/site-packages/airflow/example_dags/example_branch_labels.py
[2024-10-28T13:38:19.482+0000] {processor.py:925} INFO - DAG(s) 'example_branch_labels' retrieved from /home/airflow/.local/lib/python3.12/site-packages/airflow/example_dags/example_branch_labels.py
[2024-10-28T13:38:19.496+0000] {logging_mixin.py:190} INFO - [2024-10-28T13:38:19.496+0000] {dag.py:3239} INFO - Sync 1 DAGs
[2024-10-28T13:38:19.512+0000] {logging_mixin.py:190} INFO - [2024-10-28T13:38:19.512+0000] {dag.py:4180} INFO - Setting next_dagrun for example_branch_labels to 2024-10-27 00:00:00+00:00, run_after=2024-10-28 00:00:00+00:00
[2024-10-28T13:38:19.527+0000] {processor.py:208} INFO - Processing /home/airflow/.local/lib/python3.12/site-packages/airflow/example_dags/example_branch_labels.py took 0.059 seconds
[2024-10-28T13:38:50.106+0000] {processor.py:186} INFO - Started process (PID=1814) to work on /home/airflow/.local/lib/python3.12/site-packages/airflow/example_dags/example_branch_labels.py
[2024-10-28T13:38:50.106+0000] {processor.py:914} INFO - Processing file /home/airflow/.local/lib/python3.12/site-packages/airflow/example_dags/example_branch_labels.py for tasks to queue
[2024-10-28T13:38:50.108+0000] {logging_mixin.py:190} INFO - [2024-10-28T13:38:50.108+0000] {dagbag.py:588} INFO - Filling up the DagBag from /home/airflow/.local/lib/python3.12/site-packages/airflow/example_dags/example_branch_labels.py
[2024-10-28T13:38:50.117+0000] {processor.py:925} INFO - DAG(s) 'example_branch_labels' retrieved from /home/airflow/.local/lib/python3.12/site-packages/airflow/example_dags/example_branch_labels.py
[2024-10-28T13:38:50.137+0000] {logging_mixin.py:190} INFO - [2024-10-28T13:38:50.137+0000] {dag.py:3239} INFO - Sync 1 DAGs
[2024-10-28T13:38:50.159+0000] {logging_mixin.py:190} INFO - [2024-10-28T13:38:50.159+0000] {dag.py:4180} INFO - Setting next_dagrun for example_branch_labels to 2024-10-27 00:00:00+00:00, run_after=2024-10-28 00:00:00+00:00
[2024-10-28T13:38:50.179+0000] {processor.py:208} INFO - Processing /home/airflow/.local/lib/python3.12/site-packages/airflow/example_dags/example_branch_labels.py took 0.078 seconds
[2024-10-28T13:39:20.630+0000] {processor.py:186} INFO - Started process (PID=1877) to work on /home/airflow/.local/lib/python3.12/site-packages/airflow/example_dags/example_branch_labels.py
[2024-10-28T13:39:20.631+0000] {processor.py:914} INFO - Processing file /home/airflow/.local/lib/python3.12/site-packages/airflow/example_dags/example_branch_labels.py for tasks to queue
[2024-10-28T13:39:20.633+0000] {logging_mixin.py:190} INFO - [2024-10-28T13:39:20.632+0000] {dagbag.py:588} INFO - Filling up the DagBag from /home/airflow/.local/lib/python3.12/site-packages/airflow/example_dags/example_branch_labels.py
[2024-10-28T13:39:20.640+0000] {processor.py:925} INFO - DAG(s) 'example_branch_labels' retrieved from /home/airflow/.local/lib/python3.12/site-packages/airflow/example_dags/example_branch_labels.py
[2024-10-28T13:39:20.653+0000] {logging_mixin.py:190} INFO - [2024-10-28T13:39:20.653+0000] {dag.py:3239} INFO - Sync 1 DAGs
[2024-10-28T13:39:20.670+0000] {logging_mixin.py:190} INFO - [2024-10-28T13:39:20.670+0000] {dag.py:4180} INFO - Setting next_dagrun for example_branch_labels to 2024-10-27 00:00:00+00:00, run_after=2024-10-28 00:00:00+00:00
[2024-10-28T13:39:20.684+0000] {processor.py:208} INFO - Processing /home/airflow/.local/lib/python3.12/site-packages/airflow/example_dags/example_branch_labels.py took 0.059 seconds
[2024-10-28T13:39:51.592+0000] {processor.py:186} INFO - Started process (PID=1941) to work on /home/airflow/.local/lib/python3.12/site-packages/airflow/example_dags/example_branch_labels.py
[2024-10-28T13:39:51.593+0000] {processor.py:914} INFO - Processing file /home/airflow/.local/lib/python3.12/site-packages/airflow/example_dags/example_branch_labels.py for tasks to queue
[2024-10-28T13:39:51.595+0000] {logging_mixin.py:190} INFO - [2024-10-28T13:39:51.595+0000] {dagbag.py:588} INFO - Filling up the DagBag from /home/airflow/.local/lib/python3.12/site-packages/airflow/example_dags/example_branch_labels.py
[2024-10-28T13:39:51.603+0000] {processor.py:925} INFO - DAG(s) 'example_branch_labels' retrieved from /home/airflow/.local/lib/python3.12/site-packages/airflow/example_dags/example_branch_labels.py
[2024-10-28T13:39:51.618+0000] {logging_mixin.py:190} INFO - [2024-10-28T13:39:51.618+0000] {dag.py:3239} INFO - Sync 1 DAGs
[2024-10-28T13:39:51.638+0000] {logging_mixin.py:190} INFO - [2024-10-28T13:39:51.638+0000] {dag.py:4180} INFO - Setting next_dagrun for example_branch_labels to 2024-10-27 00:00:00+00:00, run_after=2024-10-28 00:00:00+00:00
[2024-10-28T13:39:51.654+0000] {processor.py:208} INFO - Processing /home/airflow/.local/lib/python3.12/site-packages/airflow/example_dags/example_branch_labels.py took 0.067 seconds
[2024-10-28T13:40:21.943+0000] {processor.py:186} INFO - Started process (PID=2004) to work on /home/airflow/.local/lib/python3.12/site-packages/airflow/example_dags/example_branch_labels.py
[2024-10-28T13:40:21.944+0000] {processor.py:914} INFO - Processing file /home/airflow/.local/lib/python3.12/site-packages/airflow/example_dags/example_branch_labels.py for tasks to queue
[2024-10-28T13:40:21.946+0000] {logging_mixin.py:190} INFO - [2024-10-28T13:40:21.945+0000] {dagbag.py:588} INFO - Filling up the DagBag from /home/airflow/.local/lib/python3.12/site-packages/airflow/example_dags/example_branch_labels.py
[2024-10-28T13:40:21.953+0000] {processor.py:925} INFO - DAG(s) 'example_branch_labels' retrieved from /home/airflow/.local/lib/python3.12/site-packages/airflow/example_dags/example_branch_labels.py
[2024-10-28T13:40:21.967+0000] {logging_mixin.py:190} INFO - [2024-10-28T13:40:21.967+0000] {dag.py:3239} INFO - Sync 1 DAGs
[2024-10-28T13:40:21.984+0000] {logging_mixin.py:190} INFO - [2024-10-28T13:40:21.984+0000] {dag.py:4180} INFO - Setting next_dagrun for example_branch_labels to 2024-10-27 00:00:00+00:00, run_after=2024-10-28 00:00:00+00:00
[2024-10-28T13:40:21.999+0000] {processor.py:208} INFO - Processing /home/airflow/.local/lib/python3.12/site-packages/airflow/example_dags/example_branch_labels.py took 0.061 seconds
[2024-10-28T13:40:52.834+0000] {processor.py:186} INFO - Started process (PID=2067) to work on /home/airflow/.local/lib/python3.12/site-packages/airflow/example_dags/example_branch_labels.py
[2024-10-28T13:40:52.835+0000] {processor.py:914} INFO - Processing file /home/airflow/.local/lib/python3.12/site-packages/airflow/example_dags/example_branch_labels.py for tasks to queue
[2024-10-28T13:40:52.837+0000] {logging_mixin.py:190} INFO - [2024-10-28T13:40:52.837+0000] {dagbag.py:588} INFO - Filling up the DagBag from /home/airflow/.local/lib/python3.12/site-packages/airflow/example_dags/example_branch_labels.py
[2024-10-28T13:40:52.846+0000] {processor.py:925} INFO - DAG(s) 'example_branch_labels' retrieved from /home/airflow/.local/lib/python3.12/site-packages/airflow/example_dags/example_branch_labels.py
[2024-10-28T13:40:52.867+0000] {logging_mixin.py:190} INFO - [2024-10-28T13:40:52.867+0000] {dag.py:3239} INFO - Sync 1 DAGs
[2024-10-28T13:40:52.888+0000] {logging_mixin.py:190} INFO - [2024-10-28T13:40:52.888+0000] {dag.py:4180} INFO - Setting next_dagrun for example_branch_labels to 2024-10-27 00:00:00+00:00, run_after=2024-10-28 00:00:00+00:00
[2024-10-28T13:40:52.907+0000] {processor.py:208} INFO - Processing /home/airflow/.local/lib/python3.12/site-packages/airflow/example_dags/example_branch_labels.py took 0.079 seconds
[2024-10-28T13:41:22.964+0000] {processor.py:186} INFO - Started process (PID=2130) to work on /home/airflow/.local/lib/python3.12/site-packages/airflow/example_dags/example_branch_labels.py
[2024-10-28T13:41:22.965+0000] {processor.py:914} INFO - Processing file /home/airflow/.local/lib/python3.12/site-packages/airflow/example_dags/example_branch_labels.py for tasks to queue
[2024-10-28T13:41:22.968+0000] {logging_mixin.py:190} INFO - [2024-10-28T13:41:22.967+0000] {dagbag.py:588} INFO - Filling up the DagBag from /home/airflow/.local/lib/python3.12/site-packages/airflow/example_dags/example_branch_labels.py
[2024-10-28T13:41:22.975+0000] {processor.py:925} INFO - DAG(s) 'example_branch_labels' retrieved from /home/airflow/.local/lib/python3.12/site-packages/airflow/example_dags/example_branch_labels.py
[2024-10-28T13:41:22.992+0000] {logging_mixin.py:190} INFO - [2024-10-28T13:41:22.992+0000] {dag.py:3239} INFO - Sync 1 DAGs
[2024-10-28T13:41:23.012+0000] {logging_mixin.py:190} INFO - [2024-10-28T13:41:23.012+0000] {dag.py:4180} INFO - Setting next_dagrun for example_branch_labels to 2024-10-27 00:00:00+00:00, run_after=2024-10-28 00:00:00+00:00
[2024-10-28T13:41:23.031+0000] {processor.py:208} INFO - Processing /home/airflow/.local/lib/python3.12/site-packages/airflow/example_dags/example_branch_labels.py took 0.072 seconds
[2024-10-28T13:41:54.295+0000] {processor.py:186} INFO - Started process (PID=2193) to work on /home/airflow/.local/lib/python3.12/site-packages/airflow/example_dags/example_branch_labels.py
[2024-10-28T13:41:54.296+0000] {processor.py:914} INFO - Processing file /home/airflow/.local/lib/python3.12/site-packages/airflow/example_dags/example_branch_labels.py for tasks to queue
[2024-10-28T13:41:54.299+0000] {logging_mixin.py:190} INFO - [2024-10-28T13:41:54.298+0000] {dagbag.py:588} INFO - Filling up the DagBag from /home/airflow/.local/lib/python3.12/site-packages/airflow/example_dags/example_branch_labels.py
[2024-10-28T13:41:54.308+0000] {processor.py:925} INFO - DAG(s) 'example_branch_labels' retrieved from /home/airflow/.local/lib/python3.12/site-packages/airflow/example_dags/example_branch_labels.py
[2024-10-28T13:41:54.327+0000] {logging_mixin.py:190} INFO - [2024-10-28T13:41:54.327+0000] {dag.py:3239} INFO - Sync 1 DAGs
[2024-10-28T13:41:54.351+0000] {logging_mixin.py:190} INFO - [2024-10-28T13:41:54.351+0000] {dag.py:4180} INFO - Setting next_dagrun for example_branch_labels to 2024-10-27 00:00:00+00:00, run_after=2024-10-28 00:00:00+00:00
[2024-10-28T13:41:54.369+0000] {processor.py:208} INFO - Processing /home/airflow/.local/lib/python3.12/site-packages/airflow/example_dags/example_branch_labels.py took 0.078 seconds
[2024-10-28T13:42:24.474+0000] {processor.py:186} INFO - Started process (PID=2257) to work on /home/airflow/.local/lib/python3.12/site-packages/airflow/example_dags/example_branch_labels.py
[2024-10-28T13:42:24.475+0000] {processor.py:914} INFO - Processing file /home/airflow/.local/lib/python3.12/site-packages/airflow/example_dags/example_branch_labels.py for tasks to queue
[2024-10-28T13:42:24.476+0000] {logging_mixin.py:190} INFO - [2024-10-28T13:42:24.476+0000] {dagbag.py:588} INFO - Filling up the DagBag from /home/airflow/.local/lib/python3.12/site-packages/airflow/example_dags/example_branch_labels.py
[2024-10-28T13:42:24.483+0000] {processor.py:925} INFO - DAG(s) 'example_branch_labels' retrieved from /home/airflow/.local/lib/python3.12/site-packages/airflow/example_dags/example_branch_labels.py
[2024-10-28T13:42:24.498+0000] {logging_mixin.py:190} INFO - [2024-10-28T13:42:24.498+0000] {dag.py:3239} INFO - Sync 1 DAGs
[2024-10-28T13:42:24.516+0000] {logging_mixin.py:190} INFO - [2024-10-28T13:42:24.516+0000] {dag.py:4180} INFO - Setting next_dagrun for example_branch_labels to 2024-10-27 00:00:00+00:00, run_after=2024-10-28 00:00:00+00:00
[2024-10-28T13:42:24.532+0000] {processor.py:208} INFO - Processing /home/airflow/.local/lib/python3.12/site-packages/airflow/example_dags/example_branch_labels.py took 0.063 seconds
[2024-10-28T13:42:55.670+0000] {processor.py:186} INFO - Started process (PID=2318) to work on /home/airflow/.local/lib/python3.12/site-packages/airflow/example_dags/example_branch_labels.py
[2024-10-28T13:42:55.671+0000] {processor.py:914} INFO - Processing file /home/airflow/.local/lib/python3.12/site-packages/airflow/example_dags/example_branch_labels.py for tasks to queue
[2024-10-28T13:42:55.673+0000] {logging_mixin.py:190} INFO - [2024-10-28T13:42:55.672+0000] {dagbag.py:588} INFO - Filling up the DagBag from /home/airflow/.local/lib/python3.12/site-packages/airflow/example_dags/example_branch_labels.py
[2024-10-28T13:42:55.680+0000] {processor.py:925} INFO - DAG(s) 'example_branch_labels' retrieved from /home/airflow/.local/lib/python3.12/site-packages/airflow/example_dags/example_branch_labels.py
[2024-10-28T13:42:55.698+0000] {logging_mixin.py:190} INFO - [2024-10-28T13:42:55.697+0000] {dag.py:3239} INFO - Sync 1 DAGs
[2024-10-28T13:42:55.717+0000] {logging_mixin.py:190} INFO - [2024-10-28T13:42:55.716+0000] {dag.py:4180} INFO - Setting next_dagrun for example_branch_labels to 2024-10-27 00:00:00+00:00, run_after=2024-10-28 00:00:00+00:00
[2024-10-28T13:42:55.734+0000] {processor.py:208} INFO - Processing /home/airflow/.local/lib/python3.12/site-packages/airflow/example_dags/example_branch_labels.py took 0.068 seconds
[2024-10-28T13:43:26.226+0000] {processor.py:186} INFO - Started process (PID=2380) to work on /home/airflow/.local/lib/python3.12/site-packages/airflow/example_dags/example_branch_labels.py
[2024-10-28T13:43:26.227+0000] {processor.py:914} INFO - Processing file /home/airflow/.local/lib/python3.12/site-packages/airflow/example_dags/example_branch_labels.py for tasks to queue
[2024-10-28T13:43:26.228+0000] {logging_mixin.py:190} INFO - [2024-10-28T13:43:26.228+0000] {dagbag.py:588} INFO - Filling up the DagBag from /home/airflow/.local/lib/python3.12/site-packages/airflow/example_dags/example_branch_labels.py
[2024-10-28T13:43:26.235+0000] {processor.py:925} INFO - DAG(s) 'example_branch_labels' retrieved from /home/airflow/.local/lib/python3.12/site-packages/airflow/example_dags/example_branch_labels.py
[2024-10-28T13:43:26.250+0000] {logging_mixin.py:190} INFO - [2024-10-28T13:43:26.250+0000] {dag.py:3239} INFO - Sync 1 DAGs
[2024-10-28T13:43:26.268+0000] {logging_mixin.py:190} INFO - [2024-10-28T13:43:26.268+0000] {dag.py:4180} INFO - Setting next_dagrun for example_branch_labels to 2024-10-27 00:00:00+00:00, run_after=2024-10-28 00:00:00+00:00
[2024-10-28T13:43:26.282+0000] {processor.py:208} INFO - Processing /home/airflow/.local/lib/python3.12/site-packages/airflow/example_dags/example_branch_labels.py took 0.060 seconds
[2024-10-28T13:43:57.174+0000] {processor.py:186} INFO - Started process (PID=2442) to work on /home/airflow/.local/lib/python3.12/site-packages/airflow/example_dags/example_branch_labels.py
[2024-10-28T13:43:57.175+0000] {processor.py:914} INFO - Processing file /home/airflow/.local/lib/python3.12/site-packages/airflow/example_dags/example_branch_labels.py for tasks to queue
[2024-10-28T13:43:57.177+0000] {logging_mixin.py:190} INFO - [2024-10-28T13:43:57.176+0000] {dagbag.py:588} INFO - Filling up the DagBag from /home/airflow/.local/lib/python3.12/site-packages/airflow/example_dags/example_branch_labels.py
[2024-10-28T13:43:57.184+0000] {processor.py:925} INFO - DAG(s) 'example_branch_labels' retrieved from /home/airflow/.local/lib/python3.12/site-packages/airflow/example_dags/example_branch_labels.py
[2024-10-28T13:43:57.212+0000] {logging_mixin.py:190} INFO - [2024-10-28T13:43:57.211+0000] {dag.py:3239} INFO - Sync 1 DAGs
[2024-10-28T13:43:57.235+0000] {logging_mixin.py:190} INFO - [2024-10-28T13:43:57.235+0000] {dag.py:4180} INFO - Setting next_dagrun for example_branch_labels to 2024-10-27 00:00:00+00:00, run_after=2024-10-28 00:00:00+00:00
[2024-10-28T13:43:57.255+0000] {processor.py:208} INFO - Processing /home/airflow/.local/lib/python3.12/site-packages/airflow/example_dags/example_branch_labels.py took 0.085 seconds
