[2024-10-28T13:21:16.109+0000] {processor.py:186} INFO - Started process (PID=74) to work on /home/airflow/.local/lib/python3.12/site-packages/airflow/example_dags/example_sensors.py
[2024-10-28T13:21:16.111+0000] {processor.py:914} INFO - Processing file /home/airflow/.local/lib/python3.12/site-packages/airflow/example_dags/example_sensors.py for tasks to queue
[2024-10-28T13:21:16.113+0000] {logging_mixin.py:190} INFO - [2024-10-28T13:21:16.112+0000] {dagbag.py:588} INFO - Filling up the DagBag from /home/airflow/.local/lib/python3.12/site-packages/airflow/example_dags/example_sensors.py
[2024-10-28T13:21:16.122+0000] {processor.py:925} INFO - DAG(s) 'example_sensors' retrieved from /home/airflow/.local/lib/python3.12/site-packages/airflow/example_dags/example_sensors.py
[2024-10-28T13:21:16.212+0000] {logging_mixin.py:190} INFO - [2024-10-28T13:21:16.212+0000] {override.py:1900} INFO - Created Permission View: can delete on DAG:example_sensors
[2024-10-28T13:21:16.221+0000] {logging_mixin.py:190} INFO - [2024-10-28T13:21:16.221+0000] {override.py:1900} INFO - Created Permission View: can edit on DAG:example_sensors
[2024-10-28T13:21:16.229+0000] {logging_mixin.py:190} INFO - [2024-10-28T13:21:16.229+0000] {override.py:1900} INFO - Created Permission View: can read on DAG:example_sensors
[2024-10-28T13:21:16.240+0000] {logging_mixin.py:190} INFO - [2024-10-28T13:21:16.240+0000] {override.py:1900} INFO - Created Permission View: can create on DAG Run:example_sensors
[2024-10-28T13:21:16.247+0000] {logging_mixin.py:190} INFO - [2024-10-28T13:21:16.247+0000] {override.py:1900} INFO - Created Permission View: menu access on DAG Run:example_sensors
[2024-10-28T13:21:16.255+0000] {logging_mixin.py:190} INFO - [2024-10-28T13:21:16.254+0000] {override.py:1900} INFO - Created Permission View: can read on DAG Run:example_sensors
[2024-10-28T13:21:16.262+0000] {logging_mixin.py:190} INFO - [2024-10-28T13:21:16.262+0000] {override.py:1900} INFO - Created Permission View: can delete on DAG Run:example_sensors
[2024-10-28T13:21:16.263+0000] {logging_mixin.py:190} INFO - [2024-10-28T13:21:16.262+0000] {dag.py:3239} INFO - Sync 1 DAGs
[2024-10-28T13:21:16.272+0000] {logging_mixin.py:190} INFO - [2024-10-28T13:21:16.272+0000] {dag.py:3262} INFO - Creating ORM DAG for example_sensors
[2024-10-28T13:21:16.273+0000] {logging_mixin.py:190} INFO - [2024-10-28T13:21:16.273+0000] {dag.py:4180} INFO - Setting next_dagrun for example_sensors to None, run_after=None
[2024-10-28T13:21:16.296+0000] {processor.py:208} INFO - Processing /home/airflow/.local/lib/python3.12/site-packages/airflow/example_dags/example_sensors.py took 0.192 seconds
[2024-10-28T13:21:47.192+0000] {processor.py:186} INFO - Started process (PID=143) to work on /home/airflow/.local/lib/python3.12/site-packages/airflow/example_dags/example_sensors.py
[2024-10-28T13:21:47.193+0000] {processor.py:914} INFO - Processing file /home/airflow/.local/lib/python3.12/site-packages/airflow/example_dags/example_sensors.py for tasks to queue
[2024-10-28T13:21:47.195+0000] {logging_mixin.py:190} INFO - [2024-10-28T13:21:47.195+0000] {dagbag.py:588} INFO - Filling up the DagBag from /home/airflow/.local/lib/python3.12/site-packages/airflow/example_dags/example_sensors.py
[2024-10-28T13:21:47.202+0000] {processor.py:925} INFO - DAG(s) 'example_sensors' retrieved from /home/airflow/.local/lib/python3.12/site-packages/airflow/example_dags/example_sensors.py
[2024-10-28T13:21:47.220+0000] {logging_mixin.py:190} INFO - [2024-10-28T13:21:47.220+0000] {dag.py:3239} INFO - Sync 1 DAGs
[2024-10-28T13:21:47.230+0000] {logging_mixin.py:190} INFO - [2024-10-28T13:21:47.230+0000] {dag.py:4180} INFO - Setting next_dagrun for example_sensors to None, run_after=None
[2024-10-28T13:21:47.255+0000] {processor.py:208} INFO - Processing /home/airflow/.local/lib/python3.12/site-packages/airflow/example_dags/example_sensors.py took 0.067 seconds
[2024-10-28T13:25:00.044+0000] {processor.py:186} INFO - Started process (PID=74) to work on /home/airflow/.local/lib/python3.12/site-packages/airflow/example_dags/example_sensors.py
[2024-10-28T13:25:00.045+0000] {processor.py:914} INFO - Processing file /home/airflow/.local/lib/python3.12/site-packages/airflow/example_dags/example_sensors.py for tasks to queue
[2024-10-28T13:25:00.048+0000] {logging_mixin.py:190} INFO - [2024-10-28T13:25:00.047+0000] {dagbag.py:588} INFO - Filling up the DagBag from /home/airflow/.local/lib/python3.12/site-packages/airflow/example_dags/example_sensors.py
[2024-10-28T13:25:00.056+0000] {processor.py:925} INFO - DAG(s) 'example_sensors' retrieved from /home/airflow/.local/lib/python3.12/site-packages/airflow/example_dags/example_sensors.py
[2024-10-28T13:25:00.079+0000] {logging_mixin.py:190} INFO - [2024-10-28T13:25:00.079+0000] {dag.py:3239} INFO - Sync 1 DAGs
[2024-10-28T13:25:00.091+0000] {logging_mixin.py:190} INFO - [2024-10-28T13:25:00.090+0000] {dag.py:4180} INFO - Setting next_dagrun for example_sensors to None, run_after=None
[2024-10-28T13:25:00.107+0000] {processor.py:208} INFO - Processing /home/airflow/.local/lib/python3.12/site-packages/airflow/example_dags/example_sensors.py took 0.068 seconds
[2024-10-28T13:25:31.107+0000] {processor.py:186} INFO - Started process (PID=136) to work on /home/airflow/.local/lib/python3.12/site-packages/airflow/example_dags/example_sensors.py
[2024-10-28T13:25:31.109+0000] {processor.py:914} INFO - Processing file /home/airflow/.local/lib/python3.12/site-packages/airflow/example_dags/example_sensors.py for tasks to queue
[2024-10-28T13:25:31.111+0000] {logging_mixin.py:190} INFO - [2024-10-28T13:25:31.111+0000] {dagbag.py:588} INFO - Filling up the DagBag from /home/airflow/.local/lib/python3.12/site-packages/airflow/example_dags/example_sensors.py
[2024-10-28T13:25:31.119+0000] {processor.py:925} INFO - DAG(s) 'example_sensors' retrieved from /home/airflow/.local/lib/python3.12/site-packages/airflow/example_dags/example_sensors.py
[2024-10-28T13:25:31.150+0000] {logging_mixin.py:190} INFO - [2024-10-28T13:25:31.150+0000] {dag.py:3239} INFO - Sync 1 DAGs
[2024-10-28T13:25:31.167+0000] {logging_mixin.py:190} INFO - [2024-10-28T13:25:31.166+0000] {dag.py:4180} INFO - Setting next_dagrun for example_sensors to None, run_after=None
[2024-10-28T13:25:31.184+0000] {processor.py:208} INFO - Processing /home/airflow/.local/lib/python3.12/site-packages/airflow/example_dags/example_sensors.py took 0.082 seconds
[2024-10-28T13:26:02.094+0000] {processor.py:186} INFO - Started process (PID=199) to work on /home/airflow/.local/lib/python3.12/site-packages/airflow/example_dags/example_sensors.py
[2024-10-28T13:26:02.096+0000] {processor.py:914} INFO - Processing file /home/airflow/.local/lib/python3.12/site-packages/airflow/example_dags/example_sensors.py for tasks to queue
[2024-10-28T13:26:02.098+0000] {logging_mixin.py:190} INFO - [2024-10-28T13:26:02.098+0000] {dagbag.py:588} INFO - Filling up the DagBag from /home/airflow/.local/lib/python3.12/site-packages/airflow/example_dags/example_sensors.py
[2024-10-28T13:26:02.107+0000] {processor.py:925} INFO - DAG(s) 'example_sensors' retrieved from /home/airflow/.local/lib/python3.12/site-packages/airflow/example_dags/example_sensors.py
[2024-10-28T13:26:02.126+0000] {logging_mixin.py:190} INFO - [2024-10-28T13:26:02.125+0000] {dag.py:3239} INFO - Sync 1 DAGs
[2024-10-28T13:26:02.136+0000] {logging_mixin.py:190} INFO - [2024-10-28T13:26:02.136+0000] {dag.py:4180} INFO - Setting next_dagrun for example_sensors to None, run_after=None
[2024-10-28T13:26:02.151+0000] {processor.py:208} INFO - Processing /home/airflow/.local/lib/python3.12/site-packages/airflow/example_dags/example_sensors.py took 0.061 seconds
[2024-10-28T13:26:32.542+0000] {processor.py:186} INFO - Started process (PID=268) to work on /home/airflow/.local/lib/python3.12/site-packages/airflow/example_dags/example_sensors.py
[2024-10-28T13:26:32.543+0000] {processor.py:914} INFO - Processing file /home/airflow/.local/lib/python3.12/site-packages/airflow/example_dags/example_sensors.py for tasks to queue
[2024-10-28T13:26:32.545+0000] {logging_mixin.py:190} INFO - [2024-10-28T13:26:32.545+0000] {dagbag.py:588} INFO - Filling up the DagBag from /home/airflow/.local/lib/python3.12/site-packages/airflow/example_dags/example_sensors.py
[2024-10-28T13:26:32.553+0000] {processor.py:925} INFO - DAG(s) 'example_sensors' retrieved from /home/airflow/.local/lib/python3.12/site-packages/airflow/example_dags/example_sensors.py
[2024-10-28T13:26:32.574+0000] {logging_mixin.py:190} INFO - [2024-10-28T13:26:32.574+0000] {dag.py:3239} INFO - Sync 1 DAGs
[2024-10-28T13:26:32.585+0000] {logging_mixin.py:190} INFO - [2024-10-28T13:26:32.584+0000] {dag.py:4180} INFO - Setting next_dagrun for example_sensors to None, run_after=None
[2024-10-28T13:26:32.600+0000] {processor.py:208} INFO - Processing /home/airflow/.local/lib/python3.12/site-packages/airflow/example_dags/example_sensors.py took 0.062 seconds
[2024-10-28T13:27:02.761+0000] {processor.py:186} INFO - Started process (PID=331) to work on /home/airflow/.local/lib/python3.12/site-packages/airflow/example_dags/example_sensors.py
[2024-10-28T13:27:02.762+0000] {processor.py:914} INFO - Processing file /home/airflow/.local/lib/python3.12/site-packages/airflow/example_dags/example_sensors.py for tasks to queue
[2024-10-28T13:27:02.764+0000] {logging_mixin.py:190} INFO - [2024-10-28T13:27:02.764+0000] {dagbag.py:588} INFO - Filling up the DagBag from /home/airflow/.local/lib/python3.12/site-packages/airflow/example_dags/example_sensors.py
[2024-10-28T13:27:02.772+0000] {processor.py:925} INFO - DAG(s) 'example_sensors' retrieved from /home/airflow/.local/lib/python3.12/site-packages/airflow/example_dags/example_sensors.py
[2024-10-28T13:27:02.790+0000] {logging_mixin.py:190} INFO - [2024-10-28T13:27:02.790+0000] {dag.py:3239} INFO - Sync 1 DAGs
[2024-10-28T13:27:02.800+0000] {logging_mixin.py:190} INFO - [2024-10-28T13:27:02.800+0000] {dag.py:4180} INFO - Setting next_dagrun for example_sensors to None, run_after=None
[2024-10-28T13:27:02.815+0000] {processor.py:208} INFO - Processing /home/airflow/.local/lib/python3.12/site-packages/airflow/example_dags/example_sensors.py took 0.058 seconds
[2024-10-28T13:27:33.380+0000] {processor.py:186} INFO - Started process (PID=394) to work on /home/airflow/.local/lib/python3.12/site-packages/airflow/example_dags/example_sensors.py
[2024-10-28T13:27:33.381+0000] {processor.py:914} INFO - Processing file /home/airflow/.local/lib/python3.12/site-packages/airflow/example_dags/example_sensors.py for tasks to queue
[2024-10-28T13:27:33.384+0000] {logging_mixin.py:190} INFO - [2024-10-28T13:27:33.384+0000] {dagbag.py:588} INFO - Filling up the DagBag from /home/airflow/.local/lib/python3.12/site-packages/airflow/example_dags/example_sensors.py
[2024-10-28T13:27:33.392+0000] {processor.py:925} INFO - DAG(s) 'example_sensors' retrieved from /home/airflow/.local/lib/python3.12/site-packages/airflow/example_dags/example_sensors.py
[2024-10-28T13:27:33.410+0000] {logging_mixin.py:190} INFO - [2024-10-28T13:27:33.409+0000] {dag.py:3239} INFO - Sync 1 DAGs
[2024-10-28T13:27:33.419+0000] {logging_mixin.py:190} INFO - [2024-10-28T13:27:33.419+0000] {dag.py:4180} INFO - Setting next_dagrun for example_sensors to None, run_after=None
[2024-10-28T13:27:33.434+0000] {processor.py:208} INFO - Processing /home/airflow/.local/lib/python3.12/site-packages/airflow/example_dags/example_sensors.py took 0.060 seconds
[2024-10-28T13:28:03.820+0000] {processor.py:186} INFO - Started process (PID=457) to work on /home/airflow/.local/lib/python3.12/site-packages/airflow/example_dags/example_sensors.py
[2024-10-28T13:28:03.821+0000] {processor.py:914} INFO - Processing file /home/airflow/.local/lib/python3.12/site-packages/airflow/example_dags/example_sensors.py for tasks to queue
[2024-10-28T13:28:03.823+0000] {logging_mixin.py:190} INFO - [2024-10-28T13:28:03.823+0000] {dagbag.py:588} INFO - Filling up the DagBag from /home/airflow/.local/lib/python3.12/site-packages/airflow/example_dags/example_sensors.py
[2024-10-28T13:28:03.832+0000] {processor.py:925} INFO - DAG(s) 'example_sensors' retrieved from /home/airflow/.local/lib/python3.12/site-packages/airflow/example_dags/example_sensors.py
[2024-10-28T13:28:03.853+0000] {logging_mixin.py:190} INFO - [2024-10-28T13:28:03.853+0000] {dag.py:3239} INFO - Sync 1 DAGs
[2024-10-28T13:28:03.865+0000] {logging_mixin.py:190} INFO - [2024-10-28T13:28:03.865+0000] {dag.py:4180} INFO - Setting next_dagrun for example_sensors to None, run_after=None
[2024-10-28T13:28:03.882+0000] {processor.py:208} INFO - Processing /home/airflow/.local/lib/python3.12/site-packages/airflow/example_dags/example_sensors.py took 0.068 seconds
[2024-10-28T13:28:34.404+0000] {processor.py:186} INFO - Started process (PID=520) to work on /home/airflow/.local/lib/python3.12/site-packages/airflow/example_dags/example_sensors.py
[2024-10-28T13:28:34.405+0000] {processor.py:914} INFO - Processing file /home/airflow/.local/lib/python3.12/site-packages/airflow/example_dags/example_sensors.py for tasks to queue
[2024-10-28T13:28:34.407+0000] {logging_mixin.py:190} INFO - [2024-10-28T13:28:34.407+0000] {dagbag.py:588} INFO - Filling up the DagBag from /home/airflow/.local/lib/python3.12/site-packages/airflow/example_dags/example_sensors.py
[2024-10-28T13:28:34.415+0000] {processor.py:925} INFO - DAG(s) 'example_sensors' retrieved from /home/airflow/.local/lib/python3.12/site-packages/airflow/example_dags/example_sensors.py
[2024-10-28T13:28:34.434+0000] {logging_mixin.py:190} INFO - [2024-10-28T13:28:34.434+0000] {dag.py:3239} INFO - Sync 1 DAGs
[2024-10-28T13:28:34.495+0000] {logging_mixin.py:190} INFO - [2024-10-28T13:28:34.495+0000] {dag.py:4180} INFO - Setting next_dagrun for example_sensors to None, run_after=None
[2024-10-28T13:28:34.509+0000] {processor.py:208} INFO - Processing /home/airflow/.local/lib/python3.12/site-packages/airflow/example_dags/example_sensors.py took 0.110 seconds
[2024-10-28T13:29:04.982+0000] {processor.py:186} INFO - Started process (PID=583) to work on /home/airflow/.local/lib/python3.12/site-packages/airflow/example_dags/example_sensors.py
[2024-10-28T13:29:04.985+0000] {processor.py:914} INFO - Processing file /home/airflow/.local/lib/python3.12/site-packages/airflow/example_dags/example_sensors.py for tasks to queue
[2024-10-28T13:29:04.987+0000] {logging_mixin.py:190} INFO - [2024-10-28T13:29:04.987+0000] {dagbag.py:588} INFO - Filling up the DagBag from /home/airflow/.local/lib/python3.12/site-packages/airflow/example_dags/example_sensors.py
[2024-10-28T13:29:04.995+0000] {processor.py:925} INFO - DAG(s) 'example_sensors' retrieved from /home/airflow/.local/lib/python3.12/site-packages/airflow/example_dags/example_sensors.py
[2024-10-28T13:29:05.018+0000] {logging_mixin.py:190} INFO - [2024-10-28T13:29:05.018+0000] {dag.py:3239} INFO - Sync 1 DAGs
[2024-10-28T13:29:05.028+0000] {logging_mixin.py:190} INFO - [2024-10-28T13:29:05.028+0000] {dag.py:4180} INFO - Setting next_dagrun for example_sensors to None, run_after=None
[2024-10-28T13:29:05.044+0000] {processor.py:208} INFO - Processing /home/airflow/.local/lib/python3.12/site-packages/airflow/example_dags/example_sensors.py took 0.066 seconds
[2024-10-28T13:29:35.335+0000] {processor.py:186} INFO - Started process (PID=646) to work on /home/airflow/.local/lib/python3.12/site-packages/airflow/example_dags/example_sensors.py
[2024-10-28T13:29:35.336+0000] {processor.py:914} INFO - Processing file /home/airflow/.local/lib/python3.12/site-packages/airflow/example_dags/example_sensors.py for tasks to queue
[2024-10-28T13:29:35.338+0000] {logging_mixin.py:190} INFO - [2024-10-28T13:29:35.338+0000] {dagbag.py:588} INFO - Filling up the DagBag from /home/airflow/.local/lib/python3.12/site-packages/airflow/example_dags/example_sensors.py
[2024-10-28T13:29:35.345+0000] {processor.py:925} INFO - DAG(s) 'example_sensors' retrieved from /home/airflow/.local/lib/python3.12/site-packages/airflow/example_dags/example_sensors.py
[2024-10-28T13:29:35.363+0000] {logging_mixin.py:190} INFO - [2024-10-28T13:29:35.363+0000] {dag.py:3239} INFO - Sync 1 DAGs
[2024-10-28T13:29:35.373+0000] {logging_mixin.py:190} INFO - [2024-10-28T13:29:35.373+0000] {dag.py:4180} INFO - Setting next_dagrun for example_sensors to None, run_after=None
[2024-10-28T13:29:35.387+0000] {processor.py:208} INFO - Processing /home/airflow/.local/lib/python3.12/site-packages/airflow/example_dags/example_sensors.py took 0.056 seconds
[2024-10-28T13:30:06.172+0000] {processor.py:186} INFO - Started process (PID=709) to work on /home/airflow/.local/lib/python3.12/site-packages/airflow/example_dags/example_sensors.py
[2024-10-28T13:30:06.173+0000] {processor.py:914} INFO - Processing file /home/airflow/.local/lib/python3.12/site-packages/airflow/example_dags/example_sensors.py for tasks to queue
[2024-10-28T13:30:06.175+0000] {logging_mixin.py:190} INFO - [2024-10-28T13:30:06.175+0000] {dagbag.py:588} INFO - Filling up the DagBag from /home/airflow/.local/lib/python3.12/site-packages/airflow/example_dags/example_sensors.py
[2024-10-28T13:30:06.183+0000] {processor.py:925} INFO - DAG(s) 'example_sensors' retrieved from /home/airflow/.local/lib/python3.12/site-packages/airflow/example_dags/example_sensors.py
[2024-10-28T13:30:06.201+0000] {logging_mixin.py:190} INFO - [2024-10-28T13:30:06.201+0000] {dag.py:3239} INFO - Sync 1 DAGs
[2024-10-28T13:30:06.211+0000] {logging_mixin.py:190} INFO - [2024-10-28T13:30:06.211+0000] {dag.py:4180} INFO - Setting next_dagrun for example_sensors to None, run_after=None
[2024-10-28T13:30:06.227+0000] {processor.py:208} INFO - Processing /home/airflow/.local/lib/python3.12/site-packages/airflow/example_dags/example_sensors.py took 0.059 seconds
[2024-10-28T13:30:37.305+0000] {processor.py:186} INFO - Started process (PID=772) to work on /home/airflow/.local/lib/python3.12/site-packages/airflow/example_dags/example_sensors.py
[2024-10-28T13:30:37.307+0000] {processor.py:914} INFO - Processing file /home/airflow/.local/lib/python3.12/site-packages/airflow/example_dags/example_sensors.py for tasks to queue
[2024-10-28T13:30:37.308+0000] {logging_mixin.py:190} INFO - [2024-10-28T13:30:37.308+0000] {dagbag.py:588} INFO - Filling up the DagBag from /home/airflow/.local/lib/python3.12/site-packages/airflow/example_dags/example_sensors.py
[2024-10-28T13:30:37.316+0000] {processor.py:925} INFO - DAG(s) 'example_sensors' retrieved from /home/airflow/.local/lib/python3.12/site-packages/airflow/example_dags/example_sensors.py
[2024-10-28T13:30:37.335+0000] {logging_mixin.py:190} INFO - [2024-10-28T13:30:37.335+0000] {dag.py:3239} INFO - Sync 1 DAGs
[2024-10-28T13:30:37.346+0000] {logging_mixin.py:190} INFO - [2024-10-28T13:30:37.346+0000] {dag.py:4180} INFO - Setting next_dagrun for example_sensors to None, run_after=None
[2024-10-28T13:30:37.362+0000] {processor.py:208} INFO - Processing /home/airflow/.local/lib/python3.12/site-packages/airflow/example_dags/example_sensors.py took 0.062 seconds
[2024-10-28T13:31:08.387+0000] {processor.py:186} INFO - Started process (PID=835) to work on /home/airflow/.local/lib/python3.12/site-packages/airflow/example_dags/example_sensors.py
[2024-10-28T13:31:08.387+0000] {processor.py:914} INFO - Processing file /home/airflow/.local/lib/python3.12/site-packages/airflow/example_dags/example_sensors.py for tasks to queue
[2024-10-28T13:31:08.389+0000] {logging_mixin.py:190} INFO - [2024-10-28T13:31:08.389+0000] {dagbag.py:588} INFO - Filling up the DagBag from /home/airflow/.local/lib/python3.12/site-packages/airflow/example_dags/example_sensors.py
[2024-10-28T13:31:08.396+0000] {processor.py:925} INFO - DAG(s) 'example_sensors' retrieved from /home/airflow/.local/lib/python3.12/site-packages/airflow/example_dags/example_sensors.py
[2024-10-28T13:31:08.413+0000] {logging_mixin.py:190} INFO - [2024-10-28T13:31:08.413+0000] {dag.py:3239} INFO - Sync 1 DAGs
[2024-10-28T13:31:08.424+0000] {logging_mixin.py:190} INFO - [2024-10-28T13:31:08.424+0000] {dag.py:4180} INFO - Setting next_dagrun for example_sensors to None, run_after=None
[2024-10-28T13:31:08.438+0000] {processor.py:208} INFO - Processing /home/airflow/.local/lib/python3.12/site-packages/airflow/example_dags/example_sensors.py took 0.056 seconds
[2024-10-28T13:31:39.003+0000] {processor.py:186} INFO - Started process (PID=898) to work on /home/airflow/.local/lib/python3.12/site-packages/airflow/example_dags/example_sensors.py
[2024-10-28T13:31:39.004+0000] {processor.py:914} INFO - Processing file /home/airflow/.local/lib/python3.12/site-packages/airflow/example_dags/example_sensors.py for tasks to queue
[2024-10-28T13:31:39.006+0000] {logging_mixin.py:190} INFO - [2024-10-28T13:31:39.006+0000] {dagbag.py:588} INFO - Filling up the DagBag from /home/airflow/.local/lib/python3.12/site-packages/airflow/example_dags/example_sensors.py
[2024-10-28T13:31:39.013+0000] {processor.py:925} INFO - DAG(s) 'example_sensors' retrieved from /home/airflow/.local/lib/python3.12/site-packages/airflow/example_dags/example_sensors.py
[2024-10-28T13:31:39.032+0000] {logging_mixin.py:190} INFO - [2024-10-28T13:31:39.032+0000] {dag.py:3239} INFO - Sync 1 DAGs
[2024-10-28T13:31:39.047+0000] {logging_mixin.py:190} INFO - [2024-10-28T13:31:39.047+0000] {dag.py:4180} INFO - Setting next_dagrun for example_sensors to None, run_after=None
[2024-10-28T13:31:39.064+0000] {processor.py:208} INFO - Processing /home/airflow/.local/lib/python3.12/site-packages/airflow/example_dags/example_sensors.py took 0.066 seconds
[2024-10-28T13:32:09.913+0000] {processor.py:186} INFO - Started process (PID=961) to work on /home/airflow/.local/lib/python3.12/site-packages/airflow/example_dags/example_sensors.py
[2024-10-28T13:32:09.914+0000] {processor.py:914} INFO - Processing file /home/airflow/.local/lib/python3.12/site-packages/airflow/example_dags/example_sensors.py for tasks to queue
[2024-10-28T13:32:09.916+0000] {logging_mixin.py:190} INFO - [2024-10-28T13:32:09.916+0000] {dagbag.py:588} INFO - Filling up the DagBag from /home/airflow/.local/lib/python3.12/site-packages/airflow/example_dags/example_sensors.py
[2024-10-28T13:32:09.927+0000] {processor.py:925} INFO - DAG(s) 'example_sensors' retrieved from /home/airflow/.local/lib/python3.12/site-packages/airflow/example_dags/example_sensors.py
[2024-10-28T13:32:09.945+0000] {logging_mixin.py:190} INFO - [2024-10-28T13:32:09.945+0000] {dag.py:3239} INFO - Sync 1 DAGs
[2024-10-28T13:32:09.955+0000] {logging_mixin.py:190} INFO - [2024-10-28T13:32:09.955+0000] {dag.py:4180} INFO - Setting next_dagrun for example_sensors to None, run_after=None
[2024-10-28T13:32:09.971+0000] {processor.py:208} INFO - Processing /home/airflow/.local/lib/python3.12/site-packages/airflow/example_dags/example_sensors.py took 0.062 seconds
[2024-10-28T13:32:40.267+0000] {processor.py:186} INFO - Started process (PID=1024) to work on /home/airflow/.local/lib/python3.12/site-packages/airflow/example_dags/example_sensors.py
[2024-10-28T13:32:40.268+0000] {processor.py:914} INFO - Processing file /home/airflow/.local/lib/python3.12/site-packages/airflow/example_dags/example_sensors.py for tasks to queue
[2024-10-28T13:32:40.270+0000] {logging_mixin.py:190} INFO - [2024-10-28T13:32:40.270+0000] {dagbag.py:588} INFO - Filling up the DagBag from /home/airflow/.local/lib/python3.12/site-packages/airflow/example_dags/example_sensors.py
[2024-10-28T13:32:40.277+0000] {processor.py:925} INFO - DAG(s) 'example_sensors' retrieved from /home/airflow/.local/lib/python3.12/site-packages/airflow/example_dags/example_sensors.py
[2024-10-28T13:32:40.295+0000] {logging_mixin.py:190} INFO - [2024-10-28T13:32:40.295+0000] {dag.py:3239} INFO - Sync 1 DAGs
[2024-10-28T13:32:40.305+0000] {logging_mixin.py:190} INFO - [2024-10-28T13:32:40.305+0000] {dag.py:4180} INFO - Setting next_dagrun for example_sensors to None, run_after=None
[2024-10-28T13:32:40.318+0000] {processor.py:208} INFO - Processing /home/airflow/.local/lib/python3.12/site-packages/airflow/example_dags/example_sensors.py took 0.055 seconds
[2024-10-28T13:33:10.576+0000] {processor.py:186} INFO - Started process (PID=1087) to work on /home/airflow/.local/lib/python3.12/site-packages/airflow/example_dags/example_sensors.py
[2024-10-28T13:33:10.580+0000] {processor.py:914} INFO - Processing file /home/airflow/.local/lib/python3.12/site-packages/airflow/example_dags/example_sensors.py for tasks to queue
[2024-10-28T13:33:10.585+0000] {logging_mixin.py:190} INFO - [2024-10-28T13:33:10.584+0000] {dagbag.py:588} INFO - Filling up the DagBag from /home/airflow/.local/lib/python3.12/site-packages/airflow/example_dags/example_sensors.py
[2024-10-28T13:33:10.599+0000] {processor.py:925} INFO - DAG(s) 'example_sensors' retrieved from /home/airflow/.local/lib/python3.12/site-packages/airflow/example_dags/example_sensors.py
[2024-10-28T13:33:10.620+0000] {logging_mixin.py:190} INFO - [2024-10-28T13:33:10.619+0000] {dag.py:3239} INFO - Sync 1 DAGs
[2024-10-28T13:33:10.630+0000] {logging_mixin.py:190} INFO - [2024-10-28T13:33:10.630+0000] {dag.py:4180} INFO - Setting next_dagrun for example_sensors to None, run_after=None
[2024-10-28T13:33:10.645+0000] {processor.py:208} INFO - Processing /home/airflow/.local/lib/python3.12/site-packages/airflow/example_dags/example_sensors.py took 0.078 seconds
[2024-10-28T13:33:41.224+0000] {processor.py:186} INFO - Started process (PID=1150) to work on /home/airflow/.local/lib/python3.12/site-packages/airflow/example_dags/example_sensors.py
[2024-10-28T13:33:41.225+0000] {processor.py:914} INFO - Processing file /home/airflow/.local/lib/python3.12/site-packages/airflow/example_dags/example_sensors.py for tasks to queue
[2024-10-28T13:33:41.227+0000] {logging_mixin.py:190} INFO - [2024-10-28T13:33:41.226+0000] {dagbag.py:588} INFO - Filling up the DagBag from /home/airflow/.local/lib/python3.12/site-packages/airflow/example_dags/example_sensors.py
[2024-10-28T13:33:41.235+0000] {processor.py:925} INFO - DAG(s) 'example_sensors' retrieved from /home/airflow/.local/lib/python3.12/site-packages/airflow/example_dags/example_sensors.py
[2024-10-28T13:33:41.253+0000] {logging_mixin.py:190} INFO - [2024-10-28T13:33:41.252+0000] {dag.py:3239} INFO - Sync 1 DAGs
[2024-10-28T13:33:41.263+0000] {logging_mixin.py:190} INFO - [2024-10-28T13:33:41.263+0000] {dag.py:4180} INFO - Setting next_dagrun for example_sensors to None, run_after=None
[2024-10-28T13:33:41.279+0000] {processor.py:208} INFO - Processing /home/airflow/.local/lib/python3.12/site-packages/airflow/example_dags/example_sensors.py took 0.059 seconds
[2024-10-28T13:34:11.663+0000] {processor.py:186} INFO - Started process (PID=1213) to work on /home/airflow/.local/lib/python3.12/site-packages/airflow/example_dags/example_sensors.py
[2024-10-28T13:34:11.664+0000] {processor.py:914} INFO - Processing file /home/airflow/.local/lib/python3.12/site-packages/airflow/example_dags/example_sensors.py for tasks to queue
[2024-10-28T13:34:11.666+0000] {logging_mixin.py:190} INFO - [2024-10-28T13:34:11.666+0000] {dagbag.py:588} INFO - Filling up the DagBag from /home/airflow/.local/lib/python3.12/site-packages/airflow/example_dags/example_sensors.py
[2024-10-28T13:34:11.679+0000] {processor.py:925} INFO - DAG(s) 'example_sensors' retrieved from /home/airflow/.local/lib/python3.12/site-packages/airflow/example_dags/example_sensors.py
[2024-10-28T13:34:11.700+0000] {logging_mixin.py:190} INFO - [2024-10-28T13:34:11.700+0000] {dag.py:3239} INFO - Sync 1 DAGs
[2024-10-28T13:34:11.712+0000] {logging_mixin.py:190} INFO - [2024-10-28T13:34:11.712+0000] {dag.py:4180} INFO - Setting next_dagrun for example_sensors to None, run_after=None
[2024-10-28T13:34:11.732+0000] {processor.py:208} INFO - Processing /home/airflow/.local/lib/python3.12/site-packages/airflow/example_dags/example_sensors.py took 0.076 seconds
[2024-10-28T13:34:42.366+0000] {processor.py:186} INFO - Started process (PID=1276) to work on /home/airflow/.local/lib/python3.12/site-packages/airflow/example_dags/example_sensors.py
[2024-10-28T13:34:42.368+0000] {processor.py:914} INFO - Processing file /home/airflow/.local/lib/python3.12/site-packages/airflow/example_dags/example_sensors.py for tasks to queue
[2024-10-28T13:34:42.371+0000] {logging_mixin.py:190} INFO - [2024-10-28T13:34:42.371+0000] {dagbag.py:588} INFO - Filling up the DagBag from /home/airflow/.local/lib/python3.12/site-packages/airflow/example_dags/example_sensors.py
[2024-10-28T13:34:42.383+0000] {processor.py:925} INFO - DAG(s) 'example_sensors' retrieved from /home/airflow/.local/lib/python3.12/site-packages/airflow/example_dags/example_sensors.py
[2024-10-28T13:34:42.403+0000] {logging_mixin.py:190} INFO - [2024-10-28T13:34:42.403+0000] {dag.py:3239} INFO - Sync 1 DAGs
[2024-10-28T13:34:42.413+0000] {logging_mixin.py:190} INFO - [2024-10-28T13:34:42.413+0000] {dag.py:4180} INFO - Setting next_dagrun for example_sensors to None, run_after=None
[2024-10-28T13:34:42.428+0000] {processor.py:208} INFO - Processing /home/airflow/.local/lib/python3.12/site-packages/airflow/example_dags/example_sensors.py took 0.069 seconds
[2024-10-28T13:35:13.107+0000] {processor.py:186} INFO - Started process (PID=1339) to work on /home/airflow/.local/lib/python3.12/site-packages/airflow/example_dags/example_sensors.py
[2024-10-28T13:35:13.109+0000] {processor.py:914} INFO - Processing file /home/airflow/.local/lib/python3.12/site-packages/airflow/example_dags/example_sensors.py for tasks to queue
[2024-10-28T13:35:13.112+0000] {logging_mixin.py:190} INFO - [2024-10-28T13:35:13.111+0000] {dagbag.py:588} INFO - Filling up the DagBag from /home/airflow/.local/lib/python3.12/site-packages/airflow/example_dags/example_sensors.py
[2024-10-28T13:35:13.121+0000] {processor.py:925} INFO - DAG(s) 'example_sensors' retrieved from /home/airflow/.local/lib/python3.12/site-packages/airflow/example_dags/example_sensors.py
[2024-10-28T13:35:13.139+0000] {logging_mixin.py:190} INFO - [2024-10-28T13:35:13.138+0000] {dag.py:3239} INFO - Sync 1 DAGs
[2024-10-28T13:35:13.150+0000] {logging_mixin.py:190} INFO - [2024-10-28T13:35:13.150+0000] {dag.py:4180} INFO - Setting next_dagrun for example_sensors to None, run_after=None
[2024-10-28T13:35:13.167+0000] {processor.py:208} INFO - Processing /home/airflow/.local/lib/python3.12/site-packages/airflow/example_dags/example_sensors.py took 0.064 seconds
[2024-10-28T13:35:43.279+0000] {processor.py:186} INFO - Started process (PID=1402) to work on /home/airflow/.local/lib/python3.12/site-packages/airflow/example_dags/example_sensors.py
[2024-10-28T13:35:43.280+0000] {processor.py:914} INFO - Processing file /home/airflow/.local/lib/python3.12/site-packages/airflow/example_dags/example_sensors.py for tasks to queue
[2024-10-28T13:35:43.283+0000] {logging_mixin.py:190} INFO - [2024-10-28T13:35:43.283+0000] {dagbag.py:588} INFO - Filling up the DagBag from /home/airflow/.local/lib/python3.12/site-packages/airflow/example_dags/example_sensors.py
[2024-10-28T13:35:43.292+0000] {processor.py:925} INFO - DAG(s) 'example_sensors' retrieved from /home/airflow/.local/lib/python3.12/site-packages/airflow/example_dags/example_sensors.py
[2024-10-28T13:35:43.309+0000] {logging_mixin.py:190} INFO - [2024-10-28T13:35:43.309+0000] {dag.py:3239} INFO - Sync 1 DAGs
[2024-10-28T13:35:43.318+0000] {logging_mixin.py:190} INFO - [2024-10-28T13:35:43.318+0000] {dag.py:4180} INFO - Setting next_dagrun for example_sensors to None, run_after=None
[2024-10-28T13:35:43.333+0000] {processor.py:208} INFO - Processing /home/airflow/.local/lib/python3.12/site-packages/airflow/example_dags/example_sensors.py took 0.058 seconds
[2024-10-28T13:36:14.117+0000] {processor.py:186} INFO - Started process (PID=1465) to work on /home/airflow/.local/lib/python3.12/site-packages/airflow/example_dags/example_sensors.py
[2024-10-28T13:36:14.118+0000] {processor.py:914} INFO - Processing file /home/airflow/.local/lib/python3.12/site-packages/airflow/example_dags/example_sensors.py for tasks to queue
[2024-10-28T13:36:14.120+0000] {logging_mixin.py:190} INFO - [2024-10-28T13:36:14.120+0000] {dagbag.py:588} INFO - Filling up the DagBag from /home/airflow/.local/lib/python3.12/site-packages/airflow/example_dags/example_sensors.py
[2024-10-28T13:36:14.127+0000] {processor.py:925} INFO - DAG(s) 'example_sensors' retrieved from /home/airflow/.local/lib/python3.12/site-packages/airflow/example_dags/example_sensors.py
[2024-10-28T13:36:14.145+0000] {logging_mixin.py:190} INFO - [2024-10-28T13:36:14.145+0000] {dag.py:3239} INFO - Sync 1 DAGs
[2024-10-28T13:36:14.155+0000] {logging_mixin.py:190} INFO - [2024-10-28T13:36:14.155+0000] {dag.py:4180} INFO - Setting next_dagrun for example_sensors to None, run_after=None
[2024-10-28T13:36:14.168+0000] {processor.py:208} INFO - Processing /home/airflow/.local/lib/python3.12/site-packages/airflow/example_dags/example_sensors.py took 0.055 seconds
[2024-10-28T13:36:44.263+0000] {processor.py:186} INFO - Started process (PID=1528) to work on /home/airflow/.local/lib/python3.12/site-packages/airflow/example_dags/example_sensors.py
[2024-10-28T13:36:44.265+0000] {processor.py:914} INFO - Processing file /home/airflow/.local/lib/python3.12/site-packages/airflow/example_dags/example_sensors.py for tasks to queue
[2024-10-28T13:36:44.267+0000] {logging_mixin.py:190} INFO - [2024-10-28T13:36:44.266+0000] {dagbag.py:588} INFO - Filling up the DagBag from /home/airflow/.local/lib/python3.12/site-packages/airflow/example_dags/example_sensors.py
[2024-10-28T13:36:44.274+0000] {processor.py:925} INFO - DAG(s) 'example_sensors' retrieved from /home/airflow/.local/lib/python3.12/site-packages/airflow/example_dags/example_sensors.py
[2024-10-28T13:36:44.292+0000] {logging_mixin.py:190} INFO - [2024-10-28T13:36:44.292+0000] {dag.py:3239} INFO - Sync 1 DAGs
[2024-10-28T13:36:44.302+0000] {logging_mixin.py:190} INFO - [2024-10-28T13:36:44.302+0000] {dag.py:4180} INFO - Setting next_dagrun for example_sensors to None, run_after=None
[2024-10-28T13:36:44.315+0000] {processor.py:208} INFO - Processing /home/airflow/.local/lib/python3.12/site-packages/airflow/example_dags/example_sensors.py took 0.056 seconds
[2024-10-28T13:37:14.662+0000] {processor.py:186} INFO - Started process (PID=1591) to work on /home/airflow/.local/lib/python3.12/site-packages/airflow/example_dags/example_sensors.py
[2024-10-28T13:37:14.663+0000] {processor.py:914} INFO - Processing file /home/airflow/.local/lib/python3.12/site-packages/airflow/example_dags/example_sensors.py for tasks to queue
[2024-10-28T13:37:14.665+0000] {logging_mixin.py:190} INFO - [2024-10-28T13:37:14.664+0000] {dagbag.py:588} INFO - Filling up the DagBag from /home/airflow/.local/lib/python3.12/site-packages/airflow/example_dags/example_sensors.py
[2024-10-28T13:37:14.672+0000] {processor.py:925} INFO - DAG(s) 'example_sensors' retrieved from /home/airflow/.local/lib/python3.12/site-packages/airflow/example_dags/example_sensors.py
[2024-10-28T13:37:14.690+0000] {logging_mixin.py:190} INFO - [2024-10-28T13:37:14.690+0000] {dag.py:3239} INFO - Sync 1 DAGs
[2024-10-28T13:37:14.701+0000] {logging_mixin.py:190} INFO - [2024-10-28T13:37:14.701+0000] {dag.py:4180} INFO - Setting next_dagrun for example_sensors to None, run_after=None
[2024-10-28T13:37:14.717+0000] {processor.py:208} INFO - Processing /home/airflow/.local/lib/python3.12/site-packages/airflow/example_dags/example_sensors.py took 0.059 seconds
[2024-10-28T13:37:45.142+0000] {processor.py:186} INFO - Started process (PID=1654) to work on /home/airflow/.local/lib/python3.12/site-packages/airflow/example_dags/example_sensors.py
[2024-10-28T13:37:45.143+0000] {processor.py:914} INFO - Processing file /home/airflow/.local/lib/python3.12/site-packages/airflow/example_dags/example_sensors.py for tasks to queue
[2024-10-28T13:37:45.145+0000] {logging_mixin.py:190} INFO - [2024-10-28T13:37:45.145+0000] {dagbag.py:588} INFO - Filling up the DagBag from /home/airflow/.local/lib/python3.12/site-packages/airflow/example_dags/example_sensors.py
[2024-10-28T13:37:45.152+0000] {processor.py:925} INFO - DAG(s) 'example_sensors' retrieved from /home/airflow/.local/lib/python3.12/site-packages/airflow/example_dags/example_sensors.py
[2024-10-28T13:37:45.170+0000] {logging_mixin.py:190} INFO - [2024-10-28T13:37:45.170+0000] {dag.py:3239} INFO - Sync 1 DAGs
[2024-10-28T13:37:45.180+0000] {logging_mixin.py:190} INFO - [2024-10-28T13:37:45.180+0000] {dag.py:4180} INFO - Setting next_dagrun for example_sensors to None, run_after=None
[2024-10-28T13:37:45.195+0000] {processor.py:208} INFO - Processing /home/airflow/.local/lib/python3.12/site-packages/airflow/example_dags/example_sensors.py took 0.057 seconds
[2024-10-28T13:38:15.800+0000] {processor.py:186} INFO - Started process (PID=1717) to work on /home/airflow/.local/lib/python3.12/site-packages/airflow/example_dags/example_sensors.py
[2024-10-28T13:38:15.801+0000] {processor.py:914} INFO - Processing file /home/airflow/.local/lib/python3.12/site-packages/airflow/example_dags/example_sensors.py for tasks to queue
[2024-10-28T13:38:15.802+0000] {logging_mixin.py:190} INFO - [2024-10-28T13:38:15.802+0000] {dagbag.py:588} INFO - Filling up the DagBag from /home/airflow/.local/lib/python3.12/site-packages/airflow/example_dags/example_sensors.py
[2024-10-28T13:38:15.810+0000] {processor.py:925} INFO - DAG(s) 'example_sensors' retrieved from /home/airflow/.local/lib/python3.12/site-packages/airflow/example_dags/example_sensors.py
[2024-10-28T13:38:15.827+0000] {logging_mixin.py:190} INFO - [2024-10-28T13:38:15.827+0000] {dag.py:3239} INFO - Sync 1 DAGs
[2024-10-28T13:38:15.838+0000] {logging_mixin.py:190} INFO - [2024-10-28T13:38:15.837+0000] {dag.py:4180} INFO - Setting next_dagrun for example_sensors to None, run_after=None
[2024-10-28T13:38:15.852+0000] {processor.py:208} INFO - Processing /home/airflow/.local/lib/python3.12/site-packages/airflow/example_dags/example_sensors.py took 0.057 seconds
[2024-10-28T13:38:46.285+0000] {processor.py:186} INFO - Started process (PID=1780) to work on /home/airflow/.local/lib/python3.12/site-packages/airflow/example_dags/example_sensors.py
[2024-10-28T13:38:46.287+0000] {processor.py:914} INFO - Processing file /home/airflow/.local/lib/python3.12/site-packages/airflow/example_dags/example_sensors.py for tasks to queue
[2024-10-28T13:38:46.289+0000] {logging_mixin.py:190} INFO - [2024-10-28T13:38:46.289+0000] {dagbag.py:588} INFO - Filling up the DagBag from /home/airflow/.local/lib/python3.12/site-packages/airflow/example_dags/example_sensors.py
[2024-10-28T13:38:46.296+0000] {processor.py:925} INFO - DAG(s) 'example_sensors' retrieved from /home/airflow/.local/lib/python3.12/site-packages/airflow/example_dags/example_sensors.py
[2024-10-28T13:38:46.315+0000] {logging_mixin.py:190} INFO - [2024-10-28T13:38:46.315+0000] {dag.py:3239} INFO - Sync 1 DAGs
[2024-10-28T13:38:46.325+0000] {logging_mixin.py:190} INFO - [2024-10-28T13:38:46.325+0000] {dag.py:4180} INFO - Setting next_dagrun for example_sensors to None, run_after=None
[2024-10-28T13:38:46.342+0000] {processor.py:208} INFO - Processing /home/airflow/.local/lib/python3.12/site-packages/airflow/example_dags/example_sensors.py took 0.062 seconds
[2024-10-28T13:39:16.730+0000] {processor.py:186} INFO - Started process (PID=1843) to work on /home/airflow/.local/lib/python3.12/site-packages/airflow/example_dags/example_sensors.py
[2024-10-28T13:39:16.731+0000] {processor.py:914} INFO - Processing file /home/airflow/.local/lib/python3.12/site-packages/airflow/example_dags/example_sensors.py for tasks to queue
[2024-10-28T13:39:16.733+0000] {logging_mixin.py:190} INFO - [2024-10-28T13:39:16.733+0000] {dagbag.py:588} INFO - Filling up the DagBag from /home/airflow/.local/lib/python3.12/site-packages/airflow/example_dags/example_sensors.py
[2024-10-28T13:39:16.740+0000] {processor.py:925} INFO - DAG(s) 'example_sensors' retrieved from /home/airflow/.local/lib/python3.12/site-packages/airflow/example_dags/example_sensors.py
[2024-10-28T13:39:16.757+0000] {logging_mixin.py:190} INFO - [2024-10-28T13:39:16.757+0000] {dag.py:3239} INFO - Sync 1 DAGs
[2024-10-28T13:39:16.766+0000] {logging_mixin.py:190} INFO - [2024-10-28T13:39:16.766+0000] {dag.py:4180} INFO - Setting next_dagrun for example_sensors to None, run_after=None
[2024-10-28T13:39:16.780+0000] {processor.py:208} INFO - Processing /home/airflow/.local/lib/python3.12/site-packages/airflow/example_dags/example_sensors.py took 0.054 seconds
[2024-10-28T13:39:47.517+0000] {processor.py:186} INFO - Started process (PID=1906) to work on /home/airflow/.local/lib/python3.12/site-packages/airflow/example_dags/example_sensors.py
[2024-10-28T13:39:47.518+0000] {processor.py:914} INFO - Processing file /home/airflow/.local/lib/python3.12/site-packages/airflow/example_dags/example_sensors.py for tasks to queue
[2024-10-28T13:39:47.520+0000] {logging_mixin.py:190} INFO - [2024-10-28T13:39:47.520+0000] {dagbag.py:588} INFO - Filling up the DagBag from /home/airflow/.local/lib/python3.12/site-packages/airflow/example_dags/example_sensors.py
[2024-10-28T13:39:47.529+0000] {processor.py:925} INFO - DAG(s) 'example_sensors' retrieved from /home/airflow/.local/lib/python3.12/site-packages/airflow/example_dags/example_sensors.py
[2024-10-28T13:39:47.551+0000] {logging_mixin.py:190} INFO - [2024-10-28T13:39:47.551+0000] {dag.py:3239} INFO - Sync 1 DAGs
[2024-10-28T13:39:47.564+0000] {logging_mixin.py:190} INFO - [2024-10-28T13:39:47.564+0000] {dag.py:4180} INFO - Setting next_dagrun for example_sensors to None, run_after=None
[2024-10-28T13:39:47.583+0000] {processor.py:208} INFO - Processing /home/airflow/.local/lib/python3.12/site-packages/airflow/example_dags/example_sensors.py took 0.071 seconds
[2024-10-28T13:40:18.808+0000] {processor.py:186} INFO - Started process (PID=1969) to work on /home/airflow/.local/lib/python3.12/site-packages/airflow/example_dags/example_sensors.py
[2024-10-28T13:40:18.809+0000] {processor.py:914} INFO - Processing file /home/airflow/.local/lib/python3.12/site-packages/airflow/example_dags/example_sensors.py for tasks to queue
[2024-10-28T13:40:18.811+0000] {logging_mixin.py:190} INFO - [2024-10-28T13:40:18.811+0000] {dagbag.py:588} INFO - Filling up the DagBag from /home/airflow/.local/lib/python3.12/site-packages/airflow/example_dags/example_sensors.py
[2024-10-28T13:40:18.819+0000] {processor.py:925} INFO - DAG(s) 'example_sensors' retrieved from /home/airflow/.local/lib/python3.12/site-packages/airflow/example_dags/example_sensors.py
[2024-10-28T13:40:18.839+0000] {logging_mixin.py:190} INFO - [2024-10-28T13:40:18.839+0000] {dag.py:3239} INFO - Sync 1 DAGs
[2024-10-28T13:40:18.850+0000] {logging_mixin.py:190} INFO - [2024-10-28T13:40:18.850+0000] {dag.py:4180} INFO - Setting next_dagrun for example_sensors to None, run_after=None
[2024-10-28T13:40:18.869+0000] {processor.py:208} INFO - Processing /home/airflow/.local/lib/python3.12/site-packages/airflow/example_dags/example_sensors.py took 0.065 seconds
[2024-10-28T13:40:49.576+0000] {processor.py:186} INFO - Started process (PID=2032) to work on /home/airflow/.local/lib/python3.12/site-packages/airflow/example_dags/example_sensors.py
[2024-10-28T13:40:49.577+0000] {processor.py:914} INFO - Processing file /home/airflow/.local/lib/python3.12/site-packages/airflow/example_dags/example_sensors.py for tasks to queue
[2024-10-28T13:40:49.580+0000] {logging_mixin.py:190} INFO - [2024-10-28T13:40:49.580+0000] {dagbag.py:588} INFO - Filling up the DagBag from /home/airflow/.local/lib/python3.12/site-packages/airflow/example_dags/example_sensors.py
[2024-10-28T13:40:49.589+0000] {processor.py:925} INFO - DAG(s) 'example_sensors' retrieved from /home/airflow/.local/lib/python3.12/site-packages/airflow/example_dags/example_sensors.py
[2024-10-28T13:40:49.608+0000] {logging_mixin.py:190} INFO - [2024-10-28T13:40:49.608+0000] {dag.py:3239} INFO - Sync 1 DAGs
[2024-10-28T13:40:49.618+0000] {logging_mixin.py:190} INFO - [2024-10-28T13:40:49.618+0000] {dag.py:4180} INFO - Setting next_dagrun for example_sensors to None, run_after=None
[2024-10-28T13:40:49.632+0000] {processor.py:208} INFO - Processing /home/airflow/.local/lib/python3.12/site-packages/airflow/example_dags/example_sensors.py took 0.061 seconds
[2024-10-28T13:41:20.721+0000] {processor.py:186} INFO - Started process (PID=2095) to work on /home/airflow/.local/lib/python3.12/site-packages/airflow/example_dags/example_sensors.py
[2024-10-28T13:41:20.722+0000] {processor.py:914} INFO - Processing file /home/airflow/.local/lib/python3.12/site-packages/airflow/example_dags/example_sensors.py for tasks to queue
[2024-10-28T13:41:20.724+0000] {logging_mixin.py:190} INFO - [2024-10-28T13:41:20.724+0000] {dagbag.py:588} INFO - Filling up the DagBag from /home/airflow/.local/lib/python3.12/site-packages/airflow/example_dags/example_sensors.py
[2024-10-28T13:41:20.734+0000] {processor.py:925} INFO - DAG(s) 'example_sensors' retrieved from /home/airflow/.local/lib/python3.12/site-packages/airflow/example_dags/example_sensors.py
[2024-10-28T13:41:20.754+0000] {logging_mixin.py:190} INFO - [2024-10-28T13:41:20.754+0000] {dag.py:3239} INFO - Sync 1 DAGs
[2024-10-28T13:41:20.766+0000] {logging_mixin.py:190} INFO - [2024-10-28T13:41:20.766+0000] {dag.py:4180} INFO - Setting next_dagrun for example_sensors to None, run_after=None
[2024-10-28T13:41:20.790+0000] {processor.py:208} INFO - Processing /home/airflow/.local/lib/python3.12/site-packages/airflow/example_dags/example_sensors.py took 0.074 seconds
[2024-10-28T13:41:51.374+0000] {processor.py:186} INFO - Started process (PID=2158) to work on /home/airflow/.local/lib/python3.12/site-packages/airflow/example_dags/example_sensors.py
[2024-10-28T13:41:51.375+0000] {processor.py:914} INFO - Processing file /home/airflow/.local/lib/python3.12/site-packages/airflow/example_dags/example_sensors.py for tasks to queue
[2024-10-28T13:41:51.377+0000] {logging_mixin.py:190} INFO - [2024-10-28T13:41:51.377+0000] {dagbag.py:588} INFO - Filling up the DagBag from /home/airflow/.local/lib/python3.12/site-packages/airflow/example_dags/example_sensors.py
[2024-10-28T13:41:51.391+0000] {processor.py:925} INFO - DAG(s) 'example_sensors' retrieved from /home/airflow/.local/lib/python3.12/site-packages/airflow/example_dags/example_sensors.py
[2024-10-28T13:41:51.413+0000] {logging_mixin.py:190} INFO - [2024-10-28T13:41:51.413+0000] {dag.py:3239} INFO - Sync 1 DAGs
[2024-10-28T13:41:51.423+0000] {logging_mixin.py:190} INFO - [2024-10-28T13:41:51.423+0000] {dag.py:4180} INFO - Setting next_dagrun for example_sensors to None, run_after=None
[2024-10-28T13:41:51.438+0000] {processor.py:208} INFO - Processing /home/airflow/.local/lib/python3.12/site-packages/airflow/example_dags/example_sensors.py took 0.071 seconds
[2024-10-28T13:42:22.424+0000] {processor.py:186} INFO - Started process (PID=2221) to work on /home/airflow/.local/lib/python3.12/site-packages/airflow/example_dags/example_sensors.py
[2024-10-28T13:42:22.425+0000] {processor.py:914} INFO - Processing file /home/airflow/.local/lib/python3.12/site-packages/airflow/example_dags/example_sensors.py for tasks to queue
[2024-10-28T13:42:22.426+0000] {logging_mixin.py:190} INFO - [2024-10-28T13:42:22.426+0000] {dagbag.py:588} INFO - Filling up the DagBag from /home/airflow/.local/lib/python3.12/site-packages/airflow/example_dags/example_sensors.py
[2024-10-28T13:42:22.435+0000] {processor.py:925} INFO - DAG(s) 'example_sensors' retrieved from /home/airflow/.local/lib/python3.12/site-packages/airflow/example_dags/example_sensors.py
[2024-10-28T13:42:22.453+0000] {logging_mixin.py:190} INFO - [2024-10-28T13:42:22.453+0000] {dag.py:3239} INFO - Sync 1 DAGs
[2024-10-28T13:42:22.464+0000] {logging_mixin.py:190} INFO - [2024-10-28T13:42:22.464+0000] {dag.py:4180} INFO - Setting next_dagrun for example_sensors to None, run_after=None
[2024-10-28T13:42:22.478+0000] {processor.py:208} INFO - Processing /home/airflow/.local/lib/python3.12/site-packages/airflow/example_dags/example_sensors.py took 0.059 seconds
[2024-10-28T13:42:53.517+0000] {processor.py:186} INFO - Started process (PID=2283) to work on /home/airflow/.local/lib/python3.12/site-packages/airflow/example_dags/example_sensors.py
[2024-10-28T13:42:53.518+0000] {processor.py:914} INFO - Processing file /home/airflow/.local/lib/python3.12/site-packages/airflow/example_dags/example_sensors.py for tasks to queue
[2024-10-28T13:42:53.519+0000] {logging_mixin.py:190} INFO - [2024-10-28T13:42:53.519+0000] {dagbag.py:588} INFO - Filling up the DagBag from /home/airflow/.local/lib/python3.12/site-packages/airflow/example_dags/example_sensors.py
[2024-10-28T13:42:53.527+0000] {processor.py:925} INFO - DAG(s) 'example_sensors' retrieved from /home/airflow/.local/lib/python3.12/site-packages/airflow/example_dags/example_sensors.py
[2024-10-28T13:42:53.548+0000] {logging_mixin.py:190} INFO - [2024-10-28T13:42:53.547+0000] {dag.py:3239} INFO - Sync 1 DAGs
[2024-10-28T13:42:53.557+0000] {logging_mixin.py:190} INFO - [2024-10-28T13:42:53.557+0000] {dag.py:4180} INFO - Setting next_dagrun for example_sensors to None, run_after=None
[2024-10-28T13:42:53.573+0000] {processor.py:208} INFO - Processing /home/airflow/.local/lib/python3.12/site-packages/airflow/example_dags/example_sensors.py took 0.059 seconds
[2024-10-28T13:43:24.177+0000] {processor.py:186} INFO - Started process (PID=2345) to work on /home/airflow/.local/lib/python3.12/site-packages/airflow/example_dags/example_sensors.py
[2024-10-28T13:43:24.178+0000] {processor.py:914} INFO - Processing file /home/airflow/.local/lib/python3.12/site-packages/airflow/example_dags/example_sensors.py for tasks to queue
[2024-10-28T13:43:24.179+0000] {logging_mixin.py:190} INFO - [2024-10-28T13:43:24.179+0000] {dagbag.py:588} INFO - Filling up the DagBag from /home/airflow/.local/lib/python3.12/site-packages/airflow/example_dags/example_sensors.py
[2024-10-28T13:43:24.187+0000] {processor.py:925} INFO - DAG(s) 'example_sensors' retrieved from /home/airflow/.local/lib/python3.12/site-packages/airflow/example_dags/example_sensors.py
[2024-10-28T13:43:24.205+0000] {logging_mixin.py:190} INFO - [2024-10-28T13:43:24.205+0000] {dag.py:3239} INFO - Sync 1 DAGs
[2024-10-28T13:43:24.215+0000] {logging_mixin.py:190} INFO - [2024-10-28T13:43:24.215+0000] {dag.py:4180} INFO - Setting next_dagrun for example_sensors to None, run_after=None
[2024-10-28T13:43:24.229+0000] {processor.py:208} INFO - Processing /home/airflow/.local/lib/python3.12/site-packages/airflow/example_dags/example_sensors.py took 0.056 seconds
[2024-10-28T13:43:54.733+0000] {processor.py:186} INFO - Started process (PID=2407) to work on /home/airflow/.local/lib/python3.12/site-packages/airflow/example_dags/example_sensors.py
[2024-10-28T13:43:54.734+0000] {processor.py:914} INFO - Processing file /home/airflow/.local/lib/python3.12/site-packages/airflow/example_dags/example_sensors.py for tasks to queue
[2024-10-28T13:43:54.735+0000] {logging_mixin.py:190} INFO - [2024-10-28T13:43:54.734+0000] {dagbag.py:588} INFO - Filling up the DagBag from /home/airflow/.local/lib/python3.12/site-packages/airflow/example_dags/example_sensors.py
[2024-10-28T13:43:54.743+0000] {processor.py:925} INFO - DAG(s) 'example_sensors' retrieved from /home/airflow/.local/lib/python3.12/site-packages/airflow/example_dags/example_sensors.py
[2024-10-28T13:43:54.761+0000] {logging_mixin.py:190} INFO - [2024-10-28T13:43:54.761+0000] {dag.py:3239} INFO - Sync 1 DAGs
[2024-10-28T13:43:54.772+0000] {logging_mixin.py:190} INFO - [2024-10-28T13:43:54.771+0000] {dag.py:4180} INFO - Setting next_dagrun for example_sensors to None, run_after=None
[2024-10-28T13:43:54.788+0000] {processor.py:208} INFO - Processing /home/airflow/.local/lib/python3.12/site-packages/airflow/example_dags/example_sensors.py took 0.060 seconds
