[2024-10-28T13:21:15.397+0000] {processor.py:186} INFO - Started process (PID=70) to work on /home/airflow/.local/lib/python3.12/site-packages/airflow/example_dags/example_sensor_decorator.py
[2024-10-28T13:21:15.399+0000] {processor.py:914} INFO - Processing file /home/airflow/.local/lib/python3.12/site-packages/airflow/example_dags/example_sensor_decorator.py for tasks to queue
[2024-10-28T13:21:15.402+0000] {logging_mixin.py:190} INFO - [2024-10-28T13:21:15.402+0000] {dagbag.py:588} INFO - Filling up the DagBag from /home/airflow/.local/lib/python3.12/site-packages/airflow/example_dags/example_sensor_decorator.py
[2024-10-28T13:21:15.416+0000] {processor.py:925} INFO - DAG(s) 'example_sensor_decorator' retrieved from /home/airflow/.local/lib/python3.12/site-packages/airflow/example_dags/example_sensor_decorator.py
[2024-10-28T13:21:15.511+0000] {logging_mixin.py:190} INFO - [2024-10-28T13:21:15.511+0000] {override.py:1900} INFO - Created Permission View: can delete on DAG:example_sensor_decorator
[2024-10-28T13:21:15.522+0000] {logging_mixin.py:190} INFO - [2024-10-28T13:21:15.522+0000] {override.py:1900} INFO - Created Permission View: can edit on DAG:example_sensor_decorator
[2024-10-28T13:21:15.530+0000] {logging_mixin.py:190} INFO - [2024-10-28T13:21:15.530+0000] {override.py:1900} INFO - Created Permission View: can read on DAG:example_sensor_decorator
[2024-10-28T13:21:15.543+0000] {logging_mixin.py:190} INFO - [2024-10-28T13:21:15.543+0000] {override.py:1900} INFO - Created Permission View: can create on DAG Run:example_sensor_decorator
[2024-10-28T13:21:15.551+0000] {logging_mixin.py:190} INFO - [2024-10-28T13:21:15.550+0000] {override.py:1900} INFO - Created Permission View: menu access on DAG Run:example_sensor_decorator
[2024-10-28T13:21:15.559+0000] {logging_mixin.py:190} INFO - [2024-10-28T13:21:15.559+0000] {override.py:1900} INFO - Created Permission View: can read on DAG Run:example_sensor_decorator
[2024-10-28T13:21:15.568+0000] {logging_mixin.py:190} INFO - [2024-10-28T13:21:15.568+0000] {override.py:1900} INFO - Created Permission View: can delete on DAG Run:example_sensor_decorator
[2024-10-28T13:21:15.569+0000] {logging_mixin.py:190} INFO - [2024-10-28T13:21:15.569+0000] {dag.py:3239} INFO - Sync 1 DAGs
[2024-10-28T13:21:15.582+0000] {logging_mixin.py:190} INFO - [2024-10-28T13:21:15.581+0000] {dag.py:3262} INFO - Creating ORM DAG for example_sensor_decorator
[2024-10-28T13:21:15.583+0000] {logging_mixin.py:190} INFO - [2024-10-28T13:21:15.583+0000] {dag.py:4180} INFO - Setting next_dagrun for example_sensor_decorator to None, run_after=None
[2024-10-28T13:21:15.600+0000] {processor.py:208} INFO - Processing /home/airflow/.local/lib/python3.12/site-packages/airflow/example_dags/example_sensor_decorator.py took 0.210 seconds
[2024-10-28T13:21:45.730+0000] {processor.py:186} INFO - Started process (PID=132) to work on /home/airflow/.local/lib/python3.12/site-packages/airflow/example_dags/example_sensor_decorator.py
[2024-10-28T13:21:45.730+0000] {processor.py:914} INFO - Processing file /home/airflow/.local/lib/python3.12/site-packages/airflow/example_dags/example_sensor_decorator.py for tasks to queue
[2024-10-28T13:21:45.732+0000] {logging_mixin.py:190} INFO - [2024-10-28T13:21:45.732+0000] {dagbag.py:588} INFO - Filling up the DagBag from /home/airflow/.local/lib/python3.12/site-packages/airflow/example_dags/example_sensor_decorator.py
[2024-10-28T13:21:45.739+0000] {processor.py:925} INFO - DAG(s) 'example_sensor_decorator' retrieved from /home/airflow/.local/lib/python3.12/site-packages/airflow/example_dags/example_sensor_decorator.py
[2024-10-28T13:21:45.753+0000] {logging_mixin.py:190} INFO - [2024-10-28T13:21:45.753+0000] {dag.py:3239} INFO - Sync 1 DAGs
[2024-10-28T13:21:45.764+0000] {logging_mixin.py:190} INFO - [2024-10-28T13:21:45.763+0000] {dag.py:4180} INFO - Setting next_dagrun for example_sensor_decorator to None, run_after=None
[2024-10-28T13:21:45.779+0000] {processor.py:208} INFO - Processing /home/airflow/.local/lib/python3.12/site-packages/airflow/example_dags/example_sensor_decorator.py took 0.053 seconds
[2024-10-28T13:24:59.706+0000] {processor.py:186} INFO - Started process (PID=70) to work on /home/airflow/.local/lib/python3.12/site-packages/airflow/example_dags/example_sensor_decorator.py
[2024-10-28T13:24:59.707+0000] {processor.py:914} INFO - Processing file /home/airflow/.local/lib/python3.12/site-packages/airflow/example_dags/example_sensor_decorator.py for tasks to queue
[2024-10-28T13:24:59.709+0000] {logging_mixin.py:190} INFO - [2024-10-28T13:24:59.709+0000] {dagbag.py:588} INFO - Filling up the DagBag from /home/airflow/.local/lib/python3.12/site-packages/airflow/example_dags/example_sensor_decorator.py
[2024-10-28T13:24:59.716+0000] {processor.py:925} INFO - DAG(s) 'example_sensor_decorator' retrieved from /home/airflow/.local/lib/python3.12/site-packages/airflow/example_dags/example_sensor_decorator.py
[2024-10-28T13:24:59.733+0000] {logging_mixin.py:190} INFO - [2024-10-28T13:24:59.733+0000] {dag.py:3239} INFO - Sync 1 DAGs
[2024-10-28T13:24:59.745+0000] {logging_mixin.py:190} INFO - [2024-10-28T13:24:59.744+0000] {dag.py:4180} INFO - Setting next_dagrun for example_sensor_decorator to None, run_after=None
[2024-10-28T13:24:59.765+0000] {processor.py:208} INFO - Processing /home/airflow/.local/lib/python3.12/site-packages/airflow/example_dags/example_sensor_decorator.py took 0.064 seconds
[2024-10-28T13:25:30.811+0000] {processor.py:186} INFO - Started process (PID=132) to work on /home/airflow/.local/lib/python3.12/site-packages/airflow/example_dags/example_sensor_decorator.py
[2024-10-28T13:25:30.812+0000] {processor.py:914} INFO - Processing file /home/airflow/.local/lib/python3.12/site-packages/airflow/example_dags/example_sensor_decorator.py for tasks to queue
[2024-10-28T13:25:30.814+0000] {logging_mixin.py:190} INFO - [2024-10-28T13:25:30.814+0000] {dagbag.py:588} INFO - Filling up the DagBag from /home/airflow/.local/lib/python3.12/site-packages/airflow/example_dags/example_sensor_decorator.py
[2024-10-28T13:25:30.821+0000] {processor.py:925} INFO - DAG(s) 'example_sensor_decorator' retrieved from /home/airflow/.local/lib/python3.12/site-packages/airflow/example_dags/example_sensor_decorator.py
[2024-10-28T13:25:30.834+0000] {logging_mixin.py:190} INFO - [2024-10-28T13:25:30.834+0000] {dag.py:3239} INFO - Sync 1 DAGs
[2024-10-28T13:25:30.844+0000] {logging_mixin.py:190} INFO - [2024-10-28T13:25:30.844+0000] {dag.py:4180} INFO - Setting next_dagrun for example_sensor_decorator to None, run_after=None
[2024-10-28T13:25:30.858+0000] {processor.py:208} INFO - Processing /home/airflow/.local/lib/python3.12/site-packages/airflow/example_dags/example_sensor_decorator.py took 0.051 seconds
[2024-10-28T13:26:01.808+0000] {processor.py:186} INFO - Started process (PID=195) to work on /home/airflow/.local/lib/python3.12/site-packages/airflow/example_dags/example_sensor_decorator.py
[2024-10-28T13:26:01.810+0000] {processor.py:914} INFO - Processing file /home/airflow/.local/lib/python3.12/site-packages/airflow/example_dags/example_sensor_decorator.py for tasks to queue
[2024-10-28T13:26:01.813+0000] {logging_mixin.py:190} INFO - [2024-10-28T13:26:01.812+0000] {dagbag.py:588} INFO - Filling up the DagBag from /home/airflow/.local/lib/python3.12/site-packages/airflow/example_dags/example_sensor_decorator.py
[2024-10-28T13:26:01.819+0000] {processor.py:925} INFO - DAG(s) 'example_sensor_decorator' retrieved from /home/airflow/.local/lib/python3.12/site-packages/airflow/example_dags/example_sensor_decorator.py
[2024-10-28T13:26:01.833+0000] {logging_mixin.py:190} INFO - [2024-10-28T13:26:01.833+0000] {dag.py:3239} INFO - Sync 1 DAGs
[2024-10-28T13:26:01.844+0000] {logging_mixin.py:190} INFO - [2024-10-28T13:26:01.843+0000] {dag.py:4180} INFO - Setting next_dagrun for example_sensor_decorator to None, run_after=None
[2024-10-28T13:26:01.858+0000] {processor.py:208} INFO - Processing /home/airflow/.local/lib/python3.12/site-packages/airflow/example_dags/example_sensor_decorator.py took 0.055 seconds
[2024-10-28T13:26:32.366+0000] {processor.py:186} INFO - Started process (PID=264) to work on /home/airflow/.local/lib/python3.12/site-packages/airflow/example_dags/example_sensor_decorator.py
[2024-10-28T13:26:32.367+0000] {processor.py:914} INFO - Processing file /home/airflow/.local/lib/python3.12/site-packages/airflow/example_dags/example_sensor_decorator.py for tasks to queue
[2024-10-28T13:26:32.369+0000] {logging_mixin.py:190} INFO - [2024-10-28T13:26:32.368+0000] {dagbag.py:588} INFO - Filling up the DagBag from /home/airflow/.local/lib/python3.12/site-packages/airflow/example_dags/example_sensor_decorator.py
[2024-10-28T13:26:32.375+0000] {processor.py:925} INFO - DAG(s) 'example_sensor_decorator' retrieved from /home/airflow/.local/lib/python3.12/site-packages/airflow/example_dags/example_sensor_decorator.py
[2024-10-28T13:26:32.391+0000] {logging_mixin.py:190} INFO - [2024-10-28T13:26:32.391+0000] {dag.py:3239} INFO - Sync 1 DAGs
[2024-10-28T13:26:32.402+0000] {logging_mixin.py:190} INFO - [2024-10-28T13:26:32.402+0000] {dag.py:4180} INFO - Setting next_dagrun for example_sensor_decorator to None, run_after=None
[2024-10-28T13:26:32.416+0000] {processor.py:208} INFO - Processing /home/airflow/.local/lib/python3.12/site-packages/airflow/example_dags/example_sensor_decorator.py took 0.056 seconds
[2024-10-28T13:27:02.589+0000] {processor.py:186} INFO - Started process (PID=327) to work on /home/airflow/.local/lib/python3.12/site-packages/airflow/example_dags/example_sensor_decorator.py
[2024-10-28T13:27:02.590+0000] {processor.py:914} INFO - Processing file /home/airflow/.local/lib/python3.12/site-packages/airflow/example_dags/example_sensor_decorator.py for tasks to queue
[2024-10-28T13:27:02.592+0000] {logging_mixin.py:190} INFO - [2024-10-28T13:27:02.592+0000] {dagbag.py:588} INFO - Filling up the DagBag from /home/airflow/.local/lib/python3.12/site-packages/airflow/example_dags/example_sensor_decorator.py
[2024-10-28T13:27:02.598+0000] {processor.py:925} INFO - DAG(s) 'example_sensor_decorator' retrieved from /home/airflow/.local/lib/python3.12/site-packages/airflow/example_dags/example_sensor_decorator.py
[2024-10-28T13:27:02.612+0000] {logging_mixin.py:190} INFO - [2024-10-28T13:27:02.612+0000] {dag.py:3239} INFO - Sync 1 DAGs
[2024-10-28T13:27:02.623+0000] {logging_mixin.py:190} INFO - [2024-10-28T13:27:02.623+0000] {dag.py:4180} INFO - Setting next_dagrun for example_sensor_decorator to None, run_after=None
[2024-10-28T13:27:02.638+0000] {processor.py:208} INFO - Processing /home/airflow/.local/lib/python3.12/site-packages/airflow/example_dags/example_sensor_decorator.py took 0.053 seconds
[2024-10-28T13:27:33.067+0000] {processor.py:186} INFO - Started process (PID=390) to work on /home/airflow/.local/lib/python3.12/site-packages/airflow/example_dags/example_sensor_decorator.py
[2024-10-28T13:27:33.070+0000] {processor.py:914} INFO - Processing file /home/airflow/.local/lib/python3.12/site-packages/airflow/example_dags/example_sensor_decorator.py for tasks to queue
[2024-10-28T13:27:33.075+0000] {logging_mixin.py:190} INFO - [2024-10-28T13:27:33.075+0000] {dagbag.py:588} INFO - Filling up the DagBag from /home/airflow/.local/lib/python3.12/site-packages/airflow/example_dags/example_sensor_decorator.py
[2024-10-28T13:27:33.084+0000] {processor.py:925} INFO - DAG(s) 'example_sensor_decorator' retrieved from /home/airflow/.local/lib/python3.12/site-packages/airflow/example_dags/example_sensor_decorator.py
[2024-10-28T13:27:33.099+0000] {logging_mixin.py:190} INFO - [2024-10-28T13:27:33.099+0000] {dag.py:3239} INFO - Sync 1 DAGs
[2024-10-28T13:27:33.110+0000] {logging_mixin.py:190} INFO - [2024-10-28T13:27:33.110+0000] {dag.py:4180} INFO - Setting next_dagrun for example_sensor_decorator to None, run_after=None
[2024-10-28T13:27:33.125+0000] {processor.py:208} INFO - Processing /home/airflow/.local/lib/python3.12/site-packages/airflow/example_dags/example_sensor_decorator.py took 0.065 seconds
[2024-10-28T13:28:03.489+0000] {processor.py:186} INFO - Started process (PID=453) to work on /home/airflow/.local/lib/python3.12/site-packages/airflow/example_dags/example_sensor_decorator.py
[2024-10-28T13:28:03.490+0000] {processor.py:914} INFO - Processing file /home/airflow/.local/lib/python3.12/site-packages/airflow/example_dags/example_sensor_decorator.py for tasks to queue
[2024-10-28T13:28:03.492+0000] {logging_mixin.py:190} INFO - [2024-10-28T13:28:03.492+0000] {dagbag.py:588} INFO - Filling up the DagBag from /home/airflow/.local/lib/python3.12/site-packages/airflow/example_dags/example_sensor_decorator.py
[2024-10-28T13:28:03.498+0000] {processor.py:925} INFO - DAG(s) 'example_sensor_decorator' retrieved from /home/airflow/.local/lib/python3.12/site-packages/airflow/example_dags/example_sensor_decorator.py
[2024-10-28T13:28:03.514+0000] {logging_mixin.py:190} INFO - [2024-10-28T13:28:03.514+0000] {dag.py:3239} INFO - Sync 1 DAGs
[2024-10-28T13:28:03.524+0000] {logging_mixin.py:190} INFO - [2024-10-28T13:28:03.524+0000] {dag.py:4180} INFO - Setting next_dagrun for example_sensor_decorator to None, run_after=None
[2024-10-28T13:28:03.540+0000] {processor.py:208} INFO - Processing /home/airflow/.local/lib/python3.12/site-packages/airflow/example_dags/example_sensor_decorator.py took 0.056 seconds
[2024-10-28T13:28:34.241+0000] {processor.py:186} INFO - Started process (PID=516) to work on /home/airflow/.local/lib/python3.12/site-packages/airflow/example_dags/example_sensor_decorator.py
[2024-10-28T13:28:34.242+0000] {processor.py:914} INFO - Processing file /home/airflow/.local/lib/python3.12/site-packages/airflow/example_dags/example_sensor_decorator.py for tasks to queue
[2024-10-28T13:28:34.244+0000] {logging_mixin.py:190} INFO - [2024-10-28T13:28:34.244+0000] {dagbag.py:588} INFO - Filling up the DagBag from /home/airflow/.local/lib/python3.12/site-packages/airflow/example_dags/example_sensor_decorator.py
[2024-10-28T13:28:34.250+0000] {processor.py:925} INFO - DAG(s) 'example_sensor_decorator' retrieved from /home/airflow/.local/lib/python3.12/site-packages/airflow/example_dags/example_sensor_decorator.py
[2024-10-28T13:28:34.264+0000] {logging_mixin.py:190} INFO - [2024-10-28T13:28:34.264+0000] {dag.py:3239} INFO - Sync 1 DAGs
[2024-10-28T13:28:34.274+0000] {logging_mixin.py:190} INFO - [2024-10-28T13:28:34.274+0000] {dag.py:4180} INFO - Setting next_dagrun for example_sensor_decorator to None, run_after=None
[2024-10-28T13:28:34.288+0000] {processor.py:208} INFO - Processing /home/airflow/.local/lib/python3.12/site-packages/airflow/example_dags/example_sensor_decorator.py took 0.053 seconds
[2024-10-28T13:29:04.773+0000] {processor.py:186} INFO - Started process (PID=579) to work on /home/airflow/.local/lib/python3.12/site-packages/airflow/example_dags/example_sensor_decorator.py
[2024-10-28T13:29:04.774+0000] {processor.py:914} INFO - Processing file /home/airflow/.local/lib/python3.12/site-packages/airflow/example_dags/example_sensor_decorator.py for tasks to queue
[2024-10-28T13:29:04.778+0000] {logging_mixin.py:190} INFO - [2024-10-28T13:29:04.778+0000] {dagbag.py:588} INFO - Filling up the DagBag from /home/airflow/.local/lib/python3.12/site-packages/airflow/example_dags/example_sensor_decorator.py
[2024-10-28T13:29:04.785+0000] {processor.py:925} INFO - DAG(s) 'example_sensor_decorator' retrieved from /home/airflow/.local/lib/python3.12/site-packages/airflow/example_dags/example_sensor_decorator.py
[2024-10-28T13:29:04.801+0000] {logging_mixin.py:190} INFO - [2024-10-28T13:29:04.800+0000] {dag.py:3239} INFO - Sync 1 DAGs
[2024-10-28T13:29:04.810+0000] {logging_mixin.py:190} INFO - [2024-10-28T13:29:04.810+0000] {dag.py:4180} INFO - Setting next_dagrun for example_sensor_decorator to None, run_after=None
[2024-10-28T13:29:04.824+0000] {processor.py:208} INFO - Processing /home/airflow/.local/lib/python3.12/site-packages/airflow/example_dags/example_sensor_decorator.py took 0.057 seconds
[2024-10-28T13:29:35.009+0000] {processor.py:186} INFO - Started process (PID=642) to work on /home/airflow/.local/lib/python3.12/site-packages/airflow/example_dags/example_sensor_decorator.py
[2024-10-28T13:29:35.011+0000] {processor.py:914} INFO - Processing file /home/airflow/.local/lib/python3.12/site-packages/airflow/example_dags/example_sensor_decorator.py for tasks to queue
[2024-10-28T13:29:35.013+0000] {logging_mixin.py:190} INFO - [2024-10-28T13:29:35.013+0000] {dagbag.py:588} INFO - Filling up the DagBag from /home/airflow/.local/lib/python3.12/site-packages/airflow/example_dags/example_sensor_decorator.py
[2024-10-28T13:29:35.021+0000] {processor.py:925} INFO - DAG(s) 'example_sensor_decorator' retrieved from /home/airflow/.local/lib/python3.12/site-packages/airflow/example_dags/example_sensor_decorator.py
[2024-10-28T13:29:35.037+0000] {logging_mixin.py:190} INFO - [2024-10-28T13:29:35.037+0000] {dag.py:3239} INFO - Sync 1 DAGs
[2024-10-28T13:29:35.047+0000] {logging_mixin.py:190} INFO - [2024-10-28T13:29:35.047+0000] {dag.py:4180} INFO - Setting next_dagrun for example_sensor_decorator to None, run_after=None
[2024-10-28T13:29:35.061+0000] {processor.py:208} INFO - Processing /home/airflow/.local/lib/python3.12/site-packages/airflow/example_dags/example_sensor_decorator.py took 0.060 seconds
[2024-10-28T13:30:05.968+0000] {processor.py:186} INFO - Started process (PID=705) to work on /home/airflow/.local/lib/python3.12/site-packages/airflow/example_dags/example_sensor_decorator.py
[2024-10-28T13:30:05.971+0000] {processor.py:914} INFO - Processing file /home/airflow/.local/lib/python3.12/site-packages/airflow/example_dags/example_sensor_decorator.py for tasks to queue
[2024-10-28T13:30:05.973+0000] {logging_mixin.py:190} INFO - [2024-10-28T13:30:05.973+0000] {dagbag.py:588} INFO - Filling up the DagBag from /home/airflow/.local/lib/python3.12/site-packages/airflow/example_dags/example_sensor_decorator.py
[2024-10-28T13:30:05.979+0000] {processor.py:925} INFO - DAG(s) 'example_sensor_decorator' retrieved from /home/airflow/.local/lib/python3.12/site-packages/airflow/example_dags/example_sensor_decorator.py
[2024-10-28T13:30:05.994+0000] {logging_mixin.py:190} INFO - [2024-10-28T13:30:05.994+0000] {dag.py:3239} INFO - Sync 1 DAGs
[2024-10-28T13:30:06.007+0000] {logging_mixin.py:190} INFO - [2024-10-28T13:30:06.007+0000] {dag.py:4180} INFO - Setting next_dagrun for example_sensor_decorator to None, run_after=None
[2024-10-28T13:30:06.024+0000] {processor.py:208} INFO - Processing /home/airflow/.local/lib/python3.12/site-packages/airflow/example_dags/example_sensor_decorator.py took 0.063 seconds
[2024-10-28T13:30:37.104+0000] {processor.py:186} INFO - Started process (PID=768) to work on /home/airflow/.local/lib/python3.12/site-packages/airflow/example_dags/example_sensor_decorator.py
[2024-10-28T13:30:37.106+0000] {processor.py:914} INFO - Processing file /home/airflow/.local/lib/python3.12/site-packages/airflow/example_dags/example_sensor_decorator.py for tasks to queue
[2024-10-28T13:30:37.108+0000] {logging_mixin.py:190} INFO - [2024-10-28T13:30:37.108+0000] {dagbag.py:588} INFO - Filling up the DagBag from /home/airflow/.local/lib/python3.12/site-packages/airflow/example_dags/example_sensor_decorator.py
[2024-10-28T13:30:37.114+0000] {processor.py:925} INFO - DAG(s) 'example_sensor_decorator' retrieved from /home/airflow/.local/lib/python3.12/site-packages/airflow/example_dags/example_sensor_decorator.py
[2024-10-28T13:30:37.128+0000] {logging_mixin.py:190} INFO - [2024-10-28T13:30:37.128+0000] {dag.py:3239} INFO - Sync 1 DAGs
[2024-10-28T13:30:37.139+0000] {logging_mixin.py:190} INFO - [2024-10-28T13:30:37.138+0000] {dag.py:4180} INFO - Setting next_dagrun for example_sensor_decorator to None, run_after=None
[2024-10-28T13:30:37.156+0000] {processor.py:208} INFO - Processing /home/airflow/.local/lib/python3.12/site-packages/airflow/example_dags/example_sensor_decorator.py took 0.057 seconds
[2024-10-28T13:31:08.222+0000] {processor.py:186} INFO - Started process (PID=831) to work on /home/airflow/.local/lib/python3.12/site-packages/airflow/example_dags/example_sensor_decorator.py
[2024-10-28T13:31:08.223+0000] {processor.py:914} INFO - Processing file /home/airflow/.local/lib/python3.12/site-packages/airflow/example_dags/example_sensor_decorator.py for tasks to queue
[2024-10-28T13:31:08.225+0000] {logging_mixin.py:190} INFO - [2024-10-28T13:31:08.224+0000] {dagbag.py:588} INFO - Filling up the DagBag from /home/airflow/.local/lib/python3.12/site-packages/airflow/example_dags/example_sensor_decorator.py
[2024-10-28T13:31:08.230+0000] {processor.py:925} INFO - DAG(s) 'example_sensor_decorator' retrieved from /home/airflow/.local/lib/python3.12/site-packages/airflow/example_dags/example_sensor_decorator.py
[2024-10-28T13:31:08.243+0000] {logging_mixin.py:190} INFO - [2024-10-28T13:31:08.243+0000] {dag.py:3239} INFO - Sync 1 DAGs
[2024-10-28T13:31:08.253+0000] {logging_mixin.py:190} INFO - [2024-10-28T13:31:08.253+0000] {dag.py:4180} INFO - Setting next_dagrun for example_sensor_decorator to None, run_after=None
[2024-10-28T13:31:08.270+0000] {processor.py:208} INFO - Processing /home/airflow/.local/lib/python3.12/site-packages/airflow/example_dags/example_sensor_decorator.py took 0.054 seconds
[2024-10-28T13:31:38.842+0000] {processor.py:186} INFO - Started process (PID=894) to work on /home/airflow/.local/lib/python3.12/site-packages/airflow/example_dags/example_sensor_decorator.py
[2024-10-28T13:31:38.842+0000] {processor.py:914} INFO - Processing file /home/airflow/.local/lib/python3.12/site-packages/airflow/example_dags/example_sensor_decorator.py for tasks to queue
[2024-10-28T13:31:38.844+0000] {logging_mixin.py:190} INFO - [2024-10-28T13:31:38.844+0000] {dagbag.py:588} INFO - Filling up the DagBag from /home/airflow/.local/lib/python3.12/site-packages/airflow/example_dags/example_sensor_decorator.py
[2024-10-28T13:31:38.850+0000] {processor.py:925} INFO - DAG(s) 'example_sensor_decorator' retrieved from /home/airflow/.local/lib/python3.12/site-packages/airflow/example_dags/example_sensor_decorator.py
[2024-10-28T13:31:38.864+0000] {logging_mixin.py:190} INFO - [2024-10-28T13:31:38.864+0000] {dag.py:3239} INFO - Sync 1 DAGs
[2024-10-28T13:31:38.874+0000] {logging_mixin.py:190} INFO - [2024-10-28T13:31:38.874+0000] {dag.py:4180} INFO - Setting next_dagrun for example_sensor_decorator to None, run_after=None
[2024-10-28T13:31:38.889+0000] {processor.py:208} INFO - Processing /home/airflow/.local/lib/python3.12/site-packages/airflow/example_dags/example_sensor_decorator.py took 0.052 seconds
[2024-10-28T13:32:09.651+0000] {processor.py:186} INFO - Started process (PID=957) to work on /home/airflow/.local/lib/python3.12/site-packages/airflow/example_dags/example_sensor_decorator.py
[2024-10-28T13:32:09.652+0000] {processor.py:914} INFO - Processing file /home/airflow/.local/lib/python3.12/site-packages/airflow/example_dags/example_sensor_decorator.py for tasks to queue
[2024-10-28T13:32:09.654+0000] {logging_mixin.py:190} INFO - [2024-10-28T13:32:09.654+0000] {dagbag.py:588} INFO - Filling up the DagBag from /home/airflow/.local/lib/python3.12/site-packages/airflow/example_dags/example_sensor_decorator.py
[2024-10-28T13:32:09.660+0000] {processor.py:925} INFO - DAG(s) 'example_sensor_decorator' retrieved from /home/airflow/.local/lib/python3.12/site-packages/airflow/example_dags/example_sensor_decorator.py
[2024-10-28T13:32:09.673+0000] {logging_mixin.py:190} INFO - [2024-10-28T13:32:09.672+0000] {dag.py:3239} INFO - Sync 1 DAGs
[2024-10-28T13:32:09.682+0000] {logging_mixin.py:190} INFO - [2024-10-28T13:32:09.682+0000] {dag.py:4180} INFO - Setting next_dagrun for example_sensor_decorator to None, run_after=None
[2024-10-28T13:32:09.696+0000] {processor.py:208} INFO - Processing /home/airflow/.local/lib/python3.12/site-packages/airflow/example_dags/example_sensor_decorator.py took 0.049 seconds
[2024-10-28T13:32:39.978+0000] {processor.py:186} INFO - Started process (PID=1020) to work on /home/airflow/.local/lib/python3.12/site-packages/airflow/example_dags/example_sensor_decorator.py
[2024-10-28T13:32:39.979+0000] {processor.py:914} INFO - Processing file /home/airflow/.local/lib/python3.12/site-packages/airflow/example_dags/example_sensor_decorator.py for tasks to queue
[2024-10-28T13:32:39.980+0000] {logging_mixin.py:190} INFO - [2024-10-28T13:32:39.980+0000] {dagbag.py:588} INFO - Filling up the DagBag from /home/airflow/.local/lib/python3.12/site-packages/airflow/example_dags/example_sensor_decorator.py
[2024-10-28T13:32:39.986+0000] {processor.py:925} INFO - DAG(s) 'example_sensor_decorator' retrieved from /home/airflow/.local/lib/python3.12/site-packages/airflow/example_dags/example_sensor_decorator.py
[2024-10-28T13:32:40.000+0000] {logging_mixin.py:190} INFO - [2024-10-28T13:32:40.000+0000] {dag.py:3239} INFO - Sync 1 DAGs
[2024-10-28T13:32:40.010+0000] {logging_mixin.py:190} INFO - [2024-10-28T13:32:40.010+0000] {dag.py:4180} INFO - Setting next_dagrun for example_sensor_decorator to None, run_after=None
[2024-10-28T13:32:40.028+0000] {processor.py:208} INFO - Processing /home/airflow/.local/lib/python3.12/site-packages/airflow/example_dags/example_sensor_decorator.py took 0.054 seconds
[2024-10-28T13:33:10.246+0000] {processor.py:186} INFO - Started process (PID=1083) to work on /home/airflow/.local/lib/python3.12/site-packages/airflow/example_dags/example_sensor_decorator.py
[2024-10-28T13:33:10.247+0000] {processor.py:914} INFO - Processing file /home/airflow/.local/lib/python3.12/site-packages/airflow/example_dags/example_sensor_decorator.py for tasks to queue
[2024-10-28T13:33:10.249+0000] {logging_mixin.py:190} INFO - [2024-10-28T13:33:10.249+0000] {dagbag.py:588} INFO - Filling up the DagBag from /home/airflow/.local/lib/python3.12/site-packages/airflow/example_dags/example_sensor_decorator.py
[2024-10-28T13:33:10.255+0000] {processor.py:925} INFO - DAG(s) 'example_sensor_decorator' retrieved from /home/airflow/.local/lib/python3.12/site-packages/airflow/example_dags/example_sensor_decorator.py
[2024-10-28T13:33:10.268+0000] {logging_mixin.py:190} INFO - [2024-10-28T13:33:10.268+0000] {dag.py:3239} INFO - Sync 1 DAGs
[2024-10-28T13:33:10.278+0000] {logging_mixin.py:190} INFO - [2024-10-28T13:33:10.278+0000] {dag.py:4180} INFO - Setting next_dagrun for example_sensor_decorator to None, run_after=None
[2024-10-28T13:33:10.293+0000] {processor.py:208} INFO - Processing /home/airflow/.local/lib/python3.12/site-packages/airflow/example_dags/example_sensor_decorator.py took 0.051 seconds
[2024-10-28T13:33:40.896+0000] {processor.py:186} INFO - Started process (PID=1146) to work on /home/airflow/.local/lib/python3.12/site-packages/airflow/example_dags/example_sensor_decorator.py
[2024-10-28T13:33:40.898+0000] {processor.py:914} INFO - Processing file /home/airflow/.local/lib/python3.12/site-packages/airflow/example_dags/example_sensor_decorator.py for tasks to queue
[2024-10-28T13:33:40.900+0000] {logging_mixin.py:190} INFO - [2024-10-28T13:33:40.900+0000] {dagbag.py:588} INFO - Filling up the DagBag from /home/airflow/.local/lib/python3.12/site-packages/airflow/example_dags/example_sensor_decorator.py
[2024-10-28T13:33:40.908+0000] {processor.py:925} INFO - DAG(s) 'example_sensor_decorator' retrieved from /home/airflow/.local/lib/python3.12/site-packages/airflow/example_dags/example_sensor_decorator.py
[2024-10-28T13:33:40.921+0000] {logging_mixin.py:190} INFO - [2024-10-28T13:33:40.921+0000] {dag.py:3239} INFO - Sync 1 DAGs
[2024-10-28T13:33:40.933+0000] {logging_mixin.py:190} INFO - [2024-10-28T13:33:40.933+0000] {dag.py:4180} INFO - Setting next_dagrun for example_sensor_decorator to None, run_after=None
[2024-10-28T13:33:40.948+0000] {processor.py:208} INFO - Processing /home/airflow/.local/lib/python3.12/site-packages/airflow/example_dags/example_sensor_decorator.py took 0.056 seconds
[2024-10-28T13:34:11.294+0000] {processor.py:186} INFO - Started process (PID=1209) to work on /home/airflow/.local/lib/python3.12/site-packages/airflow/example_dags/example_sensor_decorator.py
[2024-10-28T13:34:11.295+0000] {processor.py:914} INFO - Processing file /home/airflow/.local/lib/python3.12/site-packages/airflow/example_dags/example_sensor_decorator.py for tasks to queue
[2024-10-28T13:34:11.297+0000] {logging_mixin.py:190} INFO - [2024-10-28T13:34:11.297+0000] {dagbag.py:588} INFO - Filling up the DagBag from /home/airflow/.local/lib/python3.12/site-packages/airflow/example_dags/example_sensor_decorator.py
[2024-10-28T13:34:11.304+0000] {processor.py:925} INFO - DAG(s) 'example_sensor_decorator' retrieved from /home/airflow/.local/lib/python3.12/site-packages/airflow/example_dags/example_sensor_decorator.py
[2024-10-28T13:34:11.318+0000] {logging_mixin.py:190} INFO - [2024-10-28T13:34:11.318+0000] {dag.py:3239} INFO - Sync 1 DAGs
[2024-10-28T13:34:11.329+0000] {logging_mixin.py:190} INFO - [2024-10-28T13:34:11.329+0000] {dag.py:4180} INFO - Setting next_dagrun for example_sensor_decorator to None, run_after=None
[2024-10-28T13:34:11.346+0000] {processor.py:208} INFO - Processing /home/airflow/.local/lib/python3.12/site-packages/airflow/example_dags/example_sensor_decorator.py took 0.056 seconds
[2024-10-28T13:34:41.978+0000] {processor.py:186} INFO - Started process (PID=1272) to work on /home/airflow/.local/lib/python3.12/site-packages/airflow/example_dags/example_sensor_decorator.py
[2024-10-28T13:34:41.981+0000] {processor.py:914} INFO - Processing file /home/airflow/.local/lib/python3.12/site-packages/airflow/example_dags/example_sensor_decorator.py for tasks to queue
[2024-10-28T13:34:41.983+0000] {logging_mixin.py:190} INFO - [2024-10-28T13:34:41.982+0000] {dagbag.py:588} INFO - Filling up the DagBag from /home/airflow/.local/lib/python3.12/site-packages/airflow/example_dags/example_sensor_decorator.py
[2024-10-28T13:34:41.989+0000] {processor.py:925} INFO - DAG(s) 'example_sensor_decorator' retrieved from /home/airflow/.local/lib/python3.12/site-packages/airflow/example_dags/example_sensor_decorator.py
[2024-10-28T13:34:42.004+0000] {logging_mixin.py:190} INFO - [2024-10-28T13:34:42.004+0000] {dag.py:3239} INFO - Sync 1 DAGs
[2024-10-28T13:34:42.014+0000] {logging_mixin.py:190} INFO - [2024-10-28T13:34:42.014+0000] {dag.py:4180} INFO - Setting next_dagrun for example_sensor_decorator to None, run_after=None
[2024-10-28T13:34:42.032+0000] {processor.py:208} INFO - Processing /home/airflow/.local/lib/python3.12/site-packages/airflow/example_dags/example_sensor_decorator.py took 0.058 seconds
[2024-10-28T13:35:12.857+0000] {processor.py:186} INFO - Started process (PID=1335) to work on /home/airflow/.local/lib/python3.12/site-packages/airflow/example_dags/example_sensor_decorator.py
[2024-10-28T13:35:12.859+0000] {processor.py:914} INFO - Processing file /home/airflow/.local/lib/python3.12/site-packages/airflow/example_dags/example_sensor_decorator.py for tasks to queue
[2024-10-28T13:35:12.862+0000] {logging_mixin.py:190} INFO - [2024-10-28T13:35:12.862+0000] {dagbag.py:588} INFO - Filling up the DagBag from /home/airflow/.local/lib/python3.12/site-packages/airflow/example_dags/example_sensor_decorator.py
[2024-10-28T13:35:12.874+0000] {processor.py:925} INFO - DAG(s) 'example_sensor_decorator' retrieved from /home/airflow/.local/lib/python3.12/site-packages/airflow/example_dags/example_sensor_decorator.py
[2024-10-28T13:35:12.887+0000] {logging_mixin.py:190} INFO - [2024-10-28T13:35:12.887+0000] {dag.py:3239} INFO - Sync 1 DAGs
[2024-10-28T13:35:12.897+0000] {logging_mixin.py:190} INFO - [2024-10-28T13:35:12.897+0000] {dag.py:4180} INFO - Setting next_dagrun for example_sensor_decorator to None, run_after=None
[2024-10-28T13:35:12.911+0000] {processor.py:208} INFO - Processing /home/airflow/.local/lib/python3.12/site-packages/airflow/example_dags/example_sensor_decorator.py took 0.064 seconds
[2024-10-28T13:35:43.016+0000] {processor.py:186} INFO - Started process (PID=1398) to work on /home/airflow/.local/lib/python3.12/site-packages/airflow/example_dags/example_sensor_decorator.py
[2024-10-28T13:35:43.017+0000] {processor.py:914} INFO - Processing file /home/airflow/.local/lib/python3.12/site-packages/airflow/example_dags/example_sensor_decorator.py for tasks to queue
[2024-10-28T13:35:43.019+0000] {logging_mixin.py:190} INFO - [2024-10-28T13:35:43.019+0000] {dagbag.py:588} INFO - Filling up the DagBag from /home/airflow/.local/lib/python3.12/site-packages/airflow/example_dags/example_sensor_decorator.py
[2024-10-28T13:35:43.025+0000] {processor.py:925} INFO - DAG(s) 'example_sensor_decorator' retrieved from /home/airflow/.local/lib/python3.12/site-packages/airflow/example_dags/example_sensor_decorator.py
[2024-10-28T13:35:43.039+0000] {logging_mixin.py:190} INFO - [2024-10-28T13:35:43.039+0000] {dag.py:3239} INFO - Sync 1 DAGs
[2024-10-28T13:35:43.049+0000] {logging_mixin.py:190} INFO - [2024-10-28T13:35:43.048+0000] {dag.py:4180} INFO - Setting next_dagrun for example_sensor_decorator to None, run_after=None
[2024-10-28T13:35:43.062+0000] {processor.py:208} INFO - Processing /home/airflow/.local/lib/python3.12/site-packages/airflow/example_dags/example_sensor_decorator.py took 0.051 seconds
[2024-10-28T13:36:13.823+0000] {processor.py:186} INFO - Started process (PID=1461) to work on /home/airflow/.local/lib/python3.12/site-packages/airflow/example_dags/example_sensor_decorator.py
[2024-10-28T13:36:13.824+0000] {processor.py:914} INFO - Processing file /home/airflow/.local/lib/python3.12/site-packages/airflow/example_dags/example_sensor_decorator.py for tasks to queue
[2024-10-28T13:36:13.826+0000] {logging_mixin.py:190} INFO - [2024-10-28T13:36:13.826+0000] {dagbag.py:588} INFO - Filling up the DagBag from /home/airflow/.local/lib/python3.12/site-packages/airflow/example_dags/example_sensor_decorator.py
[2024-10-28T13:36:13.832+0000] {processor.py:925} INFO - DAG(s) 'example_sensor_decorator' retrieved from /home/airflow/.local/lib/python3.12/site-packages/airflow/example_dags/example_sensor_decorator.py
[2024-10-28T13:36:13.846+0000] {logging_mixin.py:190} INFO - [2024-10-28T13:36:13.846+0000] {dag.py:3239} INFO - Sync 1 DAGs
[2024-10-28T13:36:13.856+0000] {logging_mixin.py:190} INFO - [2024-10-28T13:36:13.856+0000] {dag.py:4180} INFO - Setting next_dagrun for example_sensor_decorator to None, run_after=None
[2024-10-28T13:36:13.871+0000] {processor.py:208} INFO - Processing /home/airflow/.local/lib/python3.12/site-packages/airflow/example_dags/example_sensor_decorator.py took 0.053 seconds
[2024-10-28T13:36:44.092+0000] {processor.py:186} INFO - Started process (PID=1524) to work on /home/airflow/.local/lib/python3.12/site-packages/airflow/example_dags/example_sensor_decorator.py
[2024-10-28T13:36:44.093+0000] {processor.py:914} INFO - Processing file /home/airflow/.local/lib/python3.12/site-packages/airflow/example_dags/example_sensor_decorator.py for tasks to queue
[2024-10-28T13:36:44.095+0000] {logging_mixin.py:190} INFO - [2024-10-28T13:36:44.095+0000] {dagbag.py:588} INFO - Filling up the DagBag from /home/airflow/.local/lib/python3.12/site-packages/airflow/example_dags/example_sensor_decorator.py
[2024-10-28T13:36:44.101+0000] {processor.py:925} INFO - DAG(s) 'example_sensor_decorator' retrieved from /home/airflow/.local/lib/python3.12/site-packages/airflow/example_dags/example_sensor_decorator.py
[2024-10-28T13:36:44.115+0000] {logging_mixin.py:190} INFO - [2024-10-28T13:36:44.114+0000] {dag.py:3239} INFO - Sync 1 DAGs
[2024-10-28T13:36:44.124+0000] {logging_mixin.py:190} INFO - [2024-10-28T13:36:44.124+0000] {dag.py:4180} INFO - Setting next_dagrun for example_sensor_decorator to None, run_after=None
[2024-10-28T13:36:44.138+0000] {processor.py:208} INFO - Processing /home/airflow/.local/lib/python3.12/site-packages/airflow/example_dags/example_sensor_decorator.py took 0.051 seconds
[2024-10-28T13:37:14.451+0000] {processor.py:186} INFO - Started process (PID=1587) to work on /home/airflow/.local/lib/python3.12/site-packages/airflow/example_dags/example_sensor_decorator.py
[2024-10-28T13:37:14.452+0000] {processor.py:914} INFO - Processing file /home/airflow/.local/lib/python3.12/site-packages/airflow/example_dags/example_sensor_decorator.py for tasks to queue
[2024-10-28T13:37:14.453+0000] {logging_mixin.py:190} INFO - [2024-10-28T13:37:14.453+0000] {dagbag.py:588} INFO - Filling up the DagBag from /home/airflow/.local/lib/python3.12/site-packages/airflow/example_dags/example_sensor_decorator.py
[2024-10-28T13:37:14.459+0000] {processor.py:925} INFO - DAG(s) 'example_sensor_decorator' retrieved from /home/airflow/.local/lib/python3.12/site-packages/airflow/example_dags/example_sensor_decorator.py
[2024-10-28T13:37:14.472+0000] {logging_mixin.py:190} INFO - [2024-10-28T13:37:14.472+0000] {dag.py:3239} INFO - Sync 1 DAGs
[2024-10-28T13:37:14.483+0000] {logging_mixin.py:190} INFO - [2024-10-28T13:37:14.482+0000] {dag.py:4180} INFO - Setting next_dagrun for example_sensor_decorator to None, run_after=None
[2024-10-28T13:37:14.500+0000] {processor.py:208} INFO - Processing /home/airflow/.local/lib/python3.12/site-packages/airflow/example_dags/example_sensor_decorator.py took 0.053 seconds
[2024-10-28T13:37:44.975+0000] {processor.py:186} INFO - Started process (PID=1650) to work on /home/airflow/.local/lib/python3.12/site-packages/airflow/example_dags/example_sensor_decorator.py
[2024-10-28T13:37:44.976+0000] {processor.py:914} INFO - Processing file /home/airflow/.local/lib/python3.12/site-packages/airflow/example_dags/example_sensor_decorator.py for tasks to queue
[2024-10-28T13:37:44.978+0000] {logging_mixin.py:190} INFO - [2024-10-28T13:37:44.978+0000] {dagbag.py:588} INFO - Filling up the DagBag from /home/airflow/.local/lib/python3.12/site-packages/airflow/example_dags/example_sensor_decorator.py
[2024-10-28T13:37:44.984+0000] {processor.py:925} INFO - DAG(s) 'example_sensor_decorator' retrieved from /home/airflow/.local/lib/python3.12/site-packages/airflow/example_dags/example_sensor_decorator.py
[2024-10-28T13:37:45.000+0000] {logging_mixin.py:190} INFO - [2024-10-28T13:37:45.000+0000] {dag.py:3239} INFO - Sync 1 DAGs
[2024-10-28T13:37:45.010+0000] {logging_mixin.py:190} INFO - [2024-10-28T13:37:45.010+0000] {dag.py:4180} INFO - Setting next_dagrun for example_sensor_decorator to None, run_after=None
[2024-10-28T13:37:45.026+0000] {processor.py:208} INFO - Processing /home/airflow/.local/lib/python3.12/site-packages/airflow/example_dags/example_sensor_decorator.py took 0.055 seconds
[2024-10-28T13:38:15.512+0000] {processor.py:186} INFO - Started process (PID=1713) to work on /home/airflow/.local/lib/python3.12/site-packages/airflow/example_dags/example_sensor_decorator.py
[2024-10-28T13:38:15.513+0000] {processor.py:914} INFO - Processing file /home/airflow/.local/lib/python3.12/site-packages/airflow/example_dags/example_sensor_decorator.py for tasks to queue
[2024-10-28T13:38:15.515+0000] {logging_mixin.py:190} INFO - [2024-10-28T13:38:15.515+0000] {dagbag.py:588} INFO - Filling up the DagBag from /home/airflow/.local/lib/python3.12/site-packages/airflow/example_dags/example_sensor_decorator.py
[2024-10-28T13:38:15.522+0000] {processor.py:925} INFO - DAG(s) 'example_sensor_decorator' retrieved from /home/airflow/.local/lib/python3.12/site-packages/airflow/example_dags/example_sensor_decorator.py
[2024-10-28T13:38:15.537+0000] {logging_mixin.py:190} INFO - [2024-10-28T13:38:15.537+0000] {dag.py:3239} INFO - Sync 1 DAGs
[2024-10-28T13:38:15.547+0000] {logging_mixin.py:190} INFO - [2024-10-28T13:38:15.547+0000] {dag.py:4180} INFO - Setting next_dagrun for example_sensor_decorator to None, run_after=None
[2024-10-28T13:38:15.562+0000] {processor.py:208} INFO - Processing /home/airflow/.local/lib/python3.12/site-packages/airflow/example_dags/example_sensor_decorator.py took 0.055 seconds
[2024-10-28T13:38:46.013+0000] {processor.py:186} INFO - Started process (PID=1776) to work on /home/airflow/.local/lib/python3.12/site-packages/airflow/example_dags/example_sensor_decorator.py
[2024-10-28T13:38:46.014+0000] {processor.py:914} INFO - Processing file /home/airflow/.local/lib/python3.12/site-packages/airflow/example_dags/example_sensor_decorator.py for tasks to queue
[2024-10-28T13:38:46.016+0000] {logging_mixin.py:190} INFO - [2024-10-28T13:38:46.015+0000] {dagbag.py:588} INFO - Filling up the DagBag from /home/airflow/.local/lib/python3.12/site-packages/airflow/example_dags/example_sensor_decorator.py
[2024-10-28T13:38:46.021+0000] {processor.py:925} INFO - DAG(s) 'example_sensor_decorator' retrieved from /home/airflow/.local/lib/python3.12/site-packages/airflow/example_dags/example_sensor_decorator.py
[2024-10-28T13:38:46.035+0000] {logging_mixin.py:190} INFO - [2024-10-28T13:38:46.035+0000] {dag.py:3239} INFO - Sync 1 DAGs
[2024-10-28T13:38:46.045+0000] {logging_mixin.py:190} INFO - [2024-10-28T13:38:46.045+0000] {dag.py:4180} INFO - Setting next_dagrun for example_sensor_decorator to None, run_after=None
[2024-10-28T13:38:46.067+0000] {processor.py:208} INFO - Processing /home/airflow/.local/lib/python3.12/site-packages/airflow/example_dags/example_sensor_decorator.py took 0.059 seconds
[2024-10-28T13:39:16.544+0000] {processor.py:186} INFO - Started process (PID=1839) to work on /home/airflow/.local/lib/python3.12/site-packages/airflow/example_dags/example_sensor_decorator.py
[2024-10-28T13:39:16.545+0000] {processor.py:914} INFO - Processing file /home/airflow/.local/lib/python3.12/site-packages/airflow/example_dags/example_sensor_decorator.py for tasks to queue
[2024-10-28T13:39:16.547+0000] {logging_mixin.py:190} INFO - [2024-10-28T13:39:16.546+0000] {dagbag.py:588} INFO - Filling up the DagBag from /home/airflow/.local/lib/python3.12/site-packages/airflow/example_dags/example_sensor_decorator.py
[2024-10-28T13:39:16.552+0000] {processor.py:925} INFO - DAG(s) 'example_sensor_decorator' retrieved from /home/airflow/.local/lib/python3.12/site-packages/airflow/example_dags/example_sensor_decorator.py
[2024-10-28T13:39:16.567+0000] {logging_mixin.py:190} INFO - [2024-10-28T13:39:16.567+0000] {dag.py:3239} INFO - Sync 1 DAGs
[2024-10-28T13:39:16.579+0000] {logging_mixin.py:190} INFO - [2024-10-28T13:39:16.579+0000] {dag.py:4180} INFO - Setting next_dagrun for example_sensor_decorator to None, run_after=None
[2024-10-28T13:39:16.595+0000] {processor.py:208} INFO - Processing /home/airflow/.local/lib/python3.12/site-packages/airflow/example_dags/example_sensor_decorator.py took 0.057 seconds
[2024-10-28T13:39:47.195+0000] {processor.py:186} INFO - Started process (PID=1902) to work on /home/airflow/.local/lib/python3.12/site-packages/airflow/example_dags/example_sensor_decorator.py
[2024-10-28T13:39:47.196+0000] {processor.py:914} INFO - Processing file /home/airflow/.local/lib/python3.12/site-packages/airflow/example_dags/example_sensor_decorator.py for tasks to queue
[2024-10-28T13:39:47.199+0000] {logging_mixin.py:190} INFO - [2024-10-28T13:39:47.198+0000] {dagbag.py:588} INFO - Filling up the DagBag from /home/airflow/.local/lib/python3.12/site-packages/airflow/example_dags/example_sensor_decorator.py
[2024-10-28T13:39:47.206+0000] {processor.py:925} INFO - DAG(s) 'example_sensor_decorator' retrieved from /home/airflow/.local/lib/python3.12/site-packages/airflow/example_dags/example_sensor_decorator.py
[2024-10-28T13:39:47.224+0000] {logging_mixin.py:190} INFO - [2024-10-28T13:39:47.224+0000] {dag.py:3239} INFO - Sync 1 DAGs
[2024-10-28T13:39:47.237+0000] {logging_mixin.py:190} INFO - [2024-10-28T13:39:47.236+0000] {dag.py:4180} INFO - Setting next_dagrun for example_sensor_decorator to None, run_after=None
[2024-10-28T13:39:47.260+0000] {processor.py:208} INFO - Processing /home/airflow/.local/lib/python3.12/site-packages/airflow/example_dags/example_sensor_decorator.py took 0.071 seconds
[2024-10-28T13:40:18.533+0000] {processor.py:186} INFO - Started process (PID=1965) to work on /home/airflow/.local/lib/python3.12/site-packages/airflow/example_dags/example_sensor_decorator.py
[2024-10-28T13:40:18.534+0000] {processor.py:914} INFO - Processing file /home/airflow/.local/lib/python3.12/site-packages/airflow/example_dags/example_sensor_decorator.py for tasks to queue
[2024-10-28T13:40:18.536+0000] {logging_mixin.py:190} INFO - [2024-10-28T13:40:18.536+0000] {dagbag.py:588} INFO - Filling up the DagBag from /home/airflow/.local/lib/python3.12/site-packages/airflow/example_dags/example_sensor_decorator.py
[2024-10-28T13:40:18.542+0000] {processor.py:925} INFO - DAG(s) 'example_sensor_decorator' retrieved from /home/airflow/.local/lib/python3.12/site-packages/airflow/example_dags/example_sensor_decorator.py
[2024-10-28T13:40:18.556+0000] {logging_mixin.py:190} INFO - [2024-10-28T13:40:18.556+0000] {dag.py:3239} INFO - Sync 1 DAGs
[2024-10-28T13:40:18.567+0000] {logging_mixin.py:190} INFO - [2024-10-28T13:40:18.566+0000] {dag.py:4180} INFO - Setting next_dagrun for example_sensor_decorator to None, run_after=None
[2024-10-28T13:40:18.583+0000] {processor.py:208} INFO - Processing /home/airflow/.local/lib/python3.12/site-packages/airflow/example_dags/example_sensor_decorator.py took 0.055 seconds
[2024-10-28T13:40:49.294+0000] {processor.py:186} INFO - Started process (PID=2028) to work on /home/airflow/.local/lib/python3.12/site-packages/airflow/example_dags/example_sensor_decorator.py
[2024-10-28T13:40:49.295+0000] {processor.py:914} INFO - Processing file /home/airflow/.local/lib/python3.12/site-packages/airflow/example_dags/example_sensor_decorator.py for tasks to queue
[2024-10-28T13:40:49.297+0000] {logging_mixin.py:190} INFO - [2024-10-28T13:40:49.297+0000] {dagbag.py:588} INFO - Filling up the DagBag from /home/airflow/.local/lib/python3.12/site-packages/airflow/example_dags/example_sensor_decorator.py
[2024-10-28T13:40:49.302+0000] {processor.py:925} INFO - DAG(s) 'example_sensor_decorator' retrieved from /home/airflow/.local/lib/python3.12/site-packages/airflow/example_dags/example_sensor_decorator.py
[2024-10-28T13:40:49.316+0000] {logging_mixin.py:190} INFO - [2024-10-28T13:40:49.316+0000] {dag.py:3239} INFO - Sync 1 DAGs
[2024-10-28T13:40:49.326+0000] {logging_mixin.py:190} INFO - [2024-10-28T13:40:49.326+0000] {dag.py:4180} INFO - Setting next_dagrun for example_sensor_decorator to None, run_after=None
[2024-10-28T13:40:49.340+0000] {processor.py:208} INFO - Processing /home/airflow/.local/lib/python3.12/site-packages/airflow/example_dags/example_sensor_decorator.py took 0.050 seconds
[2024-10-28T13:41:20.528+0000] {processor.py:186} INFO - Started process (PID=2091) to work on /home/airflow/.local/lib/python3.12/site-packages/airflow/example_dags/example_sensor_decorator.py
[2024-10-28T13:41:20.529+0000] {processor.py:914} INFO - Processing file /home/airflow/.local/lib/python3.12/site-packages/airflow/example_dags/example_sensor_decorator.py for tasks to queue
[2024-10-28T13:41:20.532+0000] {logging_mixin.py:190} INFO - [2024-10-28T13:41:20.532+0000] {dagbag.py:588} INFO - Filling up the DagBag from /home/airflow/.local/lib/python3.12/site-packages/airflow/example_dags/example_sensor_decorator.py
[2024-10-28T13:41:20.538+0000] {processor.py:925} INFO - DAG(s) 'example_sensor_decorator' retrieved from /home/airflow/.local/lib/python3.12/site-packages/airflow/example_dags/example_sensor_decorator.py
[2024-10-28T13:41:20.554+0000] {logging_mixin.py:190} INFO - [2024-10-28T13:41:20.553+0000] {dag.py:3239} INFO - Sync 1 DAGs
[2024-10-28T13:41:20.564+0000] {logging_mixin.py:190} INFO - [2024-10-28T13:41:20.564+0000] {dag.py:4180} INFO - Setting next_dagrun for example_sensor_decorator to None, run_after=None
[2024-10-28T13:41:20.584+0000] {processor.py:208} INFO - Processing /home/airflow/.local/lib/python3.12/site-packages/airflow/example_dags/example_sensor_decorator.py took 0.061 seconds
[2024-10-28T13:41:50.990+0000] {processor.py:186} INFO - Started process (PID=2154) to work on /home/airflow/.local/lib/python3.12/site-packages/airflow/example_dags/example_sensor_decorator.py
[2024-10-28T13:41:50.991+0000] {processor.py:914} INFO - Processing file /home/airflow/.local/lib/python3.12/site-packages/airflow/example_dags/example_sensor_decorator.py for tasks to queue
[2024-10-28T13:41:50.993+0000] {logging_mixin.py:190} INFO - [2024-10-28T13:41:50.993+0000] {dagbag.py:588} INFO - Filling up the DagBag from /home/airflow/.local/lib/python3.12/site-packages/airflow/example_dags/example_sensor_decorator.py
[2024-10-28T13:41:50.999+0000] {processor.py:925} INFO - DAG(s) 'example_sensor_decorator' retrieved from /home/airflow/.local/lib/python3.12/site-packages/airflow/example_dags/example_sensor_decorator.py
[2024-10-28T13:41:51.013+0000] {logging_mixin.py:190} INFO - [2024-10-28T13:41:51.013+0000] {dag.py:3239} INFO - Sync 1 DAGs
[2024-10-28T13:41:51.024+0000] {logging_mixin.py:190} INFO - [2024-10-28T13:41:51.024+0000] {dag.py:4180} INFO - Setting next_dagrun for example_sensor_decorator to None, run_after=None
[2024-10-28T13:41:51.042+0000] {processor.py:208} INFO - Processing /home/airflow/.local/lib/python3.12/site-packages/airflow/example_dags/example_sensor_decorator.py took 0.055 seconds
[2024-10-28T13:42:22.258+0000] {processor.py:186} INFO - Started process (PID=2217) to work on /home/airflow/.local/lib/python3.12/site-packages/airflow/example_dags/example_sensor_decorator.py
[2024-10-28T13:42:22.259+0000] {processor.py:914} INFO - Processing file /home/airflow/.local/lib/python3.12/site-packages/airflow/example_dags/example_sensor_decorator.py for tasks to queue
[2024-10-28T13:42:22.260+0000] {logging_mixin.py:190} INFO - [2024-10-28T13:42:22.260+0000] {dagbag.py:588} INFO - Filling up the DagBag from /home/airflow/.local/lib/python3.12/site-packages/airflow/example_dags/example_sensor_decorator.py
[2024-10-28T13:42:22.267+0000] {processor.py:925} INFO - DAG(s) 'example_sensor_decorator' retrieved from /home/airflow/.local/lib/python3.12/site-packages/airflow/example_dags/example_sensor_decorator.py
[2024-10-28T13:42:22.280+0000] {logging_mixin.py:190} INFO - [2024-10-28T13:42:22.280+0000] {dag.py:3239} INFO - Sync 1 DAGs
[2024-10-28T13:42:22.291+0000] {logging_mixin.py:190} INFO - [2024-10-28T13:42:22.291+0000] {dag.py:4180} INFO - Setting next_dagrun for example_sensor_decorator to None, run_after=None
[2024-10-28T13:42:22.306+0000] {processor.py:208} INFO - Processing /home/airflow/.local/lib/python3.12/site-packages/airflow/example_dags/example_sensor_decorator.py took 0.052 seconds
[2024-10-28T13:42:53.342+0000] {processor.py:186} INFO - Started process (PID=2279) to work on /home/airflow/.local/lib/python3.12/site-packages/airflow/example_dags/example_sensor_decorator.py
[2024-10-28T13:42:53.343+0000] {processor.py:914} INFO - Processing file /home/airflow/.local/lib/python3.12/site-packages/airflow/example_dags/example_sensor_decorator.py for tasks to queue
[2024-10-28T13:42:53.345+0000] {logging_mixin.py:190} INFO - [2024-10-28T13:42:53.344+0000] {dagbag.py:588} INFO - Filling up the DagBag from /home/airflow/.local/lib/python3.12/site-packages/airflow/example_dags/example_sensor_decorator.py
[2024-10-28T13:42:53.353+0000] {processor.py:925} INFO - DAG(s) 'example_sensor_decorator' retrieved from /home/airflow/.local/lib/python3.12/site-packages/airflow/example_dags/example_sensor_decorator.py
[2024-10-28T13:42:53.369+0000] {logging_mixin.py:190} INFO - [2024-10-28T13:42:53.369+0000] {dag.py:3239} INFO - Sync 1 DAGs
[2024-10-28T13:42:53.382+0000] {logging_mixin.py:190} INFO - [2024-10-28T13:42:53.382+0000] {dag.py:4180} INFO - Setting next_dagrun for example_sensor_decorator to None, run_after=None
[2024-10-28T13:42:53.397+0000] {processor.py:208} INFO - Processing /home/airflow/.local/lib/python3.12/site-packages/airflow/example_dags/example_sensor_decorator.py took 0.060 seconds
[2024-10-28T13:43:24.007+0000] {processor.py:186} INFO - Started process (PID=2341) to work on /home/airflow/.local/lib/python3.12/site-packages/airflow/example_dags/example_sensor_decorator.py
[2024-10-28T13:43:24.009+0000] {processor.py:914} INFO - Processing file /home/airflow/.local/lib/python3.12/site-packages/airflow/example_dags/example_sensor_decorator.py for tasks to queue
[2024-10-28T13:43:24.010+0000] {logging_mixin.py:190} INFO - [2024-10-28T13:43:24.010+0000] {dagbag.py:588} INFO - Filling up the DagBag from /home/airflow/.local/lib/python3.12/site-packages/airflow/example_dags/example_sensor_decorator.py
[2024-10-28T13:43:24.017+0000] {processor.py:925} INFO - DAG(s) 'example_sensor_decorator' retrieved from /home/airflow/.local/lib/python3.12/site-packages/airflow/example_dags/example_sensor_decorator.py
[2024-10-28T13:43:24.032+0000] {logging_mixin.py:190} INFO - [2024-10-28T13:43:24.032+0000] {dag.py:3239} INFO - Sync 1 DAGs
[2024-10-28T13:43:24.043+0000] {logging_mixin.py:190} INFO - [2024-10-28T13:43:24.043+0000] {dag.py:4180} INFO - Setting next_dagrun for example_sensor_decorator to None, run_after=None
[2024-10-28T13:43:24.058+0000] {processor.py:208} INFO - Processing /home/airflow/.local/lib/python3.12/site-packages/airflow/example_dags/example_sensor_decorator.py took 0.055 seconds
[2024-10-28T13:43:54.540+0000] {processor.py:186} INFO - Started process (PID=2403) to work on /home/airflow/.local/lib/python3.12/site-packages/airflow/example_dags/example_sensor_decorator.py
[2024-10-28T13:43:54.541+0000] {processor.py:914} INFO - Processing file /home/airflow/.local/lib/python3.12/site-packages/airflow/example_dags/example_sensor_decorator.py for tasks to queue
[2024-10-28T13:43:54.543+0000] {logging_mixin.py:190} INFO - [2024-10-28T13:43:54.543+0000] {dagbag.py:588} INFO - Filling up the DagBag from /home/airflow/.local/lib/python3.12/site-packages/airflow/example_dags/example_sensor_decorator.py
[2024-10-28T13:43:54.550+0000] {processor.py:925} INFO - DAG(s) 'example_sensor_decorator' retrieved from /home/airflow/.local/lib/python3.12/site-packages/airflow/example_dags/example_sensor_decorator.py
[2024-10-28T13:43:54.567+0000] {logging_mixin.py:190} INFO - [2024-10-28T13:43:54.567+0000] {dag.py:3239} INFO - Sync 1 DAGs
[2024-10-28T13:43:54.579+0000] {logging_mixin.py:190} INFO - [2024-10-28T13:43:54.579+0000] {dag.py:4180} INFO - Setting next_dagrun for example_sensor_decorator to None, run_after=None
[2024-10-28T13:43:54.601+0000] {processor.py:208} INFO - Processing /home/airflow/.local/lib/python3.12/site-packages/airflow/example_dags/example_sensor_decorator.py took 0.065 seconds
