[2024-10-28T13:21:18.350+0000] {processor.py:186} INFO - Started process (PID=97) to work on /home/airflow/.local/lib/python3.12/site-packages/airflow/example_dags/example_dag_decorator.py
[2024-10-28T13:21:18.351+0000] {processor.py:914} INFO - Processing file /home/airflow/.local/lib/python3.12/site-packages/airflow/example_dags/example_dag_decorator.py for tasks to queue
[2024-10-28T13:21:18.353+0000] {logging_mixin.py:190} INFO - [2024-10-28T13:21:18.353+0000] {dagbag.py:588} INFO - Filling up the DagBag from /home/airflow/.local/lib/python3.12/site-packages/airflow/example_dags/example_dag_decorator.py
[2024-10-28T13:21:18.362+0000] {processor.py:925} INFO - DAG(s) 'example_dag_decorator' retrieved from /home/airflow/.local/lib/python3.12/site-packages/airflow/example_dags/example_dag_decorator.py
[2024-10-28T13:21:18.442+0000] {logging_mixin.py:190} INFO - [2024-10-28T13:21:18.442+0000] {override.py:1900} INFO - Created Permission View: can delete on DAG:example_dag_decorator
[2024-10-28T13:21:18.452+0000] {logging_mixin.py:190} INFO - [2024-10-28T13:21:18.452+0000] {override.py:1900} INFO - Created Permission View: can edit on DAG:example_dag_decorator
[2024-10-28T13:21:18.458+0000] {logging_mixin.py:190} INFO - [2024-10-28T13:21:18.458+0000] {override.py:1900} INFO - Created Permission View: can read on DAG:example_dag_decorator
[2024-10-28T13:21:18.467+0000] {logging_mixin.py:190} INFO - [2024-10-28T13:21:18.467+0000] {override.py:1900} INFO - Created Permission View: can create on DAG Run:example_dag_decorator
[2024-10-28T13:21:18.474+0000] {logging_mixin.py:190} INFO - [2024-10-28T13:21:18.474+0000] {override.py:1900} INFO - Created Permission View: menu access on DAG Run:example_dag_decorator
[2024-10-28T13:21:18.480+0000] {logging_mixin.py:190} INFO - [2024-10-28T13:21:18.480+0000] {override.py:1900} INFO - Created Permission View: can read on DAG Run:example_dag_decorator
[2024-10-28T13:21:18.487+0000] {logging_mixin.py:190} INFO - [2024-10-28T13:21:18.487+0000] {override.py:1900} INFO - Created Permission View: can delete on DAG Run:example_dag_decorator
[2024-10-28T13:21:18.488+0000] {logging_mixin.py:190} INFO - [2024-10-28T13:21:18.488+0000] {dag.py:3239} INFO - Sync 1 DAGs
[2024-10-28T13:21:18.497+0000] {logging_mixin.py:190} INFO - [2024-10-28T13:21:18.497+0000] {dag.py:3262} INFO - Creating ORM DAG for example_dag_decorator
[2024-10-28T13:21:18.498+0000] {logging_mixin.py:190} INFO - [2024-10-28T13:21:18.498+0000] {dag.py:4180} INFO - Setting next_dagrun for example_dag_decorator to None, run_after=None
[2024-10-28T13:21:18.513+0000] {processor.py:208} INFO - Processing /home/airflow/.local/lib/python3.12/site-packages/airflow/example_dags/example_dag_decorator.py took 0.168 seconds
[2024-10-28T13:21:49.066+0000] {processor.py:186} INFO - Started process (PID=160) to work on /home/airflow/.local/lib/python3.12/site-packages/airflow/example_dags/example_dag_decorator.py
[2024-10-28T13:21:49.066+0000] {processor.py:914} INFO - Processing file /home/airflow/.local/lib/python3.12/site-packages/airflow/example_dags/example_dag_decorator.py for tasks to queue
[2024-10-28T13:21:49.068+0000] {logging_mixin.py:190} INFO - [2024-10-28T13:21:49.068+0000] {dagbag.py:588} INFO - Filling up the DagBag from /home/airflow/.local/lib/python3.12/site-packages/airflow/example_dags/example_dag_decorator.py
[2024-10-28T13:21:49.077+0000] {processor.py:925} INFO - DAG(s) 'example_dag_decorator' retrieved from /home/airflow/.local/lib/python3.12/site-packages/airflow/example_dags/example_dag_decorator.py
[2024-10-28T13:21:49.148+0000] {logging_mixin.py:190} INFO - [2024-10-28T13:21:49.148+0000] {dag.py:3239} INFO - Sync 1 DAGs
[2024-10-28T13:21:49.156+0000] {logging_mixin.py:190} INFO - [2024-10-28T13:21:49.156+0000] {dag.py:4180} INFO - Setting next_dagrun for example_dag_decorator to None, run_after=None
[2024-10-28T13:21:49.170+0000] {processor.py:208} INFO - Processing /home/airflow/.local/lib/python3.12/site-packages/airflow/example_dags/example_dag_decorator.py took 0.108 seconds
[2024-10-28T13:25:01.293+0000] {processor.py:186} INFO - Started process (PID=91) to work on /home/airflow/.local/lib/python3.12/site-packages/airflow/example_dags/example_dag_decorator.py
[2024-10-28T13:25:01.294+0000] {processor.py:914} INFO - Processing file /home/airflow/.local/lib/python3.12/site-packages/airflow/example_dags/example_dag_decorator.py for tasks to queue
[2024-10-28T13:25:01.297+0000] {logging_mixin.py:190} INFO - [2024-10-28T13:25:01.297+0000] {dagbag.py:588} INFO - Filling up the DagBag from /home/airflow/.local/lib/python3.12/site-packages/airflow/example_dags/example_dag_decorator.py
[2024-10-28T13:25:01.307+0000] {processor.py:925} INFO - DAG(s) 'example_dag_decorator' retrieved from /home/airflow/.local/lib/python3.12/site-packages/airflow/example_dags/example_dag_decorator.py
[2024-10-28T13:25:01.394+0000] {logging_mixin.py:190} INFO - [2024-10-28T13:25:01.393+0000] {dag.py:3239} INFO - Sync 1 DAGs
[2024-10-28T13:25:01.405+0000] {logging_mixin.py:190} INFO - [2024-10-28T13:25:01.405+0000] {dag.py:4180} INFO - Setting next_dagrun for example_dag_decorator to None, run_after=None
[2024-10-28T13:25:01.421+0000] {processor.py:208} INFO - Processing /home/airflow/.local/lib/python3.12/site-packages/airflow/example_dags/example_dag_decorator.py took 0.134 seconds
[2024-10-28T13:25:32.091+0000] {processor.py:186} INFO - Started process (PID=153) to work on /home/airflow/.local/lib/python3.12/site-packages/airflow/example_dags/example_dag_decorator.py
[2024-10-28T13:25:32.092+0000] {processor.py:914} INFO - Processing file /home/airflow/.local/lib/python3.12/site-packages/airflow/example_dags/example_dag_decorator.py for tasks to queue
[2024-10-28T13:25:32.094+0000] {logging_mixin.py:190} INFO - [2024-10-28T13:25:32.094+0000] {dagbag.py:588} INFO - Filling up the DagBag from /home/airflow/.local/lib/python3.12/site-packages/airflow/example_dags/example_dag_decorator.py
[2024-10-28T13:25:32.105+0000] {processor.py:925} INFO - DAG(s) 'example_dag_decorator' retrieved from /home/airflow/.local/lib/python3.12/site-packages/airflow/example_dags/example_dag_decorator.py
[2024-10-28T13:25:32.189+0000] {logging_mixin.py:190} INFO - [2024-10-28T13:25:32.189+0000] {dag.py:3239} INFO - Sync 1 DAGs
[2024-10-28T13:25:32.198+0000] {logging_mixin.py:190} INFO - [2024-10-28T13:25:32.198+0000] {dag.py:4180} INFO - Setting next_dagrun for example_dag_decorator to None, run_after=None
[2024-10-28T13:25:32.225+0000] {processor.py:208} INFO - Processing /home/airflow/.local/lib/python3.12/site-packages/airflow/example_dags/example_dag_decorator.py took 0.138 seconds
[2024-10-28T13:26:02.990+0000] {processor.py:186} INFO - Started process (PID=222) to work on /home/airflow/.local/lib/python3.12/site-packages/airflow/example_dags/example_dag_decorator.py
[2024-10-28T13:26:02.992+0000] {processor.py:914} INFO - Processing file /home/airflow/.local/lib/python3.12/site-packages/airflow/example_dags/example_dag_decorator.py for tasks to queue
[2024-10-28T13:26:02.994+0000] {logging_mixin.py:190} INFO - [2024-10-28T13:26:02.994+0000] {dagbag.py:588} INFO - Filling up the DagBag from /home/airflow/.local/lib/python3.12/site-packages/airflow/example_dags/example_dag_decorator.py
[2024-10-28T13:26:03.002+0000] {processor.py:925} INFO - DAG(s) 'example_dag_decorator' retrieved from /home/airflow/.local/lib/python3.12/site-packages/airflow/example_dags/example_dag_decorator.py
[2024-10-28T13:26:03.076+0000] {logging_mixin.py:190} INFO - [2024-10-28T13:26:03.076+0000] {dag.py:3239} INFO - Sync 1 DAGs
[2024-10-28T13:26:03.085+0000] {logging_mixin.py:190} INFO - [2024-10-28T13:26:03.085+0000] {dag.py:4180} INFO - Setting next_dagrun for example_dag_decorator to None, run_after=None
[2024-10-28T13:26:03.100+0000] {processor.py:208} INFO - Processing /home/airflow/.local/lib/python3.12/site-packages/airflow/example_dags/example_dag_decorator.py took 0.115 seconds
[2024-10-28T13:26:33.412+0000] {processor.py:186} INFO - Started process (PID=285) to work on /home/airflow/.local/lib/python3.12/site-packages/airflow/example_dags/example_dag_decorator.py
[2024-10-28T13:26:33.413+0000] {processor.py:914} INFO - Processing file /home/airflow/.local/lib/python3.12/site-packages/airflow/example_dags/example_dag_decorator.py for tasks to queue
[2024-10-28T13:26:33.414+0000] {logging_mixin.py:190} INFO - [2024-10-28T13:26:33.414+0000] {dagbag.py:588} INFO - Filling up the DagBag from /home/airflow/.local/lib/python3.12/site-packages/airflow/example_dags/example_dag_decorator.py
[2024-10-28T13:26:33.424+0000] {processor.py:925} INFO - DAG(s) 'example_dag_decorator' retrieved from /home/airflow/.local/lib/python3.12/site-packages/airflow/example_dags/example_dag_decorator.py
[2024-10-28T13:26:33.510+0000] {logging_mixin.py:190} INFO - [2024-10-28T13:26:33.510+0000] {dag.py:3239} INFO - Sync 1 DAGs
[2024-10-28T13:26:33.519+0000] {logging_mixin.py:190} INFO - [2024-10-28T13:26:33.519+0000] {dag.py:4180} INFO - Setting next_dagrun for example_dag_decorator to None, run_after=None
[2024-10-28T13:26:33.535+0000] {processor.py:208} INFO - Processing /home/airflow/.local/lib/python3.12/site-packages/airflow/example_dags/example_dag_decorator.py took 0.128 seconds
[2024-10-28T13:27:03.597+0000] {processor.py:186} INFO - Started process (PID=348) to work on /home/airflow/.local/lib/python3.12/site-packages/airflow/example_dags/example_dag_decorator.py
[2024-10-28T13:27:03.598+0000] {processor.py:914} INFO - Processing file /home/airflow/.local/lib/python3.12/site-packages/airflow/example_dags/example_dag_decorator.py for tasks to queue
[2024-10-28T13:27:03.600+0000] {logging_mixin.py:190} INFO - [2024-10-28T13:27:03.600+0000] {dagbag.py:588} INFO - Filling up the DagBag from /home/airflow/.local/lib/python3.12/site-packages/airflow/example_dags/example_dag_decorator.py
[2024-10-28T13:27:03.609+0000] {processor.py:925} INFO - DAG(s) 'example_dag_decorator' retrieved from /home/airflow/.local/lib/python3.12/site-packages/airflow/example_dags/example_dag_decorator.py
[2024-10-28T13:27:03.682+0000] {logging_mixin.py:190} INFO - [2024-10-28T13:27:03.682+0000] {dag.py:3239} INFO - Sync 1 DAGs
[2024-10-28T13:27:03.692+0000] {logging_mixin.py:190} INFO - [2024-10-28T13:27:03.692+0000] {dag.py:4180} INFO - Setting next_dagrun for example_dag_decorator to None, run_after=None
[2024-10-28T13:27:03.742+0000] {processor.py:208} INFO - Processing /home/airflow/.local/lib/python3.12/site-packages/airflow/example_dags/example_dag_decorator.py took 0.150 seconds
[2024-10-28T13:27:34.379+0000] {processor.py:186} INFO - Started process (PID=411) to work on /home/airflow/.local/lib/python3.12/site-packages/airflow/example_dags/example_dag_decorator.py
[2024-10-28T13:27:34.380+0000] {processor.py:914} INFO - Processing file /home/airflow/.local/lib/python3.12/site-packages/airflow/example_dags/example_dag_decorator.py for tasks to queue
[2024-10-28T13:27:34.382+0000] {logging_mixin.py:190} INFO - [2024-10-28T13:27:34.381+0000] {dagbag.py:588} INFO - Filling up the DagBag from /home/airflow/.local/lib/python3.12/site-packages/airflow/example_dags/example_dag_decorator.py
[2024-10-28T13:27:34.392+0000] {processor.py:925} INFO - DAG(s) 'example_dag_decorator' retrieved from /home/airflow/.local/lib/python3.12/site-packages/airflow/example_dags/example_dag_decorator.py
[2024-10-28T13:27:34.469+0000] {logging_mixin.py:190} INFO - [2024-10-28T13:27:34.468+0000] {dag.py:3239} INFO - Sync 1 DAGs
[2024-10-28T13:27:34.480+0000] {logging_mixin.py:190} INFO - [2024-10-28T13:27:34.480+0000] {dag.py:4180} INFO - Setting next_dagrun for example_dag_decorator to None, run_after=None
[2024-10-28T13:27:34.497+0000] {processor.py:208} INFO - Processing /home/airflow/.local/lib/python3.12/site-packages/airflow/example_dags/example_dag_decorator.py took 0.123 seconds
[2024-10-28T13:28:05.016+0000] {processor.py:186} INFO - Started process (PID=474) to work on /home/airflow/.local/lib/python3.12/site-packages/airflow/example_dags/example_dag_decorator.py
[2024-10-28T13:28:05.017+0000] {processor.py:914} INFO - Processing file /home/airflow/.local/lib/python3.12/site-packages/airflow/example_dags/example_dag_decorator.py for tasks to queue
[2024-10-28T13:28:05.019+0000] {logging_mixin.py:190} INFO - [2024-10-28T13:28:05.019+0000] {dagbag.py:588} INFO - Filling up the DagBag from /home/airflow/.local/lib/python3.12/site-packages/airflow/example_dags/example_dag_decorator.py
[2024-10-28T13:28:05.029+0000] {processor.py:925} INFO - DAG(s) 'example_dag_decorator' retrieved from /home/airflow/.local/lib/python3.12/site-packages/airflow/example_dags/example_dag_decorator.py
[2024-10-28T13:28:05.103+0000] {logging_mixin.py:190} INFO - [2024-10-28T13:28:05.103+0000] {dag.py:3239} INFO - Sync 1 DAGs
[2024-10-28T13:28:05.112+0000] {logging_mixin.py:190} INFO - [2024-10-28T13:28:05.111+0000] {dag.py:4180} INFO - Setting next_dagrun for example_dag_decorator to None, run_after=None
[2024-10-28T13:28:05.127+0000] {processor.py:208} INFO - Processing /home/airflow/.local/lib/python3.12/site-packages/airflow/example_dags/example_dag_decorator.py took 0.117 seconds
[2024-10-28T13:28:35.221+0000] {processor.py:186} INFO - Started process (PID=538) to work on /home/airflow/.local/lib/python3.12/site-packages/airflow/example_dags/example_dag_decorator.py
[2024-10-28T13:28:35.222+0000] {processor.py:914} INFO - Processing file /home/airflow/.local/lib/python3.12/site-packages/airflow/example_dags/example_dag_decorator.py for tasks to queue
[2024-10-28T13:28:35.225+0000] {logging_mixin.py:190} INFO - [2024-10-28T13:28:35.224+0000] {dagbag.py:588} INFO - Filling up the DagBag from /home/airflow/.local/lib/python3.12/site-packages/airflow/example_dags/example_dag_decorator.py
[2024-10-28T13:28:35.234+0000] {processor.py:925} INFO - DAG(s) 'example_dag_decorator' retrieved from /home/airflow/.local/lib/python3.12/site-packages/airflow/example_dags/example_dag_decorator.py
[2024-10-28T13:28:35.310+0000] {logging_mixin.py:190} INFO - [2024-10-28T13:28:35.310+0000] {dag.py:3239} INFO - Sync 1 DAGs
[2024-10-28T13:28:35.319+0000] {logging_mixin.py:190} INFO - [2024-10-28T13:28:35.319+0000] {dag.py:4180} INFO - Setting next_dagrun for example_dag_decorator to None, run_after=None
[2024-10-28T13:28:35.334+0000] {processor.py:208} INFO - Processing /home/airflow/.local/lib/python3.12/site-packages/airflow/example_dags/example_dag_decorator.py took 0.117 seconds
[2024-10-28T13:29:06.113+0000] {processor.py:186} INFO - Started process (PID=600) to work on /home/airflow/.local/lib/python3.12/site-packages/airflow/example_dags/example_dag_decorator.py
[2024-10-28T13:29:06.114+0000] {processor.py:914} INFO - Processing file /home/airflow/.local/lib/python3.12/site-packages/airflow/example_dags/example_dag_decorator.py for tasks to queue
[2024-10-28T13:29:06.116+0000] {logging_mixin.py:190} INFO - [2024-10-28T13:29:06.116+0000] {dagbag.py:588} INFO - Filling up the DagBag from /home/airflow/.local/lib/python3.12/site-packages/airflow/example_dags/example_dag_decorator.py
[2024-10-28T13:29:06.125+0000] {processor.py:925} INFO - DAG(s) 'example_dag_decorator' retrieved from /home/airflow/.local/lib/python3.12/site-packages/airflow/example_dags/example_dag_decorator.py
[2024-10-28T13:29:06.216+0000] {logging_mixin.py:190} INFO - [2024-10-28T13:29:06.215+0000] {dag.py:3239} INFO - Sync 1 DAGs
[2024-10-28T13:29:06.224+0000] {logging_mixin.py:190} INFO - [2024-10-28T13:29:06.224+0000] {dag.py:4180} INFO - Setting next_dagrun for example_dag_decorator to None, run_after=None
[2024-10-28T13:29:06.240+0000] {processor.py:208} INFO - Processing /home/airflow/.local/lib/python3.12/site-packages/airflow/example_dags/example_dag_decorator.py took 0.134 seconds
[2024-10-28T13:29:36.312+0000] {processor.py:186} INFO - Started process (PID=663) to work on /home/airflow/.local/lib/python3.12/site-packages/airflow/example_dags/example_dag_decorator.py
[2024-10-28T13:29:36.313+0000] {processor.py:914} INFO - Processing file /home/airflow/.local/lib/python3.12/site-packages/airflow/example_dags/example_dag_decorator.py for tasks to queue
[2024-10-28T13:29:36.316+0000] {logging_mixin.py:190} INFO - [2024-10-28T13:29:36.316+0000] {dagbag.py:588} INFO - Filling up the DagBag from /home/airflow/.local/lib/python3.12/site-packages/airflow/example_dags/example_dag_decorator.py
[2024-10-28T13:29:36.330+0000] {processor.py:925} INFO - DAG(s) 'example_dag_decorator' retrieved from /home/airflow/.local/lib/python3.12/site-packages/airflow/example_dags/example_dag_decorator.py
[2024-10-28T13:29:36.408+0000] {logging_mixin.py:190} INFO - [2024-10-28T13:29:36.408+0000] {dag.py:3239} INFO - Sync 1 DAGs
[2024-10-28T13:29:36.416+0000] {logging_mixin.py:190} INFO - [2024-10-28T13:29:36.416+0000] {dag.py:4180} INFO - Setting next_dagrun for example_dag_decorator to None, run_after=None
[2024-10-28T13:29:36.430+0000] {processor.py:208} INFO - Processing /home/airflow/.local/lib/python3.12/site-packages/airflow/example_dags/example_dag_decorator.py took 0.123 seconds
[2024-10-28T13:30:07.065+0000] {processor.py:186} INFO - Started process (PID=726) to work on /home/airflow/.local/lib/python3.12/site-packages/airflow/example_dags/example_dag_decorator.py
[2024-10-28T13:30:07.067+0000] {processor.py:914} INFO - Processing file /home/airflow/.local/lib/python3.12/site-packages/airflow/example_dags/example_dag_decorator.py for tasks to queue
[2024-10-28T13:30:07.070+0000] {logging_mixin.py:190} INFO - [2024-10-28T13:30:07.069+0000] {dagbag.py:588} INFO - Filling up the DagBag from /home/airflow/.local/lib/python3.12/site-packages/airflow/example_dags/example_dag_decorator.py
[2024-10-28T13:30:07.078+0000] {processor.py:925} INFO - DAG(s) 'example_dag_decorator' retrieved from /home/airflow/.local/lib/python3.12/site-packages/airflow/example_dags/example_dag_decorator.py
[2024-10-28T13:30:07.151+0000] {logging_mixin.py:190} INFO - [2024-10-28T13:30:07.151+0000] {dag.py:3239} INFO - Sync 1 DAGs
[2024-10-28T13:30:07.161+0000] {logging_mixin.py:190} INFO - [2024-10-28T13:30:07.161+0000] {dag.py:4180} INFO - Setting next_dagrun for example_dag_decorator to None, run_after=None
[2024-10-28T13:30:07.178+0000] {processor.py:208} INFO - Processing /home/airflow/.local/lib/python3.12/site-packages/airflow/example_dags/example_dag_decorator.py took 0.118 seconds
[2024-10-28T13:30:38.166+0000] {processor.py:186} INFO - Started process (PID=789) to work on /home/airflow/.local/lib/python3.12/site-packages/airflow/example_dags/example_dag_decorator.py
[2024-10-28T13:30:38.167+0000] {processor.py:914} INFO - Processing file /home/airflow/.local/lib/python3.12/site-packages/airflow/example_dags/example_dag_decorator.py for tasks to queue
[2024-10-28T13:30:38.169+0000] {logging_mixin.py:190} INFO - [2024-10-28T13:30:38.168+0000] {dagbag.py:588} INFO - Filling up the DagBag from /home/airflow/.local/lib/python3.12/site-packages/airflow/example_dags/example_dag_decorator.py
[2024-10-28T13:30:38.178+0000] {processor.py:925} INFO - DAG(s) 'example_dag_decorator' retrieved from /home/airflow/.local/lib/python3.12/site-packages/airflow/example_dags/example_dag_decorator.py
[2024-10-28T13:30:38.250+0000] {logging_mixin.py:190} INFO - [2024-10-28T13:30:38.250+0000] {dag.py:3239} INFO - Sync 1 DAGs
[2024-10-28T13:30:38.259+0000] {logging_mixin.py:190} INFO - [2024-10-28T13:30:38.259+0000] {dag.py:4180} INFO - Setting next_dagrun for example_dag_decorator to None, run_after=None
[2024-10-28T13:30:38.275+0000] {processor.py:208} INFO - Processing /home/airflow/.local/lib/python3.12/site-packages/airflow/example_dags/example_dag_decorator.py took 0.114 seconds
[2024-10-28T13:31:09.371+0000] {processor.py:186} INFO - Started process (PID=852) to work on /home/airflow/.local/lib/python3.12/site-packages/airflow/example_dags/example_dag_decorator.py
[2024-10-28T13:31:09.372+0000] {processor.py:914} INFO - Processing file /home/airflow/.local/lib/python3.12/site-packages/airflow/example_dags/example_dag_decorator.py for tasks to queue
[2024-10-28T13:31:09.373+0000] {logging_mixin.py:190} INFO - [2024-10-28T13:31:09.373+0000] {dagbag.py:588} INFO - Filling up the DagBag from /home/airflow/.local/lib/python3.12/site-packages/airflow/example_dags/example_dag_decorator.py
[2024-10-28T13:31:09.382+0000] {processor.py:925} INFO - DAG(s) 'example_dag_decorator' retrieved from /home/airflow/.local/lib/python3.12/site-packages/airflow/example_dags/example_dag_decorator.py
[2024-10-28T13:31:09.462+0000] {logging_mixin.py:190} INFO - [2024-10-28T13:31:09.462+0000] {dag.py:3239} INFO - Sync 1 DAGs
[2024-10-28T13:31:09.470+0000] {logging_mixin.py:190} INFO - [2024-10-28T13:31:09.470+0000] {dag.py:4180} INFO - Setting next_dagrun for example_dag_decorator to None, run_after=None
[2024-10-28T13:31:09.486+0000] {processor.py:208} INFO - Processing /home/airflow/.local/lib/python3.12/site-packages/airflow/example_dags/example_dag_decorator.py took 0.119 seconds
[2024-10-28T13:31:40.022+0000] {processor.py:186} INFO - Started process (PID=915) to work on /home/airflow/.local/lib/python3.12/site-packages/airflow/example_dags/example_dag_decorator.py
[2024-10-28T13:31:40.023+0000] {processor.py:914} INFO - Processing file /home/airflow/.local/lib/python3.12/site-packages/airflow/example_dags/example_dag_decorator.py for tasks to queue
[2024-10-28T13:31:40.025+0000] {logging_mixin.py:190} INFO - [2024-10-28T13:31:40.025+0000] {dagbag.py:588} INFO - Filling up the DagBag from /home/airflow/.local/lib/python3.12/site-packages/airflow/example_dags/example_dag_decorator.py
[2024-10-28T13:31:40.033+0000] {processor.py:925} INFO - DAG(s) 'example_dag_decorator' retrieved from /home/airflow/.local/lib/python3.12/site-packages/airflow/example_dags/example_dag_decorator.py
[2024-10-28T13:31:40.107+0000] {logging_mixin.py:190} INFO - [2024-10-28T13:31:40.107+0000] {dag.py:3239} INFO - Sync 1 DAGs
[2024-10-28T13:31:40.116+0000] {logging_mixin.py:190} INFO - [2024-10-28T13:31:40.116+0000] {dag.py:4180} INFO - Setting next_dagrun for example_dag_decorator to None, run_after=None
[2024-10-28T13:31:40.175+0000] {processor.py:208} INFO - Processing /home/airflow/.local/lib/python3.12/site-packages/airflow/example_dags/example_dag_decorator.py took 0.157 seconds
[2024-10-28T13:32:10.938+0000] {processor.py:186} INFO - Started process (PID=978) to work on /home/airflow/.local/lib/python3.12/site-packages/airflow/example_dags/example_dag_decorator.py
[2024-10-28T13:32:10.938+0000] {processor.py:914} INFO - Processing file /home/airflow/.local/lib/python3.12/site-packages/airflow/example_dags/example_dag_decorator.py for tasks to queue
[2024-10-28T13:32:10.940+0000] {logging_mixin.py:190} INFO - [2024-10-28T13:32:10.940+0000] {dagbag.py:588} INFO - Filling up the DagBag from /home/airflow/.local/lib/python3.12/site-packages/airflow/example_dags/example_dag_decorator.py
[2024-10-28T13:32:10.948+0000] {processor.py:925} INFO - DAG(s) 'example_dag_decorator' retrieved from /home/airflow/.local/lib/python3.12/site-packages/airflow/example_dags/example_dag_decorator.py
[2024-10-28T13:32:11.031+0000] {logging_mixin.py:190} INFO - [2024-10-28T13:32:11.031+0000] {dag.py:3239} INFO - Sync 1 DAGs
[2024-10-28T13:32:11.039+0000] {logging_mixin.py:190} INFO - [2024-10-28T13:32:11.039+0000] {dag.py:4180} INFO - Setting next_dagrun for example_dag_decorator to None, run_after=None
[2024-10-28T13:32:11.054+0000] {processor.py:208} INFO - Processing /home/airflow/.local/lib/python3.12/site-packages/airflow/example_dags/example_dag_decorator.py took 0.120 seconds
[2024-10-28T13:32:41.140+0000] {processor.py:186} INFO - Started process (PID=1041) to work on /home/airflow/.local/lib/python3.12/site-packages/airflow/example_dags/example_dag_decorator.py
[2024-10-28T13:32:41.141+0000] {processor.py:914} INFO - Processing file /home/airflow/.local/lib/python3.12/site-packages/airflow/example_dags/example_dag_decorator.py for tasks to queue
[2024-10-28T13:32:41.143+0000] {logging_mixin.py:190} INFO - [2024-10-28T13:32:41.143+0000] {dagbag.py:588} INFO - Filling up the DagBag from /home/airflow/.local/lib/python3.12/site-packages/airflow/example_dags/example_dag_decorator.py
[2024-10-28T13:32:41.151+0000] {processor.py:925} INFO - DAG(s) 'example_dag_decorator' retrieved from /home/airflow/.local/lib/python3.12/site-packages/airflow/example_dags/example_dag_decorator.py
[2024-10-28T13:32:41.223+0000] {logging_mixin.py:190} INFO - [2024-10-28T13:32:41.223+0000] {dag.py:3239} INFO - Sync 1 DAGs
[2024-10-28T13:32:41.232+0000] {logging_mixin.py:190} INFO - [2024-10-28T13:32:41.232+0000] {dag.py:4180} INFO - Setting next_dagrun for example_dag_decorator to None, run_after=None
[2024-10-28T13:32:41.246+0000] {processor.py:208} INFO - Processing /home/airflow/.local/lib/python3.12/site-packages/airflow/example_dags/example_dag_decorator.py took 0.111 seconds
[2024-10-28T13:33:11.534+0000] {processor.py:186} INFO - Started process (PID=1104) to work on /home/airflow/.local/lib/python3.12/site-packages/airflow/example_dags/example_dag_decorator.py
[2024-10-28T13:33:11.535+0000] {processor.py:914} INFO - Processing file /home/airflow/.local/lib/python3.12/site-packages/airflow/example_dags/example_dag_decorator.py for tasks to queue
[2024-10-28T13:33:11.539+0000] {logging_mixin.py:190} INFO - [2024-10-28T13:33:11.539+0000] {dagbag.py:588} INFO - Filling up the DagBag from /home/airflow/.local/lib/python3.12/site-packages/airflow/example_dags/example_dag_decorator.py
[2024-10-28T13:33:11.547+0000] {processor.py:925} INFO - DAG(s) 'example_dag_decorator' retrieved from /home/airflow/.local/lib/python3.12/site-packages/airflow/example_dags/example_dag_decorator.py
[2024-10-28T13:33:11.622+0000] {logging_mixin.py:190} INFO - [2024-10-28T13:33:11.621+0000] {dag.py:3239} INFO - Sync 1 DAGs
[2024-10-28T13:33:11.630+0000] {logging_mixin.py:190} INFO - [2024-10-28T13:33:11.630+0000] {dag.py:4180} INFO - Setting next_dagrun for example_dag_decorator to None, run_after=None
[2024-10-28T13:33:11.648+0000] {processor.py:208} INFO - Processing /home/airflow/.local/lib/python3.12/site-packages/airflow/example_dags/example_dag_decorator.py took 0.118 seconds
[2024-10-28T13:33:42.157+0000] {processor.py:186} INFO - Started process (PID=1167) to work on /home/airflow/.local/lib/python3.12/site-packages/airflow/example_dags/example_dag_decorator.py
[2024-10-28T13:33:42.159+0000] {processor.py:914} INFO - Processing file /home/airflow/.local/lib/python3.12/site-packages/airflow/example_dags/example_dag_decorator.py for tasks to queue
[2024-10-28T13:33:42.161+0000] {logging_mixin.py:190} INFO - [2024-10-28T13:33:42.160+0000] {dagbag.py:588} INFO - Filling up the DagBag from /home/airflow/.local/lib/python3.12/site-packages/airflow/example_dags/example_dag_decorator.py
[2024-10-28T13:33:42.170+0000] {processor.py:925} INFO - DAG(s) 'example_dag_decorator' retrieved from /home/airflow/.local/lib/python3.12/site-packages/airflow/example_dags/example_dag_decorator.py
[2024-10-28T13:33:42.243+0000] {logging_mixin.py:190} INFO - [2024-10-28T13:33:42.243+0000] {dag.py:3239} INFO - Sync 1 DAGs
[2024-10-28T13:33:42.253+0000] {logging_mixin.py:190} INFO - [2024-10-28T13:33:42.253+0000] {dag.py:4180} INFO - Setting next_dagrun for example_dag_decorator to None, run_after=None
[2024-10-28T13:33:42.266+0000] {processor.py:208} INFO - Processing /home/airflow/.local/lib/python3.12/site-packages/airflow/example_dags/example_dag_decorator.py took 0.113 seconds
[2024-10-28T13:34:13.020+0000] {processor.py:186} INFO - Started process (PID=1230) to work on /home/airflow/.local/lib/python3.12/site-packages/airflow/example_dags/example_dag_decorator.py
[2024-10-28T13:34:13.021+0000] {processor.py:914} INFO - Processing file /home/airflow/.local/lib/python3.12/site-packages/airflow/example_dags/example_dag_decorator.py for tasks to queue
[2024-10-28T13:34:13.023+0000] {logging_mixin.py:190} INFO - [2024-10-28T13:34:13.022+0000] {dagbag.py:588} INFO - Filling up the DagBag from /home/airflow/.local/lib/python3.12/site-packages/airflow/example_dags/example_dag_decorator.py
[2024-10-28T13:34:13.031+0000] {processor.py:925} INFO - DAG(s) 'example_dag_decorator' retrieved from /home/airflow/.local/lib/python3.12/site-packages/airflow/example_dags/example_dag_decorator.py
[2024-10-28T13:34:13.103+0000] {logging_mixin.py:190} INFO - [2024-10-28T13:34:13.103+0000] {dag.py:3239} INFO - Sync 1 DAGs
[2024-10-28T13:34:13.112+0000] {logging_mixin.py:190} INFO - [2024-10-28T13:34:13.112+0000] {dag.py:4180} INFO - Setting next_dagrun for example_dag_decorator to None, run_after=None
[2024-10-28T13:34:13.128+0000] {processor.py:208} INFO - Processing /home/airflow/.local/lib/python3.12/site-packages/airflow/example_dags/example_dag_decorator.py took 0.113 seconds
[2024-10-28T13:34:43.754+0000] {processor.py:186} INFO - Started process (PID=1293) to work on /home/airflow/.local/lib/python3.12/site-packages/airflow/example_dags/example_dag_decorator.py
[2024-10-28T13:34:43.756+0000] {processor.py:914} INFO - Processing file /home/airflow/.local/lib/python3.12/site-packages/airflow/example_dags/example_dag_decorator.py for tasks to queue
[2024-10-28T13:34:43.764+0000] {logging_mixin.py:190} INFO - [2024-10-28T13:34:43.763+0000] {dagbag.py:588} INFO - Filling up the DagBag from /home/airflow/.local/lib/python3.12/site-packages/airflow/example_dags/example_dag_decorator.py
[2024-10-28T13:34:43.777+0000] {processor.py:925} INFO - DAG(s) 'example_dag_decorator' retrieved from /home/airflow/.local/lib/python3.12/site-packages/airflow/example_dags/example_dag_decorator.py
[2024-10-28T13:34:43.854+0000] {logging_mixin.py:190} INFO - [2024-10-28T13:34:43.854+0000] {dag.py:3239} INFO - Sync 1 DAGs
[2024-10-28T13:34:43.862+0000] {logging_mixin.py:190} INFO - [2024-10-28T13:34:43.862+0000] {dag.py:4180} INFO - Setting next_dagrun for example_dag_decorator to None, run_after=None
[2024-10-28T13:34:43.878+0000] {processor.py:208} INFO - Processing /home/airflow/.local/lib/python3.12/site-packages/airflow/example_dags/example_dag_decorator.py took 0.130 seconds
[2024-10-28T13:35:14.649+0000] {processor.py:186} INFO - Started process (PID=1356) to work on /home/airflow/.local/lib/python3.12/site-packages/airflow/example_dags/example_dag_decorator.py
[2024-10-28T13:35:14.650+0000] {processor.py:914} INFO - Processing file /home/airflow/.local/lib/python3.12/site-packages/airflow/example_dags/example_dag_decorator.py for tasks to queue
[2024-10-28T13:35:14.656+0000] {logging_mixin.py:190} INFO - [2024-10-28T13:35:14.655+0000] {dagbag.py:588} INFO - Filling up the DagBag from /home/airflow/.local/lib/python3.12/site-packages/airflow/example_dags/example_dag_decorator.py
[2024-10-28T13:35:14.665+0000] {processor.py:925} INFO - DAG(s) 'example_dag_decorator' retrieved from /home/airflow/.local/lib/python3.12/site-packages/airflow/example_dags/example_dag_decorator.py
[2024-10-28T13:35:14.740+0000] {logging_mixin.py:190} INFO - [2024-10-28T13:35:14.740+0000] {dag.py:3239} INFO - Sync 1 DAGs
[2024-10-28T13:35:14.752+0000] {logging_mixin.py:190} INFO - [2024-10-28T13:35:14.752+0000] {dag.py:4180} INFO - Setting next_dagrun for example_dag_decorator to None, run_after=None
[2024-10-28T13:35:14.802+0000] {processor.py:208} INFO - Processing /home/airflow/.local/lib/python3.12/site-packages/airflow/example_dags/example_dag_decorator.py took 0.160 seconds
[2024-10-28T13:35:45.231+0000] {processor.py:186} INFO - Started process (PID=1419) to work on /home/airflow/.local/lib/python3.12/site-packages/airflow/example_dags/example_dag_decorator.py
[2024-10-28T13:35:45.232+0000] {processor.py:914} INFO - Processing file /home/airflow/.local/lib/python3.12/site-packages/airflow/example_dags/example_dag_decorator.py for tasks to queue
[2024-10-28T13:35:45.234+0000] {logging_mixin.py:190} INFO - [2024-10-28T13:35:45.234+0000] {dagbag.py:588} INFO - Filling up the DagBag from /home/airflow/.local/lib/python3.12/site-packages/airflow/example_dags/example_dag_decorator.py
[2024-10-28T13:35:45.243+0000] {processor.py:925} INFO - DAG(s) 'example_dag_decorator' retrieved from /home/airflow/.local/lib/python3.12/site-packages/airflow/example_dags/example_dag_decorator.py
[2024-10-28T13:35:45.258+0000] {logging_mixin.py:190} INFO - [2024-10-28T13:35:45.258+0000] {dag.py:3239} INFO - Sync 1 DAGs
[2024-10-28T13:35:45.268+0000] {logging_mixin.py:190} INFO - [2024-10-28T13:35:45.268+0000] {dag.py:4180} INFO - Setting next_dagrun for example_dag_decorator to None, run_after=None
[2024-10-28T13:35:45.281+0000] {processor.py:208} INFO - Processing /home/airflow/.local/lib/python3.12/site-packages/airflow/example_dags/example_dag_decorator.py took 0.054 seconds
[2024-10-28T13:36:15.990+0000] {processor.py:186} INFO - Started process (PID=1482) to work on /home/airflow/.local/lib/python3.12/site-packages/airflow/example_dags/example_dag_decorator.py
[2024-10-28T13:36:15.991+0000] {processor.py:914} INFO - Processing file /home/airflow/.local/lib/python3.12/site-packages/airflow/example_dags/example_dag_decorator.py for tasks to queue
[2024-10-28T13:36:15.993+0000] {logging_mixin.py:190} INFO - [2024-10-28T13:36:15.993+0000] {dagbag.py:588} INFO - Filling up the DagBag from /home/airflow/.local/lib/python3.12/site-packages/airflow/example_dags/example_dag_decorator.py
[2024-10-28T13:36:16.002+0000] {processor.py:925} INFO - DAG(s) 'example_dag_decorator' retrieved from /home/airflow/.local/lib/python3.12/site-packages/airflow/example_dags/example_dag_decorator.py
[2024-10-28T13:36:16.077+0000] {logging_mixin.py:190} INFO - [2024-10-28T13:36:16.076+0000] {dag.py:3239} INFO - Sync 1 DAGs
[2024-10-28T13:36:16.085+0000] {logging_mixin.py:190} INFO - [2024-10-28T13:36:16.085+0000] {dag.py:4180} INFO - Setting next_dagrun for example_dag_decorator to None, run_after=None
[2024-10-28T13:36:16.099+0000] {processor.py:208} INFO - Processing /home/airflow/.local/lib/python3.12/site-packages/airflow/example_dags/example_dag_decorator.py took 0.112 seconds
[2024-10-28T13:36:47.068+0000] {processor.py:186} INFO - Started process (PID=1545) to work on /home/airflow/.local/lib/python3.12/site-packages/airflow/example_dags/example_dag_decorator.py
[2024-10-28T13:36:47.069+0000] {processor.py:914} INFO - Processing file /home/airflow/.local/lib/python3.12/site-packages/airflow/example_dags/example_dag_decorator.py for tasks to queue
[2024-10-28T13:36:47.071+0000] {logging_mixin.py:190} INFO - [2024-10-28T13:36:47.070+0000] {dagbag.py:588} INFO - Filling up the DagBag from /home/airflow/.local/lib/python3.12/site-packages/airflow/example_dags/example_dag_decorator.py
[2024-10-28T13:36:47.079+0000] {processor.py:925} INFO - DAG(s) 'example_dag_decorator' retrieved from /home/airflow/.local/lib/python3.12/site-packages/airflow/example_dags/example_dag_decorator.py
[2024-10-28T13:36:47.153+0000] {logging_mixin.py:190} INFO - [2024-10-28T13:36:47.153+0000] {dag.py:3239} INFO - Sync 1 DAGs
[2024-10-28T13:36:47.161+0000] {logging_mixin.py:190} INFO - [2024-10-28T13:36:47.161+0000] {dag.py:4180} INFO - Setting next_dagrun for example_dag_decorator to None, run_after=None
[2024-10-28T13:36:47.175+0000] {processor.py:208} INFO - Processing /home/airflow/.local/lib/python3.12/site-packages/airflow/example_dags/example_dag_decorator.py took 0.111 seconds
[2024-10-28T13:37:17.406+0000] {processor.py:186} INFO - Started process (PID=1608) to work on /home/airflow/.local/lib/python3.12/site-packages/airflow/example_dags/example_dag_decorator.py
[2024-10-28T13:37:17.406+0000] {processor.py:914} INFO - Processing file /home/airflow/.local/lib/python3.12/site-packages/airflow/example_dags/example_dag_decorator.py for tasks to queue
[2024-10-28T13:37:17.408+0000] {logging_mixin.py:190} INFO - [2024-10-28T13:37:17.408+0000] {dagbag.py:588} INFO - Filling up the DagBag from /home/airflow/.local/lib/python3.12/site-packages/airflow/example_dags/example_dag_decorator.py
[2024-10-28T13:37:17.417+0000] {processor.py:925} INFO - DAG(s) 'example_dag_decorator' retrieved from /home/airflow/.local/lib/python3.12/site-packages/airflow/example_dags/example_dag_decorator.py
[2024-10-28T13:37:17.489+0000] {logging_mixin.py:190} INFO - [2024-10-28T13:37:17.489+0000] {dag.py:3239} INFO - Sync 1 DAGs
[2024-10-28T13:37:17.498+0000] {logging_mixin.py:190} INFO - [2024-10-28T13:37:17.497+0000] {dag.py:4180} INFO - Setting next_dagrun for example_dag_decorator to None, run_after=None
[2024-10-28T13:37:17.513+0000] {processor.py:208} INFO - Processing /home/airflow/.local/lib/python3.12/site-packages/airflow/example_dags/example_dag_decorator.py took 0.112 seconds
[2024-10-28T13:37:48.060+0000] {processor.py:186} INFO - Started process (PID=1671) to work on /home/airflow/.local/lib/python3.12/site-packages/airflow/example_dags/example_dag_decorator.py
[2024-10-28T13:37:48.060+0000] {processor.py:914} INFO - Processing file /home/airflow/.local/lib/python3.12/site-packages/airflow/example_dags/example_dag_decorator.py for tasks to queue
[2024-10-28T13:37:48.062+0000] {logging_mixin.py:190} INFO - [2024-10-28T13:37:48.062+0000] {dagbag.py:588} INFO - Filling up the DagBag from /home/airflow/.local/lib/python3.12/site-packages/airflow/example_dags/example_dag_decorator.py
[2024-10-28T13:37:48.070+0000] {processor.py:925} INFO - DAG(s) 'example_dag_decorator' retrieved from /home/airflow/.local/lib/python3.12/site-packages/airflow/example_dags/example_dag_decorator.py
[2024-10-28T13:37:48.142+0000] {logging_mixin.py:190} INFO - [2024-10-28T13:37:48.142+0000] {dag.py:3239} INFO - Sync 1 DAGs
[2024-10-28T13:37:48.151+0000] {logging_mixin.py:190} INFO - [2024-10-28T13:37:48.151+0000] {dag.py:4180} INFO - Setting next_dagrun for example_dag_decorator to None, run_after=None
[2024-10-28T13:37:48.167+0000] {processor.py:208} INFO - Processing /home/airflow/.local/lib/python3.12/site-packages/airflow/example_dags/example_dag_decorator.py took 0.111 seconds
[2024-10-28T13:38:18.665+0000] {processor.py:186} INFO - Started process (PID=1734) to work on /home/airflow/.local/lib/python3.12/site-packages/airflow/example_dags/example_dag_decorator.py
[2024-10-28T13:38:18.666+0000] {processor.py:914} INFO - Processing file /home/airflow/.local/lib/python3.12/site-packages/airflow/example_dags/example_dag_decorator.py for tasks to queue
[2024-10-28T13:38:18.668+0000] {logging_mixin.py:190} INFO - [2024-10-28T13:38:18.668+0000] {dagbag.py:588} INFO - Filling up the DagBag from /home/airflow/.local/lib/python3.12/site-packages/airflow/example_dags/example_dag_decorator.py
[2024-10-28T13:38:18.677+0000] {processor.py:925} INFO - DAG(s) 'example_dag_decorator' retrieved from /home/airflow/.local/lib/python3.12/site-packages/airflow/example_dags/example_dag_decorator.py
[2024-10-28T13:38:18.753+0000] {logging_mixin.py:190} INFO - [2024-10-28T13:38:18.753+0000] {dag.py:3239} INFO - Sync 1 DAGs
[2024-10-28T13:38:18.763+0000] {logging_mixin.py:190} INFO - [2024-10-28T13:38:18.763+0000] {dag.py:4180} INFO - Setting next_dagrun for example_dag_decorator to None, run_after=None
[2024-10-28T13:38:18.782+0000] {processor.py:208} INFO - Processing /home/airflow/.local/lib/python3.12/site-packages/airflow/example_dags/example_dag_decorator.py took 0.121 seconds
[2024-10-28T13:38:49.191+0000] {processor.py:186} INFO - Started process (PID=1797) to work on /home/airflow/.local/lib/python3.12/site-packages/airflow/example_dags/example_dag_decorator.py
[2024-10-28T13:38:49.192+0000] {processor.py:914} INFO - Processing file /home/airflow/.local/lib/python3.12/site-packages/airflow/example_dags/example_dag_decorator.py for tasks to queue
[2024-10-28T13:38:49.193+0000] {logging_mixin.py:190} INFO - [2024-10-28T13:38:49.193+0000] {dagbag.py:588} INFO - Filling up the DagBag from /home/airflow/.local/lib/python3.12/site-packages/airflow/example_dags/example_dag_decorator.py
[2024-10-28T13:38:49.201+0000] {processor.py:925} INFO - DAG(s) 'example_dag_decorator' retrieved from /home/airflow/.local/lib/python3.12/site-packages/airflow/example_dags/example_dag_decorator.py
[2024-10-28T13:38:49.277+0000] {logging_mixin.py:190} INFO - [2024-10-28T13:38:49.276+0000] {dag.py:3239} INFO - Sync 1 DAGs
[2024-10-28T13:38:49.286+0000] {logging_mixin.py:190} INFO - [2024-10-28T13:38:49.286+0000] {dag.py:4180} INFO - Setting next_dagrun for example_dag_decorator to None, run_after=None
[2024-10-28T13:38:49.307+0000] {processor.py:208} INFO - Processing /home/airflow/.local/lib/python3.12/site-packages/airflow/example_dags/example_dag_decorator.py took 0.120 seconds
[2024-10-28T13:39:19.684+0000] {processor.py:186} INFO - Started process (PID=1860) to work on /home/airflow/.local/lib/python3.12/site-packages/airflow/example_dags/example_dag_decorator.py
[2024-10-28T13:39:19.685+0000] {processor.py:914} INFO - Processing file /home/airflow/.local/lib/python3.12/site-packages/airflow/example_dags/example_dag_decorator.py for tasks to queue
[2024-10-28T13:39:19.687+0000] {logging_mixin.py:190} INFO - [2024-10-28T13:39:19.687+0000] {dagbag.py:588} INFO - Filling up the DagBag from /home/airflow/.local/lib/python3.12/site-packages/airflow/example_dags/example_dag_decorator.py
[2024-10-28T13:39:19.696+0000] {processor.py:925} INFO - DAG(s) 'example_dag_decorator' retrieved from /home/airflow/.local/lib/python3.12/site-packages/airflow/example_dags/example_dag_decorator.py
[2024-10-28T13:39:19.769+0000] {logging_mixin.py:190} INFO - [2024-10-28T13:39:19.769+0000] {dag.py:3239} INFO - Sync 1 DAGs
[2024-10-28T13:39:19.778+0000] {logging_mixin.py:190} INFO - [2024-10-28T13:39:19.778+0000] {dag.py:4180} INFO - Setting next_dagrun for example_dag_decorator to None, run_after=None
[2024-10-28T13:39:19.794+0000] {processor.py:208} INFO - Processing /home/airflow/.local/lib/python3.12/site-packages/airflow/example_dags/example_dag_decorator.py took 0.114 seconds
[2024-10-28T13:39:50.466+0000] {processor.py:186} INFO - Started process (PID=1923) to work on /home/airflow/.local/lib/python3.12/site-packages/airflow/example_dags/example_dag_decorator.py
[2024-10-28T13:39:50.467+0000] {processor.py:914} INFO - Processing file /home/airflow/.local/lib/python3.12/site-packages/airflow/example_dags/example_dag_decorator.py for tasks to queue
[2024-10-28T13:39:50.469+0000] {logging_mixin.py:190} INFO - [2024-10-28T13:39:50.468+0000] {dagbag.py:588} INFO - Filling up the DagBag from /home/airflow/.local/lib/python3.12/site-packages/airflow/example_dags/example_dag_decorator.py
[2024-10-28T13:39:50.478+0000] {processor.py:925} INFO - DAG(s) 'example_dag_decorator' retrieved from /home/airflow/.local/lib/python3.12/site-packages/airflow/example_dags/example_dag_decorator.py
[2024-10-28T13:39:50.562+0000] {logging_mixin.py:190} INFO - [2024-10-28T13:39:50.562+0000] {dag.py:3239} INFO - Sync 1 DAGs
[2024-10-28T13:39:50.571+0000] {logging_mixin.py:190} INFO - [2024-10-28T13:39:50.571+0000] {dag.py:4180} INFO - Setting next_dagrun for example_dag_decorator to None, run_after=None
[2024-10-28T13:39:50.588+0000] {processor.py:208} INFO - Processing /home/airflow/.local/lib/python3.12/site-packages/airflow/example_dags/example_dag_decorator.py took 0.128 seconds
[2024-10-28T13:40:20.879+0000] {processor.py:186} INFO - Started process (PID=1986) to work on /home/airflow/.local/lib/python3.12/site-packages/airflow/example_dags/example_dag_decorator.py
[2024-10-28T13:40:20.880+0000] {processor.py:914} INFO - Processing file /home/airflow/.local/lib/python3.12/site-packages/airflow/example_dags/example_dag_decorator.py for tasks to queue
[2024-10-28T13:40:20.882+0000] {logging_mixin.py:190} INFO - [2024-10-28T13:40:20.882+0000] {dagbag.py:588} INFO - Filling up the DagBag from /home/airflow/.local/lib/python3.12/site-packages/airflow/example_dags/example_dag_decorator.py
[2024-10-28T13:40:20.891+0000] {processor.py:925} INFO - DAG(s) 'example_dag_decorator' retrieved from /home/airflow/.local/lib/python3.12/site-packages/airflow/example_dags/example_dag_decorator.py
[2024-10-28T13:40:20.967+0000] {logging_mixin.py:190} INFO - [2024-10-28T13:40:20.967+0000] {dag.py:3239} INFO - Sync 1 DAGs
[2024-10-28T13:40:20.976+0000] {logging_mixin.py:190} INFO - [2024-10-28T13:40:20.976+0000] {dag.py:4180} INFO - Setting next_dagrun for example_dag_decorator to None, run_after=None
[2024-10-28T13:40:20.996+0000] {processor.py:208} INFO - Processing /home/airflow/.local/lib/python3.12/site-packages/airflow/example_dags/example_dag_decorator.py took 0.121 seconds
[2024-10-28T13:40:51.521+0000] {processor.py:186} INFO - Started process (PID=2049) to work on /home/airflow/.local/lib/python3.12/site-packages/airflow/example_dags/example_dag_decorator.py
[2024-10-28T13:40:51.523+0000] {processor.py:914} INFO - Processing file /home/airflow/.local/lib/python3.12/site-packages/airflow/example_dags/example_dag_decorator.py for tasks to queue
[2024-10-28T13:40:51.526+0000] {logging_mixin.py:190} INFO - [2024-10-28T13:40:51.526+0000] {dagbag.py:588} INFO - Filling up the DagBag from /home/airflow/.local/lib/python3.12/site-packages/airflow/example_dags/example_dag_decorator.py
[2024-10-28T13:40:51.540+0000] {processor.py:925} INFO - DAG(s) 'example_dag_decorator' retrieved from /home/airflow/.local/lib/python3.12/site-packages/airflow/example_dags/example_dag_decorator.py
[2024-10-28T13:40:51.622+0000] {logging_mixin.py:190} INFO - [2024-10-28T13:40:51.621+0000] {dag.py:3239} INFO - Sync 1 DAGs
[2024-10-28T13:40:51.630+0000] {logging_mixin.py:190} INFO - [2024-10-28T13:40:51.630+0000] {dag.py:4180} INFO - Setting next_dagrun for example_dag_decorator to None, run_after=None
[2024-10-28T13:40:51.647+0000] {processor.py:208} INFO - Processing /home/airflow/.local/lib/python3.12/site-packages/airflow/example_dags/example_dag_decorator.py took 0.134 seconds
[2024-10-28T13:41:21.747+0000] {processor.py:186} INFO - Started process (PID=2113) to work on /home/airflow/.local/lib/python3.12/site-packages/airflow/example_dags/example_dag_decorator.py
[2024-10-28T13:41:21.748+0000] {processor.py:914} INFO - Processing file /home/airflow/.local/lib/python3.12/site-packages/airflow/example_dags/example_dag_decorator.py for tasks to queue
[2024-10-28T13:41:21.750+0000] {logging_mixin.py:190} INFO - [2024-10-28T13:41:21.750+0000] {dagbag.py:588} INFO - Filling up the DagBag from /home/airflow/.local/lib/python3.12/site-packages/airflow/example_dags/example_dag_decorator.py
[2024-10-28T13:41:21.759+0000] {processor.py:925} INFO - DAG(s) 'example_dag_decorator' retrieved from /home/airflow/.local/lib/python3.12/site-packages/airflow/example_dags/example_dag_decorator.py
[2024-10-28T13:41:21.841+0000] {logging_mixin.py:190} INFO - [2024-10-28T13:41:21.840+0000] {dag.py:3239} INFO - Sync 1 DAGs
[2024-10-28T13:41:21.851+0000] {logging_mixin.py:190} INFO - [2024-10-28T13:41:21.851+0000] {dag.py:4180} INFO - Setting next_dagrun for example_dag_decorator to None, run_after=None
[2024-10-28T13:41:21.869+0000] {processor.py:208} INFO - Processing /home/airflow/.local/lib/python3.12/site-packages/airflow/example_dags/example_dag_decorator.py took 0.127 seconds
[2024-10-28T13:41:52.404+0000] {processor.py:186} INFO - Started process (PID=2175) to work on /home/airflow/.local/lib/python3.12/site-packages/airflow/example_dags/example_dag_decorator.py
[2024-10-28T13:41:52.406+0000] {processor.py:914} INFO - Processing file /home/airflow/.local/lib/python3.12/site-packages/airflow/example_dags/example_dag_decorator.py for tasks to queue
[2024-10-28T13:41:52.410+0000] {logging_mixin.py:190} INFO - [2024-10-28T13:41:52.409+0000] {dagbag.py:588} INFO - Filling up the DagBag from /home/airflow/.local/lib/python3.12/site-packages/airflow/example_dags/example_dag_decorator.py
[2024-10-28T13:41:52.427+0000] {processor.py:925} INFO - DAG(s) 'example_dag_decorator' retrieved from /home/airflow/.local/lib/python3.12/site-packages/airflow/example_dags/example_dag_decorator.py
[2024-10-28T13:41:52.523+0000] {logging_mixin.py:190} INFO - [2024-10-28T13:41:52.523+0000] {dag.py:3239} INFO - Sync 1 DAGs
[2024-10-28T13:41:52.533+0000] {logging_mixin.py:190} INFO - [2024-10-28T13:41:52.533+0000] {dag.py:4180} INFO - Setting next_dagrun for example_dag_decorator to None, run_after=None
[2024-10-28T13:41:52.550+0000] {processor.py:208} INFO - Processing /home/airflow/.local/lib/python3.12/site-packages/airflow/example_dags/example_dag_decorator.py took 0.154 seconds
[2024-10-28T13:42:23.175+0000] {processor.py:186} INFO - Started process (PID=2238) to work on /home/airflow/.local/lib/python3.12/site-packages/airflow/example_dags/example_dag_decorator.py
[2024-10-28T13:42:23.176+0000] {processor.py:914} INFO - Processing file /home/airflow/.local/lib/python3.12/site-packages/airflow/example_dags/example_dag_decorator.py for tasks to queue
[2024-10-28T13:42:23.177+0000] {logging_mixin.py:190} INFO - [2024-10-28T13:42:23.177+0000] {dagbag.py:588} INFO - Filling up the DagBag from /home/airflow/.local/lib/python3.12/site-packages/airflow/example_dags/example_dag_decorator.py
[2024-10-28T13:42:23.186+0000] {processor.py:925} INFO - DAG(s) 'example_dag_decorator' retrieved from /home/airflow/.local/lib/python3.12/site-packages/airflow/example_dags/example_dag_decorator.py
[2024-10-28T13:42:23.262+0000] {logging_mixin.py:190} INFO - [2024-10-28T13:42:23.261+0000] {dag.py:3239} INFO - Sync 1 DAGs
[2024-10-28T13:42:23.272+0000] {logging_mixin.py:190} INFO - [2024-10-28T13:42:23.271+0000] {dag.py:4180} INFO - Setting next_dagrun for example_dag_decorator to None, run_after=None
[2024-10-28T13:42:23.287+0000] {processor.py:208} INFO - Processing /home/airflow/.local/lib/python3.12/site-packages/airflow/example_dags/example_dag_decorator.py took 0.116 seconds
[2024-10-28T13:42:54.428+0000] {processor.py:186} INFO - Started process (PID=2300) to work on /home/airflow/.local/lib/python3.12/site-packages/airflow/example_dags/example_dag_decorator.py
[2024-10-28T13:42:54.430+0000] {processor.py:914} INFO - Processing file /home/airflow/.local/lib/python3.12/site-packages/airflow/example_dags/example_dag_decorator.py for tasks to queue
[2024-10-28T13:42:54.431+0000] {logging_mixin.py:190} INFO - [2024-10-28T13:42:54.431+0000] {dagbag.py:588} INFO - Filling up the DagBag from /home/airflow/.local/lib/python3.12/site-packages/airflow/example_dags/example_dag_decorator.py
[2024-10-28T13:42:54.442+0000] {processor.py:925} INFO - DAG(s) 'example_dag_decorator' retrieved from /home/airflow/.local/lib/python3.12/site-packages/airflow/example_dags/example_dag_decorator.py
[2024-10-28T13:42:54.530+0000] {logging_mixin.py:190} INFO - [2024-10-28T13:42:54.530+0000] {dag.py:3239} INFO - Sync 1 DAGs
[2024-10-28T13:42:54.541+0000] {logging_mixin.py:190} INFO - [2024-10-28T13:42:54.541+0000] {dag.py:4180} INFO - Setting next_dagrun for example_dag_decorator to None, run_after=None
[2024-10-28T13:42:54.558+0000] {processor.py:208} INFO - Processing /home/airflow/.local/lib/python3.12/site-packages/airflow/example_dags/example_dag_decorator.py took 0.134 seconds
[2024-10-28T13:43:25.046+0000] {processor.py:186} INFO - Started process (PID=2362) to work on /home/airflow/.local/lib/python3.12/site-packages/airflow/example_dags/example_dag_decorator.py
[2024-10-28T13:43:25.048+0000] {processor.py:914} INFO - Processing file /home/airflow/.local/lib/python3.12/site-packages/airflow/example_dags/example_dag_decorator.py for tasks to queue
[2024-10-28T13:43:25.049+0000] {logging_mixin.py:190} INFO - [2024-10-28T13:43:25.049+0000] {dagbag.py:588} INFO - Filling up the DagBag from /home/airflow/.local/lib/python3.12/site-packages/airflow/example_dags/example_dag_decorator.py
[2024-10-28T13:43:25.058+0000] {processor.py:925} INFO - DAG(s) 'example_dag_decorator' retrieved from /home/airflow/.local/lib/python3.12/site-packages/airflow/example_dags/example_dag_decorator.py
[2024-10-28T13:43:25.132+0000] {logging_mixin.py:190} INFO - [2024-10-28T13:43:25.132+0000] {dag.py:3239} INFO - Sync 1 DAGs
[2024-10-28T13:43:25.141+0000] {logging_mixin.py:190} INFO - [2024-10-28T13:43:25.141+0000] {dag.py:4180} INFO - Setting next_dagrun for example_dag_decorator to None, run_after=None
[2024-10-28T13:43:25.156+0000] {processor.py:208} INFO - Processing /home/airflow/.local/lib/python3.12/site-packages/airflow/example_dags/example_dag_decorator.py took 0.114 seconds
[2024-10-28T13:43:55.648+0000] {processor.py:186} INFO - Started process (PID=2424) to work on /home/airflow/.local/lib/python3.12/site-packages/airflow/example_dags/example_dag_decorator.py
[2024-10-28T13:43:55.649+0000] {processor.py:914} INFO - Processing file /home/airflow/.local/lib/python3.12/site-packages/airflow/example_dags/example_dag_decorator.py for tasks to queue
[2024-10-28T13:43:55.650+0000] {logging_mixin.py:190} INFO - [2024-10-28T13:43:55.649+0000] {dagbag.py:588} INFO - Filling up the DagBag from /home/airflow/.local/lib/python3.12/site-packages/airflow/example_dags/example_dag_decorator.py
[2024-10-28T13:43:55.659+0000] {processor.py:925} INFO - DAG(s) 'example_dag_decorator' retrieved from /home/airflow/.local/lib/python3.12/site-packages/airflow/example_dags/example_dag_decorator.py
[2024-10-28T13:43:55.738+0000] {logging_mixin.py:190} INFO - [2024-10-28T13:43:55.738+0000] {dag.py:3239} INFO - Sync 1 DAGs
[2024-10-28T13:43:55.747+0000] {logging_mixin.py:190} INFO - [2024-10-28T13:43:55.747+0000] {dag.py:4180} INFO - Setting next_dagrun for example_dag_decorator to None, run_after=None
[2024-10-28T13:43:55.765+0000] {processor.py:208} INFO - Processing /home/airflow/.local/lib/python3.12/site-packages/airflow/example_dags/example_dag_decorator.py took 0.122 seconds
