[2024-10-28T13:21:18.954+0000] {processor.py:186} INFO - Started process (PID=102) to work on /home/airflow/.local/lib/python3.12/site-packages/airflow/example_dags/tutorial_objectstorage.py
[2024-10-28T13:21:18.955+0000] {processor.py:914} INFO - Processing file /home/airflow/.local/lib/python3.12/site-packages/airflow/example_dags/tutorial_objectstorage.py for tasks to queue
[2024-10-28T13:21:18.959+0000] {logging_mixin.py:190} INFO - [2024-10-28T13:21:18.958+0000] {dagbag.py:588} INFO - Filling up the DagBag from /home/airflow/.local/lib/python3.12/site-packages/airflow/example_dags/tutorial_objectstorage.py
[2024-10-28T13:21:18.967+0000] {processor.py:925} INFO - DAG(s) 'tutorial_objectstorage' retrieved from /home/airflow/.local/lib/python3.12/site-packages/airflow/example_dags/tutorial_objectstorage.py
[2024-10-28T13:21:19.041+0000] {logging_mixin.py:190} INFO - [2024-10-28T13:21:19.040+0000] {override.py:1900} INFO - Created Permission View: can delete on DAG:tutorial_objectstorage
[2024-10-28T13:21:19.050+0000] {logging_mixin.py:190} INFO - [2024-10-28T13:21:19.050+0000] {override.py:1900} INFO - Created Permission View: can edit on DAG:tutorial_objectstorage
[2024-10-28T13:21:19.057+0000] {logging_mixin.py:190} INFO - [2024-10-28T13:21:19.056+0000] {override.py:1900} INFO - Created Permission View: can read on DAG:tutorial_objectstorage
[2024-10-28T13:21:19.070+0000] {logging_mixin.py:190} INFO - [2024-10-28T13:21:19.070+0000] {override.py:1900} INFO - Created Permission View: can create on DAG Run:tutorial_objectstorage
[2024-10-28T13:21:19.083+0000] {logging_mixin.py:190} INFO - [2024-10-28T13:21:19.083+0000] {override.py:1900} INFO - Created Permission View: menu access on DAG Run:tutorial_objectstorage
[2024-10-28T13:21:19.091+0000] {logging_mixin.py:190} INFO - [2024-10-28T13:21:19.090+0000] {override.py:1900} INFO - Created Permission View: can read on DAG Run:tutorial_objectstorage
[2024-10-28T13:21:19.099+0000] {logging_mixin.py:190} INFO - [2024-10-28T13:21:19.098+0000] {override.py:1900} INFO - Created Permission View: can delete on DAG Run:tutorial_objectstorage
[2024-10-28T13:21:19.100+0000] {logging_mixin.py:190} INFO - [2024-10-28T13:21:19.100+0000] {dag.py:3239} INFO - Sync 1 DAGs
[2024-10-28T13:21:19.112+0000] {logging_mixin.py:190} INFO - [2024-10-28T13:21:19.111+0000] {dag.py:3262} INFO - Creating ORM DAG for tutorial_objectstorage
[2024-10-28T13:21:19.113+0000] {logging_mixin.py:190} INFO - [2024-10-28T13:21:19.113+0000] {dag.py:4180} INFO - Setting next_dagrun for tutorial_objectstorage to None, run_after=None
[2024-10-28T13:21:19.129+0000] {processor.py:208} INFO - Processing /home/airflow/.local/lib/python3.12/site-packages/airflow/example_dags/tutorial_objectstorage.py took 0.179 seconds
[2024-10-28T13:21:49.400+0000] {processor.py:186} INFO - Started process (PID=165) to work on /home/airflow/.local/lib/python3.12/site-packages/airflow/example_dags/tutorial_objectstorage.py
[2024-10-28T13:21:49.402+0000] {processor.py:914} INFO - Processing file /home/airflow/.local/lib/python3.12/site-packages/airflow/example_dags/tutorial_objectstorage.py for tasks to queue
[2024-10-28T13:21:49.404+0000] {logging_mixin.py:190} INFO - [2024-10-28T13:21:49.403+0000] {dagbag.py:588} INFO - Filling up the DagBag from /home/airflow/.local/lib/python3.12/site-packages/airflow/example_dags/tutorial_objectstorage.py
[2024-10-28T13:21:49.410+0000] {processor.py:925} INFO - DAG(s) 'tutorial_objectstorage' retrieved from /home/airflow/.local/lib/python3.12/site-packages/airflow/example_dags/tutorial_objectstorage.py
[2024-10-28T13:21:49.423+0000] {logging_mixin.py:190} INFO - [2024-10-28T13:21:49.423+0000] {dag.py:3239} INFO - Sync 1 DAGs
[2024-10-28T13:21:49.433+0000] {logging_mixin.py:190} INFO - [2024-10-28T13:21:49.433+0000] {dag.py:4180} INFO - Setting next_dagrun for tutorial_objectstorage to None, run_after=None
[2024-10-28T13:21:49.446+0000] {processor.py:208} INFO - Processing /home/airflow/.local/lib/python3.12/site-packages/airflow/example_dags/tutorial_objectstorage.py took 0.050 seconds
[2024-10-28T13:25:01.672+0000] {processor.py:186} INFO - Started process (PID=96) to work on /home/airflow/.local/lib/python3.12/site-packages/airflow/example_dags/tutorial_objectstorage.py
[2024-10-28T13:25:01.673+0000] {processor.py:914} INFO - Processing file /home/airflow/.local/lib/python3.12/site-packages/airflow/example_dags/tutorial_objectstorage.py for tasks to queue
[2024-10-28T13:25:01.675+0000] {logging_mixin.py:190} INFO - [2024-10-28T13:25:01.674+0000] {dagbag.py:588} INFO - Filling up the DagBag from /home/airflow/.local/lib/python3.12/site-packages/airflow/example_dags/tutorial_objectstorage.py
[2024-10-28T13:25:01.683+0000] {processor.py:925} INFO - DAG(s) 'tutorial_objectstorage' retrieved from /home/airflow/.local/lib/python3.12/site-packages/airflow/example_dags/tutorial_objectstorage.py
[2024-10-28T13:25:01.699+0000] {logging_mixin.py:190} INFO - [2024-10-28T13:25:01.698+0000] {dag.py:3239} INFO - Sync 1 DAGs
[2024-10-28T13:25:01.710+0000] {logging_mixin.py:190} INFO - [2024-10-28T13:25:01.709+0000] {dag.py:4180} INFO - Setting next_dagrun for tutorial_objectstorage to None, run_after=None
[2024-10-28T13:25:01.730+0000] {processor.py:208} INFO - Processing /home/airflow/.local/lib/python3.12/site-packages/airflow/example_dags/tutorial_objectstorage.py took 0.064 seconds
[2024-10-28T13:25:32.572+0000] {processor.py:186} INFO - Started process (PID=164) to work on /home/airflow/.local/lib/python3.12/site-packages/airflow/example_dags/tutorial_objectstorage.py
[2024-10-28T13:25:32.573+0000] {processor.py:914} INFO - Processing file /home/airflow/.local/lib/python3.12/site-packages/airflow/example_dags/tutorial_objectstorage.py for tasks to queue
[2024-10-28T13:25:32.575+0000] {logging_mixin.py:190} INFO - [2024-10-28T13:25:32.575+0000] {dagbag.py:588} INFO - Filling up the DagBag from /home/airflow/.local/lib/python3.12/site-packages/airflow/example_dags/tutorial_objectstorage.py
[2024-10-28T13:25:32.583+0000] {processor.py:925} INFO - DAG(s) 'tutorial_objectstorage' retrieved from /home/airflow/.local/lib/python3.12/site-packages/airflow/example_dags/tutorial_objectstorage.py
[2024-10-28T13:25:32.598+0000] {logging_mixin.py:190} INFO - [2024-10-28T13:25:32.598+0000] {dag.py:3239} INFO - Sync 1 DAGs
[2024-10-28T13:25:32.609+0000] {logging_mixin.py:190} INFO - [2024-10-28T13:25:32.608+0000] {dag.py:4180} INFO - Setting next_dagrun for tutorial_objectstorage to None, run_after=None
[2024-10-28T13:25:32.623+0000] {processor.py:208} INFO - Processing /home/airflow/.local/lib/python3.12/site-packages/airflow/example_dags/tutorial_objectstorage.py took 0.055 seconds
[2024-10-28T13:26:03.365+0000] {processor.py:186} INFO - Started process (PID=227) to work on /home/airflow/.local/lib/python3.12/site-packages/airflow/example_dags/tutorial_objectstorage.py
[2024-10-28T13:26:03.366+0000] {processor.py:914} INFO - Processing file /home/airflow/.local/lib/python3.12/site-packages/airflow/example_dags/tutorial_objectstorage.py for tasks to queue
[2024-10-28T13:26:03.368+0000] {logging_mixin.py:190} INFO - [2024-10-28T13:26:03.368+0000] {dagbag.py:588} INFO - Filling up the DagBag from /home/airflow/.local/lib/python3.12/site-packages/airflow/example_dags/tutorial_objectstorage.py
[2024-10-28T13:26:03.376+0000] {processor.py:925} INFO - DAG(s) 'tutorial_objectstorage' retrieved from /home/airflow/.local/lib/python3.12/site-packages/airflow/example_dags/tutorial_objectstorage.py
[2024-10-28T13:26:03.389+0000] {logging_mixin.py:190} INFO - [2024-10-28T13:26:03.389+0000] {dag.py:3239} INFO - Sync 1 DAGs
[2024-10-28T13:26:03.400+0000] {logging_mixin.py:190} INFO - [2024-10-28T13:26:03.399+0000] {dag.py:4180} INFO - Setting next_dagrun for tutorial_objectstorage to None, run_after=None
[2024-10-28T13:26:03.413+0000] {processor.py:208} INFO - Processing /home/airflow/.local/lib/python3.12/site-packages/airflow/example_dags/tutorial_objectstorage.py took 0.053 seconds
[2024-10-28T13:26:33.719+0000] {processor.py:186} INFO - Started process (PID=290) to work on /home/airflow/.local/lib/python3.12/site-packages/airflow/example_dags/tutorial_objectstorage.py
[2024-10-28T13:26:33.720+0000] {processor.py:914} INFO - Processing file /home/airflow/.local/lib/python3.12/site-packages/airflow/example_dags/tutorial_objectstorage.py for tasks to queue
[2024-10-28T13:26:33.722+0000] {logging_mixin.py:190} INFO - [2024-10-28T13:26:33.722+0000] {dagbag.py:588} INFO - Filling up the DagBag from /home/airflow/.local/lib/python3.12/site-packages/airflow/example_dags/tutorial_objectstorage.py
[2024-10-28T13:26:33.730+0000] {processor.py:925} INFO - DAG(s) 'tutorial_objectstorage' retrieved from /home/airflow/.local/lib/python3.12/site-packages/airflow/example_dags/tutorial_objectstorage.py
[2024-10-28T13:26:33.744+0000] {logging_mixin.py:190} INFO - [2024-10-28T13:26:33.744+0000] {dag.py:3239} INFO - Sync 1 DAGs
[2024-10-28T13:26:33.754+0000] {logging_mixin.py:190} INFO - [2024-10-28T13:26:33.754+0000] {dag.py:4180} INFO - Setting next_dagrun for tutorial_objectstorage to None, run_after=None
[2024-10-28T13:26:33.769+0000] {processor.py:208} INFO - Processing /home/airflow/.local/lib/python3.12/site-packages/airflow/example_dags/tutorial_objectstorage.py took 0.054 seconds
[2024-10-28T13:27:03.861+0000] {processor.py:186} INFO - Started process (PID=353) to work on /home/airflow/.local/lib/python3.12/site-packages/airflow/example_dags/tutorial_objectstorage.py
[2024-10-28T13:27:03.862+0000] {processor.py:914} INFO - Processing file /home/airflow/.local/lib/python3.12/site-packages/airflow/example_dags/tutorial_objectstorage.py for tasks to queue
[2024-10-28T13:27:03.865+0000] {logging_mixin.py:190} INFO - [2024-10-28T13:27:03.865+0000] {dagbag.py:588} INFO - Filling up the DagBag from /home/airflow/.local/lib/python3.12/site-packages/airflow/example_dags/tutorial_objectstorage.py
[2024-10-28T13:27:03.874+0000] {processor.py:925} INFO - DAG(s) 'tutorial_objectstorage' retrieved from /home/airflow/.local/lib/python3.12/site-packages/airflow/example_dags/tutorial_objectstorage.py
[2024-10-28T13:27:03.892+0000] {logging_mixin.py:190} INFO - [2024-10-28T13:27:03.892+0000] {dag.py:3239} INFO - Sync 1 DAGs
[2024-10-28T13:27:03.907+0000] {logging_mixin.py:190} INFO - [2024-10-28T13:27:03.906+0000] {dag.py:4180} INFO - Setting next_dagrun for tutorial_objectstorage to None, run_after=None
[2024-10-28T13:27:03.926+0000] {processor.py:208} INFO - Processing /home/airflow/.local/lib/python3.12/site-packages/airflow/example_dags/tutorial_objectstorage.py took 0.071 seconds
[2024-10-28T13:27:34.615+0000] {processor.py:186} INFO - Started process (PID=416) to work on /home/airflow/.local/lib/python3.12/site-packages/airflow/example_dags/tutorial_objectstorage.py
[2024-10-28T13:27:34.616+0000] {processor.py:914} INFO - Processing file /home/airflow/.local/lib/python3.12/site-packages/airflow/example_dags/tutorial_objectstorage.py for tasks to queue
[2024-10-28T13:27:34.618+0000] {logging_mixin.py:190} INFO - [2024-10-28T13:27:34.618+0000] {dagbag.py:588} INFO - Filling up the DagBag from /home/airflow/.local/lib/python3.12/site-packages/airflow/example_dags/tutorial_objectstorage.py
[2024-10-28T13:27:34.625+0000] {processor.py:925} INFO - DAG(s) 'tutorial_objectstorage' retrieved from /home/airflow/.local/lib/python3.12/site-packages/airflow/example_dags/tutorial_objectstorage.py
[2024-10-28T13:27:34.640+0000] {logging_mixin.py:190} INFO - [2024-10-28T13:27:34.639+0000] {dag.py:3239} INFO - Sync 1 DAGs
[2024-10-28T13:27:34.650+0000] {logging_mixin.py:190} INFO - [2024-10-28T13:27:34.650+0000] {dag.py:4180} INFO - Setting next_dagrun for tutorial_objectstorage to None, run_after=None
[2024-10-28T13:27:34.665+0000] {processor.py:208} INFO - Processing /home/airflow/.local/lib/python3.12/site-packages/airflow/example_dags/tutorial_objectstorage.py took 0.055 seconds
[2024-10-28T13:28:05.275+0000] {processor.py:186} INFO - Started process (PID=479) to work on /home/airflow/.local/lib/python3.12/site-packages/airflow/example_dags/tutorial_objectstorage.py
[2024-10-28T13:28:05.276+0000] {processor.py:914} INFO - Processing file /home/airflow/.local/lib/python3.12/site-packages/airflow/example_dags/tutorial_objectstorage.py for tasks to queue
[2024-10-28T13:28:05.278+0000] {logging_mixin.py:190} INFO - [2024-10-28T13:28:05.278+0000] {dagbag.py:588} INFO - Filling up the DagBag from /home/airflow/.local/lib/python3.12/site-packages/airflow/example_dags/tutorial_objectstorage.py
[2024-10-28T13:28:05.285+0000] {processor.py:925} INFO - DAG(s) 'tutorial_objectstorage' retrieved from /home/airflow/.local/lib/python3.12/site-packages/airflow/example_dags/tutorial_objectstorage.py
[2024-10-28T13:28:05.298+0000] {logging_mixin.py:190} INFO - [2024-10-28T13:28:05.298+0000] {dag.py:3239} INFO - Sync 1 DAGs
[2024-10-28T13:28:05.308+0000] {logging_mixin.py:190} INFO - [2024-10-28T13:28:05.308+0000] {dag.py:4180} INFO - Setting next_dagrun for tutorial_objectstorage to None, run_after=None
[2024-10-28T13:28:05.323+0000] {processor.py:208} INFO - Processing /home/airflow/.local/lib/python3.12/site-packages/airflow/example_dags/tutorial_objectstorage.py took 0.052 seconds
[2024-10-28T13:28:35.476+0000] {processor.py:186} INFO - Started process (PID=542) to work on /home/airflow/.local/lib/python3.12/site-packages/airflow/example_dags/tutorial_objectstorage.py
[2024-10-28T13:28:35.477+0000] {processor.py:914} INFO - Processing file /home/airflow/.local/lib/python3.12/site-packages/airflow/example_dags/tutorial_objectstorage.py for tasks to queue
[2024-10-28T13:28:35.479+0000] {logging_mixin.py:190} INFO - [2024-10-28T13:28:35.479+0000] {dagbag.py:588} INFO - Filling up the DagBag from /home/airflow/.local/lib/python3.12/site-packages/airflow/example_dags/tutorial_objectstorage.py
[2024-10-28T13:28:35.486+0000] {processor.py:925} INFO - DAG(s) 'tutorial_objectstorage' retrieved from /home/airflow/.local/lib/python3.12/site-packages/airflow/example_dags/tutorial_objectstorage.py
[2024-10-28T13:28:35.499+0000] {logging_mixin.py:190} INFO - [2024-10-28T13:28:35.499+0000] {dag.py:3239} INFO - Sync 1 DAGs
[2024-10-28T13:28:35.511+0000] {logging_mixin.py:190} INFO - [2024-10-28T13:28:35.511+0000] {dag.py:4180} INFO - Setting next_dagrun for tutorial_objectstorage to None, run_after=None
[2024-10-28T13:28:35.526+0000] {processor.py:208} INFO - Processing /home/airflow/.local/lib/python3.12/site-packages/airflow/example_dags/tutorial_objectstorage.py took 0.055 seconds
[2024-10-28T13:29:06.731+0000] {processor.py:186} INFO - Started process (PID=605) to work on /home/airflow/.local/lib/python3.12/site-packages/airflow/example_dags/tutorial_objectstorage.py
[2024-10-28T13:29:06.732+0000] {processor.py:914} INFO - Processing file /home/airflow/.local/lib/python3.12/site-packages/airflow/example_dags/tutorial_objectstorage.py for tasks to queue
[2024-10-28T13:29:06.734+0000] {logging_mixin.py:190} INFO - [2024-10-28T13:29:06.734+0000] {dagbag.py:588} INFO - Filling up the DagBag from /home/airflow/.local/lib/python3.12/site-packages/airflow/example_dags/tutorial_objectstorage.py
[2024-10-28T13:29:06.741+0000] {processor.py:925} INFO - DAG(s) 'tutorial_objectstorage' retrieved from /home/airflow/.local/lib/python3.12/site-packages/airflow/example_dags/tutorial_objectstorage.py
[2024-10-28T13:29:06.755+0000] {logging_mixin.py:190} INFO - [2024-10-28T13:29:06.755+0000] {dag.py:3239} INFO - Sync 1 DAGs
[2024-10-28T13:29:06.766+0000] {logging_mixin.py:190} INFO - [2024-10-28T13:29:06.766+0000] {dag.py:4180} INFO - Setting next_dagrun for tutorial_objectstorage to None, run_after=None
[2024-10-28T13:29:06.781+0000] {processor.py:208} INFO - Processing /home/airflow/.local/lib/python3.12/site-packages/airflow/example_dags/tutorial_objectstorage.py took 0.057 seconds
[2024-10-28T13:29:37.653+0000] {processor.py:186} INFO - Started process (PID=668) to work on /home/airflow/.local/lib/python3.12/site-packages/airflow/example_dags/tutorial_objectstorage.py
[2024-10-28T13:29:37.654+0000] {processor.py:914} INFO - Processing file /home/airflow/.local/lib/python3.12/site-packages/airflow/example_dags/tutorial_objectstorage.py for tasks to queue
[2024-10-28T13:29:37.656+0000] {logging_mixin.py:190} INFO - [2024-10-28T13:29:37.656+0000] {dagbag.py:588} INFO - Filling up the DagBag from /home/airflow/.local/lib/python3.12/site-packages/airflow/example_dags/tutorial_objectstorage.py
[2024-10-28T13:29:37.663+0000] {processor.py:925} INFO - DAG(s) 'tutorial_objectstorage' retrieved from /home/airflow/.local/lib/python3.12/site-packages/airflow/example_dags/tutorial_objectstorage.py
[2024-10-28T13:29:37.676+0000] {logging_mixin.py:190} INFO - [2024-10-28T13:29:37.676+0000] {dag.py:3239} INFO - Sync 1 DAGs
[2024-10-28T13:29:37.686+0000] {logging_mixin.py:190} INFO - [2024-10-28T13:29:37.686+0000] {dag.py:4180} INFO - Setting next_dagrun for tutorial_objectstorage to None, run_after=None
[2024-10-28T13:29:37.700+0000] {processor.py:208} INFO - Processing /home/airflow/.local/lib/python3.12/site-packages/airflow/example_dags/tutorial_objectstorage.py took 0.051 seconds
[2024-10-28T13:30:08.326+0000] {processor.py:186} INFO - Started process (PID=731) to work on /home/airflow/.local/lib/python3.12/site-packages/airflow/example_dags/tutorial_objectstorage.py
[2024-10-28T13:30:08.330+0000] {processor.py:914} INFO - Processing file /home/airflow/.local/lib/python3.12/site-packages/airflow/example_dags/tutorial_objectstorage.py for tasks to queue
[2024-10-28T13:30:08.332+0000] {logging_mixin.py:190} INFO - [2024-10-28T13:30:08.332+0000] {dagbag.py:588} INFO - Filling up the DagBag from /home/airflow/.local/lib/python3.12/site-packages/airflow/example_dags/tutorial_objectstorage.py
[2024-10-28T13:30:08.339+0000] {processor.py:925} INFO - DAG(s) 'tutorial_objectstorage' retrieved from /home/airflow/.local/lib/python3.12/site-packages/airflow/example_dags/tutorial_objectstorage.py
[2024-10-28T13:30:08.355+0000] {logging_mixin.py:190} INFO - [2024-10-28T13:30:08.354+0000] {dag.py:3239} INFO - Sync 1 DAGs
[2024-10-28T13:30:08.366+0000] {logging_mixin.py:190} INFO - [2024-10-28T13:30:08.366+0000] {dag.py:4180} INFO - Setting next_dagrun for tutorial_objectstorage to None, run_after=None
[2024-10-28T13:30:08.382+0000] {processor.py:208} INFO - Processing /home/airflow/.local/lib/python3.12/site-packages/airflow/example_dags/tutorial_objectstorage.py took 0.060 seconds
[2024-10-28T13:30:38.634+0000] {processor.py:186} INFO - Started process (PID=794) to work on /home/airflow/.local/lib/python3.12/site-packages/airflow/example_dags/tutorial_objectstorage.py
[2024-10-28T13:30:38.635+0000] {processor.py:914} INFO - Processing file /home/airflow/.local/lib/python3.12/site-packages/airflow/example_dags/tutorial_objectstorage.py for tasks to queue
[2024-10-28T13:30:38.637+0000] {logging_mixin.py:190} INFO - [2024-10-28T13:30:38.637+0000] {dagbag.py:588} INFO - Filling up the DagBag from /home/airflow/.local/lib/python3.12/site-packages/airflow/example_dags/tutorial_objectstorage.py
[2024-10-28T13:30:38.643+0000] {processor.py:925} INFO - DAG(s) 'tutorial_objectstorage' retrieved from /home/airflow/.local/lib/python3.12/site-packages/airflow/example_dags/tutorial_objectstorage.py
[2024-10-28T13:30:38.657+0000] {logging_mixin.py:190} INFO - [2024-10-28T13:30:38.657+0000] {dag.py:3239} INFO - Sync 1 DAGs
[2024-10-28T13:30:38.667+0000] {logging_mixin.py:190} INFO - [2024-10-28T13:30:38.667+0000] {dag.py:4180} INFO - Setting next_dagrun for tutorial_objectstorage to None, run_after=None
[2024-10-28T13:30:38.681+0000] {processor.py:208} INFO - Processing /home/airflow/.local/lib/python3.12/site-packages/airflow/example_dags/tutorial_objectstorage.py took 0.051 seconds
[2024-10-28T13:31:09.708+0000] {processor.py:186} INFO - Started process (PID=857) to work on /home/airflow/.local/lib/python3.12/site-packages/airflow/example_dags/tutorial_objectstorage.py
[2024-10-28T13:31:09.710+0000] {processor.py:914} INFO - Processing file /home/airflow/.local/lib/python3.12/site-packages/airflow/example_dags/tutorial_objectstorage.py for tasks to queue
[2024-10-28T13:31:09.713+0000] {logging_mixin.py:190} INFO - [2024-10-28T13:31:09.713+0000] {dagbag.py:588} INFO - Filling up the DagBag from /home/airflow/.local/lib/python3.12/site-packages/airflow/example_dags/tutorial_objectstorage.py
[2024-10-28T13:31:09.720+0000] {processor.py:925} INFO - DAG(s) 'tutorial_objectstorage' retrieved from /home/airflow/.local/lib/python3.12/site-packages/airflow/example_dags/tutorial_objectstorage.py
[2024-10-28T13:31:09.733+0000] {logging_mixin.py:190} INFO - [2024-10-28T13:31:09.733+0000] {dag.py:3239} INFO - Sync 1 DAGs
[2024-10-28T13:31:09.742+0000] {logging_mixin.py:190} INFO - [2024-10-28T13:31:09.742+0000] {dag.py:4180} INFO - Setting next_dagrun for tutorial_objectstorage to None, run_after=None
[2024-10-28T13:31:09.759+0000] {processor.py:208} INFO - Processing /home/airflow/.local/lib/python3.12/site-packages/airflow/example_dags/tutorial_objectstorage.py took 0.054 seconds
[2024-10-28T13:31:40.358+0000] {processor.py:186} INFO - Started process (PID=920) to work on /home/airflow/.local/lib/python3.12/site-packages/airflow/example_dags/tutorial_objectstorage.py
[2024-10-28T13:31:40.359+0000] {processor.py:914} INFO - Processing file /home/airflow/.local/lib/python3.12/site-packages/airflow/example_dags/tutorial_objectstorage.py for tasks to queue
[2024-10-28T13:31:40.361+0000] {logging_mixin.py:190} INFO - [2024-10-28T13:31:40.361+0000] {dagbag.py:588} INFO - Filling up the DagBag from /home/airflow/.local/lib/python3.12/site-packages/airflow/example_dags/tutorial_objectstorage.py
[2024-10-28T13:31:40.367+0000] {processor.py:925} INFO - DAG(s) 'tutorial_objectstorage' retrieved from /home/airflow/.local/lib/python3.12/site-packages/airflow/example_dags/tutorial_objectstorage.py
[2024-10-28T13:31:40.380+0000] {logging_mixin.py:190} INFO - [2024-10-28T13:31:40.380+0000] {dag.py:3239} INFO - Sync 1 DAGs
[2024-10-28T13:31:40.389+0000] {logging_mixin.py:190} INFO - [2024-10-28T13:31:40.389+0000] {dag.py:4180} INFO - Setting next_dagrun for tutorial_objectstorage to None, run_after=None
[2024-10-28T13:31:40.404+0000] {processor.py:208} INFO - Processing /home/airflow/.local/lib/python3.12/site-packages/airflow/example_dags/tutorial_objectstorage.py took 0.050 seconds
[2024-10-28T13:32:11.251+0000] {processor.py:186} INFO - Started process (PID=983) to work on /home/airflow/.local/lib/python3.12/site-packages/airflow/example_dags/tutorial_objectstorage.py
[2024-10-28T13:32:11.252+0000] {processor.py:914} INFO - Processing file /home/airflow/.local/lib/python3.12/site-packages/airflow/example_dags/tutorial_objectstorage.py for tasks to queue
[2024-10-28T13:32:11.254+0000] {logging_mixin.py:190} INFO - [2024-10-28T13:32:11.254+0000] {dagbag.py:588} INFO - Filling up the DagBag from /home/airflow/.local/lib/python3.12/site-packages/airflow/example_dags/tutorial_objectstorage.py
[2024-10-28T13:32:11.262+0000] {processor.py:925} INFO - DAG(s) 'tutorial_objectstorage' retrieved from /home/airflow/.local/lib/python3.12/site-packages/airflow/example_dags/tutorial_objectstorage.py
[2024-10-28T13:32:11.275+0000] {logging_mixin.py:190} INFO - [2024-10-28T13:32:11.274+0000] {dag.py:3239} INFO - Sync 1 DAGs
[2024-10-28T13:32:11.284+0000] {logging_mixin.py:190} INFO - [2024-10-28T13:32:11.284+0000] {dag.py:4180} INFO - Setting next_dagrun for tutorial_objectstorage to None, run_after=None
[2024-10-28T13:32:11.299+0000] {processor.py:208} INFO - Processing /home/airflow/.local/lib/python3.12/site-packages/airflow/example_dags/tutorial_objectstorage.py took 0.052 seconds
[2024-10-28T13:32:41.425+0000] {processor.py:186} INFO - Started process (PID=1046) to work on /home/airflow/.local/lib/python3.12/site-packages/airflow/example_dags/tutorial_objectstorage.py
[2024-10-28T13:32:41.427+0000] {processor.py:914} INFO - Processing file /home/airflow/.local/lib/python3.12/site-packages/airflow/example_dags/tutorial_objectstorage.py for tasks to queue
[2024-10-28T13:32:41.430+0000] {logging_mixin.py:190} INFO - [2024-10-28T13:32:41.430+0000] {dagbag.py:588} INFO - Filling up the DagBag from /home/airflow/.local/lib/python3.12/site-packages/airflow/example_dags/tutorial_objectstorage.py
[2024-10-28T13:32:41.436+0000] {processor.py:925} INFO - DAG(s) 'tutorial_objectstorage' retrieved from /home/airflow/.local/lib/python3.12/site-packages/airflow/example_dags/tutorial_objectstorage.py
[2024-10-28T13:32:41.451+0000] {logging_mixin.py:190} INFO - [2024-10-28T13:32:41.451+0000] {dag.py:3239} INFO - Sync 1 DAGs
[2024-10-28T13:32:41.461+0000] {logging_mixin.py:190} INFO - [2024-10-28T13:32:41.461+0000] {dag.py:4180} INFO - Setting next_dagrun for tutorial_objectstorage to None, run_after=None
[2024-10-28T13:32:41.475+0000] {processor.py:208} INFO - Processing /home/airflow/.local/lib/python3.12/site-packages/airflow/example_dags/tutorial_objectstorage.py took 0.055 seconds
[2024-10-28T13:33:11.847+0000] {processor.py:186} INFO - Started process (PID=1109) to work on /home/airflow/.local/lib/python3.12/site-packages/airflow/example_dags/tutorial_objectstorage.py
[2024-10-28T13:33:11.848+0000] {processor.py:914} INFO - Processing file /home/airflow/.local/lib/python3.12/site-packages/airflow/example_dags/tutorial_objectstorage.py for tasks to queue
[2024-10-28T13:33:11.850+0000] {logging_mixin.py:190} INFO - [2024-10-28T13:33:11.850+0000] {dagbag.py:588} INFO - Filling up the DagBag from /home/airflow/.local/lib/python3.12/site-packages/airflow/example_dags/tutorial_objectstorage.py
[2024-10-28T13:33:11.856+0000] {processor.py:925} INFO - DAG(s) 'tutorial_objectstorage' retrieved from /home/airflow/.local/lib/python3.12/site-packages/airflow/example_dags/tutorial_objectstorage.py
[2024-10-28T13:33:11.869+0000] {logging_mixin.py:190} INFO - [2024-10-28T13:33:11.869+0000] {dag.py:3239} INFO - Sync 1 DAGs
[2024-10-28T13:33:11.879+0000] {logging_mixin.py:190} INFO - [2024-10-28T13:33:11.879+0000] {dag.py:4180} INFO - Setting next_dagrun for tutorial_objectstorage to None, run_after=None
[2024-10-28T13:33:11.893+0000] {processor.py:208} INFO - Processing /home/airflow/.local/lib/python3.12/site-packages/airflow/example_dags/tutorial_objectstorage.py took 0.050 seconds
[2024-10-28T13:33:42.557+0000] {processor.py:186} INFO - Started process (PID=1172) to work on /home/airflow/.local/lib/python3.12/site-packages/airflow/example_dags/tutorial_objectstorage.py
[2024-10-28T13:33:42.565+0000] {processor.py:914} INFO - Processing file /home/airflow/.local/lib/python3.12/site-packages/airflow/example_dags/tutorial_objectstorage.py for tasks to queue
[2024-10-28T13:33:42.576+0000] {logging_mixin.py:190} INFO - [2024-10-28T13:33:42.575+0000] {dagbag.py:588} INFO - Filling up the DagBag from /home/airflow/.local/lib/python3.12/site-packages/airflow/example_dags/tutorial_objectstorage.py
[2024-10-28T13:33:42.594+0000] {processor.py:925} INFO - DAG(s) 'tutorial_objectstorage' retrieved from /home/airflow/.local/lib/python3.12/site-packages/airflow/example_dags/tutorial_objectstorage.py
[2024-10-28T13:33:42.613+0000] {logging_mixin.py:190} INFO - [2024-10-28T13:33:42.613+0000] {dag.py:3239} INFO - Sync 1 DAGs
[2024-10-28T13:33:42.624+0000] {logging_mixin.py:190} INFO - [2024-10-28T13:33:42.624+0000] {dag.py:4180} INFO - Setting next_dagrun for tutorial_objectstorage to None, run_after=None
[2024-10-28T13:33:42.642+0000] {processor.py:208} INFO - Processing /home/airflow/.local/lib/python3.12/site-packages/airflow/example_dags/tutorial_objectstorage.py took 0.090 seconds
[2024-10-28T13:34:13.462+0000] {processor.py:186} INFO - Started process (PID=1235) to work on /home/airflow/.local/lib/python3.12/site-packages/airflow/example_dags/tutorial_objectstorage.py
[2024-10-28T13:34:13.464+0000] {processor.py:914} INFO - Processing file /home/airflow/.local/lib/python3.12/site-packages/airflow/example_dags/tutorial_objectstorage.py for tasks to queue
[2024-10-28T13:34:13.467+0000] {logging_mixin.py:190} INFO - [2024-10-28T13:34:13.467+0000] {dagbag.py:588} INFO - Filling up the DagBag from /home/airflow/.local/lib/python3.12/site-packages/airflow/example_dags/tutorial_objectstorage.py
[2024-10-28T13:34:13.477+0000] {processor.py:925} INFO - DAG(s) 'tutorial_objectstorage' retrieved from /home/airflow/.local/lib/python3.12/site-packages/airflow/example_dags/tutorial_objectstorage.py
[2024-10-28T13:34:13.492+0000] {logging_mixin.py:190} INFO - [2024-10-28T13:34:13.492+0000] {dag.py:3239} INFO - Sync 1 DAGs
[2024-10-28T13:34:13.502+0000] {logging_mixin.py:190} INFO - [2024-10-28T13:34:13.502+0000] {dag.py:4180} INFO - Setting next_dagrun for tutorial_objectstorage to None, run_after=None
[2024-10-28T13:34:13.521+0000] {processor.py:208} INFO - Processing /home/airflow/.local/lib/python3.12/site-packages/airflow/example_dags/tutorial_objectstorage.py took 0.064 seconds
[2024-10-28T13:34:44.173+0000] {processor.py:186} INFO - Started process (PID=1298) to work on /home/airflow/.local/lib/python3.12/site-packages/airflow/example_dags/tutorial_objectstorage.py
[2024-10-28T13:34:44.175+0000] {processor.py:914} INFO - Processing file /home/airflow/.local/lib/python3.12/site-packages/airflow/example_dags/tutorial_objectstorage.py for tasks to queue
[2024-10-28T13:34:44.178+0000] {logging_mixin.py:190} INFO - [2024-10-28T13:34:44.178+0000] {dagbag.py:588} INFO - Filling up the DagBag from /home/airflow/.local/lib/python3.12/site-packages/airflow/example_dags/tutorial_objectstorage.py
[2024-10-28T13:34:44.187+0000] {processor.py:925} INFO - DAG(s) 'tutorial_objectstorage' retrieved from /home/airflow/.local/lib/python3.12/site-packages/airflow/example_dags/tutorial_objectstorage.py
[2024-10-28T13:34:44.202+0000] {logging_mixin.py:190} INFO - [2024-10-28T13:34:44.201+0000] {dag.py:3239} INFO - Sync 1 DAGs
[2024-10-28T13:34:44.212+0000] {logging_mixin.py:190} INFO - [2024-10-28T13:34:44.212+0000] {dag.py:4180} INFO - Setting next_dagrun for tutorial_objectstorage to None, run_after=None
[2024-10-28T13:34:44.230+0000] {processor.py:208} INFO - Processing /home/airflow/.local/lib/python3.12/site-packages/airflow/example_dags/tutorial_objectstorage.py took 0.062 seconds
[2024-10-28T13:35:15.071+0000] {processor.py:186} INFO - Started process (PID=1361) to work on /home/airflow/.local/lib/python3.12/site-packages/airflow/example_dags/tutorial_objectstorage.py
[2024-10-28T13:35:15.072+0000] {processor.py:914} INFO - Processing file /home/airflow/.local/lib/python3.12/site-packages/airflow/example_dags/tutorial_objectstorage.py for tasks to queue
[2024-10-28T13:35:15.074+0000] {logging_mixin.py:190} INFO - [2024-10-28T13:35:15.073+0000] {dagbag.py:588} INFO - Filling up the DagBag from /home/airflow/.local/lib/python3.12/site-packages/airflow/example_dags/tutorial_objectstorage.py
[2024-10-28T13:35:15.080+0000] {processor.py:925} INFO - DAG(s) 'tutorial_objectstorage' retrieved from /home/airflow/.local/lib/python3.12/site-packages/airflow/example_dags/tutorial_objectstorage.py
[2024-10-28T13:35:15.093+0000] {logging_mixin.py:190} INFO - [2024-10-28T13:35:15.092+0000] {dag.py:3239} INFO - Sync 1 DAGs
[2024-10-28T13:35:15.102+0000] {logging_mixin.py:190} INFO - [2024-10-28T13:35:15.102+0000] {dag.py:4180} INFO - Setting next_dagrun for tutorial_objectstorage to None, run_after=None
[2024-10-28T13:35:15.134+0000] {processor.py:208} INFO - Processing /home/airflow/.local/lib/python3.12/site-packages/airflow/example_dags/tutorial_objectstorage.py took 0.068 seconds
[2024-10-28T13:35:45.482+0000] {processor.py:186} INFO - Started process (PID=1424) to work on /home/airflow/.local/lib/python3.12/site-packages/airflow/example_dags/tutorial_objectstorage.py
[2024-10-28T13:35:45.483+0000] {processor.py:914} INFO - Processing file /home/airflow/.local/lib/python3.12/site-packages/airflow/example_dags/tutorial_objectstorage.py for tasks to queue
[2024-10-28T13:35:45.485+0000] {logging_mixin.py:190} INFO - [2024-10-28T13:35:45.485+0000] {dagbag.py:588} INFO - Filling up the DagBag from /home/airflow/.local/lib/python3.12/site-packages/airflow/example_dags/tutorial_objectstorage.py
[2024-10-28T13:35:45.492+0000] {processor.py:925} INFO - DAG(s) 'tutorial_objectstorage' retrieved from /home/airflow/.local/lib/python3.12/site-packages/airflow/example_dags/tutorial_objectstorage.py
[2024-10-28T13:35:45.505+0000] {logging_mixin.py:190} INFO - [2024-10-28T13:35:45.505+0000] {dag.py:3239} INFO - Sync 1 DAGs
[2024-10-28T13:35:45.515+0000] {logging_mixin.py:190} INFO - [2024-10-28T13:35:45.514+0000] {dag.py:4180} INFO - Setting next_dagrun for tutorial_objectstorage to None, run_after=None
[2024-10-28T13:35:45.528+0000] {processor.py:208} INFO - Processing /home/airflow/.local/lib/python3.12/site-packages/airflow/example_dags/tutorial_objectstorage.py took 0.051 seconds
[2024-10-28T13:36:16.304+0000] {processor.py:186} INFO - Started process (PID=1487) to work on /home/airflow/.local/lib/python3.12/site-packages/airflow/example_dags/tutorial_objectstorage.py
[2024-10-28T13:36:16.305+0000] {processor.py:914} INFO - Processing file /home/airflow/.local/lib/python3.12/site-packages/airflow/example_dags/tutorial_objectstorage.py for tasks to queue
[2024-10-28T13:36:16.307+0000] {logging_mixin.py:190} INFO - [2024-10-28T13:36:16.307+0000] {dagbag.py:588} INFO - Filling up the DagBag from /home/airflow/.local/lib/python3.12/site-packages/airflow/example_dags/tutorial_objectstorage.py
[2024-10-28T13:36:16.314+0000] {processor.py:925} INFO - DAG(s) 'tutorial_objectstorage' retrieved from /home/airflow/.local/lib/python3.12/site-packages/airflow/example_dags/tutorial_objectstorage.py
[2024-10-28T13:36:16.326+0000] {logging_mixin.py:190} INFO - [2024-10-28T13:36:16.326+0000] {dag.py:3239} INFO - Sync 1 DAGs
[2024-10-28T13:36:16.335+0000] {logging_mixin.py:190} INFO - [2024-10-28T13:36:16.335+0000] {dag.py:4180} INFO - Setting next_dagrun for tutorial_objectstorage to None, run_after=None
[2024-10-28T13:36:16.349+0000] {processor.py:208} INFO - Processing /home/airflow/.local/lib/python3.12/site-packages/airflow/example_dags/tutorial_objectstorage.py took 0.049 seconds
[2024-10-28T13:36:47.320+0000] {processor.py:186} INFO - Started process (PID=1550) to work on /home/airflow/.local/lib/python3.12/site-packages/airflow/example_dags/tutorial_objectstorage.py
[2024-10-28T13:36:47.321+0000] {processor.py:914} INFO - Processing file /home/airflow/.local/lib/python3.12/site-packages/airflow/example_dags/tutorial_objectstorage.py for tasks to queue
[2024-10-28T13:36:47.322+0000] {logging_mixin.py:190} INFO - [2024-10-28T13:36:47.322+0000] {dagbag.py:588} INFO - Filling up the DagBag from /home/airflow/.local/lib/python3.12/site-packages/airflow/example_dags/tutorial_objectstorage.py
[2024-10-28T13:36:47.329+0000] {processor.py:925} INFO - DAG(s) 'tutorial_objectstorage' retrieved from /home/airflow/.local/lib/python3.12/site-packages/airflow/example_dags/tutorial_objectstorage.py
[2024-10-28T13:36:47.342+0000] {logging_mixin.py:190} INFO - [2024-10-28T13:36:47.342+0000] {dag.py:3239} INFO - Sync 1 DAGs
[2024-10-28T13:36:47.352+0000] {logging_mixin.py:190} INFO - [2024-10-28T13:36:47.352+0000] {dag.py:4180} INFO - Setting next_dagrun for tutorial_objectstorage to None, run_after=None
[2024-10-28T13:36:47.366+0000] {processor.py:208} INFO - Processing /home/airflow/.local/lib/python3.12/site-packages/airflow/example_dags/tutorial_objectstorage.py took 0.050 seconds
[2024-10-28T13:37:17.974+0000] {processor.py:186} INFO - Started process (PID=1613) to work on /home/airflow/.local/lib/python3.12/site-packages/airflow/example_dags/tutorial_objectstorage.py
[2024-10-28T13:37:17.976+0000] {processor.py:914} INFO - Processing file /home/airflow/.local/lib/python3.12/site-packages/airflow/example_dags/tutorial_objectstorage.py for tasks to queue
[2024-10-28T13:37:17.978+0000] {logging_mixin.py:190} INFO - [2024-10-28T13:37:17.978+0000] {dagbag.py:588} INFO - Filling up the DagBag from /home/airflow/.local/lib/python3.12/site-packages/airflow/example_dags/tutorial_objectstorage.py
[2024-10-28T13:37:17.985+0000] {processor.py:925} INFO - DAG(s) 'tutorial_objectstorage' retrieved from /home/airflow/.local/lib/python3.12/site-packages/airflow/example_dags/tutorial_objectstorage.py
[2024-10-28T13:37:17.999+0000] {logging_mixin.py:190} INFO - [2024-10-28T13:37:17.999+0000] {dag.py:3239} INFO - Sync 1 DAGs
[2024-10-28T13:37:18.009+0000] {logging_mixin.py:190} INFO - [2024-10-28T13:37:18.009+0000] {dag.py:4180} INFO - Setting next_dagrun for tutorial_objectstorage to None, run_after=None
[2024-10-28T13:37:18.026+0000] {processor.py:208} INFO - Processing /home/airflow/.local/lib/python3.12/site-packages/airflow/example_dags/tutorial_objectstorage.py took 0.055 seconds
[2024-10-28T13:37:48.376+0000] {processor.py:186} INFO - Started process (PID=1676) to work on /home/airflow/.local/lib/python3.12/site-packages/airflow/example_dags/tutorial_objectstorage.py
[2024-10-28T13:37:48.377+0000] {processor.py:914} INFO - Processing file /home/airflow/.local/lib/python3.12/site-packages/airflow/example_dags/tutorial_objectstorage.py for tasks to queue
[2024-10-28T13:37:48.379+0000] {logging_mixin.py:190} INFO - [2024-10-28T13:37:48.378+0000] {dagbag.py:588} INFO - Filling up the DagBag from /home/airflow/.local/lib/python3.12/site-packages/airflow/example_dags/tutorial_objectstorage.py
[2024-10-28T13:37:48.385+0000] {processor.py:925} INFO - DAG(s) 'tutorial_objectstorage' retrieved from /home/airflow/.local/lib/python3.12/site-packages/airflow/example_dags/tutorial_objectstorage.py
[2024-10-28T13:37:48.399+0000] {logging_mixin.py:190} INFO - [2024-10-28T13:37:48.399+0000] {dag.py:3239} INFO - Sync 1 DAGs
[2024-10-28T13:37:48.409+0000] {logging_mixin.py:190} INFO - [2024-10-28T13:37:48.409+0000] {dag.py:4180} INFO - Setting next_dagrun for tutorial_objectstorage to None, run_after=None
[2024-10-28T13:37:48.425+0000] {processor.py:208} INFO - Processing /home/airflow/.local/lib/python3.12/site-packages/airflow/example_dags/tutorial_objectstorage.py took 0.054 seconds
[2024-10-28T13:38:18.954+0000] {processor.py:186} INFO - Started process (PID=1739) to work on /home/airflow/.local/lib/python3.12/site-packages/airflow/example_dags/tutorial_objectstorage.py
[2024-10-28T13:38:18.955+0000] {processor.py:914} INFO - Processing file /home/airflow/.local/lib/python3.12/site-packages/airflow/example_dags/tutorial_objectstorage.py for tasks to queue
[2024-10-28T13:38:18.957+0000] {logging_mixin.py:190} INFO - [2024-10-28T13:38:18.957+0000] {dagbag.py:588} INFO - Filling up the DagBag from /home/airflow/.local/lib/python3.12/site-packages/airflow/example_dags/tutorial_objectstorage.py
[2024-10-28T13:38:18.964+0000] {processor.py:925} INFO - DAG(s) 'tutorial_objectstorage' retrieved from /home/airflow/.local/lib/python3.12/site-packages/airflow/example_dags/tutorial_objectstorage.py
[2024-10-28T13:38:18.976+0000] {logging_mixin.py:190} INFO - [2024-10-28T13:38:18.976+0000] {dag.py:3239} INFO - Sync 1 DAGs
[2024-10-28T13:38:18.987+0000] {logging_mixin.py:190} INFO - [2024-10-28T13:38:18.987+0000] {dag.py:4180} INFO - Setting next_dagrun for tutorial_objectstorage to None, run_after=None
[2024-10-28T13:38:19.001+0000] {processor.py:208} INFO - Processing /home/airflow/.local/lib/python3.12/site-packages/airflow/example_dags/tutorial_objectstorage.py took 0.051 seconds
[2024-10-28T13:38:49.523+0000] {processor.py:186} INFO - Started process (PID=1802) to work on /home/airflow/.local/lib/python3.12/site-packages/airflow/example_dags/tutorial_objectstorage.py
[2024-10-28T13:38:49.524+0000] {processor.py:914} INFO - Processing file /home/airflow/.local/lib/python3.12/site-packages/airflow/example_dags/tutorial_objectstorage.py for tasks to queue
[2024-10-28T13:38:49.526+0000] {logging_mixin.py:190} INFO - [2024-10-28T13:38:49.525+0000] {dagbag.py:588} INFO - Filling up the DagBag from /home/airflow/.local/lib/python3.12/site-packages/airflow/example_dags/tutorial_objectstorage.py
[2024-10-28T13:38:49.532+0000] {processor.py:925} INFO - DAG(s) 'tutorial_objectstorage' retrieved from /home/airflow/.local/lib/python3.12/site-packages/airflow/example_dags/tutorial_objectstorage.py
[2024-10-28T13:38:49.548+0000] {logging_mixin.py:190} INFO - [2024-10-28T13:38:49.547+0000] {dag.py:3239} INFO - Sync 1 DAGs
[2024-10-28T13:38:49.559+0000] {logging_mixin.py:190} INFO - [2024-10-28T13:38:49.559+0000] {dag.py:4180} INFO - Setting next_dagrun for tutorial_objectstorage to None, run_after=None
[2024-10-28T13:38:49.581+0000] {processor.py:208} INFO - Processing /home/airflow/.local/lib/python3.12/site-packages/airflow/example_dags/tutorial_objectstorage.py took 0.062 seconds
[2024-10-28T13:39:20.037+0000] {processor.py:186} INFO - Started process (PID=1865) to work on /home/airflow/.local/lib/python3.12/site-packages/airflow/example_dags/tutorial_objectstorage.py
[2024-10-28T13:39:20.038+0000] {processor.py:914} INFO - Processing file /home/airflow/.local/lib/python3.12/site-packages/airflow/example_dags/tutorial_objectstorage.py for tasks to queue
[2024-10-28T13:39:20.040+0000] {logging_mixin.py:190} INFO - [2024-10-28T13:39:20.039+0000] {dagbag.py:588} INFO - Filling up the DagBag from /home/airflow/.local/lib/python3.12/site-packages/airflow/example_dags/tutorial_objectstorage.py
[2024-10-28T13:39:20.046+0000] {processor.py:925} INFO - DAG(s) 'tutorial_objectstorage' retrieved from /home/airflow/.local/lib/python3.12/site-packages/airflow/example_dags/tutorial_objectstorage.py
[2024-10-28T13:39:20.060+0000] {logging_mixin.py:190} INFO - [2024-10-28T13:39:20.060+0000] {dag.py:3239} INFO - Sync 1 DAGs
[2024-10-28T13:39:20.070+0000] {logging_mixin.py:190} INFO - [2024-10-28T13:39:20.070+0000] {dag.py:4180} INFO - Setting next_dagrun for tutorial_objectstorage to None, run_after=None
[2024-10-28T13:39:20.089+0000] {processor.py:208} INFO - Processing /home/airflow/.local/lib/python3.12/site-packages/airflow/example_dags/tutorial_objectstorage.py took 0.057 seconds
[2024-10-28T13:39:50.937+0000] {processor.py:186} INFO - Started process (PID=1928) to work on /home/airflow/.local/lib/python3.12/site-packages/airflow/example_dags/tutorial_objectstorage.py
[2024-10-28T13:39:50.938+0000] {processor.py:914} INFO - Processing file /home/airflow/.local/lib/python3.12/site-packages/airflow/example_dags/tutorial_objectstorage.py for tasks to queue
[2024-10-28T13:39:50.940+0000] {logging_mixin.py:190} INFO - [2024-10-28T13:39:50.940+0000] {dagbag.py:588} INFO - Filling up the DagBag from /home/airflow/.local/lib/python3.12/site-packages/airflow/example_dags/tutorial_objectstorage.py
[2024-10-28T13:39:50.948+0000] {processor.py:925} INFO - DAG(s) 'tutorial_objectstorage' retrieved from /home/airflow/.local/lib/python3.12/site-packages/airflow/example_dags/tutorial_objectstorage.py
[2024-10-28T13:39:50.962+0000] {logging_mixin.py:190} INFO - [2024-10-28T13:39:50.961+0000] {dag.py:3239} INFO - Sync 1 DAGs
[2024-10-28T13:39:50.973+0000] {logging_mixin.py:190} INFO - [2024-10-28T13:39:50.973+0000] {dag.py:4180} INFO - Setting next_dagrun for tutorial_objectstorage to None, run_after=None
[2024-10-28T13:39:50.990+0000] {processor.py:208} INFO - Processing /home/airflow/.local/lib/python3.12/site-packages/airflow/example_dags/tutorial_objectstorage.py took 0.058 seconds
[2024-10-28T13:40:21.290+0000] {processor.py:186} INFO - Started process (PID=1990) to work on /home/airflow/.local/lib/python3.12/site-packages/airflow/example_dags/tutorial_objectstorage.py
[2024-10-28T13:40:21.291+0000] {processor.py:914} INFO - Processing file /home/airflow/.local/lib/python3.12/site-packages/airflow/example_dags/tutorial_objectstorage.py for tasks to queue
[2024-10-28T13:40:21.293+0000] {logging_mixin.py:190} INFO - [2024-10-28T13:40:21.292+0000] {dagbag.py:588} INFO - Filling up the DagBag from /home/airflow/.local/lib/python3.12/site-packages/airflow/example_dags/tutorial_objectstorage.py
[2024-10-28T13:40:21.299+0000] {processor.py:925} INFO - DAG(s) 'tutorial_objectstorage' retrieved from /home/airflow/.local/lib/python3.12/site-packages/airflow/example_dags/tutorial_objectstorage.py
[2024-10-28T13:40:21.313+0000] {logging_mixin.py:190} INFO - [2024-10-28T13:40:21.313+0000] {dag.py:3239} INFO - Sync 1 DAGs
[2024-10-28T13:40:21.323+0000] {logging_mixin.py:190} INFO - [2024-10-28T13:40:21.322+0000] {dag.py:4180} INFO - Setting next_dagrun for tutorial_objectstorage to None, run_after=None
[2024-10-28T13:40:21.337+0000] {processor.py:208} INFO - Processing /home/airflow/.local/lib/python3.12/site-packages/airflow/example_dags/tutorial_objectstorage.py took 0.053 seconds
[2024-10-28T13:40:51.733+0000] {processor.py:186} INFO - Started process (PID=2053) to work on /home/airflow/.local/lib/python3.12/site-packages/airflow/example_dags/tutorial_objectstorage.py
[2024-10-28T13:40:51.734+0000] {processor.py:914} INFO - Processing file /home/airflow/.local/lib/python3.12/site-packages/airflow/example_dags/tutorial_objectstorage.py for tasks to queue
[2024-10-28T13:40:51.737+0000] {logging_mixin.py:190} INFO - [2024-10-28T13:40:51.736+0000] {dagbag.py:588} INFO - Filling up the DagBag from /home/airflow/.local/lib/python3.12/site-packages/airflow/example_dags/tutorial_objectstorage.py
[2024-10-28T13:40:51.744+0000] {processor.py:925} INFO - DAG(s) 'tutorial_objectstorage' retrieved from /home/airflow/.local/lib/python3.12/site-packages/airflow/example_dags/tutorial_objectstorage.py
[2024-10-28T13:40:51.759+0000] {logging_mixin.py:190} INFO - [2024-10-28T13:40:51.758+0000] {dag.py:3239} INFO - Sync 1 DAGs
[2024-10-28T13:40:51.769+0000] {logging_mixin.py:190} INFO - [2024-10-28T13:40:51.769+0000] {dag.py:4180} INFO - Setting next_dagrun for tutorial_objectstorage to None, run_after=None
[2024-10-28T13:40:51.785+0000] {processor.py:208} INFO - Processing /home/airflow/.local/lib/python3.12/site-packages/airflow/example_dags/tutorial_objectstorage.py took 0.057 seconds
[2024-10-28T13:41:21.861+0000] {processor.py:186} INFO - Started process (PID=2115) to work on /home/airflow/.local/lib/python3.12/site-packages/airflow/example_dags/tutorial_objectstorage.py
[2024-10-28T13:41:21.863+0000] {processor.py:914} INFO - Processing file /home/airflow/.local/lib/python3.12/site-packages/airflow/example_dags/tutorial_objectstorage.py for tasks to queue
[2024-10-28T13:41:21.865+0000] {logging_mixin.py:190} INFO - [2024-10-28T13:41:21.865+0000] {dagbag.py:588} INFO - Filling up the DagBag from /home/airflow/.local/lib/python3.12/site-packages/airflow/example_dags/tutorial_objectstorage.py
[2024-10-28T13:41:21.874+0000] {processor.py:925} INFO - DAG(s) 'tutorial_objectstorage' retrieved from /home/airflow/.local/lib/python3.12/site-packages/airflow/example_dags/tutorial_objectstorage.py
[2024-10-28T13:41:21.892+0000] {logging_mixin.py:190} INFO - [2024-10-28T13:41:21.892+0000] {dag.py:3239} INFO - Sync 1 DAGs
[2024-10-28T13:41:21.909+0000] {logging_mixin.py:190} INFO - [2024-10-28T13:41:21.908+0000] {dag.py:4180} INFO - Setting next_dagrun for tutorial_objectstorage to None, run_after=None
[2024-10-28T13:41:21.931+0000] {processor.py:208} INFO - Processing /home/airflow/.local/lib/python3.12/site-packages/airflow/example_dags/tutorial_objectstorage.py took 0.075 seconds
[2024-10-28T13:41:52.709+0000] {processor.py:186} INFO - Started process (PID=2179) to work on /home/airflow/.local/lib/python3.12/site-packages/airflow/example_dags/tutorial_objectstorage.py
[2024-10-28T13:41:52.710+0000] {processor.py:914} INFO - Processing file /home/airflow/.local/lib/python3.12/site-packages/airflow/example_dags/tutorial_objectstorage.py for tasks to queue
[2024-10-28T13:41:52.712+0000] {logging_mixin.py:190} INFO - [2024-10-28T13:41:52.712+0000] {dagbag.py:588} INFO - Filling up the DagBag from /home/airflow/.local/lib/python3.12/site-packages/airflow/example_dags/tutorial_objectstorage.py
[2024-10-28T13:41:52.719+0000] {processor.py:925} INFO - DAG(s) 'tutorial_objectstorage' retrieved from /home/airflow/.local/lib/python3.12/site-packages/airflow/example_dags/tutorial_objectstorage.py
[2024-10-28T13:41:52.734+0000] {logging_mixin.py:190} INFO - [2024-10-28T13:41:52.734+0000] {dag.py:3239} INFO - Sync 1 DAGs
[2024-10-28T13:41:52.745+0000] {logging_mixin.py:190} INFO - [2024-10-28T13:41:52.744+0000] {dag.py:4180} INFO - Setting next_dagrun for tutorial_objectstorage to None, run_after=None
[2024-10-28T13:41:52.761+0000] {processor.py:208} INFO - Processing /home/airflow/.local/lib/python3.12/site-packages/airflow/example_dags/tutorial_objectstorage.py took 0.056 seconds
[2024-10-28T13:42:23.765+0000] {processor.py:186} INFO - Started process (PID=2243) to work on /home/airflow/.local/lib/python3.12/site-packages/airflow/example_dags/tutorial_objectstorage.py
[2024-10-28T13:42:23.766+0000] {processor.py:914} INFO - Processing file /home/airflow/.local/lib/python3.12/site-packages/airflow/example_dags/tutorial_objectstorage.py for tasks to queue
[2024-10-28T13:42:23.767+0000] {logging_mixin.py:190} INFO - [2024-10-28T13:42:23.767+0000] {dagbag.py:588} INFO - Filling up the DagBag from /home/airflow/.local/lib/python3.12/site-packages/airflow/example_dags/tutorial_objectstorage.py
[2024-10-28T13:42:23.775+0000] {processor.py:925} INFO - DAG(s) 'tutorial_objectstorage' retrieved from /home/airflow/.local/lib/python3.12/site-packages/airflow/example_dags/tutorial_objectstorage.py
[2024-10-28T13:42:23.788+0000] {logging_mixin.py:190} INFO - [2024-10-28T13:42:23.788+0000] {dag.py:3239} INFO - Sync 1 DAGs
[2024-10-28T13:42:23.799+0000] {logging_mixin.py:190} INFO - [2024-10-28T13:42:23.798+0000] {dag.py:4180} INFO - Setting next_dagrun for tutorial_objectstorage to None, run_after=None
[2024-10-28T13:42:23.812+0000] {processor.py:208} INFO - Processing /home/airflow/.local/lib/python3.12/site-packages/airflow/example_dags/tutorial_objectstorage.py took 0.052 seconds
[2024-10-28T13:42:54.789+0000] {processor.py:186} INFO - Started process (PID=2305) to work on /home/airflow/.local/lib/python3.12/site-packages/airflow/example_dags/tutorial_objectstorage.py
[2024-10-28T13:42:54.790+0000] {processor.py:914} INFO - Processing file /home/airflow/.local/lib/python3.12/site-packages/airflow/example_dags/tutorial_objectstorage.py for tasks to queue
[2024-10-28T13:42:54.792+0000] {logging_mixin.py:190} INFO - [2024-10-28T13:42:54.792+0000] {dagbag.py:588} INFO - Filling up the DagBag from /home/airflow/.local/lib/python3.12/site-packages/airflow/example_dags/tutorial_objectstorage.py
[2024-10-28T13:42:54.801+0000] {processor.py:925} INFO - DAG(s) 'tutorial_objectstorage' retrieved from /home/airflow/.local/lib/python3.12/site-packages/airflow/example_dags/tutorial_objectstorage.py
[2024-10-28T13:42:54.817+0000] {logging_mixin.py:190} INFO - [2024-10-28T13:42:54.817+0000] {dag.py:3239} INFO - Sync 1 DAGs
[2024-10-28T13:42:54.831+0000] {logging_mixin.py:190} INFO - [2024-10-28T13:42:54.831+0000] {dag.py:4180} INFO - Setting next_dagrun for tutorial_objectstorage to None, run_after=None
[2024-10-28T13:42:54.851+0000] {processor.py:208} INFO - Processing /home/airflow/.local/lib/python3.12/site-packages/airflow/example_dags/tutorial_objectstorage.py took 0.067 seconds
[2024-10-28T13:43:25.484+0000] {processor.py:186} INFO - Started process (PID=2367) to work on /home/airflow/.local/lib/python3.12/site-packages/airflow/example_dags/tutorial_objectstorage.py
[2024-10-28T13:43:25.485+0000] {processor.py:914} INFO - Processing file /home/airflow/.local/lib/python3.12/site-packages/airflow/example_dags/tutorial_objectstorage.py for tasks to queue
[2024-10-28T13:43:25.486+0000] {logging_mixin.py:190} INFO - [2024-10-28T13:43:25.486+0000] {dagbag.py:588} INFO - Filling up the DagBag from /home/airflow/.local/lib/python3.12/site-packages/airflow/example_dags/tutorial_objectstorage.py
[2024-10-28T13:43:25.495+0000] {processor.py:925} INFO - DAG(s) 'tutorial_objectstorage' retrieved from /home/airflow/.local/lib/python3.12/site-packages/airflow/example_dags/tutorial_objectstorage.py
[2024-10-28T13:43:25.509+0000] {logging_mixin.py:190} INFO - [2024-10-28T13:43:25.508+0000] {dag.py:3239} INFO - Sync 1 DAGs
[2024-10-28T13:43:25.519+0000] {logging_mixin.py:190} INFO - [2024-10-28T13:43:25.519+0000] {dag.py:4180} INFO - Setting next_dagrun for tutorial_objectstorage to None, run_after=None
[2024-10-28T13:43:25.533+0000] {processor.py:208} INFO - Processing /home/airflow/.local/lib/python3.12/site-packages/airflow/example_dags/tutorial_objectstorage.py took 0.055 seconds
[2024-10-28T13:43:55.911+0000] {processor.py:186} INFO - Started process (PID=2428) to work on /home/airflow/.local/lib/python3.12/site-packages/airflow/example_dags/tutorial_objectstorage.py
[2024-10-28T13:43:55.913+0000] {processor.py:914} INFO - Processing file /home/airflow/.local/lib/python3.12/site-packages/airflow/example_dags/tutorial_objectstorage.py for tasks to queue
[2024-10-28T13:43:55.914+0000] {logging_mixin.py:190} INFO - [2024-10-28T13:43:55.913+0000] {dagbag.py:588} INFO - Filling up the DagBag from /home/airflow/.local/lib/python3.12/site-packages/airflow/example_dags/tutorial_objectstorage.py
[2024-10-28T13:43:55.921+0000] {processor.py:925} INFO - DAG(s) 'tutorial_objectstorage' retrieved from /home/airflow/.local/lib/python3.12/site-packages/airflow/example_dags/tutorial_objectstorage.py
[2024-10-28T13:43:55.940+0000] {logging_mixin.py:190} INFO - [2024-10-28T13:43:55.940+0000] {dag.py:3239} INFO - Sync 1 DAGs
[2024-10-28T13:43:55.952+0000] {logging_mixin.py:190} INFO - [2024-10-28T13:43:55.952+0000] {dag.py:4180} INFO - Setting next_dagrun for tutorial_objectstorage to None, run_after=None
[2024-10-28T13:43:55.969+0000] {processor.py:208} INFO - Processing /home/airflow/.local/lib/python3.12/site-packages/airflow/example_dags/tutorial_objectstorage.py took 0.063 seconds
