[2024-10-28T13:21:17.079+0000] {processor.py:186} INFO - Started process (PID=86) to work on /home/airflow/.local/lib/python3.12/site-packages/airflow/example_dags/tutorial.py
[2024-10-28T13:21:17.080+0000] {processor.py:914} INFO - Processing file /home/airflow/.local/lib/python3.12/site-packages/airflow/example_dags/tutorial.py for tasks to queue
[2024-10-28T13:21:17.082+0000] {logging_mixin.py:190} INFO - [2024-10-28T13:21:17.082+0000] {dagbag.py:588} INFO - Filling up the DagBag from /home/airflow/.local/lib/python3.12/site-packages/airflow/example_dags/tutorial.py
[2024-10-28T13:21:17.088+0000] {processor.py:925} INFO - DAG(s) 'tutorial' retrieved from /home/airflow/.local/lib/python3.12/site-packages/airflow/example_dags/tutorial.py
[2024-10-28T13:21:17.174+0000] {logging_mixin.py:190} INFO - [2024-10-28T13:21:17.173+0000] {override.py:1900} INFO - Created Permission View: can delete on DAG:tutorial
[2024-10-28T13:21:17.188+0000] {logging_mixin.py:190} INFO - [2024-10-28T13:21:17.188+0000] {override.py:1900} INFO - Created Permission View: can edit on DAG:tutorial
[2024-10-28T13:21:17.195+0000] {logging_mixin.py:190} INFO - [2024-10-28T13:21:17.195+0000] {override.py:1900} INFO - Created Permission View: can read on DAG:tutorial
[2024-10-28T13:21:17.211+0000] {logging_mixin.py:190} INFO - [2024-10-28T13:21:17.211+0000] {override.py:1900} INFO - Created Permission View: can create on DAG Run:tutorial
[2024-10-28T13:21:17.219+0000] {logging_mixin.py:190} INFO - [2024-10-28T13:21:17.218+0000] {override.py:1900} INFO - Created Permission View: menu access on DAG Run:tutorial
[2024-10-28T13:21:17.226+0000] {logging_mixin.py:190} INFO - [2024-10-28T13:21:17.225+0000] {override.py:1900} INFO - Created Permission View: can read on DAG Run:tutorial
[2024-10-28T13:21:17.233+0000] {logging_mixin.py:190} INFO - [2024-10-28T13:21:17.233+0000] {override.py:1900} INFO - Created Permission View: can delete on DAG Run:tutorial
[2024-10-28T13:21:17.234+0000] {logging_mixin.py:190} INFO - [2024-10-28T13:21:17.234+0000] {dag.py:3239} INFO - Sync 1 DAGs
[2024-10-28T13:21:17.245+0000] {logging_mixin.py:190} INFO - [2024-10-28T13:21:17.245+0000] {dag.py:3262} INFO - Creating ORM DAG for tutorial
[2024-10-28T13:21:17.254+0000] {logging_mixin.py:190} INFO - [2024-10-28T13:21:17.253+0000] {dag.py:4180} INFO - Setting next_dagrun for tutorial to 2024-10-27 00:00:00+00:00, run_after=2024-10-28 00:00:00+00:00
[2024-10-28T13:21:17.272+0000] {processor.py:208} INFO - Processing /home/airflow/.local/lib/python3.12/site-packages/airflow/example_dags/tutorial.py took 0.198 seconds
[2024-10-28T13:21:47.530+0000] {processor.py:186} INFO - Started process (PID=149) to work on /home/airflow/.local/lib/python3.12/site-packages/airflow/example_dags/tutorial.py
[2024-10-28T13:21:47.531+0000] {processor.py:914} INFO - Processing file /home/airflow/.local/lib/python3.12/site-packages/airflow/example_dags/tutorial.py for tasks to queue
[2024-10-28T13:21:47.533+0000] {logging_mixin.py:190} INFO - [2024-10-28T13:21:47.533+0000] {dagbag.py:588} INFO - Filling up the DagBag from /home/airflow/.local/lib/python3.12/site-packages/airflow/example_dags/tutorial.py
[2024-10-28T13:21:47.538+0000] {processor.py:925} INFO - DAG(s) 'tutorial' retrieved from /home/airflow/.local/lib/python3.12/site-packages/airflow/example_dags/tutorial.py
[2024-10-28T13:21:47.552+0000] {logging_mixin.py:190} INFO - [2024-10-28T13:21:47.552+0000] {dag.py:3239} INFO - Sync 1 DAGs
[2024-10-28T13:21:47.568+0000] {logging_mixin.py:190} INFO - [2024-10-28T13:21:47.568+0000] {dag.py:4180} INFO - Setting next_dagrun for tutorial to 2024-10-27 00:00:00+00:00, run_after=2024-10-28 00:00:00+00:00
[2024-10-28T13:21:47.584+0000] {processor.py:208} INFO - Processing /home/airflow/.local/lib/python3.12/site-packages/airflow/example_dags/tutorial.py took 0.057 seconds
[2024-10-28T13:25:00.510+0000] {processor.py:186} INFO - Started process (PID=80) to work on /home/airflow/.local/lib/python3.12/site-packages/airflow/example_dags/tutorial.py
[2024-10-28T13:25:00.512+0000] {processor.py:914} INFO - Processing file /home/airflow/.local/lib/python3.12/site-packages/airflow/example_dags/tutorial.py for tasks to queue
[2024-10-28T13:25:00.515+0000] {logging_mixin.py:190} INFO - [2024-10-28T13:25:00.514+0000] {dagbag.py:588} INFO - Filling up the DagBag from /home/airflow/.local/lib/python3.12/site-packages/airflow/example_dags/tutorial.py
[2024-10-28T13:25:00.522+0000] {processor.py:925} INFO - DAG(s) 'tutorial' retrieved from /home/airflow/.local/lib/python3.12/site-packages/airflow/example_dags/tutorial.py
[2024-10-28T13:25:00.542+0000] {logging_mixin.py:190} INFO - [2024-10-28T13:25:00.542+0000] {dag.py:3239} INFO - Sync 1 DAGs
[2024-10-28T13:25:00.562+0000] {logging_mixin.py:190} INFO - [2024-10-28T13:25:00.561+0000] {dag.py:4180} INFO - Setting next_dagrun for tutorial to 2024-10-27 00:00:00+00:00, run_after=2024-10-28 00:00:00+00:00
[2024-10-28T13:25:00.580+0000] {processor.py:208} INFO - Processing /home/airflow/.local/lib/python3.12/site-packages/airflow/example_dags/tutorial.py took 0.074 seconds
[2024-10-28T13:25:31.530+0000] {processor.py:186} INFO - Started process (PID=142) to work on /home/airflow/.local/lib/python3.12/site-packages/airflow/example_dags/tutorial.py
[2024-10-28T13:25:31.531+0000] {processor.py:914} INFO - Processing file /home/airflow/.local/lib/python3.12/site-packages/airflow/example_dags/tutorial.py for tasks to queue
[2024-10-28T13:25:31.533+0000] {logging_mixin.py:190} INFO - [2024-10-28T13:25:31.533+0000] {dagbag.py:588} INFO - Filling up the DagBag from /home/airflow/.local/lib/python3.12/site-packages/airflow/example_dags/tutorial.py
[2024-10-28T13:25:31.540+0000] {processor.py:925} INFO - DAG(s) 'tutorial' retrieved from /home/airflow/.local/lib/python3.12/site-packages/airflow/example_dags/tutorial.py
[2024-10-28T13:25:31.555+0000] {logging_mixin.py:190} INFO - [2024-10-28T13:25:31.554+0000] {dag.py:3239} INFO - Sync 1 DAGs
[2024-10-28T13:25:31.572+0000] {logging_mixin.py:190} INFO - [2024-10-28T13:25:31.572+0000] {dag.py:4180} INFO - Setting next_dagrun for tutorial to 2024-10-27 00:00:00+00:00, run_after=2024-10-28 00:00:00+00:00
[2024-10-28T13:25:31.590+0000] {processor.py:208} INFO - Processing /home/airflow/.local/lib/python3.12/site-packages/airflow/example_dags/tutorial.py took 0.065 seconds
[2024-10-28T13:26:02.505+0000] {processor.py:186} INFO - Started process (PID=211) to work on /home/airflow/.local/lib/python3.12/site-packages/airflow/example_dags/tutorial.py
[2024-10-28T13:26:02.507+0000] {processor.py:914} INFO - Processing file /home/airflow/.local/lib/python3.12/site-packages/airflow/example_dags/tutorial.py for tasks to queue
[2024-10-28T13:26:02.510+0000] {logging_mixin.py:190} INFO - [2024-10-28T13:26:02.509+0000] {dagbag.py:588} INFO - Filling up the DagBag from /home/airflow/.local/lib/python3.12/site-packages/airflow/example_dags/tutorial.py
[2024-10-28T13:26:02.516+0000] {processor.py:925} INFO - DAG(s) 'tutorial' retrieved from /home/airflow/.local/lib/python3.12/site-packages/airflow/example_dags/tutorial.py
[2024-10-28T13:26:02.531+0000] {logging_mixin.py:190} INFO - [2024-10-28T13:26:02.530+0000] {dag.py:3239} INFO - Sync 1 DAGs
[2024-10-28T13:26:02.546+0000] {logging_mixin.py:190} INFO - [2024-10-28T13:26:02.546+0000] {dag.py:4180} INFO - Setting next_dagrun for tutorial to 2024-10-27 00:00:00+00:00, run_after=2024-10-28 00:00:00+00:00
[2024-10-28T13:26:02.561+0000] {processor.py:208} INFO - Processing /home/airflow/.local/lib/python3.12/site-packages/airflow/example_dags/tutorial.py took 0.060 seconds
[2024-10-28T13:26:32.910+0000] {processor.py:186} INFO - Started process (PID=274) to work on /home/airflow/.local/lib/python3.12/site-packages/airflow/example_dags/tutorial.py
[2024-10-28T13:26:32.911+0000] {processor.py:914} INFO - Processing file /home/airflow/.local/lib/python3.12/site-packages/airflow/example_dags/tutorial.py for tasks to queue
[2024-10-28T13:26:32.914+0000] {logging_mixin.py:190} INFO - [2024-10-28T13:26:32.914+0000] {dagbag.py:588} INFO - Filling up the DagBag from /home/airflow/.local/lib/python3.12/site-packages/airflow/example_dags/tutorial.py
[2024-10-28T13:26:32.920+0000] {processor.py:925} INFO - DAG(s) 'tutorial' retrieved from /home/airflow/.local/lib/python3.12/site-packages/airflow/example_dags/tutorial.py
[2024-10-28T13:26:32.936+0000] {logging_mixin.py:190} INFO - [2024-10-28T13:26:32.936+0000] {dag.py:3239} INFO - Sync 1 DAGs
[2024-10-28T13:26:32.953+0000] {logging_mixin.py:190} INFO - [2024-10-28T13:26:32.953+0000] {dag.py:4180} INFO - Setting next_dagrun for tutorial to 2024-10-27 00:00:00+00:00, run_after=2024-10-28 00:00:00+00:00
[2024-10-28T13:26:32.969+0000] {processor.py:208} INFO - Processing /home/airflow/.local/lib/python3.12/site-packages/airflow/example_dags/tutorial.py took 0.063 seconds
[2024-10-28T13:27:03.133+0000] {processor.py:186} INFO - Started process (PID=337) to work on /home/airflow/.local/lib/python3.12/site-packages/airflow/example_dags/tutorial.py
[2024-10-28T13:27:03.134+0000] {processor.py:914} INFO - Processing file /home/airflow/.local/lib/python3.12/site-packages/airflow/example_dags/tutorial.py for tasks to queue
[2024-10-28T13:27:03.136+0000] {logging_mixin.py:190} INFO - [2024-10-28T13:27:03.135+0000] {dagbag.py:588} INFO - Filling up the DagBag from /home/airflow/.local/lib/python3.12/site-packages/airflow/example_dags/tutorial.py
[2024-10-28T13:27:03.142+0000] {processor.py:925} INFO - DAG(s) 'tutorial' retrieved from /home/airflow/.local/lib/python3.12/site-packages/airflow/example_dags/tutorial.py
[2024-10-28T13:27:03.156+0000] {logging_mixin.py:190} INFO - [2024-10-28T13:27:03.156+0000] {dag.py:3239} INFO - Sync 1 DAGs
[2024-10-28T13:27:03.172+0000] {logging_mixin.py:190} INFO - [2024-10-28T13:27:03.171+0000] {dag.py:4180} INFO - Setting next_dagrun for tutorial to 2024-10-27 00:00:00+00:00, run_after=2024-10-28 00:00:00+00:00
[2024-10-28T13:27:03.186+0000] {processor.py:208} INFO - Processing /home/airflow/.local/lib/python3.12/site-packages/airflow/example_dags/tutorial.py took 0.057 seconds
[2024-10-28T13:27:33.824+0000] {processor.py:186} INFO - Started process (PID=400) to work on /home/airflow/.local/lib/python3.12/site-packages/airflow/example_dags/tutorial.py
[2024-10-28T13:27:33.825+0000] {processor.py:914} INFO - Processing file /home/airflow/.local/lib/python3.12/site-packages/airflow/example_dags/tutorial.py for tasks to queue
[2024-10-28T13:27:33.827+0000] {logging_mixin.py:190} INFO - [2024-10-28T13:27:33.827+0000] {dagbag.py:588} INFO - Filling up the DagBag from /home/airflow/.local/lib/python3.12/site-packages/airflow/example_dags/tutorial.py
[2024-10-28T13:27:33.834+0000] {processor.py:925} INFO - DAG(s) 'tutorial' retrieved from /home/airflow/.local/lib/python3.12/site-packages/airflow/example_dags/tutorial.py
[2024-10-28T13:27:33.849+0000] {logging_mixin.py:190} INFO - [2024-10-28T13:27:33.849+0000] {dag.py:3239} INFO - Sync 1 DAGs
[2024-10-28T13:27:33.867+0000] {logging_mixin.py:190} INFO - [2024-10-28T13:27:33.867+0000] {dag.py:4180} INFO - Setting next_dagrun for tutorial to 2024-10-27 00:00:00+00:00, run_after=2024-10-28 00:00:00+00:00
[2024-10-28T13:27:33.882+0000] {processor.py:208} INFO - Processing /home/airflow/.local/lib/python3.12/site-packages/airflow/example_dags/tutorial.py took 0.062 seconds
[2024-10-28T13:28:04.259+0000] {processor.py:186} INFO - Started process (PID=463) to work on /home/airflow/.local/lib/python3.12/site-packages/airflow/example_dags/tutorial.py
[2024-10-28T13:28:04.260+0000] {processor.py:914} INFO - Processing file /home/airflow/.local/lib/python3.12/site-packages/airflow/example_dags/tutorial.py for tasks to queue
[2024-10-28T13:28:04.262+0000] {logging_mixin.py:190} INFO - [2024-10-28T13:28:04.262+0000] {dagbag.py:588} INFO - Filling up the DagBag from /home/airflow/.local/lib/python3.12/site-packages/airflow/example_dags/tutorial.py
[2024-10-28T13:28:04.268+0000] {processor.py:925} INFO - DAG(s) 'tutorial' retrieved from /home/airflow/.local/lib/python3.12/site-packages/airflow/example_dags/tutorial.py
[2024-10-28T13:28:04.281+0000] {logging_mixin.py:190} INFO - [2024-10-28T13:28:04.281+0000] {dag.py:3239} INFO - Sync 1 DAGs
[2024-10-28T13:28:04.298+0000] {logging_mixin.py:190} INFO - [2024-10-28T13:28:04.298+0000] {dag.py:4180} INFO - Setting next_dagrun for tutorial to 2024-10-27 00:00:00+00:00, run_after=2024-10-28 00:00:00+00:00
[2024-10-28T13:28:04.313+0000] {processor.py:208} INFO - Processing /home/airflow/.local/lib/python3.12/site-packages/airflow/example_dags/tutorial.py took 0.058 seconds
[2024-10-28T13:28:34.709+0000] {processor.py:186} INFO - Started process (PID=526) to work on /home/airflow/.local/lib/python3.12/site-packages/airflow/example_dags/tutorial.py
[2024-10-28T13:28:34.710+0000] {processor.py:914} INFO - Processing file /home/airflow/.local/lib/python3.12/site-packages/airflow/example_dags/tutorial.py for tasks to queue
[2024-10-28T13:28:34.712+0000] {logging_mixin.py:190} INFO - [2024-10-28T13:28:34.712+0000] {dagbag.py:588} INFO - Filling up the DagBag from /home/airflow/.local/lib/python3.12/site-packages/airflow/example_dags/tutorial.py
[2024-10-28T13:28:34.718+0000] {processor.py:925} INFO - DAG(s) 'tutorial' retrieved from /home/airflow/.local/lib/python3.12/site-packages/airflow/example_dags/tutorial.py
[2024-10-28T13:28:34.733+0000] {logging_mixin.py:190} INFO - [2024-10-28T13:28:34.733+0000] {dag.py:3239} INFO - Sync 1 DAGs
[2024-10-28T13:28:34.750+0000] {logging_mixin.py:190} INFO - [2024-10-28T13:28:34.750+0000] {dag.py:4180} INFO - Setting next_dagrun for tutorial to 2024-10-27 00:00:00+00:00, run_after=2024-10-28 00:00:00+00:00
[2024-10-28T13:28:34.764+0000] {processor.py:208} INFO - Processing /home/airflow/.local/lib/python3.12/site-packages/airflow/example_dags/tutorial.py took 0.059 seconds
[2024-10-28T13:29:05.480+0000] {processor.py:186} INFO - Started process (PID=589) to work on /home/airflow/.local/lib/python3.12/site-packages/airflow/example_dags/tutorial.py
[2024-10-28T13:29:05.482+0000] {processor.py:914} INFO - Processing file /home/airflow/.local/lib/python3.12/site-packages/airflow/example_dags/tutorial.py for tasks to queue
[2024-10-28T13:29:05.492+0000] {logging_mixin.py:190} INFO - [2024-10-28T13:29:05.492+0000] {dagbag.py:588} INFO - Filling up the DagBag from /home/airflow/.local/lib/python3.12/site-packages/airflow/example_dags/tutorial.py
[2024-10-28T13:29:05.503+0000] {processor.py:925} INFO - DAG(s) 'tutorial' retrieved from /home/airflow/.local/lib/python3.12/site-packages/airflow/example_dags/tutorial.py
[2024-10-28T13:29:05.541+0000] {logging_mixin.py:190} INFO - [2024-10-28T13:29:05.540+0000] {dag.py:3239} INFO - Sync 1 DAGs
[2024-10-28T13:29:05.557+0000] {logging_mixin.py:190} INFO - [2024-10-28T13:29:05.557+0000] {dag.py:4180} INFO - Setting next_dagrun for tutorial to 2024-10-27 00:00:00+00:00, run_after=2024-10-28 00:00:00+00:00
[2024-10-28T13:29:05.571+0000] {processor.py:208} INFO - Processing /home/airflow/.local/lib/python3.12/site-packages/airflow/example_dags/tutorial.py took 0.098 seconds
[2024-10-28T13:29:35.735+0000] {processor.py:186} INFO - Started process (PID=652) to work on /home/airflow/.local/lib/python3.12/site-packages/airflow/example_dags/tutorial.py
[2024-10-28T13:29:35.737+0000] {processor.py:914} INFO - Processing file /home/airflow/.local/lib/python3.12/site-packages/airflow/example_dags/tutorial.py for tasks to queue
[2024-10-28T13:29:35.739+0000] {logging_mixin.py:190} INFO - [2024-10-28T13:29:35.738+0000] {dagbag.py:588} INFO - Filling up the DagBag from /home/airflow/.local/lib/python3.12/site-packages/airflow/example_dags/tutorial.py
[2024-10-28T13:29:35.745+0000] {processor.py:925} INFO - DAG(s) 'tutorial' retrieved from /home/airflow/.local/lib/python3.12/site-packages/airflow/example_dags/tutorial.py
[2024-10-28T13:29:35.760+0000] {logging_mixin.py:190} INFO - [2024-10-28T13:29:35.760+0000] {dag.py:3239} INFO - Sync 1 DAGs
[2024-10-28T13:29:35.776+0000] {logging_mixin.py:190} INFO - [2024-10-28T13:29:35.775+0000] {dag.py:4180} INFO - Setting next_dagrun for tutorial to 2024-10-27 00:00:00+00:00, run_after=2024-10-28 00:00:00+00:00
[2024-10-28T13:29:35.791+0000] {processor.py:208} INFO - Processing /home/airflow/.local/lib/python3.12/site-packages/airflow/example_dags/tutorial.py took 0.060 seconds
[2024-10-28T13:30:06.545+0000] {processor.py:186} INFO - Started process (PID=715) to work on /home/airflow/.local/lib/python3.12/site-packages/airflow/example_dags/tutorial.py
[2024-10-28T13:30:06.546+0000] {processor.py:914} INFO - Processing file /home/airflow/.local/lib/python3.12/site-packages/airflow/example_dags/tutorial.py for tasks to queue
[2024-10-28T13:30:06.548+0000] {logging_mixin.py:190} INFO - [2024-10-28T13:30:06.548+0000] {dagbag.py:588} INFO - Filling up the DagBag from /home/airflow/.local/lib/python3.12/site-packages/airflow/example_dags/tutorial.py
[2024-10-28T13:30:06.554+0000] {processor.py:925} INFO - DAG(s) 'tutorial' retrieved from /home/airflow/.local/lib/python3.12/site-packages/airflow/example_dags/tutorial.py
[2024-10-28T13:30:06.568+0000] {logging_mixin.py:190} INFO - [2024-10-28T13:30:06.568+0000] {dag.py:3239} INFO - Sync 1 DAGs
[2024-10-28T13:30:06.584+0000] {logging_mixin.py:190} INFO - [2024-10-28T13:30:06.584+0000] {dag.py:4180} INFO - Setting next_dagrun for tutorial to 2024-10-27 00:00:00+00:00, run_after=2024-10-28 00:00:00+00:00
[2024-10-28T13:30:06.599+0000] {processor.py:208} INFO - Processing /home/airflow/.local/lib/python3.12/site-packages/airflow/example_dags/tutorial.py took 0.060 seconds
[2024-10-28T13:30:37.616+0000] {processor.py:186} INFO - Started process (PID=778) to work on /home/airflow/.local/lib/python3.12/site-packages/airflow/example_dags/tutorial.py
[2024-10-28T13:30:37.617+0000] {processor.py:914} INFO - Processing file /home/airflow/.local/lib/python3.12/site-packages/airflow/example_dags/tutorial.py for tasks to queue
[2024-10-28T13:30:37.619+0000] {logging_mixin.py:190} INFO - [2024-10-28T13:30:37.618+0000] {dagbag.py:588} INFO - Filling up the DagBag from /home/airflow/.local/lib/python3.12/site-packages/airflow/example_dags/tutorial.py
[2024-10-28T13:30:37.624+0000] {processor.py:925} INFO - DAG(s) 'tutorial' retrieved from /home/airflow/.local/lib/python3.12/site-packages/airflow/example_dags/tutorial.py
[2024-10-28T13:30:37.639+0000] {logging_mixin.py:190} INFO - [2024-10-28T13:30:37.639+0000] {dag.py:3239} INFO - Sync 1 DAGs
[2024-10-28T13:30:37.655+0000] {logging_mixin.py:190} INFO - [2024-10-28T13:30:37.655+0000] {dag.py:4180} INFO - Setting next_dagrun for tutorial to 2024-10-27 00:00:00+00:00, run_after=2024-10-28 00:00:00+00:00
[2024-10-28T13:30:37.671+0000] {processor.py:208} INFO - Processing /home/airflow/.local/lib/python3.12/site-packages/airflow/example_dags/tutorial.py took 0.059 seconds
[2024-10-28T13:31:08.794+0000] {processor.py:186} INFO - Started process (PID=841) to work on /home/airflow/.local/lib/python3.12/site-packages/airflow/example_dags/tutorial.py
[2024-10-28T13:31:08.795+0000] {processor.py:914} INFO - Processing file /home/airflow/.local/lib/python3.12/site-packages/airflow/example_dags/tutorial.py for tasks to queue
[2024-10-28T13:31:08.797+0000] {logging_mixin.py:190} INFO - [2024-10-28T13:31:08.797+0000] {dagbag.py:588} INFO - Filling up the DagBag from /home/airflow/.local/lib/python3.12/site-packages/airflow/example_dags/tutorial.py
[2024-10-28T13:31:08.804+0000] {processor.py:925} INFO - DAG(s) 'tutorial' retrieved from /home/airflow/.local/lib/python3.12/site-packages/airflow/example_dags/tutorial.py
[2024-10-28T13:31:08.818+0000] {logging_mixin.py:190} INFO - [2024-10-28T13:31:08.818+0000] {dag.py:3239} INFO - Sync 1 DAGs
[2024-10-28T13:31:08.833+0000] {logging_mixin.py:190} INFO - [2024-10-28T13:31:08.833+0000] {dag.py:4180} INFO - Setting next_dagrun for tutorial to 2024-10-27 00:00:00+00:00, run_after=2024-10-28 00:00:00+00:00
[2024-10-28T13:31:08.847+0000] {processor.py:208} INFO - Processing /home/airflow/.local/lib/python3.12/site-packages/airflow/example_dags/tutorial.py took 0.059 seconds
[2024-10-28T13:31:39.471+0000] {processor.py:186} INFO - Started process (PID=904) to work on /home/airflow/.local/lib/python3.12/site-packages/airflow/example_dags/tutorial.py
[2024-10-28T13:31:39.471+0000] {processor.py:914} INFO - Processing file /home/airflow/.local/lib/python3.12/site-packages/airflow/example_dags/tutorial.py for tasks to queue
[2024-10-28T13:31:39.473+0000] {logging_mixin.py:190} INFO - [2024-10-28T13:31:39.473+0000] {dagbag.py:588} INFO - Filling up the DagBag from /home/airflow/.local/lib/python3.12/site-packages/airflow/example_dags/tutorial.py
[2024-10-28T13:31:39.479+0000] {processor.py:925} INFO - DAG(s) 'tutorial' retrieved from /home/airflow/.local/lib/python3.12/site-packages/airflow/example_dags/tutorial.py
[2024-10-28T13:31:39.491+0000] {logging_mixin.py:190} INFO - [2024-10-28T13:31:39.491+0000] {dag.py:3239} INFO - Sync 1 DAGs
[2024-10-28T13:31:39.506+0000] {logging_mixin.py:190} INFO - [2024-10-28T13:31:39.506+0000] {dag.py:4180} INFO - Setting next_dagrun for tutorial to 2024-10-27 00:00:00+00:00, run_after=2024-10-28 00:00:00+00:00
[2024-10-28T13:31:39.521+0000] {processor.py:208} INFO - Processing /home/airflow/.local/lib/python3.12/site-packages/airflow/example_dags/tutorial.py took 0.054 seconds
[2024-10-28T13:32:10.189+0000] {processor.py:186} INFO - Started process (PID=967) to work on /home/airflow/.local/lib/python3.12/site-packages/airflow/example_dags/tutorial.py
[2024-10-28T13:32:10.190+0000] {processor.py:914} INFO - Processing file /home/airflow/.local/lib/python3.12/site-packages/airflow/example_dags/tutorial.py for tasks to queue
[2024-10-28T13:32:10.192+0000] {logging_mixin.py:190} INFO - [2024-10-28T13:32:10.191+0000] {dagbag.py:588} INFO - Filling up the DagBag from /home/airflow/.local/lib/python3.12/site-packages/airflow/example_dags/tutorial.py
[2024-10-28T13:32:10.197+0000] {processor.py:925} INFO - DAG(s) 'tutorial' retrieved from /home/airflow/.local/lib/python3.12/site-packages/airflow/example_dags/tutorial.py
[2024-10-28T13:32:10.212+0000] {logging_mixin.py:190} INFO - [2024-10-28T13:32:10.212+0000] {dag.py:3239} INFO - Sync 1 DAGs
[2024-10-28T13:32:10.227+0000] {logging_mixin.py:190} INFO - [2024-10-28T13:32:10.227+0000] {dag.py:4180} INFO - Setting next_dagrun for tutorial to 2024-10-27 00:00:00+00:00, run_after=2024-10-28 00:00:00+00:00
[2024-10-28T13:32:10.242+0000] {processor.py:208} INFO - Processing /home/airflow/.local/lib/python3.12/site-packages/airflow/example_dags/tutorial.py took 0.057 seconds
[2024-10-28T13:32:40.636+0000] {processor.py:186} INFO - Started process (PID=1030) to work on /home/airflow/.local/lib/python3.12/site-packages/airflow/example_dags/tutorial.py
[2024-10-28T13:32:40.637+0000] {processor.py:914} INFO - Processing file /home/airflow/.local/lib/python3.12/site-packages/airflow/example_dags/tutorial.py for tasks to queue
[2024-10-28T13:32:40.639+0000] {logging_mixin.py:190} INFO - [2024-10-28T13:32:40.639+0000] {dagbag.py:588} INFO - Filling up the DagBag from /home/airflow/.local/lib/python3.12/site-packages/airflow/example_dags/tutorial.py
[2024-10-28T13:32:40.645+0000] {processor.py:925} INFO - DAG(s) 'tutorial' retrieved from /home/airflow/.local/lib/python3.12/site-packages/airflow/example_dags/tutorial.py
[2024-10-28T13:32:40.659+0000] {logging_mixin.py:190} INFO - [2024-10-28T13:32:40.659+0000] {dag.py:3239} INFO - Sync 1 DAGs
[2024-10-28T13:32:40.675+0000] {logging_mixin.py:190} INFO - [2024-10-28T13:32:40.675+0000] {dag.py:4180} INFO - Setting next_dagrun for tutorial to 2024-10-27 00:00:00+00:00, run_after=2024-10-28 00:00:00+00:00
[2024-10-28T13:32:40.689+0000] {processor.py:208} INFO - Processing /home/airflow/.local/lib/python3.12/site-packages/airflow/example_dags/tutorial.py took 0.057 seconds
[2024-10-28T13:33:10.936+0000] {processor.py:186} INFO - Started process (PID=1093) to work on /home/airflow/.local/lib/python3.12/site-packages/airflow/example_dags/tutorial.py
[2024-10-28T13:33:10.937+0000] {processor.py:914} INFO - Processing file /home/airflow/.local/lib/python3.12/site-packages/airflow/example_dags/tutorial.py for tasks to queue
[2024-10-28T13:33:10.939+0000] {logging_mixin.py:190} INFO - [2024-10-28T13:33:10.939+0000] {dagbag.py:588} INFO - Filling up the DagBag from /home/airflow/.local/lib/python3.12/site-packages/airflow/example_dags/tutorial.py
[2024-10-28T13:33:10.945+0000] {processor.py:925} INFO - DAG(s) 'tutorial' retrieved from /home/airflow/.local/lib/python3.12/site-packages/airflow/example_dags/tutorial.py
[2024-10-28T13:33:10.958+0000] {logging_mixin.py:190} INFO - [2024-10-28T13:33:10.958+0000] {dag.py:3239} INFO - Sync 1 DAGs
[2024-10-28T13:33:10.973+0000] {logging_mixin.py:190} INFO - [2024-10-28T13:33:10.973+0000] {dag.py:4180} INFO - Setting next_dagrun for tutorial to 2024-10-27 00:00:00+00:00, run_after=2024-10-28 00:00:00+00:00
[2024-10-28T13:33:10.991+0000] {processor.py:208} INFO - Processing /home/airflow/.local/lib/python3.12/site-packages/airflow/example_dags/tutorial.py took 0.059 seconds
[2024-10-28T13:33:41.618+0000] {processor.py:186} INFO - Started process (PID=1156) to work on /home/airflow/.local/lib/python3.12/site-packages/airflow/example_dags/tutorial.py
[2024-10-28T13:33:41.619+0000] {processor.py:914} INFO - Processing file /home/airflow/.local/lib/python3.12/site-packages/airflow/example_dags/tutorial.py for tasks to queue
[2024-10-28T13:33:41.621+0000] {logging_mixin.py:190} INFO - [2024-10-28T13:33:41.621+0000] {dagbag.py:588} INFO - Filling up the DagBag from /home/airflow/.local/lib/python3.12/site-packages/airflow/example_dags/tutorial.py
[2024-10-28T13:33:41.627+0000] {processor.py:925} INFO - DAG(s) 'tutorial' retrieved from /home/airflow/.local/lib/python3.12/site-packages/airflow/example_dags/tutorial.py
[2024-10-28T13:33:41.640+0000] {logging_mixin.py:190} INFO - [2024-10-28T13:33:41.640+0000] {dag.py:3239} INFO - Sync 1 DAGs
[2024-10-28T13:33:41.655+0000] {logging_mixin.py:190} INFO - [2024-10-28T13:33:41.655+0000] {dag.py:4180} INFO - Setting next_dagrun for tutorial to 2024-10-27 00:00:00+00:00, run_after=2024-10-28 00:00:00+00:00
[2024-10-28T13:33:41.670+0000] {processor.py:208} INFO - Processing /home/airflow/.local/lib/python3.12/site-packages/airflow/example_dags/tutorial.py took 0.056 seconds
[2024-10-28T13:34:12.238+0000] {processor.py:186} INFO - Started process (PID=1219) to work on /home/airflow/.local/lib/python3.12/site-packages/airflow/example_dags/tutorial.py
[2024-10-28T13:34:12.239+0000] {processor.py:914} INFO - Processing file /home/airflow/.local/lib/python3.12/site-packages/airflow/example_dags/tutorial.py for tasks to queue
[2024-10-28T13:34:12.243+0000] {logging_mixin.py:190} INFO - [2024-10-28T13:34:12.242+0000] {dagbag.py:588} INFO - Filling up the DagBag from /home/airflow/.local/lib/python3.12/site-packages/airflow/example_dags/tutorial.py
[2024-10-28T13:34:12.250+0000] {processor.py:925} INFO - DAG(s) 'tutorial' retrieved from /home/airflow/.local/lib/python3.12/site-packages/airflow/example_dags/tutorial.py
[2024-10-28T13:34:12.268+0000] {logging_mixin.py:190} INFO - [2024-10-28T13:34:12.268+0000] {dag.py:3239} INFO - Sync 1 DAGs
[2024-10-28T13:34:12.285+0000] {logging_mixin.py:190} INFO - [2024-10-28T13:34:12.285+0000] {dag.py:4180} INFO - Setting next_dagrun for tutorial to 2024-10-27 00:00:00+00:00, run_after=2024-10-28 00:00:00+00:00
[2024-10-28T13:34:12.301+0000] {processor.py:208} INFO - Processing /home/airflow/.local/lib/python3.12/site-packages/airflow/example_dags/tutorial.py took 0.074 seconds
[2024-10-28T13:34:42.861+0000] {processor.py:186} INFO - Started process (PID=1282) to work on /home/airflow/.local/lib/python3.12/site-packages/airflow/example_dags/tutorial.py
[2024-10-28T13:34:42.862+0000] {processor.py:914} INFO - Processing file /home/airflow/.local/lib/python3.12/site-packages/airflow/example_dags/tutorial.py for tasks to queue
[2024-10-28T13:34:42.866+0000] {logging_mixin.py:190} INFO - [2024-10-28T13:34:42.866+0000] {dagbag.py:588} INFO - Filling up the DagBag from /home/airflow/.local/lib/python3.12/site-packages/airflow/example_dags/tutorial.py
[2024-10-28T13:34:42.873+0000] {processor.py:925} INFO - DAG(s) 'tutorial' retrieved from /home/airflow/.local/lib/python3.12/site-packages/airflow/example_dags/tutorial.py
[2024-10-28T13:34:42.887+0000] {logging_mixin.py:190} INFO - [2024-10-28T13:34:42.887+0000] {dag.py:3239} INFO - Sync 1 DAGs
[2024-10-28T13:34:42.905+0000] {logging_mixin.py:190} INFO - [2024-10-28T13:34:42.905+0000] {dag.py:4180} INFO - Setting next_dagrun for tutorial to 2024-10-27 00:00:00+00:00, run_after=2024-10-28 00:00:00+00:00
[2024-10-28T13:34:42.920+0000] {processor.py:208} INFO - Processing /home/airflow/.local/lib/python3.12/site-packages/airflow/example_dags/tutorial.py took 0.064 seconds
[2024-10-28T13:35:13.772+0000] {processor.py:186} INFO - Started process (PID=1345) to work on /home/airflow/.local/lib/python3.12/site-packages/airflow/example_dags/tutorial.py
[2024-10-28T13:35:13.773+0000] {processor.py:914} INFO - Processing file /home/airflow/.local/lib/python3.12/site-packages/airflow/example_dags/tutorial.py for tasks to queue
[2024-10-28T13:35:13.775+0000] {logging_mixin.py:190} INFO - [2024-10-28T13:35:13.775+0000] {dagbag.py:588} INFO - Filling up the DagBag from /home/airflow/.local/lib/python3.12/site-packages/airflow/example_dags/tutorial.py
[2024-10-28T13:35:13.780+0000] {processor.py:925} INFO - DAG(s) 'tutorial' retrieved from /home/airflow/.local/lib/python3.12/site-packages/airflow/example_dags/tutorial.py
[2024-10-28T13:35:13.794+0000] {logging_mixin.py:190} INFO - [2024-10-28T13:35:13.794+0000] {dag.py:3239} INFO - Sync 1 DAGs
[2024-10-28T13:35:13.812+0000] {logging_mixin.py:190} INFO - [2024-10-28T13:35:13.812+0000] {dag.py:4180} INFO - Setting next_dagrun for tutorial to 2024-10-27 00:00:00+00:00, run_after=2024-10-28 00:00:00+00:00
[2024-10-28T13:35:13.892+0000] {processor.py:208} INFO - Processing /home/airflow/.local/lib/python3.12/site-packages/airflow/example_dags/tutorial.py took 0.124 seconds
[2024-10-28T13:35:44.714+0000] {processor.py:186} INFO - Started process (PID=1408) to work on /home/airflow/.local/lib/python3.12/site-packages/airflow/example_dags/tutorial.py
[2024-10-28T13:35:44.715+0000] {processor.py:914} INFO - Processing file /home/airflow/.local/lib/python3.12/site-packages/airflow/example_dags/tutorial.py for tasks to queue
[2024-10-28T13:35:44.717+0000] {logging_mixin.py:190} INFO - [2024-10-28T13:35:44.716+0000] {dagbag.py:588} INFO - Filling up the DagBag from /home/airflow/.local/lib/python3.12/site-packages/airflow/example_dags/tutorial.py
[2024-10-28T13:35:44.722+0000] {processor.py:925} INFO - DAG(s) 'tutorial' retrieved from /home/airflow/.local/lib/python3.12/site-packages/airflow/example_dags/tutorial.py
[2024-10-28T13:35:44.735+0000] {logging_mixin.py:190} INFO - [2024-10-28T13:35:44.735+0000] {dag.py:3239} INFO - Sync 1 DAGs
[2024-10-28T13:35:44.752+0000] {logging_mixin.py:190} INFO - [2024-10-28T13:35:44.752+0000] {dag.py:4180} INFO - Setting next_dagrun for tutorial to 2024-10-27 00:00:00+00:00, run_after=2024-10-28 00:00:00+00:00
[2024-10-28T13:35:44.766+0000] {processor.py:208} INFO - Processing /home/airflow/.local/lib/python3.12/site-packages/airflow/example_dags/tutorial.py took 0.057 seconds
[2024-10-28T13:36:15.438+0000] {processor.py:186} INFO - Started process (PID=1471) to work on /home/airflow/.local/lib/python3.12/site-packages/airflow/example_dags/tutorial.py
[2024-10-28T13:36:15.439+0000] {processor.py:914} INFO - Processing file /home/airflow/.local/lib/python3.12/site-packages/airflow/example_dags/tutorial.py for tasks to queue
[2024-10-28T13:36:15.441+0000] {logging_mixin.py:190} INFO - [2024-10-28T13:36:15.440+0000] {dagbag.py:588} INFO - Filling up the DagBag from /home/airflow/.local/lib/python3.12/site-packages/airflow/example_dags/tutorial.py
[2024-10-28T13:36:15.446+0000] {processor.py:925} INFO - DAG(s) 'tutorial' retrieved from /home/airflow/.local/lib/python3.12/site-packages/airflow/example_dags/tutorial.py
[2024-10-28T13:36:15.460+0000] {logging_mixin.py:190} INFO - [2024-10-28T13:36:15.460+0000] {dag.py:3239} INFO - Sync 1 DAGs
[2024-10-28T13:36:15.475+0000] {logging_mixin.py:190} INFO - [2024-10-28T13:36:15.475+0000] {dag.py:4180} INFO - Setting next_dagrun for tutorial to 2024-10-27 00:00:00+00:00, run_after=2024-10-28 00:00:00+00:00
[2024-10-28T13:36:15.490+0000] {processor.py:208} INFO - Processing /home/airflow/.local/lib/python3.12/site-packages/airflow/example_dags/tutorial.py took 0.056 seconds
[2024-10-28T13:36:45.542+0000] {processor.py:186} INFO - Started process (PID=1534) to work on /home/airflow/.local/lib/python3.12/site-packages/airflow/example_dags/tutorial.py
[2024-10-28T13:36:45.543+0000] {processor.py:914} INFO - Processing file /home/airflow/.local/lib/python3.12/site-packages/airflow/example_dags/tutorial.py for tasks to queue
[2024-10-28T13:36:45.545+0000] {logging_mixin.py:190} INFO - [2024-10-28T13:36:45.545+0000] {dagbag.py:588} INFO - Filling up the DagBag from /home/airflow/.local/lib/python3.12/site-packages/airflow/example_dags/tutorial.py
[2024-10-28T13:36:45.550+0000] {processor.py:925} INFO - DAG(s) 'tutorial' retrieved from /home/airflow/.local/lib/python3.12/site-packages/airflow/example_dags/tutorial.py
[2024-10-28T13:36:45.565+0000] {logging_mixin.py:190} INFO - [2024-10-28T13:36:45.565+0000] {dag.py:3239} INFO - Sync 1 DAGs
[2024-10-28T13:36:45.582+0000] {logging_mixin.py:190} INFO - [2024-10-28T13:36:45.582+0000] {dag.py:4180} INFO - Setting next_dagrun for tutorial to 2024-10-27 00:00:00+00:00, run_after=2024-10-28 00:00:00+00:00
[2024-10-28T13:36:45.595+0000] {processor.py:208} INFO - Processing /home/airflow/.local/lib/python3.12/site-packages/airflow/example_dags/tutorial.py took 0.058 seconds
[2024-10-28T13:37:15.973+0000] {processor.py:186} INFO - Started process (PID=1597) to work on /home/airflow/.local/lib/python3.12/site-packages/airflow/example_dags/tutorial.py
[2024-10-28T13:37:15.974+0000] {processor.py:914} INFO - Processing file /home/airflow/.local/lib/python3.12/site-packages/airflow/example_dags/tutorial.py for tasks to queue
[2024-10-28T13:37:15.976+0000] {logging_mixin.py:190} INFO - [2024-10-28T13:37:15.976+0000] {dagbag.py:588} INFO - Filling up the DagBag from /home/airflow/.local/lib/python3.12/site-packages/airflow/example_dags/tutorial.py
[2024-10-28T13:37:15.982+0000] {processor.py:925} INFO - DAG(s) 'tutorial' retrieved from /home/airflow/.local/lib/python3.12/site-packages/airflow/example_dags/tutorial.py
[2024-10-28T13:37:15.995+0000] {logging_mixin.py:190} INFO - [2024-10-28T13:37:15.995+0000] {dag.py:3239} INFO - Sync 1 DAGs
[2024-10-28T13:37:16.010+0000] {logging_mixin.py:190} INFO - [2024-10-28T13:37:16.010+0000] {dag.py:4180} INFO - Setting next_dagrun for tutorial to 2024-10-27 00:00:00+00:00, run_after=2024-10-28 00:00:00+00:00
[2024-10-28T13:37:16.025+0000] {processor.py:208} INFO - Processing /home/airflow/.local/lib/python3.12/site-packages/airflow/example_dags/tutorial.py took 0.055 seconds
[2024-10-28T13:37:46.520+0000] {processor.py:186} INFO - Started process (PID=1660) to work on /home/airflow/.local/lib/python3.12/site-packages/airflow/example_dags/tutorial.py
[2024-10-28T13:37:46.521+0000] {processor.py:914} INFO - Processing file /home/airflow/.local/lib/python3.12/site-packages/airflow/example_dags/tutorial.py for tasks to queue
[2024-10-28T13:37:46.523+0000] {logging_mixin.py:190} INFO - [2024-10-28T13:37:46.523+0000] {dagbag.py:588} INFO - Filling up the DagBag from /home/airflow/.local/lib/python3.12/site-packages/airflow/example_dags/tutorial.py
[2024-10-28T13:37:46.529+0000] {processor.py:925} INFO - DAG(s) 'tutorial' retrieved from /home/airflow/.local/lib/python3.12/site-packages/airflow/example_dags/tutorial.py
[2024-10-28T13:37:46.543+0000] {logging_mixin.py:190} INFO - [2024-10-28T13:37:46.543+0000] {dag.py:3239} INFO - Sync 1 DAGs
[2024-10-28T13:37:46.560+0000] {logging_mixin.py:190} INFO - [2024-10-28T13:37:46.560+0000] {dag.py:4180} INFO - Setting next_dagrun for tutorial to 2024-10-27 00:00:00+00:00, run_after=2024-10-28 00:00:00+00:00
[2024-10-28T13:37:46.576+0000] {processor.py:208} INFO - Processing /home/airflow/.local/lib/python3.12/site-packages/airflow/example_dags/tutorial.py took 0.060 seconds
[2024-10-28T13:38:17.139+0000] {processor.py:186} INFO - Started process (PID=1723) to work on /home/airflow/.local/lib/python3.12/site-packages/airflow/example_dags/tutorial.py
[2024-10-28T13:38:17.140+0000] {processor.py:914} INFO - Processing file /home/airflow/.local/lib/python3.12/site-packages/airflow/example_dags/tutorial.py for tasks to queue
[2024-10-28T13:38:17.142+0000] {logging_mixin.py:190} INFO - [2024-10-28T13:38:17.142+0000] {dagbag.py:588} INFO - Filling up the DagBag from /home/airflow/.local/lib/python3.12/site-packages/airflow/example_dags/tutorial.py
[2024-10-28T13:38:17.148+0000] {processor.py:925} INFO - DAG(s) 'tutorial' retrieved from /home/airflow/.local/lib/python3.12/site-packages/airflow/example_dags/tutorial.py
[2024-10-28T13:38:17.161+0000] {logging_mixin.py:190} INFO - [2024-10-28T13:38:17.161+0000] {dag.py:3239} INFO - Sync 1 DAGs
[2024-10-28T13:38:17.177+0000] {logging_mixin.py:190} INFO - [2024-10-28T13:38:17.177+0000] {dag.py:4180} INFO - Setting next_dagrun for tutorial to 2024-10-27 00:00:00+00:00, run_after=2024-10-28 00:00:00+00:00
[2024-10-28T13:38:17.193+0000] {processor.py:208} INFO - Processing /home/airflow/.local/lib/python3.12/site-packages/airflow/example_dags/tutorial.py took 0.058 seconds
[2024-10-28T13:38:47.623+0000] {processor.py:186} INFO - Started process (PID=1786) to work on /home/airflow/.local/lib/python3.12/site-packages/airflow/example_dags/tutorial.py
[2024-10-28T13:38:47.624+0000] {processor.py:914} INFO - Processing file /home/airflow/.local/lib/python3.12/site-packages/airflow/example_dags/tutorial.py for tasks to queue
[2024-10-28T13:38:47.626+0000] {logging_mixin.py:190} INFO - [2024-10-28T13:38:47.626+0000] {dagbag.py:588} INFO - Filling up the DagBag from /home/airflow/.local/lib/python3.12/site-packages/airflow/example_dags/tutorial.py
[2024-10-28T13:38:47.632+0000] {processor.py:925} INFO - DAG(s) 'tutorial' retrieved from /home/airflow/.local/lib/python3.12/site-packages/airflow/example_dags/tutorial.py
[2024-10-28T13:38:47.646+0000] {logging_mixin.py:190} INFO - [2024-10-28T13:38:47.646+0000] {dag.py:3239} INFO - Sync 1 DAGs
[2024-10-28T13:38:47.662+0000] {logging_mixin.py:190} INFO - [2024-10-28T13:38:47.661+0000] {dag.py:4180} INFO - Setting next_dagrun for tutorial to 2024-10-27 00:00:00+00:00, run_after=2024-10-28 00:00:00+00:00
[2024-10-28T13:38:47.679+0000] {processor.py:208} INFO - Processing /home/airflow/.local/lib/python3.12/site-packages/airflow/example_dags/tutorial.py took 0.061 seconds
[2024-10-28T13:39:18.150+0000] {processor.py:186} INFO - Started process (PID=1849) to work on /home/airflow/.local/lib/python3.12/site-packages/airflow/example_dags/tutorial.py
[2024-10-28T13:39:18.151+0000] {processor.py:914} INFO - Processing file /home/airflow/.local/lib/python3.12/site-packages/airflow/example_dags/tutorial.py for tasks to queue
[2024-10-28T13:39:18.153+0000] {logging_mixin.py:190} INFO - [2024-10-28T13:39:18.153+0000] {dagbag.py:588} INFO - Filling up the DagBag from /home/airflow/.local/lib/python3.12/site-packages/airflow/example_dags/tutorial.py
[2024-10-28T13:39:18.160+0000] {processor.py:925} INFO - DAG(s) 'tutorial' retrieved from /home/airflow/.local/lib/python3.12/site-packages/airflow/example_dags/tutorial.py
[2024-10-28T13:39:18.173+0000] {logging_mixin.py:190} INFO - [2024-10-28T13:39:18.173+0000] {dag.py:3239} INFO - Sync 1 DAGs
[2024-10-28T13:39:18.189+0000] {logging_mixin.py:190} INFO - [2024-10-28T13:39:18.189+0000] {dag.py:4180} INFO - Setting next_dagrun for tutorial to 2024-10-27 00:00:00+00:00, run_after=2024-10-28 00:00:00+00:00
[2024-10-28T13:39:18.202+0000] {processor.py:208} INFO - Processing /home/airflow/.local/lib/python3.12/site-packages/airflow/example_dags/tutorial.py took 0.057 seconds
[2024-10-28T13:39:48.878+0000] {processor.py:186} INFO - Started process (PID=1912) to work on /home/airflow/.local/lib/python3.12/site-packages/airflow/example_dags/tutorial.py
[2024-10-28T13:39:48.879+0000] {processor.py:914} INFO - Processing file /home/airflow/.local/lib/python3.12/site-packages/airflow/example_dags/tutorial.py for tasks to queue
[2024-10-28T13:39:48.881+0000] {logging_mixin.py:190} INFO - [2024-10-28T13:39:48.880+0000] {dagbag.py:588} INFO - Filling up the DagBag from /home/airflow/.local/lib/python3.12/site-packages/airflow/example_dags/tutorial.py
[2024-10-28T13:39:48.888+0000] {processor.py:925} INFO - DAG(s) 'tutorial' retrieved from /home/airflow/.local/lib/python3.12/site-packages/airflow/example_dags/tutorial.py
[2024-10-28T13:39:48.904+0000] {logging_mixin.py:190} INFO - [2024-10-28T13:39:48.903+0000] {dag.py:3239} INFO - Sync 1 DAGs
[2024-10-28T13:39:48.924+0000] {logging_mixin.py:190} INFO - [2024-10-28T13:39:48.923+0000] {dag.py:4180} INFO - Setting next_dagrun for tutorial to 2024-10-27 00:00:00+00:00, run_after=2024-10-28 00:00:00+00:00
[2024-10-28T13:39:48.941+0000] {processor.py:208} INFO - Processing /home/airflow/.local/lib/python3.12/site-packages/airflow/example_dags/tutorial.py took 0.068 seconds
[2024-10-28T13:40:19.223+0000] {processor.py:186} INFO - Started process (PID=1975) to work on /home/airflow/.local/lib/python3.12/site-packages/airflow/example_dags/tutorial.py
[2024-10-28T13:40:19.225+0000] {processor.py:914} INFO - Processing file /home/airflow/.local/lib/python3.12/site-packages/airflow/example_dags/tutorial.py for tasks to queue
[2024-10-28T13:40:19.228+0000] {logging_mixin.py:190} INFO - [2024-10-28T13:40:19.228+0000] {dagbag.py:588} INFO - Filling up the DagBag from /home/airflow/.local/lib/python3.12/site-packages/airflow/example_dags/tutorial.py
[2024-10-28T13:40:19.238+0000] {processor.py:925} INFO - DAG(s) 'tutorial' retrieved from /home/airflow/.local/lib/python3.12/site-packages/airflow/example_dags/tutorial.py
[2024-10-28T13:40:19.256+0000] {logging_mixin.py:190} INFO - [2024-10-28T13:40:19.256+0000] {dag.py:3239} INFO - Sync 1 DAGs
[2024-10-28T13:40:19.273+0000] {logging_mixin.py:190} INFO - [2024-10-28T13:40:19.272+0000] {dag.py:4180} INFO - Setting next_dagrun for tutorial to 2024-10-27 00:00:00+00:00, run_after=2024-10-28 00:00:00+00:00
[2024-10-28T13:40:19.290+0000] {processor.py:208} INFO - Processing /home/airflow/.local/lib/python3.12/site-packages/airflow/example_dags/tutorial.py took 0.077 seconds
[2024-10-28T13:40:49.970+0000] {processor.py:186} INFO - Started process (PID=2038) to work on /home/airflow/.local/lib/python3.12/site-packages/airflow/example_dags/tutorial.py
[2024-10-28T13:40:49.970+0000] {processor.py:914} INFO - Processing file /home/airflow/.local/lib/python3.12/site-packages/airflow/example_dags/tutorial.py for tasks to queue
[2024-10-28T13:40:49.972+0000] {logging_mixin.py:190} INFO - [2024-10-28T13:40:49.972+0000] {dagbag.py:588} INFO - Filling up the DagBag from /home/airflow/.local/lib/python3.12/site-packages/airflow/example_dags/tutorial.py
[2024-10-28T13:40:49.978+0000] {processor.py:925} INFO - DAG(s) 'tutorial' retrieved from /home/airflow/.local/lib/python3.12/site-packages/airflow/example_dags/tutorial.py
[2024-10-28T13:40:49.992+0000] {logging_mixin.py:190} INFO - [2024-10-28T13:40:49.992+0000] {dag.py:3239} INFO - Sync 1 DAGs
[2024-10-28T13:40:50.014+0000] {logging_mixin.py:190} INFO - [2024-10-28T13:40:50.014+0000] {dag.py:4180} INFO - Setting next_dagrun for tutorial to 2024-10-27 00:00:00+00:00, run_after=2024-10-28 00:00:00+00:00
[2024-10-28T13:40:50.032+0000] {processor.py:208} INFO - Processing /home/airflow/.local/lib/python3.12/site-packages/airflow/example_dags/tutorial.py took 0.067 seconds
[2024-10-28T13:41:21.048+0000] {processor.py:186} INFO - Started process (PID=2101) to work on /home/airflow/.local/lib/python3.12/site-packages/airflow/example_dags/tutorial.py
[2024-10-28T13:41:21.049+0000] {processor.py:914} INFO - Processing file /home/airflow/.local/lib/python3.12/site-packages/airflow/example_dags/tutorial.py for tasks to queue
[2024-10-28T13:41:21.052+0000] {logging_mixin.py:190} INFO - [2024-10-28T13:41:21.051+0000] {dagbag.py:588} INFO - Filling up the DagBag from /home/airflow/.local/lib/python3.12/site-packages/airflow/example_dags/tutorial.py
[2024-10-28T13:41:21.058+0000] {processor.py:925} INFO - DAG(s) 'tutorial' retrieved from /home/airflow/.local/lib/python3.12/site-packages/airflow/example_dags/tutorial.py
[2024-10-28T13:41:21.072+0000] {logging_mixin.py:190} INFO - [2024-10-28T13:41:21.072+0000] {dag.py:3239} INFO - Sync 1 DAGs
[2024-10-28T13:41:21.090+0000] {logging_mixin.py:190} INFO - [2024-10-28T13:41:21.090+0000] {dag.py:4180} INFO - Setting next_dagrun for tutorial to 2024-10-27 00:00:00+00:00, run_after=2024-10-28 00:00:00+00:00
[2024-10-28T13:41:21.108+0000] {processor.py:208} INFO - Processing /home/airflow/.local/lib/python3.12/site-packages/airflow/example_dags/tutorial.py took 0.065 seconds
[2024-10-28T13:41:51.686+0000] {processor.py:186} INFO - Started process (PID=2164) to work on /home/airflow/.local/lib/python3.12/site-packages/airflow/example_dags/tutorial.py
[2024-10-28T13:41:51.687+0000] {processor.py:914} INFO - Processing file /home/airflow/.local/lib/python3.12/site-packages/airflow/example_dags/tutorial.py for tasks to queue
[2024-10-28T13:41:51.689+0000] {logging_mixin.py:190} INFO - [2024-10-28T13:41:51.689+0000] {dagbag.py:588} INFO - Filling up the DagBag from /home/airflow/.local/lib/python3.12/site-packages/airflow/example_dags/tutorial.py
[2024-10-28T13:41:51.695+0000] {processor.py:925} INFO - DAG(s) 'tutorial' retrieved from /home/airflow/.local/lib/python3.12/site-packages/airflow/example_dags/tutorial.py
[2024-10-28T13:41:51.710+0000] {logging_mixin.py:190} INFO - [2024-10-28T13:41:51.709+0000] {dag.py:3239} INFO - Sync 1 DAGs
[2024-10-28T13:41:51.727+0000] {logging_mixin.py:190} INFO - [2024-10-28T13:41:51.726+0000] {dag.py:4180} INFO - Setting next_dagrun for tutorial to 2024-10-27 00:00:00+00:00, run_after=2024-10-28 00:00:00+00:00
[2024-10-28T13:41:51.742+0000] {processor.py:208} INFO - Processing /home/airflow/.local/lib/python3.12/site-packages/airflow/example_dags/tutorial.py took 0.061 seconds
[2024-10-28T13:42:22.687+0000] {processor.py:186} INFO - Started process (PID=2227) to work on /home/airflow/.local/lib/python3.12/site-packages/airflow/example_dags/tutorial.py
[2024-10-28T13:42:22.688+0000] {processor.py:914} INFO - Processing file /home/airflow/.local/lib/python3.12/site-packages/airflow/example_dags/tutorial.py for tasks to queue
[2024-10-28T13:42:22.689+0000] {logging_mixin.py:190} INFO - [2024-10-28T13:42:22.689+0000] {dagbag.py:588} INFO - Filling up the DagBag from /home/airflow/.local/lib/python3.12/site-packages/airflow/example_dags/tutorial.py
[2024-10-28T13:42:22.695+0000] {processor.py:925} INFO - DAG(s) 'tutorial' retrieved from /home/airflow/.local/lib/python3.12/site-packages/airflow/example_dags/tutorial.py
[2024-10-28T13:42:22.709+0000] {logging_mixin.py:190} INFO - [2024-10-28T13:42:22.709+0000] {dag.py:3239} INFO - Sync 1 DAGs
[2024-10-28T13:42:22.727+0000] {logging_mixin.py:190} INFO - [2024-10-28T13:42:22.726+0000] {dag.py:4180} INFO - Setting next_dagrun for tutorial to 2024-10-27 00:00:00+00:00, run_after=2024-10-28 00:00:00+00:00
[2024-10-28T13:42:22.741+0000] {processor.py:208} INFO - Processing /home/airflow/.local/lib/python3.12/site-packages/airflow/example_dags/tutorial.py took 0.058 seconds
[2024-10-28T13:42:53.886+0000] {processor.py:186} INFO - Started process (PID=2289) to work on /home/airflow/.local/lib/python3.12/site-packages/airflow/example_dags/tutorial.py
[2024-10-28T13:42:53.887+0000] {processor.py:914} INFO - Processing file /home/airflow/.local/lib/python3.12/site-packages/airflow/example_dags/tutorial.py for tasks to queue
[2024-10-28T13:42:53.888+0000] {logging_mixin.py:190} INFO - [2024-10-28T13:42:53.888+0000] {dagbag.py:588} INFO - Filling up the DagBag from /home/airflow/.local/lib/python3.12/site-packages/airflow/example_dags/tutorial.py
[2024-10-28T13:42:53.895+0000] {processor.py:925} INFO - DAG(s) 'tutorial' retrieved from /home/airflow/.local/lib/python3.12/site-packages/airflow/example_dags/tutorial.py
[2024-10-28T13:42:53.910+0000] {logging_mixin.py:190} INFO - [2024-10-28T13:42:53.910+0000] {dag.py:3239} INFO - Sync 1 DAGs
[2024-10-28T13:42:53.926+0000] {logging_mixin.py:190} INFO - [2024-10-28T13:42:53.926+0000] {dag.py:4180} INFO - Setting next_dagrun for tutorial to 2024-10-27 00:00:00+00:00, run_after=2024-10-28 00:00:00+00:00
[2024-10-28T13:42:53.941+0000] {processor.py:208} INFO - Processing /home/airflow/.local/lib/python3.12/site-packages/airflow/example_dags/tutorial.py took 0.059 seconds
[2024-10-28T13:43:24.574+0000] {processor.py:186} INFO - Started process (PID=2351) to work on /home/airflow/.local/lib/python3.12/site-packages/airflow/example_dags/tutorial.py
[2024-10-28T13:43:24.575+0000] {processor.py:914} INFO - Processing file /home/airflow/.local/lib/python3.12/site-packages/airflow/example_dags/tutorial.py for tasks to queue
[2024-10-28T13:43:24.576+0000] {logging_mixin.py:190} INFO - [2024-10-28T13:43:24.576+0000] {dagbag.py:588} INFO - Filling up the DagBag from /home/airflow/.local/lib/python3.12/site-packages/airflow/example_dags/tutorial.py
[2024-10-28T13:43:24.582+0000] {processor.py:925} INFO - DAG(s) 'tutorial' retrieved from /home/airflow/.local/lib/python3.12/site-packages/airflow/example_dags/tutorial.py
[2024-10-28T13:43:24.597+0000] {logging_mixin.py:190} INFO - [2024-10-28T13:43:24.596+0000] {dag.py:3239} INFO - Sync 1 DAGs
[2024-10-28T13:43:24.613+0000] {logging_mixin.py:190} INFO - [2024-10-28T13:43:24.613+0000] {dag.py:4180} INFO - Setting next_dagrun for tutorial to 2024-10-27 00:00:00+00:00, run_after=2024-10-28 00:00:00+00:00
[2024-10-28T13:43:24.627+0000] {processor.py:208} INFO - Processing /home/airflow/.local/lib/python3.12/site-packages/airflow/example_dags/tutorial.py took 0.057 seconds
[2024-10-28T13:43:55.133+0000] {processor.py:186} INFO - Started process (PID=2413) to work on /home/airflow/.local/lib/python3.12/site-packages/airflow/example_dags/tutorial.py
[2024-10-28T13:43:55.134+0000] {processor.py:914} INFO - Processing file /home/airflow/.local/lib/python3.12/site-packages/airflow/example_dags/tutorial.py for tasks to queue
[2024-10-28T13:43:55.135+0000] {logging_mixin.py:190} INFO - [2024-10-28T13:43:55.135+0000] {dagbag.py:588} INFO - Filling up the DagBag from /home/airflow/.local/lib/python3.12/site-packages/airflow/example_dags/tutorial.py
[2024-10-28T13:43:55.142+0000] {processor.py:925} INFO - DAG(s) 'tutorial' retrieved from /home/airflow/.local/lib/python3.12/site-packages/airflow/example_dags/tutorial.py
[2024-10-28T13:43:55.161+0000] {logging_mixin.py:190} INFO - [2024-10-28T13:43:55.161+0000] {dag.py:3239} INFO - Sync 1 DAGs
[2024-10-28T13:43:55.180+0000] {logging_mixin.py:190} INFO - [2024-10-28T13:43:55.180+0000] {dag.py:4180} INFO - Setting next_dagrun for tutorial to 2024-10-27 00:00:00+00:00, run_after=2024-10-28 00:00:00+00:00
[2024-10-28T13:43:55.197+0000] {processor.py:208} INFO - Processing /home/airflow/.local/lib/python3.12/site-packages/airflow/example_dags/tutorial.py took 0.068 seconds
